Remap: 92.06 ms
Transform color: 14.44 ms
CAM#0: PART SEARCH: search_time:0.00 ms
Process time: 0.00 ms
Loop: count=0, trial=1, Duration=132872 ms
Remap: 74.84 ms
Transform color: 10.25 ms
CAM#0: PART SEARCH: search_time:0.00 ms
Process time: 0.00 ms
Loop: count=1, trial=1, Duration=104323 ms
Remap: 76.42 ms
Transform color: 11.62 ms
CAM#0: PART SEARCH: search_time:0.00 ms
Process time: 0.00 ms
Loop: count=2, trial=1, Duration=124040 ms
Remap: 14.63 ms
Transform color: 1.66 ms
CAM#0: PART SEARCH: search_time:0.00 ms
Process time: 0.00 ms
Loop: count=3, trial=1, Duration=49284 ms
Remap: 70.74 ms
Transform color: 10.35 ms
CAM#0: PART SEARCH: search_time:0.00 ms
Process time: 0.00 ms
Loop: count=4, trial=1, Duration=614751 ms
Remap: 82.72 ms
Transform color: 14.91 ms
CAM#0: PART SEARCH: search_time:0.00 ms
Process time: 0.00 ms
Loop: count=5, trial=1, Duration=102033 ms
Remap: 77.17 ms
Transform color: 13.00 ms
CAM#0: PART SEARCH: search_time:0.00 ms
Process time: 0.00 ms
Loop: count=6, trial=1, Duration=133305 ms
Remap: 87.72 ms
Transform color: 13.45 ms
CAM#0: PART SEARCH: search_time:0.00 ms
Process time: 0.00 ms
Loop: count=7, trial=1, Duration=104042 ms
Remap: 79.86 ms
Transform color: 18.67 ms
CAM#0: PART SEARCH: search_time:0.00 ms
Process time: 0.00 ms
Loop: count=8, trial=1, Duration=195378 ms
Remap: 85.04 ms
Transform color: 13.22 ms
CAM#0: PART SEARCH: search_time:0.00 ms
Process time: 0.00 ms
Loop: count=9, trial=1, Duration=101075 ms
Remap: 102.44 ms
Transform color: 2.80 ms
CAM#0: PART SEARCH: search_time:0.00 ms
Process time: 0.00 ms
Loop: count=10, trial=1, Duration=151486 ms
Remap: 78.63 ms
Transform color: 18.04 ms
CAM#0: PART SEARCH: search_time:0.00 ms
Process time: 0.00 ms
Loop: count=11, trial=1, Duration=401352 ms
Remap: 80.04 ms
Transform color: 14.69 ms
CAM#0: PART SEARCH: search_time:0.00 ms
Process time: 0.00 ms
Loop: count=12, trial=1, Duration=96918 ms
Remap: 8.00 ms
Transform color: 0.92 ms
CAM#0: PART SEARCH: search_time:0.00 ms
Process time: 0.00 ms
Loop: count=13, trial=1, Duration=10602 ms
Remap: 75.84 ms
Transform color: 17.21 ms
CAM#0: PART SEARCH: search_time:0.00 ms
Process time: 0.00 ms
Loop: count=14, trial=1, Duration=153252 ms
Remap: 82.87 ms
Transform color: 2.43 ms
CAM#0: PART SEARCH: search_time:0.00 ms
Process time: 0.00 ms
CAM#0: Using GLobal SEARCH ##############################################
CAM#0: GLOBAL SEARCH: search_time:0.00 ms
Loop: count=15, trial=1, Duration=357840 ms
Remap: 75.98 ms
Transform color: 15.76 ms
CAM#0: PART SEARCH: search_time:0.00 ms
Process time: 0.00 ms
Loop: count=16, trial=1, Duration=94496 ms
Remap: 80.92 ms
Transform color: 19.36 ms
CAM#0: PART SEARCH: search_time:0.00 ms
Process time: 0.00 ms
Loop: count=17, trial=1, Duration=103315 ms
Remap: 81.40 ms
Transform color: 17.66 ms
CAM#0: PART SEARCH: search_time:0.00 ms
Process time: 0.00 ms
Loop: count=18, trial=1, Duration=102378 ms
Remap: 75.36 ms
Transform color: 14.59 ms
CAM#0: PART SEARCH: search_time:0.00 ms
Process time: 0.00 ms
Loop: count=19, trial=1, Duration=93337 ms
Remap: 83.30 ms
Transform color: 1.19 ms
CAM#0: PART SEARCH: search_time:0.00 ms
Process time: 0.00 ms
Loop: count=20, trial=1, Duration=132627 ms
Remap: 81.91 ms
Transform color: 11.25 ms
CAM#0: PART SEARCH: search_time:0.00 ms
Process time: 0.00 ms
Loop: count=21, trial=1, Duration=174084 ms
Remap: 74.61 ms
Transform color: 14.51 ms
CAM#0: PART SEARCH: search_time:0.00 ms
Process time: 0.00 ms
Loop: count=22, trial=1, Duration=91590 ms
Remap: 77.02 ms
Transform color: 17.72 ms
CAM#0: PART SEARCH: search_time:0.00 ms
Process time: 0.00 ms
Loop: count=23, trial=1, Duration=97478 ms
Remap: 71.33 ms
Transform color: 13.35 ms
CAM#0: PART SEARCH: search_time:0.00 ms
Process time: 0.00 ms
Loop: count=24, trial=1, Duration=87778 ms
Remap: 81.61 ms
Transform color: 11.72 ms
CAM#0: PART SEARCH: search_time:0.00 ms
Process time: 0.00 ms
Loop: count=25, trial=1, Duration=102079 ms
Remap: 82.99 ms
Transform color: 15.91 ms
CAM#0: PART SEARCH: search_time:0.00 ms
Process time: 0.00 ms
Loop: count=26, trial=1, Duration=101954 ms
Remap: 80.88 ms
Transform color: 14.63 ms
CAM#0: PART SEARCH: search_time:0.00 ms
Process time: 0.00 ms
Loop: count=27, trial=1, Duration=98804 ms
Remap: 78.75 ms
Transform color: 7.90 ms
CAM#0: PART SEARCH: search_time:0.00 ms
Process time: 0.00 ms
Loop: count=28, trial=1, Duration=94394 ms
Remap: 86.00 ms
Transform color: 11.24 ms
CAM#0: PART SEARCH: search_time:0.00 ms
Process time: 0.00 ms
Loop: count=29, trial=1, Duration=99437 ms
Remap: 84.99 ms
Transform color: 17.53 ms
CAM#0: PART SEARCH: search_time:0.00 ms
Process time: 0.00 ms
Loop: count=30, trial=1, Duration=106281 ms
Remap: 83.11 ms
Transform color: 3.44 ms
CAM#0: PART SEARCH: search_time:0.00 ms
Process time: 0.00 ms
CAM#0: Using GLobal SEARCH ##############################################
CAM#0: GLOBAL SEARCH: search_time:0.00 ms
Loop: count=31, trial=1, Duration=105479 ms
Remap: 85.05 ms
Transform color: 16.36 ms
CAM#0: PART SEARCH: search_time:0.00 ms
Process time: 0.00 ms
Loop: count=32, trial=1, Duration=149130 ms
Remap: 76.71 ms
Transform color: 15.15 ms
CAM#0: PART SEARCH: search_time:0.00 ms
Process time: 0.00 ms
Loop: count=33, trial=1, Duration=251278 ms
Remap: 81.41 ms
Transform color: 14.22 ms
CAM#0: PART SEARCH: search_time:0.00 ms
Process time: 0.00 ms
Loop: count=34, trial=1, Duration=328463 ms
Remap: 20.35 ms
Transform color: 2.06 ms
CAM#0: PART SEARCH: search_time:0.00 ms
Process time: 0.00 ms
Loop: count=35, trial=1, Duration=50043 ms
Remap: 75.11 ms
Transform color: 15.08 ms
CAM#0: PART SEARCH: search_time:0.01 ms
Process time: 0.00 ms
Loop: count=36, trial=1, Duration=94173 ms
Remap: 82.11 ms
Transform color: 13.92 ms
CAM#0: PART SEARCH: search_time:0.00 ms
Process time: 0.00 ms
Loop: count=37, trial=1, Duration=98468 ms
Remap: 79.10 ms
Transform color: 16.11 ms
CAM#0: PART SEARCH: search_time:0.00 ms
Process time: 0.00 ms
Loop: count=38, trial=1, Duration=99301 ms
Remap: 80.52 ms
Transform color: 13.81 ms
CAM#0: PART SEARCH: search_time:0.00 ms
Process time: 0.00 ms
Loop: count=39, trial=1, Duration=96686 ms
Remap: 81.94 ms
Transform color: 16.98 ms
CAM#0: PART SEARCH: search_time:0.00 ms
Process time: 0.00 ms
Loop: count=40, trial=1, Duration=103100 ms
Remap: 85.37 ms
Transform color: 15.12 ms
CAM#0: PART SEARCH: search_time:0.00 ms
Process time: 0.00 ms
Loop: count=41, trial=1, Duration=103148 ms
Remap: 84.38 ms
Transform color: 18.38 ms
CAM#0: PART SEARCH: search_time:0.00 ms
Process time: 0.00 ms
Loop: count=42, trial=1, Duration=105320 ms
Remap: 79.95 ms
Transform color: 17.56 ms
CAM#0: PART SEARCH: search_time:0.00 ms
Process time: 0.00 ms
Loop: count=43, trial=1, Duration=100620 ms
Remap: 81.87 ms
Transform color: 12.87 ms
CAM#0: PART SEARCH: search_time:0.00 ms
Process time: 0.00 ms
Loop: count=44, trial=1, Duration=99037 ms
Remap: 139.03 ms
Transform color: 18.17 ms
CAM#0: PART SEARCH: search_time:0.00 ms
Process time: 0.00 ms
Loop: count=45, trial=1, Duration=215037 ms
Remap: 85.85 ms
Transform color: 15.87 ms
CAM#0: PART SEARCH: search_time:0.00 ms
Process time: 0.00 ms
Loop: count=46, trial=1, Duration=105448 ms
Remap: 83.19 ms
Transform color: 19.62 ms
CAM#0: PART SEARCH: search_time:0.00 ms
Process time: 0.00 ms
CAM#0: Using GLobal SEARCH ##############################################
CAM#0: GLOBAL SEARCH: search_time:0.00 ms
Loop: count=47, trial=1, Duration=105125 ms
Remap: 79.77 ms
Transform color: 13.88 ms
CAM#0: PART SEARCH: search_time:0.00 ms
Process time: 0.00 ms
Loop: count=48, trial=1, Duration=105525 ms
Remap: 78.34 ms
Transform color: 17.27 ms
CAM#0: PART SEARCH: search_time:0.00 ms
Process time: 0.00 ms
Loop: count=49, trial=1, Duration=98609 ms
Remap: 76.09 ms
Transform color: 17.72 ms
CAM#0: PART SEARCH: search_time:0.00 ms
Process time: 0.00 ms
Loop: count=50, trial=1, Duration=98080 ms
Remap: 77.22 ms
Transform color: 12.89 ms
CAM#0: PART SEARCH: search_time:0.00 ms
Process time: 0.00 ms
Loop: count=51, trial=1, Duration=92489 ms
Remap: 80.36 ms
Transform color: 11.85 ms
CAM#0: PART SEARCH: search_time:0.00 ms
Process time: 0.00 ms
Loop: count=52, trial=1, Duration=151062 ms
Remap: 85.04 ms
Transform color: 11.46 ms
CAM#0: PART SEARCH: search_time:0.00 ms
Process time: 0.00 ms
Loop: count=53, trial=1, Duration=99242 ms
Remap: 78.53 ms
Transform color: 19.26 ms
CAM#0: PART SEARCH: search_time:0.00 ms
Process time: 0.00 ms
Loop: count=54, trial=1, Duration=136480 ms
Remap: 81.56 ms
Transform color: 13.26 ms
CAM#0: PART SEARCH: search_time:0.00 ms
Process time: 0.00 ms
Loop: count=55, trial=1, Duration=127837 ms
Remap: 281.80 ms
Transform color: 4.75 ms
CAM#0: PART SEARCH: search_time:0.01 ms
Process time: 0.00 ms
Loop: count=56, trial=1, Duration=289599 ms
Remap: 90.08 ms
Transform color: 12.93 ms
CAM#0: PART SEARCH: search_time:0.00 ms
Process time: 0.00 ms
Loop: count=57, trial=1, Duration=115926 ms
Remap: 87.41 ms
Transform color: 15.90 ms
CAM#0: PART SEARCH: search_time:0.00 ms
Process time: 0.00 ms
Loop: count=58, trial=1, Duration=106938 ms
Remap: 86.19 ms
Transform color: 7.65 ms
CAM#0: PART SEARCH: search_time:0.00 ms
Process time: 0.00 ms
Loop: count=59, trial=1, Duration=97727 ms
Remap: 85.06 ms
Transform color: 2.74 ms
CAM#0: PART SEARCH: search_time:0.00 ms
Process time: 0.00 ms
Loop: count=60, trial=1, Duration=90294 ms
Remap: 119.49 ms
Transform color: 2.94 ms
CAM#0: PART SEARCH: search_time:0.00 ms
Process time: 0.00 ms
Loop: count=61, trial=1, Duration=145224 ms
Remap: 87.56 ms
Transform color: 12.32 ms
CAM#0: PART SEARCH: search_time:0.00 ms
Process time: 0.00 ms
Loop: count=62, trial=1, Duration=102788 ms
Remap: 88.51 ms
Transform color: 16.98 ms
CAM#0: PART SEARCH: search_time:0.00 ms
Process time: 0.00 ms
CAM#0: Using GLobal SEARCH ##############################################
CAM#0: GLOBAL SEARCH: search_time:0.00 ms
Loop: count=63, trial=1, Duration=109044 ms
Remap: 85.36 ms
Transform color: 14.60 ms
CAM#0: PART SEARCH: search_time:0.00 ms
Process time: 0.00 ms
Loop: count=64, trial=1, Duration=103198 ms
Remap: 80.01 ms
Transform color: 16.29 ms
CAM#0: PART SEARCH: search_time:0.00 ms
Process time: 0.00 ms
Loop: count=65, trial=1, Duration=100400 ms
Remap: 75.49 ms
Transform color: 16.96 ms
CAM#0: PART SEARCH: search_time:0.00 ms
Process time: 0.00 ms
Loop: count=66, trial=1, Duration=95286 ms
Remap: 88.89 ms
Transform color: 15.74 ms
CAM#0: PART SEARCH: search_time:0.00 ms
Process time: 0.00 ms
Loop: count=67, trial=1, Duration=166654 ms
Remap: 83.58 ms
Transform color: 18.39 ms
CAM#0: PART SEARCH: search_time:0.00 ms
Process time: 0.00 ms
Loop: count=68, trial=1, Duration=104375 ms
Remap: 87.64 ms
Transform color: 13.69 ms
CAM#0: PART SEARCH: search_time:0.00 ms
Process time: 0.00 ms
Loop: count=69, trial=1, Duration=123571 ms
Remap: 85.53 ms
Transform color: 17.23 ms
CAM#0: PART SEARCH: search_time:0.01 ms
Process time: 0.00 ms
Loop: count=70, trial=1, Duration=106881 ms
Remap: 83.57 ms
Transform color: 16.95 ms
CAM#0: PART SEARCH: search_time:0.00 ms
Process time: 0.00 ms
Loop: count=71, trial=1, Duration=103553 ms
Remap: 78.31 ms
Transform color: 15.37 ms
CAM#0: PART SEARCH: search_time:0.00 ms
Process time: 0.00 ms
Loop: count=72, trial=1, Duration=105246 ms
Remap: 82.31 ms
Transform color: 17.68 ms
CAM#0: PART SEARCH: search_time:0.00 ms
Process time: 0.00 ms
Loop: count=73, trial=1, Duration=126308 ms
Remap: 85.66 ms
Transform color: 13.80 ms
CAM#0: PART SEARCH: search_time:0.00 ms
Process time: 0.00 ms
Loop: count=74, trial=1, Duration=127906 ms
Remap: 80.50 ms
Transform color: 14.16 ms
CAM#0: PART SEARCH: search_time:0.00 ms
Process time: 0.00 ms
Loop: count=75, trial=1, Duration=120830 ms
Remap: 85.06 ms
Transform color: 16.19 ms
CAM#0: PART SEARCH: search_time:0.00 ms
Process time: 0.00 ms
Loop: count=76, trial=1, Duration=344347 ms
Remap: 86.74 ms
Transform color: 17.63 ms
CAM#0: PART SEARCH: search_time:0.00 ms
Process time: 0.00 ms
Loop: count=77, trial=1, Duration=108461 ms
Remap: 83.46 ms
Transform color: 20.59 ms
CAM#0: PART SEARCH: search_time:0.00 ms
Process time: 0.00 ms
Loop: count=78, trial=1, Duration=107918 ms
Remap: 92.51 ms
Transform color: 15.05 ms
CAM#0: PART SEARCH: search_time:0.00 ms
Process time: 0.00 ms
CAM#0: Using GLobal SEARCH ##############################################
CAM#0: GLOBAL SEARCH: search_time:0.00 ms
Loop: count=79, trial=1, Duration=110908 ms
Remap: 86.34 ms
Transform color: 20.22 ms
CAM#0: PART SEARCH: search_time:0.00 ms
Process time: 0.00 ms
Loop: count=80, trial=1, Duration=109903 ms
Remap: 82.50 ms
Transform color: 13.33 ms
CAM#0: PART SEARCH: search_time:0.00 ms
Process time: 0.00 ms
Loop: count=81, trial=1, Duration=98798 ms
Remap: 81.45 ms
Transform color: 17.98 ms
CAM#0: PART SEARCH: search_time:0.00 ms
Process time: 0.00 ms
Loop: count=82, trial=1, Duration=103020 ms
Remap: 85.74 ms
Transform color: 16.50 ms
CAM#0: PART SEARCH: search_time:0.01 ms
Process time: 0.00 ms
Loop: count=83, trial=1, Duration=254506 ms
Remap: 128.49 ms
Transform color: 15.28 ms
CAM#0: PART SEARCH: search_time:0.00 ms
Process time: 0.00 ms
Loop: count=84, trial=1, Duration=147941 ms
Remap: 85.98 ms
Transform color: 15.40 ms
CAM#0: PART SEARCH: search_time:0.00 ms
Process time: 0.00 ms
Loop: count=85, trial=1, Duration=104241 ms
Remap: 90.93 ms
Transform color: 17.29 ms
CAM#0: PART SEARCH: search_time:0.00 ms
Process time: 0.00 ms
Loop: count=86, trial=1, Duration=112381 ms
Remap: 84.65 ms
Transform color: 11.32 ms
CAM#0: PART SEARCH: search_time:0.00 ms
Process time: 0.00 ms
Loop: count=87, trial=1, Duration=99417 ms
Remap: 31.29 ms
Transform color: 5.38 ms
CAM#0: PART SEARCH: search_time:0.00 ms
Process time: 0.00 ms
Loop: count=88, trial=1, Duration=47104 ms
Remap: 83.38 ms
Transform color: 76.80 ms
CAM#0: PART SEARCH: search_time:0.00 ms
Process time: 0.00 ms
Loop: count=89, trial=1, Duration=163092 ms
Remap: 119.74 ms
Transform color: 1.83 ms
CAM#0: PART SEARCH: search_time:0.00 ms
Process time: 0.00 ms
Loop: count=90, trial=1, Duration=128598 ms
Remap: 90.06 ms
Transform color: 13.17 ms
CAM#0: PART SEARCH: search_time:0.00 ms
Process time: 0.00 ms
Loop: count=91, trial=1, Duration=107329 ms
Remap: 86.46 ms
Transform color: 18.47 ms
CAM#0: PART SEARCH: search_time:0.00 ms
Process time: 0.00 ms
Loop: count=92, trial=1, Duration=138888 ms
Remap: 120.22 ms
Transform color: 16.26 ms
CAM#0: PART SEARCH: search_time:0.00 ms
Process time: 0.00 ms
Loop: count=93, trial=1, Duration=314230 ms
Remap: 85.14 ms
Transform color: 16.42 ms
CAM#0: PART SEARCH: search_time:0.00 ms
Process time: 0.00 ms
Loop: count=94, trial=1, Duration=184862 ms
Remap: 90.37 ms
Transform color: 19.19 ms
CAM#0: PART SEARCH: search_time:0.00 ms
Process time: 0.00 ms
CAM#0: Using GLobal SEARCH ##############################################
CAM#0: GLOBAL SEARCH: search_time:0.00 ms
Loop: count=95, trial=1, Duration=113125 ms
Remap: 84.16 ms
Transform color: 16.48 ms
CAM#0: PART SEARCH: search_time:0.00 ms
Process time: 0.00 ms
Loop: count=96, trial=1, Duration=104140 ms
Remap: 86.61 ms
Transform color: 13.86 ms
CAM#0: PART SEARCH: search_time:0.00 ms
Process time: 0.00 ms
Loop: count=97, trial=1, Duration=104627 ms
Remap: 82.88 ms
Transform color: 16.84 ms
CAM#0: PART SEARCH: search_time:0.00 ms
Process time: 0.00 ms
Loop: count=98, trial=1, Duration=102519 ms
Remap: 87.42 ms
Transform color: 11.51 ms
CAM#0: PART SEARCH: search_time:0.00 ms
Process time: 0.00 ms
Loop: count=99, trial=1, Duration=102253 ms
Remap: 81.40 ms
Transform color: 19.21 ms
CAM#0: PART SEARCH: search_time:0.00 ms
Process time: 0.00 ms
Loop: count=100, trial=1, Duration=105395 ms
Remap: 81.19 ms
Transform color: 17.33 ms
CAM#0: PART SEARCH: search_time:0.01 ms
Process time: 0.00 ms
Loop: count=101, trial=1, Duration=191792 ms
Remap: 85.07 ms
Transform color: 14.51 ms
CAM#0: PART SEARCH: search_time:0.00 ms
Process time: 0.00 ms
Loop: count=102, trial=1, Duration=102142 ms
Remap: 80.39 ms
Transform color: 5.45 ms
CAM#0: PART SEARCH: search_time:0.00 ms
Process time: 0.00 ms
Loop: count=103, trial=1, Duration=190035 ms
Remap: 99.80 ms
Transform color: 292.81 ms
CAM#0: PART SEARCH: search_time:0.00 ms
Process time: 0.00 ms
Loop: count=104, trial=1, Duration=400514 ms
Remap: 55.78 ms
Transform color: 4.48 ms
CAM#0: PART SEARCH: search_time:0.00 ms
Process time: 0.00 ms
Loop: count=105, trial=1, Duration=62554 ms
Remap: 400.90 ms
Transform color: 2.71 ms
CAM#0: PART SEARCH: search_time:0.01 ms
Process time: 0.00 ms
Loop: count=106, trial=1, Duration=410316 ms
Remap: 81.82 ms
Transform color: 6.80 ms
CAM#0: PART SEARCH: search_time:0.01 ms
Process time: 0.00 ms
Loop: count=107, trial=1, Duration=97400 ms
Remap: 80.58 ms
Transform color: 9.86 ms
CAM#0: PART SEARCH: search_time:0.00 ms
Process time: 0.00 ms
Loop: count=108, trial=1, Duration=93141 ms
Remap: 78.08 ms
Transform color: 5.98 ms
CAM#0: PART SEARCH: search_time:0.01 ms
Process time: 0.00 ms
Loop: count=109, trial=1, Duration=87992 ms
Remap: 83.52 ms
Transform color: 9.48 ms
CAM#0: PART SEARCH: search_time:0.00 ms
Process time: 0.00 ms
Loop: count=110, trial=1, Duration=145204 ms
Remap: 90.05 ms
Transform color: 4.79 ms
CAM#0: PART SEARCH: search_time:0.00 ms
Process time: 0.00 ms
CAM#0: Using GLobal SEARCH ##############################################
CAM#0: GLOBAL SEARCH: search_time:0.00 ms
Loop: count=111, trial=1, Duration=97600 ms
Remap: 110.85 ms
Transform color: 5.34 ms
CAM#0: PART SEARCH: search_time:0.00 ms
Process time: 0.00 ms
Loop: count=112, trial=1, Duration=118285 ms
Remap: 84.31 ms
Transform color: 4.51 ms
CAM#0: PART SEARCH: search_time:0.00 ms
Process time: 0.00 ms
Loop: count=113, trial=1, Duration=91345 ms
Remap: 80.13 ms
Transform color: 4.03 ms
CAM#0: PART SEARCH: search_time:0.00 ms
Process time: 0.00 ms
Loop: count=114, trial=1, Duration=86056 ms
Remap: 87.56 ms
Transform color: 5.36 ms
CAM#0: PART SEARCH: search_time:0.00 ms
Process time: 0.00 ms
Loop: count=115, trial=1, Duration=95522 ms
Remap: 90.81 ms
Transform color: 6.56 ms
CAM#0: PART SEARCH: search_time:0.00 ms
Process time: 0.00 ms
Loop: count=116, trial=1, Duration=99536 ms
Remap: 83.40 ms
Transform color: 5.35 ms
CAM#0: PART SEARCH: search_time:0.00 ms
Process time: 0.00 ms
Loop: count=117, trial=1, Duration=91431 ms
Remap: 87.54 ms
Transform color: 4.04 ms
CAM#0: PART SEARCH: search_time:0.00 ms
Process time: 0.00 ms
Loop: count=118, trial=1, Duration=93630 ms
Remap: 85.89 ms
Transform color: 4.98 ms
CAM#0: PART SEARCH: search_time:0.00 ms
Process time: 0.00 ms
Loop: count=119, trial=1, Duration=93195 ms
Remap: 28.40 ms
Transform color: 3.50 ms
CAM#0: PART SEARCH: search_time:0.00 ms
Process time: 0.00 ms
CAM 0: -2147483648Hz
Loop: count=120, trial=1, Duration=34016 ms
Remap: 84.55 ms
Transform color: 50.03 ms
CAM#0: PART SEARCH: search_time:0.00 ms
Process time: 0.00 ms
Loop: count=121, trial=1, Duration=137270 ms
Remap: 110.07 ms
Transform color: 5.60 ms
CAM#0: PART SEARCH: search_time:0.01 ms
Process time: 0.00 ms
Loop: count=122, trial=1, Duration=118877 ms
Remap: 135.31 ms
Transform color: 6.75 ms
CAM#0: PART SEARCH: search_time:0.01 ms
Process time: 0.00 ms
Loop: count=123, trial=1, Duration=393549 ms
Remap: 262.67 ms
Transform color: 59.61 ms
CAM#0: PART SEARCH: search_time:0.00 ms
Process time: 0.00 ms
Loop: count=124, trial=1, Duration=324946 ms
Remap: 85.84 ms
Transform color: 5.55 ms
CAM#0: PART SEARCH: search_time:0.00 ms
Process time: 0.00 ms
Loop: count=125, trial=1, Duration=94928 ms
Remap: 78.24 ms
Transform color: 5.76 ms
CAM#0: PART SEARCH: search_time:0.00 ms
Process time: 0.00 ms
Loop: count=126, trial=1, Duration=87209 ms
Remap: 67.51 ms
Transform color: 3.63 ms
CAM#0: PART SEARCH: search_time:0.00 ms
Process time: 0.00 ms
CAM#0: Using GLobal SEARCH ##############################################
CAM#0: GLOBAL SEARCH: search_time:0.00 ms
Loop: count=127, trial=1, Duration=179946 ms
Remap: 201.23 ms
Transform color: 2.39 ms
CAM#0: PART SEARCH: search_time:0.00 ms
Process time: 0.00 ms
Loop: count=128, trial=1, Duration=252006 ms
Remap: 90.67 ms
Transform color: 4.34 ms
CAM#0: PART SEARCH: search_time:0.00 ms
Process time: 0.00 ms
Loop: count=129, trial=1, Duration=97425 ms
Remap: 85.46 ms
Transform color: 5.72 ms
CAM#0: PART SEARCH: search_time:0.00 ms
Process time: 0.00 ms
Loop: count=130, trial=1, Duration=229534 ms
Remap: 318.03 ms
Transform color: 3.77 ms
CAM#0: PART SEARCH: search_time:0.00 ms
Process time: 0.00 ms
Loop: count=131, trial=1, Duration=570740 ms
Remap: 75.59 ms
Transform color: 5.98 ms
CAM#0: PART SEARCH: search_time:0.00 ms
Process time: 0.00 ms
Loop: count=132, trial=1, Duration=84268 ms
Remap: 76.20 ms
Transform color: 6.69 ms
CAM#0: PART SEARCH: search_time:0.00 ms
Process time: 0.00 ms
Loop: count=133, trial=1, Duration=122228 ms
Remap: 81.42 ms
Transform color: 6.23 ms
CAM#0: PART SEARCH: search_time:0.01 ms
Process time: 0.00 ms
Loop: count=134, trial=1, Duration=90244 ms
Remap: 87.31 ms
Transform color: 11.68 ms
CAM#0: PART SEARCH: search_time:0.00 ms
Process time: 0.00 ms
Loop: count=135, trial=1, Duration=101310 ms
Remap: 85.37 ms
Transform color: 6.24 ms
CAM#0: PART SEARCH: search_time:0.00 ms
Process time: 0.00 ms
Loop: count=136, trial=1, Duration=94085 ms
Remap: 81.52 ms
Transform color: 4.89 ms
CAM#0: PART SEARCH: search_time:0.00 ms
Process time: 0.00 ms
Loop: count=137, trial=1, Duration=357150 ms
Remap: 82.14 ms
Transform color: 8.53 ms
CAM#0: PART SEARCH: search_time:0.00 ms
Process time: 0.00 ms
Loop: count=138, trial=1, Duration=95174 ms
Remap: 76.78 ms
Transform color: 9.88 ms
CAM#0: PART SEARCH: search_time:0.00 ms
Process time: 0.00 ms
Loop: count=139, trial=1, Duration=90116 ms
Remap: 81.91 ms
Transform color: 5.45 ms
CAM#0: PART SEARCH: search_time:0.00 ms
Process time: 0.00 ms
Loop: count=140, trial=1, Duration=91489 ms
Remap: 86.22 ms
Transform color: 7.63 ms
CAM#0: PART SEARCH: search_time:0.00 ms
Process time: 0.00 ms
Loop: count=141, trial=1, Duration=98037 ms
Remap: 83.23 ms
Transform color: 5.02 ms
CAM#0: PART SEARCH: search_time:0.00 ms
Process time: 0.00 ms
Loop: count=142, trial=1, Duration=185132 ms
Remap: 82.56 ms
Transform color: 5.07 ms
CAM#0: PART SEARCH: search_time:0.00 ms
Process time: 0.00 ms
CAM#0: Using GLobal SEARCH ##############################################
CAM#0: GLOBAL SEARCH: search_time:0.00 ms
Loop: count=143, trial=1, Duration=111256 ms
Remap: 85.96 ms
Transform color: 6.60 ms
CAM#0: PART SEARCH: search_time:0.00 ms
Process time: 0.00 ms
Loop: count=144, trial=1, Duration=95537 ms
Remap: 82.66 ms
Transform color: 4.72 ms
CAM#0: PART SEARCH: search_time:0.00 ms
Process time: 0.00 ms
Loop: count=145, trial=1, Duration=89342 ms
Remap: 62.65 ms
Transform color: 7.88 ms
CAM#0: PART SEARCH: search_time:0.00 ms
Process time: 0.00 ms
Loop: count=146, trial=1, Duration=73133 ms
Remap: 80.92 ms
Transform color: 5.59 ms
CAM#0: PART SEARCH: search_time:0.00 ms
Process time: 0.00 ms
Loop: count=147, trial=1, Duration=149876 ms
Remap: 114.32 ms
Transform color: 2.43 ms
CAM#0: PART SEARCH: search_time:0.00 ms
Process time: 0.00 ms
Loop: count=148, trial=1, Duration=122418 ms
Remap: 89.78 ms
Transform color: 4.90 ms
CAM#0: PART SEARCH: search_time:0.00 ms
Process time: 0.00 ms
Loop: count=149, trial=1, Duration=97349 ms
Remap: 88.06 ms
Transform color: 5.50 ms
CAM#0: PART SEARCH: search_time:0.00 ms
Process time: 0.00 ms
Loop: count=150, trial=1, Duration=96721 ms
Remap: 81.42 ms
Transform color: 5.56 ms
CAM#0: PART SEARCH: search_time:0.00 ms
Process time: 0.00 ms
Loop: count=151, trial=1, Duration=470114 ms
Remap: 149.71 ms
Transform color: 3.66 ms
CAM#0: PART SEARCH: search_time:0.00 ms
Process time: 0.00 ms
Loop: count=152, trial=1, Duration=242582 ms
Remap: 229.32 ms
Transform color: 4.55 ms
CAM#0: PART SEARCH: search_time:0.00 ms
Process time: 0.00 ms
Loop: count=153, trial=1, Duration=348664 ms
Remap: 83.46 ms
Transform color: 5.81 ms
CAM#0: PART SEARCH: search_time:0.00 ms
Process time: 0.00 ms
Loop: count=154, trial=1, Duration=103437 ms
Remap: 75.10 ms
Transform color: 9.43 ms
CAM#0: PART SEARCH: search_time:0.00 ms
Process time: 0.00 ms
Loop: count=155, trial=1, Duration=87064 ms
Remap: 77.55 ms
Transform color: 12.93 ms
CAM#0: PART SEARCH: search_time:0.01 ms
Process time: 0.00 ms
Loop: count=156, trial=1, Duration=94486 ms
Remap: 78.39 ms
Transform color: 10.21 ms
CAM#0: PART SEARCH: search_time:0.00 ms
Process time: 0.00 ms
Loop: count=157, trial=1, Duration=93776 ms
Remap: 58.51 ms
Transform color: 4.06 ms
CAM#0: PART SEARCH: search_time:0.00 ms
Process time: 0.00 ms
Loop: count=158, trial=1, Duration=65246 ms
Remap: 81.23 ms
Transform color: 4.15 ms
CAM#0: PART SEARCH: search_time:0.00 ms
Process time: 0.00 ms
CAM#0: Using GLobal SEARCH ##############################################
CAM#0: GLOBAL SEARCH: search_time:0.00 ms
Loop: count=159, trial=1, Duration=87549 ms
Remap: 87.24 ms
Transform color: 4.44 ms
CAM#0: PART SEARCH: search_time:0.00 ms
Process time: 0.00 ms
Loop: count=160, trial=1, Duration=93764 ms
Remap: 84.32 ms
Transform color: 4.77 ms
CAM#0: PART SEARCH: search_time:0.00 ms
Process time: 0.00 ms
Loop: count=161, trial=1, Duration=91670 ms
Remap: 146.01 ms
Transform color: 4.45 ms
CAM#0: PART SEARCH: search_time:0.01 ms
Process time: 0.00 ms
Loop: count=162, trial=1, Duration=250908 ms
Remap: 91.74 ms
Transform color: 5.22 ms
CAM#0: PART SEARCH: search_time:0.00 ms
Process time: 0.00 ms
Loop: count=163, trial=1, Duration=185155 ms
Remap: 79.02 ms
Transform color: 4.09 ms
CAM#0: PART SEARCH: search_time:0.00 ms
Process time: 0.00 ms
Loop: count=164, trial=1, Duration=97711 ms
Remap: 74.35 ms
Transform color: 10.60 ms
CAM#0: PART SEARCH: search_time:0.00 ms
Process time: 0.00 ms
Loop: count=165, trial=1, Duration=87622 ms
Remap: 74.72 ms
Transform color: 3.75 ms
CAM#0: PART SEARCH: search_time:0.00 ms
Process time: 0.00 ms
Loop: count=166, trial=1, Duration=89826 ms
Remap: 24.96 ms
Transform color: 4.78 ms
CAM#0: PART SEARCH: search_time:0.00 ms
Process time: 0.00 ms
Loop: count=167, trial=1, Duration=149915 ms
Remap: 86.08 ms
Transform color: 7.28 ms
CAM#0: PART SEARCH: search_time:0.00 ms
Process time: 0.00 ms
Loop: count=168, trial=1, Duration=96143 ms
Remap: 84.34 ms
Transform color: 5.55 ms
CAM#0: PART SEARCH: search_time:0.00 ms
Process time: 0.00 ms
Loop: count=169, trial=1, Duration=92138 ms
Remap: 84.01 ms
Transform color: 5.30 ms
CAM#0: PART SEARCH: search_time:0.00 ms
Process time: 0.00 ms
Loop: count=170, trial=1, Duration=91818 ms
Remap: 87.43 ms
Transform color: 4.41 ms
CAM#0: PART SEARCH: search_time:0.00 ms
Process time: 0.00 ms
Loop: count=171, trial=1, Duration=144669 ms
Remap: 78.93 ms
Transform color: 7.34 ms
CAM#0: PART SEARCH: search_time:0.00 ms
Process time: 0.00 ms
Loop: count=172, trial=1, Duration=196486 ms
Remap: 84.10 ms
Transform color: 4.09 ms
CAM#0: PART SEARCH: search_time:0.00 ms
Process time: 0.00 ms
Loop: count=173, trial=1, Duration=90519 ms
Remap: 86.12 ms
Transform color: 5.09 ms
CAM#0: PART SEARCH: search_time:0.00 ms
Process time: 0.00 ms
Loop: count=174, trial=1, Duration=93891 ms
Remap: 62.98 ms
Transform color: 1.24 ms
CAM#0: PART SEARCH: search_time:0.00 ms
Process time: 0.00 ms
CAM#0: Using GLobal SEARCH ##############################################
CAM#0: GLOBAL SEARCH: search_time:0.00 ms
Loop: count=175, trial=1, Duration=70616 ms
Remap: 150.66 ms
Transform color: 133.81 ms
CAM#0: PART SEARCH: search_time:0.00 ms
Process time: 0.00 ms
Loop: count=176, trial=1, Duration=383155 ms
Remap: 83.26 ms
Transform color: 5.67 ms
CAM#0: PART SEARCH: search_time:0.00 ms
Process time: 0.00 ms
Loop: count=177, trial=1, Duration=91506 ms
Remap: 85.14 ms
Transform color: 4.22 ms
CAM#0: PART SEARCH: search_time:0.00 ms
Process time: 0.00 ms
Loop: count=178, trial=1, Duration=123080 ms
Remap: 82.44 ms
Transform color: 4.91 ms
CAM#0: PART SEARCH: search_time:0.00 ms
Process time: 0.00 ms
Loop: count=179, trial=1, Duration=157487 ms
Remap: 102.71 ms
Transform color: 47.60 ms
CAM#0: PART SEARCH: search_time:0.01 ms
Process time: 0.00 ms
Loop: count=180, trial=1, Duration=201985 ms
Remap: 69.91 ms
Transform color: 4.23 ms
CAM#0: PART SEARCH: search_time:0.00 ms
Process time: 0.00 ms
Loop: count=181, trial=1, Duration=129930 ms
Remap: 81.37 ms
Transform color: 4.59 ms
CAM#0: PART SEARCH: search_time:0.00 ms
Process time: 0.00 ms
Loop: count=182, trial=1, Duration=100056 ms
Remap: 80.99 ms
Transform color: 9.05 ms
CAM#0: PART SEARCH: search_time:0.00 ms
Process time: 0.00 ms
Loop: count=183, trial=1, Duration=92555 ms
Remap: 82.47 ms
Transform color: 7.46 ms
CAM#0: PART SEARCH: search_time:0.00 ms
Process time: 0.00 ms
Loop: count=184, trial=1, Duration=93516 ms
Remap: 88.95 ms
Transform color: 5.86 ms
CAM#0: PART SEARCH: search_time:0.00 ms
Process time: 0.00 ms
Loop: count=185, trial=1, Duration=97554 ms
Remap: 75.05 ms
Transform color: 5.60 ms
CAM#0: PART SEARCH: search_time:0.00 ms
Process time: 0.00 ms
Loop: count=186, trial=1, Duration=145075 ms
Remap: 75.77 ms
Transform color: 11.80 ms
CAM#0: PART SEARCH: search_time:0.00 ms
Process time: 0.00 ms
Loop: count=187, trial=1, Duration=90716 ms
Remap: 92.93 ms
Transform color: 5.73 ms
CAM#0: PART SEARCH: search_time:0.00 ms
Process time: 0.00 ms
Loop: count=188, trial=1, Duration=101274 ms
Remap: 82.85 ms
Transform color: 6.86 ms
CAM#0: PART SEARCH: search_time:0.00 ms
Process time: 0.00 ms
Loop: count=189, trial=1, Duration=92400 ms
Remap: 70.63 ms
Transform color: 3.12 ms
CAM#0: PART SEARCH: search_time:0.00 ms
Process time: 0.00 ms
Loop: count=190, trial=1, Duration=93823 ms
Remap: 81.25 ms
Transform color: 4.30 ms
CAM#0: PART SEARCH: search_time:0.00 ms
Process time: 0.00 ms
CAM#0: Using GLobal SEARCH ##############################################
CAM#0: GLOBAL SEARCH: search_time:0.00 ms
Loop: count=191, trial=1, Duration=120629 ms
Remap: 86.08 ms
Transform color: 5.92 ms
CAM#0: PART SEARCH: search_time:0.00 ms
Process time: 0.00 ms
Loop: count=192, trial=1, Duration=94316 ms
Remap: 83.41 ms
Transform color: 4.66 ms
CAM#0: PART SEARCH: search_time:0.00 ms
Process time: 0.00 ms
Loop: count=193, trial=1, Duration=104873 ms
Remap: 84.22 ms
Transform color: 7.53 ms
CAM#0: PART SEARCH: search_time:0.01 ms
Process time: 0.00 ms
Loop: count=194, trial=1, Duration=112134 ms
Remap: 36.66 ms
Transform color: 5.36 ms
CAM#0: PART SEARCH: search_time:0.00 ms
Process time: 0.00 ms
Loop: count=195, trial=1, Duration=102177 ms
Remap: 80.62 ms
Transform color: 8.39 ms
CAM#0: PART SEARCH: search_time:0.00 ms
Process time: 0.00 ms
Loop: count=196, trial=1, Duration=94227 ms
Remap: 80.40 ms
Transform color: 4.75 ms
CAM#0: PART SEARCH: search_time:0.00 ms
Process time: 0.00 ms
Loop: count=197, trial=1, Duration=87946 ms
Remap: 89.21 ms
Transform color: 6.87 ms
CAM#0: PART SEARCH: search_time:0.00 ms
Process time: 0.00 ms
Loop: count=198, trial=1, Duration=99078 ms
Remap: 79.67 ms
Transform color: 4.23 ms
CAM#0: PART SEARCH: search_time:0.00 ms
Process time: 0.00 ms
Loop: count=199, trial=1, Duration=122961 ms
Remap: 59.06 ms
Transform color: 3.07 ms
CAM#0: PART SEARCH: search_time:0.00 ms
Process time: 0.00 ms
Loop: count=200, trial=1, Duration=184479 ms
Remap: 83.14 ms
Transform color: 7.70 ms
CAM#0: PART SEARCH: search_time:0.00 ms
Process time: 0.00 ms
Loop: count=201, trial=1, Duration=93555 ms
Remap: 89.45 ms
Transform color: 6.87 ms
CAM#0: PART SEARCH: search_time:0.01 ms
Process time: 0.00 ms
Loop: count=202, trial=1, Duration=100246 ms
Remap: 84.97 ms
Transform color: 7.64 ms
CAM#0: PART SEARCH: search_time:0.00 ms
Process time: 0.00 ms
Loop: count=203, trial=1, Duration=96082 ms
Remap: 77.88 ms
Transform color: 8.45 ms
CAM#0: PART SEARCH: search_time:0.01 ms
Process time: 0.00 ms
Loop: count=204, trial=1, Duration=91356 ms
Remap: 75.74 ms
Transform color: 105.30 ms
CAM#0: PART SEARCH: search_time:0.00 ms
Process time: 0.00 ms
Loop: count=205, trial=1, Duration=191253 ms
Remap: 91.64 ms
Transform color: 4.12 ms
CAM#0: PART SEARCH: search_time:0.00 ms
Process time: 0.00 ms
Loop: count=206, trial=1, Duration=97803 ms
Remap: 86.19 ms
Transform color: 4.76 ms
CAM#0: PART SEARCH: search_time:0.00 ms
Process time: 0.00 ms
CAM#0: Using GLobal SEARCH ##############################################
CAM#0: GLOBAL SEARCH: search_time:0.00 ms
Loop: count=207, trial=1, Duration=93174 ms
Remap: 79.61 ms
Transform color: 4.52 ms
CAM#0: PART SEARCH: search_time:0.00 ms
Process time: 0.00 ms
Loop: count=208, trial=1, Duration=89934 ms
Remap: 75.79 ms
Transform color: 4.66 ms
CAM#0: PART SEARCH: search_time:0.00 ms
Process time: 0.00 ms
Loop: count=209, trial=1, Duration=82664 ms
Remap: 85.64 ms
Transform color: 13.16 ms
CAM#0: PART SEARCH: search_time:0.00 ms
Process time: 0.00 ms
Loop: count=210, trial=1, Duration=142391 ms
Remap: 85.50 ms
Transform color: 15.81 ms
CAM#0: PART SEARCH: search_time:0.00 ms
Process time: 0.00 ms
Loop: count=211, trial=1, Duration=104293 ms
Remap: 88.25 ms
Transform color: 15.74 ms
CAM#0: PART SEARCH: search_time:0.00 ms
Process time: 0.00 ms
Loop: count=212, trial=1, Duration=107924 ms
Remap: 84.25 ms
Transform color: 19.44 ms
CAM#0: PART SEARCH: search_time:0.00 ms
Process time: 0.00 ms
Loop: count=213, trial=1, Duration=233603 ms
Remap: 87.62 ms
Transform color: 18.47 ms
CAM#0: PART SEARCH: search_time:0.00 ms
Process time: 0.00 ms
Loop: count=214, trial=1, Duration=135723 ms
Remap: 84.48 ms
Transform color: 15.56 ms
CAM#0: PART SEARCH: search_time:0.01 ms
Process time: 0.00 ms
Loop: count=215, trial=1, Duration=104015 ms
Remap: 77.90 ms
Transform color: 1.66 ms
CAM#0: PART SEARCH: search_time:0.00 ms
Process time: 0.00 ms
Loop: count=216, trial=1, Duration=244658 ms
Remap: 88.61 ms
Transform color: 15.31 ms
CAM#0: PART SEARCH: search_time:0.00 ms
Process time: 0.00 ms
Loop: count=217, trial=1, Duration=107505 ms
Remap: 74.62 ms
Transform color: 12.77 ms
CAM#0: PART SEARCH: search_time:0.00 ms
Process time: 0.00 ms
Loop: count=218, trial=1, Duration=91828 ms
Remap: 78.19 ms
Transform color: 21.33 ms
CAM#0: PART SEARCH: search_time:0.00 ms
Process time: 0.00 ms
Loop: count=219, trial=1, Duration=143823 ms
Remap: 85.37 ms
Transform color: 17.05 ms
CAM#0: PART SEARCH: search_time:0.00 ms
Process time: 0.00 ms
Loop: count=220, trial=1, Duration=106724 ms
Remap: 92.12 ms
Transform color: 20.09 ms
CAM#0: PART SEARCH: search_time:0.00 ms
Process time: 0.00 ms
Loop: count=221, trial=1, Duration=115098 ms
Remap: 84.10 ms
Transform color: 17.69 ms
CAM#0: PART SEARCH: search_time:0.00 ms
Process time: 0.00 ms
Loop: count=222, trial=1, Duration=105593 ms
Remap: 85.70 ms
Transform color: 18.61 ms
CAM#0: PART SEARCH: search_time:0.00 ms
Process time: 0.00 ms
CAM#0: Using GLobal SEARCH ##############################################
CAM#0: GLOBAL SEARCH: search_time:0.00 ms
Loop: count=223, trial=1, Duration=106515 ms
Remap: 103.07 ms
Transform color: 57.81 ms
CAM#0: PART SEARCH: search_time:0.00 ms
Process time: 0.00 ms
Loop: count=224, trial=1, Duration=165418 ms
Remap: 89.75 ms
Transform color: 15.85 ms
CAM#0: PART SEARCH: search_time:0.00 ms
Process time: 0.00 ms
Loop: count=225, trial=1, Duration=108045 ms
Remap: 85.68 ms
Transform color: 18.13 ms
CAM#0: PART SEARCH: search_time:0.00 ms
Process time: 0.00 ms
Loop: count=226, trial=1, Duration=107575 ms
Remap: 84.42 ms
Transform color: 20.63 ms
CAM#0: PART SEARCH: search_time:0.00 ms
Process time: 0.00 ms
Loop: count=227, trial=1, Duration=108031 ms
Remap: 81.83 ms
Transform color: 19.63 ms
CAM#0: PART SEARCH: search_time:0.01 ms
Process time: 0.00 ms
Loop: count=228, trial=1, Duration=106017 ms
Remap: 77.52 ms
Transform color: 14.35 ms
CAM#0: PART SEARCH: search_time:0.00 ms
Process time: 0.00 ms
Loop: count=229, trial=1, Duration=95305 ms
Remap: 92.22 ms
Transform color: 17.28 ms
CAM#0: PART SEARCH: search_time:0.00 ms
Process time: 0.00 ms
Loop: count=230, trial=1, Duration=111888 ms
Remap: 82.12 ms
Transform color: 14.61 ms
CAM#0: PART SEARCH: search_time:0.00 ms
Process time: 0.00 ms
Loop: count=231, trial=1, Duration=99389 ms
Remap: 81.26 ms
Transform color: 13.98 ms
CAM#0: PART SEARCH: search_time:0.00 ms
Process time: 0.00 ms
Loop: count=232, trial=1, Duration=98308 ms
Remap: 131.02 ms
Transform color: 13.53 ms
CAM#0: PART SEARCH: search_time:0.00 ms
Process time: 0.00 ms
Loop: count=233, trial=1, Duration=147700 ms
Remap: 83.12 ms
Transform color: 140.94 ms
CAM#0: PART SEARCH: search_time:0.00 ms
Process time: 0.00 ms
Loop: count=234, trial=1, Duration=230376 ms
Remap: 84.33 ms
Transform color: 18.76 ms
CAM#0: PART SEARCH: search_time:0.00 ms
Process time: 0.00 ms
Loop: count=235, trial=1, Duration=106384 ms
Remap: 87.86 ms
Transform color: 14.16 ms
CAM#0: PART SEARCH: search_time:0.00 ms
Process time: 0.00 ms
Loop: count=236, trial=1, Duration=106356 ms
Remap: 83.14 ms
Transform color: 18.27 ms
CAM#0: PART SEARCH: search_time:0.00 ms
Process time: 0.00 ms
Loop: count=237, trial=1, Duration=104652 ms
Remap: 76.34 ms
Transform color: 19.50 ms
CAM#0: PART SEARCH: search_time:0.00 ms
Process time: 0.00 ms
Loop: count=238, trial=1, Duration=137634 ms
Remap: 87.51 ms
Transform color: 17.23 ms
CAM#0: PART SEARCH: search_time:0.00 ms
Process time: 0.00 ms
CAM#0: Using GLobal SEARCH ##############################################
CAM#0: GLOBAL SEARCH: search_time:0.00 ms
Loop: count=239, trial=1, Duration=108265 ms
Remap: 81.85 ms
Transform color: 18.15 ms
CAM#0: PART SEARCH: search_time:0.00 ms
Process time: 0.00 ms
CAM 0: -2147483648Hz
Loop: count=240, trial=1, Duration=157586 ms
Remap: 116.66 ms
Transform color: 3.64 ms
CAM#0: PART SEARCH: search_time:0.00 ms
Process time: 0.00 ms
Loop: count=241, trial=1, Duration=123030 ms
Remap: 86.43 ms
Transform color: 16.61 ms
CAM#0: PART SEARCH: search_time:0.00 ms
Process time: 0.00 ms
Loop: count=242, trial=1, Duration=105930 ms
Remap: 84.50 ms
Transform color: 93.02 ms
CAM#0: PART SEARCH: search_time:0.00 ms
Process time: 0.00 ms
Loop: count=243, trial=1, Duration=198734 ms
Remap: 88.31 ms
Transform color: 12.30 ms
CAM#0: PART SEARCH: search_time:0.00 ms
Process time: 0.00 ms
Loop: count=244, trial=1, Duration=104080 ms
Remap: 87.50 ms
Transform color: 14.45 ms
CAM#0: PART SEARCH: search_time:0.00 ms
Process time: 0.00 ms
Loop: count=245, trial=1, Duration=106077 ms
Remap: 87.89 ms
Transform color: 19.31 ms
CAM#0: PART SEARCH: search_time:0.00 ms
Process time: 0.00 ms
Loop: count=246, trial=1, Duration=110440 ms
Remap: 82.93 ms
Transform color: 16.79 ms
CAM#0: PART SEARCH: search_time:0.00 ms
Process time: 0.00 ms
Loop: count=247, trial=1, Duration=103264 ms
Remap: 87.38 ms
Transform color: 13.27 ms
CAM#0: PART SEARCH: search_time:0.00 ms
Process time: 0.00 ms
Loop: count=248, trial=1, Duration=222925 ms
Remap: 84.21 ms
Transform color: 12.24 ms
CAM#0: PART SEARCH: search_time:0.00 ms
Process time: 0.00 ms
Loop: count=249, trial=1, Duration=100447 ms
Remap: 88.67 ms
Transform color: 17.43 ms
CAM#0: PART SEARCH: search_time:0.00 ms
Process time: 0.00 ms
Loop: count=250, trial=1, Duration=110739 ms
Remap: 85.80 ms
Transform color: 14.73 ms
CAM#0: PART SEARCH: search_time:0.00 ms
Process time: 0.00 ms
Loop: count=251, trial=1, Duration=104584 ms
Remap: 91.22 ms
Transform color: 17.12 ms
CAM#0: PART SEARCH: search_time:0.00 ms
Process time: 0.00 ms
Loop: count=252, trial=1, Duration=110998 ms
Remap: 82.75 ms
Transform color: 19.41 ms
CAM#0: PART SEARCH: search_time:0.00 ms
Process time: 0.00 ms
Loop: count=253, trial=1, Duration=105261 ms
Remap: 77.28 ms
Transform color: 17.61 ms
CAM#0: PART SEARCH: search_time:0.00 ms
Process time: 0.00 ms
Loop: count=254, trial=1, Duration=367425 ms
Remap: 83.39 ms
Transform color: 16.15 ms
CAM#0: PART SEARCH: search_time:0.00 ms
Process time: 0.00 ms
CAM#0: Using GLobal SEARCH ##############################################
CAM#0: GLOBAL SEARCH: search_time:0.00 ms
Loop: count=255, trial=1, Duration=138292 ms
Remap: 89.08 ms
Transform color: 16.38 ms
CAM#0: PART SEARCH: search_time:0.00 ms
Process time: 0.00 ms
Loop: count=256, trial=1, Duration=246510 ms
Remap: 88.09 ms
Transform color: 18.27 ms
CAM#0: PART SEARCH: search_time:0.00 ms
Process time: 0.00 ms
Loop: count=257, trial=1, Duration=109039 ms
Remap: 87.00 ms
Transform color: 12.78 ms
CAM#0: PART SEARCH: search_time:0.00 ms
Process time: 0.00 ms
Loop: count=258, trial=1, Duration=102940 ms
Remap: 83.81 ms
Transform color: 16.93 ms
CAM#0: PART SEARCH: search_time:0.00 ms
Process time: 0.00 ms
Loop: count=259, trial=1, Duration=104591 ms
Remap: 89.07 ms
Transform color: 19.53 ms
CAM#0: PART SEARCH: search_time:0.00 ms
Process time: 0.00 ms
Loop: count=260, trial=1, Duration=111933 ms
Remap: 81.11 ms
Transform color: 15.14 ms
CAM#0: PART SEARCH: search_time:0.00 ms
Process time: 0.00 ms
Loop: count=261, trial=1, Duration=99171 ms
Remap: 81.30 ms
Transform color: 7.82 ms
CAM#0: PART SEARCH: search_time:0.00 ms
Process time: 0.00 ms
Loop: count=262, trial=1, Duration=155233 ms
Remap: 86.36 ms
Transform color: 21.50 ms
CAM#0: PART SEARCH: search_time:0.00 ms
Process time: 0.00 ms
Loop: count=263, trial=1, Duration=112782 ms
Remap: 90.82 ms
Transform color: 18.18 ms
CAM#0: PART SEARCH: search_time:0.00 ms
Process time: 0.00 ms
Loop: count=264, trial=1, Duration=112576 ms
Remap: 78.40 ms
Transform color: 15.62 ms
CAM#0: PART SEARCH: search_time:0.00 ms
Process time: 0.00 ms
Loop: count=265, trial=1, Duration=98520 ms
Remap: 79.31 ms
Transform color: 17.23 ms
CAM#0: PART SEARCH: search_time:0.00 ms
Process time: 0.00 ms
Loop: count=266, trial=1, Duration=111971 ms
Remap: 83.52 ms
Transform color: 13.51 ms
CAM#0: PART SEARCH: search_time:0.01 ms
Process time: 0.00 ms
Loop: count=267, trial=1, Duration=121797 ms
Remap: 88.92 ms
Transform color: 14.96 ms
CAM#0: PART SEARCH: search_time:0.00 ms
Process time: 0.00 ms
Loop: count=268, trial=1, Duration=136523 ms
Remap: 84.36 ms
Transform color: 18.65 ms
CAM#0: PART SEARCH: search_time:0.00 ms
Process time: 0.00 ms
Loop: count=269, trial=1, Duration=112570 ms
Remap: 77.84 ms
Transform color: 11.73 ms
CAM#0: PART SEARCH: search_time:0.00 ms
Process time: 0.00 ms
Loop: count=270, trial=1, Duration=92272 ms
Remap: 100.04 ms
Transform color: 11.10 ms
CAM#0: PART SEARCH: search_time:0.01 ms
Process time: 0.00 ms
CAM#0: Using GLobal SEARCH ##############################################
CAM#0: GLOBAL SEARCH: search_time:0.00 ms
Loop: count=271, trial=1, Duration=365741 ms
Remap: 82.59 ms
Transform color: 15.88 ms
CAM#0: PART SEARCH: search_time:0.00 ms
Process time: 0.00 ms
Loop: count=272, trial=1, Duration=103016 ms
Remap: 77.60 ms
Transform color: 17.18 ms
CAM#0: PART SEARCH: search_time:0.00 ms
Process time: 0.00 ms
Loop: count=273, trial=1, Duration=100769 ms
Remap: 87.89 ms
Transform color: 15.70 ms
CAM#0: PART SEARCH: search_time:0.00 ms
Process time: 0.00 ms
Loop: count=274, trial=1, Duration=106994 ms
Remap: 91.94 ms
Transform color: 17.84 ms
CAM#0: PART SEARCH: search_time:0.00 ms
Process time: 0.00 ms
Loop: count=275, trial=1, Duration=184745 ms
Remap: 83.90 ms
Transform color: 16.22 ms
CAM#0: PART SEARCH: search_time:0.00 ms
Process time: 0.00 ms
Loop: count=276, trial=1, Duration=103119 ms
Remap: 113.92 ms
Transform color: 61.62 ms
CAM#0: PART SEARCH: search_time:0.01 ms
Process time: 0.00 ms
Loop: count=277, trial=1, Duration=207202 ms
Remap: 430.45 ms
Transform color: 3.03 ms
CAM#0: PART SEARCH: search_time:0.00 ms
Process time: 0.00 ms
Loop: count=278, trial=1, Duration=436933 ms
Remap: 88.10 ms
Transform color: 15.79 ms
CAM#0: PART SEARCH: search_time:0.00 ms
Process time: 0.00 ms
Loop: count=279, trial=1, Duration=107430 ms
Remap: 53.30 ms
Transform color: 3.31 ms
CAM#0: PART SEARCH: search_time:0.00 ms
Process time: 0.00 ms
Loop: count=280, trial=1, Duration=58932 ms
Remap: 23.63 ms
Transform color: 3.20 ms
CAM#0: PART SEARCH: search_time:0.00 ms
Process time: 0.00 ms
Loop: count=281, trial=1, Duration=29036 ms
Remap: 20.67 ms
Transform color: 2.90 ms
CAM#0: PART SEARCH: search_time:0.00 ms
Process time: 0.00 ms
Loop: count=282, trial=1, Duration=26140 ms
Remap: 310.33 ms
Transform color: 23.94 ms
CAM#0: PART SEARCH: search_time:0.01 ms
Process time: 0.00 ms
Loop: count=283, trial=1, Duration=337468 ms
Remap: 90.93 ms
Transform color: 13.13 ms
CAM#0: PART SEARCH: search_time:0.00 ms
Process time: 0.00 ms
Loop: count=284, trial=1, Duration=118407 ms
Remap: 79.39 ms
Transform color: 17.38 ms
CAM#0: PART SEARCH: search_time:0.00 ms
Process time: 0.00 ms
Loop: count=285, trial=1, Duration=99392 ms
Remap: 80.86 ms
Transform color: 18.10 ms
CAM#0: PART SEARCH: search_time:0.00 ms
Process time: 0.00 ms
Loop: count=286, trial=1, Duration=102126 ms
Remap: 84.36 ms
Transform color: 14.33 ms
CAM#0: PART SEARCH: search_time:0.00 ms
Process time: 0.00 ms
CAM#0: Using GLobal SEARCH ##############################################
CAM#0: GLOBAL SEARCH: search_time:0.00 ms
Loop: count=287, trial=1, Duration=102439 ms
Remap: 84.70 ms
Transform color: 15.65 ms
CAM#0: PART SEARCH: search_time:0.00 ms
Process time: 0.00 ms
Loop: count=288, trial=1, Duration=102987 ms
Remap: 77.58 ms
Transform color: 15.34 ms
CAM#0: PART SEARCH: search_time:0.00 ms
Process time: 0.00 ms
Loop: count=289, trial=1, Duration=95284 ms
Remap: 86.06 ms
Transform color: 12.43 ms
CAM#0: PART SEARCH: search_time:0.00 ms
Process time: 0.00 ms
Loop: count=290, trial=1, Duration=101249 ms
Remap: 73.71 ms
Transform color: 17.07 ms
CAM#0: PART SEARCH: search_time:0.00 ms
Process time: 0.00 ms
Loop: count=291, trial=1, Duration=96448 ms
Remap: 113.47 ms
Transform color: 19.59 ms
CAM#0: PART SEARCH: search_time:0.00 ms
Process time: 0.00 ms
Loop: count=292, trial=1, Duration=137101 ms
Remap: 81.64 ms
Transform color: 17.40 ms
CAM#0: PART SEARCH: search_time:0.00 ms
Process time: 0.00 ms
Loop: count=293, trial=1, Duration=137154 ms
Remap: 72.11 ms
Transform color: 17.84 ms
CAM#0: PART SEARCH: search_time:0.00 ms
Process time: 0.00 ms
Loop: count=294, trial=1, Duration=93347 ms
Remap: 74.57 ms
Transform color: 2.81 ms
CAM#0: PART SEARCH: search_time:0.00 ms
Process time: 0.00 ms
Loop: count=295, trial=1, Duration=82506 ms
Remap: 87.14 ms
Transform color: 16.48 ms
CAM#0: PART SEARCH: search_time:0.00 ms
Process time: 0.00 ms
Loop: count=296, trial=1, Duration=106554 ms
Remap: 81.18 ms
Transform color: 18.55 ms
CAM#0: PART SEARCH: search_time:0.01 ms
Process time: 0.00 ms
Loop: count=297, trial=1, Duration=116625 ms
Remap: 85.20 ms
Transform color: 15.86 ms
CAM#0: PART SEARCH: search_time:0.00 ms
Process time: 0.00 ms
Loop: count=298, trial=1, Duration=103679 ms
Remap: 86.21 ms
Transform color: 19.08 ms
CAM#0: PART SEARCH: search_time:0.00 ms
Process time: 0.00 ms
Loop: count=299, trial=1, Duration=108539 ms
Remap: 82.34 ms
Transform color: 15.99 ms
CAM#0: PART SEARCH: search_time:0.00 ms
Process time: 0.00 ms
Loop: count=300, trial=1, Duration=102089 ms
Remap: 92.18 ms
Transform color: 16.61 ms
CAM#0: PART SEARCH: search_time:0.01 ms
Process time: 0.00 ms
Loop: count=301, trial=1, Duration=146712 ms
Remap: 79.48 ms
Transform color: 19.95 ms
CAM#0: PART SEARCH: search_time:0.01 ms
Process time: 0.00 ms
Loop: count=302, trial=1, Duration=102299 ms
Remap: 87.22 ms
Transform color: 13.20 ms
CAM#0: PART SEARCH: search_time:0.00 ms
Process time: 0.00 ms
CAM#0: Using GLobal SEARCH ##############################################
CAM#0: GLOBAL SEARCH: search_time:0.00 ms
Loop: count=303, trial=1, Duration=352837 ms
Remap: 89.96 ms
Transform color: 13.38 ms
CAM#0: PART SEARCH: search_time:0.00 ms
Process time: 0.00 ms
Loop: count=304, trial=1, Duration=106398 ms
Remap: 77.87 ms
Transform color: 19.36 ms
CAM#0: PART SEARCH: search_time:0.00 ms
Process time: 0.00 ms
Loop: count=305, trial=1, Duration=139639 ms
Remap: 79.14 ms
Transform color: 11.46 ms
CAM#0: PART SEARCH: search_time:0.00 ms
Process time: 0.00 ms
Loop: count=306, trial=1, Duration=92869 ms
Remap: 81.83 ms
Transform color: 12.01 ms
CAM#0: PART SEARCH: search_time:0.00 ms
Process time: 0.00 ms
Loop: count=307, trial=1, Duration=96407 ms
Remap: 73.78 ms
Transform color: 12.04 ms
CAM#0: PART SEARCH: search_time:0.00 ms
Process time: 0.00 ms
Loop: count=308, trial=1, Duration=89508 ms
Remap: 80.15 ms
Transform color: 16.55 ms
CAM#0: PART SEARCH: search_time:0.00 ms
Process time: 0.00 ms
Loop: count=309, trial=1, Duration=176383 ms
Remap: 86.52 ms
Transform color: 16.11 ms
CAM#0: PART SEARCH: search_time:0.00 ms
Process time: 0.00 ms
Loop: count=310, trial=1, Duration=154787 ms
Remap: 89.84 ms
Transform color: 19.35 ms
CAM#0: PART SEARCH: search_time:0.00 ms
Process time: 0.00 ms
Loop: count=311, trial=1, Duration=111871 ms
Remap: 84.42 ms
Transform color: 14.59 ms
CAM#0: PART SEARCH: search_time:0.00 ms
Process time: 0.00 ms
Loop: count=312, trial=1, Duration=121086 ms
Remap: 77.42 ms
Transform color: 12.46 ms
CAM#0: PART SEARCH: search_time:0.00 ms
Process time: 0.00 ms
Loop: count=313, trial=1, Duration=93582 ms
Remap: 76.03 ms
Transform color: 16.65 ms
CAM#0: PART SEARCH: search_time:0.00 ms
Process time: 0.00 ms
Loop: count=314, trial=1, Duration=95589 ms
Remap: 84.56 ms
Transform color: 12.97 ms
CAM#0: PART SEARCH: search_time:0.00 ms
Process time: 0.00 ms
Loop: count=315, trial=1, Duration=162296 ms
Remap: 81.04 ms
Transform color: 18.45 ms
CAM#0: PART SEARCH: search_time:0.00 ms
Process time: 0.00 ms
Loop: count=316, trial=1, Duration=104373 ms
Remap: 85.36 ms
Transform color: 14.92 ms
CAM#0: PART SEARCH: search_time:0.00 ms
Process time: 0.00 ms
Loop: count=317, trial=1, Duration=111114 ms
Remap: 77.91 ms
Transform color: 16.50 ms
CAM#0: PART SEARCH: search_time:0.00 ms
Process time: 0.00 ms
Loop: count=318, trial=1, Duration=120159 ms
Remap: 86.27 ms
Transform color: 17.63 ms
CAM#0: PART SEARCH: search_time:0.00 ms
Process time: 0.00 ms
CAM#0: Using GLobal SEARCH ##############################################
CAM#0: GLOBAL SEARCH: search_time:0.00 ms
Loop: count=319, trial=1, Duration=122771 ms
Remap: 82.71 ms
Transform color: 13.44 ms
CAM#0: PART SEARCH: search_time:0.00 ms
Process time: 0.00 ms
Loop: count=320, trial=1, Duration=148424 ms
Remap: 86.74 ms
Transform color: 12.37 ms
CAM#0: PART SEARCH: search_time:0.00 ms
Process time: 0.00 ms
Loop: count=321, trial=1, Duration=129837 ms
Remap: 85.40 ms
Transform color: 16.30 ms
CAM#0: PART SEARCH: search_time:0.00 ms
Process time: 0.00 ms
Loop: count=322, trial=1, Duration=105375 ms
Remap: 81.63 ms
Transform color: 12.94 ms
CAM#0: PART SEARCH: search_time:0.00 ms
Process time: 0.00 ms
Loop: count=323, trial=1, Duration=97313 ms
Remap: 96.84 ms
Transform color: 11.28 ms
CAM#0: PART SEARCH: search_time:0.00 ms
Process time: 0.00 ms
Loop: count=324, trial=1, Duration=175688 ms
Remap: 87.99 ms
Transform color: 15.99 ms
CAM#0: PART SEARCH: search_time:0.00 ms
Process time: 0.00 ms
Loop: count=325, trial=1, Duration=108363 ms
Remap: 79.80 ms
Transform color: 13.19 ms
CAM#0: PART SEARCH: search_time:0.00 ms
Process time: 0.00 ms
Loop: count=326, trial=1, Duration=108718 ms
Remap: 73.70 ms
Transform color: 15.45 ms
CAM#0: PART SEARCH: search_time:0.00 ms
Process time: 0.00 ms
Loop: count=327, trial=1, Duration=91972 ms
Remap: 81.75 ms
Transform color: 16.07 ms
CAM#0: PART SEARCH: search_time:0.00 ms
Process time: 0.00 ms
Loop: count=328, trial=1, Duration=101216 ms
Remap: 81.34 ms
Transform color: 17.34 ms
CAM#0: PART SEARCH: search_time:0.00 ms
Process time: 0.00 ms
Loop: count=329, trial=1, Duration=103961 ms
Remap: 87.59 ms
Transform color: 13.18 ms
CAM#0: PART SEARCH: search_time:0.00 ms
Process time: 0.00 ms
Loop: count=330, trial=1, Duration=157422 ms
Remap: 78.40 ms
Transform color: 14.51 ms
CAM#0: PART SEARCH: search_time:0.00 ms
Process time: 0.00 ms
Loop: count=331, trial=1, Duration=115561 ms
Remap: 75.72 ms
Transform color: 10.93 ms
CAM#0: PART SEARCH: search_time:0.00 ms
Process time: 0.00 ms
Loop: count=332, trial=1, Duration=96534 ms
Remap: 89.47 ms
Transform color: 12.48 ms
CAM#0: PART SEARCH: search_time:0.00 ms
Process time: 0.00 ms
Loop: count=333, trial=1, Duration=105233 ms
Remap: 90.84 ms
Transform color: 19.73 ms
CAM#0: PART SEARCH: search_time:0.00 ms
Process time: 0.00 ms
Loop: count=334, trial=1, Duration=113681 ms
Remap: 77.70 ms
Transform color: 15.85 ms
CAM#0: PART SEARCH: search_time:0.00 ms
Process time: 0.00 ms
CAM#0: Using GLobal SEARCH ##############################################
CAM#0: GLOBAL SEARCH: search_time:0.00 ms
Loop: count=335, trial=1, Duration=97511 ms
Remap: 88.07 ms
Transform color: 10.01 ms
CAM#0: PART SEARCH: search_time:0.00 ms
Process time: 0.00 ms
Loop: count=336, trial=1, Duration=118311 ms
Remap: 82.34 ms
Transform color: 16.45 ms
CAM#0: PART SEARCH: search_time:0.00 ms
Process time: 0.00 ms
Loop: count=337, trial=1, Duration=102314 ms
Remap: 87.25 ms
Transform color: 16.32 ms
CAM#0: PART SEARCH: search_time:0.00 ms
Process time: 0.00 ms
Loop: count=338, trial=1, Duration=106427 ms
Remap: 89.49 ms
Transform color: 17.56 ms
CAM#0: PART SEARCH: search_time:0.00 ms
Process time: 0.00 ms
Loop: count=339, trial=1, Duration=110877 ms
Remap: 85.85 ms
Transform color: 16.91 ms
CAM#0: PART SEARCH: search_time:0.00 ms
Process time: 0.00 ms
Loop: count=340, trial=1, Duration=124580 ms
Remap: 83.14 ms
Transform color: 13.58 ms
CAM#0: PART SEARCH: search_time:0.00 ms
Process time: 0.00 ms
Loop: count=341, trial=1, Duration=99398 ms
Remap: 99.02 ms
Transform color: 2.05 ms
CAM#0: PART SEARCH: search_time:0.00 ms
Process time: 0.00 ms
Loop: count=342, trial=1, Duration=151763 ms
Remap: 87.13 ms
Transform color: 17.34 ms
CAM#0: PART SEARCH: search_time:0.01 ms
Process time: 0.00 ms
Loop: count=343, trial=1, Duration=108459 ms
Remap: 87.11 ms
Transform color: 15.26 ms
CAM#0: PART SEARCH: search_time:0.00 ms
Process time: 0.00 ms
Loop: count=344, trial=1, Duration=105542 ms
Remap: 83.25 ms
Transform color: 18.81 ms
CAM#0: PART SEARCH: search_time:0.01 ms
Process time: 0.00 ms
Loop: count=345, trial=1, Duration=105851 ms
Remap: 84.24 ms
Transform color: 15.65 ms
CAM#0: PART SEARCH: search_time:0.00 ms
Process time: 0.00 ms
Loop: count=346, trial=1, Duration=102713 ms
Remap: 81.11 ms
Transform color: 15.89 ms
CAM#0: PART SEARCH: search_time:0.00 ms
Process time: 0.00 ms
Loop: count=347, trial=1, Duration=100867 ms
Remap: 74.87 ms
Transform color: 14.47 ms
CAM#0: PART SEARCH: search_time:0.00 ms
Process time: 0.00 ms
Loop: count=348, trial=1, Duration=261871 ms
Remap: 81.20 ms
Transform color: 12.78 ms
CAM#0: PART SEARCH: search_time:0.00 ms
Process time: 0.00 ms
Loop: count=349, trial=1, Duration=122417 ms
Remap: 22.90 ms
Transform color: 306.75 ms
CAM#0: PART SEARCH: search_time:0.00 ms
Process time: 0.00 ms
Loop: count=350, trial=1, Duration=604320 ms
Remap: 83.32 ms
Transform color: 14.05 ms
CAM#0: PART SEARCH: search_time:0.00 ms
Process time: 0.00 ms
CAM#0: Using GLobal SEARCH ##############################################
CAM#0: GLOBAL SEARCH: search_time:0.00 ms
Loop: count=351, trial=1, Duration=101255 ms
Remap: 87.58 ms
Transform color: 15.00 ms
CAM#0: PART SEARCH: search_time:0.00 ms
Process time: 0.00 ms
Loop: count=352, trial=1, Duration=105653 ms
Remap: 84.24 ms
Transform color: 17.38 ms
CAM#0: PART SEARCH: search_time:0.00 ms
Process time: 0.00 ms
Loop: count=353, trial=1, Duration=105575 ms
Remap: 99.65 ms
Transform color: 12.76 ms
CAM#0: PART SEARCH: search_time:0.00 ms
Process time: 0.00 ms
Loop: count=354, trial=1, Duration=138858 ms
Remap: 81.59 ms
Transform color: 18.05 ms
CAM#0: PART SEARCH: search_time:0.00 ms
Process time: 0.00 ms
Loop: count=355, trial=1, Duration=102764 ms
Remap: 79.73 ms
Transform color: 19.02 ms
CAM#0: PART SEARCH: search_time:0.00 ms
Process time: 0.00 ms
Loop: count=356, trial=1, Duration=118642 ms
Remap: 86.13 ms
Transform color: 16.48 ms
CAM#0: PART SEARCH: search_time:0.00 ms
Process time: 0.00 ms
Loop: count=357, trial=1, Duration=105954 ms
Remap: 90.23 ms
Transform color: 18.44 ms
CAM#0: PART SEARCH: search_time:0.00 ms
Process time: 0.00 ms
Loop: count=358, trial=1, Duration=112176 ms
Remap: 79.78 ms
Transform color: 17.15 ms
CAM#0: PART SEARCH: search_time:0.00 ms
Process time: 0.00 ms
Loop: count=359, trial=1, Duration=101065 ms
Remap: 86.05 ms
Transform color: 14.52 ms
CAM#0: PART SEARCH: search_time:0.00 ms
Process time: 0.00 ms
CAM 0: -2147483648Hz
Loop: count=360, trial=1, Duration=103810 ms
Remap: 73.25 ms
Transform color: 16.95 ms
CAM#0: PART SEARCH: search_time:0.01 ms
Process time: 0.00 ms
Loop: count=361, trial=1, Duration=93801 ms
Remap: 77.90 ms
Transform color: 19.00 ms
CAM#0: PART SEARCH: search_time:0.00 ms
Process time: 0.00 ms
Loop: count=362, trial=1, Duration=99646 ms
Remap: 72.58 ms
Transform color: 1.91 ms
CAM#0: PART SEARCH: search_time:0.00 ms
Process time: 0.00 ms
Loop: count=363, trial=1, Duration=76437 ms
Remap: 23.46 ms
Transform color: 18.14 ms
CAM#0: PART SEARCH: search_time:0.00 ms
Process time: 0.00 ms
Loop: count=364, trial=1, Duration=102180 ms
Remap: 83.14 ms
Transform color: 20.02 ms
CAM#0: PART SEARCH: search_time:0.00 ms
Process time: 0.00 ms
Loop: count=365, trial=1, Duration=106132 ms
Remap: 80.13 ms
Transform color: 18.80 ms
CAM#0: PART SEARCH: search_time:0.00 ms
Process time: 0.00 ms
Loop: count=366, trial=1, Duration=101343 ms
Remap: 79.95 ms
Transform color: 23.66 ms
CAM#0: PART SEARCH: search_time:0.00 ms
Process time: 0.00 ms
CAM#0: Using GLobal SEARCH ##############################################
CAM#0: GLOBAL SEARCH: search_time:0.00 ms
Loop: count=367, trial=1, Duration=106785 ms
Remap: 81.55 ms
Transform color: 16.81 ms
CAM#0: PART SEARCH: search_time:0.00 ms
Process time: 0.00 ms
Loop: count=368, trial=1, Duration=106584 ms
Remap: 78.49 ms
Transform color: 15.27 ms
CAM#0: PART SEARCH: search_time:0.00 ms
Process time: 0.00 ms
Loop: count=369, trial=1, Duration=96110 ms
Remap: 87.24 ms
Transform color: 20.34 ms
CAM#0: PART SEARCH: search_time:0.00 ms
Process time: 0.00 ms
Loop: count=370, trial=1, Duration=110963 ms
Remap: 80.99 ms
Transform color: 16.72 ms
CAM#0: PART SEARCH: search_time:0.00 ms
Process time: 0.00 ms
Loop: count=371, trial=1, Duration=100158 ms
Remap: 84.74 ms
Transform color: 16.51 ms
CAM#0: PART SEARCH: search_time:0.00 ms
Process time: 0.00 ms
Loop: count=372, trial=1, Duration=103590 ms
Remap: 104.66 ms
Transform color: 14.50 ms
CAM#0: PART SEARCH: search_time:0.00 ms
Process time: 0.00 ms
Loop: count=373, trial=1, Duration=122919 ms
Remap: 84.24 ms
Transform color: 20.51 ms
CAM#0: PART SEARCH: search_time:0.00 ms
Process time: 0.00 ms
Loop: count=374, trial=1, Duration=228604 ms
Remap: 91.72 ms
Transform color: 17.24 ms
CAM#0: PART SEARCH: search_time:0.00 ms
Process time: 0.00 ms
Loop: count=375, trial=1, Duration=112382 ms
Remap: 89.97 ms
Transform color: 14.19 ms
CAM#0: PART SEARCH: search_time:0.00 ms
Process time: 0.00 ms
Loop: count=376, trial=1, Duration=106754 ms
Remap: 59.52 ms
Transform color: 1.84 ms
CAM#0: PART SEARCH: search_time:0.00 ms
Process time: 0.00 ms
Loop: count=377, trial=1, Duration=94340 ms
Remap: 87.11 ms
Transform color: 13.32 ms
CAM#0: PART SEARCH: search_time:0.00 ms
Process time: 0.00 ms
Loop: count=378, trial=1, Duration=386319 ms
Remap: 78.82 ms
Transform color: 12.43 ms
CAM#0: PART SEARCH: search_time:0.00 ms
Process time: 0.00 ms
Loop: count=379, trial=1, Duration=96530 ms
Remap: 84.69 ms
Transform color: 18.47 ms
CAM#0: PART SEARCH: search_time:0.00 ms
Process time: 0.00 ms
Loop: count=380, trial=1, Duration=106902 ms
Remap: 86.40 ms
Transform color: 16.61 ms
CAM#0: PART SEARCH: search_time:0.00 ms
Process time: 0.00 ms
Loop: count=381, trial=1, Duration=144934 ms
Remap: 88.99 ms
Transform color: 13.46 ms
CAM#0: PART SEARCH: search_time:0.00 ms
Process time: 0.00 ms
Loop: count=382, trial=1, Duration=105810 ms
Remap: 87.17 ms
Transform color: 11.80 ms
CAM#0: PART SEARCH: search_time:0.00 ms
Process time: 0.00 ms
CAM#0: Using GLobal SEARCH ##############################################
CAM#0: GLOBAL SEARCH: search_time:0.00 ms
CAM#0: Found when using GLOBAL_IMAGE. X: 2919.00 Y:1683.00
Loop: count=383, trial=1, Duration=101884 ms
Remap: 82.31 ms
Transform color: 13.71 ms
Get partial image time: 0.13 ms
Apriltag detector detect time: 9.82 ms
Zarray time: 0.00 ms
CAM#0: tag#5: FAST SEARCH: search_time:10.08 microseconds
CAM#0: PART SEARCH: search_time:10.12 ms
Process time: 0.00 ms
Loop: count=384, trial=1, Duration=109476 ms
Remap: 86.83 ms
Transform color: 20.34 ms
Get partial image time: 0.15 ms
Apriltag detector detect time: 10.45 ms
Zarray time: 0.00 ms
CAM#0: tag#5: FAST SEARCH: search_time:10.72 microseconds
CAM#0: PART SEARCH: search_time:10.75 ms
Tags are missing.
Process time: 0.00 ms
CAM#0: Using GLobal SEARCH ##############################################
CAM#0: GLOBAL SEARCH: search_time:256.23 ms
CAM#0: Found when using GLOBAL_IMAGE. X: 2984.00 Y:1537.00
Loop: count=385, trial=1, Duration=427481 ms
Remap: 76.51 ms
Transform color: 18.21 ms
Get partial image time: 0.26 ms
Apriltag detector detect time: 10.70 ms
Zarray time: 0.00 ms
CAM#0: tag#5: FAST SEARCH: search_time:11.07 microseconds
CAM#0: PART SEARCH: search_time:11.11 ms
Process time: 0.00 ms
Loop: count=386, trial=1, Duration=108861 ms
Remap: 84.09 ms
Transform color: 18.21 ms
Get partial image time: 0.15 ms
Apriltag detector detect time: 10.72 ms
Zarray time: 0.00 ms
CAM#0: tag#5: FAST SEARCH: search_time:10.99 microseconds
CAM#0: PART SEARCH: search_time:11.03 ms
Tags are missing.
Process time: 0.00 ms
CAM#0: Using GLobal SEARCH ##############################################
CAM#0: GLOBAL SEARCH: search_time:235.86 ms
Loop: count=387, trial=1, Duration=351479 ms
Remap: 59.19 ms
Transform color: 5.75 ms
CAM#0: PART SEARCH: search_time:0.00 ms
Process time: 0.00 ms
Loop: count=388, trial=1, Duration=68073 ms
Remap: 63.99 ms
Transform color: 6.64 ms
CAM#0: PART SEARCH: search_time:0.00 ms
Process time: 0.00 ms
Loop: count=389, trial=1, Duration=73373 ms
Remap: 39.68 ms
Transform color: 2.40 ms
CAM#0: PART SEARCH: search_time:0.00 ms
Process time: 0.00 ms
Loop: count=390, trial=1, Duration=44085 ms
Remap: 250.25 ms
Transform color: 1.99 ms
CAM#0: PART SEARCH: search_time:0.00 ms
Process time: 0.00 ms
Loop: count=391, trial=1, Duration=257287 ms
Remap: 72.08 ms
Transform color: 5.88 ms
CAM#0: PART SEARCH: search_time:0.00 ms
Process time: 0.00 ms
Loop: count=392, trial=1, Duration=80337 ms
Remap: 91.34 ms
Transform color: 6.55 ms
CAM#0: PART SEARCH: search_time:0.01 ms
Process time: 0.00 ms
Loop: count=393, trial=1, Duration=101045 ms
Remap: 82.50 ms
Transform color: 6.44 ms
CAM#0: PART SEARCH: search_time:0.00 ms
Process time: 0.00 ms
Loop: count=394, trial=1, Duration=91866 ms
Remap: 85.19 ms
Transform color: 5.73 ms
CAM#0: PART SEARCH: search_time:0.00 ms
Process time: 0.00 ms
Loop: count=395, trial=1, Duration=154940 ms
Remap: 85.59 ms
Transform color: 7.60 ms
CAM#0: PART SEARCH: search_time:0.00 ms
Process time: 0.00 ms
Loop: count=396, trial=1, Duration=130390 ms
Remap: 84.19 ms
Transform color: 7.66 ms
CAM#0: PART SEARCH: search_time:0.00 ms
Process time: 0.00 ms
Loop: count=397, trial=1, Duration=94061 ms
Remap: 82.96 ms
Transform color: 7.13 ms
CAM#0: PART SEARCH: search_time:0.00 ms
Process time: 0.00 ms
Loop: count=398, trial=1, Duration=93061 ms
Remap: 81.42 ms
Transform color: 6.81 ms
CAM#0: PART SEARCH: search_time:0.00 ms
Process time: 0.00 ms
Loop: count=399, trial=1, Duration=91228 ms
Remap: 90.52 ms
Transform color: 9.37 ms
CAM#0: PART SEARCH: search_time:0.00 ms
Process time: 0.00 ms
Loop: count=400, trial=1, Duration=103096 ms
Remap: 85.78 ms
Transform color: 14.63 ms
CAM#0: PART SEARCH: search_time:0.00 ms
Process time: 0.00 ms
Loop: count=401, trial=1, Duration=104435 ms
Remap: 83.06 ms
Transform color: 6.03 ms
CAM#0: PART SEARCH: search_time:0.00 ms
Process time: 0.00 ms
Loop: count=402, trial=1, Duration=96396 ms
Remap: 89.84 ms
Transform color: 6.12 ms
CAM#0: PART SEARCH: search_time:0.00 ms
Process time: 0.00 ms
CAM#0: Using GLobal SEARCH ##############################################
CAM#0: GLOBAL SEARCH: search_time:0.00 ms
Loop: count=403, trial=1, Duration=98816 ms
Remap: 79.49 ms
Transform color: 6.80 ms
CAM#0: PART SEARCH: search_time:0.00 ms
Process time: 0.00 ms
Loop: count=404, trial=1, Duration=119393 ms
Remap: 82.57 ms
Transform color: 9.12 ms
CAM#0: PART SEARCH: search_time:0.00 ms
Process time: 0.00 ms
Loop: count=405, trial=1, Duration=96463 ms
Remap: 86.63 ms
Transform color: 8.82 ms
CAM#0: PART SEARCH: search_time:0.00 ms
Process time: 0.00 ms
Loop: count=406, trial=1, Duration=99467 ms
Remap: 87.84 ms
Transform color: 9.69 ms
CAM#0: PART SEARCH: search_time:0.00 ms
Process time: 0.00 ms
Loop: count=407, trial=1, Duration=100692 ms
Remap: 84.91 ms
Transform color: 8.73 ms
CAM#0: PART SEARCH: search_time:0.00 ms
Process time: 0.00 ms
Loop: count=408, trial=1, Duration=96811 ms
Remap: 83.49 ms
Transform color: 4.61 ms
CAM#0: PART SEARCH: search_time:0.00 ms
Process time: 0.00 ms
Loop: count=409, trial=1, Duration=91203 ms
Remap: 87.32 ms
Transform color: 8.14 ms
CAM#0: PART SEARCH: search_time:0.00 ms
Process time: 0.00 ms
Loop: count=410, trial=1, Duration=98453 ms
Remap: 98.88 ms
Transform color: 6.40 ms
CAM#0: PART SEARCH: search_time:0.00 ms
Process time: 0.00 ms
Loop: count=411, trial=1, Duration=107513 ms
Remap: 85.81 ms
Transform color: 6.31 ms
CAM#0: PART SEARCH: search_time:0.00 ms
Process time: 0.00 ms
Loop: count=412, trial=1, Duration=141211 ms
Remap: 86.85 ms
Transform color: 6.63 ms
CAM#0: PART SEARCH: search_time:0.00 ms
Process time: 0.00 ms
Loop: count=413, trial=1, Duration=95717 ms
Remap: 84.48 ms
Transform color: 9.58 ms
CAM#0: PART SEARCH: search_time:0.00 ms
Process time: 0.00 ms
Loop: count=414, trial=1, Duration=96972 ms
Remap: 80.66 ms
Transform color: 6.79 ms
CAM#0: PART SEARCH: search_time:0.00 ms
Process time: 0.00 ms
Loop: count=415, trial=1, Duration=90184 ms
Remap: 81.31 ms
Transform color: 9.76 ms
CAM#0: PART SEARCH: search_time:0.00 ms
Process time: 0.00 ms
Loop: count=416, trial=1, Duration=94888 ms
Remap: 85.83 ms
Transform color: 6.87 ms
CAM#0: PART SEARCH: search_time:0.00 ms
Process time: 0.00 ms
Loop: count=417, trial=1, Duration=95249 ms
Remap: 73.86 ms
Transform color: 4.43 ms
CAM#0: PART SEARCH: search_time:0.00 ms
Process time: 0.00 ms
Loop: count=418, trial=1, Duration=80359 ms
Remap: 78.12 ms
Transform color: 5.40 ms
CAM#0: PART SEARCH: search_time:0.00 ms
Process time: 0.00 ms
CAM#0: Using GLobal SEARCH ##############################################
CAM#0: GLOBAL SEARCH: search_time:0.00 ms
CAM#0: Found when using GLOBAL_IMAGE. X: 3362.00 Y:654.00
Loop: count=419, trial=1, Duration=86118 ms
Remap: 67.61 ms
Transform color: 4.63 ms
Get partial image time: 0.09 ms
Apriltag detector detect time: 9.39 ms
Zarray time: 0.00 ms
CAM#0: tag#5: FAST SEARCH: search_time:9.59 microseconds
CAM#0: PART SEARCH: search_time:9.63 ms
Process time: 0.00 ms
Loop: count=420, trial=1, Duration=85108 ms
Remap: 78.31 ms
Transform color: 10.20 ms
Get partial image time: 0.10 ms
Apriltag detector detect time: 10.47 ms
Zarray time: 0.00 ms
CAM#0: tag#5: FAST SEARCH: search_time:10.76 microseconds
CAM#0: PART SEARCH: search_time:10.78 ms
Tags are missing.
Process time: 0.00 ms
CAM#0: Using GLobal SEARCH ##############################################
CAM#0: GLOBAL SEARCH: search_time:50.11 ms
CAM#0: Found when using GLOBAL_IMAGE. X: 3423.00 Y:514.00
Loop: count=421, trial=1, Duration=633555 ms
Remap: 54.32 ms
Transform color: 4.08 ms
Get partial image time: 0.07 ms
Apriltag detector detect time: 12.56 ms
Zarray time: 0.00 ms
CAM#0: tag#5: FAST SEARCH: search_time:12.71 microseconds
CAM#0: PART SEARCH: search_time:12.73 ms
Process time: 0.00 ms
Loop: count=422, trial=1, Duration=73560 ms
Remap: 71.67 ms
Transform color: 14.33 ms
Get partial image time: 0.17 ms
Apriltag detector detect time: 11.83 ms
Zarray time: 0.00 ms
CAM#0: tag#5: FAST SEARCH: search_time:12.09 microseconds
CAM#0: PART SEARCH: search_time:12.13 ms
Tags are missing.
Process time: 0.00 ms
CAM#0: Using GLobal SEARCH ##############################################
CAM#0: GLOBAL SEARCH: search_time:0.00 ms
CAM#0: Found when using GLOBAL_IMAGE. X: 3485.00 Y:363.00
Loop: count=423, trial=1, Duration=100700 ms
Remap: 66.70 ms
Transform color: 3.85 ms
Get partial image time: 0.05 ms
Apriltag detector detect time: 7.39 ms
Zarray time: 0.00 ms
CAM#0: tag#5: FAST SEARCH: search_time:7.53 microseconds
CAM#0: PART SEARCH: search_time:7.55 ms
CAM#0: Found when using PART_IMAGE. X: 3513.32 Y:299.22
tag->x: 3485 tag->y: 363 detection->x: 3513.32 detection->y: 299.22
Process time: 1.08 ms
Tag ID: 5, AprilTag Size: 128.26, Search Area Size: 3392.48, Ratio: 26.45
Loop: count=424, trial=1, Duration=91494 ms
Remap: 78.39 ms
Transform color: 12.21 ms
Get partial image time: 0.08 ms
Apriltag detector detect time: 4.71 ms
Zarray time: 0.00 ms
CAM#0: tag#5: FAST SEARCH: search_time:4.87 microseconds
CAM#0: PART SEARCH: search_time:4.90 ms
CAM#0: Found when using PART_IMAGE. X: 3514.56 Y:297.74
tag->x: 3513 tag->y: 299 detection->x: 3514.56 detection->y: 297.74
Previous velocity: 104.96 Current velocity: 20.03 time s: 0.11 acceleration: 760.82
Process time: 1.05 ms
Tag ID: 5, AprilTag Size: 127.95, Search Area Size: 1742.67, Ratio: 13.62
Loop: count=425, trial=1, Duration=138728 ms
Remap: 71.88 ms
Transform color: 1.33 ms
Get partial image time: 0.04 ms
Apriltag detector detect time: 3.56 ms
Zarray time: 0.00 ms
CAM#0: tag#5: FAST SEARCH: search_time:3.63 microseconds
CAM#0: PART SEARCH: search_time:3.65 ms
CAM#0: Found when using PART_IMAGE. X: 3514.81 Y:296.79
tag->x: 3514 tag->y: 297 detection->x: 3514.81 detection->y: 296.79
Previous velocity: 20.03 Current velocity: 8.24 time s: 0.12 acceleration: 97.16
Process time: 0.61 ms
Tag ID: 5, AprilTag Size: 127.99, Search Area Size: 1696.41, Ratio: 13.25
Loop: count=426, trial=1, Duration=79596 ms
Remap: 28.43 ms
Transform color: 1.94 ms
Get partial image time: 0.04 ms
Apriltag detector detect time: 4.12 ms
Zarray time: 0.00 ms
CAM#0: tag#5: FAST SEARCH: search_time:4.25 microseconds
CAM#0: PART SEARCH: search_time:4.27 ms
CAM#0: Found when using PART_IMAGE. X: 3514.58 Y:297.49
tag->x: 3514 tag->y: 296 detection->x: 3514.58 detection->y: 297.49
Previous velocity: 8.24 Current velocity: 27.21 time s: 0.04 acceleration: 516.23
Process time: 0.98 ms
Tag ID: 5, AprilTag Size: 128.00, Search Area Size: 1691.27, Ratio: 13.21
Loop: count=427, trial=1, Duration=40373 ms
Remap: 146.31 ms
Transform color: 163.48 ms
Get partial image time: 0.12 ms
Apriltag detector detect time: 5.65 ms
Zarray time: 0.00 ms
CAM#0: tag#5: FAST SEARCH: search_time:5.87 microseconds
CAM#0: PART SEARCH: search_time:5.91 ms
CAM#0: Found when using PART_IMAGE. X: 3514.22 Y:298.21
tag->x: 3514 tag->y: 297 detection->x: 3514.22 detection->y: 298.21
Previous velocity: 27.21 Current velocity: 3.13 time s: 0.32 acceleration: 75.28
Process time: 1.09 ms
Tag ID: 5, AprilTag Size: 128.13, Search Area Size: 2133.28, Ratio: 16.65
Loop: count=428, trial=1, Duration=320287 ms
Remap: 75.04 ms
Transform color: 15.12 ms
Get partial image time: 0.06 ms
Apriltag detector detect time: 4.28 ms
Zarray time: 0.00 ms
CAM#0: tag#5: FAST SEARCH: search_time:4.39 microseconds
CAM#0: PART SEARCH: search_time:4.41 ms
CAM#0: Found when using PART_IMAGE. X: 3514.56 Y:297.28
tag->x: 3514 tag->y: 298 detection->x: 3514.56 detection->y: 297.28
Previous velocity: 3.13 Current velocity: 9.94 time s: 0.10 acceleration: 67.70
Process time: 1.00 ms
Tag ID: 5, AprilTag Size: 127.99, Search Area Size: 1727.25, Ratio: 13.49
Loop: count=429, trial=1, Duration=98617 ms
Remap: 68.68 ms
Transform color: 15.27 ms
Get partial image time: 0.05 ms
Apriltag detector detect time: 4.71 ms
Zarray time: 0.00 ms
CAM#0: tag#5: FAST SEARCH: search_time:4.87 microseconds
CAM#0: PART SEARCH: search_time:4.89 ms
CAM#0: Found when using PART_IMAGE. X: 3514.14 Y:298.05
tag->x: 3514 tag->y: 297 detection->x: 3514.14 detection->y: 298.05
Previous velocity: 9.94 Current velocity: 10.81 time s: 0.09 acceleration: 9.48
Process time: 1.17 ms
Tag ID: 5, AprilTag Size: 128.12, Search Area Size: 1722.11, Ratio: 13.44
Loop: count=430, trial=1, Duration=93947 ms
Remap: 17.75 ms
Transform color: 2.59 ms
Get partial image time: 0.08 ms
Apriltag detector detect time: 4.77 ms
Zarray time: 0.00 ms
CAM#0: tag#5: FAST SEARCH: search_time:4.94 microseconds
CAM#0: PART SEARCH: search_time:4.98 ms
CAM#0: Found when using PART_IMAGE. X: 3514.53 Y:297.36
tag->x: 3514 tag->y: 298 detection->x: 3514.53 detection->y: 297.36
Previous velocity: 10.81 Current velocity: 32.89 time s: 0.03 acceleration: 725.90
Process time: 1.10 ms
Tag ID: 5, AprilTag Size: 128.03, Search Area Size: 1691.27, Ratio: 13.21
Loop: count=431, trial=1, Duration=29030 ms
Remap: 75.33 ms
Transform color: 14.18 ms
Get partial image time: 0.07 ms
Apriltag detector detect time: 4.92 ms
Zarray time: 0.00 ms
CAM#0: tag#5: FAST SEARCH: search_time:5.10 microseconds
CAM#0: PART SEARCH: search_time:5.11 ms
CAM#0: Found when using PART_IMAGE. X: 3514.33 Y:297.65
tag->x: 3514 tag->y: 297 detection->x: 3514.33 detection->y: 297.65
Previous velocity: 32.89 Current velocity: 0.00 time s: 0.10 acceleration: 335.01
Process time: 1.00 ms
Tag ID: 5, AprilTag Size: 128.01, Search Area Size: 1727.25, Ratio: 13.49
Loop: count=432, trial=1, Duration=97929 ms
Remap: 29.28 ms
Transform color: 2.89 ms
Get partial image time: 0.04 ms
Apriltag detector detect time: 4.50 ms
Zarray time: 0.00 ms
CAM#0: tag#5: FAST SEARCH: search_time:4.64 microseconds
CAM#0: PART SEARCH: search_time:4.67 ms
CAM#0: Found when using PART_IMAGE. X: 3514.30 Y:297.70
tag->x: 3514 tag->y: 297 detection->x: 3514.30 detection->y: 297.70
Previous velocity: 0.00 Current velocity: 0.00 time s: 0.04 acceleration: 0.00
Process time: 1.14 ms
Tag ID: 5, AprilTag Size: 128.07, Search Area Size: 1691.27, Ratio: 13.21
Loop: count=433, trial=1, Duration=41281 ms
Remap: 77.68 ms
Transform color: 12.91 ms
Get partial image time: 0.05 ms
Apriltag detector detect time: 4.61 ms
Zarray time: 0.00 ms
CAM#0: tag#5: FAST SEARCH: search_time:4.74 microseconds
CAM#0: PART SEARCH: search_time:4.76 ms
CAM#0: Found when using PART_IMAGE. X: 3514.43 Y:297.38
tag->x: 3514 tag->y: 297 detection->x: 3514.43 detection->y: 297.38
Previous velocity: 0.00 Current velocity: 0.00 time s: 0.10 acceleration: 0.00
Process time: 1.21 ms
Tag ID: 5, AprilTag Size: 127.99, Search Area Size: 1722.11, Ratio: 13.46
Loop: count=434, trial=1, Duration=98574 ms
Remap: 60.73 ms
Transform color: 3.60 ms
Get partial image time: 0.03 ms
Apriltag detector detect time: 4.06 ms
Zarray time: 0.00 ms
CAM#0: tag#5: FAST SEARCH: search_time:4.16 microseconds
CAM#0: PART SEARCH: search_time:4.18 ms
CAM#0: Found when using PART_IMAGE. X: 3514.23 Y:297.97
tag->x: 3514 tag->y: 297 detection->x: 3514.23 detection->y: 297.97
Previous velocity: 0.00 Current velocity: 0.00 time s: 0.07 acceleration: 0.00
Process time: 1.02 ms
Tag ID: 5, AprilTag Size: 128.11, Search Area Size: 1711.83, Ratio: 13.36
Loop: count=435, trial=1, Duration=72911 ms
Remap: 64.49 ms
Transform color: 1.30 ms
Get partial image time: 0.03 ms
Apriltag detector detect time: 4.00 ms
Zarray time: 0.00 ms
CAM#0: tag#5: FAST SEARCH: search_time:4.09 microseconds
CAM#0: PART SEARCH: search_time:4.11 ms
CAM#0: Found when using PART_IMAGE. X: 3514.34 Y:297.66
tag->x: 3514 tag->y: 297 detection->x: 3514.34 detection->y: 297.66
Previous velocity: 0.00 Current velocity: 0.00 time s: 0.07 acceleration: 0.00
Process time: 0.98 ms
Tag ID: 5, AprilTag Size: 128.02, Search Area Size: 1711.83, Ratio: 13.37
Loop: count=436, trial=1, Duration=72718 ms
Remap: 14.84 ms
Transform color: 1.45 ms
Get partial image time: 0.03 ms
Apriltag detector detect time: 3.91 ms
Zarray time: 0.00 ms
CAM#0: tag#5: FAST SEARCH: search_time:4.01 microseconds
CAM#0: PART SEARCH: search_time:4.03 ms
CAM#0: Found when using PART_IMAGE. X: 3514.46 Y:297.52
tag->x: 3514 tag->y: 297 detection->x: 3514.46 detection->y: 297.52
Previous velocity: 0.00 Current velocity: 0.00 time s: 0.02 acceleration: 0.00
Process time: 1.00 ms
Tag ID: 5, AprilTag Size: 128.07, Search Area Size: 1691.27, Ratio: 13.21
Loop: count=437, trial=1, Duration=23364 ms
Remap: 84.72 ms
Transform color: 15.51 ms
Get partial image time: 0.04 ms
Apriltag detector detect time: 4.43 ms
Zarray time: 0.00 ms
CAM#0: tag#5: FAST SEARCH: search_time:4.55 microseconds
CAM#0: PART SEARCH: search_time:4.57 ms
CAM#0: Found when using PART_IMAGE. X: 3514.37 Y:297.78
tag->x: 3514 tag->y: 297 detection->x: 3514.37 detection->y: 297.78
Previous velocity: 0.00 Current velocity: 0.00 time s: 0.13 acceleration: 0.00
Process time: 1.03 ms
Tag ID: 5, AprilTag Size: 128.12, Search Area Size: 1763.23, Ratio: 13.76
Loop: count=438, trial=1, Duration=133356 ms
Remap: 77.28 ms
Transform color: 13.74 ms
Get partial image time: 0.06 ms
Apriltag detector detect time: 4.61 ms
Zarray time: 0.00 ms
CAM#0: tag#5: FAST SEARCH: search_time:4.74 microseconds
CAM#0: PART SEARCH: search_time:4.76 ms
CAM#0: Found when using PART_IMAGE. X: 3514.32 Y:297.61
tag->x: 3514 tag->y: 297 detection->x: 3514.32 detection->y: 297.61
Previous velocity: 0.00 Current velocity: 0.00 time s: 0.10 acceleration: 0.00
Process time: 1.04 ms
CAM#0: Using GLobal SEARCH ##############################################
CAM#0: GLOBAL SEARCH: search_time:0.00 ms
CAM#0: Found when using GLOBAL_IMAGE. X: 3514.00 Y:297.00
Loop: count=439, trial=1, Duration=99794 ms
Remap: 79.03 ms
Transform color: 9.79 ms
Get partial image time: 0.10 ms
Apriltag detector detect time: 7.67 ms
Zarray time: 0.00 ms
CAM#0: tag#5: FAST SEARCH: search_time:7.86 microseconds
CAM#0: PART SEARCH: search_time:7.88 ms
CAM#0: Found when using PART_IMAGE. X: 3514.32 Y:297.86
tag->x: 3514 tag->y: 297 detection->x: 3514.32 detection->y: 297.86
Process time: 1.21 ms
Tag ID: 5, AprilTag Size: 128.09, Search Area Size: 3084.98, Ratio: 24.08
Loop: count=440, trial=1, Duration=101036 ms
Remap: 58.77 ms
Transform color: 3.59 ms
Get partial image time: 0.03 ms
Apriltag detector detect time: 4.08 ms
Zarray time: 0.00 ms
CAM#0: tag#5: FAST SEARCH: search_time:4.17 microseconds
CAM#0: PART SEARCH: search_time:4.19 ms
CAM#0: Found when using PART_IMAGE. X: 3514.33 Y:297.56
tag->x: 3514 tag->y: 297 detection->x: 3514.33 detection->y: 297.56
Previous velocity: 0.00 Current velocity: 0.00 time s: 0.07 acceleration: 0.00
Process time: 1.01 ms
Tag ID: 5, AprilTag Size: 128.03, Search Area Size: 1711.83, Ratio: 13.37
Loop: count=441, trial=1, Duration=69839 ms
Remap: 80.20 ms
Transform color: 11.43 ms
Get partial image time: 0.05 ms
Apriltag detector detect time: 4.84 ms
Zarray time: 0.00 ms
CAM#0: tag#5: FAST SEARCH: search_time:4.96 microseconds
CAM#0: PART SEARCH: search_time:4.98 ms
CAM#0: Found when using PART_IMAGE. X: 3514.27 Y:297.76
tag->x: 3514 tag->y: 297 detection->x: 3514.27 detection->y: 297.76
Previous velocity: 0.00 Current velocity: 0.00 time s: 0.10 acceleration: 0.00
Process time: 1.06 ms
Tag ID: 5, AprilTag Size: 128.10, Search Area Size: 1722.11, Ratio: 13.44
Loop: count=442, trial=1, Duration=100929 ms
Remap: 83.92 ms
Transform color: 11.27 ms
Get partial image time: 0.08 ms
Apriltag detector detect time: 4.67 ms
Zarray time: 0.00 ms
CAM#0: tag#5: FAST SEARCH: search_time:4.85 microseconds
CAM#0: PART SEARCH: search_time:4.88 ms
CAM#0: Found when using PART_IMAGE. X: 3514.48 Y:297.69
tag->x: 3514 tag->y: 297 detection->x: 3514.48 detection->y: 297.69
Previous velocity: 0.00 Current velocity: 0.00 time s: 0.10 acceleration: 0.00
Process time: 1.04 ms
Tag ID: 5, AprilTag Size: 128.09, Search Area Size: 1732.39, Ratio: 13.52
Loop: count=443, trial=1, Duration=104485 ms
Remap: 80.31 ms
Transform color: 13.67 ms
Get partial image time: 0.09 ms
Apriltag detector detect time: 4.83 ms
Zarray time: 0.00 ms
CAM#0: tag#5: FAST SEARCH: search_time:5.01 microseconds
CAM#0: PART SEARCH: search_time:5.04 ms
CAM#0: Found when using PART_IMAGE. X: 3514.36 Y:297.69
tag->x: 3514 tag->y: 297 detection->x: 3514.36 detection->y: 297.69
Previous velocity: 0.00 Current velocity: 0.00 time s: 0.10 acceleration: 0.00
Process time: 1.03 ms
Tag ID: 5, AprilTag Size: 128.12, Search Area Size: 1732.39, Ratio: 13.52
Loop: count=444, trial=1, Duration=288818 ms
Remap: 78.19 ms
Transform color: 11.37 ms
Get partial image time: 0.06 ms
Apriltag detector detect time: 4.44 ms
Zarray time: 0.00 ms
CAM#0: tag#5: FAST SEARCH: search_time:4.55 microseconds
CAM#0: PART SEARCH: search_time:4.57 ms
CAM#0: Found when using PART_IMAGE. X: 3514.40 Y:297.82
tag->x: 3514 tag->y: 297 detection->x: 3514.40 detection->y: 297.82
Previous velocity: 0.00 Current velocity: 0.00 time s: 0.28 acceleration: 0.00
Process time: 0.67 ms
Tag ID: 5, AprilTag Size: 128.02, Search Area Size: 2032.55, Ratio: 15.88
Loop: count=445, trial=1, Duration=96609 ms
Remap: 54.48 ms
Transform color: 6.64 ms
Get partial image time: 0.05 ms
Apriltag detector detect time: 3.92 ms
Zarray time: 0.00 ms
CAM#0: tag#5: FAST SEARCH: search_time:13.27 microseconds
CAM#0: PART SEARCH: search_time:13.30 ms
CAM#0: Found when using PART_IMAGE. X: 3514.31 Y:297.74
tag->x: 3514 tag->y: 297 detection->x: 3514.31 detection->y: 297.74
Previous velocity: 0.00 Current velocity: 0.00 time s: 0.07 acceleration: 0.00
Process time: 1.04 ms
Tag ID: 5, AprilTag Size: 128.06, Search Area Size: 1701.55, Ratio: 13.29
Loop: count=446, trial=1, Duration=78343 ms
Remap: 67.14 ms
Transform color: 10.86 ms
Get partial image time: 0.04 ms
Apriltag detector detect time: 4.40 ms
Zarray time: 0.00 ms
CAM#0: tag#5: FAST SEARCH: search_time:4.50 microseconds
CAM#0: PART SEARCH: search_time:4.52 ms
CAM#0: Found when using PART_IMAGE. X: 3514.38 Y:297.82
tag->x: 3514 tag->y: 297 detection->x: 3514.38 detection->y: 297.82
Previous velocity: 0.00 Current velocity: 0.00 time s: 0.10 acceleration: 0.00
Process time: 1.00 ms
Tag ID: 5, AprilTag Size: 128.02, Search Area Size: 1722.11, Ratio: 13.45
Loop: count=447, trial=1, Duration=86256 ms
