Remap: 91.76 ms
Transform color: 12.44 ms
CAM#1: PART SEARCH: search_time:0.00 ms
Process time: 0.00 ms
Loop: count=0, trial=1, Duration=204879 ms
Remap: 129.73 ms
Transform color: 12.65 ms
CAM#1: PART SEARCH: search_time:0.00 ms
Process time: 0.00 ms
Loop: count=1, trial=1, Duration=179668 ms
Remap: 14.48 ms
Transform color: 1.92 ms
CAM#1: PART SEARCH: search_time:0.00 ms
Process time: 0.00 ms
Loop: count=2, trial=1, Duration=106636 ms
Remap: 73.11 ms
Transform color: 12.75 ms
CAM#1: PART SEARCH: search_time:0.00 ms
Process time: 0.00 ms
Loop: count=3, trial=1, Duration=202292 ms
Remap: 13.50 ms
Transform color: 1.84 ms
CAM#1: PART SEARCH: search_time:0.00 ms
Process time: 0.00 ms
Loop: count=4, trial=1, Duration=306056 ms
Remap: 82.64 ms
Transform color: 15.85 ms
CAM#1: PART SEARCH: search_time:0.00 ms
Process time: 0.00 ms
Loop: count=5, trial=1, Duration=103748 ms
Remap: 84.14 ms
Transform color: 11.56 ms
CAM#1: PART SEARCH: search_time:0.00 ms
Process time: 0.00 ms
Loop: count=6, trial=1, Duration=137618 ms
Remap: 87.56 ms
Transform color: 13.59 ms
CAM#1: PART SEARCH: search_time:0.00 ms
Process time: 0.00 ms
Loop: count=7, trial=1, Duration=103577 ms
Remap: 81.97 ms
Transform color: 16.93 ms
CAM#1: PART SEARCH: search_time:0.00 ms
Process time: 0.00 ms
Loop: count=8, trial=1, Duration=195418 ms
Remap: 84.78 ms
Transform color: 13.18 ms
CAM#1: PART SEARCH: search_time:0.00 ms
Process time: 0.00 ms
Loop: count=9, trial=1, Duration=102156 ms
Remap: 79.74 ms
Transform color: 16.59 ms
CAM#1: PART SEARCH: search_time:0.00 ms
Process time: 0.00 ms
Loop: count=10, trial=1, Duration=143391 ms
Remap: 89.40 ms
Transform color: 6.40 ms
CAM#1: PART SEARCH: search_time:0.00 ms
Process time: 0.00 ms
Loop: count=11, trial=1, Duration=405301 ms
Remap: 84.84 ms
Transform color: 1.57 ms
CAM#1: PART SEARCH: search_time:0.00 ms
Process time: 0.00 ms
Loop: count=12, trial=1, Duration=88480 ms
Remap: 81.42 ms
Transform color: 13.49 ms
CAM#1: PART SEARCH: search_time:0.00 ms
Process time: 0.00 ms
Loop: count=13, trial=1, Duration=121133 ms
Remap: 78.52 ms
Transform color: 14.97 ms
CAM#1: PART SEARCH: search_time:0.00 ms
Process time: 0.00 ms
Loop: count=14, trial=1, Duration=96305 ms
Remap: 78.06 ms
Transform color: 10.03 ms
CAM#1: PART SEARCH: search_time:0.00 ms
Process time: 0.00 ms
CAM#1: Using GLobal SEARCH ##############################################
CAM#1: GLOBAL SEARCH: search_time:0.00 ms
Loop: count=15, trial=1, Duration=315287 ms
Remap: 78.68 ms
Transform color: 14.59 ms
CAM#1: PART SEARCH: search_time:0.00 ms
Process time: 0.00 ms
Loop: count=16, trial=1, Duration=96628 ms
Remap: 79.96 ms
Transform color: 19.40 ms
CAM#1: PART SEARCH: search_time:0.00 ms
Process time: 0.00 ms
Loop: count=17, trial=1, Duration=102415 ms
Remap: 78.87 ms
Transform color: 16.10 ms
CAM#1: PART SEARCH: search_time:0.00 ms
Process time: 0.00 ms
Loop: count=18, trial=1, Duration=98093 ms
Remap: 73.19 ms
Transform color: 14.96 ms
CAM#1: PART SEARCH: search_time:0.00 ms
Process time: 0.00 ms
Loop: count=19, trial=1, Duration=90923 ms
Remap: 83.30 ms
Transform color: 10.68 ms
CAM#1: PART SEARCH: search_time:0.00 ms
Process time: 0.01 ms
Loop: count=20, trial=1, Duration=133551 ms
Remap: 71.05 ms
Transform color: 7.47 ms
CAM#1: PART SEARCH: search_time:0.00 ms
Process time: 0.00 ms
Loop: count=21, trial=1, Duration=173878 ms
Remap: 80.85 ms
Transform color: 17.11 ms
CAM#1: PART SEARCH: search_time:0.00 ms
Process time: 0.00 ms
Loop: count=22, trial=1, Duration=100937 ms
Remap: 82.08 ms
Transform color: 14.93 ms
CAM#1: PART SEARCH: search_time:0.00 ms
Process time: 0.00 ms
Loop: count=23, trial=1, Duration=99539 ms
Remap: 79.17 ms
Transform color: 16.96 ms
CAM#1: PART SEARCH: search_time:0.00 ms
Process time: 0.00 ms
Loop: count=24, trial=1, Duration=178879 ms
Remap: 108.61 ms
Transform color: 103.01 ms
CAM#1: PART SEARCH: search_time:0.00 ms
Process time: 0.00 ms
Loop: count=25, trial=1, Duration=295131 ms
Remap: 115.90 ms
Transform color: 1.54 ms
CAM#1: PART SEARCH: search_time:0.00 ms
Process time: 0.00 ms
Loop: count=26, trial=1, Duration=127097 ms
Remap: 89.98 ms
Transform color: 16.32 ms
CAM#1: PART SEARCH: search_time:0.00 ms
Process time: 0.00 ms
Loop: count=27, trial=1, Duration=109375 ms
Remap: 84.46 ms
Transform color: 3.05 ms
CAM#1: PART SEARCH: search_time:0.00 ms
Process time: 0.00 ms
Loop: count=28, trial=1, Duration=90939 ms
Remap: 81.11 ms
Transform color: 14.34 ms
CAM#1: PART SEARCH: search_time:0.00 ms
Process time: 0.00 ms
Loop: count=29, trial=1, Duration=137366 ms
Remap: 73.18 ms
Transform color: 15.48 ms
CAM#1: PART SEARCH: search_time:0.00 ms
Process time: 0.00 ms
Loop: count=30, trial=1, Duration=247760 ms
Remap: 24.39 ms
Transform color: 3.29 ms
CAM#1: PART SEARCH: search_time:0.00 ms
Process time: 0.00 ms
CAM#1: Using GLobal SEARCH ##############################################
CAM#1: GLOBAL SEARCH: search_time:0.00 ms
Loop: count=31, trial=1, Duration=30381 ms
Remap: 73.27 ms
Transform color: 121.48 ms
CAM#1: PART SEARCH: search_time:0.00 ms
Process time: 0.00 ms
Loop: count=32, trial=1, Duration=349079 ms
Remap: 82.05 ms
Transform color: 18.07 ms
CAM#1: PART SEARCH: search_time:0.00 ms
Process time: 0.00 ms
Loop: count=33, trial=1, Duration=102880 ms
Remap: 81.41 ms
Transform color: 13.92 ms
CAM#1: PART SEARCH: search_time:0.00 ms
Process time: 0.00 ms
Loop: count=34, trial=1, Duration=98698 ms
Remap: 79.88 ms
Transform color: 18.41 ms
CAM#1: PART SEARCH: search_time:0.00 ms
Process time: 0.00 ms
Loop: count=35, trial=1, Duration=101182 ms
Remap: 80.48 ms
Transform color: 15.91 ms
CAM#1: PART SEARCH: search_time:0.00 ms
Process time: 0.00 ms
Loop: count=36, trial=1, Duration=99477 ms
Remap: 82.18 ms
Transform color: 17.46 ms
CAM#1: PART SEARCH: search_time:0.00 ms
Process time: 0.00 ms
Loop: count=37, trial=1, Duration=102788 ms
Remap: 87.36 ms
Transform color: 18.29 ms
CAM#1: PART SEARCH: search_time:0.00 ms
Process time: 0.00 ms
Loop: count=38, trial=1, Duration=108909 ms
Remap: 80.05 ms
Transform color: 16.19 ms
CAM#1: PART SEARCH: search_time:0.00 ms
Process time: 0.00 ms
Loop: count=39, trial=1, Duration=98835 ms
Remap: 80.24 ms
Transform color: 18.35 ms
CAM#1: PART SEARCH: search_time:0.00 ms
Process time: 0.00 ms
Loop: count=40, trial=1, Duration=102220 ms
Remap: 79.09 ms
Transform color: 19.52 ms
CAM#1: PART SEARCH: search_time:0.00 ms
Process time: 0.00 ms
Loop: count=41, trial=1, Duration=101069 ms
Remap: 123.89 ms
Transform color: 18.18 ms
CAM#1: PART SEARCH: search_time:0.00 ms
Process time: 0.00 ms
Loop: count=42, trial=1, Duration=201595 ms
Remap: 78.28 ms
Transform color: 12.70 ms
CAM#1: PART SEARCH: search_time:0.00 ms
Process time: 0.00 ms
Loop: count=43, trial=1, Duration=94409 ms
Remap: 80.03 ms
Transform color: 12.53 ms
CAM#1: PART SEARCH: search_time:0.00 ms
Process time: 0.00 ms
Loop: count=44, trial=1, Duration=96559 ms
Remap: 82.51 ms
Transform color: 17.75 ms
CAM#1: PART SEARCH: search_time:0.01 ms
Process time: 0.00 ms
Loop: count=45, trial=1, Duration=120206 ms
Remap: 86.07 ms
Transform color: 16.88 ms
CAM#1: PART SEARCH: search_time:0.00 ms
Process time: 0.00 ms
Loop: count=46, trial=1, Duration=106717 ms
Remap: 78.57 ms
Transform color: 21.64 ms
CAM#1: PART SEARCH: search_time:0.00 ms
Process time: 0.00 ms
CAM#1: Using GLobal SEARCH ##############################################
CAM#1: GLOBAL SEARCH: search_time:0.00 ms
Loop: count=47, trial=1, Duration=103454 ms
Remap: 76.18 ms
Transform color: 15.05 ms
CAM#1: PART SEARCH: search_time:0.00 ms
Process time: 0.00 ms
Loop: count=48, trial=1, Duration=95642 ms
Remap: 83.83 ms
Transform color: 4.37 ms
CAM#1: PART SEARCH: search_time:0.00 ms
Process time: 0.00 ms
Loop: count=49, trial=1, Duration=141695 ms
Remap: 90.00 ms
Transform color: 15.39 ms
CAM#1: PART SEARCH: search_time:0.00 ms
Process time: 0.00 ms
Loop: count=50, trial=1, Duration=107979 ms
Remap: 70.77 ms
Transform color: 17.93 ms
CAM#1: PART SEARCH: search_time:0.00 ms
Process time: 0.00 ms
Loop: count=51, trial=1, Duration=126738 ms
Remap: 87.01 ms
Transform color: 17.91 ms
CAM#1: PART SEARCH: search_time:0.00 ms
Process time: 0.00 ms
Loop: count=52, trial=1, Duration=130547 ms
Remap: 89.35 ms
Transform color: 18.39 ms
CAM#1: PART SEARCH: search_time:0.00 ms
Process time: 0.00 ms
Loop: count=53, trial=1, Duration=137097 ms
Remap: 73.85 ms
Transform color: 15.35 ms
CAM#1: PART SEARCH: search_time:0.00 ms
Process time: 0.00 ms
Loop: count=54, trial=1, Duration=127451 ms
Remap: 87.27 ms
Transform color: 13.67 ms
CAM#1: PART SEARCH: search_time:0.00 ms
Process time: 0.00 ms
Loop: count=55, trial=1, Duration=130409 ms
Remap: 89.41 ms
Transform color: 15.32 ms
CAM#1: PART SEARCH: search_time:0.00 ms
Process time: 0.00 ms
Loop: count=56, trial=1, Duration=108200 ms
Remap: 85.54 ms
Transform color: 18.65 ms
CAM#1: PART SEARCH: search_time:0.00 ms
Process time: 0.00 ms
Loop: count=57, trial=1, Duration=106625 ms
Remap: 89.17 ms
Transform color: 19.57 ms
CAM#1: PART SEARCH: search_time:0.00 ms
Process time: 0.00 ms
Loop: count=58, trial=1, Duration=113034 ms
Remap: 110.67 ms
Transform color: 21.80 ms
CAM#1: PART SEARCH: search_time:0.01 ms
Process time: 0.00 ms
Loop: count=59, trial=1, Duration=136718 ms
Remap: 82.05 ms
Transform color: 19.18 ms
CAM#1: PART SEARCH: search_time:0.00 ms
Process time: 0.00 ms
Loop: count=60, trial=1, Duration=116274 ms
Remap: 80.93 ms
Transform color: 14.83 ms
CAM#1: PART SEARCH: search_time:0.00 ms
Process time: 0.00 ms
Loop: count=61, trial=1, Duration=103196 ms
Remap: 87.06 ms
Transform color: 13.83 ms
CAM#1: PART SEARCH: search_time:0.00 ms
Process time: 0.00 ms
Loop: count=62, trial=1, Duration=104122 ms
Remap: 84.73 ms
Transform color: 17.88 ms
CAM#1: PART SEARCH: search_time:0.00 ms
Process time: 0.00 ms
CAM#1: Using GLobal SEARCH ##############################################
CAM#1: GLOBAL SEARCH: search_time:0.00 ms
Loop: count=63, trial=1, Duration=105197 ms
Remap: 84.49 ms
Transform color: 17.36 ms
CAM#1: PART SEARCH: search_time:0.00 ms
Process time: 0.00 ms
Loop: count=64, trial=1, Duration=113486 ms
Remap: 228.65 ms
Transform color: 4.00 ms
CAM#1: PART SEARCH: search_time:0.00 ms
Process time: 0.00 ms
Loop: count=65, trial=1, Duration=236511 ms
Remap: 47.22 ms
Transform color: 52.94 ms
CAM#1: PART SEARCH: search_time:0.00 ms
Process time: 0.00 ms
Loop: count=66, trial=1, Duration=105789 ms
Remap: 98.86 ms
Transform color: 19.20 ms
CAM#1: PART SEARCH: search_time:0.00 ms
Process time: 0.00 ms
Loop: count=67, trial=1, Duration=121220 ms
Remap: 93.88 ms
Transform color: 18.49 ms
CAM#1: PART SEARCH: search_time:0.00 ms
Process time: 0.00 ms
Loop: count=68, trial=1, Duration=114872 ms
Remap: 84.18 ms
Transform color: 15.25 ms
CAM#1: PART SEARCH: search_time:0.00 ms
Process time: 0.00 ms
Loop: count=69, trial=1, Duration=102710 ms
Remap: 83.07 ms
Transform color: 20.22 ms
CAM#1: PART SEARCH: search_time:0.00 ms
Process time: 0.00 ms
Loop: count=70, trial=1, Duration=107630 ms
Remap: 85.14 ms
Transform color: 14.46 ms
CAM#1: PART SEARCH: search_time:0.00 ms
Process time: 0.00 ms
Loop: count=71, trial=1, Duration=127305 ms
Remap: 86.75 ms
Transform color: 16.40 ms
CAM#1: PART SEARCH: search_time:0.00 ms
Process time: 0.00 ms
Loop: count=72, trial=1, Duration=460858 ms
Remap: 87.09 ms
Transform color: 16.42 ms
CAM#1: PART SEARCH: search_time:0.00 ms
Process time: 0.00 ms
Loop: count=73, trial=1, Duration=107520 ms
Remap: 63.92 ms
Transform color: 5.27 ms
CAM#1: PART SEARCH: search_time:0.00 ms
Process time: 0.00 ms
Loop: count=74, trial=1, Duration=72484 ms
Remap: 75.73 ms
Transform color: 5.68 ms
CAM#1: PART SEARCH: search_time:0.00 ms
Process time: 0.00 ms
Loop: count=75, trial=1, Duration=83550 ms
Remap: 61.59 ms
Transform color: 6.32 ms
CAM#1: PART SEARCH: search_time:0.00 ms
Process time: 0.00 ms
Loop: count=76, trial=1, Duration=70897 ms
Remap: 58.39 ms
Transform color: 6.17 ms
CAM#1: PART SEARCH: search_time:0.00 ms
Process time: 0.00 ms
Loop: count=77, trial=1, Duration=67691 ms
Remap: 58.83 ms
Transform color: 6.18 ms
CAM#1: PART SEARCH: search_time:0.00 ms
Process time: 0.00 ms
Loop: count=78, trial=1, Duration=81734 ms
Remap: 59.59 ms
Transform color: 7.39 ms
CAM#1: PART SEARCH: search_time:0.00 ms
Process time: 0.00 ms
CAM#1: Using GLobal SEARCH ##############################################
CAM#1: GLOBAL SEARCH: search_time:0.00 ms
Loop: count=79, trial=1, Duration=70237 ms
Remap: 58.95 ms
Transform color: 5.75 ms
CAM#1: PART SEARCH: search_time:0.00 ms
Process time: 0.00 ms
Loop: count=80, trial=1, Duration=67616 ms
Remap: 62.22 ms
Transform color: 6.39 ms
CAM#1: PART SEARCH: search_time:0.00 ms
Process time: 0.00 ms
Loop: count=81, trial=1, Duration=272006 ms
Remap: 58.65 ms
Transform color: 6.08 ms
CAM#1: PART SEARCH: search_time:0.00 ms
Process time: 0.00 ms
Loop: count=82, trial=1, Duration=70095 ms
Remap: 38.04 ms
Transform color: 2.90 ms
CAM#1: PART SEARCH: search_time:0.00 ms
Process time: 0.00 ms
Loop: count=83, trial=1, Duration=43268 ms
Remap: 77.09 ms
Transform color: 6.75 ms
CAM#1: PART SEARCH: search_time:0.00 ms
Process time: 0.00 ms
Loop: count=84, trial=1, Duration=92195 ms
Remap: 83.22 ms
Transform color: 10.74 ms
CAM#1: PART SEARCH: search_time:0.01 ms
Process time: 0.00 ms
Loop: count=85, trial=1, Duration=114358 ms
Remap: 85.44 ms
Transform color: 6.52 ms
CAM#1: PART SEARCH: search_time:0.00 ms
Process time: 0.00 ms
Loop: count=86, trial=1, Duration=94302 ms
Remap: 91.35 ms
Transform color: 9.00 ms
CAM#1: PART SEARCH: search_time:0.01 ms
Process time: 0.00 ms
Loop: count=87, trial=1, Duration=108269 ms
Remap: 78.10 ms
Transform color: 8.20 ms
CAM#1: PART SEARCH: search_time:0.00 ms
Process time: 0.00 ms
Loop: count=88, trial=1, Duration=126640 ms
Remap: 86.89 ms
Transform color: 7.02 ms
CAM#1: PART SEARCH: search_time:0.00 ms
Process time: 0.00 ms
Loop: count=89, trial=1, Duration=153981 ms
Remap: 66.64 ms
Transform color: 4.05 ms
CAM#1: PART SEARCH: search_time:0.00 ms
Process time: 0.00 ms
Loop: count=90, trial=1, Duration=73617 ms
Remap: 63.14 ms
Transform color: 6.72 ms
CAM#1: PART SEARCH: search_time:0.00 ms
Process time: 0.00 ms
Loop: count=91, trial=1, Duration=72403 ms
Remap: 60.00 ms
Transform color: 6.03 ms
CAM#1: PART SEARCH: search_time:0.00 ms
Process time: 0.00 ms
Loop: count=92, trial=1, Duration=99058 ms
Remap: 113.38 ms
Transform color: 7.06 ms
CAM#1: PART SEARCH: search_time:0.01 ms
Process time: 0.00 ms
Loop: count=93, trial=1, Duration=313656 ms
Remap: 73.45 ms
Transform color: 7.80 ms
CAM#1: PART SEARCH: search_time:0.00 ms
Process time: 0.00 ms
Loop: count=94, trial=1, Duration=84633 ms
Remap: 61.42 ms
Transform color: 4.80 ms
CAM#1: PART SEARCH: search_time:0.00 ms
Process time: 0.00 ms
CAM#1: Using GLobal SEARCH ##############################################
CAM#1: GLOBAL SEARCH: search_time:0.00 ms
Loop: count=95, trial=1, Duration=104603 ms
Remap: 92.67 ms
Transform color: 7.71 ms
CAM#1: PART SEARCH: search_time:0.01 ms
Process time: 0.00 ms
Loop: count=96, trial=1, Duration=103795 ms
Remap: 69.45 ms
Transform color: 4.50 ms
CAM#1: PART SEARCH: search_time:0.00 ms
Process time: 0.00 ms
Loop: count=97, trial=1, Duration=76567 ms
Remap: 86.24 ms
Transform color: 5.10 ms
CAM#1: PART SEARCH: search_time:0.00 ms
Process time: 0.00 ms
Loop: count=98, trial=1, Duration=93411 ms
Remap: 78.51 ms
Transform color: 6.07 ms
CAM#1: PART SEARCH: search_time:0.00 ms
Process time: 0.00 ms
Loop: count=99, trial=1, Duration=86752 ms
Remap: 67.56 ms
Transform color: 6.55 ms
CAM#1: PART SEARCH: search_time:0.00 ms
Process time: 0.00 ms
Loop: count=100, trial=1, Duration=77307 ms
Remap: 72.70 ms
Transform color: 4.04 ms
CAM#1: PART SEARCH: search_time:0.00 ms
Process time: 0.00 ms
Loop: count=101, trial=1, Duration=82588 ms
Remap: 64.80 ms
Transform color: 7.08 ms
CAM#1: PART SEARCH: search_time:0.00 ms
Process time: 0.00 ms
Loop: count=102, trial=1, Duration=74909 ms
Remap: 71.36 ms
Transform color: 5.74 ms
CAM#1: PART SEARCH: search_time:0.00 ms
Process time: 0.00 ms
Loop: count=103, trial=1, Duration=79752 ms
Remap: 74.60 ms
Transform color: 6.95 ms
CAM#1: PART SEARCH: search_time:0.01 ms
Process time: 0.00 ms
Loop: count=104, trial=1, Duration=153106 ms
Remap: 69.09 ms
Transform color: 7.13 ms
CAM#1: PART SEARCH: search_time:0.01 ms
Process time: 0.00 ms
Loop: count=105, trial=1, Duration=79578 ms
Remap: 65.87 ms
Transform color: 4.63 ms
CAM#1: PART SEARCH: search_time:0.00 ms
Process time: 0.00 ms
Loop: count=106, trial=1, Duration=165252 ms
Remap: 78.71 ms
Transform color: 5.91 ms
CAM#1: PART SEARCH: search_time:0.00 ms
Process time: 0.00 ms
Loop: count=107, trial=1, Duration=87477 ms
Remap: 89.92 ms
Transform color: 7.17 ms
CAM#1: PART SEARCH: search_time:0.01 ms
Process time: 0.00 ms
Loop: count=108, trial=1, Duration=99952 ms
Remap: 78.28 ms
Transform color: 3.95 ms
CAM#1: PART SEARCH: search_time:0.00 ms
Process time: 0.00 ms
Loop: count=109, trial=1, Duration=84211 ms
Remap: 69.05 ms
Transform color: 6.41 ms
CAM#1: PART SEARCH: search_time:0.00 ms
Process time: 0.00 ms
Loop: count=110, trial=1, Duration=166904 ms
Remap: 22.06 ms
Transform color: 1.64 ms
CAM#1: PART SEARCH: search_time:0.00 ms
Process time: 0.00 ms
CAM#1: Using GLobal SEARCH ##############################################
CAM#1: GLOBAL SEARCH: search_time:0.00 ms
Loop: count=111, trial=1, Duration=43226 ms
Remap: 70.18 ms
Transform color: 8.12 ms
CAM#1: PART SEARCH: search_time:0.01 ms
Process time: 0.00 ms
Loop: count=112, trial=1, Duration=194131 ms
Remap: 71.63 ms
Transform color: 7.02 ms
CAM#1: PART SEARCH: search_time:0.00 ms
Process time: 0.00 ms
Loop: count=113, trial=1, Duration=81783 ms
Remap: 94.12 ms
Transform color: 7.00 ms
CAM#1: PART SEARCH: search_time:0.01 ms
Process time: 0.00 ms
Loop: count=114, trial=1, Duration=153597 ms
Remap: 126.77 ms
Transform color: 4.41 ms
CAM#1: PART SEARCH: search_time:0.00 ms
Process time: 0.00 ms
Loop: count=115, trial=1, Duration=134072 ms
Remap: 127.38 ms
Transform color: 3.36 ms
CAM#1: PART SEARCH: search_time:0.00 ms
Process time: 0.00 ms
Loop: count=116, trial=1, Duration=133385 ms
Remap: 76.80 ms
Transform color: 5.44 ms
CAM#1: PART SEARCH: search_time:0.00 ms
Process time: 0.00 ms
Loop: count=117, trial=1, Duration=157317 ms
Remap: 106.53 ms
Transform color: 1.49 ms
CAM#1: PART SEARCH: search_time:0.00 ms
Process time: 0.00 ms
Loop: count=118, trial=1, Duration=175626 ms
Remap: 70.72 ms
Transform color: 5.53 ms
CAM#1: PART SEARCH: search_time:0.00 ms
Process time: 0.00 ms
Loop: count=119, trial=1, Duration=79282 ms
Remap: 70.65 ms
Transform color: 4.89 ms
CAM#1: PART SEARCH: search_time:0.00 ms
Process time: 0.00 ms
CAM 1: -2147483648Hz
Loop: count=120, trial=1, Duration=77543 ms
Remap: 74.71 ms
Transform color: 7.65 ms
CAM#1: PART SEARCH: search_time:0.00 ms
Process time: 0.00 ms
Loop: count=121, trial=1, Duration=85189 ms
Remap: 67.64 ms
Transform color: 5.56 ms
CAM#1: PART SEARCH: search_time:0.00 ms
Process time: 0.00 ms
Loop: count=122, trial=1, Duration=75813 ms
Remap: 69.83 ms
Transform color: 9.33 ms
CAM#1: PART SEARCH: search_time:0.00 ms
Process time: 0.00 ms
Loop: count=123, trial=1, Duration=81786 ms
Remap: 65.04 ms
Transform color: 5.47 ms
CAM#1: PART SEARCH: search_time:0.00 ms
Process time: 0.00 ms
Loop: count=124, trial=1, Duration=73290 ms
Remap: 68.44 ms
Transform color: 6.77 ms
CAM#1: PART SEARCH: search_time:0.01 ms
Process time: 0.00 ms
Loop: count=125, trial=1, Duration=78626 ms
Remap: 73.90 ms
Transform color: 5.73 ms
CAM#1: PART SEARCH: search_time:0.00 ms
Process time: 0.00 ms
Loop: count=126, trial=1, Duration=82276 ms
Remap: 80.04 ms
Transform color: 4.30 ms
CAM#1: PART SEARCH: search_time:0.00 ms
Process time: 0.00 ms
CAM#1: Using GLobal SEARCH ##############################################
CAM#1: GLOBAL SEARCH: search_time:0.00 ms
Loop: count=127, trial=1, Duration=86547 ms
Remap: 71.62 ms
Transform color: 10.12 ms
CAM#1: PART SEARCH: search_time:0.01 ms
Process time: 0.00 ms
Loop: count=128, trial=1, Duration=85617 ms
Remap: 68.81 ms
Transform color: 6.04 ms
CAM#1: PART SEARCH: search_time:0.00 ms
Process time: 0.00 ms
Loop: count=129, trial=1, Duration=78187 ms
Remap: 66.91 ms
Transform color: 3.95 ms
CAM#1: PART SEARCH: search_time:0.00 ms
Process time: 0.00 ms
Loop: count=130, trial=1, Duration=73808 ms
Remap: 88.37 ms
Transform color: 6.90 ms
CAM#1: PART SEARCH: search_time:0.00 ms
Process time: 0.00 ms
Loop: count=131, trial=1, Duration=99378 ms
Remap: 73.03 ms
Transform color: 4.77 ms
CAM#1: PART SEARCH: search_time:0.00 ms
Process time: 0.00 ms
Loop: count=132, trial=1, Duration=321956 ms
Remap: 76.94 ms
Transform color: 7.32 ms
CAM#1: PART SEARCH: search_time:0.00 ms
Process time: 0.00 ms
Loop: count=133, trial=1, Duration=86989 ms
Remap: 88.22 ms
Transform color: 7.74 ms
CAM#1: PART SEARCH: search_time:0.00 ms
Process time: 0.00 ms
Loop: count=134, trial=1, Duration=98889 ms
Remap: 70.38 ms
Transform color: 5.60 ms
CAM#1: PART SEARCH: search_time:0.01 ms
Process time: 0.00 ms
Loop: count=135, trial=1, Duration=78793 ms
Remap: 76.03 ms
Transform color: 5.38 ms
CAM#1: PART SEARCH: search_time:0.00 ms
Process time: 0.00 ms
Loop: count=136, trial=1, Duration=83843 ms
Remap: 73.42 ms
Transform color: 6.66 ms
CAM#1: PART SEARCH: search_time:0.00 ms
Process time: 0.00 ms
Loop: count=137, trial=1, Duration=82716 ms
Remap: 68.11 ms
Transform color: 6.43 ms
CAM#1: PART SEARCH: search_time:0.00 ms
Process time: 0.00 ms
Loop: count=138, trial=1, Duration=77675 ms
Remap: 71.22 ms
Transform color: 4.12 ms
CAM#1: PART SEARCH: search_time:0.00 ms
Process time: 0.00 ms
Loop: count=139, trial=1, Duration=177876 ms
Remap: 75.58 ms
Transform color: 5.94 ms
CAM#1: PART SEARCH: search_time:0.00 ms
Process time: 0.00 ms
Loop: count=140, trial=1, Duration=84350 ms
Remap: 64.08 ms
Transform color: 5.51 ms
CAM#1: PART SEARCH: search_time:0.01 ms
Process time: 0.00 ms
Loop: count=141, trial=1, Duration=159921 ms
Remap: 196.57 ms
Transform color: 3.11 ms
CAM#1: PART SEARCH: search_time:0.00 ms
Process time: 0.00 ms
Loop: count=142, trial=1, Duration=334635 ms
Remap: 77.48 ms
Transform color: 7.60 ms
CAM#1: PART SEARCH: search_time:0.00 ms
Process time: 0.00 ms
CAM#1: Using GLobal SEARCH ##############################################
CAM#1: GLOBAL SEARCH: search_time:0.00 ms
Loop: count=143, trial=1, Duration=100778 ms
Remap: 75.24 ms
Transform color: 4.52 ms
CAM#1: PART SEARCH: search_time:0.00 ms
Process time: 0.00 ms
Loop: count=144, trial=1, Duration=82551 ms
Remap: 79.61 ms
Transform color: 6.48 ms
CAM#1: PART SEARCH: search_time:0.00 ms
Process time: 0.00 ms
Loop: count=145, trial=1, Duration=94865 ms
Remap: 70.56 ms
Transform color: 9.52 ms
CAM#1: PART SEARCH: search_time:0.01 ms
Process time: 0.00 ms
Loop: count=146, trial=1, Duration=87498 ms
Remap: 82.74 ms
Transform color: 7.36 ms
CAM#1: PART SEARCH: search_time:0.01 ms
Process time: 0.00 ms
Loop: count=147, trial=1, Duration=92959 ms
Remap: 80.53 ms
Transform color: 6.29 ms
CAM#1: PART SEARCH: search_time:0.00 ms
Process time: 0.00 ms
Loop: count=148, trial=1, Duration=89838 ms
Remap: 68.62 ms
Transform color: 5.86 ms
CAM#1: PART SEARCH: search_time:0.00 ms
Process time: 0.00 ms
Loop: count=149, trial=1, Duration=76867 ms
Remap: 57.35 ms
Transform color: 5.50 ms
CAM#1: PART SEARCH: search_time:0.00 ms
Process time: 0.00 ms
Loop: count=150, trial=1, Duration=141651 ms
Remap: 78.92 ms
Transform color: 6.45 ms
CAM#1: PART SEARCH: search_time:0.00 ms
Process time: 0.00 ms
Loop: count=151, trial=1, Duration=89590 ms
Remap: 67.79 ms
Transform color: 7.51 ms
CAM#1: PART SEARCH: search_time:0.00 ms
Process time: 0.00 ms
Loop: count=152, trial=1, Duration=77351 ms
Remap: 61.96 ms
Transform color: 5.17 ms
CAM#1: PART SEARCH: search_time:0.00 ms
Process time: 0.00 ms
Loop: count=153, trial=1, Duration=69571 ms
Remap: 59.81 ms
Transform color: 5.90 ms
CAM#1: PART SEARCH: search_time:0.00 ms
Process time: 0.00 ms
Loop: count=154, trial=1, Duration=67610 ms
Remap: 57.10 ms
Transform color: 5.12 ms
CAM#1: PART SEARCH: search_time:0.00 ms
Process time: 0.00 ms
Loop: count=155, trial=1, Duration=342287 ms
Remap: 84.91 ms
Transform color: 6.07 ms
CAM#1: PART SEARCH: search_time:0.00 ms
Process time: 0.00 ms
Loop: count=156, trial=1, Duration=93862 ms
Remap: 81.39 ms
Transform color: 8.18 ms
CAM#1: PART SEARCH: search_time:0.00 ms
Process time: 0.00 ms
Loop: count=157, trial=1, Duration=93957 ms
Remap: 82.44 ms
Transform color: 5.67 ms
CAM#1: PART SEARCH: search_time:0.00 ms
Process time: 0.00 ms
Loop: count=158, trial=1, Duration=92334 ms
Remap: 82.55 ms
Transform color: 9.05 ms
CAM#1: PART SEARCH: search_time:0.00 ms
Process time: 0.00 ms
CAM#1: Using GLobal SEARCH ##############################################
CAM#1: GLOBAL SEARCH: search_time:0.00 ms
Loop: count=159, trial=1, Duration=98021 ms
Remap: 78.87 ms
Transform color: 4.74 ms
CAM#1: PART SEARCH: search_time:0.00 ms
Process time: 0.00 ms
Loop: count=160, trial=1, Duration=188546 ms
Remap: 77.04 ms
Transform color: 6.79 ms
CAM#1: PART SEARCH: search_time:0.00 ms
Process time: 0.00 ms
Loop: count=161, trial=1, Duration=107232 ms
Remap: 76.19 ms
Transform color: 6.71 ms
CAM#1: PART SEARCH: search_time:0.00 ms
Process time: 0.00 ms
Loop: count=162, trial=1, Duration=86108 ms
Remap: 62.71 ms
Transform color: 5.13 ms
CAM#1: PART SEARCH: search_time:0.00 ms
Process time: 0.00 ms
Loop: count=163, trial=1, Duration=70111 ms
Remap: 55.87 ms
Transform color: 1.79 ms
CAM#1: PART SEARCH: search_time:0.00 ms
Process time: 0.00 ms
Loop: count=164, trial=1, Duration=87544 ms
Remap: 74.29 ms
Transform color: 4.53 ms
CAM#1: PART SEARCH: search_time:0.00 ms
Process time: 0.00 ms
Loop: count=165, trial=1, Duration=80770 ms
Remap: 60.24 ms
Transform color: 2.77 ms
CAM#1: PART SEARCH: search_time:0.00 ms
Process time: 0.00 ms
Loop: count=166, trial=1, Duration=88689 ms
Remap: 83.82 ms
Transform color: 5.53 ms
CAM#1: PART SEARCH: search_time:0.00 ms
Process time: 0.00 ms
Loop: count=167, trial=1, Duration=117185 ms
Remap: 76.27 ms
Transform color: 7.71 ms
CAM#1: PART SEARCH: search_time:0.00 ms
Process time: 0.00 ms
Loop: count=168, trial=1, Duration=86602 ms
Remap: 63.23 ms
Transform color: 4.70 ms
CAM#1: PART SEARCH: search_time:0.00 ms
Process time: 0.00 ms
Loop: count=169, trial=1, Duration=70232 ms
Remap: 62.05 ms
Transform color: 4.81 ms
CAM#1: PART SEARCH: search_time:0.00 ms
Process time: 0.00 ms
Loop: count=170, trial=1, Duration=69729 ms
Remap: 60.75 ms
Transform color: 7.39 ms
CAM#1: PART SEARCH: search_time:0.00 ms
Process time: 0.00 ms
Loop: count=171, trial=1, Duration=443907 ms
Remap: 74.15 ms
Transform color: 9.08 ms
CAM#1: PART SEARCH: search_time:0.01 ms
Process time: 0.00 ms
Loop: count=172, trial=1, Duration=90244 ms
Remap: 76.10 ms
Transform color: 5.65 ms
CAM#1: PART SEARCH: search_time:0.00 ms
Process time: 0.00 ms
Loop: count=173, trial=1, Duration=153040 ms
Remap: 86.07 ms
Transform color: 8.60 ms
CAM#1: PART SEARCH: search_time:0.00 ms
Process time: 0.00 ms
Loop: count=174, trial=1, Duration=97451 ms
Remap: 80.84 ms
Transform color: 12.95 ms
CAM#1: PART SEARCH: search_time:0.00 ms
Process time: 0.00 ms
CAM#1: Using GLobal SEARCH ##############################################
CAM#1: GLOBAL SEARCH: search_time:0.00 ms
Loop: count=175, trial=1, Duration=96785 ms
Remap: 84.19 ms
Transform color: 6.19 ms
CAM#1: PART SEARCH: search_time:0.00 ms
Process time: 0.00 ms
Loop: count=176, trial=1, Duration=150223 ms
Remap: 79.90 ms
Transform color: 7.19 ms
CAM#1: PART SEARCH: search_time:0.00 ms
Process time: 0.00 ms
Loop: count=177, trial=1, Duration=97300 ms
Remap: 306.47 ms
Transform color: 2.06 ms
CAM#1: PART SEARCH: search_time:0.00 ms
Process time: 0.00 ms
Loop: count=178, trial=1, Duration=331168 ms
Remap: 66.58 ms
Transform color: 3.71 ms
CAM#1: PART SEARCH: search_time:0.00 ms
Process time: 0.00 ms
Loop: count=179, trial=1, Duration=72602 ms
Remap: 58.85 ms
Transform color: 5.41 ms
CAM#1: PART SEARCH: search_time:0.00 ms
Process time: 0.00 ms
Loop: count=180, trial=1, Duration=76369 ms
Remap: 100.88 ms
Transform color: 2.26 ms
CAM#1: PART SEARCH: search_time:0.00 ms
Process time: 0.00 ms
Loop: count=181, trial=1, Duration=110705 ms
Remap: 82.43 ms
Transform color: 8.66 ms
CAM#1: PART SEARCH: search_time:0.00 ms
Process time: 0.00 ms
Loop: count=182, trial=1, Duration=119569 ms
Remap: 79.21 ms
Transform color: 10.31 ms
CAM#1: PART SEARCH: search_time:0.00 ms
Process time: 0.00 ms
Loop: count=183, trial=1, Duration=160684 ms
Remap: 90.67 ms
Transform color: 6.70 ms
CAM#1: PART SEARCH: search_time:0.00 ms
Process time: 0.00 ms
Loop: count=184, trial=1, Duration=188677 ms
Remap: 75.05 ms
Transform color: 4.67 ms
CAM#1: PART SEARCH: search_time:0.00 ms
Process time: 0.00 ms
Loop: count=185, trial=1, Duration=96828 ms
Remap: 73.17 ms
Transform color: 8.03 ms
CAM#1: PART SEARCH: search_time:0.00 ms
Process time: 0.00 ms
Loop: count=186, trial=1, Duration=85772 ms
Remap: 79.79 ms
Transform color: 2.28 ms
CAM#1: PART SEARCH: search_time:0.00 ms
Process time: 0.00 ms
Loop: count=187, trial=1, Duration=232560 ms
Remap: 256.85 ms
Transform color: 3.92 ms
CAM#1: PART SEARCH: search_time:0.00 ms
Process time: 0.00 ms
Loop: count=188, trial=1, Duration=263150 ms
Remap: 64.50 ms
Transform color: 4.02 ms
CAM#1: PART SEARCH: search_time:0.00 ms
Process time: 0.00 ms
Loop: count=189, trial=1, Duration=71088 ms
Remap: 211.51 ms
Transform color: 280.10 ms
CAM#1: PART SEARCH: search_time:0.00 ms
Process time: 0.00 ms
Loop: count=190, trial=1, Duration=494195 ms
Remap: 22.46 ms
Transform color: 1.50 ms
CAM#1: PART SEARCH: search_time:0.00 ms
Process time: 0.00 ms
CAM#1: Using GLobal SEARCH ##############################################
CAM#1: GLOBAL SEARCH: search_time:0.00 ms
Loop: count=191, trial=1, Duration=25604 ms
Remap: 79.90 ms
Transform color: 7.36 ms
CAM#1: PART SEARCH: search_time:0.00 ms
Process time: 0.00 ms
Loop: count=192, trial=1, Duration=145638 ms
Remap: 76.58 ms
Transform color: 8.06 ms
CAM#1: PART SEARCH: search_time:0.00 ms
Process time: 0.00 ms
Loop: count=193, trial=1, Duration=87844 ms
Remap: 78.03 ms
Transform color: 8.42 ms
CAM#1: PART SEARCH: search_time:0.00 ms
Process time: 0.00 ms
Loop: count=194, trial=1, Duration=182885 ms
Remap: 83.00 ms
Transform color: 9.02 ms
CAM#1: PART SEARCH: search_time:0.00 ms
Process time: 0.00 ms
Loop: count=195, trial=1, Duration=96357 ms
Remap: 78.95 ms
Transform color: 7.82 ms
CAM#1: PART SEARCH: search_time:0.00 ms
Process time: 0.00 ms
Loop: count=196, trial=1, Duration=117132 ms
Remap: 79.35 ms
Transform color: 6.01 ms
CAM#1: PART SEARCH: search_time:0.00 ms
Process time: 0.00 ms
Loop: count=197, trial=1, Duration=157336 ms
Remap: 86.14 ms
Transform color: 19.43 ms
CAM#1: PART SEARCH: search_time:0.00 ms
Process time: 0.00 ms
Loop: count=198, trial=1, Duration=198476 ms
Remap: 82.53 ms
Transform color: 17.62 ms
CAM#1: PART SEARCH: search_time:0.00 ms
Process time: 0.00 ms
Loop: count=199, trial=1, Duration=130376 ms
Remap: 84.56 ms
Transform color: 13.84 ms
CAM#1: PART SEARCH: search_time:0.00 ms
Process time: 0.00 ms
Loop: count=200, trial=1, Duration=102038 ms
Remap: 85.80 ms
Transform color: 16.60 ms
CAM#1: PART SEARCH: search_time:0.00 ms
Process time: 0.00 ms
Loop: count=201, trial=1, Duration=105674 ms
Remap: 88.15 ms
Transform color: 20.45 ms
CAM#1: PART SEARCH: search_time:0.00 ms
Process time: 0.00 ms
Loop: count=202, trial=1, Duration=112195 ms
Remap: 85.65 ms
Transform color: 13.44 ms
CAM#1: PART SEARCH: search_time:0.00 ms
Process time: 0.00 ms
Loop: count=203, trial=1, Duration=101624 ms
Remap: 86.59 ms
Transform color: 101.09 ms
CAM#1: PART SEARCH: search_time:0.00 ms
Process time: 0.00 ms
Loop: count=204, trial=1, Duration=190411 ms
Remap: 205.32 ms
Transform color: 4.32 ms
CAM#1: PART SEARCH: search_time:0.00 ms
Process time: 0.00 ms
Loop: count=205, trial=1, Duration=212742 ms
Remap: 84.69 ms
Transform color: 9.40 ms
CAM#1: PART SEARCH: search_time:0.00 ms
Process time: 0.00 ms
Loop: count=206, trial=1, Duration=96800 ms
Remap: 83.48 ms
Transform color: 13.89 ms
CAM#1: PART SEARCH: search_time:0.00 ms
Process time: 0.00 ms
CAM#1: Using GLobal SEARCH ##############################################
CAM#1: GLOBAL SEARCH: search_time:0.00 ms
Loop: count=207, trial=1, Duration=102153 ms
Remap: 88.57 ms
Transform color: 18.99 ms
CAM#1: PART SEARCH: search_time:0.00 ms
Process time: 0.00 ms
Loop: count=208, trial=1, Duration=110847 ms
Remap: 85.89 ms
Transform color: 16.82 ms
CAM#1: PART SEARCH: search_time:0.00 ms
Process time: 0.00 ms
Loop: count=209, trial=1, Duration=105822 ms
Remap: 85.54 ms
Transform color: 3.80 ms
CAM#1: PART SEARCH: search_time:0.00 ms
Process time: 0.00 ms
Loop: count=210, trial=1, Duration=100271 ms
Remap: 88.49 ms
Transform color: 3.17 ms
CAM#1: PART SEARCH: search_time:0.01 ms
Process time: 0.00 ms
Loop: count=211, trial=1, Duration=523162 ms
Remap: 114.73 ms
Transform color: 16.16 ms
CAM#1: PART SEARCH: search_time:0.00 ms
Process time: 0.00 ms
Loop: count=212, trial=1, Duration=168132 ms
Remap: 78.59 ms
Transform color: 6.21 ms
CAM#1: PART SEARCH: search_time:0.00 ms
Process time: 0.00 ms
Loop: count=213, trial=1, Duration=87658 ms
Remap: 344.09 ms
Transform color: 4.01 ms
CAM#1: PART SEARCH: search_time:0.01 ms
Process time: 0.00 ms
Loop: count=214, trial=1, Duration=381238 ms
Remap: 80.78 ms
Transform color: 20.35 ms
CAM#1: PART SEARCH: search_time:0.00 ms
Process time: 0.00 ms
Loop: count=215, trial=1, Duration=104262 ms
Remap: 89.24 ms
Transform color: 17.60 ms
CAM#1: PART SEARCH: search_time:0.00 ms
Process time: 0.00 ms
Loop: count=216, trial=1, Duration=110204 ms
Remap: 85.06 ms
Transform color: 16.59 ms
CAM#1: PART SEARCH: search_time:0.00 ms
Process time: 0.00 ms
Loop: count=217, trial=1, Duration=104029 ms
Remap: 80.68 ms
Transform color: 16.89 ms
CAM#1: PART SEARCH: search_time:0.01 ms
Process time: 0.00 ms
Loop: count=218, trial=1, Duration=101823 ms
Remap: 84.40 ms
Transform color: 15.97 ms
CAM#1: PART SEARCH: search_time:0.00 ms
Process time: 0.00 ms
Loop: count=219, trial=1, Duration=103772 ms
Remap: 74.08 ms
Transform color: 16.21 ms
CAM#1: PART SEARCH: search_time:0.00 ms
Process time: 0.00 ms
Loop: count=220, trial=1, Duration=94765 ms
Remap: 81.59 ms
Transform color: 16.08 ms
CAM#1: PART SEARCH: search_time:0.00 ms
Process time: 0.00 ms
Loop: count=221, trial=1, Duration=102189 ms
Remap: 86.47 ms
Transform color: 18.98 ms
CAM#1: PART SEARCH: search_time:0.00 ms
Process time: 0.00 ms
Loop: count=222, trial=1, Duration=108634 ms
Remap: 88.03 ms
Transform color: 20.70 ms
CAM#1: PART SEARCH: search_time:0.00 ms
Process time: 0.00 ms
CAM#1: Using GLobal SEARCH ##############################################
CAM#1: GLOBAL SEARCH: search_time:0.00 ms
Loop: count=223, trial=1, Duration=410418 ms
Remap: 115.62 ms
Transform color: 1.66 ms
CAM#1: PART SEARCH: search_time:0.00 ms
Process time: 0.00 ms
Loop: count=224, trial=1, Duration=294003 ms
Remap: 284.69 ms
Transform color: 5.16 ms
CAM#1: PART SEARCH: search_time:0.00 ms
Process time: 0.00 ms
Loop: count=225, trial=1, Duration=533579 ms
Remap: 83.11 ms
Transform color: 6.16 ms
CAM#1: PART SEARCH: search_time:0.00 ms
Process time: 0.00 ms
Loop: count=226, trial=1, Duration=91277 ms
Remap: 81.59 ms
Transform color: 4.70 ms
CAM#1: PART SEARCH: search_time:0.00 ms
Process time: 0.00 ms
Loop: count=227, trial=1, Duration=88488 ms
Remap: 81.75 ms
Transform color: 6.97 ms
CAM#1: PART SEARCH: search_time:0.00 ms
Process time: 0.00 ms
Loop: count=228, trial=1, Duration=91155 ms
Remap: 51.85 ms
Transform color: 3.93 ms
CAM#1: PART SEARCH: search_time:0.00 ms
Process time: 0.00 ms
Loop: count=229, trial=1, Duration=138626 ms
Remap: 89.89 ms
Transform color: 6.87 ms
CAM#1: PART SEARCH: search_time:0.00 ms
Process time: 0.00 ms
Loop: count=230, trial=1, Duration=99584 ms
Remap: 80.40 ms
Transform color: 10.69 ms
CAM#1: PART SEARCH: search_time:0.00 ms
Process time: 0.00 ms
Loop: count=231, trial=1, Duration=93522 ms
Remap: 76.73 ms
Transform color: 6.75 ms
CAM#1: PART SEARCH: search_time:0.00 ms
Process time: 0.00 ms
Loop: count=232, trial=1, Duration=86815 ms
Remap: 80.28 ms
Transform color: 5.59 ms
CAM#1: PART SEARCH: search_time:0.00 ms
Process time: 0.00 ms
Loop: count=233, trial=1, Duration=107283 ms
Remap: 83.72 ms
Transform color: 4.90 ms
CAM#1: PART SEARCH: search_time:0.00 ms
Process time: 0.00 ms
Loop: count=234, trial=1, Duration=91035 ms
Remap: 86.08 ms
Transform color: 7.11 ms
CAM#1: PART SEARCH: search_time:0.00 ms
Process time: 0.00 ms
Loop: count=235, trial=1, Duration=96286 ms
Remap: 87.29 ms
Transform color: 5.17 ms
CAM#1: PART SEARCH: search_time:0.00 ms
Process time: 0.00 ms
Loop: count=236, trial=1, Duration=94399 ms
Remap: 77.10 ms
Transform color: 10.69 ms
CAM#1: PART SEARCH: search_time:0.00 ms
Process time: 0.00 ms
Loop: count=237, trial=1, Duration=90477 ms
Remap: 72.53 ms
Transform color: 6.33 ms
CAM#1: PART SEARCH: search_time:0.00 ms
Process time: 0.00 ms
Loop: count=238, trial=1, Duration=82326 ms
Remap: 96.31 ms
Transform color: 4.37 ms
CAM#1: PART SEARCH: search_time:0.00 ms
Process time: 0.00 ms
CAM#1: Using GLobal SEARCH ##############################################
CAM#1: GLOBAL SEARCH: search_time:0.00 ms
Loop: count=239, trial=1, Duration=108622 ms
Remap: 81.52 ms
Transform color: 5.91 ms
CAM#1: PART SEARCH: search_time:0.00 ms
Process time: 0.00 ms
CAM 1: -2147483648Hz
Loop: count=240, trial=1, Duration=146678 ms
Remap: 83.49 ms
Transform color: 5.99 ms
CAM#1: PART SEARCH: search_time:0.00 ms
Process time: 0.00 ms
Loop: count=241, trial=1, Duration=91979 ms
Remap: 80.73 ms
Transform color: 6.64 ms
CAM#1: PART SEARCH: search_time:0.00 ms
Process time: 0.00 ms
Loop: count=242, trial=1, Duration=90342 ms
Remap: 88.86 ms
Transform color: 5.77 ms
CAM#1: PART SEARCH: search_time:0.00 ms
Process time: 0.00 ms
Loop: count=243, trial=1, Duration=97282 ms
Remap: 75.84 ms
Transform color: 9.68 ms
CAM#1: PART SEARCH: search_time:0.01 ms
Process time: 0.00 ms
Loop: count=244, trial=1, Duration=89504 ms
Remap: 76.79 ms
Transform color: 5.08 ms
CAM#1: PART SEARCH: search_time:0.00 ms
Process time: 0.00 ms
Loop: count=245, trial=1, Duration=85055 ms
Remap: 81.13 ms
Transform color: 6.51 ms
CAM#1: PART SEARCH: search_time:0.00 ms
Process time: 0.00 ms
Loop: count=246, trial=1, Duration=119328 ms
Remap: 85.66 ms
Transform color: 5.31 ms
CAM#1: PART SEARCH: search_time:0.00 ms
Process time: 0.00 ms
Loop: count=247, trial=1, Duration=93038 ms
Remap: 85.64 ms
Transform color: 6.09 ms
CAM#1: PART SEARCH: search_time:0.00 ms
Process time: 0.00 ms
Loop: count=248, trial=1, Duration=94364 ms
Remap: 110.50 ms
Transform color: 4.96 ms
CAM#1: PART SEARCH: search_time:0.00 ms
Process time: 0.00 ms
Loop: count=249, trial=1, Duration=117883 ms
Remap: 80.94 ms
Transform color: 7.13 ms
CAM#1: PART SEARCH: search_time:0.00 ms
Process time: 0.00 ms
Loop: count=250, trial=1, Duration=91095 ms
Remap: 81.19 ms
Transform color: 6.41 ms
CAM#1: PART SEARCH: search_time:0.00 ms
Process time: 0.00 ms
Loop: count=251, trial=1, Duration=89927 ms
Remap: 79.72 ms
Transform color: 6.14 ms
CAM#1: PART SEARCH: search_time:0.00 ms
Process time: 0.00 ms
Loop: count=252, trial=1, Duration=186001 ms
Remap: 86.58 ms
Transform color: 4.50 ms
CAM#1: PART SEARCH: search_time:0.00 ms
Process time: 0.00 ms
Loop: count=253, trial=1, Duration=94099 ms
Remap: 85.02 ms
Transform color: 6.11 ms
CAM#1: PART SEARCH: search_time:0.00 ms
Process time: 0.00 ms
Loop: count=254, trial=1, Duration=93438 ms
Remap: 83.11 ms
Transform color: 5.09 ms
CAM#1: PART SEARCH: search_time:0.00 ms
Process time: 0.00 ms
CAM#1: Using GLobal SEARCH ##############################################
CAM#1: GLOBAL SEARCH: search_time:0.00 ms
Loop: count=255, trial=1, Duration=90733 ms
Remap: 85.19 ms
Transform color: 5.76 ms
CAM#1: PART SEARCH: search_time:0.00 ms
Process time: 0.00 ms
Loop: count=256, trial=1, Duration=92999 ms
Remap: 82.65 ms
Transform color: 5.72 ms
CAM#1: PART SEARCH: search_time:0.00 ms
Process time: 0.00 ms
Loop: count=257, trial=1, Duration=91111 ms
Remap: 78.81 ms
Transform color: 1.64 ms
CAM#1: PART SEARCH: search_time:0.00 ms
Process time: 0.00 ms
Loop: count=258, trial=1, Duration=202919 ms
Remap: 79.20 ms
Transform color: 7.00 ms
CAM#1: PART SEARCH: search_time:0.00 ms
Process time: 0.00 ms
Loop: count=259, trial=1, Duration=88296 ms
Remap: 76.25 ms
Transform color: 7.48 ms
CAM#1: PART SEARCH: search_time:0.00 ms
Process time: 0.00 ms
Loop: count=260, trial=1, Duration=88033 ms
Remap: 341.23 ms
Transform color: 4.72 ms
CAM#1: PART SEARCH: search_time:0.00 ms
Process time: 0.00 ms
Loop: count=261, trial=1, Duration=348454 ms
Remap: 80.11 ms
Transform color: 4.50 ms
CAM#1: PART SEARCH: search_time:0.00 ms
Process time: 0.00 ms
Loop: count=262, trial=1, Duration=373218 ms
Remap: 70.62 ms
Transform color: 4.47 ms
CAM#1: PART SEARCH: search_time:0.00 ms
Process time: 0.00 ms
Loop: count=263, trial=1, Duration=77156 ms
Remap: 81.42 ms
Transform color: 4.75 ms
CAM#1: PART SEARCH: search_time:0.00 ms
Process time: 0.00 ms
Loop: count=264, trial=1, Duration=93141 ms
Remap: 212.28 ms
Transform color: 6.08 ms
CAM#1: PART SEARCH: search_time:0.00 ms
Process time: 0.00 ms
Loop: count=265, trial=1, Duration=222459 ms
Remap: 80.45 ms
Transform color: 8.55 ms
CAM#1: PART SEARCH: search_time:0.01 ms
Process time: 0.00 ms
Loop: count=266, trial=1, Duration=93642 ms
Remap: 79.92 ms
Transform color: 7.47 ms
CAM#1: PART SEARCH: search_time:0.01 ms
Process time: 0.00 ms
Loop: count=267, trial=1, Duration=91179 ms
Remap: 80.03 ms
Transform color: 6.49 ms
CAM#1: PART SEARCH: search_time:0.00 ms
Process time: 0.00 ms
Loop: count=268, trial=1, Duration=89526 ms
Remap: 91.00 ms
Transform color: 5.17 ms
CAM#1: PART SEARCH: search_time:0.00 ms
Process time: 0.00 ms
Loop: count=269, trial=1, Duration=98803 ms
Remap: 83.42 ms
Transform color: 5.77 ms
CAM#1: PART SEARCH: search_time:0.00 ms
Process time: 0.00 ms
Loop: count=270, trial=1, Duration=91620 ms
Remap: 80.36 ms
Transform color: 5.98 ms
CAM#1: PART SEARCH: search_time:0.00 ms
Process time: 0.00 ms
CAM#1: Using GLobal SEARCH ##############################################
CAM#1: GLOBAL SEARCH: search_time:0.00 ms
Loop: count=271, trial=1, Duration=88420 ms
Remap: 117.11 ms
Transform color: 2.40 ms
CAM#1: PART SEARCH: search_time:0.00 ms
Process time: 0.00 ms
Loop: count=272, trial=1, Duration=126004 ms
Remap: 84.48 ms
Transform color: 4.86 ms
CAM#1: PART SEARCH: search_time:0.00 ms
Process time: 0.00 ms
Loop: count=273, trial=1, Duration=91975 ms
Remap: 90.43 ms
Transform color: 5.79 ms
CAM#1: PART SEARCH: search_time:0.00 ms
Process time: 0.00 ms
Loop: count=274, trial=1, Duration=116409 ms
Remap: 75.99 ms
Transform color: 6.00 ms
CAM#1: PART SEARCH: search_time:0.01 ms
Process time: 0.00 ms
Loop: count=275, trial=1, Duration=104270 ms
Remap: 76.88 ms
Transform color: 5.37 ms
CAM#1: PART SEARCH: search_time:0.00 ms
Process time: 0.00 ms
Loop: count=276, trial=1, Duration=118316 ms
Remap: 81.22 ms
Transform color: 5.46 ms
CAM#1: PART SEARCH: search_time:0.00 ms
Process time: 0.00 ms
Loop: count=277, trial=1, Duration=123609 ms
Remap: 88.31 ms
Transform color: 4.45 ms
CAM#1: PART SEARCH: search_time:0.00 ms
Process time: 0.00 ms
Loop: count=278, trial=1, Duration=132532 ms
Remap: 82.22 ms
Transform color: 5.33 ms
CAM#1: PART SEARCH: search_time:0.00 ms
Process time: 0.00 ms
Loop: count=279, trial=1, Duration=114977 ms
Remap: 72.67 ms
Transform color: 9.21 ms
CAM#1: PART SEARCH: search_time:0.00 ms
Process time: 0.00 ms
Loop: count=280, trial=1, Duration=94146 ms
Remap: 13.71 ms
Transform color: 1.14 ms
CAM#1: PART SEARCH: search_time:0.00 ms
Process time: 0.00 ms
Loop: count=281, trial=1, Duration=16564 ms
Remap: 49.77 ms
Transform color: 3.35 ms
CAM#1: PART SEARCH: search_time:0.01 ms
Process time: 0.00 ms
Loop: count=282, trial=1, Duration=346404 ms
Remap: 83.99 ms
Transform color: 6.47 ms
CAM#1: PART SEARCH: search_time:0.00 ms
Process time: 0.00 ms
Loop: count=283, trial=1, Duration=101171 ms
Remap: 83.00 ms
Transform color: 17.63 ms
CAM#1: PART SEARCH: search_time:0.00 ms
Process time: 0.00 ms
Loop: count=284, trial=1, Duration=104723 ms
Remap: 87.78 ms
Transform color: 15.59 ms
CAM#1: PART SEARCH: search_time:0.00 ms
Process time: 0.00 ms
Loop: count=285, trial=1, Duration=106182 ms
Remap: 90.20 ms
Transform color: 15.25 ms
CAM#1: PART SEARCH: search_time:0.00 ms
Process time: 0.00 ms
Loop: count=286, trial=1, Duration=186449 ms
Remap: 92.43 ms
Transform color: 16.41 ms
CAM#1: PART SEARCH: search_time:0.00 ms
Process time: 0.00 ms
CAM#1: Using GLobal SEARCH ##############################################
CAM#1: GLOBAL SEARCH: search_time:0.00 ms
Loop: count=287, trial=1, Duration=111905 ms
Remap: 146.48 ms
Transform color: 61.32 ms
CAM#1: PART SEARCH: search_time:0.01 ms
Process time: 0.00 ms
Loop: count=288, trial=1, Duration=218688 ms
Remap: 127.91 ms
Transform color: 14.74 ms
CAM#1: PART SEARCH: search_time:0.00 ms
Process time: 0.00 ms
Loop: count=289, trial=1, Duration=229553 ms
Remap: 79.09 ms
Transform color: 15.35 ms
CAM#1: PART SEARCH: search_time:0.00 ms
Process time: 0.00 ms
Loop: count=290, trial=1, Duration=97629 ms
Remap: 73.87 ms
Transform color: 15.62 ms
CAM#1: PART SEARCH: search_time:0.00 ms
Process time: 0.00 ms
Loop: count=291, trial=1, Duration=132735 ms
Remap: 79.95 ms
Transform color: 14.88 ms
CAM#1: PART SEARCH: search_time:0.00 ms
Process time: 0.00 ms
Loop: count=292, trial=1, Duration=98032 ms
Remap: 85.85 ms
Transform color: 15.20 ms
CAM#1: PART SEARCH: search_time:0.01 ms
Process time: 0.00 ms
Loop: count=293, trial=1, Duration=212287 ms
Remap: 74.82 ms
Transform color: 10.23 ms
CAM#1: PART SEARCH: search_time:0.00 ms
Process time: 0.00 ms
Loop: count=294, trial=1, Duration=87607 ms
Remap: 71.25 ms
Transform color: 14.59 ms
CAM#1: PART SEARCH: search_time:0.00 ms
Process time: 0.00 ms
Loop: count=295, trial=1, Duration=88774 ms
Remap: 89.06 ms
Transform color: 13.63 ms
CAM#1: PART SEARCH: search_time:0.00 ms
Process time: 0.00 ms
Loop: count=296, trial=1, Duration=144102 ms
Remap: 84.58 ms
Transform color: 108.10 ms
CAM#1: PART SEARCH: search_time:0.01 ms
Process time: 0.00 ms
Loop: count=297, trial=1, Duration=478611 ms
Remap: 69.45 ms
Transform color: 10.96 ms
CAM#1: PART SEARCH: search_time:0.00 ms
Process time: 0.00 ms
Loop: count=298, trial=1, Duration=82746 ms
Remap: 110.11 ms
Transform color: 9.90 ms
CAM#1: PART SEARCH: search_time:0.00 ms
Process time: 0.00 ms
Loop: count=299, trial=1, Duration=122388 ms
Remap: 42.75 ms
Transform color: 1.94 ms
CAM#1: PART SEARCH: search_time:0.00 ms
Process time: 0.00 ms
Loop: count=300, trial=1, Duration=85050 ms
Remap: 188.33 ms
Transform color: 186.02 ms
CAM#1: PART SEARCH: search_time:0.00 ms
Process time: 0.00 ms
Loop: count=301, trial=1, Duration=382717 ms
Remap: 342.75 ms
Transform color: 2.56 ms
CAM#1: PART SEARCH: search_time:0.00 ms
Process time: 0.00 ms
Loop: count=302, trial=1, Duration=348004 ms
Remap: 87.00 ms
Transform color: 17.28 ms
CAM#1: PART SEARCH: search_time:0.00 ms
Process time: 0.00 ms
CAM#1: Using GLobal SEARCH ##############################################
CAM#1: GLOBAL SEARCH: search_time:0.00 ms
Loop: count=303, trial=1, Duration=107803 ms
Remap: 81.48 ms
Transform color: 15.77 ms
CAM#1: PART SEARCH: search_time:0.00 ms
Process time: 0.00 ms
Loop: count=304, trial=1, Duration=100068 ms
Remap: 123.26 ms
Transform color: 15.46 ms
CAM#1: PART SEARCH: search_time:0.00 ms
Process time: 0.00 ms
Loop: count=305, trial=1, Duration=142170 ms
Remap: 83.06 ms
Transform color: 21.17 ms
CAM#1: PART SEARCH: search_time:0.01 ms
Process time: 0.00 ms
Loop: count=306, trial=1, Duration=108503 ms
Remap: 84.04 ms
Transform color: 14.83 ms
CAM#1: PART SEARCH: search_time:0.00 ms
Process time: 0.00 ms
Loop: count=307, trial=1, Duration=338432 ms
Remap: 90.61 ms
Transform color: 13.16 ms
CAM#1: PART SEARCH: search_time:0.00 ms
Process time: 0.00 ms
Loop: count=308, trial=1, Duration=107768 ms
Remap: 84.22 ms
Transform color: 3.62 ms
CAM#1: PART SEARCH: search_time:0.00 ms
Process time: 0.00 ms
Loop: count=309, trial=1, Duration=133679 ms
Remap: 118.75 ms
Transform color: 125.58 ms
CAM#1: PART SEARCH: search_time:0.00 ms
Process time: 0.00 ms
Loop: count=310, trial=1, Duration=246635 ms
Remap: 119.68 ms
Transform color: 72.97 ms
CAM#1: PART SEARCH: search_time:0.00 ms
Process time: 0.00 ms
Loop: count=311, trial=1, Duration=212454 ms
Remap: 76.62 ms
Transform color: 11.71 ms
CAM#1: PART SEARCH: search_time:0.00 ms
Process time: 0.00 ms
Loop: count=312, trial=1, Duration=151264 ms
Remap: 90.02 ms
Transform color: 18.75 ms
CAM#1: PART SEARCH: search_time:0.00 ms
Process time: 0.00 ms
Loop: count=313, trial=1, Duration=112394 ms
Remap: 84.79 ms
Transform color: 14.70 ms
CAM#1: PART SEARCH: search_time:0.00 ms
Process time: 0.00 ms
Loop: count=314, trial=1, Duration=119235 ms
Remap: 78.65 ms
Transform color: 12.36 ms
CAM#1: PART SEARCH: search_time:0.00 ms
Process time: 0.00 ms
Loop: count=315, trial=1, Duration=93306 ms
Remap: 85.01 ms
Transform color: 16.22 ms
CAM#1: PART SEARCH: search_time:0.00 ms
Process time: 0.00 ms
Loop: count=316, trial=1, Duration=105846 ms
Remap: 82.18 ms
Transform color: 15.17 ms
CAM#1: PART SEARCH: search_time:0.00 ms
Process time: 0.00 ms
Loop: count=317, trial=1, Duration=154480 ms
Remap: 81.32 ms
Transform color: 18.72 ms
CAM#1: PART SEARCH: search_time:0.00 ms
Process time: 0.00 ms
Loop: count=318, trial=1, Duration=104334 ms
Remap: 84.86 ms
Transform color: 15.47 ms
CAM#1: PART SEARCH: search_time:0.00 ms
Process time: 0.00 ms
CAM#1: Using GLobal SEARCH ##############################################
CAM#1: GLOBAL SEARCH: search_time:0.00 ms
CAM#1: Found when using GLOBAL_IMAGE. X: 2057.00 Y:1849.00
Loop: count=319, trial=1, Duration=111135 ms
Remap: 77.63 ms
Transform color: 17.17 ms
Get partial image time: 0.11 ms
Apriltag detector detect time: 12.95 ms
Zarray time: 0.00 ms
CAM#1: tag#5: FAST SEARCH: search_time:13.14 microseconds
CAM#1: PART SEARCH: search_time:13.16 ms
Tag#5 detected in the overlapping area. Time frame: 2025-Apr-24 12:25:55.978652
Process time: 0.05 ms
Loop: count=320, trial=1, Duration=124441 ms
Remap: 84.54 ms
Transform color: 17.19 ms
Get partial image time: 0.14 ms
Apriltag detector detect time: 10.75 ms
Zarray time: 0.00 ms
CAM#1: tag#5: FAST SEARCH: search_time:10.99 microseconds
CAM#1: PART SEARCH: search_time:11.02 ms
Tags are missing.
Process time: 0.00 ms
CAM#1: Using GLobal SEARCH ##############################################
CAM#1: GLOBAL SEARCH: search_time:0.00 ms
CAM#1: Found when using GLOBAL_IMAGE. X: 2132.00 Y:1688.00
Loop: count=321, trial=1, Duration=121722 ms
Remap: 83.26 ms
Transform color: 5.41 ms
Get partial image time: 0.07 ms
Apriltag detector detect time: 8.28 ms
Zarray time: 0.00 ms
CAM#1: tag#5: FAST SEARCH: search_time:8.46 microseconds
CAM#1: PART SEARCH: search_time:8.48 ms
Tag#5 detected in the overlapping area. Time frame: 2025-Apr-24 12:25:56.477723
Process time: 0.04 ms
Loop: count=322, trial=1, Duration=148206 ms
Remap: 67.84 ms
Transform color: 6.73 ms
Get partial image time: 0.10 ms
Apriltag detector detect time: 9.93 ms
Zarray time: 0.00 ms
CAM#1: tag#5: FAST SEARCH: search_time:10.13 microseconds
CAM#1: PART SEARCH: search_time:10.19 ms
Tags are missing.
Process time: 0.00 ms
CAM#1: Using GLobal SEARCH ##############################################
CAM#1: GLOBAL SEARCH: search_time:85.32 ms
CAM#1: Found when using GLOBAL_IMAGE. X: 2203.00 Y:1540.00
Loop: count=323, trial=1, Duration=185803 ms
Remap: 77.49 ms
Transform color: 17.25 ms
Get partial image time: 0.19 ms
Apriltag detector detect time: 7.20 ms
Zarray time: 0.00 ms
CAM#1: tag#5: FAST SEARCH: search_time:7.45 microseconds
CAM#1: PART SEARCH: search_time:7.51 ms
Process time: 0.00 ms
Loop: count=324, trial=1, Duration=104675 ms
Remap: 78.61 ms
Transform color: 14.19 ms
Get partial image time: 0.09 ms
Apriltag detector detect time: 7.70 ms
Zarray time: 0.00 ms
CAM#1: tag#5: FAST SEARCH: search_time:7.88 microseconds
CAM#1: PART SEARCH: search_time:7.91 ms
Tags are missing.
Process time: 0.00 ms
CAM#1: Using GLobal SEARCH ##############################################
CAM#1: GLOBAL SEARCH: search_time:210.94 ms
CAM#1: Found when using GLOBAL_IMAGE. X: 2284.00 Y:1375.00
Loop: count=325, trial=1, Duration=316087 ms
Remap: 81.98 ms
Transform color: 14.32 ms
Get partial image time: 0.06 ms
Apriltag detector detect time: 7.37 ms
Zarray time: 0.00 ms
CAM#1: tag#5: FAST SEARCH: search_time:7.53 microseconds
CAM#1: PART SEARCH: search_time:7.54 ms
Process time: 0.00 ms
Loop: count=326, trial=1, Duration=119896 ms
Remap: 82.67 ms
Transform color: 12.95 ms
Get partial image time: 0.11 ms
Apriltag detector detect time: 8.07 ms
Zarray time: 0.00 ms
CAM#1: tag#5: FAST SEARCH: search_time:8.30 microseconds
CAM#1: PART SEARCH: search_time:8.33 ms
Tags are missing.
Process time: 0.01 ms
CAM#1: Using GLobal SEARCH ##############################################
CAM#1: GLOBAL SEARCH: search_time:321.79 ms
CAM#1: Found when using GLOBAL_IMAGE. X: 2342.00 Y:1257.00
Loop: count=327, trial=1, Duration=455518 ms
Remap: 80.68 ms
Transform color: 12.27 ms
Get partial image time: 0.12 ms
Apriltag detector detect time: 6.62 ms
Zarray time: 0.00 ms
CAM#1: tag#5: FAST SEARCH: search_time:6.80 microseconds
CAM#1: PART SEARCH: search_time:6.83 ms
Process time: 0.00 ms
Loop: count=328, trial=1, Duration=114154 ms
Remap: 57.06 ms
Transform color: 4.72 ms
Get partial image time: 0.07 ms
Apriltag detector detect time: 6.39 ms
Zarray time: 0.00 ms
CAM#1: tag#5: FAST SEARCH: search_time:6.52 microseconds
CAM#1: PART SEARCH: search_time:6.54 ms
Tags are missing.
Process time: 0.00 ms
CAM#1: Using GLobal SEARCH ##############################################
CAM#1: GLOBAL SEARCH: search_time:341.64 ms
CAM#1: Found when using GLOBAL_IMAGE. X: 2425.00 Y:1086.00
Loop: count=329, trial=1, Duration=414905 ms
Remap: 86.56 ms
Transform color: 14.33 ms
Get partial image time: 0.07 ms
Apriltag detector detect time: 6.37 ms
Zarray time: 0.00 ms
CAM#1: tag#5: FAST SEARCH: search_time:6.51 microseconds
CAM#1: PART SEARCH: search_time:6.54 ms
Process time: 0.00 ms
Loop: count=330, trial=1, Duration=116056 ms
Remap: 81.39 ms
Transform color: 7.96 ms
Get partial image time: 0.07 ms
Apriltag detector detect time: 7.77 ms
Zarray time: 0.00 ms
CAM#1: tag#5: FAST SEARCH: search_time:7.91 microseconds
CAM#1: PART SEARCH: search_time:7.93 ms
Tags are missing.
Process time: 0.00 ms
CAM#1: Using GLobal SEARCH ##############################################
CAM#1: GLOBAL SEARCH: search_time:185.94 ms
CAM#1: Found when using GLOBAL_IMAGE. X: 2504.00 Y:930.00
Loop: count=331, trial=1, Duration=287844 ms
Remap: 87.53 ms
Transform color: 17.02 ms
Get partial image time: 0.12 ms
Apriltag detector detect time: 7.66 ms
Zarray time: 0.00 ms
CAM#1: tag#5: FAST SEARCH: search_time:7.91 microseconds
CAM#1: PART SEARCH: search_time:7.95 ms
Process time: 0.00 ms
Loop: count=332, trial=1, Duration=126747 ms
Remap: 87.19 ms
Transform color: 4.75 ms
Get partial image time: 0.06 ms
Apriltag detector detect time: 6.83 ms
Zarray time: 0.00 ms
CAM#1: tag#5: FAST SEARCH: search_time:6.96 microseconds
CAM#1: PART SEARCH: search_time:6.98 ms
Tags are missing.
Process time: 0.00 ms
CAM#1: Using GLobal SEARCH ##############################################
CAM#1: GLOBAL SEARCH: search_time:452.14 ms
CAM#1: Found when using GLOBAL_IMAGE. X: 2564.00 Y:809.00
Loop: count=333, trial=1, Duration=555855 ms
Remap: 85.40 ms
Transform color: 19.08 ms
Get partial image time: 0.15 ms
Apriltag detector detect time: 7.35 ms
Zarray time: 0.00 ms
CAM#1: tag#5: FAST SEARCH: search_time:7.59 microseconds
CAM#1: PART SEARCH: search_time:7.64 ms
Process time: 0.00 ms
Loop: count=334, trial=1, Duration=114919 ms
Remap: 82.06 ms
Transform color: 13.22 ms
Get partial image time: 0.12 ms
Apriltag detector detect time: 8.64 ms
Zarray time: 0.00 ms
CAM#1: tag#5: FAST SEARCH: search_time:8.85 microseconds
CAM#1: PART SEARCH: search_time:8.88 ms
Tags are missing.
Process time: 0.00 ms
CAM#1: Using GLobal SEARCH ##############################################
CAM#1: GLOBAL SEARCH: search_time:301.92 ms
CAM#1: Found when using GLOBAL_IMAGE. X: 2661.00 Y:619.00
Loop: count=335, trial=1, Duration=410121 ms
Remap: 80.56 ms
Transform color: 10.62 ms
Get partial image time: 0.07 ms
Apriltag detector detect time: 9.31 ms
Zarray time: 0.00 ms
CAM#1: tag#5: FAST SEARCH: search_time:9.46 microseconds
CAM#1: PART SEARCH: search_time:9.48 ms
Process time: 0.00 ms
Loop: count=336, trial=1, Duration=108734 ms
Remap: 85.13 ms
Transform color: 13.84 ms
Get partial image time: 0.12 ms
Apriltag detector detect time: 8.09 ms
Zarray time: 0.00 ms
CAM#1: tag#5: FAST SEARCH: search_time:8.26 microseconds
CAM#1: PART SEARCH: search_time:8.29 ms
Tags are missing.
Process time: 0.00 ms
CAM#1: Using GLobal SEARCH ##############################################
CAM#1: GLOBAL SEARCH: search_time:366.32 ms
CAM#1: Found when using GLOBAL_IMAGE. X: 2739.00 Y:466.00
Loop: count=337, trial=1, Duration=478276 ms
Remap: 79.57 ms
Transform color: 4.61 ms
Get partial image time: 0.07 ms
Apriltag detector detect time: 6.82 ms
Zarray time: 0.00 ms
CAM#1: tag#5: FAST SEARCH: search_time:6.96 microseconds
CAM#1: PART SEARCH: search_time:7.00 ms
Process time: 0.00 ms
Loop: count=338, trial=1, Duration=149549 ms
Remap: 296.01 ms
Transform color: 67.57 ms
Get partial image time: 0.15 ms
Apriltag detector detect time: 11.18 ms
Zarray time: 0.00 ms
CAM#1: tag#5: FAST SEARCH: search_time:11.48 microseconds
CAM#1: PART SEARCH: search_time:11.51 ms
Tags are missing.
Process time: 0.01 ms
CAM#1: Using GLobal SEARCH ##############################################
CAM#1: GLOBAL SEARCH: search_time:35.12 ms
CAM#1: Found when using GLOBAL_IMAGE. X: 2816.00 Y:315.00
Loop: count=339, trial=1, Duration=426917 ms
Remap: 79.30 ms
Transform color: 18.36 ms
Get partial image time: 0.09 ms
Apriltag detector detect time: 8.26 ms
Zarray time: 0.00 ms
CAM#1: tag#5: FAST SEARCH: search_time:8.44 microseconds
CAM#1: PART SEARCH: search_time:8.47 ms
Tag#5 detected in the overlapping area. Time frame: 2025-Apr-24 12:26:01.228532
Process time: 0.04 ms
Loop: count=340, trial=1, Duration=108702 ms
Remap: 82.67 ms
Transform color: 15.34 ms
Get partial image time: 0.11 ms
Apriltag detector detect time: 8.59 ms
Zarray time: 0.00 ms
CAM#1: tag#5: FAST SEARCH: search_time:8.79 microseconds
CAM#1: PART SEARCH: search_time:8.82 ms
Tags are missing.
Process time: 0.00 ms
CAM#1: Using GLobal SEARCH ##############################################
CAM#1: GLOBAL SEARCH: search_time:446.76 ms
CAM#1: Found when using GLOBAL_IMAGE. X: 2887.00 Y:171.00
Loop: count=341, trial=1, Duration=556227 ms
Remap: 52.95 ms
Transform color: 5.41 ms
Get partial image time: 0.07 ms
Apriltag detector detect time: 7.00 ms
Zarray time: 0.00 ms
CAM#1: tag#5: FAST SEARCH: search_time:7.20 microseconds
CAM#1: PART SEARCH: search_time:7.25 ms
Tag#5 detected in the overlapping area. Time frame: 2025-Apr-24 12:26:01.928580
Process time: 0.05 ms
Loop: count=342, trial=1, Duration=70796 ms
Remap: 87.50 ms
Transform color: 15.80 ms
Get partial image time: 0.13 ms
Apriltag detector detect time: 8.43 ms
Zarray time: 0.00 ms
CAM#1: tag#5: FAST SEARCH: search_time:8.66 microseconds
CAM#1: PART SEARCH: search_time:8.70 ms
Tags are missing.
Process time: 0.00 ms
CAM#1: Using GLobal SEARCH ##############################################
CAM#1: GLOBAL SEARCH: search_time:461.64 ms
Loop: count=343, trial=1, Duration=577829 ms
Remap: 77.09 ms
Transform color: 5.21 ms
CAM#1: PART SEARCH: search_time:0.00 ms
Tag#5 detected in the overlapping area. Time frame: 2025-Apr-24 12:26:01.928580
Process time: 0.03 ms
Loop: count=344, trial=1, Duration=84383 ms
Remap: 66.61 ms
Transform color: 6.51 ms
CAM#1: PART SEARCH: search_time:0.01 ms
Process time: 0.00 ms
Loop: count=345, trial=1, Duration=76573 ms
Remap: 74.25 ms
Transform color: 5.64 ms
CAM#1: PART SEARCH: search_time:0.00 ms
Process time: 0.00 ms
Loop: count=346, trial=1, Duration=83093 ms
Remap: 67.98 ms
Transform color: 7.19 ms
CAM#1: PART SEARCH: search_time:0.01 ms
Process time: 0.00 ms
Loop: count=347, trial=1, Duration=78355 ms
Remap: 75.55 ms
Transform color: 3.95 ms
CAM#1: PART SEARCH: search_time:0.00 ms
Process time: 0.00 ms
Loop: count=348, trial=1, Duration=81474 ms
Remap: 66.17 ms
Transform color: 3.96 ms
CAM#1: PART SEARCH: search_time:0.00 ms
Process time: 0.00 ms
Loop: count=349, trial=1, Duration=72280 ms
Remap: 77.07 ms
Transform color: 6.48 ms
CAM#1: PART SEARCH: search_time:0.00 ms
Process time: 0.00 ms
Loop: count=350, trial=1, Duration=85998 ms
Remap: 63.60 ms
Transform color: 2.81 ms
CAM#1: PART SEARCH: search_time:0.00 ms
Process time: 0.00 ms
Loop: count=351, trial=1, Duration=71609 ms
Remap: 74.22 ms
Transform color: 5.80 ms
CAM#1: PART SEARCH: search_time:0.00 ms
Process time: 0.00 ms
Loop: count=352, trial=1, Duration=83202 ms
Remap: 66.19 ms
Transform color: 6.71 ms
CAM#1: PART SEARCH: search_time:0.01 ms
Process time: 0.00 ms
Loop: count=353, trial=1, Duration=172115 ms
Remap: 85.84 ms
Transform color: 5.60 ms
CAM#1: PART SEARCH: search_time:0.00 ms
Process time: 0.00 ms
Loop: count=354, trial=1, Duration=94053 ms
Remap: 72.85 ms
Transform color: 5.86 ms
CAM#1: PART SEARCH: search_time:0.00 ms
Process time: 0.00 ms
Loop: count=355, trial=1, Duration=82169 ms
Remap: 80.19 ms
Transform color: 6.78 ms
CAM#1: PART SEARCH: search_time:0.00 ms
Process time: 0.00 ms
Loop: count=356, trial=1, Duration=128076 ms
Remap: 75.50 ms
Transform color: 3.17 ms
CAM#1: PART SEARCH: search_time:0.00 ms
Process time: 0.00 ms
Loop: count=357, trial=1, Duration=188602 ms
Remap: 147.91 ms
Transform color: 3.59 ms
CAM#1: PART SEARCH: search_time:0.00 ms
Process time: 0.00 ms
Loop: count=358, trial=1, Duration=200428 ms
Remap: 60.90 ms
Transform color: 4.85 ms
CAM#1: PART SEARCH: search_time:0.00 ms
Process time: 0.00 ms
CAM#1: Using GLobal SEARCH ##############################################
CAM#1: GLOBAL SEARCH: search_time:0.00 ms
Loop: count=359, trial=1, Duration=68844 ms
Remap: 58.20 ms
Transform color: 7.02 ms
CAM#1: PART SEARCH: search_time:0.00 ms
Tag#5 detected in the overlapping area. Time frame: 2025-Apr-24 12:26:01.928580
Process time: 0.03 ms
CAM 1: -2147483648Hz
Loop: count=360, trial=1, Duration=67604 ms
Remap: 60.87 ms
Transform color: 5.83 ms
CAM#1: PART SEARCH: search_time:0.00 ms
Process time: 0.00 ms
Loop: count=361, trial=1, Duration=70482 ms
Remap: 75.85 ms
Transform color: 5.26 ms
CAM#1: PART SEARCH: search_time:0.00 ms
Process time: 0.00 ms
Loop: count=362, trial=1, Duration=140958 ms
Remap: 376.02 ms
Transform color: 5.73 ms
CAM#1: PART SEARCH: search_time:0.01 ms
Process time: 0.00 ms
Loop: count=363, trial=1, Duration=384673 ms
Remap: 261.98 ms
Transform color: 1.83 ms
CAM#1: PART SEARCH: search_time:0.00 ms
Process time: 0.00 ms
Loop: count=364, trial=1, Duration=359951 ms
Remap: 95.00 ms
Transform color: 217.88 ms
CAM#1: PART SEARCH: search_time:0.01 ms
Process time: 0.00 ms
Loop: count=365, trial=1, Duration=315688 ms
Remap: 274.21 ms
Transform color: 3.11 ms
CAM#1: PART SEARCH: search_time:0.01 ms
Process time: 0.00 ms
Loop: count=366, trial=1, Duration=279812 ms
Remap: 84.85 ms
Transform color: 5.79 ms
CAM#1: PART SEARCH: search_time:0.00 ms
Process time: 0.00 ms
Loop: count=367, trial=1, Duration=176958 ms
Remap: 64.22 ms
Transform color: 3.81 ms
CAM#1: PART SEARCH: search_time:0.00 ms
Process time: 0.00 ms
Loop: count=368, trial=1, Duration=70209 ms
Remap: 66.18 ms
Transform color: 7.18 ms
CAM#1: PART SEARCH: search_time:0.00 ms
Process time: 0.00 ms
Loop: count=369, trial=1, Duration=75965 ms
Remap: 12.28 ms
Transform color: 1.65 ms
CAM#1: PART SEARCH: search_time:0.00 ms
Process time: 0.00 ms
Loop: count=370, trial=1, Duration=25205 ms
Remap: 87.08 ms
Transform color: 7.49 ms
CAM#1: PART SEARCH: search_time:0.00 ms
Process time: 0.00 ms
Loop: count=371, trial=1, Duration=124505 ms
Remap: 86.05 ms
Transform color: 6.47 ms
CAM#1: PART SEARCH: search_time:0.00 ms
Process time: 0.00 ms
Loop: count=372, trial=1, Duration=94791 ms
Remap: 85.63 ms
Transform color: 7.82 ms
CAM#1: PART SEARCH: search_time:0.01 ms
Process time: 0.00 ms
Loop: count=373, trial=1, Duration=167519 ms
Remap: 88.41 ms
Transform color: 7.62 ms
CAM#1: PART SEARCH: search_time:0.00 ms
Process time: 0.00 ms
Loop: count=374, trial=1, Duration=130144 ms
Remap: 85.95 ms
Transform color: 8.34 ms
CAM#1: PART SEARCH: search_time:0.00 ms
Process time: 0.00 ms
CAM#1: Using GLobal SEARCH ##############################################
CAM#1: GLOBAL SEARCH: search_time:0.00 ms
Loop: count=375, trial=1, Duration=96641 ms
Remap: 83.17 ms
Transform color: 6.40 ms
CAM#1: PART SEARCH: search_time:0.00 ms
Tag#5 detected in the overlapping area. Time frame: 2025-Apr-24 12:26:01.928580
Process time: 0.06 ms
Loop: count=376, trial=1, Duration=92747 ms
Remap: 82.21 ms
Transform color: 6.53 ms
CAM#1: PART SEARCH: search_time:0.00 ms
Process time: 0.00 ms
Loop: count=377, trial=1, Duration=91569 ms
Remap: 92.11 ms
Transform color: 9.46 ms
CAM#1: PART SEARCH: search_time:0.00 ms
Process time: 0.00 ms
Loop: count=378, trial=1, Duration=105701 ms
Remap: 84.82 ms
Transform color: 14.98 ms
CAM#1: PART SEARCH: search_time:0.00 ms
Process time: 0.00 ms
Loop: count=379, trial=1, Duration=104514 ms
Remap: 83.93 ms
Transform color: 7.44 ms
CAM#1: PART SEARCH: search_time:0.00 ms
Process time: 0.00 ms
Loop: count=380, trial=1, Duration=100263 ms
Remap: 86.44 ms
Transform color: 6.60 ms
CAM#1: PART SEARCH: search_time:0.00 ms
Process time: 0.00 ms
Loop: count=381, trial=1, Duration=96722 ms
Remap: 79.49 ms
Transform color: 7.46 ms
CAM#1: PART SEARCH: search_time:0.00 ms
Process time: 0.00 ms
Loop: count=382, trial=1, Duration=114710 ms
Remap: 83.54 ms
Transform color: 8.65 ms
CAM#1: PART SEARCH: search_time:0.00 ms
Process time: 0.00 ms
Loop: count=383, trial=1, Duration=96439 ms
Remap: 87.53 ms
Transform color: 8.73 ms
CAM#1: PART SEARCH: search_time:0.00 ms
Process time: 0.00 ms
Loop: count=384, trial=1, Duration=99582 ms
Remap: 88.46 ms
Transform color: 9.19 ms
CAM#1: PART SEARCH: search_time:0.00 ms
Process time: 0.00 ms
Loop: count=385, trial=1, Duration=100829 ms
Remap: 84.96 ms
Transform color: 8.73 ms
CAM#1: PART SEARCH: search_time:0.00 ms
Process time: 0.00 ms
Loop: count=386, trial=1, Duration=96725 ms
Remap: 83.19 ms
Transform color: 8.66 ms
CAM#1: PART SEARCH: search_time:0.00 ms
Process time: 0.00 ms
Loop: count=387, trial=1, Duration=94746 ms
Remap: 85.88 ms
Transform color: 8.04 ms
CAM#1: PART SEARCH: search_time:0.00 ms
Process time: 0.00 ms
Loop: count=388, trial=1, Duration=97559 ms
Remap: 112.25 ms
Transform color: 8.32 ms
CAM#1: PART SEARCH: search_time:0.01 ms
Process time: 0.00 ms
Loop: count=389, trial=1, Duration=123825 ms
Remap: 82.53 ms
Transform color: 7.39 ms
CAM#1: PART SEARCH: search_time:0.00 ms
Process time: 0.00 ms
Loop: count=390, trial=1, Duration=124946 ms
Remap: 86.73 ms
Transform color: 6.57 ms
CAM#1: PART SEARCH: search_time:0.00 ms
Process time: 0.00 ms
CAM#1: Using GLobal SEARCH ##############################################
CAM#1: GLOBAL SEARCH: search_time:0.00 ms
Loop: count=391, trial=1, Duration=96081 ms
Remap: 84.26 ms
Transform color: 9.81 ms
CAM#1: PART SEARCH: search_time:0.00 ms
Tag#5 detected in the overlapping area. Time frame: 2025-Apr-24 12:26:01.928580
Process time: 0.05 ms
Loop: count=392, trial=1, Duration=96434 ms
Remap: 79.68 ms
Transform color: 7.01 ms
CAM#1: PART SEARCH: search_time:0.00 ms
Process time: 0.00 ms
Loop: count=393, trial=1, Duration=90275 ms
Remap: 81.93 ms
Transform color: 10.75 ms
CAM#1: PART SEARCH: search_time:0.00 ms
Process time: 0.00 ms
Loop: count=394, trial=1, Duration=97773 ms
Remap: 83.49 ms
Transform color: 6.97 ms
CAM#1: PART SEARCH: search_time:0.00 ms
Process time: 0.00 ms
Loop: count=395, trial=1, Duration=93912 ms
