Remap: 68.65 ms
Transform color: 6.30 ms
CAM#2: PART SEARCH: search_time:0.00 ms
Process time: 0.00 ms
Loop: count=0, trial=1, Duration=151755 ms
Remap: 64.43 ms
Transform color: 4.97 ms
CAM#2: PART SEARCH: search_time:0.00 ms
Process time: 0.00 ms
Loop: count=1, trial=1, Duration=106296 ms
Remap: 12.93 ms
Transform color: 1.54 ms
CAM#2: PART SEARCH: search_time:0.00 ms
Process time: 0.00 ms
Loop: count=2, trial=1, Duration=71889 ms
Remap: 62.49 ms
Transform color: 4.48 ms
CAM#2: PART SEARCH: search_time:0.00 ms
Process time: 0.00 ms
Loop: count=3, trial=1, Duration=117280 ms
Remap: 60.10 ms
Transform color: 1.70 ms
CAM#2: PART SEARCH: search_time:0.00 ms
Process time: 0.00 ms
Loop: count=4, trial=1, Duration=258383 ms
Remap: 17.04 ms
Transform color: 1.91 ms
CAM#2: PART SEARCH: search_time:0.00 ms
Process time: 0.00 ms
Loop: count=5, trial=1, Duration=338642 ms
Remap: 70.89 ms
Transform color: 5.49 ms
CAM#2: PART SEARCH: search_time:0.00 ms
Process time: 0.00 ms
Loop: count=6, trial=1, Duration=80153 ms
Remap: 76.39 ms
Transform color: 2.23 ms
CAM#2: PART SEARCH: search_time:0.00 ms
Process time: 0.00 ms
Loop: count=7, trial=1, Duration=159764 ms
Remap: 157.06 ms
Transform color: 194.07 ms
CAM#2: PART SEARCH: search_time:0.00 ms
Process time: 0.00 ms
Loop: count=8, trial=1, Duration=354279 ms
Remap: 74.34 ms
Transform color: 5.53 ms
CAM#2: PART SEARCH: search_time:0.00 ms
Process time: 0.00 ms
Loop: count=9, trial=1, Duration=82721 ms
Remap: 70.85 ms
Transform color: 7.18 ms
CAM#2: PART SEARCH: search_time:0.01 ms
Process time: 0.00 ms
Loop: count=10, trial=1, Duration=115152 ms
Remap: 67.33 ms
Transform color: 5.41 ms
CAM#2: PART SEARCH: search_time:0.00 ms
Process time: 0.00 ms
Loop: count=11, trial=1, Duration=398806 ms
Remap: 84.81 ms
Transform color: 1.07 ms
CAM#2: PART SEARCH: search_time:0.00 ms
Process time: 0.00 ms
Loop: count=12, trial=1, Duration=87435 ms
Remap: 9.51 ms
Transform color: 1.03 ms
CAM#2: PART SEARCH: search_time:0.00 ms
Process time: 0.00 ms
Loop: count=13, trial=1, Duration=12118 ms
Remap: 67.12 ms
Transform color: 5.83 ms
CAM#2: PART SEARCH: search_time:0.00 ms
Process time: 0.00 ms
Loop: count=14, trial=1, Duration=163682 ms
Remap: 70.83 ms
Transform color: 5.87 ms
CAM#2: PART SEARCH: search_time:0.00 ms
Process time: 0.00 ms
CAM#2: Using GLobal SEARCH ##############################################
CAM#2: GLOBAL SEARCH: search_time:0.00 ms
Loop: count=15, trial=1, Duration=356955 ms
Remap: 133.14 ms
Transform color: 3.73 ms
CAM#2: PART SEARCH: search_time:0.01 ms
Process time: 0.00 ms
Loop: count=16, trial=1, Duration=139280 ms
Remap: 135.42 ms
Transform color: 88.76 ms
CAM#2: PART SEARCH: search_time:0.01 ms
Process time: 0.00 ms
Loop: count=17, trial=1, Duration=226999 ms
Remap: 76.12 ms
Transform color: 6.27 ms
CAM#2: PART SEARCH: search_time:0.01 ms
Process time: 0.00 ms
Loop: count=18, trial=1, Duration=85544 ms
Remap: 48.13 ms
Transform color: 13.16 ms
CAM#2: PART SEARCH: search_time:0.00 ms
Process time: 0.00 ms
Loop: count=19, trial=1, Duration=77960 ms
Remap: 72.62 ms
Transform color: 7.04 ms
CAM#2: PART SEARCH: search_time:0.00 ms
Process time: 0.00 ms
Loop: count=20, trial=1, Duration=170642 ms
Remap: 70.75 ms
Transform color: 6.51 ms
CAM#2: PART SEARCH: search_time:0.01 ms
Process time: 0.00 ms
Loop: count=21, trial=1, Duration=79889 ms
Remap: 69.25 ms
Transform color: 5.21 ms
CAM#2: PART SEARCH: search_time:0.00 ms
Process time: 0.00 ms
Loop: count=22, trial=1, Duration=76549 ms
Remap: 70.44 ms
Transform color: 4.09 ms
CAM#2: PART SEARCH: search_time:0.01 ms
Process time: 0.00 ms
Loop: count=23, trial=1, Duration=77391 ms
Remap: 70.80 ms
Transform color: 5.35 ms
CAM#2: PART SEARCH: search_time:0.01 ms
Process time: 0.00 ms
Loop: count=24, trial=1, Duration=145797 ms
Remap: 75.24 ms
Transform color: 3.93 ms
CAM#2: PART SEARCH: search_time:0.00 ms
Process time: 0.00 ms
Loop: count=25, trial=1, Duration=81157 ms
Remap: 71.27 ms
Transform color: 4.94 ms
CAM#2: PART SEARCH: search_time:0.00 ms
Process time: 0.00 ms
Loop: count=26, trial=1, Duration=78361 ms
Remap: 71.25 ms
Transform color: 4.96 ms
CAM#2: PART SEARCH: search_time:0.00 ms
Process time: 0.00 ms
Loop: count=27, trial=1, Duration=138238 ms
Remap: 75.60 ms
Transform color: 4.19 ms
CAM#2: PART SEARCH: search_time:0.00 ms
Process time: 0.00 ms
Loop: count=28, trial=1, Duration=81890 ms
Remap: 51.41 ms
Transform color: 8.00 ms
CAM#2: PART SEARCH: search_time:0.00 ms
Process time: 0.00 ms
Loop: count=29, trial=1, Duration=63656 ms
Remap: 79.98 ms
Transform color: 6.48 ms
CAM#2: PART SEARCH: search_time:0.00 ms
Process time: 0.00 ms
Loop: count=30, trial=1, Duration=89367 ms
Remap: 75.34 ms
Transform color: 2.68 ms
CAM#2: PART SEARCH: search_time:0.00 ms
Process time: 0.00 ms
CAM#2: Using GLobal SEARCH ##############################################
CAM#2: GLOBAL SEARCH: search_time:0.00 ms
Loop: count=31, trial=1, Duration=80702 ms
Remap: 74.92 ms
Transform color: 4.48 ms
CAM#2: PART SEARCH: search_time:0.00 ms
Process time: 0.00 ms
Loop: count=32, trial=1, Duration=81558 ms
Remap: 74.73 ms
Transform color: 6.58 ms
CAM#2: PART SEARCH: search_time:0.01 ms
Process time: 0.00 ms
Loop: count=33, trial=1, Duration=84920 ms
Remap: 72.38 ms
Transform color: 5.23 ms
CAM#2: PART SEARCH: search_time:0.00 ms
Process time: 0.00 ms
Loop: count=34, trial=1, Duration=231940 ms
Remap: 75.66 ms
Transform color: 4.32 ms
CAM#2: PART SEARCH: search_time:0.00 ms
Process time: 0.00 ms
Loop: count=35, trial=1, Duration=82158 ms
Remap: 62.24 ms
Transform color: 3.76 ms
CAM#2: PART SEARCH: search_time:0.00 ms
Process time: 0.00 ms
Loop: count=36, trial=1, Duration=294580 ms
Remap: 68.23 ms
Transform color: 4.33 ms
CAM#2: PART SEARCH: search_time:0.00 ms
Process time: 0.00 ms
Loop: count=37, trial=1, Duration=74689 ms
Remap: 951.33 ms
Transform color: 3.99 ms
CAM#2: PART SEARCH: search_time:0.00 ms
Process time: 0.00 ms
Loop: count=38, trial=1, Duration=1034569 ms
Remap: 316.50 ms
Transform color: 387.90 ms
CAM#2: PART SEARCH: search_time:0.01 ms
Process time: 0.00 ms
Loop: count=39, trial=1, Duration=762922 ms
Remap: 109.17 ms
Transform color: 4.00 ms
CAM#2: PART SEARCH: search_time:0.00 ms
Process time: 0.00 ms
Loop: count=40, trial=1, Duration=114834 ms
Remap: 112.28 ms
Transform color: 2.40 ms
CAM#2: PART SEARCH: search_time:0.00 ms
Process time: 0.00 ms
Loop: count=41, trial=1, Duration=122634 ms
Remap: 88.84 ms
Transform color: 6.67 ms
CAM#2: PART SEARCH: search_time:0.00 ms
Process time: 0.00 ms
Loop: count=42, trial=1, Duration=125516 ms
Remap: 79.06 ms
Transform color: 5.56 ms
CAM#2: PART SEARCH: search_time:0.00 ms
Process time: 0.00 ms
Loop: count=43, trial=1, Duration=138535 ms
Remap: 92.27 ms
Transform color: 6.19 ms
CAM#2: PART SEARCH: search_time:0.00 ms
Process time: 0.00 ms
Loop: count=44, trial=1, Duration=131456 ms
Remap: 78.45 ms
Transform color: 5.93 ms
CAM#2: PART SEARCH: search_time:0.00 ms
Process time: 0.00 ms
Loop: count=45, trial=1, Duration=126770 ms
Remap: 133.42 ms
Transform color: 65.15 ms
CAM#2: PART SEARCH: search_time:0.00 ms
Process time: 0.00 ms
Loop: count=46, trial=1, Duration=201183 ms
Remap: 75.02 ms
Transform color: 6.19 ms
CAM#2: PART SEARCH: search_time:0.00 ms
Process time: 0.00 ms
CAM#2: Using GLobal SEARCH ##############################################
CAM#2: GLOBAL SEARCH: search_time:0.00 ms
Loop: count=47, trial=1, Duration=83874 ms
Remap: 80.48 ms
Transform color: 3.61 ms
CAM#2: PART SEARCH: search_time:0.00 ms
Process time: 0.00 ms
Loop: count=48, trial=1, Duration=157933 ms
Remap: 70.70 ms
Transform color: 5.79 ms
CAM#2: PART SEARCH: search_time:0.01 ms
Process time: 0.00 ms
Loop: count=49, trial=1, Duration=80147 ms
Remap: 61.40 ms
Transform color: 6.53 ms
CAM#2: PART SEARCH: search_time:0.00 ms
Process time: 0.00 ms
Loop: count=50, trial=1, Duration=70376 ms
Remap: 91.88 ms
Transform color: 314.47 ms
CAM#2: PART SEARCH: search_time:0.01 ms
Process time: 0.00 ms
Loop: count=51, trial=1, Duration=416747 ms
Remap: 74.67 ms
Transform color: 5.44 ms
CAM#2: PART SEARCH: search_time:0.01 ms
Process time: 0.00 ms
Loop: count=52, trial=1, Duration=117301 ms
Remap: 62.87 ms
Transform color: 5.69 ms
CAM#2: PART SEARCH: search_time:0.00 ms
Process time: 0.00 ms
Loop: count=53, trial=1, Duration=70665 ms
Remap: 69.69 ms
Transform color: 8.13 ms
CAM#2: PART SEARCH: search_time:0.01 ms
Process time: 0.00 ms
Loop: count=54, trial=1, Duration=151667 ms
Remap: 14.77 ms
Transform color: 1.84 ms
CAM#2: PART SEARCH: search_time:0.00 ms
Process time: 0.00 ms
Loop: count=55, trial=1, Duration=18543 ms
Remap: 71.33 ms
Transform color: 8.95 ms
CAM#2: PART SEARCH: search_time:0.00 ms
Process time: 0.00 ms
Loop: count=56, trial=1, Duration=118456 ms
Remap: 549.50 ms
Transform color: 2.38 ms
CAM#2: PART SEARCH: search_time:0.00 ms
Process time: 0.00 ms
Loop: count=57, trial=1, Duration=896689 ms
Remap: 33.69 ms
Transform color: 4.81 ms
CAM#2: PART SEARCH: search_time:0.00 ms
Process time: 0.00 ms
Loop: count=58, trial=1, Duration=41898 ms
Remap: 25.47 ms
Transform color: 4.71 ms
CAM#2: PART SEARCH: search_time:0.00 ms
Process time: 0.00 ms
Loop: count=59, trial=1, Duration=125324 ms
Remap: 792.88 ms
Transform color: 48.89 ms
CAM#2: PART SEARCH: search_time:0.01 ms
Process time: 0.00 ms
Loop: count=60, trial=1, Duration=845354 ms
Remap: 78.42 ms
Transform color: 6.26 ms
CAM#2: PART SEARCH: search_time:0.00 ms
Process time: 0.00 ms
Loop: count=61, trial=1, Duration=87883 ms
Remap: 82.59 ms
Transform color: 9.25 ms
CAM#2: PART SEARCH: search_time:0.01 ms
Process time: 0.00 ms
Loop: count=62, trial=1, Duration=117267 ms
Remap: 84.89 ms
Transform color: 6.53 ms
CAM#2: PART SEARCH: search_time:0.00 ms
Process time: 0.00 ms
CAM#2: Using GLobal SEARCH ##############################################
CAM#2: GLOBAL SEARCH: search_time:0.00 ms
Loop: count=63, trial=1, Duration=94164 ms
Remap: 89.12 ms
Transform color: 3.57 ms
CAM#2: PART SEARCH: search_time:0.00 ms
Process time: 0.00 ms
Loop: count=64, trial=1, Duration=99264 ms
Remap: 82.35 ms
Transform color: 6.74 ms
CAM#2: PART SEARCH: search_time:0.00 ms
Process time: 0.00 ms
Loop: count=65, trial=1, Duration=132184 ms
Remap: 86.75 ms
Transform color: 7.93 ms
CAM#2: PART SEARCH: search_time:0.00 ms
Process time: 0.00 ms
Loop: count=66, trial=1, Duration=152171 ms
Remap: 257.17 ms
Transform color: 4.74 ms
CAM#2: PART SEARCH: search_time:0.01 ms
Process time: 0.00 ms
Loop: count=67, trial=1, Duration=265392 ms
Remap: 14.20 ms
Transform color: 1.76 ms
CAM#2: PART SEARCH: search_time:0.00 ms
Process time: 0.00 ms
Loop: count=68, trial=1, Duration=17896 ms
Remap: 107.36 ms
Transform color: 132.11 ms
CAM#2: PART SEARCH: search_time:0.00 ms
Process time: 0.00 ms
Loop: count=69, trial=1, Duration=283958 ms
Remap: 81.85 ms
Transform color: 15.21 ms
CAM#2: PART SEARCH: search_time:0.00 ms
Process time: 0.00 ms
Loop: count=70, trial=1, Duration=180693 ms
Remap: 90.09 ms
Transform color: 16.84 ms
CAM#2: PART SEARCH: search_time:0.00 ms
Process time: 0.00 ms
Loop: count=71, trial=1, Duration=110398 ms
Remap: 83.21 ms
Transform color: 241.77 ms
CAM#2: PART SEARCH: search_time:0.00 ms
Process time: 0.00 ms
Loop: count=72, trial=1, Duration=327918 ms
Remap: 126.73 ms
Transform color: 3.30 ms
CAM#2: PART SEARCH: search_time:0.00 ms
Process time: 0.00 ms
Loop: count=73, trial=1, Duration=140601 ms
Remap: 86.87 ms
Transform color: 13.93 ms
CAM#2: PART SEARCH: search_time:0.00 ms
Process time: 0.00 ms
Loop: count=74, trial=1, Duration=104266 ms
Remap: 89.48 ms
Transform color: 16.59 ms
CAM#2: PART SEARCH: search_time:0.00 ms
Process time: 0.00 ms
Loop: count=75, trial=1, Duration=147839 ms
Remap: 86.11 ms
Transform color: 13.84 ms
CAM#2: PART SEARCH: search_time:0.00 ms
Process time: 0.00 ms
Loop: count=76, trial=1, Duration=103922 ms
Remap: 82.08 ms
Transform color: 15.40 ms
CAM#2: PART SEARCH: search_time:0.00 ms
Process time: 0.00 ms
Loop: count=77, trial=1, Duration=185283 ms
Remap: 86.58 ms
Transform color: 19.09 ms
CAM#2: PART SEARCH: search_time:0.01 ms
Process time: 0.00 ms
Loop: count=78, trial=1, Duration=110333 ms
Remap: 87.64 ms
Transform color: 18.19 ms
CAM#2: PART SEARCH: search_time:0.00 ms
Process time: 0.00 ms
CAM#2: Using GLobal SEARCH ##############################################
CAM#2: GLOBAL SEARCH: search_time:0.00 ms
Loop: count=79, trial=1, Duration=108640 ms
Remap: 83.75 ms
Transform color: 16.44 ms
CAM#2: PART SEARCH: search_time:0.00 ms
Process time: 0.00 ms
Loop: count=80, trial=1, Duration=181519 ms
Remap: 78.76 ms
Transform color: 14.19 ms
CAM#2: PART SEARCH: search_time:0.00 ms
Process time: 0.00 ms
Loop: count=81, trial=1, Duration=99872 ms
Remap: 80.52 ms
Transform color: 20.10 ms
CAM#2: PART SEARCH: search_time:0.00 ms
Process time: 0.00 ms
Loop: count=82, trial=1, Duration=134662 ms
Remap: 85.36 ms
Transform color: 15.40 ms
CAM#2: PART SEARCH: search_time:0.00 ms
Process time: 0.00 ms
Loop: count=83, trial=1, Duration=104232 ms
Remap: 87.26 ms
Transform color: 16.65 ms
CAM#2: PART SEARCH: search_time:0.00 ms
Process time: 0.00 ms
Loop: count=84, trial=1, Duration=131097 ms
Remap: 80.09 ms
Transform color: 16.70 ms
CAM#2: PART SEARCH: search_time:0.00 ms
Process time: 0.00 ms
Loop: count=85, trial=1, Duration=100440 ms
Remap: 79.22 ms
Transform color: 17.71 ms
CAM#2: PART SEARCH: search_time:0.00 ms
Process time: 0.00 ms
Loop: count=86, trial=1, Duration=99467 ms
Remap: 77.63 ms
Transform color: 17.61 ms
CAM#2: PART SEARCH: search_time:0.00 ms
Process time: 0.00 ms
Loop: count=87, trial=1, Duration=98302 ms
Remap: 79.03 ms
Transform color: 12.28 ms
CAM#2: PART SEARCH: search_time:0.00 ms
Process time: 0.00 ms
Loop: count=88, trial=1, Duration=129679 ms
Remap: 84.06 ms
Transform color: 15.55 ms
CAM#2: PART SEARCH: search_time:0.00 ms
Process time: 0.00 ms
Loop: count=89, trial=1, Duration=168221 ms
Remap: 77.62 ms
Transform color: 19.09 ms
CAM#2: PART SEARCH: search_time:0.00 ms
Process time: 0.00 ms
Loop: count=90, trial=1, Duration=99952 ms
Remap: 83.76 ms
Transform color: 12.59 ms
CAM#2: PART SEARCH: search_time:0.00 ms
Process time: 0.00 ms
Loop: count=91, trial=1, Duration=100366 ms
Remap: 86.47 ms
Transform color: 17.99 ms
CAM#2: PART SEARCH: search_time:0.00 ms
Process time: 0.00 ms
Loop: count=92, trial=1, Duration=106773 ms
Remap: 76.75 ms
Transform color: 22.07 ms
CAM#2: PART SEARCH: search_time:0.00 ms
Process time: 0.00 ms
Loop: count=93, trial=1, Duration=102516 ms
Remap: 86.37 ms
Transform color: 16.88 ms
CAM#2: PART SEARCH: search_time:0.01 ms
Process time: 0.00 ms
Loop: count=94, trial=1, Duration=107692 ms
Remap: 86.86 ms
Transform color: 19.34 ms
CAM#2: PART SEARCH: search_time:0.00 ms
Process time: 0.00 ms
CAM#2: Using GLobal SEARCH ##############################################
CAM#2: GLOBAL SEARCH: search_time:0.00 ms
Loop: count=95, trial=1, Duration=108674 ms
Remap: 87.00 ms
Transform color: 17.08 ms
CAM#2: PART SEARCH: search_time:0.00 ms
Process time: 0.00 ms
Loop: count=96, trial=1, Duration=107779 ms
Remap: 86.36 ms
Transform color: 20.51 ms
CAM#2: PART SEARCH: search_time:0.00 ms
Process time: 0.00 ms
Loop: count=97, trial=1, Duration=109237 ms
Remap: 79.10 ms
Transform color: 12.14 ms
CAM#2: PART SEARCH: search_time:0.00 ms
Process time: 0.00 ms
Loop: count=98, trial=1, Duration=136040 ms
Remap: 91.22 ms
Transform color: 14.17 ms
CAM#2: PART SEARCH: search_time:0.00 ms
Process time: 0.00 ms
Loop: count=99, trial=1, Duration=108521 ms
Remap: 85.58 ms
Transform color: 16.33 ms
CAM#2: PART SEARCH: search_time:0.00 ms
Process time: 0.00 ms
Loop: count=100, trial=1, Duration=295397 ms
Remap: 93.30 ms
Transform color: 16.71 ms
CAM#2: PART SEARCH: search_time:0.01 ms
Process time: 0.00 ms
Loop: count=101, trial=1, Duration=113667 ms
Remap: 87.11 ms
Transform color: 17.99 ms
CAM#2: PART SEARCH: search_time:0.00 ms
Process time: 0.00 ms
Loop: count=102, trial=1, Duration=108533 ms
Remap: 85.10 ms
Transform color: 12.95 ms
CAM#2: PART SEARCH: search_time:0.00 ms
Process time: 0.00 ms
Loop: count=103, trial=1, Duration=102109 ms
Remap: 87.71 ms
Transform color: 18.87 ms
CAM#2: PART SEARCH: search_time:0.00 ms
Process time: 0.00 ms
Loop: count=104, trial=1, Duration=109543 ms
Remap: 80.09 ms
Transform color: 20.30 ms
CAM#2: PART SEARCH: search_time:0.01 ms
Process time: 0.00 ms
Loop: count=105, trial=1, Duration=103841 ms
Remap: 81.32 ms
Transform color: 12.67 ms
CAM#2: PART SEARCH: search_time:0.00 ms
Process time: 0.00 ms
Loop: count=106, trial=1, Duration=150346 ms
Remap: 80.83 ms
Transform color: 16.50 ms
CAM#2: PART SEARCH: search_time:0.00 ms
Process time: 0.00 ms
Loop: count=107, trial=1, Duration=100255 ms
Remap: 84.16 ms
Transform color: 12.85 ms
CAM#2: PART SEARCH: search_time:0.00 ms
Process time: 0.00 ms
Loop: count=108, trial=1, Duration=143749 ms
Remap: 92.08 ms
Transform color: 13.90 ms
CAM#2: PART SEARCH: search_time:0.00 ms
Process time: 0.00 ms
Loop: count=109, trial=1, Duration=110055 ms
Remap: 83.84 ms
Transform color: 20.59 ms
CAM#2: PART SEARCH: search_time:0.00 ms
Process time: 0.00 ms
Loop: count=110, trial=1, Duration=224723 ms
Remap: 84.66 ms
Transform color: 20.08 ms
CAM#2: PART SEARCH: search_time:0.01 ms
Process time: 0.00 ms
CAM#2: Using GLobal SEARCH ##############################################
CAM#2: GLOBAL SEARCH: search_time:0.00 ms
Loop: count=111, trial=1, Duration=109463 ms
Remap: 80.78 ms
Transform color: 16.76 ms
CAM#2: PART SEARCH: search_time:0.00 ms
Process time: 0.00 ms
Loop: count=112, trial=1, Duration=100415 ms
Remap: 79.96 ms
Transform color: 3.93 ms
CAM#2: PART SEARCH: search_time:0.00 ms
Process time: 0.00 ms
Loop: count=113, trial=1, Duration=85787 ms
Remap: 76.20 ms
Transform color: 6.61 ms
CAM#2: PART SEARCH: search_time:0.01 ms
Process time: 0.00 ms
Loop: count=114, trial=1, Duration=86945 ms
Remap: 79.33 ms
Transform color: 6.38 ms
CAM#2: PART SEARCH: search_time:0.00 ms
Process time: 0.00 ms
Loop: count=115, trial=1, Duration=89481 ms
Remap: 80.70 ms
Transform color: 6.92 ms
CAM#2: PART SEARCH: search_time:0.00 ms
Process time: 0.00 ms
Loop: count=116, trial=1, Duration=90315 ms
Remap: 165.30 ms
Transform color: 3.30 ms
CAM#2: PART SEARCH: search_time:0.01 ms
Process time: 0.00 ms
Loop: count=117, trial=1, Duration=207422 ms
Remap: 78.31 ms
Transform color: 14.01 ms
CAM#2: PART SEARCH: search_time:0.00 ms
Process time: 0.00 ms
Loop: count=118, trial=1, Duration=643904 ms
Remap: 82.29 ms
Transform color: 6.37 ms
CAM#2: PART SEARCH: search_time:0.00 ms
Process time: 0.00 ms
Loop: count=119, trial=1, Duration=92060 ms
Remap: 80.15 ms
Transform color: 8.05 ms
CAM#2: PART SEARCH: search_time:0.01 ms
Process time: 0.00 ms
CAM 2: -2147483648Hz
Loop: count=120, trial=1, Duration=91340 ms
Remap: 82.52 ms
Transform color: 5.22 ms
CAM#2: PART SEARCH: search_time:0.00 ms
Process time: 0.00 ms
Loop: count=121, trial=1, Duration=90582 ms
Remap: 83.73 ms
Transform color: 7.37 ms
CAM#2: PART SEARCH: search_time:0.00 ms
Process time: 0.00 ms
Loop: count=122, trial=1, Duration=94735 ms
Remap: 82.07 ms
Transform color: 4.16 ms
CAM#2: PART SEARCH: search_time:0.00 ms
Process time: 0.00 ms
Loop: count=123, trial=1, Duration=190744 ms
Remap: 77.36 ms
Transform color: 7.18 ms
CAM#2: PART SEARCH: search_time:0.00 ms
Process time: 0.00 ms
Loop: count=124, trial=1, Duration=108146 ms
Remap: 201.22 ms
Transform color: 1.76 ms
CAM#2: PART SEARCH: search_time:0.00 ms
Process time: 0.00 ms
Loop: count=125, trial=1, Duration=243541 ms
Remap: 118.76 ms
Transform color: 4.28 ms
CAM#2: PART SEARCH: search_time:0.01 ms
Process time: 0.00 ms
Loop: count=126, trial=1, Duration=174609 ms
Remap: 81.98 ms
Transform color: 5.54 ms
CAM#2: PART SEARCH: search_time:0.00 ms
Process time: 0.00 ms
CAM#2: Using GLobal SEARCH ##############################################
CAM#2: GLOBAL SEARCH: search_time:0.00 ms
Loop: count=127, trial=1, Duration=114002 ms
Remap: 285.82 ms
Transform color: 4.26 ms
CAM#2: PART SEARCH: search_time:0.01 ms
Process time: 0.00 ms
Loop: count=128, trial=1, Duration=669574 ms
Remap: 73.48 ms
Transform color: 7.17 ms
CAM#2: PART SEARCH: search_time:0.01 ms
Process time: 0.00 ms
Loop: count=129, trial=1, Duration=89871 ms
Remap: 76.30 ms
Transform color: 3.24 ms
CAM#2: PART SEARCH: search_time:0.00 ms
Process time: 0.00 ms
Loop: count=130, trial=1, Duration=152070 ms
Remap: 84.25 ms
Transform color: 7.23 ms
CAM#2: PART SEARCH: search_time:0.00 ms
Process time: 0.00 ms
Loop: count=131, trial=1, Duration=94184 ms
Remap: 81.36 ms
Transform color: 5.72 ms
CAM#2: PART SEARCH: search_time:0.00 ms
Process time: 0.00 ms
Loop: count=132, trial=1, Duration=90198 ms
Remap: 87.88 ms
Transform color: 6.56 ms
CAM#2: PART SEARCH: search_time:0.00 ms
Process time: 0.00 ms
Loop: count=133, trial=1, Duration=165266 ms
Remap: 78.13 ms
Transform color: 7.31 ms
CAM#2: PART SEARCH: search_time:0.00 ms
Process time: 0.00 ms
Loop: count=134, trial=1, Duration=98705 ms
Remap: 61.21 ms
Transform color: 3.86 ms
CAM#2: PART SEARCH: search_time:0.00 ms
Process time: 0.00 ms
Loop: count=135, trial=1, Duration=67162 ms
Remap: 56.75 ms
Transform color: 4.96 ms
CAM#2: PART SEARCH: search_time:0.00 ms
Process time: 0.00 ms
Loop: count=136, trial=1, Duration=64207 ms
Remap: 63.56 ms
Transform color: 4.68 ms
CAM#2: PART SEARCH: search_time:0.00 ms
Process time: 0.00 ms
Loop: count=137, trial=1, Duration=71006 ms
Remap: 58.91 ms
Transform color: 7.07 ms
CAM#2: PART SEARCH: search_time:0.00 ms
Process time: 0.00 ms
Loop: count=138, trial=1, Duration=69279 ms
Remap: 57.18 ms
Transform color: 2.10 ms
CAM#2: PART SEARCH: search_time:0.00 ms
Process time: 0.00 ms
Loop: count=139, trial=1, Duration=67727 ms
Remap: 131.29 ms
Transform color: 3.96 ms
CAM#2: PART SEARCH: search_time:0.00 ms
Process time: 0.00 ms
Loop: count=140, trial=1, Duration=141544 ms
Remap: 65.83 ms
Transform color: 3.84 ms
CAM#2: PART SEARCH: search_time:0.00 ms
Process time: 0.00 ms
Loop: count=141, trial=1, Duration=105141 ms
Remap: 83.92 ms
Transform color: 8.17 ms
CAM#2: PART SEARCH: search_time:0.01 ms
Process time: 0.00 ms
Loop: count=142, trial=1, Duration=117259 ms
Remap: 81.12 ms
Transform color: 9.43 ms
CAM#2: PART SEARCH: search_time:0.00 ms
Process time: 0.00 ms
CAM#2: Using GLobal SEARCH ##############################################
CAM#2: GLOBAL SEARCH: search_time:0.00 ms
Loop: count=143, trial=1, Duration=166309 ms
Remap: 88.18 ms
Transform color: 6.33 ms
CAM#2: PART SEARCH: search_time:0.00 ms
Process time: 0.00 ms
Loop: count=144, trial=1, Duration=183006 ms
Remap: 77.81 ms
Transform color: 4.61 ms
CAM#2: PART SEARCH: search_time:0.00 ms
Process time: 0.00 ms
Loop: count=145, trial=1, Duration=98633 ms
Remap: 74.85 ms
Transform color: 8.11 ms
CAM#2: PART SEARCH: search_time:0.00 ms
Process time: 0.00 ms
Loop: count=146, trial=1, Duration=86654 ms
Remap: 80.63 ms
Transform color: 5.36 ms
CAM#2: PART SEARCH: search_time:0.00 ms
Process time: 0.00 ms
Loop: count=147, trial=1, Duration=236660 ms
Remap: 77.79 ms
Transform color: 5.68 ms
CAM#2: PART SEARCH: search_time:0.00 ms
Process time: 0.00 ms
Loop: count=148, trial=1, Duration=85893 ms
Remap: 62.40 ms
Transform color: 6.39 ms
CAM#2: PART SEARCH: search_time:0.00 ms
Process time: 0.00 ms
Loop: count=149, trial=1, Duration=71560 ms
Remap: 61.46 ms
Transform color: 5.10 ms
CAM#2: PART SEARCH: search_time:0.00 ms
Process time: 0.00 ms
Loop: count=150, trial=1, Duration=69155 ms
Remap: 73.34 ms
Transform color: 5.91 ms
CAM#2: PART SEARCH: search_time:0.00 ms
Process time: 0.00 ms
Loop: count=151, trial=1, Duration=81925 ms
Remap: 74.30 ms
Transform color: 5.08 ms
CAM#2: PART SEARCH: search_time:0.00 ms
Process time: 0.00 ms
Loop: count=152, trial=1, Duration=120315 ms
Remap: 60.05 ms
Transform color: 5.58 ms
CAM#2: PART SEARCH: search_time:0.00 ms
Process time: 0.00 ms
Loop: count=153, trial=1, Duration=192690 ms
Remap: 59.83 ms
Transform color: 6.22 ms
CAM#2: PART SEARCH: search_time:0.00 ms
Process time: 0.00 ms
Loop: count=154, trial=1, Duration=69325 ms
Remap: 59.43 ms
Transform color: 7.15 ms
CAM#2: PART SEARCH: search_time:0.00 ms
Process time: 0.00 ms
Loop: count=155, trial=1, Duration=69447 ms
Remap: 60.21 ms
Transform color: 5.21 ms
CAM#2: PART SEARCH: search_time:0.00 ms
Process time: 0.00 ms
Loop: count=156, trial=1, Duration=69705 ms
Remap: 108.45 ms
Transform color: 5.21 ms
CAM#2: PART SEARCH: search_time:0.00 ms
Process time: 0.00 ms
Loop: count=157, trial=1, Duration=116180 ms
Remap: 84.83 ms
Transform color: 5.68 ms
CAM#2: PART SEARCH: search_time:0.00 ms
Process time: 0.00 ms
Loop: count=158, trial=1, Duration=117172 ms
Remap: 80.21 ms
Transform color: 6.79 ms
CAM#2: PART SEARCH: search_time:0.00 ms
Process time: 0.00 ms
CAM#2: Using GLobal SEARCH ##############################################
CAM#2: GLOBAL SEARCH: search_time:0.00 ms
Loop: count=159, trial=1, Duration=89660 ms
Remap: 68.05 ms
Transform color: 6.43 ms
CAM#2: PART SEARCH: search_time:0.01 ms
Process time: 0.00 ms
Loop: count=160, trial=1, Duration=112881 ms
Remap: 83.43 ms
Transform color: 7.55 ms
CAM#2: PART SEARCH: search_time:0.00 ms
Process time: 0.00 ms
Loop: count=161, trial=1, Duration=94909 ms
Remap: 80.60 ms
Transform color: 6.34 ms
CAM#2: PART SEARCH: search_time:0.01 ms
Process time: 0.00 ms
Loop: count=162, trial=1, Duration=117245 ms
Remap: 81.78 ms
Transform color: 6.00 ms
CAM#2: PART SEARCH: search_time:0.00 ms
Process time: 0.00 ms
Loop: count=163, trial=1, Duration=157389 ms
Remap: 84.95 ms
Transform color: 8.90 ms
CAM#2: PART SEARCH: search_time:0.01 ms
Process time: 0.00 ms
Loop: count=164, trial=1, Duration=196168 ms
Remap: 23.43 ms
Transform color: 1.76 ms
CAM#2: PART SEARCH: search_time:0.00 ms
Process time: 0.00 ms
Loop: count=165, trial=1, Duration=27172 ms
Remap: 50.69 ms
Transform color: 5.23 ms
CAM#2: PART SEARCH: search_time:0.00 ms
Process time: 0.00 ms
Loop: count=166, trial=1, Duration=109406 ms
Remap: 61.86 ms
Transform color: 6.50 ms
CAM#2: PART SEARCH: search_time:0.00 ms
Process time: 0.00 ms
Loop: count=167, trial=1, Duration=94787 ms
Remap: 347.48 ms
Transform color: 3.26 ms
CAM#2: PART SEARCH: search_time:0.01 ms
Process time: 0.00 ms
Loop: count=168, trial=1, Duration=429239 ms
Remap: 68.34 ms
Transform color: 4.02 ms
CAM#2: PART SEARCH: search_time:0.00 ms
Process time: 0.00 ms
Loop: count=169, trial=1, Duration=74360 ms
Remap: 88.24 ms
Transform color: 4.89 ms
CAM#2: PART SEARCH: search_time:0.00 ms
Process time: 0.00 ms
Loop: count=170, trial=1, Duration=95220 ms
Remap: 73.66 ms
Transform color: 7.66 ms
CAM#2: PART SEARCH: search_time:0.00 ms
Process time: 0.00 ms
Loop: count=171, trial=1, Duration=84426 ms
Remap: 92.82 ms
Transform color: 4.45 ms
CAM#2: PART SEARCH: search_time:0.00 ms
Process time: 0.00 ms
Loop: count=172, trial=1, Duration=99368 ms
Remap: 64.53 ms
Transform color: 6.75 ms
CAM#2: PART SEARCH: search_time:0.00 ms
Process time: 0.00 ms
Loop: count=173, trial=1, Duration=143897 ms
Remap: 73.96 ms
Transform color: 6.18 ms
CAM#2: PART SEARCH: search_time:0.00 ms
Process time: 0.00 ms
Loop: count=174, trial=1, Duration=82874 ms
Remap: 71.03 ms
Transform color: 4.09 ms
CAM#2: PART SEARCH: search_time:0.00 ms
Process time: 0.00 ms
CAM#2: Using GLobal SEARCH ##############################################
CAM#2: GLOBAL SEARCH: search_time:0.00 ms
Loop: count=175, trial=1, Duration=117764 ms
Remap: 78.90 ms
Transform color: 5.83 ms
CAM#2: PART SEARCH: search_time:0.00 ms
Process time: 0.00 ms
Loop: count=176, trial=1, Duration=87219 ms
Remap: 70.94 ms
Transform color: 45.34 ms
CAM#2: PART SEARCH: search_time:0.00 ms
Process time: 0.00 ms
Loop: count=177, trial=1, Duration=131000 ms
Remap: 70.07 ms
Transform color: 4.27 ms
CAM#2: PART SEARCH: search_time:0.00 ms
Process time: 0.00 ms
Loop: count=178, trial=1, Duration=76617 ms
Remap: 71.56 ms
Transform color: 6.38 ms
CAM#2: PART SEARCH: search_time:0.01 ms
Process time: 0.00 ms
Loop: count=179, trial=1, Duration=81193 ms
Remap: 88.30 ms
Transform color: 7.41 ms
CAM#2: PART SEARCH: search_time:0.01 ms
Process time: 0.00 ms
Loop: count=180, trial=1, Duration=98771 ms
Remap: 68.19 ms
Transform color: 5.42 ms
CAM#2: PART SEARCH: search_time:0.00 ms
Process time: 0.00 ms
Loop: count=181, trial=1, Duration=75995 ms
Remap: 72.94 ms
Transform color: 6.58 ms
CAM#2: PART SEARCH: search_time:0.00 ms
Process time: 0.00 ms
Loop: count=182, trial=1, Duration=87891 ms
Remap: 19.61 ms
Transform color: 1.55 ms
CAM#2: PART SEARCH: search_time:0.00 ms
Process time: 0.00 ms
Loop: count=183, trial=1, Duration=23001 ms
Remap: 64.38 ms
Transform color: 3.38 ms
CAM#2: PART SEARCH: search_time:0.00 ms
Process time: 0.00 ms
Loop: count=184, trial=1, Duration=148553 ms
Remap: 71.54 ms
Transform color: 3.94 ms
CAM#2: PART SEARCH: search_time:0.00 ms
Process time: 0.00 ms
Loop: count=185, trial=1, Duration=77337 ms
Remap: 73.64 ms
Transform color: 8.23 ms
CAM#2: PART SEARCH: search_time:0.01 ms
Process time: 0.00 ms
Loop: count=186, trial=1, Duration=85582 ms
Remap: 83.88 ms
Transform color: 9.48 ms
CAM#2: PART SEARCH: search_time:0.00 ms
Process time: 0.00 ms
Loop: count=187, trial=1, Duration=97815 ms
Remap: 78.07 ms
Transform color: 6.20 ms
CAM#2: PART SEARCH: search_time:0.00 ms
Process time: 0.00 ms
Loop: count=188, trial=1, Duration=86908 ms
Remap: 70.89 ms
Transform color: 5.15 ms
CAM#2: PART SEARCH: search_time:0.00 ms
Process time: 0.00 ms
Loop: count=189, trial=1, Duration=115475 ms
Remap: 68.06 ms
Transform color: 4.54 ms
CAM#2: PART SEARCH: search_time:0.00 ms
Process time: 0.00 ms
Loop: count=190, trial=1, Duration=92210 ms
Remap: 76.53 ms
Transform color: 5.12 ms
CAM#2: PART SEARCH: search_time:0.00 ms
Process time: 0.00 ms
CAM#2: Using GLobal SEARCH ##############################################
CAM#2: GLOBAL SEARCH: search_time:0.00 ms
Loop: count=191, trial=1, Duration=84854 ms
Remap: 71.02 ms
Transform color: 5.38 ms
CAM#2: PART SEARCH: search_time:0.00 ms
Process time: 0.00 ms
Loop: count=192, trial=1, Duration=79027 ms
Remap: 70.00 ms
Transform color: 5.12 ms
CAM#2: PART SEARCH: search_time:0.00 ms
Process time: 0.00 ms
Loop: count=193, trial=1, Duration=77969 ms
Remap: 69.10 ms
Transform color: 4.07 ms
CAM#2: PART SEARCH: search_time:0.00 ms
Process time: 0.00 ms
Loop: count=194, trial=1, Duration=76298 ms
Remap: 74.20 ms
Transform color: 4.32 ms
CAM#2: PART SEARCH: search_time:0.01 ms
Process time: 0.00 ms
Loop: count=195, trial=1, Duration=100085 ms
Remap: 59.48 ms
Transform color: 6.30 ms
CAM#2: PART SEARCH: search_time:0.00 ms
Process time: 0.00 ms
Loop: count=196, trial=1, Duration=101003 ms
Remap: 58.85 ms
Transform color: 6.15 ms
CAM#2: PART SEARCH: search_time:0.00 ms
Process time: 0.00 ms
Loop: count=197, trial=1, Duration=67578 ms
Remap: 67.11 ms
Transform color: 6.46 ms
CAM#2: PART SEARCH: search_time:0.01 ms
Process time: 0.00 ms
Loop: count=198, trial=1, Duration=77267 ms
Remap: 70.51 ms
Transform color: 5.46 ms
CAM#2: PART SEARCH: search_time:0.00 ms
Process time: 0.00 ms
Loop: count=199, trial=1, Duration=79029 ms
Remap: 61.99 ms
Transform color: 5.92 ms
CAM#2: PART SEARCH: search_time:0.01 ms
Process time: 0.00 ms
Loop: count=200, trial=1, Duration=70914 ms
Remap: 73.00 ms
Transform color: 4.64 ms
CAM#2: PART SEARCH: search_time:0.00 ms
Process time: 0.00 ms
Loop: count=201, trial=1, Duration=154325 ms
Remap: 97.48 ms
Transform color: 5.29 ms
CAM#2: PART SEARCH: search_time:0.00 ms
Process time: 0.00 ms
Loop: count=202, trial=1, Duration=133015 ms
Remap: 67.10 ms
Transform color: 7.29 ms
CAM#2: PART SEARCH: search_time:0.00 ms
Process time: 0.00 ms
Loop: count=203, trial=1, Duration=77531 ms
Remap: 67.54 ms
Transform color: 6.42 ms
CAM#2: PART SEARCH: search_time:0.01 ms
Process time: 0.00 ms
Loop: count=204, trial=1, Duration=78101 ms
Remap: 58.12 ms
Transform color: 1.24 ms
CAM#2: PART SEARCH: search_time:0.00 ms
Process time: 0.00 ms
Loop: count=205, trial=1, Duration=192969 ms
Remap: 71.54 ms
Transform color: 7.24 ms
CAM#2: PART SEARCH: search_time:0.01 ms
Process time: 0.00 ms
Loop: count=206, trial=1, Duration=82166 ms
Remap: 76.19 ms
Transform color: 5.60 ms
CAM#2: PART SEARCH: search_time:0.00 ms
Process time: 0.00 ms
CAM#2: Using GLobal SEARCH ##############################################
CAM#2: GLOBAL SEARCH: search_time:0.00 ms
Loop: count=207, trial=1, Duration=99823 ms
Remap: 69.28 ms
Transform color: 16.90 ms
CAM#2: PART SEARCH: search_time:0.00 ms
Process time: 0.00 ms
Loop: count=208, trial=1, Duration=154585 ms
Remap: 87.19 ms
Transform color: 14.34 ms
CAM#2: PART SEARCH: search_time:0.00 ms
Process time: 0.00 ms
Loop: count=209, trial=1, Duration=104950 ms
Remap: 93.16 ms
Transform color: 6.57 ms
CAM#2: PART SEARCH: search_time:0.00 ms
Process time: 0.00 ms
Loop: count=210, trial=1, Duration=102533 ms
Remap: 87.98 ms
Transform color: 16.63 ms
CAM#2: PART SEARCH: search_time:0.00 ms
Process time: 0.00 ms
Loop: count=211, trial=1, Duration=108175 ms
Remap: 182.56 ms
Transform color: 2.22 ms
CAM#2: PART SEARCH: search_time:0.00 ms
Process time: 0.00 ms
Loop: count=212, trial=1, Duration=186706 ms
Remap: 13.01 ms
Transform color: 1.53 ms
CAM#2: PART SEARCH: search_time:0.00 ms
Process time: 0.00 ms
Loop: count=213, trial=1, Duration=98243 ms
Remap: 286.08 ms
Transform color: 4.89 ms
CAM#2: PART SEARCH: search_time:0.00 ms
Process time: 0.00 ms
Loop: count=214, trial=1, Duration=293131 ms
Remap: 118.40 ms
Transform color: 3.47 ms
CAM#2: PART SEARCH: search_time:0.01 ms
Process time: 0.00 ms
Loop: count=215, trial=1, Duration=124246 ms
Remap: 126.67 ms
Transform color: 2.91 ms
CAM#2: PART SEARCH: search_time:0.00 ms
Process time: 0.00 ms
Loop: count=216, trial=1, Duration=132160 ms
Remap: 162.46 ms
Transform color: 173.51 ms
CAM#2: PART SEARCH: search_time:0.00 ms
Process time: 0.00 ms
Loop: count=217, trial=1, Duration=337914 ms
Remap: 43.65 ms
Transform color: 11.98 ms
CAM#2: PART SEARCH: search_time:0.00 ms
Process time: 0.00 ms
Loop: count=218, trial=1, Duration=63857 ms
Remap: 85.60 ms
Transform color: 17.12 ms
CAM#2: PART SEARCH: search_time:0.00 ms
Process time: 0.00 ms
Loop: count=219, trial=1, Duration=153503 ms
Remap: 83.99 ms
Transform color: 17.19 ms
CAM#2: PART SEARCH: search_time:0.00 ms
Process time: 0.00 ms
Loop: count=220, trial=1, Duration=108958 ms
Remap: 84.69 ms
Transform color: 19.05 ms
CAM#2: PART SEARCH: search_time:0.00 ms
Process time: 0.00 ms
Loop: count=221, trial=1, Duration=106977 ms
Remap: 86.96 ms
Transform color: 13.73 ms
CAM#2: PART SEARCH: search_time:0.00 ms
Process time: 0.00 ms
Loop: count=222, trial=1, Duration=104025 ms
Remap: 81.06 ms
Transform color: 16.03 ms
CAM#2: PART SEARCH: search_time:0.01 ms
Process time: 0.00 ms
CAM#2: Using GLobal SEARCH ##############################################
CAM#2: GLOBAL SEARCH: search_time:0.00 ms
Loop: count=223, trial=1, Duration=100930 ms
Remap: 75.67 ms
Transform color: 14.94 ms
CAM#2: PART SEARCH: search_time:0.00 ms
Process time: 0.00 ms
Loop: count=224, trial=1, Duration=93620 ms
Remap: 85.61 ms
Transform color: 18.39 ms
CAM#2: PART SEARCH: search_time:0.00 ms
Process time: 0.00 ms
Loop: count=225, trial=1, Duration=106601 ms
Remap: 72.66 ms
Transform color: 17.10 ms
CAM#2: PART SEARCH: search_time:0.00 ms
Process time: 0.00 ms
Loop: count=226, trial=1, Duration=93320 ms
Remap: 74.08 ms
Transform color: 1.41 ms
CAM#2: PART SEARCH: search_time:0.00 ms
Process time: 0.00 ms
Loop: count=227, trial=1, Duration=120310 ms
Remap: 80.44 ms
Transform color: 13.13 ms
CAM#2: PART SEARCH: search_time:0.00 ms
Process time: 0.00 ms
Loop: count=228, trial=1, Duration=96935 ms
Remap: 89.07 ms
Transform color: 108.67 ms
CAM#2: PART SEARCH: search_time:0.00 ms
Process time: 0.00 ms
Loop: count=229, trial=1, Duration=303725 ms
Remap: 85.05 ms
Transform color: 12.67 ms
CAM#2: PART SEARCH: search_time:0.00 ms
Process time: 0.00 ms
Loop: count=230, trial=1, Duration=102047 ms
Remap: 77.77 ms
Transform color: 3.78 ms
CAM#2: PART SEARCH: search_time:0.00 ms
Process time: 0.00 ms
Loop: count=231, trial=1, Duration=84398 ms
Remap: 107.21 ms
Transform color: 29.96 ms
CAM#2: PART SEARCH: search_time:0.00 ms
Process time: 0.00 ms
Loop: count=232, trial=1, Duration=141131 ms
Remap: 213.17 ms
Transform color: 1.80 ms
CAM#2: PART SEARCH: search_time:0.00 ms
Process time: 0.00 ms
Loop: count=233, trial=1, Duration=340453 ms
Remap: 84.61 ms
Transform color: 12.62 ms
CAM#2: PART SEARCH: search_time:0.00 ms
Process time: 0.00 ms
Loop: count=234, trial=1, Duration=99809 ms
Remap: 90.26 ms
Transform color: 16.44 ms
CAM#2: PART SEARCH: search_time:0.00 ms
Process time: 0.00 ms
Loop: count=235, trial=1, Duration=110404 ms
Remap: 86.46 ms
Transform color: 15.88 ms
CAM#2: PART SEARCH: search_time:0.00 ms
Process time: 0.00 ms
Loop: count=236, trial=1, Duration=105573 ms
Remap: 90.73 ms
Transform color: 19.04 ms
CAM#2: PART SEARCH: search_time:0.00 ms
Process time: 0.00 ms
Loop: count=237, trial=1, Duration=112341 ms
Remap: 83.61 ms
Transform color: 19.25 ms
CAM#2: PART SEARCH: search_time:0.00 ms
Process time: 0.00 ms
Loop: count=238, trial=1, Duration=105662 ms
Remap: 222.46 ms
Transform color: 7.88 ms
CAM#2: PART SEARCH: search_time:0.01 ms
Process time: 0.00 ms
CAM#2: Using GLobal SEARCH ##############################################
CAM#2: GLOBAL SEARCH: search_time:0.00 ms
Loop: count=239, trial=1, Duration=367527 ms
Remap: 83.31 ms
Transform color: 16.90 ms
CAM#2: PART SEARCH: search_time:0.00 ms
Process time: 0.00 ms
CAM 2: -2147483648Hz
Loop: count=240, trial=1, Duration=137962 ms
Remap: 90.03 ms
Transform color: 16.19 ms
CAM#2: PART SEARCH: search_time:0.00 ms
Process time: 0.00 ms
Loop: count=241, trial=1, Duration=245948 ms
Remap: 304.11 ms
Transform color: 5.12 ms
CAM#2: PART SEARCH: search_time:0.01 ms
Process time: 0.00 ms
Loop: count=242, trial=1, Duration=329140 ms
Remap: 100.26 ms
Transform color: 112.58 ms
CAM#2: PART SEARCH: search_time:0.00 ms
Process time: 0.00 ms
Loop: count=243, trial=1, Duration=216183 ms
Remap: 45.48 ms
Transform color: 1.56 ms
CAM#2: PART SEARCH: search_time:0.00 ms
Process time: 0.00 ms
Loop: count=244, trial=1, Duration=48938 ms
Remap: 13.72 ms
Transform color: 1.73 ms
CAM#2: PART SEARCH: search_time:0.00 ms
Process time: 0.00 ms
Loop: count=245, trial=1, Duration=87709 ms
Remap: 119.08 ms
Transform color: 2.51 ms
CAM#2: PART SEARCH: search_time:0.00 ms
Process time: 0.00 ms
Loop: count=246, trial=1, Duration=209853 ms
Remap: 85.30 ms
Transform color: 15.20 ms
CAM#2: PART SEARCH: search_time:0.00 ms
Process time: 0.00 ms
Loop: count=247, trial=1, Duration=110717 ms
Remap: 82.01 ms
Transform color: 14.70 ms
CAM#2: PART SEARCH: search_time:0.00 ms
Process time: 0.00 ms
Loop: count=248, trial=1, Duration=117418 ms
Remap: 84.93 ms
Transform color: 13.74 ms
CAM#2: PART SEARCH: search_time:0.00 ms
Process time: 0.00 ms
Loop: count=249, trial=1, Duration=125529 ms
Remap: 89.55 ms
Transform color: 16.84 ms
CAM#2: PART SEARCH: search_time:0.00 ms
Process time: 0.00 ms
Loop: count=250, trial=1, Duration=132063 ms
Remap: 81.14 ms
Transform color: 18.44 ms
CAM#2: PART SEARCH: search_time:0.00 ms
Process time: 0.00 ms
Loop: count=251, trial=1, Duration=112777 ms
Remap: 80.60 ms
Transform color: 11.79 ms
CAM#2: PART SEARCH: search_time:0.00 ms
Process time: 0.00 ms
Loop: count=252, trial=1, Duration=96180 ms
Remap: 75.66 ms
Transform color: 18.96 ms
CAM#2: PART SEARCH: search_time:0.00 ms
Process time: 0.00 ms
Loop: count=253, trial=1, Duration=357604 ms
Remap: 83.69 ms
Transform color: 16.16 ms
CAM#2: PART SEARCH: search_time:0.00 ms
Process time: 0.00 ms
Loop: count=254, trial=1, Duration=104989 ms
Remap: 75.70 ms
Transform color: 18.94 ms
CAM#2: PART SEARCH: search_time:0.01 ms
Process time: 0.00 ms
CAM#2: Using GLobal SEARCH ##############################################
CAM#2: GLOBAL SEARCH: search_time:0.00 ms
Loop: count=255, trial=1, Duration=97610 ms
Remap: 85.14 ms
Transform color: 15.50 ms
CAM#2: PART SEARCH: search_time:0.00 ms
Process time: 0.00 ms
Loop: count=256, trial=1, Duration=103501 ms
Remap: 80.20 ms
Transform color: 3.92 ms
CAM#2: PART SEARCH: search_time:0.01 ms
Process time: 0.00 ms
Loop: count=257, trial=1, Duration=191259 ms
Remap: 32.45 ms
Transform color: 17.73 ms
CAM#2: PART SEARCH: search_time:0.00 ms
Process time: 0.00 ms
Loop: count=258, trial=1, Duration=52963 ms
Remap: 93.61 ms
Transform color: 1.53 ms
CAM#2: PART SEARCH: search_time:0.00 ms
Process time: 0.00 ms
Loop: count=259, trial=1, Duration=97157 ms
Remap: 14.86 ms
Transform color: 1.38 ms
CAM#2: PART SEARCH: search_time:0.00 ms
Process time: 0.00 ms
Loop: count=260, trial=1, Duration=18033 ms
Remap: 125.48 ms
Transform color: 14.60 ms
CAM#2: PART SEARCH: search_time:0.00 ms
Process time: 0.00 ms
Loop: count=261, trial=1, Duration=399046 ms
Remap: 86.64 ms
Transform color: 15.15 ms
CAM#2: PART SEARCH: search_time:0.00 ms
Process time: 0.00 ms
Loop: count=262, trial=1, Duration=104530 ms
Remap: 84.30 ms
Transform color: 3.85 ms
CAM#2: PART SEARCH: search_time:0.00 ms
Process time: 0.00 ms
Loop: count=263, trial=1, Duration=125150 ms
Remap: 82.14 ms
Transform color: 17.74 ms
CAM#2: PART SEARCH: search_time:0.01 ms
Process time: 0.00 ms
Loop: count=264, trial=1, Duration=103939 ms
Remap: 89.59 ms
Transform color: 17.33 ms
CAM#2: PART SEARCH: search_time:0.00 ms
Process time: 0.00 ms
Loop: count=265, trial=1, Duration=206512 ms
Remap: 79.67 ms
Transform color: 13.44 ms
CAM#2: PART SEARCH: search_time:0.00 ms
Process time: 0.00 ms
Loop: count=266, trial=1, Duration=96738 ms
Remap: 80.33 ms
Transform color: 18.04 ms
CAM#2: PART SEARCH: search_time:0.00 ms
Process time: 0.00 ms
Loop: count=267, trial=1, Duration=101254 ms
Remap: 90.96 ms
Transform color: 13.15 ms
CAM#2: PART SEARCH: search_time:0.00 ms
Process time: 0.00 ms
Loop: count=268, trial=1, Duration=122281 ms
Remap: 84.11 ms
Transform color: 18.07 ms
CAM#2: PART SEARCH: search_time:0.01 ms
Process time: 0.00 ms
Loop: count=269, trial=1, Duration=106115 ms
Remap: 81.13 ms
Transform color: 17.38 ms
CAM#2: PART SEARCH: search_time:0.00 ms
Process time: 0.00 ms
Loop: count=270, trial=1, Duration=102448 ms
Remap: 79.46 ms
Transform color: 14.93 ms
CAM#2: PART SEARCH: search_time:0.00 ms
Process time: 0.00 ms
CAM#2: Using GLobal SEARCH ##############################################
CAM#2: GLOBAL SEARCH: search_time:0.00 ms
CAM#2: Found when using GLOBAL_IMAGE. X: 1216.00 Y:1915.00
Loop: count=271, trial=1, Duration=98066 ms
Remap: 84.86 ms
Transform color: 15.39 ms
Get partial image time: 0.11 ms
Apriltag detector detect time: 16.83 ms
CAM#2: tag#5: FAST SEARCH: search_time:17.02 microseconds
CAM#2: tag#5 exceeded 17ms search time. Switching to exhaustive search.
CAM#2: PART SEARCH: search_time:17.06 ms
Tag#5 detected in the overlapping area. Time frame: 2025-Apr-24 12:25:52.418918
Process time: 0.07 ms
CAM#2: Using GLobal SEARCH ##############################################
CAM#2: GLOBAL SEARCH: search_time:120.53 ms
CAM#2: Found when using GLOBAL_IMAGE. X: 1276.00 Y:1778.00
Loop: count=272, trial=1, Duration=242666 ms
Remap: 83.80 ms
Transform color: 14.96 ms
Get partial image time: 0.08 ms
Apriltag detector detect time: 7.86 ms
Zarray time: 0.00 ms
CAM#2: tag#5: FAST SEARCH: search_time:8.01 microseconds
CAM#2: PART SEARCH: search_time:8.03 ms
Tag#5 detected in the overlapping area. Time frame: 2025-Apr-24 12:25:53.016470
Process time: 0.04 ms
Loop: count=273, trial=1, Duration=109179 ms
Remap: 73.43 ms
Transform color: 1.45 ms
Get partial image time: 0.05 ms
Apriltag detector detect time: 39.52 ms
CAM#2: tag#5: FAST SEARCH: search_time:39.67 microseconds
CAM#2: tag#5 exceeded 17ms search time. Switching to exhaustive search.
CAM#2: PART SEARCH: search_time:39.70 ms
Tags are missing.
Process time: 0.01 ms
CAM#2: Using GLobal SEARCH ##############################################
CAM#2: GLOBAL SEARCH: search_time:265.88 ms
CAM#2: Found when using GLOBAL_IMAGE. X: 1342.00 Y:1628.00
Loop: count=274, trial=1, Duration=399159 ms
Remap: 72.13 ms
Transform color: 4.91 ms
Get partial image time: 0.09 ms
Apriltag detector detect time: 7.37 ms
Zarray time: 0.00 ms
CAM#2: tag#5: FAST SEARCH: search_time:7.57 microseconds
CAM#2: PART SEARCH: search_time:7.60 ms
Process time: 0.00 ms
Loop: count=275, trial=1, Duration=91780 ms
Remap: 85.72 ms
Transform color: 8.04 ms
Get partial image time: 0.13 ms
Apriltag detector detect time: 7.21 ms
Zarray time: 0.00 ms
CAM#2: tag#5: FAST SEARCH: search_time:7.45 microseconds
CAM#2: PART SEARCH: search_time:7.52 ms
Tags are missing.
Process time: 0.00 ms
CAM#2: Using GLobal SEARCH ##############################################
CAM#2: GLOBAL SEARCH: search_time:317.12 ms
CAM#2: Found when using GLOBAL_IMAGE. X: 1398.00 Y:1504.00
Loop: count=276, trial=1, Duration=422576 ms
Remap: 73.02 ms
Transform color: 15.53 ms
Get partial image time: 0.16 ms
Apriltag detector detect time: 7.25 ms
Zarray time: 0.00 ms
CAM#2: tag#5: FAST SEARCH: search_time:7.50 microseconds
CAM#2: PART SEARCH: search_time:7.54 ms
Process time: 0.00 ms
Loop: count=277, trial=1, Duration=98873 ms
Remap: 78.02 ms
Transform color: 11.03 ms
Get partial image time: 0.08 ms
Apriltag detector detect time: 8.60 ms
Zarray time: 0.00 ms
CAM#2: tag#5: FAST SEARCH: search_time:8.82 microseconds
CAM#2: PART SEARCH: search_time:8.85 ms
Tags are missing.
Process time: 0.03 ms
CAM#2: Using GLobal SEARCH ##############################################
CAM#2: GLOBAL SEARCH: search_time:311.56 ms
CAM#2: Found when using GLOBAL_IMAGE. X: 1462.00 Y:1360.00
Loop: count=278, trial=1, Duration=629496 ms
Remap: 88.72 ms
Transform color: 17.89 ms
Get partial image time: 0.29 ms
Apriltag detector detect time: 9.72 ms
Zarray time: 0.00 ms
CAM#2: tag#5: FAST SEARCH: search_time:10.10 microseconds
CAM#2: PART SEARCH: search_time:10.15 ms
Process time: 0.00 ms
Loop: count=279, trial=1, Duration=118930 ms
Remap: 81.66 ms
Transform color: 2.63 ms
Get partial image time: 0.05 ms
Apriltag detector detect time: 9.67 ms
Zarray time: 0.00 ms
CAM#2: tag#5: FAST SEARCH: search_time:9.83 microseconds
CAM#2: PART SEARCH: search_time:9.86 ms
Tags are missing.
Process time: 0.00 ms
CAM#2: Using GLobal SEARCH ##############################################
CAM#2: GLOBAL SEARCH: search_time:140.64 ms
CAM#2: Found when using GLOBAL_IMAGE. X: 1518.00 Y:1237.00
Loop: count=280, trial=1, Duration=238116 ms
Remap: 69.79 ms
Transform color: 4.07 ms
Get partial image time: 0.05 ms
Apriltag detector detect time: 5.50 ms
Zarray time: 0.00 ms
CAM#2: tag#5: FAST SEARCH: search_time:5.62 microseconds
CAM#2: PART SEARCH: search_time:5.64 ms
Process time: 0.00 ms
Loop: count=281, trial=1, Duration=81783 ms
Remap: 75.74 ms
Transform color: 18.54 ms
Get partial image time: 0.09 ms
Apriltag detector detect time: 7.88 ms
Zarray time: 0.00 ms
CAM#2: tag#5: FAST SEARCH: search_time:8.08 microseconds
CAM#2: PART SEARCH: search_time:8.10 ms
Tags are missing.
Process time: 0.00 ms
CAM#2: Using GLobal SEARCH ##############################################
CAM#2: GLOBAL SEARCH: search_time:276.39 ms
CAM#2: Found when using GLOBAL_IMAGE. X: 1590.00 Y:1077.00
Loop: count=282, trial=1, Duration=410245 ms
Remap: 88.63 ms
Transform color: 19.23 ms
Get partial image time: 0.11 ms
Apriltag detector detect time: 6.99 ms
Zarray time: 0.00 ms
CAM#2: tag#5: FAST SEARCH: search_time:7.18 microseconds
CAM#2: PART SEARCH: search_time:7.20 ms
Process time: 0.00 ms
Loop: count=283, trial=1, Duration=118423 ms
Remap: 78.15 ms
Transform color: 14.59 ms
Get partial image time: 0.11 ms
Apriltag detector detect time: 8.88 ms
Zarray time: 0.00 ms
CAM#2: tag#5: FAST SEARCH: search_time:9.14 microseconds
CAM#2: PART SEARCH: search_time:9.16 ms
Tags are missing.
Process time: 0.01 ms
CAM#2: Using GLobal SEARCH ##############################################
CAM#2: GLOBAL SEARCH: search_time:261.09 ms
CAM#2: Found when using GLOBAL_IMAGE. X: 1642.00 Y:959.00
Loop: count=284, trial=1, Duration=459427 ms
Remap: 19.28 ms
Transform color: 1.86 ms
Get partial image time: 0.04 ms
Apriltag detector detect time: 5.41 ms
Zarray time: 0.00 ms
CAM#2: tag#5: FAST SEARCH: search_time:5.51 microseconds
CAM#2: PART SEARCH: search_time:5.53 ms
Process time: 0.00 ms
Loop: count=285, trial=1, Duration=28517 ms
Remap: 283.42 ms
Transform color: 3.55 ms
Get partial image time: 0.12 ms
Apriltag detector detect time: 10.66 ms
Zarray time: 0.00 ms
CAM#2: tag#5: FAST SEARCH: search_time:10.90 microseconds
CAM#2: PART SEARCH: search_time:10.94 ms
Tags are missing.
Process time: 0.01 ms
CAM#2: Using GLobal SEARCH ##############################################
CAM#2: GLOBAL SEARCH: search_time:75.29 ms
CAM#2: Found when using GLOBAL_IMAGE. X: 1708.00 Y:814.00
Loop: count=286, trial=1, Duration=432602 ms
Remap: 80.66 ms
Transform color: 4.49 ms
Get partial image time: 0.07 ms
Apriltag detector detect time: 7.14 ms
Zarray time: 0.00 ms
CAM#2: tag#5: FAST SEARCH: search_time:7.27 microseconds
CAM#2: PART SEARCH: search_time:7.30 ms
Process time: 0.00 ms
Loop: count=287, trial=1, Duration=148631 ms
Remap: 88.80 ms
Transform color: 12.29 ms
Get partial image time: 0.13 ms
Apriltag detector detect time: 8.61 ms
Zarray time: 0.00 ms
CAM#2: tag#5: FAST SEARCH: search_time:8.84 microseconds
CAM#2: PART SEARCH: search_time:8.87 ms
Tags are missing.
Process time: 0.00 ms
CAM#2: Using GLobal SEARCH ##############################################
CAM#2: GLOBAL SEARCH: search_time:211.09 ms
CAM#2: Found when using GLOBAL_IMAGE. X: 1764.00 Y:682.00
Loop: count=288, trial=1, Duration=324968 ms
Remap: 80.03 ms
Transform color: 11.37 ms
Get partial image time: 0.08 ms
Apriltag detector detect time: 20.23 ms
CAM#2: tag#5: FAST SEARCH: search_time:20.38 microseconds
CAM#2: tag#5 exceeded 17ms search time. Switching to exhaustive search.
CAM#2: PART SEARCH: search_time:20.40 ms
Process time: 0.00 ms
CAM#2: Using GLobal SEARCH ##############################################
CAM#2: GLOBAL SEARCH: search_time:397.04 ms
CAM#2: Found when using GLOBAL_IMAGE. X: 1830.00 Y:538.00
Loop: count=289, trial=1, Duration=514010 ms
Remap: 82.58 ms
Transform color: 13.38 ms
Get partial image time: 0.12 ms
Apriltag detector detect time: 7.40 ms
Zarray time: 0.00 ms
CAM#2: tag#5: FAST SEARCH: search_time:7.63 microseconds
CAM#2: PART SEARCH: search_time:7.66 ms
Tag#5 detected in the overlapping area. Time frame: 2025-Apr-24 12:25:57.648168
Process time: 0.04 ms
Loop: count=290, trial=1, Duration=107202 ms
Remap: 82.46 ms
Transform color: 21.73 ms
Get partial image time: 0.15 ms
Apriltag detector detect time: 8.72 ms
Zarray time: 0.00 ms
CAM#2: tag#5: FAST SEARCH: search_time:9.01 microseconds
CAM#2: PART SEARCH: search_time:9.05 ms
Tags are missing.
Process time: 0.00 ms
CAM#2: Using GLobal SEARCH ##############################################
CAM#2: GLOBAL SEARCH: search_time:230.79 ms
CAM#2: Found when using GLOBAL_IMAGE. X: 1887.00 Y:404.00
Loop: count=291, trial=1, Duration=355134 ms
Remap: 71.45 ms
Transform color: 3.61 ms
Get partial image time: 0.05 ms
Apriltag detector detect time: 4.48 ms
Zarray time: 0.00 ms
CAM#2: tag#5: FAST SEARCH: search_time:4.57 microseconds
CAM#2: PART SEARCH: search_time:4.60 ms
Tag#5 detected in the overlapping area. Time frame: 2025-Apr-24 12:25:58.156912
Process time: 0.02 ms
Loop: count=292, trial=1, Duration=90794 ms
Remap: 66.18 ms
Transform color: 7.31 ms
Get partial image time: 0.08 ms
Apriltag detector detect time: 7.84 ms
Zarray time: 0.00 ms
CAM#2: tag#5: FAST SEARCH: search_time:8.05 microseconds
CAM#2: PART SEARCH: search_time:8.09 ms
Tags are missing.
Process time: 0.01 ms
CAM#2: Using GLobal SEARCH ##############################################
CAM#2: GLOBAL SEARCH: search_time:346.25 ms
Loop: count=293, trial=1, Duration=440392 ms
Remap: 80.14 ms
Transform color: 6.42 ms
CAM#2: PART SEARCH: search_time:0.00 ms
Tag#5 detected in the overlapping area. Time frame: 2025-Apr-24 12:25:58.156912
Process time: 0.04 ms
Loop: count=294, trial=1, Duration=89326 ms
Remap: 88.14 ms
Transform color: 7.26 ms
CAM#2: PART SEARCH: search_time:0.00 ms
Process time: 0.00 ms
Loop: count=295, trial=1, Duration=97384 ms
Remap: 82.42 ms
Transform color: 7.47 ms
CAM#2: PART SEARCH: search_time:0.01 ms
Process time: 0.00 ms
Loop: count=296, trial=1, Duration=96189 ms
Remap: 86.31 ms
Transform color: 5.51 ms
CAM#2: PART SEARCH: search_time:0.00 ms
Process time: 0.00 ms
Loop: count=297, trial=1, Duration=94522 ms
Remap: 86.32 ms
Transform color: 5.41 ms
CAM#2: PART SEARCH: search_time:0.00 ms
Process time: 0.00 ms
Loop: count=298, trial=1, Duration=94192 ms
Remap: 77.29 ms
Transform color: 1.38 ms
CAM#2: PART SEARCH: search_time:0.00 ms
Process time: 0.00 ms
Loop: count=299, trial=1, Duration=80297 ms
Remap: 10.37 ms
Transform color: 1.24 ms
CAM#2: PART SEARCH: search_time:0.00 ms
Process time: 0.00 ms
Loop: count=300, trial=1, Duration=13148 ms
Remap: 21.28 ms
Transform color: 3.59 ms
CAM#2: PART SEARCH: search_time:0.00 ms
Process time: 0.00 ms
Loop: count=301, trial=1, Duration=111539 ms
Remap: 88.39 ms
Transform color: 8.34 ms
CAM#2: PART SEARCH: search_time:0.00 ms
Process time: 0.00 ms
Loop: count=302, trial=1, Duration=99461 ms
Remap: 83.81 ms
Transform color: 7.75 ms
CAM#2: PART SEARCH: search_time:0.01 ms
Process time: 0.00 ms
Loop: count=303, trial=1, Duration=95136 ms
Remap: 82.33 ms
Transform color: 5.60 ms
CAM#2: PART SEARCH: search_time:0.00 ms
Process time: 0.00 ms
Loop: count=304, trial=1, Duration=90493 ms
Remap: 86.55 ms
Transform color: 5.18 ms
CAM#2: PART SEARCH: search_time:0.00 ms
Process time: 0.00 ms
Loop: count=305, trial=1, Duration=94216 ms
Remap: 79.14 ms
Transform color: 6.12 ms
CAM#2: PART SEARCH: search_time:0.00 ms
Process time: 0.00 ms
Loop: count=306, trial=1, Duration=87219 ms
Remap: 76.90 ms
Transform color: 5.79 ms
CAM#2: PART SEARCH: search_time:0.00 ms
Process time: 0.00 ms
Loop: count=307, trial=1, Duration=331469 ms
Remap: 77.92 ms
Transform color: 4.73 ms
CAM#2: PART SEARCH: search_time:0.00 ms
Process time: 0.00 ms
Loop: count=308, trial=1, Duration=84764 ms
Remap: 63.51 ms
Transform color: 5.38 ms
CAM#2: PART SEARCH: search_time:0.00 ms
Process time: 0.00 ms
CAM#2: Using GLobal SEARCH ##############################################
CAM#2: GLOBAL SEARCH: search_time:0.00 ms
Loop: count=309, trial=1, Duration=70945 ms
Remap: 73.16 ms
Transform color: 4.78 ms
CAM#2: PART SEARCH: search_time:0.00 ms
Tag#5 detected in the overlapping area. Time frame: 2025-Apr-24 12:25:58.156912
Process time: 0.04 ms
Loop: count=310, trial=1, Duration=80620 ms
Remap: 78.52 ms
Transform color: 6.14 ms
CAM#2: PART SEARCH: search_time:0.00 ms
Process time: 0.00 ms
Loop: count=311, trial=1, Duration=87140 ms
Remap: 80.66 ms
Transform color: 6.97 ms
CAM#2: PART SEARCH: search_time:0.00 ms
Process time: 0.00 ms
Loop: count=312, trial=1, Duration=89995 ms
Remap: 82.49 ms
Transform color: 6.46 ms
CAM#2: PART SEARCH: search_time:0.00 ms
Process time: 0.00 ms
Loop: count=313, trial=1, Duration=92251 ms
Remap: 85.85 ms
Transform color: 4.52 ms
CAM#2: PART SEARCH: search_time:0.00 ms
Process time: 0.00 ms
Loop: count=314, trial=1, Duration=92413 ms
Remap: 79.63 ms
Transform color: 7.38 ms
CAM#2: PART SEARCH: search_time:0.00 ms
Process time: 0.00 ms
Loop: count=315, trial=1, Duration=128868 ms
Remap: 86.89 ms
Transform color: 4.88 ms
CAM#2: PART SEARCH: search_time:0.00 ms
Process time: 0.00 ms
Loop: count=316, trial=1, Duration=93968 ms
Remap: 87.05 ms
Transform color: 9.49 ms
CAM#2: PART SEARCH: search_time:0.00 ms
Process time: 0.00 ms
Loop: count=317, trial=1, Duration=99010 ms
Remap: 80.16 ms
Transform color: 6.34 ms
CAM#2: PART SEARCH: search_time:0.00 ms
Process time: 0.00 ms
Loop: count=318, trial=1, Duration=89922 ms
Remap: 75.61 ms
Transform color: 3.78 ms
CAM#2: PART SEARCH: search_time:0.00 ms
Process time: 0.00 ms
Loop: count=319, trial=1, Duration=81416 ms
Remap: 99.30 ms
Transform color: 4.65 ms
CAM#2: PART SEARCH: search_time:0.00 ms
Process time: 0.00 ms
Loop: count=320, trial=1, Duration=106206 ms
Remap: 81.35 ms
Transform color: 4.37 ms
CAM#2: PART SEARCH: search_time:0.00 ms
Process time: 0.00 ms
Loop: count=321, trial=1, Duration=87992 ms
Remap: 76.71 ms
Transform color: 7.67 ms
CAM#2: PART SEARCH: search_time:0.00 ms
Process time: 0.00 ms
Loop: count=322, trial=1, Duration=114344 ms
Remap: 87.58 ms
Transform color: 5.04 ms
CAM#2: PART SEARCH: search_time:0.00 ms
Process time: 0.00 ms
Loop: count=323, trial=1, Duration=95436 ms
Remap: 90.90 ms
Transform color: 112.74 ms
CAM#2: PART SEARCH: search_time:0.00 ms
Process time: 0.00 ms
Loop: count=324, trial=1, Duration=206240 ms
Remap: 256.42 ms
Transform color: 2.74 ms
CAM#2: PART SEARCH: search_time:0.00 ms
Process time: 0.00 ms
CAM#2: Using GLobal SEARCH ##############################################
CAM#2: GLOBAL SEARCH: search_time:0.00 ms
Loop: count=325, trial=1, Duration=261775 ms
Remap: 88.64 ms
Transform color: 5.76 ms
CAM#2: PART SEARCH: search_time:0.00 ms
Tag#5 detected in the overlapping area. Time frame: 2025-Apr-24 12:25:58.156912
Process time: 0.04 ms
Loop: count=326, trial=1, Duration=96527 ms
Remap: 95.73 ms
Transform color: 9.81 ms
CAM#2: PART SEARCH: search_time:0.00 ms
Process time: 0.00 ms
Loop: count=327, trial=1, Duration=140862 ms
Remap: 79.97 ms
Transform color: 6.31 ms
CAM#2: PART SEARCH: search_time:0.00 ms
Process time: 0.00 ms
Loop: count=328, trial=1, Duration=89369 ms
Remap: 85.01 ms
Transform color: 5.81 ms
CAM#2: PART SEARCH: search_time:0.00 ms
Process time: 0.00 ms
Loop: count=329, trial=1, Duration=93509 ms
Remap: 82.34 ms
Transform color: 7.66 ms
CAM#2: PART SEARCH: search_time:0.00 ms
Process time: 0.00 ms
Loop: count=330, trial=1, Duration=92792 ms
Remap: 83.16 ms
Transform color: 7.38 ms
CAM#2: PART SEARCH: search_time:0.00 ms
Process time: 0.00 ms
Loop: count=331, trial=1, Duration=93414 ms
Remap: 85.88 ms
Transform color: 6.70 ms
CAM#2: PART SEARCH: search_time:0.00 ms
Process time: 0.00 ms
Loop: count=332, trial=1, Duration=94942 ms
Remap: 81.32 ms
Transform color: 6.45 ms
CAM#2: PART SEARCH: search_time:0.00 ms
Process time: 0.00 ms
Loop: count=333, trial=1, Duration=90607 ms
Remap: 90.51 ms
Transform color: 6.53 ms
CAM#2: PART SEARCH: search_time:0.00 ms
Process time: 0.00 ms
Loop: count=334, trial=1, Duration=99518 ms
Remap: 80.39 ms
Transform color: 7.04 ms
CAM#2: PART SEARCH: search_time:0.00 ms
Process time: 0.00 ms
Loop: count=335, trial=1, Duration=91053 ms
Remap: 86.54 ms
Transform color: 4.55 ms
CAM#2: PART SEARCH: search_time:0.00 ms
Process time: 0.00 ms
Loop: count=336, trial=1, Duration=93838 ms
Remap: 105.61 ms
Transform color: 5.64 ms
CAM#2: PART SEARCH: search_time:0.00 ms
Process time: 0.00 ms
Loop: count=337, trial=1, Duration=114239 ms
Remap: 86.41 ms
Transform color: 9.03 ms
CAM#2: PART SEARCH: search_time:0.00 ms
Process time: 0.00 ms
Loop: count=338, trial=1, Duration=224874 ms
Remap: 159.16 ms
Transform color: 2.81 ms
CAM#2: PART SEARCH: search_time:0.01 ms
Process time: 0.00 ms
Loop: count=339, trial=1, Duration=168768 ms
Remap: 89.85 ms
Transform color: 11.38 ms
CAM#2: PART SEARCH: search_time:0.00 ms
Process time: 0.00 ms
Loop: count=340, trial=1, Duration=143574 ms
Remap: 86.20 ms
Transform color: 6.44 ms
CAM#2: PART SEARCH: search_time:0.00 ms
Process time: 0.00 ms
CAM#2: Using GLobal SEARCH ##############################################
CAM#2: GLOBAL SEARCH: search_time:0.00 ms
Loop: count=341, trial=1, Duration=383465 ms
Remap: 214.69 ms
Transform color: 4.43 ms
CAM#2: PART SEARCH: search_time:0.01 ms
Tag#5 detected in the overlapping area. Time frame: 2025-Apr-24 12:25:58.156912
Process time: 0.07 ms
Loop: count=342, trial=1, Duration=345741 ms
Remap: 87.83 ms
Transform color: 8.75 ms
CAM#2: PART SEARCH: search_time:0.00 ms
Process time: 0.00 ms
Loop: count=343, trial=1, Duration=99059 ms
Remap: 80.14 ms
Transform color: 5.76 ms
CAM#2: PART SEARCH: search_time:0.00 ms
Process time: 0.00 ms
Loop: count=344, trial=1, Duration=89106 ms
Remap: 83.75 ms
Transform color: 5.08 ms
CAM#2: PART SEARCH: search_time:0.00 ms
Process time: 0.00 ms
Loop: count=345, trial=1, Duration=91488 ms
Remap: 77.81 ms
Transform color: 7.02 ms
CAM#2: PART SEARCH: search_time:0.00 ms
Process time: 0.00 ms
Loop: count=346, trial=1, Duration=87219 ms
Remap: 86.83 ms
Transform color: 5.30 ms
CAM#2: PART SEARCH: search_time:0.00 ms
Process time: 0.00 ms
Loop: count=347, trial=1, Duration=95568 ms
Remap: 81.59 ms
Transform color: 5.34 ms
CAM#2: PART SEARCH: search_time:0.00 ms
Process time: 0.00 ms
Loop: count=348, trial=1, Duration=89297 ms
Remap: 88.27 ms
Transform color: 4.48 ms
CAM#2: PART SEARCH: search_time:0.00 ms
Process time: 0.00 ms
Loop: count=349, trial=1, Duration=94723 ms
Remap: 86.45 ms
Transform color: 1.83 ms
CAM#2: PART SEARCH: search_time:0.00 ms
Process time: 0.00 ms
Loop: count=350, trial=1, Duration=109218 ms
Remap: 80.17 ms
Transform color: 7.54 ms
CAM#2: PART SEARCH: search_time:0.00 ms
Process time: 0.00 ms
Loop: count=351, trial=1, Duration=91483 ms
Remap: 86.18 ms
Transform color: 6.13 ms
CAM#2: PART SEARCH: search_time:0.00 ms
Process time: 0.00 ms
Loop: count=352, trial=1, Duration=94951 ms
Remap: 85.60 ms
Transform color: 6.46 ms
CAM#2: PART SEARCH: search_time:0.00 ms
Process time: 0.00 ms
Loop: count=353, trial=1, Duration=94872 ms
Remap: 84.62 ms
Transform color: 9.63 ms
CAM#2: PART SEARCH: search_time:0.00 ms
Process time: 0.00 ms
Loop: count=354, trial=1, Duration=156351 ms
Remap: 77.73 ms
Transform color: 5.77 ms
CAM#2: PART SEARCH: search_time:0.00 ms
Process time: 0.00 ms
Loop: count=355, trial=1, Duration=86823 ms
Remap: 85.23 ms
Transform color: 5.29 ms
CAM#2: PART SEARCH: search_time:0.00 ms
Process time: 0.00 ms
Loop: count=356, trial=1, Duration=93394 ms
Remap: 88.19 ms
Transform color: 5.81 ms
CAM#2: PART SEARCH: search_time:0.00 ms
Process time: 0.00 ms
CAM#2: Using GLobal SEARCH ##############################################
CAM#2: GLOBAL SEARCH: search_time:0.00 ms
Loop: count=357, trial=1, Duration=150145 ms
Remap: 80.12 ms
Transform color: 6.75 ms
CAM#2: PART SEARCH: search_time:0.00 ms
Tag#5 detected in the overlapping area. Time frame: 2025-Apr-24 12:25:58.156912
Process time: 0.06 ms
Loop: count=358, trial=1, Duration=89952 ms
Remap: 70.80 ms
Transform color: 1.32 ms
CAM#2: PART SEARCH: search_time:0.00 ms
Process time: 0.00 ms
Loop: count=359, trial=1, Duration=81883 ms
Remap: 75.96 ms
Transform color: 8.47 ms
CAM#2: PART SEARCH: search_time:0.00 ms
Process time: 0.00 ms
CAM 2: -2147483648Hz
Loop: count=360, trial=1, Duration=117634 ms
Remap: 83.74 ms
Transform color: 6.11 ms
CAM#2: PART SEARCH: search_time:0.00 ms
Process time: 0.00 ms
Loop: count=361, trial=1, Duration=92336 ms
Remap: 81.80 ms
Transform color: 10.02 ms
CAM#2: PART SEARCH: search_time:0.00 ms
Process time: 0.00 ms
Loop: count=362, trial=1, Duration=173553 ms
Remap: 89.53 ms
Transform color: 6.24 ms
CAM#2: PART SEARCH: search_time:0.00 ms
Process time: 0.00 ms
Loop: count=363, trial=1, Duration=98420 ms
Remap: 81.37 ms
Transform color: 11.43 ms
CAM#2: PART SEARCH: search_time:0.00 ms
Process time: 0.00 ms
Loop: count=364, trial=1, Duration=95560 ms
Remap: 82.03 ms
Transform color: 3.81 ms
CAM#2: PART SEARCH: search_time:0.00 ms
Process time: 0.00 ms
Loop: count=365, trial=1, Duration=89880 ms
Remap: 82.41 ms
Transform color: 3.55 ms
CAM#2: PART SEARCH: search_time:0.00 ms
Process time: 0.00 ms
Loop: count=366, trial=1, Duration=88351 ms
Remap: 63.57 ms
Transform color: 2.36 ms
CAM#2: PART SEARCH: search_time:0.00 ms
Process time: 0.00 ms
Loop: count=367, trial=1, Duration=67827 ms
Remap: 130.05 ms
Transform color: 2.28 ms
CAM#2: PART SEARCH: search_time:0.00 ms
Process time: 0.00 ms
Loop: count=368, trial=1, Duration=134251 ms
Remap: 23.10 ms
Transform color: 19.93 ms
CAM#2: PART SEARCH: search_time:0.00 ms
Process time: 0.00 ms
Loop: count=369, trial=1, Duration=46059 ms
Remap: 92.44 ms
Transform color: 5.99 ms
CAM#2: PART SEARCH: search_time:0.00 ms
Process time: 0.00 ms
Loop: count=370, trial=1, Duration=126426 ms
Remap: 86.05 ms
Transform color: 5.44 ms
CAM#2: PART SEARCH: search_time:0.00 ms
Process time: 0.00 ms
Loop: count=371, trial=1, Duration=184279 ms
Remap: 85.77 ms
Transform color: 6.44 ms
CAM#2: PART SEARCH: search_time:0.00 ms
Process time: 0.00 ms
Loop: count=372, trial=1, Duration=95182 ms
Remap: 86.42 ms
Transform color: 7.08 ms
CAM#2: PART SEARCH: search_time:0.00 ms
Process time: 0.00 ms
CAM#2: Using GLobal SEARCH ##############################################
CAM#2: GLOBAL SEARCH: search_time:0.00 ms
Loop: count=373, trial=1, Duration=97482 ms
Remap: 91.26 ms
Transform color: 5.11 ms
CAM#2: PART SEARCH: search_time:0.00 ms
Tag#5 detected in the overlapping area. Time frame: 2025-Apr-24 12:25:58.156912
Process time: 0.04 ms
Loop: count=374, trial=1, Duration=99476 ms
Remap: 88.14 ms
Transform color: 10.69 ms
CAM#2: PART SEARCH: search_time:0.00 ms
Process time: 0.00 ms
Loop: count=375, trial=1, Duration=101837 ms
Remap: 81.29 ms
Transform color: 8.94 ms
CAM#2: PART SEARCH: search_time:0.00 ms
Process time: 0.00 ms
Loop: count=376, trial=1, Duration=94361 ms
Remap: 23.99 ms
Transform color: 3.76 ms
CAM#2: PART SEARCH: search_time:0.00 ms
Process time: 0.00 ms
Loop: count=377, trial=1, Duration=30285 ms
Remap: 24.56 ms
Transform color: 3.72 ms
CAM#2: PART SEARCH: search_time:0.00 ms
Process time: 0.00 ms
Loop: count=378, trial=1, Duration=30835 ms
Remap: 129.20 ms
Transform color: 1.32 ms
CAM#2: PART SEARCH: search_time:0.00 ms
Process time: 0.00 ms
Loop: count=379, trial=1, Duration=132644 ms
Remap: 950.75 ms
Transform color: 52.91 ms
CAM#2: PART SEARCH: search_time:0.01 ms
Process time: 0.00 ms
Loop: count=380, trial=1, Duration=1511773 ms
Remap: 67.93 ms
Transform color: 2.45 ms
CAM#2: PART SEARCH: search_time:0.00 ms
Process time: 0.00 ms
Loop: count=381, trial=1, Duration=72328 ms
Remap: 187.85 ms
Transform color: 3.23 ms
CAM#2: PART SEARCH: search_time:0.00 ms
Process time: 0.00 ms
Loop: count=382, trial=1, Duration=196042 ms
Remap: 76.20 ms
Transform color: 4.42 ms
CAM#2: PART SEARCH: search_time:0.00 ms
Process time: 0.00 ms
Loop: count=383, trial=1, Duration=104261 ms
Remap: 69.92 ms
Transform color: 1.26 ms
CAM#2: PART SEARCH: search_time:0.00 ms
Process time: 0.00 ms
Loop: count=384, trial=1, Duration=73344 ms
Remap: 9.22 ms
Transform color: 1.17 ms
CAM#2: PART SEARCH: search_time:0.00 ms
Process time: 0.00 ms
Loop: count=385, trial=1, Duration=17095 ms
Remap: 76.87 ms
Transform color: 5.20 ms
CAM#2: PART SEARCH: search_time:0.00 ms
Process time: 0.00 ms
Loop: count=386, trial=1, Duration=124956 ms
Remap: 77.95 ms
Transform color: 6.22 ms
CAM#2: PART SEARCH: search_time:0.00 ms
Process time: 0.00 ms
Loop: count=387, trial=1, Duration=88401 ms
Remap: 77.79 ms
Transform color: 4.41 ms
CAM#2: PART SEARCH: search_time:0.00 ms
Process time: 0.00 ms
Loop: count=388, trial=1, Duration=84208 ms
Remap: 72.74 ms
Transform color: 9.44 ms
CAM#2: PART SEARCH: search_time:0.00 ms
Process time: 0.00 ms
CAM#2: Using GLobal SEARCH ##############################################
CAM#2: GLOBAL SEARCH: search_time:0.00 ms
Loop: count=389, trial=1, Duration=86577 ms
Remap: 68.16 ms
Transform color: 4.66 ms
CAM#2: PART SEARCH: search_time:0.00 ms
Tag#5 detected in the overlapping area. Time frame: 2025-Apr-24 12:25:58.156912
Process time: 0.04 ms
Loop: count=390, trial=1, Duration=75183 ms
Remap: 74.46 ms
Transform color: 4.61 ms
CAM#2: PART SEARCH: search_time:0.00 ms
Process time: 0.00 ms
Loop: count=391, trial=1, Duration=81586 ms
Remap: 81.24 ms
Transform color: 8.04 ms
CAM#2: PART SEARCH: search_time:0.00 ms
Process time: 0.00 ms
Loop: count=392, trial=1, Duration=91702 ms
Remap: 74.95 ms
Transform color: 5.73 ms
CAM#2: PART SEARCH: search_time:0.00 ms
Process time: 0.00 ms
Loop: count=393, trial=1, Duration=82912 ms
Remap: 79.78 ms
Transform color: 4.63 ms
CAM#2: PART SEARCH: search_time:0.00 ms
Process time: 0.00 ms
Loop: count=394, trial=1, Duration=86710 ms
Remap: 70.81 ms
Transform color: 4.68 ms
CAM#2: PART SEARCH: search_time:0.00 ms
Process time: 0.00 ms
Loop: count=395, trial=1, Duration=77443 ms
Remap: 76.85 ms
Transform color: 4.32 ms
CAM#2: PART SEARCH: search_time:0.00 ms
Process time: 0.00 ms
Loop: count=396, trial=1, Duration=83148 ms
Remap: 101.95 ms
Transform color: 3.32 ms
CAM#2: PART SEARCH: search_time:0.01 ms
Process time: 0.00 ms
Loop: count=397, trial=1, Duration=109460 ms
Remap: 197.60 ms
Transform color: 2.04 ms
CAM#2: PART SEARCH: search_time:0.00 ms
Process time: 0.00 ms
Loop: count=398, trial=1, Duration=201511 ms
Remap: 64.80 ms
Transform color: 71.34 ms
CAM#2: PART SEARCH: search_time:0.00 ms
Process time: 0.00 ms
Loop: count=399, trial=1, Duration=139683 ms
Remap: 78.82 ms
Transform color: 5.04 ms
CAM#2: PART SEARCH: search_time:0.00 ms
Process time: 0.00 ms
Loop: count=400, trial=1, Duration=85831 ms
Remap: 80.27 ms
Transform color: 10.68 ms
CAM#2: PART SEARCH: search_time:0.00 ms
Process time: 0.00 ms
Loop: count=401, trial=1, Duration=93520 ms
Remap: 76.21 ms
Transform color: 5.71 ms
CAM#2: PART SEARCH: search_time:0.00 ms
Process time: 0.00 ms
Loop: count=402, trial=1, Duration=315320 ms
Remap: 81.71 ms
Transform color: 3.41 ms
CAM#2: PART SEARCH: search_time:0.00 ms
Process time: 0.00 ms
Loop: count=403, trial=1, Duration=86926 ms
Remap: 53.19 ms
Transform color: 32.23 ms
CAM#2: PART SEARCH: search_time:0.00 ms
Process time: 0.00 ms
Loop: count=404, trial=1, Duration=173042 ms
Remap: 14.08 ms
Transform color: 2.49 ms
CAM#2: PART SEARCH: search_time:0.00 ms
Process time: 0.00 ms
CAM#2: Using GLobal SEARCH ##############################################
CAM#2: GLOBAL SEARCH: search_time:0.00 ms
Loop: count=405, trial=1, Duration=18451 ms
Remap: 14.89 ms
Transform color: 1.62 ms
CAM#2: PART SEARCH: search_time:0.00 ms
Tag#5 detected in the overlapping area. Time frame: 2025-Apr-24 12:25:58.156912
Process time: 0.03 ms
Loop: count=406, trial=1, Duration=18238 ms
Remap: 14.44 ms
Transform color: 1.63 ms
CAM#2: PART SEARCH: search_time:0.00 ms
Process time: 0.00 ms
Loop: count=407, trial=1, Duration=27782 ms
Remap: 59.75 ms
Transform color: 4.45 ms
CAM#2: PART SEARCH: search_time:0.00 ms
Process time: 0.00 ms
Loop: count=408, trial=1, Duration=77011 ms
Remap: 61.06 ms
Transform color: 3.78 ms
CAM#2: PART SEARCH: search_time:0.00 ms
Process time: 0.00 ms
Loop: count=409, trial=1, Duration=98836 ms
Remap: 19.92 ms
Transform color: 2.36 ms
CAM#2: PART SEARCH: search_time:0.00 ms
Process time: 0.00 ms
Loop: count=410, trial=1, Duration=24272 ms
Remap: 17.11 ms
Transform color: 2.57 ms
CAM#2: PART SEARCH: search_time:0.00 ms
Process time: 0.00 ms
Loop: count=411, trial=1, Duration=22154 ms
Remap: 61.23 ms
Transform color: 4.83 ms
CAM#2: PART SEARCH: search_time:0.00 ms
Process time: 0.00 ms
Loop: count=412, trial=1, Duration=73071 ms
Remap: 107.02 ms
Transform color: 1.91 ms
CAM#2: PART SEARCH: search_time:0.00 ms
Process time: 0.00 ms
Loop: count=413, trial=1, Duration=111668 ms
Remap: 9.92 ms
Transform color: 1.62 ms
CAM#2: PART SEARCH: search_time:0.00 ms
Process time: 0.00 ms
Loop: count=414, trial=1, Duration=13267 ms
Remap: 12.56 ms
Transform color: 1.47 ms
CAM#2: PART SEARCH: search_time:0.00 ms
Process time: 0.00 ms
Loop: count=415, trial=1, Duration=20616 ms
Remap: 55.57 ms
Transform color: 3.60 ms
CAM#2: PART SEARCH: search_time:0.00 ms
Process time: 0.00 ms
Loop: count=416, trial=1, Duration=76019 ms
Remap: 117.97 ms
Transform color: 1.65 ms
CAM#2: PART SEARCH: search_time:0.00 ms
Process time: 0.00 ms
Loop: count=417, trial=1, Duration=121408 ms
Remap: 15.20 ms
Transform color: 2.40 ms
CAM#2: PART SEARCH: search_time:0.00 ms
Process time: 0.00 ms
Loop: count=418, trial=1, Duration=19401 ms
Remap: 11.52 ms
Transform color: 1.96 ms
CAM#2: PART SEARCH: search_time:0.00 ms
Process time: 0.00 ms
Loop: count=419, trial=1, Duration=15364 ms
Remap: 60.38 ms
Transform color: 3.89 ms
CAM#2: PART SEARCH: search_time:0.00 ms
Process time: 0.00 ms
Loop: count=420, trial=1, Duration=87102 ms
Remap: 9.51 ms
Transform color: 1.27 ms
CAM#2: PART SEARCH: search_time:0.00 ms
Process time: 0.00 ms
CAM#2: Using GLobal SEARCH ##############################################
CAM#2: GLOBAL SEARCH: search_time:0.00 ms
Loop: count=421, trial=1, Duration=12475 ms
Remap: 10.33 ms
Transform color: 1.54 ms
CAM#2: PART SEARCH: search_time:0.00 ms
Tag#5 detected in the overlapping area. Time frame: 2025-Apr-24 12:25:58.156912
Process time: 0.04 ms
Loop: count=422, trial=1, Duration=49597 ms
Remap: 58.92 ms
Transform color: 5.75 ms
CAM#2: PART SEARCH: search_time:0.01 ms
Process time: 0.00 ms
Loop: count=423, trial=1, Duration=82575 ms
Remap: 64.66 ms
Transform color: 4.03 ms
CAM#2: PART SEARCH: search_time:0.00 ms
Process time: 0.00 ms
Loop: count=424, trial=1, Duration=70790 ms
Remap: 63.10 ms
Transform color: 4.62 ms
CAM#2: PART SEARCH: search_time:0.00 ms
Process time: 0.00 ms
Loop: count=425, trial=1, Duration=70738 ms
