Core number: 3
Remap: 0.003 ms
Transform color: 1.73 ms
Core number: 3
Remap: 0.001 ms
Transform color: 3.317 ms
Core number: 3
Remap: 0 ms
Transform color: 1.503 ms
Core number: 3
Remap: 0.001 ms
Transform color: 3.685 ms
Core number: 3
Remap: 0 ms
Transform color: 6.454 ms
Core number: 3
Remap: 0 ms
Transform color: 2.483 ms
Core number: 3
Remap: 0 ms
Transform color: 1.999 ms
Core number: 3
Remap: 0.001 ms
Transform color: 1.876 ms
Core number: 3
Remap: 0 ms
Transform color: 2.468 ms
Core number: 3
Remap: 0.001 ms
Transform color: 1.72 ms
Core number: 3
Remap: 0.001 ms
Transform color: 2.164 ms
Core number: 3
Remap: 0.001 ms
Transform color: 1.622 ms
Core number: 3
Remap: 0.001 ms
Transform color: 1.851 ms
Core number: 3
Remap: 0.001 ms
Transform color: 1.695 ms
Core number: 3
Remap: 0.001 ms
Transform color: 2.191 ms
Core number: 3
Remap: 0.001 ms
Transform color: 2.301 ms
Core number: 3
Remap: 0.001 ms
Transform color: 1.723 ms
Core number: 3
Remap: 0.001 ms
Transform color: 2.393 ms
Core number: 3
Remap: 0 ms
Transform color: 3.124 ms
Core number: 3
Remap: 0 ms
Transform color: 5.694 ms
Core number: 3
Remap: 0 ms
Transform color: 1.614 ms
Core number: 3
Remap: 0 ms
Transform color: 1.916 ms
Core number: 3
Remap: 0.001 ms
Transform color: 1.977 ms
Core number: 3
Remap: 0.001 ms
Transform color: 1.562 ms
Core number: 3
Remap: 0 ms
Transform color: 1.553 ms
Core number: 3
Remap: 0.001 ms
Transform color: 2.256 ms
Core number: 3
Remap: 0.001 ms
Transform color: 2.089 ms
Core number: 3
Remap: 0 ms
Transform color: 1.58 ms
Core number: 3
Remap: 0.001 ms
Transform color: 1.774 ms
Core number: 3
Remap: 0 ms
Transform color: 2.289 ms
Core number: 3
Remap: 0.001 ms
Transform color: 1.837 ms
Core number: 3
Remap: 0.001 ms
Transform color: 2.338 ms
Core number: 3
Remap: 0 ms
Transform color: 1.758 ms
Core number: 3
Remap: 0.001 ms
Transform color: 1.647 ms
Core number: 3
Remap: 0.001 ms
Transform color: 3.29 ms
Core number: 3
Remap: 0.001 ms
Transform color: 2.089 ms
Core number: 3
Remap: 0.001 ms
Transform color: 1.627 ms
Core number: 3
Remap: 0.001 ms
Transform color: 2.354 ms
Core number: 3
Remap: 0.001 ms
Transform color: 2.281 ms
Core number: 3
Remap: 0.001 ms
Transform color: 1.602 ms
Core number: 3
Remap: 0.001 ms
Transform color: 6.73 ms
Core number: 3
Remap: 0.001 ms
Transform color: 2.145 ms
Core number: 3
Remap: 0.001 ms
Transform color: 5.575 ms
Core number: 3
Remap: 0 ms
Transform color: 1.844 ms
Core number: 3
Remap: 0 ms
Transform color: 2.156 ms
Core number: 3
Remap: 0.001 ms
Transform color: 1.995 ms
Core number: 3
Remap: 0.001 ms
Transform color: 2.029 ms
Core number: 3
Remap: 0.001 ms
Transform color: 2.158 ms
Core number: 3
Remap: 0.001 ms
Transform color: 1.731 ms
Core number: 3
Remap: 0.001 ms
Transform color: 2.498 ms
Core number: 3
Remap: 0.001 ms
Transform color: 2.23 ms
Core number: 3
Remap: 0.001 ms
Transform color: 1.741 ms
Core number: 3
Remap: 0.001 ms
Transform color: 1.97 ms
Core number: 3
Remap: 0.001 ms
Transform color: 1.954 ms
Core number: 3
Remap: 0.001 ms
Transform color: 4.52 ms
Core number: 3
Remap: 0 ms
Transform color: 1.935 ms
Core number: 3
Remap: 0.001 ms
Transform color: 5.195 ms
Core number: 3
Remap: 0.001 ms
Transform color: 4.636 ms
Core number: 3
Remap: 0 ms
Transform color: 2.357 ms
Core number: 3
Remap: 0 ms
Transform color: 5.283 ms
Core number: 3
Remap: 0.001 ms
Transform color: 6.001 ms
Core number: 3
Remap: 0.001 ms
Transform color: 4.887 ms
Core number: 3
Remap: 0.001 ms
Transform color: 2.075 ms
Core number: 3
Remap: 0 ms
Transform color: 1.445 ms
Core number: 3
Remap: 0.001 ms
Transform color: 4.003 ms
Core number: 3
Remap: 0 ms
Transform color: 4.925 ms
Core number: 3
Remap: 0 ms
Transform color: 5.086 ms
Core number: 3
Remap: 0.001 ms
Transform color: 2.085 ms
Core number: 3
Remap: 0 ms
Transform color: 6.796 ms
Core number: 3
Remap: 0.001 ms
Transform color: 6.103 ms
Core number: 3
Remap: 0.001 ms
Transform color: 2.018 ms
Core number: 3
Remap: 0.001 ms
Transform color: 5.255 ms
Core number: 3
Remap: 0.001 ms
Transform color: 1.698 ms
Core number: 3
Remap: 0 ms
Transform color: 1.459 ms
Core number: 3
Remap: 0 ms
Transform color: 1.339 ms
Core number: 3
Remap: 0 ms
Transform color: 1.762 ms
Core number: 3
Remap: 0 ms
Transform color: 3.509 ms
Core number: 3
 Timestamp: 1745498450
Reason: global search time, Value: 757.45, Counter: 6, Timestamp: 1745498451
Reason: process time, Value: 0.00, Counter: 6, Timestamp: 1745498451
Reason: loop time, Value: 759.22, Counter: 6, Timestamp: 1745498451
----------------------------------------
Thread: nice_thread, Loop time exceeded: 850.36 ms
Reason: consumer time, Value: 0.00, Counter: 29, Timestamp: 1745498451
Reason: transform time, Value: 0.00, Counter: 29, Timestamp: 1745498451
Reason: global search time, Value: 848.13, Counter: 29, Timestamp: 1745498452
Reason: process time, Value: 0.00, Counter: 29, Timestamp: 1745498452
Reason: loop time, Value: 850.36, Counter: 29, Timestamp: 1745498452
----------------------------------------
Thread: nice_thread, Loop time exceeded: 854.47 ms
Reason: consumer time, Value: 0.00, Counter: 54, Timestamp: 1745498452
Reason: transform time, Value: 0.00, Counter: 54, Timestamp: 1745498452
Reason: global search time, Value: 852.80, Counter: 54, Timestamp: 1745498453
Reason: process time, Value: 0.00, Counter: 54, Timestamp: 1745498453
Reason: loop time, Value: 854.47, Counter: 54, Timestamp: 1745498453
----------------------------------------
Thread: nice_thread, Loop time exceeded: 844.74 ms
Reason: consumer time, Value: 0.00, Counter: 79, Timestamp: 1745498453
Reason: transform time, Value: 0.00, Counter: 79, Timestamp: 1745498453
Reason: global search time, Value: 842.85, Counter: 79, Timestamp: 1745498454
Reason: process time, Value: 0.00, Counter: 79, Timestamp: 1745498454
Reason: loop time, Value: 844.74, Counter: 79, Timestamp: 1745498454
----------------------------------------
Thread: nice_thread, Loop time exceeded: 846.22 ms
Reason: consumer time, Value: 0.00, Counter: 105, Timestamp: 1745498454
Reason: transform time, Value: 0.00, Counter: 105, Timestamp: 1745498454
Reason: global search time, Value: 844.49, Counter: 105, Timestamp: 1745498454
Reason: process time, Value: 0.00, Counter: 105, Timestamp: 1745498454
Reason: loop time, Value: 846.22, Counter: 105, Timestamp: 1745498454
----------------------------------------
Thread: nice_thread, Loop time exceeded: 815.05 ms
Reason: consumer time, Value: 0.00, Counter: 2, Timestamp: 1745498454
Reason: transform time, Value: 0.00, Counter: 2, Timestamp: 1745498454
Reason: global search time, Value: 812.77, Counter: 2, Timestamp: 1745498455
Reason: process time, Value: 0.00, Counter: 2, Timestamp: 1745498455
Reason: loop time, Value: 815.05, Counter: 2, Timestamp: 1745498455
----------------------------------------
Thread: nice_thread, Loop time exceeded: 803.54 ms
Reason: consumer time, Value: 0.00, Counter: 26, Timestamp: 1745498455
Reason: transform time, Value: 0.00, Counter: 26, Timestamp: 1745498455
Reason: global search time, Value: 801.19, Counter: 26, Timestamp: 1745498456
Reason: process time, Value: 0.00, Counter: 26, Timestamp: 1745498456
Reason: loop time, Value: 803.54, Counter: 26, Timestamp: 1745498456
----------------------------------------
Thread: nice_thread, Loop time exceeded: 841.95 ms
Reason: consumer time, Value: 0.00, Counter: 53, Timestamp: 1745498456
Reason: transform time, Value: 0.00, Counter: 53, Timestamp: 1745498456
Reason: global search time, Value: 840.19, Counter: 53, Timestamp: 1745498457
Reason: process time, Value: 0.00, Counter: 53, Timestamp: 1745498457
Reason: loop time, Value: 841.95, Counter: 53, Timestamp: 1745498457
----------------------------------------
Thread: nice_thread, Loop time exceeded: 836.60 ms
Reason: consumer time, Value: 0.00, Counter: 77, Timestamp: 1745498457
Reason: transform time, Value: 0.00, Counter: 77, Timestamp: 1745498457
Reason: global search time, Value: 834.12, Counter: 77, Timestamp: 1745498458
Reason: process time, Value: 0.00, Counter: 77, Timestamp: 1745498458
Reason: loop time, Value: 836.60, Counter: 77, Timestamp: 1745498458
----------------------------------------
Thread: nice_thread, Loop time exceeded: 841.61 ms
Reason: consumer time, Value: 0.00, Counter: 102, Timestamp: 1745498458
Reason: transform time, Value: 0.00, Counter: 102, Timestamp: 1745498458
Reason: global search time, Value: 838.42, Counter: 102, Timestamp: 1745498459
Reason: process time, Value: 0.00, Counter: 102, Timestamp: 1745498459
Reason: loop time, Value: 841.61, Counter: 102, Timestamp: 1745498459
----------------------------------------
Thread: nice_thread, Loop time exceeded: 827.66 ms
Reason: consumer time, Value: 0.00, Counter: 127, Timestamp: 1745498459
Reason: transform time, Value: 0.01, Counter: 127, Timestamp: 1745498459
Reason: global search time, Value: 821.92, Counter: 127, Timestamp: 1745498459
Reason: process time, Value: 0.00, Counter: 127, Timestamp: 1745498459
Reason: loop time, Value: 827.66, Counter: 127, Timestamp: 1745498459
----------------------------------------
Thread: nice_thread, Loop time exceeded: 835.24 ms
Reason: consumer time, Value: 0.00, Counter: 24, Timestamp: 1745498459
Reason: transform time, Value: 0.00, Counter: 24, Timestamp: 1745498459
Reason: global search time, Value: 833.60, Counter: 24, Timestamp: 1745498460
Reason: process time, Value: 0.00, Counter: 24, Timestamp: 1745498460
Reason: loop time, Value: 835.24, Counter: 24, Timestamp: 1745498460
----------------------------------------
Thread: nice_thread, Loop time exceeded: 770.15 ms
Reason: consumer time, Value: 0.00, Counter: 49, Timestamp: 1745498460
Reason: transform time, Value: 0.00, Counter: 49, Timestamp: 1745498460
Reason: global search time, Value: 768.20, Counter: 49, Timestamp: 1745498461
Reason: process time, Value: 0.00, Counter: 49, Timestamp: 1745498461
Reason: loop time, Value: 770.15, Counter: 49, Timestamp: 1745498461
----------------------------------------
Thread: nice_thread, Loop time exceeded: 828.01 ms
Reason: consumer time, Value: 0.00, Counter: 74, Timestamp: 1745498461
Reason: transform time, Value: 0.00, Counter: 74, Timestamp: 1745498461
Reason: global search time, Value: 825.97, Counter: 74, Timestamp: 1745498462
Reason: process time, Value: 0.00, Counter: 74, Timestamp: 1745498462
Reason: loop time, Value: 828.01, Counter: 74, Timestamp: 1745498462
----------------------------------------
Thread: nice_thread, Loop time exceeded: 861.72 ms
Reason: consumer time, Value: 0.00, Counter: 98, Timestamp: 1745498462
Reason: transform time, Value: 0.00, Counter: 98, Timestamp: 1745498462
Reason: global search time, Value: 860.12, Counter: 98, Timestamp: 1745498463
Reason: process time, Value: 0.00, Counter: 98, Timestamp: 1745498463
Reason: loop time, Value: 861.72, Counter: 98, Timestamp: 1745498463
----------------------------------------
Thread: nice_thread, Loop time exceeded: 832.58 ms
Reason: consumer time, Value: 0.00, Counter: 124, Timestamp: 1745498463
Reason: transform time, Value: 0.00, Counter: 124, Timestamp: 1745498463
Reason: global search time, Value: 830.99, Counter: 124, Timestamp: 1745498464
Reason: process time, Value: 0.00, Counter: 124, Timestamp: 1745498464
Reason: loop time, Value: 832.58, Counter: 124, Timestamp: 1745498464
----------------------------------------
Thread: nice_thread, Loop time exceeded: 847.32 ms
Reason: consumer time, Value: 0.00, Counter: 20, Timestamp: 1745498464
Reason: transform time, Value: 0.00, Counter: 20, Timestamp: 1745498464
Reason: global search time, Value: 845.00, Counter: 20, Timestamp: 1745498464
Reason: process time, Value: 0.00, Counter: 20, Timestamp: 1745498464
Reason: loop time, Value: 847.32, Counter: 20, Timestamp: 1745498464
----------------------------------------
Thread: nice_thread, Loop time exceeded: 828.58 ms
Reason: consumer time, Value: 0.00, Counter: 45, Timestamp: 1745498464
Reason: transform time, Value: 0.00, Counter: 45, Timestamp: 1745498464
Reason: global search time, Value: 826.45, Counter: 45, Timestamp: 1745498465
Reason: process time, Value: 0.00, Counter: 45, Timestamp: 1745498465
Reason: loop time, Value: 828.58, Counter: 45, Timestamp: 1745498465
----------------------------------------
Thread: nice_thread, Loop time exceeded: 788.14 ms
Reason: consumer time, Value: 0.00, Counter: 70, Timestamp: 1745498465
Reason: transform time, Value: 0.00, Counter: 70, Timestamp: 1745498465
Reason: global search time, Value: 786.52, Counter: 70, Timestamp: 1745498466
Reason: process time, Value: 0.00, Counter: 70, Timestamp: 1745498466
Reason: loop time, Value: 788.14, Counter: 70, Timestamp: 1745498466
----------------------------------------
Thread: nice_thread, Loop time exceeded: 845.23 ms
Reason: consumer time, Value: 0.00, Counter: 95, Timestamp: 1745498466
Reason: transform time, Value: 0.00, Counter: 95, Timestamp: 1745498466
Reason: global search time, Value: 843.41, Counter: 95, Timestamp: 1745498467
Reason: process time, Value: 0.00, Counter: 95, Timestamp: 1745498467
Reason: loop time, Value: 845.23, Counter: 95, Timestamp: 1745498467
----------------------------------------
Thread: nice_thread, Loop time exceeded: 833.26 ms
Reason: consumer time, Value: 0.00, Counter: 119, Timestamp: 1745498467
Reason: transform time, Value: 0.00, Counter: 119, Timestamp: 1745498467
Reason: global search time, Value: 830.92, Counter: 119, Timestamp: 1745498468
Reason: process time, Value: 0.00, Counter: 119, Timestamp: 1745498468
Reason: loop time, Value: 833.26, Counter: 119, Timestamp: 1745498468
----------------------------------------
Thread: nice_thread, Loop time exceeded: 836.65 ms
Reason: consumer time, Value: 0.00, Counter: 17, Timestamp: 1745498468
Reason: transform time, Value: 0.00, Counter: 17, Timestamp: 1745498468
Reason: global search time, Value: 834.77, Counter: 17, Timestamp: 1745498469
Reason: process time, Value: 0.00, Counter: 17, Timestamp: 1745498469
Reason: loop time, Value: 836.65, Counter: 17, Timestamp: 1745498469
----------------------------------------
Thread: nice_thread, Loop time exceeded: 840.21 ms
Reason: consumer time, Value: 0.00, Counter: 42, Timestamp: 1745498469
Reason: transform time, Value: 0.00, Counter: 42, Timestamp: 1745498469
Reason: global search time, Value: 837.79, Counter: 42, Timestamp: 1745498469
Reason: process time, Value: 0.00, Counter: 42, Timestamp: 1745498469
Reason: loop time, Value: 840.21, Counter: 42, Timestamp: 1745498469
----------------------------------------
Thread: nice_thread, Loop time exceeded: 831.28 ms
Reason: consumer time, Value: 0.00, Counter: 68, Timestamp: 1745498469
Reason: transform time, Value: 0.00, Counter: 68, Timestamp: 1745498469
Reason: global search time, Value: 829.49, Counter: 68, Timestamp: 1745498470
Reason: process time, Value: 0.00, Counter: 68, Timestamp: 1745498470
Reason: loop time, Value: 831.28, Counter: 68, Timestamp: 1745498470
----------------------------------------
Thread: nice_thread, Loop time exceeded: 811.10 ms
Reason: consumer time, Value: 0.00, Counter: 93, Timestamp: 1745498470
Reason: transform time, Value: 0.00, Counter: 93, Timestamp: 1745498470
Reason: global search time, Value: 809.40, Counter: 93, Timestamp: 1745498471
Reason: process time, Value: 0.00, Counter: 93, Timestamp: 1745498471
Reason: loop time, Value: 811.10, Counter: 93, Timestamp: 1745498471
----------------------------------------
Thread: nice_thread, Loop time exceeded: 829.63 ms
Reason: consumer time, Value: 0.00, Counter: 118, Timestamp: 1745498471
Reason: transform time, Value: 0.00, Counter: 118, Timestamp: 1745498471
Reason: global search time, Value: 826.27, Counter: 118, Timestamp: 1745498472
Reason: process time, Value: 0.00, Counter: 118, Timestamp: 1745498472
Reason: loop time, Value: 829.63, Counter: 118, Timestamp: 1745498472
----------------------------------------
Thread: nice_thread, Loop time exceeded: 831.61 ms
Reason: consumer time, Value: 0.00, Counter: 16, Timestamp: 1745498472
Reason: transform time, Value: 0.00, Counter: 16, Timestamp: 1745498472
Reason: global search time, Value: 829.45, Counter: 16, Timestamp: 1745498473
Reason: process time, Value: 0.00, Counter: 16, Timestamp: 1745498473
Reason: loop time, Value: 831.61, Counter: 16, Timestamp: 1745498473
----------------------------------------
Thread: nice_thread, Loop time exceeded: 884.76 ms
Reason: consumer time, Value: 0.00, Counter: 41, Timestamp: 1745498473
Reason: transform time, Value: 0.00, Counter: 41, Timestamp: 1745498473
Reason: global search time, Value: 883.10, Counter: 41, Timestamp: 1745498474
Reason: process time, Value: 0.00, Counter: 41, Timestamp: 1745498474
Reason: loop time, Value: 884.76, Counter: 41, Timestamp: 1745498474
----------------------------------------
Thread: nice_thread, Loop time exceeded: 838.22 ms
Reason: consumer time, Value: 0.00, Counter: 66, Timestamp: 1745498474
Reason: transform time, Value: 0.00, Counter: 66, Timestamp: 1745498474
Reason: global search time, Value: 835.79, Counter: 66, Timestamp: 1745498474
Reason: process time, Value: 0.00, Counter: 66, Timestamp: 1745498474
Reason: loop time, Value: 838.22, Counter: 66, Timestamp: 1745498474
----------------------------------------
Thread: nice_thread, Loop time exceeded: 837.84 ms
Reason: consumer time, Value: 0.00, Counter: 91, Timestamp: 1745498474
Reason: transform time, Value: 0.00, Counter: 91, Timestamp: 1745498474
Reason: global search time, Value: 835.51, Counter: 91, Timestamp: 1745498475
Reason: process time, Value: 0.00, Counter: 91, Timestamp: 1745498475
Reason: loop time, Value: 837.84, Counter: 91, Timestamp: 1745498475
----------------------------------------
Thread: nice_thread, Loop time exceeded: 784.80 ms
Reason: consumer time, Value: 0.00, Counter: 116, Timestamp: 1745498475
Reason: transform time, Value: 0.00, Counter: 116, Timestamp: 1745498475
Reason: global search time, Value: 783.16, Counter: 116, Timestamp: 1745498476
Reason: process time, Value: 0.00, Counter: 116, Timestamp: 1745498476
Reason: loop time, Value: 784.80, Counter: 116, Timestamp: 1745498476
----------------------------------------
Thread: nice_thread, Loop time exceeded: 818.25 ms
Reason: consumer time, Value: 0.00, Counter: 12, Timestamp: 1745498476
Reason: transform time, Value: 0.01, Counter: 12, Timestamp: 1745498476
Reason: global search time, Value: 811.43, Counter: 12, Timestamp: 1745498477
Reason: process time, Value: 0.00, Counter: 12, Timestamp: 1745498477
Reason: loop time, Value: 818.25, Counter: 12, Timestamp: 1745498477
----------------------------------------
Thread: nice_thread, Loop time exceeded: 832.80 ms
Reason: consumer time, Value: 0.00, Counter: 35, Timestamp: 1745498477
Reason: transform time, Value: 0.00, Counter: 35, Timestamp: 1745498477
Reason: global search time, Value: 830.57, Counter: 35, Timestamp: 1745498478
Reason: process time, Value: 0.00, Counter: 35, Timestamp: 1745498478
Reason: loop time, Value: 832.80, Counter: 35, Timestamp: 1745498478
----------------------------------------
Thread: nice_thread, Loop time exceeded: 869.80 ms
Reason: consumer time, Value: 0.00, Counter: 59, Timestamp: 1745498478
Reason: transform time, Value: 0.01, Counter: 59, Timestamp: 1745498478
Reason: global search time, Value: 864.19, Counter: 59, Timestamp: 1745498479
Reason: process time, Value: 0.00, Counter: 59, Timestamp: 1745498479
Reason: loop time, Value: 869.80, Counter: 59, Timestamp: 1745498479
----------------------------------------
Thread: nice_thread, Loop time exceeded: 822.90 ms
Reason: consumer time, Value: 0.00, Counter: 86, Timestamp: 1745498479
Reason: transform time, Value: 0.00, Counter: 86, Timestamp: 1745498479
Reason: global search time, Value: 821.03, Counter: 86, Timestamp: 1745498479
Reason: process time, Value: 0.00, Counter: 86, Timestamp: 1745498479
Reason: loop time, Value: 822.90, Counter: 86, Timestamp: 1745498479
----------------------------------------
Thread: nice_thread, Loop time exceeded: 825.82 ms
Reason: consumer time, Value: 0.00, Counter: 109, Timestamp: 1745498479
Reason: transform time, Value: 0.00, Counter: 109, Timestamp: 1745498479
Reason: global search time, Value: 823.60, Counter: 109, Timestamp: 1745498480
Reason: process time, Value: 0.00, Counter: 109, Timestamp: 1745498480
Reason: loop time, Value: 825.82, Counter: 109, Timestamp: 1745498480
----------------------------------------
Thread: nice_thread, Loop time exceeded: 784.99 ms
Reason: consumer time, Value: 0.00, Counter: 6, Timestamp: 1745498480
Reason: transform time, Value: 0.00, Counter: 6, Timestamp: 1745498480
Reason: global search time, Value: 782.92, Counter: 6, Timestamp: 1745498481
Reason: process time, Value: 0.00, Counter: 6, Timestamp: 1745498481
Reason: loop time, Value: 784.99, Counter: 6, Timestamp: 1745498481
----------------------------------------
Thread: nice_thread, Loop time exceeded: 808.09 ms
Reason: consumer time, Value: 0.00, Counter: 31, Timestamp: 1745498481
Reason: transform time, Value: 0.00, Counter: 31, Timestamp: 1745498481
Reason: global search time, Value: 806.00, Counter: 31, Timestamp: 1745498482
Reason: process time, Value: 0.00, Counter: 31, Timestamp: 1745498482
Reason: loop time, Value: 808.09, Counter: 31, Timestamp: 1745498482
----------------------------------------
Thread: nice_thread, Loop time exceeded: 852.01 ms
Reason: consumer time, Value: 0.00, Counter: 55, Timestamp: 1745498482
Reason: transform time, Value: 0.00, Counter: 55, Timestamp: 1745498482
Reason: global search time, Value: 849.77, Counter: 55, Timestamp: 1745498483
Reason: process time, Value: 0.00, Counter: 55, Timestamp: 1745498483
Reason: loop time, Value: 852.01, Counter: 55, Timestamp: 1745498483
----------------------------------------
Thread: nice_thread, Loop time exceeded: 832.31 ms
Reason: consumer time, Value: 0.00, Counter: 81, Timestamp: 1745498483
Reason: transform time, Value: 0.00, Counter: 81, Timestamp: 1745498483
Reason: global search time, Value: 830.53, Counter: 81, Timestamp: 1745498483
Reason: process time, Value: 0.00, Counter: 81, Timestamp: 1745498483
Reason: loop time, Value: 832.31, Counter: 81, Timestamp: 1745498483
----------------------------------------
Thread: nice_thread, Loop time exceeded: 857.22 ms
Reason: consumer time, Value: 0.00, Counter: 105, Timestamp: 1745498483
Reason: transform time, Value: 0.00, Counter: 105, Timestamp: 1745498483
Reason: global search time, Value: 854.65, Counter: 105, Timestamp: 1745498484
Reason: process time, Value: 0.00, Counter: 105, Timestamp: 1745498484
Reason: loop time, Value: 857.22, Counter: 105, Timestamp: 1745498484
----------------------------------------
Thread: nice_thread, Loop time exceeded: 769.20 ms
Reason: consumer time, Value: 0.00, Counter: 3, Timestamp: 1745498484
Reason: transform time, Value: 0.00, Counter: 3, Timestamp: 1745498484
Reason: global search time, Value: 766.91, Counter: 3, Timestamp: 1745498485
Reason: process time, Value: 0.00, Counter: 3, Timestamp: 1745498485
Reason: loop time, Value: 769.20, Counter: 3, Timestamp: 1745498485
----------------------------------------
Thread: nice_thread, Loop time exceeded: 842.56 ms
Reason: consumer time, Value: 0.00, Counter: 28, Timestamp: 1745498485
Reason: transform time, Value: 0.00, Counter: 28, Timestamp: 1745498485
Reason: global search time, Value: 840.75, Counter: 28, Timestamp: 1745498486
Reason: process time, Value: 0.00, Counter: 28, Timestamp: 1745498486
Reason: loop time, Value: 842.56, Counter: 28, Timestamp: 1745498486
----------------------------------------
Thread: nice_thread, Loop time exceeded: 827.04 ms
Reason: consumer time, Value: 0.00, Counter: 53, Timestamp: 1745498486
Reason: transform time, Value: 0.00, Counter: 53, Timestamp: 1745498486
Reason: global search time, Value: 825.02, Counter: 53, Timestamp: 1745498487
Reason: process time, Value: 0.00, Counter: 53, Timestamp: 1745498487
Reason: loop time, Value: 827.04, Counter: 53, Timestamp: 1745498487
----------------------------------------
Thread: nice_thread, Loop time exceeded: 826.24 ms
Reason: consumer time, Value: 0.00, Counter: 78, Timestamp: 1745498487
Reason: transform time, Value: 0.00, Counter: 78, Timestamp: 1745498487
Reason: global search time, Value: 824.22, Counter: 78, Timestamp: 1745498488
Reason: process time, Value: 0.00, Counter: 78, Timestamp: 1745498488
Reason: loop time, Value: 826.24, Counter: 78, Timestamp: 1745498488
----------------------------------------
Thread: nice_thread, Loop time exceeded: 863.38 ms
Reason: consumer time, Value: 0.00, Counter: 103, Timestamp: 1745498488
Reason: transform time, Value: 0.00, Counter: 103, Timestamp: 1745498488
Reason: global search time, Value: 858.83, Counter: 103, Timestamp: 1745498488
Reason: process time, Value: 0.00, Counter: 103, Timestamp: 1745498488
Reason: loop time, Value: 863.38, Counter: 103, Timestamp: 1745498488
----------------------------------------
Thread: nice_thread, Loop time exceeded: 820.87 ms
Reason: consumer time, Value: 0.00, Counter: 2, Timestamp: 1745498488
Reason: transform time, Value: 0.00, Counter: 2, Timestamp: 1745498488
Reason: global search time, Value: 818.88, Counter: 2, Timestamp: 1745498489
Reason: process time, Value: 0.00, Counter: 2, Timestamp: 1745498489
Reason: loop time, Value: 820.87, Counter: 2, Timestamp: 1745498489
----------------------------------------
Thread: nice_thread, Loop time exceeded: 758.54 ms
Reason: consumer time, Value: 0.00, Counter: 27, Timestamp: 1745498489
Reason: transform time, Value: 0.01, Counter: 27, Timestamp: 1745498489
Reason: global search time, Value: 753.29, Counter: 27, Timestamp: 1745498490
Reason: process time, Value: 0.00, Counter: 27, Timestamp: 1745498490
Reason: loop time, Value: 758.54, Counter: 27, Timestamp: 1745498490
----------------------------------------
Thread: nice_thread, Loop time exceeded: 844.64 ms
Reason: consumer time, Value: 0.00, Counter: 52, Timestamp: 1745498490
Reason: transform time, Value: 0.00, Counter: 52, Timestamp: 1745498490
Reason: global search time, Value: 839.96, Counter: 52, Timestamp: 1745498491
Reason: process time, Value: 0.00, Counter: 52, Timestamp: 1745498491
Reason: loop time, Value: 844.64, Counter: 52, Timestamp: 1745498491
----------------------------------------
Thread: nice_thread, Loop time exceeded: 801.57 ms
Reason: consumer time, Value: 0.00, Counter: 78, Timestamp: 1745498491
Reason: transform time, Value: 0.00, Counter: 78, Timestamp: 1745498491
Reason: global search time, Value: 799.17, Counter: 78, Timestamp: 1745498492
Reason: process time, Value: 0.00, Counter: 78, Timestamp: 1745498492
Reason: loop time, Value: 801.57, Counter: 78, Timestamp: 1745498492
----------------------------------------
Thread: nice_thread, Loop time exceeded: 840.67 ms
Reason: consumer time, Value: 0.00, Counter: 102, Timestamp: 1745498492
Reason: transform time, Value: 0.01, Counter: 102, Timestamp: 1745498492
Reason: global search time, Value: 835.31, Counter: 102, Timestamp: 1745498493
Reason: process time, Value: 0.00, Counter: 102, Timestamp: 1745498493
Reason: loop time, Value: 840.67, Counter: 102, Timestamp: 1745498493
----------------------------------------
Thread: nice_thread, Loop time exceeded: 859.31 ms
Reason: consumer time, Value: 0.00, Counter: 126, Timestamp: 1745498493
Reason: transform time, Value: 0.01, Counter: 126, Timestamp: 1745498493
Reason: global search time, Value: 853.25, Counter: 126, Timestamp: 1745498493
Reason: process time, Value: 0.00, Counter: 126, Timestamp: 1745498493
Reason: loop time, Value: 859.31, Counter: 126, Timestamp: 1745498493
----------------------------------------
Thread: nice_thread, Loop time exceeded: 849.45 ms
Reason: consumer time, Value: 0.00, Counter: 24, Timestamp: 1745498493
Reason: transform time, Value: 0.00, Counter: 24, Timestamp: 1745498493
Reason: global search time, Value: 844.52, Counter: 24, Timestamp: 1745498494
Reason: process time, Value: 0.00, Counter: 24, Timestamp: 1745498494
Reason: loop time, Value: 849.45, Counter: 24, Timestamp: 1745498494
----------------------------------------
Thread: nice_thread, Loop time exceeded: 782.83 ms
Reason: consumer time, Value: 0.00, Counter: 50, Timestamp: 1745498494
Reason: transform time, Value: 0.00, Counter: 50, Timestamp: 1745498494
Reason: global search time, Value: 780.68, Counter: 50, Timestamp: 1745498495
Reason: process time, Value: 0.00, Counter: 50, Timestamp: 1745498495
Reason: loop time, Value: 782.83, Counter: 50, Timestamp: 1745498495
----------------------------------------
Thread: nice_thread, Loop time exceeded: 825.22 ms
Reason: consumer time, Value: 0.00, Counter: 76, Timestamp: 1745498495
Reason: transform time, Value: 0.00, Counter: 76, Timestamp: 1745498495
Reason: global search time, Value: 823.75, Counter: 76, Timestamp: 1745498496
Reason: process time, Value: 0.00, Counter: 76, Timestamp: 1745498496
Reason: loop time, Value: 825.22, Counter: 76, Timestamp: 1745498496
----------------------------------------
Thread: nice_thread, Loop time exceeded: 832.73 ms
Reason: consumer time, Value: 0.00, Counter: 101, Timestamp: 1745498496
Reason: transform time, Value: 0.00, Counter: 101, Timestamp: 1745498496
Reason: global search time, Value: 828.68, Counter: 101, Timestamp: 1745498497
Reason: process time, Value: 0.00, Counter: 101, Timestamp: 1745498497
Reason: loop time, Value: 832.73, Counter: 101, Timestamp: 1745498497
----------------------------------------
Thread: nice_thread, Loop time exceeded: 804.74 ms
Reason: consumer time, Value: 0.00, Counter: 127, Timestamp: 1745498497
Reason: transform time, Value: 0.00, Counter: 127, Timestamp: 1745498497
Reason: global search time, Value: 799.78, Counter: 127, Timestamp: 1745498497
Reason: process time, Value: 0.00, Counter: 127, Timestamp: 1745498497
Reason: loop time, Value: 804.74, Counter: 127, Timestamp: 1745498497
----------------------------------------
Thread: nice_thread, Loop time exceeded: 792.89 ms
Reason: consumer time, Value: 0.00, Counter: 23, Timestamp: 1745498497
Reason: transform time, Value: 0.01, Counter: 23, Timestamp: 1745498497
Reason: global search time, Value: 787.74, Counter: 23, Timestamp: 1745498498
Reason: process time, Value: 0.00, Counter: 23, Timestamp: 1745498498
Reason: loop time, Value: 792.89, Counter: 23, Timestamp: 1745498498
----------------------------------------
Thread: nice_thread, Loop time exceeded: 781.12 ms
Reason: consumer time, Value: 0.00, Counter: 46, Timestamp: 1745498498
Reason: transform time, Value: 0.00, Counter: 46, Timestamp: 1745498498
Reason: global search time, Value: 778.97, Counter: 46, Timestamp: 1745498499
Reason: process time, Value: 0.00, Counter: 46, Timestamp: 1745498499
Reason: loop time, Value: 781.12, Counter: 46, Timestamp: 1745498499
----------------------------------------
Thread: nice_thread, Loop time exceeded: 843.06 ms
Reason: consumer time, Value: 0.00, Counter: 72, Timestamp: 1745498499
Reason: transform time, Value: 0.01, Counter: 72, Timestamp: 1745498499
Reason: global search time, Value: 836.18, Counter: 72, Timestamp: 1745498500
Reason: process time, Value: 0.00, Counter: 72, Timestamp: 1745498500
Reason: loop time, Value: 843.06, Counter: 72, Timestamp: 1745498500
----------------------------------------
Thread: nice_thread, Loop time exceeded: 843.52 ms
Reason: consumer time, Value: 0.00, Counter: 98, Timestamp: 1745498500
Reason: transform time, Value: 0.01, Counter: 98, Timestamp: 1745498500
Reason: global search time, Value: 837.34, Counter: 98, Timestamp: 1745498501
Reason: process time, Value: 0.00, Counter: 98, Timestamp: 1745498501
Reason: loop time, Value: 843.52, Counter: 98, Timestamp: 1745498501
----------------------------------------
Thread: nice_thread, Loop time exceeded: 827.00 ms
Reason: consumer time, Value: 0.00, Counter: 123, Timestamp: 1745498501
Reason: transform time, Value: 0.00, Counter: 123, Timestamp: 1745498501
Reason: global search time, Value: 824.90, Counter: 123, Timestamp: 1745498502
Reason: process time, Value: 0.00, Counter: 123, Timestamp: 1745498502
Reason: loop time, Value: 827.00, Counter: 123, Timestamp: 1745498502
----------------------------------------
Thread: nice_thread, Loop time exceeded: 809.09 ms
Reason: consumer time, Value: 0.00, Counter: 18, Timestamp: 1745498502
Reason: transform time, Value: 0.01, Counter: 18, Timestamp: 1745498502
Reason: global search time, Value: 803.76, Counter: 18, Timestamp: 1745498502
Reason: process time, Value: 0.00, Counter: 18, Timestamp: 1745498502
Reason: loop time, Value: 809.09, Counter: 18, Timestamp: 1745498502
----------------------------------------
Thread: nice_thread, Loop time exceeded: 574.72 ms
Reason: consumer time, Value: 0.00, Counter: 43, Timestamp: 1745498502
Reason: transform time, Value: 0.00, Counter: 43, Timestamp: 1745498502
Reason: global search time, Value: 572.98, Counter: 43, Timestamp: 1745498503
Reason: process time, Value: 0.00, Counter: 43, Timestamp: 1745498503
Reason: loop time, Value: 574.72, Counter: 43, Timestamp: 1745498503
----------------------------------------
Thread: nice_thread, Loop time exceeded: 570.56 ms
Reason: consumer time, Value: 0.00, Counter: 62, Timestamp: 1745498503
Reason: transform time, Value: 0.00, Counter: 62, Timestamp: 1745498503
Reason: global search time, Value: 569.07, Counter: 62, Timestamp: 1745498504
Reason: process time, Value: 0.00, Counter: 62, Timestamp: 1745498504
Reason: loop time, Value: 570.56, Counter: 62, Timestamp: 1745498504
----------------------------------------
Thread: nice_thread, Loop time exceeded: 526.46 ms
Reason: consumer time, Value: 0.00, Counter: 79, Timestamp: 1745498504
Reason: transform time, Value: 0.00, Counter: 79, Timestamp: 1745498504
Reason: global search time, Value: 525.09, Counter: 79, Timestamp: 1745498504
Reason: process time, Value: 0.00, Counter: 79, Timestamp: 1745498504
Reason: loop time, Value: 526.46, Counter: 79, Timestamp: 1745498504
----------------------------------------
Thread: nice_thread, Loop time exceeded: 547.42 ms
Reason: consumer time, Value: 0.00, Counter: 97, Timestamp: 1745498504
Reason: transform time, Value: 0.00, Counter: 97, Timestamp: 1745498504
Reason: global search time, Value: 545.63, Counter: 97, Timestamp: 1745498505
Reason: process time, Value: 0.00, Counter: 97, Timestamp: 1745498505
Reason: loop time, Value: 547.42, Counter: 97, Timestamp: 1745498505
----------------------------------------
Thread: nice_thread, Loop time exceeded: 591.48 ms
Reason: consumer time, Value: 0.00, Counter: 115, Timestamp: 1745498505
Reason: transform time, Value: 0.00, Counter: 115, Timestamp: 1745498505
Reason: global search time, Value: 587.94, Counter: 115, Timestamp: 1745498505
Reason: process time, Value: 0.00, Counter: 115, Timestamp: 1745498505
Reason: loop time, Value: 591.48, Counter: 115, Timestamp: 1745498505
----------------------------------------
