Core number: 0
Remap: 0.006 ms
Transform color: 2.081 ms
Core number: 0
Remap: 0 ms
Transform color: 5.543 ms
Core number: 0
Remap: 0 ms
Transform color: 4.697 ms
Core number: 0
Remap: 0 ms
Transform color: 1.481 ms
Core number: 0
Remap: 0.001 ms
Transform color: 5.049 ms
Core number: 0
Remap: 0 ms
Transform color: 1.245 ms
Core number: 0
Remap: 0 ms
Transform color: 1.737 ms
Core number: 0
Remap: 0.001 ms
Transform color: 1.851 ms
Core number: 0
Remap: 0.001 ms
Transform color: 1.789 ms
Core number: 0
Remap: 0.001 ms
Transform color: 1.463 ms
Core number: 0
Remap: 0.001 ms
Transform color: 2.177 ms
Core number: 0
Remap: 0.001 ms
Transform color: 1.647 ms
Core number: 0
Remap: 0 ms
Transform color: 6.178 ms
Core number: 0
Remap: 0 ms
Transform color: 4.853 ms
Core number: 0
Remap: 0 ms
Transform color: 1.815 ms
Core number: 0
Remap: 0.001 ms
Transform color: 5.426 ms
Core number: 0
Remap: 0.001 ms
Transform color: 4.896 ms
Core number: 0
Remap: 0.001 ms
Transform color: 2.296 ms
Core number: 0
Remap: 0 ms
Transform color: 5.332 ms
Core number: 0
Remap: 0 ms
Transform color: 1.973 ms
Core number: 0
Remap: 0 ms
Transform color: 2.057 ms
Core number: 0
Remap: 0.001 ms
Transform color: 6.277 ms
Core number: 0
Remap: 0.001 ms
Transform color: 1.714 ms
Core number: 0
Remap: 0.001 ms
Transform color: 1.898 ms
Core number: 0
Remap: 0 ms
Transform color: 1.559 ms
Core number: 0
Remap: 0.001 ms
Transform color: 2.387 ms
Core number: 0
Remap: 0 ms
Transform color: 4.793 ms
Core number: 0
Remap: 0.001 ms
Transform color: 2.269 ms
Core number: 0
Remap: 0 ms
Transform color: 5.934 ms
Core number: 0
Remap: 0.001 ms
Transform color: 1.737 ms
Core number: 0
Remap: 0.001 ms
Transform color: 2.017 ms
Core number: 0
Remap: 0 ms
Transform color: 5.433 ms
Core number: 0
Remap: 0.001 ms
Transform color: 2.071 ms
Core number: 0
Remap: 0.001 ms
Transform color: 1.855 ms
Core number: 0
Remap: 0 ms
Transform color: 1.936 ms
Core number: 0
Remap: 0.001 ms
Transform color: 2.121 ms
Core number: 0
Remap: 0.001 ms
Transform color: 2.177 ms
Core number: 0
Remap: 0.001 ms
Transform color: 1.653 ms
Core number: 0
Remap: 0.001 ms
Transform color: 2.682 ms
Core number: 0
Remap: 0.001 ms
Transform color: 1.986 ms
Core number: 0
Remap: 0.001 ms
Transform color: 2.01 ms
Core number: 0
Remap: 0.001 ms
Transform color: 1.609 ms
Core number: 0
Remap: 0.001 ms
Transform color: 5.248 ms
Core number: 0
Remap: 0 ms
Transform color: 3.838 ms
Core number: 0
Remap: 0.001 ms
Transform color: 2.083 ms
Core number: 0
Remap: 0 ms
Transform color: 1.429 ms
Core number: 0
Remap: 0.001 ms
Transform color: 2.202 ms
Core number: 0
Remap: 0.001 ms
Transform color: 1.93 ms
Core number: 0
Remap: 0.001 ms
Transform color: 1.757 ms
Core number: 0
Remap: 0.001 ms
Transform color: 6.471 ms
Core number: 0
Remap: 0.001 ms
Transform color: 2.154 ms
Core number: 0
Remap: 0 ms
Transform color: 1.976 ms
Core number: 0
Remap: 0 ms
Transform color: 1.524 ms
Core number: 0
Remap: 0.001 ms
Transform color: 2.342 ms
Core number: 0
Remap: 0.001 ms
Transform color: 1.604 ms
Core number: 0
Remap: 0.001 ms
Transform color: 2.018 ms
Core number: 0
Remap: 0.001 ms
Transform color: 1.958 ms
Core number: 0
Remap: 0 ms
Transform color: 5.254 ms
Core number: 0
Remap: 0.001 ms
Transform color: 1.972 ms
Core number: 0
Remap: 0.001 ms
Transform color: 5.236 ms
Core number: 0
Remap: 0.001 ms
Transform color: 1.815 ms
Core number: 0
Remap: 0 ms
Transform color: 4.524 ms
Core number: 0
Remap: 0 ms
Transform color: 1.774 ms
Core number: 0
Remap: 0.001 ms
Transform color: 4.483 ms
Core number: 0
Remap: 0 ms
Transform color: 3.772 ms
Core number: 0
Remap: 0 ms
Transform color: 1.776 ms
Core number: 0
Remap: 0.001 ms
Transform color: 4.78 ms
Core number: 0
Remap: 0.001 ms
Transform color: 2.208 ms
Core number: 0
Remap: 0.002 ms
Transform color: 4.352 ms
Core number: 0
Remap: 0.001 ms
Transform color: 7.989 ms
Core number: 0
Remap: 0 ms
Transform color: 2.224 ms
Core number: 0
Remap: 0.001 ms
Transform color: 4.522 ms
Core number: 0
Remap: 0.001 ms
Transform color: 5.87 ms
Core number: 0
Remap: 0 ms
Transform color: 1.467 ms
Core number: 0
Remap: 0.001 ms
Transform color: 4.694 ms
Core number: 0
Remap: 0.001 ms
Transform color: 2.706 ms
Core number: 0
Remap: 0.001 ms
Transform color: 4.974 ms
Core number: 0
Remap: 0 ms
Transform color: 4.828 ms
Core number: 0
Remap: 0.001 ms
Transform color: 2.288 ms
Core number: 0
Remap: 0.001 ms
Transform color: 2.191 ms
Core number: 0
Remap: 0.001 ms
Transform color: 6.989 ms
Core number: 0
Remap: 0 ms
Transform color: 1.387 ms
Core number: 0
------------
Thread: nice_thread, Loop time exceeded: 666.95 ms
Reason: consumer time, Value: 0.00, Counter: 13, Timestamp: 1745498450
Reason: transform time, Value: 0.00, Counter: 13, Timestamp: 1745498450
Reason: global search time, Value: 664.69, Counter: 13, Timestamp: 1745498451
Reason: process time, Value: 0.00, Counter: 13, Timestamp: 1745498451
Reason: loop time, Value: 666.95, Counter: 13, Timestamp: 1745498451
----------------------------------------
Thread: nice_thread, Loop time exceeded: 753.41 ms
Reason: consumer time, Value: 0.00, Counter: 36, Timestamp: 1745498451
Reason: transform time, Value: 0.00, Counter: 36, Timestamp: 1745498451
Reason: global search time, Value: 751.70, Counter: 36, Timestamp: 1745498452
Reason: process time, Value: 0.00, Counter: 36, Timestamp: 1745498452
Reason: loop time, Value: 753.41, Counter: 36, Timestamp: 1745498452
----------------------------------------
Thread: nice_thread, Loop time exceeded: 769.50 ms
Reason: consumer time, Value: 0.00, Counter: 59, Timestamp: 1745498452
Reason: transform time, Value: 0.01, Counter: 59, Timestamp: 1745498452
Reason: global search time, Value: 763.26, Counter: 59, Timestamp: 1745498453
Reason: process time, Value: 0.00, Counter: 59, Timestamp: 1745498453
Reason: loop time, Value: 769.50, Counter: 59, Timestamp: 1745498453
----------------------------------------
Thread: nice_thread, Loop time exceeded: 759.13 ms
Reason: consumer time, Value: 0.00, Counter: 82, Timestamp: 1745498453
Reason: transform time, Value: 0.00, Counter: 82, Timestamp: 1745498453
Reason: global search time, Value: 754.22, Counter: 82, Timestamp: 1745498453
Reason: process time, Value: 0.01, Counter: 82, Timestamp: 1745498453
Reason: loop time, Value: 759.13, Counter: 82, Timestamp: 1745498453
----------------------------------------
Thread: nice_thread, Loop time exceeded: 695.95 ms
Reason: consumer time, Value: 0.00, Counter: 106, Timestamp: 1745498453
Reason: transform time, Value: 0.00, Counter: 106, Timestamp: 1745498453
Reason: global search time, Value: 694.07, Counter: 106, Timestamp: 1745498454
Reason: process time, Value: 0.00, Counter: 106, Timestamp: 1745498454
Reason: loop time, Value: 695.95, Counter: 106, Timestamp: 1745498454
----------------------------------------
Thread: nice_thread, Loop time exceeded: 737.25 ms
Reason: consumer time, Value: 0.00, Counter: 1, Timestamp: 1745498454
Reason: transform time, Value: 0.01, Counter: 1, Timestamp: 1745498454
Reason: global search time, Value: 731.77, Counter: 1, Timestamp: 1745498455
Reason: process time, Value: 0.00, Counter: 1, Timestamp: 1745498455
Reason: loop time, Value: 737.25, Counter: 1, Timestamp: 1745498455
----------------------------------------
Thread: nice_thread, Loop time exceeded: 733.96 ms
Reason: consumer time, Value: 0.00, Counter: 23, Timestamp: 1745498455
Reason: transform time, Value: 0.00, Counter: 23, Timestamp: 1745498455
Reason: global search time, Value: 728.99, Counter: 23, Timestamp: 1745498456
Reason: process time, Value: 0.00, Counter: 23, Timestamp: 1745498456
Reason: loop time, Value: 733.96, Counter: 23, Timestamp: 1745498456
----------------------------------------
Thread: nice_thread, Loop time exceeded: 751.89 ms
Reason: consumer time, Value: 0.00, Counter: 45, Timestamp: 1745498456
Reason: transform time, Value: 0.00, Counter: 45, Timestamp: 1745498456
Reason: global search time, Value: 749.51, Counter: 45, Timestamp: 1745498456
Reason: process time, Value: 0.00, Counter: 45, Timestamp: 1745498456
Reason: loop time, Value: 751.89, Counter: 45, Timestamp: 1745498456
----------------------------------------
Thread: nice_thread, Loop time exceeded: 691.54 ms
Reason: consumer time, Value: 0.00, Counter: 69, Timestamp: 1745498456
Reason: transform time, Value: 0.01, Counter: 69, Timestamp: 1745498456
Reason: global search time, Value: 686.15, Counter: 69, Timestamp: 1745498457
Reason: process time, Value: 0.00, Counter: 69, Timestamp: 1745498457
Reason: loop time, Value: 691.54, Counter: 69, Timestamp: 1745498457
----------------------------------------
Thread: nice_thread, Loop time exceeded: 759.43 ms
Reason: consumer time, Value: 0.00, Counter: 91, Timestamp: 1745498457
Reason: transform time, Value: 0.00, Counter: 91, Timestamp: 1745498457
Reason: global search time, Value: 757.40, Counter: 91, Timestamp: 1745498458
Reason: process time, Value: 0.00, Counter: 91, Timestamp: 1745498458
Reason: loop time, Value: 759.43, Counter: 91, Timestamp: 1745498458
----------------------------------------
Thread: nice_thread, Loop time exceeded: 746.84 ms
Reason: consumer time, Value: 0.00, Counter: 115, Timestamp: 1745498458
Reason: transform time, Value: 0.00, Counter: 115, Timestamp: 1745498458
Reason: global search time, Value: 744.70, Counter: 115, Timestamp: 1745498458
Reason: process time, Value: 0.00, Counter: 115, Timestamp: 1745498458
Reason: loop time, Value: 746.84, Counter: 115, Timestamp: 1745498458
----------------------------------------
Thread: nice_thread, Loop time exceeded: 752.43 ms
Reason: consumer time, Value: 0.00, Counter: 9, Timestamp: 1745498458
Reason: transform time, Value: 0.01, Counter: 9, Timestamp: 1745498458
Reason: global search time, Value: 746.08, Counter: 9, Timestamp: 1745498459
Reason: process time, Value: 0.00, Counter: 9, Timestamp: 1745498459
Reason: loop time, Value: 752.43, Counter: 9, Timestamp: 1745498459
----------------------------------------
Thread: nice_thread, Loop time exceeded: 720.68 ms
Reason: consumer time, Value: 0.00, Counter: 32, Timestamp: 1745498459
Reason: transform time, Value: 0.00, Counter: 32, Timestamp: 1745498459
Reason: global search time, Value: 718.92, Counter: 32, Timestamp: 1745498460
Reason: process time, Value: 0.00, Counter: 32, Timestamp: 1745498460
Reason: loop time, Value: 720.68, Counter: 32, Timestamp: 1745498460
----------------------------------------
Thread: nice_thread, Loop time exceeded: 761.92 ms
Reason: consumer time, Value: 0.00, Counter: 56, Timestamp: 1745498460
Reason: transform time, Value: 0.00, Counter: 56, Timestamp: 1745498460
Reason: global search time, Value: 759.94, Counter: 56, Timestamp: 1745498461
Reason: process time, Value: 0.00, Counter: 56, Timestamp: 1745498461
Reason: loop time, Value: 761.92, Counter: 56, Timestamp: 1745498461
----------------------------------------
Thread: nice_thread, Loop time exceeded: 741.29 ms
Reason: consumer time, Value: 0.00, Counter: 79, Timestamp: 1745498461
Reason: transform time, Value: 0.00, Counter: 79, Timestamp: 1745498461
Reason: global search time, Value: 739.68, Counter: 79, Timestamp: 1745498461
Reason: process time, Value: 0.00, Counter: 79, Timestamp: 1745498461
Reason: loop time, Value: 741.29, Counter: 79, Timestamp: 1745498461
----------------------------------------
Thread: nice_thread, Loop time exceeded: 735.93 ms
Reason: consumer time, Value: 0.00, Counter: 102, Timestamp: 1745498461
Reason: transform time, Value: 0.00, Counter: 102, Timestamp: 1745498461
Reason: global search time, Value: 733.45, Counter: 102, Timestamp: 1745498462
Reason: process time, Value: 0.00, Counter: 102, Timestamp: 1745498462
Reason: loop time, Value: 735.93, Counter: 102, Timestamp: 1745498462
----------------------------------------
Thread: nice_thread, Loop time exceeded: 681.25 ms
Reason: consumer time, Value: 0.00, Counter: 125, Timestamp: 1745498462
Reason: transform time, Value: 0.00, Counter: 125, Timestamp: 1745498462
Reason: global search time, Value: 676.40, Counter: 125, Timestamp: 1745498463
Reason: process time, Value: 0.00, Counter: 125, Timestamp: 1745498463
Reason: loop time, Value: 681.25, Counter: 125, Timestamp: 1745498463
----------------------------------------
Thread: nice_thread, Loop time exceeded: 746.71 ms
Reason: consumer time, Value: 0.00, Counter: 19, Timestamp: 1745498463
Reason: transform time, Value: 0.00, Counter: 19, Timestamp: 1745498463
Reason: global search time, Value: 744.36, Counter: 19, Timestamp: 1745498464
Reason: process time, Value: 0.00, Counter: 19, Timestamp: 1745498464
Reason: loop time, Value: 746.71, Counter: 19, Timestamp: 1745498464
----------------------------------------
Thread: nice_thread, Loop time exceeded: 752.28 ms
Reason: consumer time, Value: 0.00, Counter: 41, Timestamp: 1745498464
Reason: transform time, Value: 0.01, Counter: 41, Timestamp: 1745498464
Reason: global search time, Value: 746.27, Counter: 41, Timestamp: 1745498464
Reason: process time, Value: 0.00, Counter: 41, Timestamp: 1745498464
Reason: loop time, Value: 752.28, Counter: 41, Timestamp: 1745498464
----------------------------------------
Thread: nice_thread, Loop time exceeded: 692.40 ms
Reason: consumer time, Value: 0.00, Counter: 64, Timestamp: 1745498464
Reason: transform time, Value: 0.00, Counter: 64, Timestamp: 1745498464
Reason: global search time, Value: 690.58, Counter: 64, Timestamp: 1745498465
Reason: process time, Value: 0.00, Counter: 64, Timestamp: 1745498465
Reason: loop time, Value: 692.40, Counter: 64, Timestamp: 1745498465
----------------------------------------
Thread: nice_thread, Loop time exceeded: 725.30 ms
Reason: consumer time, Value: 0.00, Counter: 87, Timestamp: 1745498465
Reason: transform time, Value: 0.00, Counter: 87, Timestamp: 1745498465
Reason: global search time, Value: 723.21, Counter: 87, Timestamp: 1745498466
Reason: process time, Value: 0.00, Counter: 87, Timestamp: 1745498466
Reason: loop time, Value: 725.30, Counter: 87, Timestamp: 1745498466
----------------------------------------
Thread: nice_thread, Loop time exceeded: 744.86 ms
Reason: consumer time, Value: 0.00, Counter: 109, Timestamp: 1745498466
Reason: transform time, Value: 0.01, Counter: 109, Timestamp: 1745498466
Reason: global search time, Value: 739.35, Counter: 109, Timestamp: 1745498467
Reason: process time, Value: 0.00, Counter: 109, Timestamp: 1745498467
Reason: loop time, Value: 744.86, Counter: 109, Timestamp: 1745498467
----------------------------------------
Thread: nice_thread, Loop time exceeded: 728.72 ms
Reason: consumer time, Value: 0.00, Counter: 3, Timestamp: 1745498467
Reason: transform time, Value: 0.00, Counter: 3, Timestamp: 1745498467
Reason: global search time, Value: 726.57, Counter: 3, Timestamp: 1745498467
Reason: process time, Value: 0.00, Counter: 3, Timestamp: 1745498467
Reason: loop time, Value: 728.72, Counter: 3, Timestamp: 1745498467
----------------------------------------
Thread: nice_thread, Loop time exceeded: 693.18 ms
Reason: consumer time, Value: 0.00, Counter: 26, Timestamp: 1745498467
Reason: transform time, Value: 0.00, Counter: 26, Timestamp: 1745498467
Reason: global search time, Value: 691.25, Counter: 26, Timestamp: 1745498468
Reason: process time, Value: 0.00, Counter: 26, Timestamp: 1745498468
Reason: loop time, Value: 693.18, Counter: 26, Timestamp: 1745498468
----------------------------------------
Thread: nice_thread, Loop time exceeded: 771.24 ms
Reason: consumer time, Value: 0.00, Counter: 50, Timestamp: 1745498468
Reason: transform time, Value: 0.00, Counter: 50, Timestamp: 1745498468
Reason: global search time, Value: 769.25, Counter: 50, Timestamp: 1745498469
Reason: process time, Value: 0.00, Counter: 50, Timestamp: 1745498469
Reason: loop time, Value: 771.24, Counter: 50, Timestamp: 1745498469
----------------------------------------
Thread: nice_thread, Loop time exceeded: 723.96 ms
Reason: consumer time, Value: 0.00, Counter: 74, Timestamp: 1745498469
Reason: transform time, Value: 0.00, Counter: 74, Timestamp: 1745498469
Reason: global search time, Value: 721.76, Counter: 74, Timestamp: 1745498469
Reason: process time, Value: 0.00, Counter: 74, Timestamp: 1745498469
Reason: loop time, Value: 723.96, Counter: 74, Timestamp: 1745498469
----------------------------------------
Thread: nice_thread, Loop time exceeded: 738.88 ms
Reason: consumer time, Value: 0.00, Counter: 96, Timestamp: 1745498469
Reason: transform time, Value: 0.00, Counter: 96, Timestamp: 1745498469
Reason: global search time, Value: 736.62, Counter: 96, Timestamp: 1745498470
Reason: process time, Value: 0.00, Counter: 96, Timestamp: 1745498470
Reason: loop time, Value: 738.88, Counter: 96, Timestamp: 1745498470
----------------------------------------
Thread: nice_thread, Loop time exceeded: 692.02 ms
Reason: consumer time, Value: 0.00, Counter: 118, Timestamp: 1745498470
Reason: transform time, Value: 0.00, Counter: 118, Timestamp: 1745498470
Reason: global search time, Value: 690.31, Counter: 118, Timestamp: 1745498471
Reason: process time, Value: 0.00, Counter: 118, Timestamp: 1745498471
Reason: loop time, Value: 692.02, Counter: 118, Timestamp: 1745498471
----------------------------------------
Thread: nice_thread, Loop time exceeded: 755.36 ms
Reason: consumer time, Value: 0.00, Counter: 13, Timestamp: 1745498471
Reason: transform time, Value: 0.00, Counter: 13, Timestamp: 1745498471
Reason: global search time, Value: 752.58, Counter: 13, Timestamp: 1745498472
Reason: process time, Value: 0.00, Counter: 13, Timestamp: 1745498472
Reason: loop time, Value: 755.36, Counter: 13, Timestamp: 1745498472
----------------------------------------
Thread: nice_thread, Loop time exceeded: 746.87 ms
Reason: consumer time, Value: 0.00, Counter: 36, Timestamp: 1745498472
Reason: transform time, Value: 0.00, Counter: 36, Timestamp: 1745498472
Reason: global search time, Value: 744.80, Counter: 36, Timestamp: 1745498472
Reason: process time, Value: 0.00, Counter: 36, Timestamp: 1745498472
Reason: loop time, Value: 746.87, Counter: 36, Timestamp: 1745498472
----------------------------------------
Thread: nice_thread, Loop time exceeded: 687.85 ms
Reason: consumer time, Value: 0.00, Counter: 59, Timestamp: 1745498472
Reason: transform time, Value: 0.00, Counter: 59, Timestamp: 1745498472
Reason: global search time, Value: 685.78, Counter: 59, Timestamp: 1745498473
Reason: process time, Value: 0.00, Counter: 59, Timestamp: 1745498473
Reason: loop time, Value: 687.85, Counter: 59, Timestamp: 1745498473
----------------------------------------
Thread: nice_thread, Loop time exceeded: 749.02 ms
Reason: consumer time, Value: 0.00, Counter: 82, Timestamp: 1745498473
Reason: transform time, Value: 0.00, Counter: 82, Timestamp: 1745498473
Reason: global search time, Value: 747.35, Counter: 82, Timestamp: 1745498474
Reason: process time, Value: 0.00, Counter: 82, Timestamp: 1745498474
Reason: loop time, Value: 749.02, Counter: 82, Timestamp: 1745498474
----------------------------------------
Thread: nice_thread, Loop time exceeded: 780.68 ms
Reason: consumer time, Value: 0.00, Counter: 105, Timestamp: 1745498474
Reason: transform time, Value: 0.01, Counter: 105, Timestamp: 1745498474
Reason: global search time, Value: 775.38, Counter: 105, Timestamp: 1745498475
Reason: process time, Value: 0.00, Counter: 105, Timestamp: 1745498475
Reason: loop time, Value: 780.68, Counter: 105, Timestamp: 1745498475
----------------------------------------
Thread: nice_thread, Loop time exceeded: 757.51 ms
Reason: consumer time, Value: 0.00, Counter: 2, Timestamp: 1745498475
Reason: transform time, Value: 0.00, Counter: 2, Timestamp: 1745498475
Reason: global search time, Value: 753.62, Counter: 2, Timestamp: 1745498475
Reason: process time, Value: 0.00, Counter: 2, Timestamp: 1745498475
Reason: loop time, Value: 757.51, Counter: 2, Timestamp: 1745498475
----------------------------------------
Thread: nice_thread, Loop time exceeded: 682.51 ms
Reason: consumer time, Value: 0.00, Counter: 25, Timestamp: 1745498475
Reason: transform time, Value: 0.00, Counter: 25, Timestamp: 1745498475
Reason: global search time, Value: 680.39, Counter: 25, Timestamp: 1745498476
Reason: process time, Value: 0.00, Counter: 25, Timestamp: 1745498476
Reason: loop time, Value: 682.51, Counter: 25, Timestamp: 1745498476
----------------------------------------
Thread: nice_thread, Loop time exceeded: 724.29 ms
Reason: consumer time, Value: 0.00, Counter: 48, Timestamp: 1745498476
Reason: transform time, Value: 0.00, Counter: 48, Timestamp: 1745498476
Reason: global search time, Value: 722.81, Counter: 48, Timestamp: 1745498477
Reason: process time, Value: 0.00, Counter: 48, Timestamp: 1745498477
Reason: loop time, Value: 724.29, Counter: 48, Timestamp: 1745498477
----------------------------------------
Thread: nice_thread, Loop time exceeded: 748.65 ms
Reason: consumer time, Value: 0.00, Counter: 69, Timestamp: 1745498477
Reason: transform time, Value: 0.00, Counter: 69, Timestamp: 1745498477
Reason: global search time, Value: 746.36, Counter: 69, Timestamp: 1745498477
Reason: process time, Value: 0.00, Counter: 69, Timestamp: 1745498477
Reason: loop time, Value: 748.65, Counter: 69, Timestamp: 1745498477
----------------------------------------
Thread: nice_thread, Loop time exceeded: 736.88 ms
Reason: consumer time, Value: 0.00, Counter: 92, Timestamp: 1745498477
Reason: transform time, Value: 0.00, Counter: 92, Timestamp: 1745498477
Reason: global search time, Value: 734.89, Counter: 92, Timestamp: 1745498478
Reason: process time, Value: 0.00, Counter: 92, Timestamp: 1745498478
Reason: loop time, Value: 736.88, Counter: 92, Timestamp: 1745498478
----------------------------------------
Thread: nice_thread, Loop time exceeded: 685.60 ms
Reason: consumer time, Value: 0.00, Counter: 115, Timestamp: 1745498478
Reason: transform time, Value: 0.00, Counter: 115, Timestamp: 1745498478
Reason: global search time, Value: 683.78, Counter: 115, Timestamp: 1745498479
Reason: process time, Value: 0.00, Counter: 115, Timestamp: 1745498479
Reason: loop time, Value: 685.60, Counter: 115, Timestamp: 1745498479
----------------------------------------
Thread: nice_thread, Loop time exceeded: 732.26 ms
Reason: consumer time, Value: 0.00, Counter: 10, Timestamp: 1745498479
Reason: transform time, Value: 0.01, Counter: 10, Timestamp: 1745498479
Reason: global search time, Value: 725.73, Counter: 10, Timestamp: 1745498480
Reason: process time, Value: 0.00, Counter: 10, Timestamp: 1745498480
Reason: loop time, Value: 732.26, Counter: 10, Timestamp: 1745498480
----------------------------------------
Thread: nice_thread, Loop time exceeded: 728.07 ms
Reason: consumer time, Value: 0.00, Counter: 33, Timestamp: 1745498480
Reason: transform time, Value: 0.00, Counter: 33, Timestamp: 1745498480
Reason: global search time, Value: 725.83, Counter: 33, Timestamp: 1745498480
Reason: process time, Value: 0.00, Counter: 33, Timestamp: 1745498480
Reason: loop time, Value: 728.07, Counter: 33, Timestamp: 1745498480
----------------------------------------
Thread: nice_thread, Loop time exceeded: 682.20 ms
Reason: consumer time, Value: 0.00, Counter: 55, Timestamp: 1745498480
Reason: transform time, Value: 0.00, Counter: 55, Timestamp: 1745498480
Reason: global search time, Value: 680.15, Counter: 55, Timestamp: 1745498481
Reason: process time, Value: 0.00, Counter: 55, Timestamp: 1745498481
Reason: loop time, Value: 682.20, Counter: 55, Timestamp: 1745498481
----------------------------------------
Thread: nice_thread, Loop time exceeded: 737.30 ms
Reason: consumer time, Value: 0.00, Counter: 78, Timestamp: 1745498481
Reason: transform time, Value: 0.00, Counter: 78, Timestamp: 1745498481
Reason: global search time, Value: 735.72, Counter: 78, Timestamp: 1745498482
Reason: process time, Value: 0.00, Counter: 78, Timestamp: 1745498482
Reason: loop time, Value: 737.30, Counter: 78, Timestamp: 1745498482
----------------------------------------
Thread: nice_thread, Loop time exceeded: 755.41 ms
Reason: consumer time, Value: 0.00, Counter: 100, Timestamp: 1745498482
Reason: transform time, Value: 0.00, Counter: 100, Timestamp: 1745498482
Reason: global search time, Value: 752.98, Counter: 100, Timestamp: 1745498483
Reason: process time, Value: 0.00, Counter: 100, Timestamp: 1745498483
Reason: loop time, Value: 755.41, Counter: 100, Timestamp: 1745498483
----------------------------------------
Thread: nice_thread, Loop time exceeded: 733.77 ms
Reason: consumer time, Value: 0.00, Counter: 124, Timestamp: 1745498483
Reason: transform time, Value: 0.00, Counter: 124, Timestamp: 1745498483
Reason: global search time, Value: 732.11, Counter: 124, Timestamp: 1745498483
Reason: process time, Value: 0.00, Counter: 124, Timestamp: 1745498483
Reason: loop time, Value: 733.77, Counter: 124, Timestamp: 1745498483
----------------------------------------
Thread: nice_thread, Loop time exceeded: 690.68 ms
Reason: consumer time, Value: 0.00, Counter: 19, Timestamp: 1745498483
Reason: transform time, Value: 0.00, Counter: 19, Timestamp: 1745498483
Reason: global search time, Value: 688.62, Counter: 19, Timestamp: 1745498484
Reason: process time, Value: 0.00, Counter: 19, Timestamp: 1745498484
Reason: loop time, Value: 690.68, Counter: 19, Timestamp: 1745498484
----------------------------------------
Thread: nice_thread, Loop time exceeded: 757.04 ms
Reason: consumer time, Value: 0.00, Counter: 42, Timestamp: 1745498484
Reason: transform time, Value: 0.00, Counter: 42, Timestamp: 1745498484
Reason: global search time, Value: 755.03, Counter: 42, Timestamp: 1745498485
Reason: process time, Value: 0.00, Counter: 42, Timestamp: 1745498485
Reason: loop time, Value: 757.04, Counter: 42, Timestamp: 1745498485
----------------------------------------
Thread: nice_thread, Loop time exceeded: 773.06 ms
Reason: consumer time, Value: 0.00, Counter: 66, Timestamp: 1745498485
Reason: transform time, Value: 0.01, Counter: 66, Timestamp: 1745498485
Reason: global search time, Value: 767.74, Counter: 66, Timestamp: 1745498486
Reason: process time, Value: 0.00, Counter: 66, Timestamp: 1745498486
Reason: loop time, Value: 773.06, Counter: 66, Timestamp: 1745498486
----------------------------------------
Thread: nice_thread, Loop time exceeded: 750.19 ms
Reason: consumer time, Value: 0.00, Counter: 90, Timestamp: 1745498486
Reason: transform time, Value: 0.00, Counter: 90, Timestamp: 1745498486
Reason: global search time, Value: 748.16, Counter: 90, Timestamp: 1745498486
Reason: process time, Value: 0.00, Counter: 90, Timestamp: 1745498486
Reason: loop time, Value: 750.19, Counter: 90, Timestamp: 1745498486
----------------------------------------
Thread: nice_thread, Loop time exceeded: 700.44 ms
Reason: consumer time, Value: 0.00, Counter: 114, Timestamp: 1745498486
Reason: transform time, Value: 0.01, Counter: 114, Timestamp: 1745498486
Reason: global search time, Value: 695.13, Counter: 114, Timestamp: 1745498487
Reason: process time, Value: 0.00, Counter: 114, Timestamp: 1745498487
Reason: loop time, Value: 700.44, Counter: 114, Timestamp: 1745498487
----------------------------------------
Thread: nice_thread, Loop time exceeded: 751.62 ms
Reason: consumer time, Value: 0.00, Counter: 9, Timestamp: 1745498487
Reason: transform time, Value: 0.00, Counter: 9, Timestamp: 1745498487
Reason: global search time, Value: 749.76, Counter: 9, Timestamp: 1745498488
Reason: process time, Value: 0.00, Counter: 9, Timestamp: 1745498488
Reason: loop time, Value: 751.62, Counter: 9, Timestamp: 1745498488
----------------------------------------
Thread: nice_thread, Loop time exceeded: 751.85 ms
Reason: consumer time, Value: 0.00, Counter: 33, Timestamp: 1745498488
Reason: transform time, Value: 0.00, Counter: 33, Timestamp: 1745498488
Reason: global search time, Value: 747.26, Counter: 33, Timestamp: 1745498488
Reason: process time, Value: 0.00, Counter: 33, Timestamp: 1745498488
Reason: loop time, Value: 751.85, Counter: 33, Timestamp: 1745498488
----------------------------------------
Thread: nice_thread, Loop time exceeded: 751.20 ms
Reason: consumer time, Value: 0.00, Counter: 57, Timestamp: 1745498488
Reason: transform time, Value: 0.00, Counter: 57, Timestamp: 1745498488
Reason: global search time, Value: 749.37, Counter: 57, Timestamp: 1745498489
Reason: process time, Value: 0.00, Counter: 57, Timestamp: 1745498489
Reason: loop time, Value: 751.20, Counter: 57, Timestamp: 1745498489
----------------------------------------
Thread: nice_thread, Loop time exceeded: 696.95 ms
Reason: consumer time, Value: 0.00, Counter: 80, Timestamp: 1745498489
Reason: transform time, Value: 0.00, Counter: 80, Timestamp: 1745498489
Reason: global search time, Value: 692.43, Counter: 80, Timestamp: 1745498490
Reason: process time, Value: 0.00, Counter: 80, Timestamp: 1745498490
Reason: loop time, Value: 696.95, Counter: 80, Timestamp: 1745498490
----------------------------------------
Thread: nice_thread, Loop time exceeded: 758.59 ms
Reason: consumer time, Value: 0.00, Counter: 105, Timestamp: 1745498490
Reason: transform time, Value: 0.00, Counter: 105, Timestamp: 1745498490
Reason: global search time, Value: 754.77, Counter: 105, Timestamp: 1745498491
Reason: process time, Value: 0.00, Counter: 105, Timestamp: 1745498491
Reason: loop time, Value: 758.59, Counter: 105, Timestamp: 1745498491
----------------------------------------
Thread: nice_thread, Loop time exceeded: 746.85 ms
Reason: consumer time, Value: 0.00, Counter: 1, Timestamp: 1745498491
Reason: transform time, Value: 0.00, Counter: 1, Timestamp: 1745498491
Reason: global search time, Value: 745.04, Counter: 1, Timestamp: 1745498491
Reason: process time, Value: 0.00, Counter: 1, Timestamp: 1745498491
Reason: loop time, Value: 746.85, Counter: 1, Timestamp: 1745498491
----------------------------------------
Thread: nice_thread, Loop time exceeded: 752.94 ms
Reason: consumer time, Value: 0.00, Counter: 24, Timestamp: 1745498491
Reason: transform time, Value: 0.00, Counter: 24, Timestamp: 1745498491
Reason: global search time, Value: 748.11, Counter: 24, Timestamp: 1745498492
Reason: process time, Value: 0.00, Counter: 24, Timestamp: 1745498492
Reason: loop time, Value: 752.94, Counter: 24, Timestamp: 1745498492
----------------------------------------
Thread: nice_thread, Loop time exceeded: 697.37 ms
Reason: consumer time, Value: 0.00, Counter: 47, Timestamp: 1745498492
Reason: transform time, Value: 0.00, Counter: 47, Timestamp: 1745498492
Reason: global search time, Value: 695.09, Counter: 47, Timestamp: 1745498493
Reason: process time, Value: 0.00, Counter: 47, Timestamp: 1745498493
Reason: loop time, Value: 697.37, Counter: 47, Timestamp: 1745498493
----------------------------------------
Thread: nice_thread, Loop time exceeded: 749.07 ms
Reason: consumer time, Value: 0.00, Counter: 70, Timestamp: 1745498493
Reason: transform time, Value: 0.00, Counter: 70, Timestamp: 1745498493
Reason: global search time, Value: 744.68, Counter: 70, Timestamp: 1745498494
Reason: process time, Value: 0.00, Counter: 70, Timestamp: 1745498494
Reason: loop time, Value: 749.07, Counter: 70, Timestamp: 1745498494
----------------------------------------
Thread: nice_thread, Loop time exceeded: 759.88 ms
Reason: consumer time, Value: 0.00, Counter: 93, Timestamp: 1745498494
Reason: transform time, Value: 0.01, Counter: 93, Timestamp: 1745498494
Reason: global search time, Value: 751.82, Counter: 93, Timestamp: 1745498494
Reason: process time, Value: 0.00, Counter: 93, Timestamp: 1745498494
Reason: loop time, Value: 759.88, Counter: 93, Timestamp: 1745498494
----------------------------------------
Thread: nice_thread, Loop time exceeded: 709.99 ms
Reason: consumer time, Value: 0.00, Counter: 116, Timestamp: 1745498494
Reason: transform time, Value: 0.00, Counter: 116, Timestamp: 1745498494
Reason: global search time, Value: 707.70, Counter: 116, Timestamp: 1745498495
Reason: process time, Value: 0.00, Counter: 116, Timestamp: 1745498495
Reason: loop time, Value: 709.99, Counter: 116, Timestamp: 1745498495
----------------------------------------
Thread: nice_thread, Loop time exceeded: 737.47 ms
Reason: consumer time, Value: 0.00, Counter: 13, Timestamp: 1745498495
Reason: transform time, Value: 0.00, Counter: 13, Timestamp: 1745498495
Reason: global search time, Value: 732.90, Counter: 13, Timestamp: 1745498496
Reason: process time, Value: 0.00, Counter: 13, Timestamp: 1745498496
Reason: loop time, Value: 737.47, Counter: 13, Timestamp: 1745498496
----------------------------------------
Thread: nice_thread, Loop time exceeded: 772.50 ms
Reason: consumer time, Value: 0.00, Counter: 36, Timestamp: 1745498496
Reason: transform time, Value: 0.01, Counter: 36, Timestamp: 1745498496
Reason: global search time, Value: 766.56, Counter: 36, Timestamp: 1745498497
Reason: process time, Value: 0.00, Counter: 36, Timestamp: 1745498497
Reason: loop time, Value: 772.50, Counter: 36, Timestamp: 1745498497
----------------------------------------
Thread: nice_thread, Loop time exceeded: 762.77 ms
Reason: consumer time, Value: 0.00, Counter: 60, Timestamp: 1745498497
Reason: transform time, Value: 0.00, Counter: 60, Timestamp: 1745498497
Reason: global search time, Value: 761.27, Counter: 60, Timestamp: 1745498497
Reason: process time, Value: 0.00, Counter: 60, Timestamp: 1745498497
Reason: loop time, Value: 762.77, Counter: 60, Timestamp: 1745498497
----------------------------------------
Thread: nice_thread, Loop time exceeded: 706.79 ms
Reason: consumer time, Value: 0.00, Counter: 83, Timestamp: 1745498497
Reason: transform time, Value: 0.00, Counter: 83, Timestamp: 1745498497
Reason: global search time, Value: 702.05, Counter: 83, Timestamp: 1745498498
Reason: process time, Value: 0.00, Counter: 83, Timestamp: 1745498498
Reason: loop time, Value: 706.79, Counter: 83, Timestamp: 1745498498
----------------------------------------
Thread: nice_thread, Loop time exceeded: 740.54 ms
Reason: consumer time, Value: 0.00, Counter: 106, Timestamp: 1745498498
Reason: transform time, Value: 0.00, Counter: 106, Timestamp: 1745498498
Reason: global search time, Value: 737.76, Counter: 106, Timestamp: 1745498499
Reason: process time, Value: 0.00, Counter: 106, Timestamp: 1745498499
Reason: loop time, Value: 740.54, Counter: 106, Timestamp: 1745498499
----------------------------------------
Thread: nice_thread, Loop time exceeded: 749.00 ms
Reason: consumer time, Value: 0.00, Counter: 1, Timestamp: 1745498499
Reason: transform time, Value: 0.00, Counter: 1, Timestamp: 1745498499
Reason: global search time, Value: 743.98, Counter: 1, Timestamp: 1745498500
Reason: process time, Value: 0.00, Counter: 1, Timestamp: 1745498500
Reason: loop time, Value: 749.00, Counter: 1, Timestamp: 1745498500
----------------------------------------
Thread: nice_thread, Loop time exceeded: 752.49 ms
Reason: consumer time, Value: 0.00, Counter: 24, Timestamp: 1745498500
Reason: transform time, Value: 0.00, Counter: 24, Timestamp: 1745498500
Reason: global search time, Value: 747.57, Counter: 24, Timestamp: 1745498500
Reason: process time, Value: 0.00, Counter: 24, Timestamp: 1745498500
Reason: loop time, Value: 752.49, Counter: 24, Timestamp: 1745498500
----------------------------------------
Thread: nice_thread, Loop time exceeded: 706.66 ms
Reason: consumer time, Value: 0.00, Counter: 47, Timestamp: 1745498500
Reason: transform time, Value: 0.00, Counter: 47, Timestamp: 1745498500
Reason: global search time, Value: 704.29, Counter: 47, Timestamp: 1745498501
Reason: process time, Value: 0.00, Counter: 47, Timestamp: 1745498501
Reason: loop time, Value: 706.66, Counter: 47, Timestamp: 1745498501
----------------------------------------
Thread: nice_thread, Loop time exceeded: 777.51 ms
Reason: consumer time, Value: 0.00, Counter: 71, Timestamp: 1745498501
Reason: transform time, Value: 0.00, Counter: 71, Timestamp: 1745498501
Reason: global search time, Value: 775.27, Counter: 71, Timestamp: 1745498502
Reason: process time, Value: 0.00, Counter: 71, Timestamp: 1745498502
Reason: loop time, Value: 777.51, Counter: 71, Timestamp: 1745498502
----------------------------------------
Thread: nice_thread, Loop time exceeded: 781.52 ms
Reason: consumer time, Value: 0.00, Counter: 94, Timestamp: 1745498502
Reason: transform time, Value: 0.01, Counter: 94, Timestamp: 1745498502
Reason: global search time, Value: 774.47, Counter: 94, Timestamp: 1745498503
Reason: process time, Value: 0.00, Counter: 94, Timestamp: 1745498503
Reason: loop time, Value: 781.52, Counter: 94, Timestamp: 1745498503
----------------------------------------
Thread: nice_thread, Loop time exceeded: 713.98 ms
Reason: consumer time, Value: 0.00, Counter: 119, Timestamp: 1745498503
Reason: transform time, Value: 0.00, Counter: 119, Timestamp: 1745498503
Reason: global search time, Value: 712.57, Counter: 119, Timestamp: 1745498503
Reason: process time, Value: 0.00, Counter: 119, Timestamp: 1745498503
Reason: loop time, Value: 713.98, Counter: 119, Timestamp: 1745498503
----------------------------------------
