Core number: 2
Remap: 0.003 ms
Transform color: 2.24 ms
Core number: 2
Remap: 0 ms
Transform color: 5.993 ms
Core number: 2
Remap: 0.001 ms
Transform color: 1.629 ms
Core number: 2
Remap: 0.001 ms
Transform color: 1.129 ms
Core number: 2
Remap: 0.001 ms
Transform color: 2.102 ms
Core number: 2
Remap: 0 ms
Transform color: 1.108 ms
Core number: 2
Remap: 0 ms
Transform color: 1.476 ms
Core number: 2
Remap: 0.001 ms
Transform color: 1.71 ms
Core number: 2
Remap: 0 ms
Transform color: 1.367 ms
Core number: 2
Remap: 0.001 ms
Transform color: 5.247 ms
Core number: 2
Remap: 0.001 ms
Transform color: 1.487 ms
Core number: 2
Remap: 0 ms
Transform color: 1.489 ms
Core number: 2
Remap: 0 ms
Transform color: 5.988 ms
Core number: 2
Remap: 0 ms
Transform color: 2.721 ms
Core number: 2
Remap: 0.001 ms
Transform color: 1.826 ms
Core number: 2
Remap: 0.001 ms
Transform color: 6.285 ms
Core number: 2
Remap: 0 ms
Transform color: 4.282 ms
Core number: 2
Remap: 0 ms
Transform color: 1.658 ms
Core number: 2
Remap: 0.001 ms
Transform color: 8.606 ms
Core number: 2
Remap: 0.001 ms
Transform color: 2.177 ms
Core number: 2
Remap: 0.001 ms
Transform color: 1.899 ms
Core number: 2
Remap: 0 ms
Transform color: 1.796 ms
Core number: 2
Remap: 0.001 ms
Transform color: 1.931 ms
Core number: 2
Remap: 0.001 ms
Transform color: 2.462 ms
Core number: 2
Remap: 0.001 ms
Transform color: 5.466 ms
Core number: 2
Remap: 0.001 ms
Transform color: 1.983 ms
Core number: 2
Remap: 0.001 ms
Transform color: 2.108 ms
Core number: 2
Remap: 0 ms
Transform color: 1.784 ms
Core number: 2
Remap: 0.001 ms
Transform color: 1.912 ms
Core number: 2
Remap: 0.001 ms
Transform color: 7.31 ms
Core number: 2
Remap: 0.001 ms
Transform color: 6.053 ms
Core number: 2
Remap: 0.001 ms
Transform color: 2.763 ms
Core number: 2
Remap: 0.001 ms
Transform color: 2.958 ms
Core number: 2
Remap: 0.001 ms
Transform color: 2.276 ms
Core number: 2
Remap: 0.001 ms
Transform color: 1.993 ms
Core number: 2
Remap: 0.001 ms
Transform color: 5.798 ms
Core number: 2
Remap: 0.001 ms
Transform color: 1.919 ms
Core number: 2
Remap: 0 ms
Transform color: 4.608 ms
Core number: 2
Remap: 0.001 ms
Transform color: 4.432 ms
Core number: 2
Remap: 0.001 ms
Transform color: 6.678 ms
Core number: 2
Remap: 0.001 ms
Transform color: 2.096 ms
Core number: 2
Remap: 0.001 ms
Transform color: 6.044 ms
Core number: 2
Remap: 0.001 ms
Transform color: 4.787 ms
Core number: 2
Remap: 0 ms
Transform color: 9.922 ms
Core number: 2
Remap: 0 ms
Transform color: 1.833 ms
Core number: 2
Remap: 0 ms
Transform color: 1.685 ms
Core number: 2
Remap: 0.001 ms
Transform color: 4.286 ms
Core number: 2
Remap: 0.001 ms
Transform color: 1.764 ms
Core number: 2
Remap: 0.001 ms
Transform color: 2.253 ms
Core number: 2
Remap: 0 ms
Transform color: 1.899 ms
Core number: 2
Remap: 0.001 ms
Transform color: 1.867 ms
Core number: 2
Remap: 0.001 ms
Transform color: 1.617 ms
Core number: 2
Remap: 0 ms
Transform color: 1.665 ms
Core number: 2
Remap: 0 ms
Transform color: 5.656 ms
Core number: 2
Remap: 0 ms
Transform color: 1.889 ms
Core number: 2
Remap: 0.001 ms
Transform color: 1.835 ms
Core number: 2
Remap: 0.001 ms
Transform color: 2.107 ms
Core number: 2
Remap: 0.001 ms
Transform color: 1.591 ms
Core number: 2
Remap: 0.001 ms
Transform color: 1.799 ms
Core number: 2
Remap: 0 ms
Transform color: 1.687 ms
Core number: 2
Remap: 0.001 ms
Transform color: 2.207 ms
Core number: 2
Remap: 0.001 ms
Transform color: 1.98 ms
Core number: 2
Remap: 0 ms
Transform color: 4.027 ms
Core number: 2
Remap: 0 ms
Transform color: 1.474 ms
Core number: 2
Remap: 0.001 ms
Transform color: 3.862 ms
Core number: 2
Remap: 0.001 ms
Transform color: 7.212 ms
Core number: 2
Remap: 0 ms
Transform color: 5.16 ms
Core number: 2
Remap: 0 ms
Transform color: 5.275 ms
Core number: 2
Remap: 0.001 ms
Transform color: 5.978 ms
Core number: 2
Remap: 0.001 ms
Transform color: 4.02 ms
Core number: 2
Remap: 0 ms
Transform color: 3.847 ms
Core number: 2
Remap: 0.001 ms
Transform color: 4.593 ms
Core number: 2
Remap: 0.001 ms
Transform color: 8.075 ms
Core number: 2
Remap: 0.001 ms
Transform color: 5.768 ms
Core number: 2
Remap: 0.001 ms
Transform color: 1.908 ms
Core number: 2
Remap: 0.001 ms
Transform color: 2.329 ms
Core number: 2
Remap: 0.001 ms
Transform color: 1.973 ms
Core number: 2
Remap: 0 ms
Transform color: 1.322 ms
Core number: 2
Remap: 0.001 ms
Transform color: 5.752 ms
Core number: 2
Remap: 0.001 ms
Transform color: 5.8 ms
Core number: 2
Remap: 0.001 ms
Transform color: 2.005 ms
Core number: 2
Remap: 0 ms
Transform color: 4.384 ms
Core number: 2
Remap: 0.001 ms
Transform color: 6.693 ms
Core number: 2

Reason: consumer time, Value: 0.00, Counter: 17, Timestamp: 1745498450
Reason: transform time, Value: 0.00, Counter: 17, Timestamp: 1745498450
Reason: global search time, Value: 667.61, Counter: 17, Timestamp: 1745498451
Reason: process time, Value: 0.00, Counter: 17, Timestamp: 1745498451
Reason: loop time, Value: 669.15, Counter: 17, Timestamp: 1745498451
----------------------------------------
Thread: nice_thread, Loop time exceeded: 761.73 ms
Reason: consumer time, Value: 0.00, Counter: 40, Timestamp: 1745498451
Reason: transform time, Value: 0.00, Counter: 40, Timestamp: 1745498451
Reason: global search time, Value: 760.19, Counter: 40, Timestamp: 1745498452
Reason: process time, Value: 0.00, Counter: 40, Timestamp: 1745498452
Reason: loop time, Value: 761.73, Counter: 40, Timestamp: 1745498452
----------------------------------------
Thread: nice_thread, Loop time exceeded: 757.70 ms
Reason: consumer time, Value: 0.00, Counter: 63, Timestamp: 1745498452
Reason: transform time, Value: 0.01, Counter: 63, Timestamp: 1745498452
Reason: global search time, Value: 751.66, Counter: 63, Timestamp: 1745498453
Reason: process time, Value: 0.00, Counter: 63, Timestamp: 1745498453
Reason: loop time, Value: 757.70, Counter: 63, Timestamp: 1745498453
----------------------------------------
Thread: nice_thread, Loop time exceeded: 732.46 ms
Reason: consumer time, Value: 0.00, Counter: 86, Timestamp: 1745498453
Reason: transform time, Value: 0.00, Counter: 86, Timestamp: 1745498453
Reason: global search time, Value: 729.69, Counter: 86, Timestamp: 1745498453
Reason: process time, Value: 0.00, Counter: 86, Timestamp: 1745498453
Reason: loop time, Value: 732.46, Counter: 86, Timestamp: 1745498453
----------------------------------------
Thread: nice_thread, Loop time exceeded: 653.11 ms
Reason: consumer time, Value: 0.00, Counter: 109, Timestamp: 1745498453
Reason: transform time, Value: 0.00, Counter: 109, Timestamp: 1745498453
Reason: global search time, Value: 651.22, Counter: 109, Timestamp: 1745498454
Reason: process time, Value: 0.00, Counter: 109, Timestamp: 1745498454
Reason: loop time, Value: 653.11, Counter: 109, Timestamp: 1745498454
----------------------------------------
Thread: nice_thread, Loop time exceeded: 715.87 ms
Reason: consumer time, Value: 0.00, Counter: 3, Timestamp: 1745498454
Reason: transform time, Value: 0.01, Counter: 3, Timestamp: 1745498454
Reason: global search time, Value: 709.53, Counter: 3, Timestamp: 1745498455
Reason: process time, Value: 0.00, Counter: 3, Timestamp: 1745498455
Reason: loop time, Value: 715.87, Counter: 3, Timestamp: 1745498455
----------------------------------------
Thread: nice_thread, Loop time exceeded: 721.06 ms
Reason: consumer time, Value: 0.00, Counter: 25, Timestamp: 1745498455
Reason: transform time, Value: 0.00, Counter: 25, Timestamp: 1745498455
Reason: global search time, Value: 716.73, Counter: 25, Timestamp: 1745498455
Reason: process time, Value: 0.00, Counter: 25, Timestamp: 1745498455
Reason: loop time, Value: 721.06, Counter: 25, Timestamp: 1745498455
----------------------------------------
Thread: nice_thread, Loop time exceeded: 691.08 ms
Reason: consumer time, Value: 0.00, Counter: 47, Timestamp: 1745498455
Reason: transform time, Value: 0.00, Counter: 47, Timestamp: 1745498455
Reason: global search time, Value: 689.37, Counter: 47, Timestamp: 1745498456
Reason: process time, Value: 0.00, Counter: 47, Timestamp: 1745498456
Reason: loop time, Value: 691.08, Counter: 47, Timestamp: 1745498456
----------------------------------------
Thread: nice_thread, Loop time exceeded: 776.69 ms
Reason: consumer time, Value: 0.00, Counter: 69, Timestamp: 1745498456
Reason: transform time, Value: 0.01, Counter: 69, Timestamp: 1745498456
Reason: global search time, Value: 768.03, Counter: 69, Timestamp: 1745498457
Reason: process time, Value: 0.00, Counter: 69, Timestamp: 1745498457
Reason: loop time, Value: 776.69, Counter: 69, Timestamp: 1745498457
----------------------------------------
Thread: nice_thread, Loop time exceeded: 742.90 ms
Reason: consumer time, Value: 0.00, Counter: 93, Timestamp: 1745498457
Reason: transform time, Value: 0.00, Counter: 93, Timestamp: 1745498457
Reason: global search time, Value: 740.65, Counter: 93, Timestamp: 1745498458
Reason: process time, Value: 0.00, Counter: 93, Timestamp: 1745498458
Reason: loop time, Value: 742.90, Counter: 93, Timestamp: 1745498458
----------------------------------------
Thread: nice_thread, Loop time exceeded: 728.65 ms
Reason: consumer time, Value: 0.00, Counter: 116, Timestamp: 1745498458
Reason: transform time, Value: 0.00, Counter: 116, Timestamp: 1745498458
Reason: global search time, Value: 726.69, Counter: 116, Timestamp: 1745498458
Reason: process time, Value: 0.00, Counter: 116, Timestamp: 1745498458
Reason: loop time, Value: 728.65, Counter: 116, Timestamp: 1745498458
----------------------------------------
Thread: nice_thread, Loop time exceeded: 673.82 ms
Reason: consumer time, Value: 0.00, Counter: 10, Timestamp: 1745498458
Reason: transform time, Value: 0.00, Counter: 10, Timestamp: 1745498458
Reason: global search time, Value: 671.95, Counter: 10, Timestamp: 1745498459
Reason: process time, Value: 0.00, Counter: 10, Timestamp: 1745498459
Reason: loop time, Value: 673.82, Counter: 10, Timestamp: 1745498459
----------------------------------------
Thread: nice_thread, Loop time exceeded: 729.44 ms
Reason: consumer time, Value: 0.00, Counter: 32, Timestamp: 1745498459
Reason: transform time, Value: 0.00, Counter: 32, Timestamp: 1745498459
Reason: global search time, Value: 727.45, Counter: 32, Timestamp: 1745498460
Reason: process time, Value: 0.00, Counter: 32, Timestamp: 1745498460
Reason: loop time, Value: 729.44, Counter: 32, Timestamp: 1745498460
----------------------------------------
Thread: nice_thread, Loop time exceeded: 727.59 ms
Reason: consumer time, Value: 0.00, Counter: 55, Timestamp: 1745498460
Reason: transform time, Value: 0.00, Counter: 55, Timestamp: 1745498460
Reason: global search time, Value: 725.07, Counter: 55, Timestamp: 1745498460
Reason: process time, Value: 0.00, Counter: 55, Timestamp: 1745498460
Reason: loop time, Value: 727.59, Counter: 55, Timestamp: 1745498460
----------------------------------------
Thread: nice_thread, Loop time exceeded: 732.64 ms
Reason: consumer time, Value: 0.00, Counter: 78, Timestamp: 1745498460
Reason: transform time, Value: 0.01, Counter: 78, Timestamp: 1745498460
Reason: global search time, Value: 727.09, Counter: 78, Timestamp: 1745498461
Reason: process time, Value: 0.00, Counter: 78, Timestamp: 1745498461
Reason: loop time, Value: 732.64, Counter: 78, Timestamp: 1745498461
----------------------------------------
Thread: nice_thread, Loop time exceeded: 692.65 ms
Reason: consumer time, Value: 0.00, Counter: 101, Timestamp: 1745498461
Reason: transform time, Value: 0.00, Counter: 101, Timestamp: 1745498461
Reason: global search time, Value: 690.60, Counter: 101, Timestamp: 1745498462
Reason: process time, Value: 0.00, Counter: 101, Timestamp: 1745498462
Reason: loop time, Value: 692.65, Counter: 101, Timestamp: 1745498462
----------------------------------------
Thread: nice_thread, Loop time exceeded: 761.37 ms
Reason: consumer time, Value: 0.00, Counter: 124, Timestamp: 1745498462
Reason: transform time, Value: 0.00, Counter: 124, Timestamp: 1745498462
Reason: global search time, Value: 759.21, Counter: 124, Timestamp: 1745498463
Reason: process time, Value: 0.00, Counter: 124, Timestamp: 1745498463
Reason: loop time, Value: 761.37, Counter: 124, Timestamp: 1745498463
----------------------------------------
Thread: nice_thread, Loop time exceeded: 724.93 ms
Reason: consumer time, Value: 0.00, Counter: 20, Timestamp: 1745498463
Reason: transform time, Value: 0.00, Counter: 20, Timestamp: 1745498463
Reason: global search time, Value: 723.09, Counter: 20, Timestamp: 1745498463
Reason: process time, Value: 0.00, Counter: 20, Timestamp: 1745498463
Reason: loop time, Value: 724.93, Counter: 20, Timestamp: 1745498463
----------------------------------------
Thread: nice_thread, Loop time exceeded: 686.26 ms
Reason: consumer time, Value: 0.00, Counter: 42, Timestamp: 1745498463
Reason: transform time, Value: 0.00, Counter: 42, Timestamp: 1745498463
Reason: global search time, Value: 684.30, Counter: 42, Timestamp: 1745498464
Reason: process time, Value: 0.00, Counter: 42, Timestamp: 1745498464
Reason: loop time, Value: 686.26, Counter: 42, Timestamp: 1745498464
----------------------------------------
Thread: nice_thread, Loop time exceeded: 713.41 ms
Reason: consumer time, Value: 0.00, Counter: 64, Timestamp: 1745498464
Reason: transform time, Value: 0.01, Counter: 64, Timestamp: 1745498464
Reason: global search time, Value: 706.06, Counter: 64, Timestamp: 1745498465
Reason: process time, Value: 0.00, Counter: 64, Timestamp: 1745498465
Reason: loop time, Value: 713.41, Counter: 64, Timestamp: 1745498465
----------------------------------------
Thread: nice_thread, Loop time exceeded: 730.93 ms
Reason: consumer time, Value: 0.00, Counter: 86, Timestamp: 1745498465
Reason: transform time, Value: 0.01, Counter: 86, Timestamp: 1745498465
Reason: global search time, Value: 724.84, Counter: 86, Timestamp: 1745498466
Reason: process time, Value: 0.00, Counter: 86, Timestamp: 1745498466
Reason: loop time, Value: 730.93, Counter: 86, Timestamp: 1745498466
----------------------------------------
Thread: nice_thread, Loop time exceeded: 723.70 ms
Reason: consumer time, Value: 0.00, Counter: 108, Timestamp: 1745498466
Reason: transform time, Value: 0.00, Counter: 108, Timestamp: 1745498466
Reason: global search time, Value: 720.86, Counter: 108, Timestamp: 1745498466
Reason: process time, Value: 0.00, Counter: 108, Timestamp: 1745498466
Reason: loop time, Value: 723.70, Counter: 108, Timestamp: 1745498466
----------------------------------------
Thread: nice_thread, Loop time exceeded: 686.30 ms
Reason: consumer time, Value: 0.00, Counter: 3, Timestamp: 1745498466
Reason: transform time, Value: 0.00, Counter: 3, Timestamp: 1745498466
Reason: global search time, Value: 683.30, Counter: 3, Timestamp: 1745498467
Reason: process time, Value: 0.00, Counter: 3, Timestamp: 1745498467
Reason: loop time, Value: 686.30, Counter: 3, Timestamp: 1745498467
----------------------------------------
Thread: nice_thread, Loop time exceeded: 738.65 ms
Reason: consumer time, Value: 0.00, Counter: 26, Timestamp: 1745498467
Reason: transform time, Value: 0.00, Counter: 26, Timestamp: 1745498467
Reason: global search time, Value: 736.34, Counter: 26, Timestamp: 1745498468
Reason: process time, Value: 0.00, Counter: 26, Timestamp: 1745498468
Reason: loop time, Value: 738.65, Counter: 26, Timestamp: 1745498468
----------------------------------------
Thread: nice_thread, Loop time exceeded: 747.31 ms
Reason: consumer time, Value: 0.00, Counter: 49, Timestamp: 1745498468
Reason: transform time, Value: 0.00, Counter: 49, Timestamp: 1745498468
Reason: global search time, Value: 745.26, Counter: 49, Timestamp: 1745498468
Reason: process time, Value: 0.00, Counter: 49, Timestamp: 1745498468
Reason: loop time, Value: 747.31, Counter: 49, Timestamp: 1745498468
----------------------------------------
Thread: nice_thread, Loop time exceeded: 661.83 ms
Reason: consumer time, Value: 0.00, Counter: 72, Timestamp: 1745498468
Reason: transform time, Value: 0.01, Counter: 72, Timestamp: 1745498468
Reason: global search time, Value: 655.99, Counter: 72, Timestamp: 1745498469
Reason: process time, Value: 0.00, Counter: 72, Timestamp: 1745498469
Reason: loop time, Value: 661.83, Counter: 72, Timestamp: 1745498469
----------------------------------------
Thread: nice_thread, Loop time exceeded: 705.93 ms
Reason: consumer time, Value: 0.00, Counter: 95, Timestamp: 1745498469
Reason: transform time, Value: 0.00, Counter: 95, Timestamp: 1745498469
Reason: global search time, Value: 703.97, Counter: 95, Timestamp: 1745498470
Reason: process time, Value: 0.00, Counter: 95, Timestamp: 1745498470
Reason: loop time, Value: 705.93, Counter: 95, Timestamp: 1745498470
----------------------------------------
Thread: nice_thread, Loop time exceeded: 733.40 ms
Reason: consumer time, Value: 0.00, Counter: 116, Timestamp: 1745498470
Reason: transform time, Value: 0.00, Counter: 116, Timestamp: 1745498470
Reason: global search time, Value: 728.73, Counter: 116, Timestamp: 1745498471
Reason: process time, Value: 0.00, Counter: 116, Timestamp: 1745498471
Reason: loop time, Value: 733.40, Counter: 116, Timestamp: 1745498471
----------------------------------------
Thread: nice_thread, Loop time exceeded: 735.62 ms
Reason: consumer time, Value: 0.00, Counter: 10, Timestamp: 1745498471
Reason: transform time, Value: 0.00, Counter: 10, Timestamp: 1745498471
Reason: global search time, Value: 731.14, Counter: 10, Timestamp: 1745498471
Reason: process time, Value: 0.00, Counter: 10, Timestamp: 1745498471
Reason: loop time, Value: 735.62, Counter: 10, Timestamp: 1745498471
----------------------------------------
Thread: nice_thread, Loop time exceeded: 702.30 ms
Reason: consumer time, Value: 0.00, Counter: 33, Timestamp: 1745498471
Reason: transform time, Value: 0.01, Counter: 33, Timestamp: 1745498471
Reason: global search time, Value: 695.55, Counter: 33, Timestamp: 1745498472
Reason: process time, Value: 0.00, Counter: 33, Timestamp: 1745498472
Reason: loop time, Value: 702.30, Counter: 33, Timestamp: 1745498472
----------------------------------------
Thread: nice_thread, Loop time exceeded: 718.14 ms
Reason: consumer time, Value: 0.00, Counter: 57, Timestamp: 1745498472
Reason: transform time, Value: 0.00, Counter: 57, Timestamp: 1745498472
Reason: global search time, Value: 715.98, Counter: 57, Timestamp: 1745498473
Reason: process time, Value: 0.00, Counter: 57, Timestamp: 1745498473
Reason: loop time, Value: 718.14, Counter: 57, Timestamp: 1745498473
----------------------------------------
Thread: nice_thread, Loop time exceeded: 742.83 ms
Reason: consumer time, Value: 0.00, Counter: 79, Timestamp: 1745498473
Reason: transform time, Value: 0.01, Counter: 79, Timestamp: 1745498473
Reason: global search time, Value: 736.68, Counter: 79, Timestamp: 1745498473
Reason: process time, Value: 0.00, Counter: 79, Timestamp: 1745498473
Reason: loop time, Value: 742.83, Counter: 79, Timestamp: 1745498473
----------------------------------------
Thread: nice_thread, Loop time exceeded: 671.02 ms
Reason: consumer time, Value: 0.00, Counter: 102, Timestamp: 1745498473
Reason: transform time, Value: 0.00, Counter: 102, Timestamp: 1745498473
Reason: global search time, Value: 666.20, Counter: 102, Timestamp: 1745498474
Reason: process time, Value: 0.00, Counter: 102, Timestamp: 1745498474
Reason: loop time, Value: 671.02, Counter: 102, Timestamp: 1745498474
----------------------------------------
Thread: nice_thread, Loop time exceeded: 720.25 ms
Reason: consumer time, Value: 0.00, Counter: 125, Timestamp: 1745498474
Reason: transform time, Value: 0.01, Counter: 125, Timestamp: 1745498474
Reason: global search time, Value: 710.26, Counter: 125, Timestamp: 1745498475
Reason: process time, Value: 0.00, Counter: 125, Timestamp: 1745498475
Reason: loop time, Value: 720.25, Counter: 125, Timestamp: 1745498475
----------------------------------------
Thread: nice_thread, Loop time exceeded: 715.13 ms
Reason: consumer time, Value: 0.00, Counter: 20, Timestamp: 1745498475
Reason: transform time, Value: 0.00, Counter: 20, Timestamp: 1745498475
Reason: global search time, Value: 713.24, Counter: 20, Timestamp: 1745498476
Reason: process time, Value: 0.00, Counter: 20, Timestamp: 1745498476
Reason: loop time, Value: 715.13, Counter: 20, Timestamp: 1745498476
----------------------------------------
Thread: nice_thread, Loop time exceeded: 716.06 ms
Reason: consumer time, Value: 0.00, Counter: 42, Timestamp: 1745498476
Reason: transform time, Value: 0.00, Counter: 42, Timestamp: 1745498476
Reason: global search time, Value: 714.34, Counter: 42, Timestamp: 1745498476
Reason: process time, Value: 0.00, Counter: 42, Timestamp: 1745498476
Reason: loop time, Value: 716.06, Counter: 42, Timestamp: 1745498476
----------------------------------------
Thread: nice_thread, Loop time exceeded: 687.03 ms
Reason: consumer time, Value: 0.00, Counter: 64, Timestamp: 1745498476
Reason: transform time, Value: 0.00, Counter: 64, Timestamp: 1745498476
Reason: global search time, Value: 682.71, Counter: 64, Timestamp: 1745498477
Reason: process time, Value: 0.00, Counter: 64, Timestamp: 1745498477
Reason: loop time, Value: 687.03, Counter: 64, Timestamp: 1745498477
----------------------------------------
Thread: nice_thread, Loop time exceeded: 737.74 ms
Reason: consumer time, Value: 0.00, Counter: 87, Timestamp: 1745498477
Reason: transform time, Value: 0.00, Counter: 87, Timestamp: 1745498477
Reason: global search time, Value: 735.91, Counter: 87, Timestamp: 1745498478
Reason: process time, Value: 0.00, Counter: 87, Timestamp: 1745498478
Reason: loop time, Value: 737.74, Counter: 87, Timestamp: 1745498478
----------------------------------------
Thread: nice_thread, Loop time exceeded: 747.23 ms
Reason: consumer time, Value: 0.00, Counter: 109, Timestamp: 1745498478
Reason: transform time, Value: 0.00, Counter: 109, Timestamp: 1745498478
Reason: global search time, Value: 744.93, Counter: 109, Timestamp: 1745498478
Reason: process time, Value: 0.00, Counter: 109, Timestamp: 1745498478
Reason: loop time, Value: 747.23, Counter: 109, Timestamp: 1745498478
----------------------------------------
Thread: nice_thread, Loop time exceeded: 661.86 ms
Reason: consumer time, Value: 0.00, Counter: 5, Timestamp: 1745498478
Reason: transform time, Value: 0.00, Counter: 5, Timestamp: 1745498478
Reason: global search time, Value: 659.92, Counter: 5, Timestamp: 1745498479
Reason: process time, Value: 0.00, Counter: 5, Timestamp: 1745498479
Reason: loop time, Value: 661.86, Counter: 5, Timestamp: 1745498479
----------------------------------------
Thread: nice_thread, Loop time exceeded: 706.55 ms
Reason: consumer time, Value: 0.00, Counter: 27, Timestamp: 1745498479
Reason: transform time, Value: 0.00, Counter: 27, Timestamp: 1745498479
Reason: global search time, Value: 704.61, Counter: 27, Timestamp: 1745498480
Reason: process time, Value: 0.00, Counter: 27, Timestamp: 1745498480
Reason: loop time, Value: 706.55, Counter: 27, Timestamp: 1745498480
----------------------------------------
Thread: nice_thread, Loop time exceeded: 711.27 ms
Reason: consumer time, Value: 0.00, Counter: 49, Timestamp: 1745498480
Reason: transform time, Value: 0.00, Counter: 49, Timestamp: 1745498480
Reason: global search time, Value: 709.60, Counter: 49, Timestamp: 1745498480
Reason: process time, Value: 0.00, Counter: 49, Timestamp: 1745498480
Reason: loop time, Value: 711.27, Counter: 49, Timestamp: 1745498480
----------------------------------------
Thread: nice_thread, Loop time exceeded: 726.97 ms
Reason: consumer time, Value: 0.00, Counter: 71, Timestamp: 1745498480
Reason: transform time, Value: 0.00, Counter: 71, Timestamp: 1745498480
Reason: global search time, Value: 725.27, Counter: 71, Timestamp: 1745498481
Reason: process time, Value: 0.00, Counter: 71, Timestamp: 1745498481
Reason: loop time, Value: 726.97, Counter: 71, Timestamp: 1745498481
----------------------------------------
Thread: nice_thread, Loop time exceeded: 686.54 ms
Reason: consumer time, Value: 0.00, Counter: 94, Timestamp: 1745498481
Reason: transform time, Value: 0.01, Counter: 94, Timestamp: 1745498481
Reason: global search time, Value: 680.84, Counter: 94, Timestamp: 1745498482
Reason: process time, Value: 0.00, Counter: 94, Timestamp: 1745498482
Reason: loop time, Value: 686.54, Counter: 94, Timestamp: 1745498482
----------------------------------------
Thread: nice_thread, Loop time exceeded: 724.60 ms
Reason: consumer time, Value: 0.00, Counter: 117, Timestamp: 1745498482
Reason: transform time, Value: 0.00, Counter: 117, Timestamp: 1745498482
Reason: global search time, Value: 722.65, Counter: 117, Timestamp: 1745498483
Reason: process time, Value: 0.00, Counter: 117, Timestamp: 1745498483
Reason: loop time, Value: 724.60, Counter: 117, Timestamp: 1745498483
----------------------------------------
Thread: nice_thread, Loop time exceeded: 726.32 ms
Reason: consumer time, Value: 0.00, Counter: 11, Timestamp: 1745498483
Reason: transform time, Value: 0.00, Counter: 11, Timestamp: 1745498483
Reason: global search time, Value: 724.44, Counter: 11, Timestamp: 1745498483
Reason: process time, Value: 0.00, Counter: 11, Timestamp: 1745498483
Reason: loop time, Value: 726.32, Counter: 11, Timestamp: 1745498483
----------------------------------------
Thread: nice_thread, Loop time exceeded: 669.95 ms
Reason: consumer time, Value: 0.00, Counter: 34, Timestamp: 1745498483
Reason: transform time, Value: 0.00, Counter: 34, Timestamp: 1745498483
Reason: global search time, Value: 667.76, Counter: 34, Timestamp: 1745498484
Reason: process time, Value: 0.00, Counter: 34, Timestamp: 1745498484
Reason: loop time, Value: 669.95, Counter: 34, Timestamp: 1745498484
----------------------------------------
Thread: nice_thread, Loop time exceeded: 716.03 ms
Reason: consumer time, Value: 0.00, Counter: 57, Timestamp: 1745498484
Reason: transform time, Value: 0.00, Counter: 57, Timestamp: 1745498484
Reason: global search time, Value: 714.41, Counter: 57, Timestamp: 1745498485
Reason: process time, Value: 0.00, Counter: 57, Timestamp: 1745498485
Reason: loop time, Value: 716.03, Counter: 57, Timestamp: 1745498485
----------------------------------------
Thread: nice_thread, Loop time exceeded: 731.85 ms
Reason: consumer time, Value: 0.00, Counter: 80, Timestamp: 1745498485
Reason: transform time, Value: 0.00, Counter: 80, Timestamp: 1745498485
Reason: global search time, Value: 730.01, Counter: 80, Timestamp: 1745498485
Reason: process time, Value: 0.00, Counter: 80, Timestamp: 1745498485
Reason: loop time, Value: 731.85, Counter: 80, Timestamp: 1745498485
----------------------------------------
Thread: nice_thread, Loop time exceeded: 724.46 ms
Reason: consumer time, Value: 0.00, Counter: 102, Timestamp: 1745498485
Reason: transform time, Value: 0.00, Counter: 102, Timestamp: 1745498485
Reason: global search time, Value: 722.74, Counter: 102, Timestamp: 1745498486
Reason: process time, Value: 0.00, Counter: 102, Timestamp: 1745498486
Reason: loop time, Value: 724.46, Counter: 102, Timestamp: 1745498486
----------------------------------------
Thread: nice_thread, Loop time exceeded: 677.09 ms
Reason: consumer time, Value: 0.00, Counter: 125, Timestamp: 1745498486
Reason: transform time, Value: 0.00, Counter: 125, Timestamp: 1745498486
Reason: global search time, Value: 674.84, Counter: 125, Timestamp: 1745498487
Reason: process time, Value: 0.00, Counter: 125, Timestamp: 1745498487
Reason: loop time, Value: 677.09, Counter: 125, Timestamp: 1745498487
----------------------------------------
Thread: nice_thread, Loop time exceeded: 719.53 ms
Reason: consumer time, Value: 0.00, Counter: 20, Timestamp: 1745498487
Reason: transform time, Value: 0.00, Counter: 20, Timestamp: 1745498487
Reason: global search time, Value: 717.48, Counter: 20, Timestamp: 1745498488
Reason: process time, Value: 0.00, Counter: 20, Timestamp: 1745498488
Reason: loop time, Value: 719.53, Counter: 20, Timestamp: 1745498488
----------------------------------------
Thread: nice_thread, Loop time exceeded: 753.27 ms
Reason: consumer time, Value: 0.00, Counter: 42, Timestamp: 1745498488
Reason: transform time, Value: 0.00, Counter: 42, Timestamp: 1745498488
Reason: global search time, Value: 749.21, Counter: 42, Timestamp: 1745498488
Reason: process time, Value: 0.00, Counter: 42, Timestamp: 1745498488
Reason: loop time, Value: 753.27, Counter: 42, Timestamp: 1745498488
----------------------------------------
Thread: nice_thread, Loop time exceeded: 669.91 ms
Reason: consumer time, Value: 0.00, Counter: 67, Timestamp: 1745498488
Reason: transform time, Value: 0.00, Counter: 67, Timestamp: 1745498488
Reason: global search time, Value: 668.40, Counter: 67, Timestamp: 1745498489
Reason: process time, Value: 0.00, Counter: 67, Timestamp: 1745498489
Reason: loop time, Value: 669.91, Counter: 67, Timestamp: 1745498489
----------------------------------------
Thread: nice_thread, Loop time exceeded: 707.09 ms
Reason: consumer time, Value: 0.00, Counter: 89, Timestamp: 1745498489
Reason: transform time, Value: 0.00, Counter: 89, Timestamp: 1745498489
Reason: global search time, Value: 703.16, Counter: 89, Timestamp: 1745498490
Reason: process time, Value: 0.00, Counter: 89, Timestamp: 1745498490
Reason: loop time, Value: 707.09, Counter: 89, Timestamp: 1745498490
----------------------------------------
Thread: nice_thread, Loop time exceeded: 718.58 ms
Reason: consumer time, Value: 0.00, Counter: 111, Timestamp: 1745498490
Reason: transform time, Value: 0.01, Counter: 111, Timestamp: 1745498490
Reason: global search time, Value: 711.30, Counter: 111, Timestamp: 1745498490
Reason: process time, Value: 0.00, Counter: 111, Timestamp: 1745498490
Reason: loop time, Value: 718.58, Counter: 111, Timestamp: 1745498490
----------------------------------------
Thread: nice_thread, Loop time exceeded: 722.27 ms
Reason: consumer time, Value: 0.00, Counter: 6, Timestamp: 1745498490
Reason: transform time, Value: 0.01, Counter: 6, Timestamp: 1745498490
Reason: global search time, Value: 717.03, Counter: 6, Timestamp: 1745498491
Reason: process time, Value: 0.00, Counter: 6, Timestamp: 1745498491
Reason: loop time, Value: 722.27, Counter: 6, Timestamp: 1745498491
----------------------------------------
Thread: nice_thread, Loop time exceeded: 653.41 ms
Reason: consumer time, Value: 0.00, Counter: 29, Timestamp: 1745498491
Reason: transform time, Value: 0.01, Counter: 29, Timestamp: 1745498491
Reason: global search time, Value: 648.07, Counter: 29, Timestamp: 1745498492
Reason: process time, Value: 0.00, Counter: 29, Timestamp: 1745498492
Reason: loop time, Value: 653.41, Counter: 29, Timestamp: 1745498492
----------------------------------------
Thread: nice_thread, Loop time exceeded: 741.48 ms
Reason: consumer time, Value: 0.00, Counter: 51, Timestamp: 1745498492
Reason: transform time, Value: 0.01, Counter: 51, Timestamp: 1745498492
Reason: global search time, Value: 735.42, Counter: 51, Timestamp: 1745498493
Reason: process time, Value: 0.00, Counter: 51, Timestamp: 1745498493
Reason: loop time, Value: 741.48, Counter: 51, Timestamp: 1745498493
----------------------------------------
Thread: nice_thread, Loop time exceeded: 742.45 ms
Reason: consumer time, Value: 0.00, Counter: 74, Timestamp: 1745498493
Reason: transform time, Value: 0.00, Counter: 74, Timestamp: 1745498493
Reason: global search time, Value: 738.38, Counter: 74, Timestamp: 1745498493
Reason: process time, Value: 0.00, Counter: 74, Timestamp: 1745498493
Reason: loop time, Value: 742.45, Counter: 74, Timestamp: 1745498493
----------------------------------------
Thread: nice_thread, Loop time exceeded: 673.36 ms
Reason: consumer time, Value: 0.00, Counter: 97, Timestamp: 1745498493
Reason: transform time, Value: 0.00, Counter: 97, Timestamp: 1745498493
Reason: global search time, Value: 669.47, Counter: 97, Timestamp: 1745498494
Reason: process time, Value: 0.00, Counter: 97, Timestamp: 1745498494
Reason: loop time, Value: 673.36, Counter: 97, Timestamp: 1745498494
----------------------------------------
Thread: nice_thread, Loop time exceeded: 713.39 ms
Reason: consumer time, Value: 0.00, Counter: 119, Timestamp: 1745498494
Reason: transform time, Value: 0.00, Counter: 119, Timestamp: 1745498494
Reason: global search time, Value: 708.73, Counter: 119, Timestamp: 1745498495
Reason: process time, Value: 0.00, Counter: 119, Timestamp: 1745498495
Reason: loop time, Value: 713.39, Counter: 119, Timestamp: 1745498495
----------------------------------------
Thread: nice_thread, Loop time exceeded: 708.33 ms
Reason: consumer time, Value: 0.00, Counter: 13, Timestamp: 1745498495
Reason: transform time, Value: 0.01, Counter: 13, Timestamp: 1745498495
Reason: global search time, Value: 700.19, Counter: 13, Timestamp: 1745498495
Reason: process time, Value: 0.00, Counter: 13, Timestamp: 1745498495
Reason: loop time, Value: 708.33, Counter: 13, Timestamp: 1745498495
----------------------------------------
Thread: nice_thread, Loop time exceeded: 666.83 ms
Reason: consumer time, Value: 0.00, Counter: 36, Timestamp: 1745498495
Reason: transform time, Value: 0.01, Counter: 36, Timestamp: 1745498495
Reason: global search time, Value: 661.00, Counter: 36, Timestamp: 1745498496
Reason: process time, Value: 0.00, Counter: 36, Timestamp: 1745498496
Reason: loop time, Value: 666.83, Counter: 36, Timestamp: 1745498496
----------------------------------------
Thread: nice_thread, Loop time exceeded: 739.32 ms
Reason: consumer time, Value: 0.00, Counter: 58, Timestamp: 1745498496
Reason: transform time, Value: 0.00, Counter: 58, Timestamp: 1745498496
Reason: global search time, Value: 737.36, Counter: 58, Timestamp: 1745498497
Reason: process time, Value: 0.00, Counter: 58, Timestamp: 1745498497
Reason: loop time, Value: 739.32, Counter: 58, Timestamp: 1745498497
----------------------------------------
Thread: nice_thread, Loop time exceeded: 745.70 ms
Reason: consumer time, Value: 0.00, Counter: 81, Timestamp: 1745498497
Reason: transform time, Value: 0.00, Counter: 81, Timestamp: 1745498497
Reason: global search time, Value: 743.29, Counter: 81, Timestamp: 1745498498
Reason: process time, Value: 0.00, Counter: 81, Timestamp: 1745498498
Reason: loop time, Value: 745.70, Counter: 81, Timestamp: 1745498498
----------------------------------------
Thread: nice_thread, Loop time exceeded: 715.75 ms
Reason: consumer time, Value: 0.00, Counter: 104, Timestamp: 1745498498
Reason: transform time, Value: 0.00, Counter: 104, Timestamp: 1745498498
Reason: global search time, Value: 713.74, Counter: 104, Timestamp: 1745498498
Reason: process time, Value: 0.00, Counter: 104, Timestamp: 1745498498
Reason: loop time, Value: 715.75, Counter: 104, Timestamp: 1745498498
----------------------------------------
Thread: nice_thread, Loop time exceeded: 680.62 ms
Reason: consumer time, Value: 0.00, Counter: 126, Timestamp: 1745498498
Reason: transform time, Value: 0.00, Counter: 126, Timestamp: 1745498498
Reason: global search time, Value: 679.27, Counter: 126, Timestamp: 1745498499
Reason: process time, Value: 0.00, Counter: 126, Timestamp: 1745498499
Reason: loop time, Value: 680.62, Counter: 126, Timestamp: 1745498499
----------------------------------------
Thread: nice_thread, Loop time exceeded: 724.09 ms
Reason: consumer time, Value: 0.00, Counter: 20, Timestamp: 1745498499
Reason: transform time, Value: 0.01, Counter: 20, Timestamp: 1745498499
Reason: global search time, Value: 718.29, Counter: 20, Timestamp: 1745498500
Reason: process time, Value: 0.00, Counter: 20, Timestamp: 1745498500
Reason: loop time, Value: 724.09, Counter: 20, Timestamp: 1745498500
----------------------------------------
Thread: nice_thread, Loop time exceeded: 726.88 ms
Reason: consumer time, Value: 0.00, Counter: 43, Timestamp: 1745498500
Reason: transform time, Value: 0.01, Counter: 43, Timestamp: 1745498500
Reason: global search time, Value: 721.03, Counter: 43, Timestamp: 1745498500
Reason: process time, Value: 0.00, Counter: 43, Timestamp: 1745498500
Reason: loop time, Value: 726.88, Counter: 43, Timestamp: 1745498500
----------------------------------------
Thread: nice_thread, Loop time exceeded: 669.28 ms
Reason: consumer time, Value: 0.00, Counter: 66, Timestamp: 1745498500
Reason: transform time, Value: 0.00, Counter: 66, Timestamp: 1745498500
Reason: global search time, Value: 667.22, Counter: 66, Timestamp: 1745498501
Reason: process time, Value: 0.00, Counter: 66, Timestamp: 1745498501
Reason: loop time, Value: 669.28, Counter: 66, Timestamp: 1745498501
----------------------------------------
Thread: nice_thread, Loop time exceeded: 735.32 ms
Reason: consumer time, Value: 0.00, Counter: 88, Timestamp: 1745498501
Reason: transform time, Value: 0.00, Counter: 88, Timestamp: 1745498501
Reason: global search time, Value: 730.90, Counter: 88, Timestamp: 1745498502
Reason: process time, Value: 0.00, Counter: 88, Timestamp: 1745498502
Reason: loop time, Value: 735.32, Counter: 88, Timestamp: 1745498502
----------------------------------------
Thread: nice_thread, Loop time exceeded: 740.06 ms
Reason: consumer time, Value: 0.00, Counter: 110, Timestamp: 1745498502
Reason: transform time, Value: 0.01, Counter: 110, Timestamp: 1745498502
Reason: global search time, Value: 733.31, Counter: 110, Timestamp: 1745498503
Reason: process time, Value: 0.00, Counter: 110, Timestamp: 1745498503
Reason: loop time, Value: 740.06, Counter: 110, Timestamp: 1745498503
----------------------------------------
