Core number: 1
Remap: 0.003 ms
Transform color: 3.759 ms
Core number: 1
Remap: 0 ms
Transform color: 2.056 ms
Core number: 1
Remap: 0 ms
Transform color: 1.607 ms
Core number: 1
Remap: 0.001 ms
Transform color: 1.79 ms
Core number: 1
Remap: 0 ms
Transform color: 3.753 ms
Core number: 1
Remap: 0.001 ms
Transform color: 1.599 ms
Core number: 1
Remap: 0.001 ms
Transform color: 4.537 ms
Core number: 1
Remap: 0.001 ms
Transform color: 2.086 ms
Core number: 1
Remap: 0 ms
Transform color: 4.258 ms
Core number: 1
Remap: 0.001 ms
Transform color: 1.775 ms
Core number: 1
Remap: 0.001 ms
Transform color: 1.647 ms
Core number: 1
Remap: 0.001 ms
Transform color: 1.729 ms
Core number: 1
Remap: 0.001 ms
Transform color: 2.323 ms
Core number: 1
Remap: 0.001 ms
Transform color: 6.054 ms
Core number: 1
Remap: 0.001 ms
Transform color: 2.19 ms
Core number: 1
Remap: 0.001 ms
Transform color: 12.941 ms
Core number: 1
Remap: 0.001 ms
Transform color: 5.634 ms
Core number: 1
Remap: 0.001 ms
Transform color: 1.952 ms
Core number: 1
Remap: 0.001 ms
Transform color: 1.962 ms
Core number: 1
Remap: 0.001 ms
Transform color: 2.306 ms
Core number: 1
Remap: 0.001 ms
Transform color: 1.698 ms
Core number: 1
Remap: 0 ms
Transform color: 2.157 ms
Core number: 1
Remap: 0.001 ms
Transform color: 1.816 ms
Core number: 1
Remap: 0 ms
Transform color: 1.419 ms
Core number: 1
Remap: 0 ms
Transform color: 1.738 ms
Core number: 1
Remap: 0 ms
Transform color: 4.121 ms
Core number: 1
Remap: 0.001 ms
Transform color: 6.505 ms
Core number: 1
Remap: 0.001 ms
Transform color: 2.823 ms
Core number: 1
Remap: 0 ms
Transform color: 5.866 ms
Core number: 1
Remap: 0.001 ms
Transform color: 2.076 ms
Core number: 1
Remap: 0.001 ms
Transform color: 2.431 ms
Core number: 1
Remap: 0 ms
Transform color: 1.218 ms
Core number: 1
Remap: 0 ms
Transform color: 7.285 ms
Core number: 1
Remap: 0 ms
Transform color: 1.644 ms
Core number: 1
Remap: 0.001 ms
Transform color: 2.037 ms
Core number: 1
Remap: 0 ms
Transform color: 1.639 ms
Core number: 1
Remap: 0.001 ms
Transform color: 3.669 ms
Core number: 1
Remap: 0 ms
Transform color: 5.365 ms
Core number: 1
Remap: 0 ms
Transform color: 6.601 ms
Core number: 1
Remap: 0.001 ms
Transform color: 3.292 ms
Core number: 1
Remap: 0.001 ms
Transform color: 1.965 ms
Core number: 1
Remap: 0 ms
Transform color: 1.556 ms
Core number: 1
Remap: 0.001 ms
Transform color: 3.718 ms
Core number: 1
Remap: 0.001 ms
Transform color: 2.458 ms
Core number: 1
Remap: 0 ms
Transform color: 1.321 ms
Core number: 1
Remap: 0.001 ms
Transform color: 1.502 ms
Core number: 1
Remap: 0 ms
Transform color: 1.511 ms
Core number: 1
Remap: 0 ms
Transform color: 5.272 ms
Core number: 1
Remap: 0.001 ms
Transform color: 4.808 ms
Core number: 1
Remap: 0 ms
Transform color: 1.665 ms
Core number: 1
Remap: 0.001 ms
Transform color: 1.898 ms
Core number: 1
Remap: 0 ms
Transform color: 6.916 ms
Core number: 1
Remap: 0 ms
Transform color: 5.123 ms
Core number: 1
Remap: 0 ms
Transform color: 4.652 ms
Core number: 1
Remap: 0 ms
Transform color: 1.713 ms
Core number: 1
Remap: 0 ms
Transform color: 2.096 ms
Core number: 1
Remap: 0.001 ms
Transform color: 1.871 ms
Core number: 1
Remap: 0.001 ms
Transform color: 1.557 ms
Core number: 1
Remap: 0.001 ms
Transform color: 4.924 ms
Core number: 1
Remap: 0.001 ms
Transform color: 1.94 ms
Core number: 1
Remap: 0.001 ms
Transform color: 5.366 ms
Core number: 1
Remap: 0.001 ms
Transform color: 5.441 ms
Core number: 1
Remap: 0.001 ms
Transform color: 2.53 ms
Core number: 1
Remap: 0 ms
Transform color: 4.976 ms
Core number: 1
Remap: 0 ms
Transform color: 1.801 ms
Core number: 1
Remap: 0.001 ms
Transform color: 1.848 ms
Core number: 1
Remap: 0 ms
Transform color: 1.638 ms
Core number: 1
Remap: 0.001 ms
Transform color: 1.842 ms
Core number: 1
Remap: 0.001 ms
Transform color: 1.791 ms
Core number: 1
Remap: 0 ms
Transform color: 3.981 ms
Core number: 1
Remap: 0 ms
Transform color: 1.765 ms
Core number: 1
Remap: 0.001 ms
Transform color: 1.841 ms
Core number: 1
Remap: 0.002 ms
Transform color: 2.194 ms
Core number: 1
Remap: 0.001 ms
Transform color: 4.939 ms
Core number: 1
Remap: 0.001 ms
Transform color: 1.91 ms
Core number: 1
Remap: 0.001 ms
Transform color: 2.123 ms
Core number: 1
Remap: 0 ms
Transform color: 1.849 ms
Core number: 1
Remap: 0 ms
Transform color: 5.81 ms
Core number: 1
Remap: 0.001 ms
Transform color: 1.949 ms
Core number: 1
Remap: 0 ms
Transform color: 1.825 ms
Core number: 1
Remap: 0 ms
Transform color: 1.677 ms
Core number: 1
lue: 758.98, Counter: 126, Timestamp: 1745498451
----------------------------------------
Thread: nice_thread, Loop time exceeded: 765.72 ms
Reason: consumer time, Value: 0.00, Counter: 20, Timestamp: 1745498451
Reason: transform time, Value: 0.00, Counter: 20, Timestamp: 1745498451
Reason: global search time, Value: 764.03, Counter: 20, Timestamp: 1745498451
Reason: process time, Value: 0.00, Counter: 20, Timestamp: 1745498451
Reason: loop time, Value: 765.72, Counter: 20, Timestamp: 1745498451
----------------------------------------
Thread: nice_thread, Loop time exceeded: 795.32 ms
Reason: consumer time, Value: 0.00, Counter: 43, Timestamp: 1745498451
Reason: transform time, Value: 0.00, Counter: 43, Timestamp: 1745498451
Reason: global search time, Value: 793.55, Counter: 43, Timestamp: 1745498452
Reason: process time, Value: 0.00, Counter: 43, Timestamp: 1745498452
Reason: loop time, Value: 795.32, Counter: 43, Timestamp: 1745498452
----------------------------------------
Thread: nice_thread, Loop time exceeded: 740.76 ms
Reason: consumer time, Value: 0.00, Counter: 67, Timestamp: 1745498452
Reason: transform time, Value: 0.00, Counter: 67, Timestamp: 1745498452
Reason: global search time, Value: 738.36, Counter: 67, Timestamp: 1745498453
Reason: process time, Value: 0.00, Counter: 67, Timestamp: 1745498453
Reason: loop time, Value: 740.76, Counter: 67, Timestamp: 1745498453
----------------------------------------
Thread: nice_thread, Loop time exceeded: 784.06 ms
Reason: consumer time, Value: 0.00, Counter: 90, Timestamp: 1745498453
Reason: transform time, Value: 0.01, Counter: 90, Timestamp: 1745498453
Reason: global search time, Value: 777.93, Counter: 90, Timestamp: 1745498454
Reason: process time, Value: 0.00, Counter: 90, Timestamp: 1745498454
Reason: loop time, Value: 784.06, Counter: 90, Timestamp: 1745498454
----------------------------------------
Thread: nice_thread, Loop time exceeded: 754.71 ms
Reason: consumer time, Value: 0.00, Counter: 114, Timestamp: 1745498454
Reason: transform time, Value: 0.00, Counter: 114, Timestamp: 1745498454
Reason: global search time, Value: 752.44, Counter: 114, Timestamp: 1745498455
Reason: process time, Value: 0.00, Counter: 114, Timestamp: 1745498455
Reason: loop time, Value: 754.71, Counter: 114, Timestamp: 1745498455
----------------------------------------
Thread: nice_thread, Loop time exceeded: 776.29 ms
Reason: consumer time, Value: 0.00, Counter: 8, Timestamp: 1745498455
Reason: transform time, Value: 0.01, Counter: 8, Timestamp: 1745498455
Reason: global search time, Value: 763.28, Counter: 8, Timestamp: 1745498455
Reason: process time, Value: 0.00, Counter: 8, Timestamp: 1745498455
Reason: loop time, Value: 776.29, Counter: 8, Timestamp: 1745498455
----------------------------------------
Thread: nice_thread, Loop time exceeded: 727.26 ms
Reason: consumer time, Value: 0.00, Counter: 31, Timestamp: 1745498455
Reason: transform time, Value: 0.01, Counter: 31, Timestamp: 1745498455
Reason: global search time, Value: 721.57, Counter: 31, Timestamp: 1745498456
Reason: process time, Value: 0.00, Counter: 31, Timestamp: 1745498456
Reason: loop time, Value: 727.26, Counter: 31, Timestamp: 1745498456
----------------------------------------
Thread: nice_thread, Loop time exceeded: 773.83 ms
Reason: consumer time, Value: 0.00, Counter: 55, Timestamp: 1745498456
Reason: transform time, Value: 0.00, Counter: 55, Timestamp: 1745498456
Reason: global search time, Value: 771.83, Counter: 55, Timestamp: 1745498457
Reason: process time, Value: 0.00, Counter: 55, Timestamp: 1745498457
Reason: loop time, Value: 773.83, Counter: 55, Timestamp: 1745498457
----------------------------------------
Thread: nice_thread, Loop time exceeded: 792.67 ms
Reason: consumer time, Value: 0.00, Counter: 79, Timestamp: 1745498457
Reason: transform time, Value: 0.00, Counter: 79, Timestamp: 1745498457
Reason: global search time, Value: 790.66, Counter: 79, Timestamp: 1745498458
Reason: process time, Value: 0.00, Counter: 79, Timestamp: 1745498458
Reason: loop time, Value: 792.67, Counter: 79, Timestamp: 1745498458
----------------------------------------
Thread: nice_thread, Loop time exceeded: 781.85 ms
Reason: consumer time, Value: 0.00, Counter: 103, Timestamp: 1745498458
Reason: transform time, Value: 0.00, Counter: 103, Timestamp: 1745498458
Reason: global search time, Value: 779.47, Counter: 103, Timestamp: 1745498458
Reason: process time, Value: 0.00, Counter: 103, Timestamp: 1745498458
Reason: loop time, Value: 781.85, Counter: 103, Timestamp: 1745498458
----------------------------------------
Thread: nice_thread, Loop time exceeded: 797.29 ms
Reason: consumer time, Value: 0.00, Counter: 127, Timestamp: 1745498458
Reason: transform time, Value: 0.00, Counter: 127, Timestamp: 1745498458
Reason: global search time, Value: 795.54, Counter: 127, Timestamp: 1745498459
Reason: process time, Value: 0.00, Counter: 127, Timestamp: 1745498459
Reason: loop time, Value: 797.29, Counter: 127, Timestamp: 1745498459
----------------------------------------
Thread: nice_thread, Loop time exceeded: 765.96 ms
Reason: consumer time, Value: 0.00, Counter: 23, Timestamp: 1745498459
Reason: transform time, Value: 0.00, Counter: 23, Timestamp: 1745498459
Reason: global search time, Value: 763.76, Counter: 23, Timestamp: 1745498460
Reason: process time, Value: 0.00, Counter: 23, Timestamp: 1745498460
Reason: loop time, Value: 765.96, Counter: 23, Timestamp: 1745498460
----------------------------------------
Thread: nice_thread, Loop time exceeded: 793.24 ms
Reason: consumer time, Value: 0.00, Counter: 48, Timestamp: 1745498460
Reason: transform time, Value: 0.00, Counter: 48, Timestamp: 1745498460
Reason: global search time, Value: 791.38, Counter: 48, Timestamp: 1745498461
Reason: process time, Value: 0.00, Counter: 48, Timestamp: 1745498461
Reason: loop time, Value: 793.24, Counter: 48, Timestamp: 1745498461
----------------------------------------
Thread: nice_thread, Loop time exceeded: 773.98 ms
Reason: consumer time, Value: 0.00, Counter: 72, Timestamp: 1745498461
Reason: transform time, Value: 0.00, Counter: 72, Timestamp: 1745498461
Reason: global search time, Value: 772.53, Counter: 72, Timestamp: 1745498462
Reason: process time, Value: 0.00, Counter: 72, Timestamp: 1745498462
Reason: loop time, Value: 773.98, Counter: 72, Timestamp: 1745498462
----------------------------------------
Thread: nice_thread, Loop time exceeded: 777.48 ms
Reason: consumer time, Value: 0.00, Counter: 96, Timestamp: 1745498462
Reason: transform time, Value: 0.00, Counter: 96, Timestamp: 1745498462
Reason: global search time, Value: 775.70, Counter: 96, Timestamp: 1745498462
Reason: process time, Value: 0.00, Counter: 96, Timestamp: 1745498462
Reason: loop time, Value: 777.48, Counter: 96, Timestamp: 1745498462
----------------------------------------
Thread: nice_thread, Loop time exceeded: 745.73 ms
Reason: consumer time, Value: 0.00, Counter: 119, Timestamp: 1745498462
Reason: transform time, Value: 0.00, Counter: 119, Timestamp: 1745498462
Reason: global search time, Value: 741.57, Counter: 119, Timestamp: 1745498463
Reason: process time, Value: 0.00, Counter: 119, Timestamp: 1745498463
Reason: loop time, Value: 745.73, Counter: 119, Timestamp: 1745498463
----------------------------------------
Thread: nice_thread, Loop time exceeded: 782.21 ms
Reason: consumer time, Value: 0.00, Counter: 14, Timestamp: 1745498463
Reason: transform time, Value: 0.01, Counter: 14, Timestamp: 1745498463
Reason: global search time, Value: 775.65, Counter: 14, Timestamp: 1745498464
Reason: process time, Value: 0.00, Counter: 14, Timestamp: 1745498464
Reason: loop time, Value: 782.21, Counter: 14, Timestamp: 1745498464
----------------------------------------
Thread: nice_thread, Loop time exceeded: 774.23 ms
Reason: consumer time, Value: 0.00, Counter: 37, Timestamp: 1745498464
Reason: transform time, Value: 0.00, Counter: 37, Timestamp: 1745498464
Reason: global search time, Value: 771.32, Counter: 37, Timestamp: 1745498465
Reason: process time, Value: 0.00, Counter: 37, Timestamp: 1745498465
Reason: loop time, Value: 774.23, Counter: 37, Timestamp: 1745498465
----------------------------------------
Thread: nice_thread, Loop time exceeded: 774.98 ms
Reason: consumer time, Value: 0.00, Counter: 60, Timestamp: 1745498465
Reason: transform time, Value: 0.01, Counter: 60, Timestamp: 1745498465
Reason: global search time, Value: 769.03, Counter: 60, Timestamp: 1745498465
Reason: process time, Value: 0.00, Counter: 60, Timestamp: 1745498465
Reason: loop time, Value: 774.98, Counter: 60, Timestamp: 1745498465
----------------------------------------
Thread: nice_thread, Loop time exceeded: 720.67 ms
Reason: consumer time, Value: 0.00, Counter: 83, Timestamp: 1745498465
Reason: transform time, Value: 0.00, Counter: 83, Timestamp: 1745498465
Reason: global search time, Value: 718.53, Counter: 83, Timestamp: 1745498466
Reason: process time, Value: 0.00, Counter: 83, Timestamp: 1745498466
Reason: loop time, Value: 720.67, Counter: 83, Timestamp: 1745498466
----------------------------------------
Thread: nice_thread, Loop time exceeded: 778.64 ms
Reason: consumer time, Value: 0.00, Counter: 106, Timestamp: 1745498466
Reason: transform time, Value: 0.00, Counter: 106, Timestamp: 1745498466
Reason: global search time, Value: 776.14, Counter: 106, Timestamp: 1745498467
Reason: process time, Value: 0.00, Counter: 106, Timestamp: 1745498467
Reason: loop time, Value: 778.64, Counter: 106, Timestamp: 1745498467
----------------------------------------
Thread: nice_thread, Loop time exceeded: 806.06 ms
Reason: consumer time, Value: 0.00, Counter: 2, Timestamp: 1745498467
Reason: transform time, Value: 0.00, Counter: 2, Timestamp: 1745498467
Reason: global search time, Value: 804.80, Counter: 2, Timestamp: 1745498468
Reason: process time, Value: 0.00, Counter: 2, Timestamp: 1745498468
Reason: loop time, Value: 806.06, Counter: 2, Timestamp: 1745498468
----------------------------------------
Thread: nice_thread, Loop time exceeded: 775.79 ms
Reason: consumer time, Value: 0.00, Counter: 26, Timestamp: 1745498468
Reason: transform time, Value: 0.01, Counter: 26, Timestamp: 1745498468
Reason: global search time, Value: 768.39, Counter: 26, Timestamp: 1745498468
Reason: process time, Value: 0.00, Counter: 26, Timestamp: 1745498468
Reason: loop time, Value: 775.79, Counter: 26, Timestamp: 1745498468
----------------------------------------
Thread: nice_thread, Loop time exceeded: 776.13 ms
Reason: consumer time, Value: 0.00, Counter: 49, Timestamp: 1745498468
Reason: transform time, Value: 0.00, Counter: 49, Timestamp: 1745498468
Reason: global search time, Value: 774.45, Counter: 49, Timestamp: 1745498469
Reason: process time, Value: 0.00, Counter: 49, Timestamp: 1745498469
Reason: loop time, Value: 776.13, Counter: 49, Timestamp: 1745498469
----------------------------------------
Thread: nice_thread, Loop time exceeded: 726.23 ms
Reason: consumer time, Value: 0.00, Counter: 73, Timestamp: 1745498469
Reason: transform time, Value: 0.00, Counter: 73, Timestamp: 1745498469
Reason: global search time, Value: 724.12, Counter: 73, Timestamp: 1745498470
Reason: process time, Value: 0.00, Counter: 73, Timestamp: 1745498470
Reason: loop time, Value: 726.23, Counter: 73, Timestamp: 1745498470
----------------------------------------
Thread: nice_thread, Loop time exceeded: 774.69 ms
Reason: consumer time, Value: 0.00, Counter: 97, Timestamp: 1745498470
Reason: transform time, Value: 0.00, Counter: 97, Timestamp: 1745498470
Reason: global search time, Value: 773.01, Counter: 97, Timestamp: 1745498471
Reason: process time, Value: 0.00, Counter: 97, Timestamp: 1745498471
Reason: loop time, Value: 774.69, Counter: 97, Timestamp: 1745498471
----------------------------------------
Thread: nice_thread, Loop time exceeded: 774.62 ms
Reason: consumer time, Value: 0.00, Counter: 120, Timestamp: 1745498471
Reason: transform time, Value: 0.00, Counter: 120, Timestamp: 1745498471
Reason: global search time, Value: 770.91, Counter: 120, Timestamp: 1745498472
Reason: process time, Value: 0.00, Counter: 120, Timestamp: 1745498472
Reason: loop time, Value: 774.62, Counter: 120, Timestamp: 1745498472
----------------------------------------
Thread: nice_thread, Loop time exceeded: 783.54 ms
Reason: consumer time, Value: 0.00, Counter: 15, Timestamp: 1745498472
Reason: transform time, Value: 0.01, Counter: 15, Timestamp: 1745498472
Reason: global search time, Value: 778.13, Counter: 15, Timestamp: 1745498472
Reason: process time, Value: 0.00, Counter: 15, Timestamp: 1745498472
Reason: loop time, Value: 783.54, Counter: 15, Timestamp: 1745498472
----------------------------------------
Thread: nice_thread, Loop time exceeded: 712.41 ms
Reason: consumer time, Value: 0.00, Counter: 39, Timestamp: 1745498472
Reason: transform time, Value: 0.01, Counter: 39, Timestamp: 1745498472
Reason: global search time, Value: 705.77, Counter: 39, Timestamp: 1745498473
Reason: process time, Value: 0.00, Counter: 39, Timestamp: 1745498473
Reason: loop time, Value: 712.41, Counter: 39, Timestamp: 1745498473
----------------------------------------
Thread: nice_thread, Loop time exceeded: 784.22 ms
Reason: consumer time, Value: 0.00, Counter: 63, Timestamp: 1745498473
Reason: transform time, Value: 0.00, Counter: 63, Timestamp: 1745498473
Reason: global search time, Value: 780.86, Counter: 63, Timestamp: 1745498474
Reason: process time, Value: 0.00, Counter: 63, Timestamp: 1745498474
Reason: loop time, Value: 784.22, Counter: 63, Timestamp: 1745498474
----------------------------------------
Thread: nice_thread, Loop time exceeded: 810.48 ms
Reason: consumer time, Value: 0.00, Counter: 87, Timestamp: 1745498474
Reason: transform time, Value: 0.00, Counter: 87, Timestamp: 1745498474
Reason: global search time, Value: 808.45, Counter: 87, Timestamp: 1745498475
Reason: process time, Value: 0.00, Counter: 87, Timestamp: 1745498475
Reason: loop time, Value: 810.48, Counter: 87, Timestamp: 1745498475
----------------------------------------
Thread: nice_thread, Loop time exceeded: 798.53 ms
Reason: consumer time, Value: 0.00, Counter: 112, Timestamp: 1745498475
Reason: transform time, Value: 0.00, Counter: 112, Timestamp: 1745498475
Reason: global search time, Value: 796.95, Counter: 112, Timestamp: 1745498475
Reason: process time, Value: 0.00, Counter: 112, Timestamp: 1745498475
Reason: loop time, Value: 798.53, Counter: 112, Timestamp: 1745498475
----------------------------------------
Thread: nice_thread, Loop time exceeded: 774.23 ms
Reason: consumer time, Value: 0.00, Counter: 8, Timestamp: 1745498475
Reason: transform time, Value: 0.00, Counter: 8, Timestamp: 1745498475
Reason: global search time, Value: 770.47, Counter: 8, Timestamp: 1745498476
Reason: process time, Value: 0.00, Counter: 8, Timestamp: 1745498476
Reason: loop time, Value: 774.23, Counter: 8, Timestamp: 1745498476
----------------------------------------
Thread: nice_thread, Loop time exceeded: 717.05 ms
Reason: consumer time, Value: 0.00, Counter: 32, Timestamp: 1745498476
Reason: transform time, Value: 0.00, Counter: 32, Timestamp: 1745498476
Reason: global search time, Value: 714.52, Counter: 32, Timestamp: 1745498477
Reason: process time, Value: 0.00, Counter: 32, Timestamp: 1745498477
Reason: loop time, Value: 717.05, Counter: 32, Timestamp: 1745498477
----------------------------------------
Thread: nice_thread, Loop time exceeded: 774.69 ms
Reason: consumer time, Value: 0.00, Counter: 55, Timestamp: 1745498477
Reason: transform time, Value: 0.00, Counter: 55, Timestamp: 1745498477
Reason: global search time, Value: 773.33, Counter: 55, Timestamp: 1745498478
Reason: process time, Value: 0.00, Counter: 55, Timestamp: 1745498478
Reason: loop time, Value: 774.69, Counter: 55, Timestamp: 1745498478
----------------------------------------
Thread: nice_thread, Loop time exceeded: 790.73 ms
Reason: consumer time, Value: 0.00, Counter: 78, Timestamp: 1745498478
Reason: transform time, Value: 0.00, Counter: 78, Timestamp: 1745498478
Reason: global search time, Value: 789.18, Counter: 78, Timestamp: 1745498478
Reason: process time, Value: 0.00, Counter: 78, Timestamp: 1745498478
Reason: loop time, Value: 790.73, Counter: 78, Timestamp: 1745498478
----------------------------------------
Thread: nice_thread, Loop time exceeded: 758.15 ms
Reason: consumer time, Value: 0.00, Counter: 102, Timestamp: 1745498478
Reason: transform time, Value: 0.00, Counter: 102, Timestamp: 1745498478
Reason: global search time, Value: 756.59, Counter: 102, Timestamp: 1745498479
Reason: process time, Value: 0.00, Counter: 102, Timestamp: 1745498479
Reason: loop time, Value: 758.15, Counter: 102, Timestamp: 1745498479
----------------------------------------
Thread: nice_thread, Loop time exceeded: 724.27 ms
Reason: consumer time, Value: 0.00, Counter: 125, Timestamp: 1745498479
Reason: transform time, Value: 0.01, Counter: 125, Timestamp: 1745498479
Reason: global search time, Value: 718.96, Counter: 125, Timestamp: 1745498480
Reason: process time, Value: 0.00, Counter: 125, Timestamp: 1745498480
Reason: loop time, Value: 724.27, Counter: 125, Timestamp: 1745498480
----------------------------------------
Thread: nice_thread, Loop time exceeded: 764.93 ms
Reason: consumer time, Value: 0.00, Counter: 21, Timestamp: 1745498480
Reason: transform time, Value: 0.00, Counter: 21, Timestamp: 1745498480
Reason: global search time, Value: 760.07, Counter: 21, Timestamp: 1745498481
Reason: process time, Value: 0.00, Counter: 21, Timestamp: 1745498481
Reason: loop time, Value: 764.93, Counter: 21, Timestamp: 1745498481
----------------------------------------
Thread: nice_thread, Loop time exceeded: 768.79 ms
Reason: consumer time, Value: 0.00, Counter: 44, Timestamp: 1745498481
Reason: transform time, Value: 0.00, Counter: 44, Timestamp: 1745498481
Reason: global search time, Value: 767.07, Counter: 44, Timestamp: 1745498481
Reason: process time, Value: 0.00, Counter: 44, Timestamp: 1745498481
Reason: loop time, Value: 768.79, Counter: 44, Timestamp: 1745498481
----------------------------------------
Thread: nice_thread, Loop time exceeded: 783.09 ms
Reason: consumer time, Value: 0.00, Counter: 68, Timestamp: 1745498481
Reason: transform time, Value: 0.00, Counter: 68, Timestamp: 1745498481
Reason: global search time, Value: 781.12, Counter: 68, Timestamp: 1745498482
Reason: process time, Value: 0.00, Counter: 68, Timestamp: 1745498482
Reason: loop time, Value: 783.09, Counter: 68, Timestamp: 1745498482
----------------------------------------
Thread: nice_thread, Loop time exceeded: 757.24 ms
Reason: consumer time, Value: 0.00, Counter: 92, Timestamp: 1745498482
Reason: transform time, Value: 0.01, Counter: 92, Timestamp: 1745498482
Reason: global search time, Value: 750.23, Counter: 92, Timestamp: 1745498483
Reason: process time, Value: 0.00, Counter: 92, Timestamp: 1745498483
Reason: loop time, Value: 757.24, Counter: 92, Timestamp: 1745498483
----------------------------------------
Thread: nice_thread, Loop time exceeded: 769.59 ms
Reason: consumer time, Value: 0.00, Counter: 116, Timestamp: 1745498483
Reason: transform time, Value: 0.01, Counter: 116, Timestamp: 1745498483
Reason: global search time, Value: 764.40, Counter: 116, Timestamp: 1745498484
Reason: process time, Value: 0.00, Counter: 116, Timestamp: 1745498484
Reason: loop time, Value: 769.59, Counter: 116, Timestamp: 1745498484
----------------------------------------
Thread: nice_thread, Loop time exceeded: 761.48 ms
Reason: consumer time, Value: 0.00, Counter: 12, Timestamp: 1745498484
Reason: transform time, Value: 0.00, Counter: 12, Timestamp: 1745498484
Reason: global search time, Value: 756.78, Counter: 12, Timestamp: 1745498485
Reason: process time, Value: 0.00, Counter: 12, Timestamp: 1745498485
Reason: loop time, Value: 761.48, Counter: 12, Timestamp: 1745498485
----------------------------------------
Thread: nice_thread, Loop time exceeded: 763.08 ms
Reason: consumer time, Value: 0.00, Counter: 35, Timestamp: 1745498485
Reason: transform time, Value: 0.00, Counter: 35, Timestamp: 1745498485
Reason: global search time, Value: 761.31, Counter: 35, Timestamp: 1745498485
Reason: process time, Value: 0.00, Counter: 35, Timestamp: 1745498485
Reason: loop time, Value: 763.08, Counter: 35, Timestamp: 1745498485
----------------------------------------
Thread: nice_thread, Loop time exceeded: 697.13 ms
Reason: consumer time, Value: 0.00, Counter: 58, Timestamp: 1745498485
Reason: transform time, Value: 0.00, Counter: 58, Timestamp: 1745498485
Reason: global search time, Value: 694.97, Counter: 58, Timestamp: 1745498486
Reason: process time, Value: 0.00, Counter: 58, Timestamp: 1745498486
Reason: loop time, Value: 697.13, Counter: 58, Timestamp: 1745498486
----------------------------------------
Thread: nice_thread, Loop time exceeded: 754.61 ms
Reason: consumer time, Value: 0.00, Counter: 81, Timestamp: 1745498486
Reason: transform time, Value: 0.00, Counter: 81, Timestamp: 1745498486
Reason: global search time, Value: 752.68, Counter: 81, Timestamp: 1745498487
Reason: process time, Value: 0.00, Counter: 81, Timestamp: 1745498487
Reason: loop time, Value: 754.61, Counter: 81, Timestamp: 1745498487
----------------------------------------
Thread: nice_thread, Loop time exceeded: 760.25 ms
Reason: consumer time, Value: 0.00, Counter: 104, Timestamp: 1745498487
Reason: transform time, Value: 0.00, Counter: 104, Timestamp: 1745498487
Reason: global search time, Value: 758.65, Counter: 104, Timestamp: 1745498488
Reason: process time, Value: 0.00, Counter: 104, Timestamp: 1745498488
Reason: loop time, Value: 760.25, Counter: 104, Timestamp: 1745498488
----------------------------------------
Thread: nice_thread, Loop time exceeded: 742.90 ms
Reason: consumer time, Value: 0.00, Counter: 126, Timestamp: 1745498488
Reason: transform time, Value: 0.00, Counter: 126, Timestamp: 1745498488
Reason: global search time, Value: 737.93, Counter: 126, Timestamp: 1745498488
Reason: process time, Value: 0.00, Counter: 126, Timestamp: 1745498488
Reason: loop time, Value: 742.90, Counter: 126, Timestamp: 1745498488
----------------------------------------
Thread: nice_thread, Loop time exceeded: 702.43 ms
Reason: consumer time, Value: 0.00, Counter: 21, Timestamp: 1745498488
Reason: transform time, Value: 0.00, Counter: 21, Timestamp: 1745498488
Reason: global search time, Value: 700.43, Counter: 21, Timestamp: 1745498489
Reason: process time, Value: 0.00, Counter: 21, Timestamp: 1745498489
Reason: loop time, Value: 702.43, Counter: 21, Timestamp: 1745498489
----------------------------------------
Thread: nice_thread, Loop time exceeded: 752.53 ms
Reason: consumer time, Value: 0.00, Counter: 43, Timestamp: 1745498489
Reason: transform time, Value: 0.01, Counter: 43, Timestamp: 1745498489
Reason: global search time, Value: 747.12, Counter: 43, Timestamp: 1745498490
Reason: process time, Value: 0.00, Counter: 43, Timestamp: 1745498490
Reason: loop time, Value: 752.53, Counter: 43, Timestamp: 1745498490
----------------------------------------
Thread: nice_thread, Loop time exceeded: 768.03 ms
Reason: consumer time, Value: 0.00, Counter: 67, Timestamp: 1745498490
Reason: transform time, Value: 0.01, Counter: 67, Timestamp: 1745498490
Reason: global search time, Value: 762.54, Counter: 67, Timestamp: 1745498490
Reason: process time, Value: 0.00, Counter: 67, Timestamp: 1745498490
Reason: loop time, Value: 768.03, Counter: 67, Timestamp: 1745498490
----------------------------------------
Thread: nice_thread, Loop time exceeded: 755.84 ms
Reason: consumer time, Value: 0.00, Counter: 91, Timestamp: 1745498490
Reason: transform time, Value: 0.00, Counter: 91, Timestamp: 1745498490
Reason: global search time, Value: 753.24, Counter: 91, Timestamp: 1745498491
Reason: process time, Value: 0.00, Counter: 91, Timestamp: 1745498491
Reason: loop time, Value: 755.84, Counter: 91, Timestamp: 1745498491
----------------------------------------
Thread: nice_thread, Loop time exceeded: 709.64 ms
Reason: consumer time, Value: 0.00, Counter: 114, Timestamp: 1745498491
Reason: transform time, Value: 0.01, Counter: 114, Timestamp: 1745498491
Reason: global search time, Value: 704.60, Counter: 114, Timestamp: 1745498492
Reason: process time, Value: 0.00, Counter: 114, Timestamp: 1745498492
Reason: loop time, Value: 709.64, Counter: 114, Timestamp: 1745498492
----------------------------------------
Thread: nice_thread, Loop time exceeded: 769.60 ms
Reason: consumer time, Value: 0.00, Counter: 9, Timestamp: 1745498492
Reason: transform time, Value: 0.00, Counter: 9, Timestamp: 1745498492
Reason: global search time, Value: 767.75, Counter: 9, Timestamp: 1745498493
Reason: process time, Value: 0.00, Counter: 9, Timestamp: 1745498493
Reason: loop time, Value: 769.60, Counter: 9, Timestamp: 1745498493
----------------------------------------
Thread: nice_thread, Loop time exceeded: 755.52 ms
Reason: consumer time, Value: 0.00, Counter: 32, Timestamp: 1745498493
Reason: transform time, Value: 0.00, Counter: 32, Timestamp: 1745498493
Reason: global search time, Value: 753.62, Counter: 32, Timestamp: 1745498493
Reason: process time, Value: 0.00, Counter: 32, Timestamp: 1745498493
Reason: loop time, Value: 755.52, Counter: 32, Timestamp: 1745498493
----------------------------------------
Thread: nice_thread, Loop time exceeded: 742.99 ms
Reason: consumer time, Value: 0.00, Counter: 56, Timestamp: 1745498493
Reason: transform time, Value: 0.00, Counter: 56, Timestamp: 1745498493
Reason: global search time, Value: 741.30, Counter: 56, Timestamp: 1745498494
Reason: process time, Value: 0.00, Counter: 56, Timestamp: 1745498494
Reason: loop time, Value: 742.99, Counter: 56, Timestamp: 1745498494
----------------------------------------
Thread: nice_thread, Loop time exceeded: 712.24 ms
Reason: consumer time, Value: 0.00, Counter: 79, Timestamp: 1745498494
Reason: transform time, Value: 0.00, Counter: 79, Timestamp: 1745498494
Reason: global search time, Value: 710.35, Counter: 79, Timestamp: 1745498495
Reason: process time, Value: 0.00, Counter: 79, Timestamp: 1745498495
Reason: loop time, Value: 712.24, Counter: 79, Timestamp: 1745498495
----------------------------------------
Thread: nice_thread, Loop time exceeded: 750.23 ms
Reason: consumer time, Value: 0.00, Counter: 102, Timestamp: 1745498495
Reason: transform time, Value: 0.00, Counter: 102, Timestamp: 1745498495
Reason: global search time, Value: 748.40, Counter: 102, Timestamp: 1745498496
Reason: process time, Value: 0.00, Counter: 102, Timestamp: 1745498496
Reason: loop time, Value: 750.23, Counter: 102, Timestamp: 1745498496
----------------------------------------
Thread: nice_thread, Loop time exceeded: 752.16 ms
Reason: consumer time, Value: 0.00, Counter: 124, Timestamp: 1745498496
Reason: transform time, Value: 0.00, Counter: 124, Timestamp: 1745498496
Reason: global search time, Value: 748.13, Counter: 124, Timestamp: 1745498496
Reason: process time, Value: 0.00, Counter: 124, Timestamp: 1745498496
Reason: loop time, Value: 752.16, Counter: 124, Timestamp: 1745498496
----------------------------------------
Thread: nice_thread, Loop time exceeded: 781.16 ms
Reason: consumer time, Value: 0.00, Counter: 20, Timestamp: 1745498496
Reason: transform time, Value: 0.00, Counter: 20, Timestamp: 1745498496
Reason: global search time, Value: 779.34, Counter: 20, Timestamp: 1745498497
Reason: process time, Value: 0.00, Counter: 20, Timestamp: 1745498497
Reason: loop time, Value: 781.16, Counter: 20, Timestamp: 1745498497
----------------------------------------
Thread: nice_thread, Loop time exceeded: 719.51 ms
Reason: consumer time, Value: 0.00, Counter: 43, Timestamp: 1745498497
Reason: transform time, Value: 0.00, Counter: 43, Timestamp: 1745498497
Reason: global search time, Value: 717.62, Counter: 43, Timestamp: 1745498498
Reason: process time, Value: 0.00, Counter: 43, Timestamp: 1745498498
Reason: loop time, Value: 719.51, Counter: 43, Timestamp: 1745498498
----------------------------------------
Thread: nice_thread, Loop time exceeded: 750.10 ms
Reason: consumer time, Value: 0.00, Counter: 66, Timestamp: 1745498498
Reason: transform time, Value: 0.00, Counter: 66, Timestamp: 1745498498
Reason: global search time, Value: 747.83, Counter: 66, Timestamp: 1745498499
Reason: process time, Value: 0.00, Counter: 66, Timestamp: 1745498499
Reason: loop time, Value: 750.10, Counter: 66, Timestamp: 1745498499
----------------------------------------
Thread: nice_thread, Loop time exceeded: 787.45 ms
Reason: consumer time, Value: 0.00, Counter: 89, Timestamp: 1745498499
Reason: transform time, Value: 0.00, Counter: 89, Timestamp: 1745498499
Reason: global search time, Value: 782.45, Counter: 89, Timestamp: 1745498499
Reason: process time, Value: 0.00, Counter: 89, Timestamp: 1745498499
Reason: loop time, Value: 787.45, Counter: 89, Timestamp: 1745498499
----------------------------------------
Thread: nice_thread, Loop time exceeded: 791.07 ms
Reason: consumer time, Value: 0.00, Counter: 113, Timestamp: 1745498499
Reason: transform time, Value: 0.00, Counter: 113, Timestamp: 1745498499
Reason: global search time, Value: 789.09, Counter: 113, Timestamp: 1745498500
Reason: process time, Value: 0.00, Counter: 113, Timestamp: 1745498500
Reason: loop time, Value: 791.07, Counter: 113, Timestamp: 1745498500
----------------------------------------
Thread: nice_thread, Loop time exceeded: 725.62 ms
Reason: consumer time, Value: 0.00, Counter: 9, Timestamp: 1745498500
Reason: transform time, Value: 0.00, Counter: 9, Timestamp: 1745498500
Reason: global search time, Value: 723.44, Counter: 9, Timestamp: 1745498501
Reason: process time, Value: 0.00, Counter: 9, Timestamp: 1745498501
Reason: loop time, Value: 725.62, Counter: 9, Timestamp: 1745498501
----------------------------------------
Thread: nice_thread, Loop time exceeded: 792.55 ms
Reason: consumer time, Value: 0.00, Counter: 33, Timestamp: 1745498501
Reason: transform time, Value: 0.00, Counter: 33, Timestamp: 1745498501
Reason: global search time, Value: 790.67, Counter: 33, Timestamp: 1745498502
Reason: process time, Value: 0.00, Counter: 33, Timestamp: 1745498502
Reason: loop time, Value: 792.55, Counter: 33, Timestamp: 1745498502
----------------------------------------
Thread: nice_thread, Loop time exceeded: 806.00 ms
Reason: consumer time, Value: 0.00, Counter: 56, Timestamp: 1745498502
Reason: transform time, Value: 0.01, Counter: 56, Timestamp: 1745498502
Reason: global search time, Value: 800.11, Counter: 56, Timestamp: 1745498503
Reason: process time, Value: 0.00, Counter: 56, Timestamp: 1745498503
Reason: loop time, Value: 806.00, Counter: 56, Timestamp: 1745498503
----------------------------------------
Thread: nice_thread, Loop time exceeded: 727.39 ms
Reason: consumer time, Value: 0.00, Counter: 80, Timestamp: 1745498503
Reason: transform time, Value: 0.00, Counter: 80, Timestamp: 1745498503
Reason: global search time, Value: 725.40, Counter: 80, Timestamp: 1745498503
Reason: process time, Value: 0.00, Counter: 80, Timestamp: 1745498503
Reason: loop time, Value: 727.39, Counter: 80, Timestamp: 1745498503
----------------------------------------
Thread: nice_thread, Loop time exceeded: 468.14 ms
Reason: consumer time, Value: 0.00, Counter: 104, Timestamp: 1745498503
Reason: transform time, Value: 0.00, Counter: 104, Timestamp: 1745498503
Reason: global search time, Value: 466.28, Counter: 104, Timestamp: 1745498504
Reason: process time, Value: 0.00, Counter: 104, Timestamp: 1745498504
Reason: loop time, Value: 468.14, Counter: 104, Timestamp: 1745498504
----------------------------------------
Thread: nice_thread, Loop time exceeded: 507.70 ms
Reason: consumer time, Value: 0.00, Counter: 121, Timestamp: 1745498504
Reason: transform time, Value: 0.00, Counter: 121, Timestamp: 1745498504
Reason: global search time, Value: 505.99, Counter: 121, Timestamp: 1745498504
Reason: process time, Value: 0.00, Counter: 121, Timestamp: 1745498504
Reason: loop time, Value: 507.70, Counter: 121, Timestamp: 1745498504
----------------------------------------
