Core number: 1
Remap: 84.183 ms
Transform color: 4.626 ms
Core number: 1
Remap: 70.231 ms
Transform color: 1.651 ms
Core number: 1
Remap: 73.826 ms
Transform color: 3.538 ms
Core number: 1
Remap: 67.151 ms
Transform color: 5.265 ms
Core number: 1
Remap: 64.632 ms
Transform color: 5.151 ms
Core number: 1
Remap: 66.09 ms
Transform color: 3.577 ms
Core number: 1
Remap: 70.956 ms
Transform color: 4.9 ms
Core number: 1
Remap: 46.017 ms
Transform color: 1.957 ms
Core number: 1
Remap: 69.965 ms
Transform color: 6.929 ms
Core number: 1
Remap: 20.365 ms
Transform color: 2.709 ms
Core number: 1
Remap: 65.192 ms
Transform color: 5.41 ms
Core number: 1
Remap: 74.889 ms
Transform color: 5.998 ms
Core number: 1
Remap: 115.629 ms
Transform color: 6.268 ms
Core number: 1
Remap: 70.427 ms
Transform color: 6.714 ms
Core number: 1
Remap: 43.879 ms
Transform color: 2.715 ms
Core number: 1
Remap: 12.08 ms
Transform color: 3.617 ms
Core number: 1
Remap: 65.442 ms
Transform color: 6.246 ms
Core number: 1
Remap: 65.485 ms
Transform color: 3.801 ms
Core number: 1
Remap: 82.862 ms
Transform color: 5.792 ms
Core number: 1
Remap: 64.195 ms
Transform color: 5.959 ms
Core number: 1
Remap: 73.56 ms
Transform color: 3.979 ms
Core number: 1
Remap: 72.642 ms
Transform color: 6.022 ms
Core number: 1
Remap: 67.898 ms
Transform color: 6.882 ms
Core number: 1
Remap: 71.893 ms
Transform color: 82.664 ms
Core number: 1
Remap: 67.194 ms
Transform color: 3.486 ms
Core number: 1
Remap: 69.492 ms
Transform color: 6.405 ms
Core number: 1
Remap: 68.09 ms
Transform color: 5.798 ms
Core number: 1
Remap: 80.982 ms
Transform color: 6.265 ms
Core number: 1
Remap: 18.239 ms
Transform color: 82.376 ms
Core number: 1
Remap: 15.316 ms
Transform color: 4.481 ms
Core number: 1
Remap: 67.349 ms
Transform color: 7.354 ms
Core number: 1
Remap: 73.227 ms
Transform color: 5.808 ms
Core number: 1
Remap: 75.955 ms
Transform color: 5.715 ms
Core number: 1
Remap: 73.575 ms
Transform color: 2.324 ms
Core number: 1
Remap: 62.395 ms
Transform color: 7.778 ms
Core number: 1
Remap: 67.936 ms
Transform color: 8.693 ms
Core number: 1
Remap: 68.472 ms
Transform color: 4.217 ms
Core number: 1
Remap: 67.396 ms
Transform color: 6.191 ms
Core number: 1
Remap: 73.709 ms
Transform color: 7.432 ms
Core number: 1
Remap: 62.485 ms
Transform color: 4.307 ms
Core number: 1
Remap: 79.013 ms
Transform color: 3.546 ms
Core number: 1
Remap: 119.674 ms
Transform color: 4.501 ms
Core number: 1
Remap: 102.398 ms
Transform color: 2.437 ms
Core number: 1
Remap: 69.248 ms
Transform color: 6.035 ms
Core number: 1
Remap: 115.374 ms
Transform color: 2.736 ms
Core number: 1
Remap: 77.463 ms
Transform color: 4.937 ms
Core number: 1
Remap: 75.253 ms
Transform color: 6.135 ms
Core number: 1
Remap: 68.581 ms
Transform color: 7.545 ms
Core number: 1
Remap: 68.185 ms
Transform color: 4.977 ms
Core number: 1
Remap: 28.789 ms
Transform color: 2.715 ms
Core number: 1
Remap: 110.043 ms
Transform color: 2.646 ms
Core number: 1
Remap: 71.938 ms
Transform color: 6.436 ms
Core number: 1
Remap: 24.196 ms
Transform color: 2.05 ms
Core number: 1
Remap: 75.833 ms
Transform color: 4.984 ms
Core number: 1
Remap: 71.122 ms
Transform color: 7.329 ms
Core number: 1
Remap: 66.7 ms
Transform color: 2.598 ms
Core number: 1
Remap: 14.2 ms
Transform color: 2.02 ms
Core number: 1
Remap: 103.978 ms
Transform color: 12.178 ms
Core number: 1
Remap: 71.293 ms
Transform color: 4.068 ms
Core number: 1
Remap: 24.086 ms
Transform color: 3.917 ms
Core number: 1
Remap: 25.175 ms
Transform color: 2.736 ms
Core number: 1
Remap: 65.536 ms
Transform color: 4.054 ms
Core number: 1
Remap: 122.772 ms
Transform color: 5.385 ms
Core number: 1
Remap: 73.2 ms
Transform color: 7.656 ms
Core number: 1
Remap: 97.001 ms
Transform color: 1.955 ms
Core number: 1
Remap: 69.224 ms
Transform color: 6.245 ms
Core number: 1
Remap: 77.89 ms
Transform color: 4.811 ms
Core number: 1
Remap: 67.673 ms
Transform color: 5.501 ms
Core number: 1
Remap: 73.94 ms
Transform color: 7.619 ms
Core number: 1
Remap: 127.459 ms
Transform color: 2.607 ms
Core number: 1
Remap: 70.576 ms
Transform color: 5.774 ms
Core number: 1
Remap: 74.613 ms
Transform color: 7.866 ms
Core number: 1
Remap: 75.899 ms
Transform color: 2.669 ms
Core number: 1
Remap: 74.775 ms
Transform color: 5.539 ms
Core number: 1
Remap: 78.99 ms
Transform color: 6.976 ms
Core number: 1
Remap: 76.336 ms
Transform color: 6.731 ms
Core number: 1
Remap: 67.916 ms
Transform color: 4.806 ms
Core number: 1
Remap: 70.156 ms
Transform color: 6.166 ms
Core number: 1
Remap: 83.13 ms
Transform color: 8.213 ms
Core number: 1
Remap: 125.289 ms
Transform color: 6.085 ms
Core number: 1
Remap: 69.247 ms
Transform color: 4.047 ms
Core number: 1
Remap: 81.856 ms
Transform color: 7.397 ms
Core number: 1
Remap: 68.864 ms
Transform color: 4.481 ms
Core number: 1
Remap: 73.301 ms
Transform color: 2.339 ms
Core number: 1
Remap: 81.135 ms
Transform color: 2.533 ms
Core number: 1
Remap: 69.603 ms
Transform color: 2.266 ms
Core number: 1
Remap: 166.319 ms
Transform color: 2.731 ms
Core number: 1
Remap: 74.796 ms
Transform color: 7.486 ms
Core number: 1
Remap: 78.254 ms
Transform color: 9.12 ms
Core number: 1
Remap: 75.341 ms
Transform color: 3.945 ms
Core number: 1
Remap: 77.12 ms
Transform color: 6.065 ms
Core number: 1
Remap: 78.728 ms
Transform color: 3.418 ms
Core number: 1
Remap: 71.274 ms
Transform color: 4.664 ms
Core number: 1
Remap: 75.943 ms
Transform color: 4.807 ms
Core number: 1
Remap: 20.984 ms
Transform color: 2.605 ms
Core number: 1
Remap: 29.093 ms
Transform color: 2.969 ms
Core number: 1
Remap: 68.908 ms
Transform color: 4.697 ms
Core number: 1
Remap: 12.519 ms
Transform color: 1.698 ms
Core number: 1
Remap: 22.436 ms
Transform color: 3.512 ms
Core number: 1
Remap: 78.79 ms
Transform color: 5.767 ms
Core number: 1
Remap: 71.871 ms
Transform color: 7.002 ms
Core number: 1
Remap: 22.895 ms
Transform color: 3.886 ms
Core number: 1
Remap: 55.686 ms
Transform color: 3.165 ms
Core number: 1
Remap: 53.573 ms
Transform color: 1.838 ms
Core number: 1
Remap: 11.356 ms
Transform color: 1.579 ms
Core number: 1
unter: 29, Timestamp: 1745500879
Reason: global search time, Value: 608.44, Counter: 29, Timestamp: 1745500879
Reason: process time, Value: 0.00, Counter: 29, Timestamp: 1745500879
Reason: loop time, Value: 685.66, Counter: 29, Timestamp: 1745500879
----------------------------------------
Thread: nice_thread, Loop time exceeded: 607.24 ms
Reason: consumer time, Value: 0.00, Counter: 47, Timestamp: 1745500879
Reason: transform time, Value: 0.05, Counter: 47, Timestamp: 1745500879
Reason: global search time, Value: 560.52, Counter: 47, Timestamp: 1745500880
Reason: process time, Value: 0.00, Counter: 47, Timestamp: 1745500880
Reason: loop time, Value: 607.24, Counter: 47, Timestamp: 1745500880
----------------------------------------
Thread: nice_thread, Loop time exceeded: 611.78 ms
Reason: consumer time, Value: 0.00, Counter: 63, Timestamp: 1745500880
Reason: transform time, Value: 0.01, Counter: 63, Timestamp: 1745500880
Reason: global search time, Value: 595.98, Counter: 63, Timestamp: 1745500881
Reason: process time, Value: 0.00, Counter: 63, Timestamp: 1745500881
Reason: loop time, Value: 611.78, Counter: 63, Timestamp: 1745500881
----------------------------------------
Thread: nice_thread, Loop time exceeded: 674.69 ms
Reason: consumer time, Value: 0.00, Counter: 79, Timestamp: 1745500881
Reason: transform time, Value: 0.07, Counter: 79, Timestamp: 1745500881
Reason: global search time, Value: 602.91, Counter: 79, Timestamp: 1745500881
Reason: process time, Value: 0.00, Counter: 79, Timestamp: 1745500881
Reason: loop time, Value: 674.69, Counter: 79, Timestamp: 1745500881
----------------------------------------
Thread: nice_thread, Loop time exceeded: 630.87 ms
Reason: consumer time, Value: 0.00, Counter: 96, Timestamp: 1745500881
Reason: transform time, Value: 0.07, Counter: 96, Timestamp: 1745500881
Reason: global search time, Value: 561.42, Counter: 96, Timestamp: 1745500882
Reason: process time, Value: 0.00, Counter: 96, Timestamp: 1745500882
Reason: loop time, Value: 630.87, Counter: 96, Timestamp: 1745500882
----------------------------------------
Thread: nice_thread, Loop time exceeded: 712.77 ms
Reason: consumer time, Value: 0.00, Counter: 112, Timestamp: 1745500882
Reason: transform time, Value: 0.09, Counter: 112, Timestamp: 1745500882
Reason: global search time, Value: 624.02, Counter: 112, Timestamp: 1745500883
Reason: process time, Value: 0.00, Counter: 112, Timestamp: 1745500883
Reason: loop time, Value: 712.77, Counter: 112, Timestamp: 1745500883
----------------------------------------
Thread: nice_thread, Loop time exceeded: 670.54 ms
Reason: consumer time, Value: 0.00, Counter: 3, Timestamp: 1745500883
Reason: transform time, Value: 0.07, Counter: 3, Timestamp: 1745500883
Reason: global search time, Value: 600.27, Counter: 3, Timestamp: 1745500883
Reason: process time, Value: 0.00, Counter: 3, Timestamp: 1745500883
Reason: loop time, Value: 670.54, Counter: 3, Timestamp: 1745500883
----------------------------------------
Thread: nice_thread, Loop time exceeded: 630.48 ms
Reason: consumer time, Value: 0.00, Counter: 22, Timestamp: 1745500883
Reason: transform time, Value: 0.08, Counter: 22, Timestamp: 1745500883
Reason: global search time, Value: 552.83, Counter: 22, Timestamp: 1745500884
Reason: process time, Value: 0.00, Counter: 22, Timestamp: 1745500884
Reason: loop time, Value: 630.48, Counter: 22, Timestamp: 1745500884
----------------------------------------
Thread: nice_thread, Loop time exceeded: 697.22 ms
Reason: consumer time, Value: 0.00, Counter: 39, Timestamp: 1745500884
Reason: transform time, Value: 0.08, Counter: 39, Timestamp: 1745500884
Reason: global search time, Value: 618.48, Counter: 39, Timestamp: 1745500885
Reason: process time, Value: 0.00, Counter: 39, Timestamp: 1745500885
Reason: loop time, Value: 697.22, Counter: 39, Timestamp: 1745500885
----------------------------------------
Thread: nice_thread, Loop time exceeded: 642.70 ms
Reason: consumer time, Value: 0.00, Counter: 57, Timestamp: 1745500885
Reason: transform time, Value: 0.07, Counter: 57, Timestamp: 1745500885
Reason: global search time, Value: 567.75, Counter: 57, Timestamp: 1745500885
Reason: process time, Value: 0.00, Counter: 57, Timestamp: 1745500885
Reason: loop time, Value: 642.70, Counter: 57, Timestamp: 1745500885
----------------------------------------
Thread: nice_thread, Loop time exceeded: 704.89 ms
Reason: consumer time, Value: 0.00, Counter: 74, Timestamp: 1745500885
Reason: transform time, Value: 0.15, Counter: 74, Timestamp: 1745500885
Reason: global search time, Value: 550.23, Counter: 74, Timestamp: 1745500886
Reason: process time, Value: 0.00, Counter: 74, Timestamp: 1745500886
Reason: loop time, Value: 704.89, Counter: 74, Timestamp: 1745500886
----------------------------------------
Thread: nice_thread, Loop time exceeded: 599.01 ms
Reason: consumer time, Value: 0.00, Counter: 94, Timestamp: 1745500886
Reason: transform time, Value: 0.07, Counter: 94, Timestamp: 1745500886
Reason: global search time, Value: 528.21, Counter: 94, Timestamp: 1745500887
Reason: process time, Value: 0.00, Counter: 94, Timestamp: 1745500887
Reason: loop time, Value: 599.01, Counter: 94, Timestamp: 1745500887
----------------------------------------
Thread: nice_thread, Loop time exceeded: 681.27 ms
Reason: consumer time, Value: 0.00, Counter: 109, Timestamp: 1745500887
Reason: transform time, Value: 0.08, Counter: 109, Timestamp: 1745500887
Reason: global search time, Value: 605.21, Counter: 109, Timestamp: 1745500887
Reason: process time, Value: 0.00, Counter: 109, Timestamp: 1745500887
Reason: loop time, Value: 681.27, Counter: 109, Timestamp: 1745500887
----------------------------------------
Thread: nice_thread, Loop time exceeded: 637.73 ms
Reason: consumer time, Value: 0.00, Counter: 127, Timestamp: 1745500887
Reason: transform time, Value: 0.07, Counter: 127, Timestamp: 1745500887
Reason: global search time, Value: 563.75, Counter: 127, Timestamp: 1745500888
Reason: process time, Value: 0.00, Counter: 127, Timestamp: 1745500888
Reason: loop time, Value: 637.73, Counter: 127, Timestamp: 1745500888
----------------------------------------
Thread: nice_thread, Loop time exceeded: 683.10 ms
Reason: consumer time, Value: 0.00, Counter: 18, Timestamp: 1745500888
Reason: transform time, Value: 0.09, Counter: 18, Timestamp: 1745500888
Reason: global search time, Value: 595.69, Counter: 18, Timestamp: 1745500889
Reason: process time, Value: 0.00, Counter: 18, Timestamp: 1745500889
Reason: loop time, Value: 683.10, Counter: 18, Timestamp: 1745500889
----------------------------------------
Thread: nice_thread, Loop time exceeded: 703.59 ms
Reason: consumer time, Value: 0.00, Counter: 34, Timestamp: 1745500889
Reason: transform time, Value: 0.10, Counter: 34, Timestamp: 1745500889
Reason: global search time, Value: 602.91, Counter: 34, Timestamp: 1745500889
Reason: process time, Value: 0.00, Counter: 34, Timestamp: 1745500889
Reason: loop time, Value: 703.59, Counter: 34, Timestamp: 1745500889
----------------------------------------
Thread: nice_thread, Loop time exceeded: 575.25 ms
Reason: consumer time, Value: 0.00, Counter: 52, Timestamp: 1745500889
Reason: transform time, Value: 0.02, Counter: 52, Timestamp: 1745500889
Reason: global search time, Value: 555.34, Counter: 52, Timestamp: 1745500890
Reason: process time, Value: 0.00, Counter: 52, Timestamp: 1745500890
Reason: loop time, Value: 575.25, Counter: 52, Timestamp: 1745500890
----------------------------------------
Thread: nice_thread, Loop time exceeded: 673.40 ms
Reason: consumer time, Value: 0.00, Counter: 68, Timestamp: 1745500890
Reason: transform time, Value: 0.07, Counter: 68, Timestamp: 1745500890
Reason: global search time, Value: 598.58, Counter: 68, Timestamp: 1745500891
Reason: process time, Value: 0.00, Counter: 68, Timestamp: 1745500891
Reason: loop time, Value: 673.40, Counter: 68, Timestamp: 1745500891
----------------------------------------
Thread: nice_thread, Loop time exceeded: 685.76 ms
Reason: consumer time, Value: 0.00, Counter: 86, Timestamp: 1745500891
Reason: transform time, Value: 0.08, Counter: 86, Timestamp: 1745500891
Reason: global search time, Value: 606.62, Counter: 86, Timestamp: 1745500891
Reason: process time, Value: 0.00, Counter: 86, Timestamp: 1745500891
Reason: loop time, Value: 685.76, Counter: 86, Timestamp: 1745500891
----------------------------------------
Thread: nice_thread, Loop time exceeded: 625.59 ms
Reason: consumer time, Value: 0.00, Counter: 104, Timestamp: 1745500891
Reason: transform time, Value: 0.08, Counter: 104, Timestamp: 1745500891
Reason: global search time, Value: 543.79, Counter: 104, Timestamp: 1745500892
Reason: process time, Value: 0.00, Counter: 104, Timestamp: 1745500892
Reason: loop time, Value: 625.59, Counter: 104, Timestamp: 1745500892
----------------------------------------
Thread: nice_thread, Loop time exceeded: 678.48 ms
Reason: consumer time, Value: 0.00, Counter: 123, Timestamp: 1745500892
Reason: transform time, Value: 0.07, Counter: 123, Timestamp: 1745500892
Reason: global search time, Value: 602.49, Counter: 123, Timestamp: 1745500893
Reason: process time, Value: 0.00, Counter: 123, Timestamp: 1745500893
Reason: loop time, Value: 678.48, Counter: 123, Timestamp: 1745500893
----------------------------------------
Thread: nice_thread, Loop time exceeded: 666.88 ms
Reason: consumer time, Value: 0.00, Counter: 12, Timestamp: 1745500893
Reason: transform time, Value: 0.07, Counter: 12, Timestamp: 1745500893
Reason: global search time, Value: 596.59, Counter: 12, Timestamp: 1745500893
Reason: process time, Value: 0.00, Counter: 12, Timestamp: 1745500893
Reason: loop time, Value: 666.88, Counter: 12, Timestamp: 1745500893
----------------------------------------
Thread: nice_thread, Loop time exceeded: 615.22 ms
Reason: consumer time, Value: 0.00, Counter: 30, Timestamp: 1745500893
Reason: transform time, Value: 0.08, Counter: 30, Timestamp: 1745500893
Reason: global search time, Value: 538.44, Counter: 30, Timestamp: 1745500894
Reason: process time, Value: 0.00, Counter: 30, Timestamp: 1745500894
Reason: loop time, Value: 615.22, Counter: 30, Timestamp: 1745500894
----------------------------------------
Thread: nice_thread, Loop time exceeded: 668.66 ms
Reason: consumer time, Value: 0.00, Counter: 47, Timestamp: 1745500894
Reason: transform time, Value: 0.07, Counter: 47, Timestamp: 1745500894
Reason: global search time, Value: 595.86, Counter: 47, Timestamp: 1745500895
Reason: process time, Value: 0.00, Counter: 47, Timestamp: 1745500895
Reason: loop time, Value: 668.66, Counter: 47, Timestamp: 1745500895
----------------------------------------
Thread: nice_thread, Loop time exceeded: 664.98 ms
Reason: consumer time, Value: 0.00, Counter: 66, Timestamp: 1745500895
Reason: transform time, Value: 0.07, Counter: 66, Timestamp: 1745500895
Reason: global search time, Value: 591.27, Counter: 66, Timestamp: 1745500895
Reason: process time, Value: 0.00, Counter: 66, Timestamp: 1745500895
Reason: loop time, Value: 664.98, Counter: 66, Timestamp: 1745500895
----------------------------------------
Thread: nice_thread, Loop time exceeded: 623.12 ms
Reason: consumer time, Value: 0.00, Counter: 84, Timestamp: 1745500895
Reason: transform time, Value: 0.08, Counter: 84, Timestamp: 1745500895
Reason: global search time, Value: 541.80, Counter: 84, Timestamp: 1745500896
Reason: process time, Value: 0.00, Counter: 84, Timestamp: 1745500896
Reason: loop time, Value: 623.12, Counter: 84, Timestamp: 1745500896
----------------------------------------
Thread: nice_thread, Loop time exceeded: 653.82 ms
Reason: consumer time, Value: 0.00, Counter: 102, Timestamp: 1745500896
Reason: transform time, Value: 0.07, Counter: 102, Timestamp: 1745500896
Reason: global search time, Value: 586.96, Counter: 102, Timestamp: 1745500896
Reason: process time, Value: 0.00, Counter: 102, Timestamp: 1745500896
Reason: loop time, Value: 653.82, Counter: 102, Timestamp: 1745500896
----------------------------------------
Thread: nice_thread, Loop time exceeded: 654.88 ms
Reason: consumer time, Value: 0.00, Counter: 118, Timestamp: 1745500896
Reason: transform time, Value: 0.08, Counter: 118, Timestamp: 1745500897
Reason: global search time, Value: 572.24, Counter: 118, Timestamp: 1745500897
Reason: process time, Value: 0.00, Counter: 118, Timestamp: 1745500897
Reason: loop time, Value: 654.88, Counter: 118, Timestamp: 1745500897
----------------------------------------
Thread: nice_thread, Loop time exceeded: 665.53 ms
Reason: consumer time, Value: 0.00, Counter: 8, Timestamp: 1745500897
Reason: transform time, Value: 0.12, Counter: 8, Timestamp: 1745500897
Reason: global search time, Value: 541.26, Counter: 8, Timestamp: 1745500898
Reason: process time, Value: 0.00, Counter: 8, Timestamp: 1745500898
Reason: loop time, Value: 665.53, Counter: 8, Timestamp: 1745500898
----------------------------------------
Thread: nice_thread, Loop time exceeded: 700.74 ms
Reason: consumer time, Value: 0.00, Counter: 25, Timestamp: 1745500898
Reason: transform time, Value: 0.10, Counter: 25, Timestamp: 1745500898
Reason: global search time, Value: 595.76, Counter: 25, Timestamp: 1745500898
Reason: process time, Value: 0.00, Counter: 25, Timestamp: 1745500898
Reason: loop time, Value: 700.74, Counter: 25, Timestamp: 1745500898
----------------------------------------
Thread: nice_thread, Loop time exceeded: 610.83 ms
Reason: consumer time, Value: 0.00, Counter: 44, Timestamp: 1745500898
Reason: transform time, Value: 0.07, Counter: 44, Timestamp: 1745500899
Reason: global search time, Value: 535.40, Counter: 44, Timestamp: 1745500899
Reason: process time, Value: 0.00, Counter: 44, Timestamp: 1745500899
Reason: loop time, Value: 610.83, Counter: 44, Timestamp: 1745500899
----------------------------------------
Thread: nice_thread, Loop time exceeded: 667.81 ms
Reason: consumer time, Value: 0.00, Counter: 62, Timestamp: 1745500899
Reason: transform time, Value: 0.12, Counter: 62, Timestamp: 1745500899
Reason: global search time, Value: 549.54, Counter: 62, Timestamp: 1745500900
Reason: process time, Value: 0.00, Counter: 62, Timestamp: 1745500900
Reason: loop time, Value: 667.81, Counter: 62, Timestamp: 1745500900
----------------------------------------
Thread: nice_thread, Loop time exceeded: 721.64 ms
Reason: consumer time, Value: 0.00, Counter: 78, Timestamp: 1745500900
Reason: transform time, Value: 0.08, Counter: 78, Timestamp: 1745500900
Reason: global search time, Value: 639.16, Counter: 78, Timestamp: 1745500900
Reason: process time, Value: 0.00, Counter: 78, Timestamp: 1745500900
Reason: loop time, Value: 721.64, Counter: 78, Timestamp: 1745500900
----------------------------------------
Thread: nice_thread, Loop time exceeded: 696.46 ms
Reason: consumer time, Value: 0.00, Counter: 97, Timestamp: 1745500900
Reason: transform time, Value: 0.08, Counter: 97, Timestamp: 1745500901
Reason: global search time, Value: 614.90, Counter: 97, Timestamp: 1745500901
Reason: process time, Value: 0.00, Counter: 97, Timestamp: 1745500901
Reason: loop time, Value: 696.46, Counter: 97, Timestamp: 1745500901
----------------------------------------
Thread: nice_thread, Loop time exceeded: 632.65 ms
Reason: consumer time, Value: 0.00, Counter: 115, Timestamp: 1745500901
Reason: transform time, Value: 0.08, Counter: 115, Timestamp: 1745500901
Reason: global search time, Value: 556.34, Counter: 115, Timestamp: 1745500902
Reason: process time, Value: 0.00, Counter: 115, Timestamp: 1745500902
Reason: loop time, Value: 632.65, Counter: 115, Timestamp: 1745500902
----------------------------------------
Thread: nice_thread, Loop time exceeded: 666.98 ms
Reason: consumer time, Value: 0.00, Counter: 6, Timestamp: 1745500902
Reason: transform time, Value: 0.07, Counter: 6, Timestamp: 1745500902
Reason: global search time, Value: 593.73, Counter: 6, Timestamp: 1745500902
Reason: process time, Value: 0.00, Counter: 6, Timestamp: 1745500902
Reason: loop time, Value: 666.98, Counter: 6, Timestamp: 1745500902
----------------------------------------
Thread: nice_thread, Loop time exceeded: 582.12 ms
Reason: consumer time, Value: 0.00, Counter: 25, Timestamp: 1745500902
Reason: transform time, Value: 0.03, Counter: 25, Timestamp: 1745500903
Reason: global search time, Value: 550.51, Counter: 25, Timestamp: 1745500903
Reason: process time, Value: 0.00, Counter: 25, Timestamp: 1745500903
Reason: loop time, Value: 582.12, Counter: 25, Timestamp: 1745500903
----------------------------------------
Thread: nice_thread, Loop time exceeded: 648.46 ms
Reason: consumer time, Value: 0.00, Counter: 40, Timestamp: 1745500903
Reason: transform time, Value: 0.11, Counter: 40, Timestamp: 1745500903
Reason: global search time, Value: 535.66, Counter: 40, Timestamp: 1745500904
Reason: process time, Value: 0.00, Counter: 40, Timestamp: 1745500904
Reason: loop time, Value: 648.46, Counter: 40, Timestamp: 1745500904
----------------------------------------
Thread: nice_thread, Loop time exceeded: 659.50 ms
Reason: consumer time, Value: 0.00, Counter: 57, Timestamp: 1745500904
Reason: transform time, Value: 0.08, Counter: 57, Timestamp: 1745500904
Reason: global search time, Value: 580.98, Counter: 57, Timestamp: 1745500904
Reason: process time, Value: 0.00, Counter: 57, Timestamp: 1745500904
Reason: loop time, Value: 659.50, Counter: 57, Timestamp: 1745500904
----------------------------------------
Thread: nice_thread, Loop time exceeded: 608.69 ms
Reason: consumer time, Value: 0.00, Counter: 74, Timestamp: 1745500904
Reason: transform time, Value: 0.03, Counter: 74, Timestamp: 1745500904
Reason: global search time, Value: 582.34, Counter: 74, Timestamp: 1745500905
Reason: process time, Value: 0.00, Counter: 74, Timestamp: 1745500905
Reason: loop time, Value: 608.69, Counter: 74, Timestamp: 1745500905
----------------------------------------
Thread: nice_thread, Loop time exceeded: 660.06 ms
Reason: consumer time, Value: 0.00, Counter: 92, Timestamp: 1745500905
Reason: transform time, Value: 0.08, Counter: 92, Timestamp: 1745500905
Reason: global search time, Value: 579.16, Counter: 92, Timestamp: 1745500906
Reason: process time, Value: 0.00, Counter: 92, Timestamp: 1745500906
Reason: loop time, Value: 660.06, Counter: 92, Timestamp: 1745500906
----------------------------------------
Thread: nice_thread, Loop time exceeded: 682.66 ms
Reason: consumer time, Value: 0.00, Counter: 110, Timestamp: 1745500906
Reason: transform time, Value: 0.08, Counter: 110, Timestamp: 1745500906
Reason: global search time, Value: 604.05, Counter: 110, Timestamp: 1745500906
Reason: process time, Value: 0.00, Counter: 110, Timestamp: 1745500906
Reason: loop time, Value: 682.66, Counter: 110, Timestamp: 1745500906
----------------------------------------
Thread: nice_thread, Loop time exceeded: 621.63 ms
Reason: consumer time, Value: 0.00, Counter: 0, Timestamp: 1745500906
Reason: transform time, Value: 0.07, Counter: 0, Timestamp: 1745500906
Reason: global search time, Value: 552.26, Counter: 0, Timestamp: 1745500907
Reason: process time, Value: 0.00, Counter: 0, Timestamp: 1745500907
Reason: loop time, Value: 621.63, Counter: 0, Timestamp: 1745500907
----------------------------------------
Thread: nice_thread, Loop time exceeded: 666.23 ms
Reason: consumer time, Value: 0.00, Counter: 16, Timestamp: 1745500907
Reason: transform time, Value: 0.02, Counter: 16, Timestamp: 1745500907
Reason: global search time, Value: 649.88, Counter: 16, Timestamp: 1745500908
Reason: process time, Value: 0.00, Counter: 16, Timestamp: 1745500908
Reason: loop time, Value: 666.23, Counter: 16, Timestamp: 1745500908
----------------------------------------
Thread: nice_thread, Loop time exceeded: 891.16 ms
Reason: consumer time, Value: 0.00, Counter: 32, Timestamp: 1745500908
Reason: transform time, Value: 0.12, Counter: 32, Timestamp: 1745500908
Reason: global search time, Value: 774.77, Counter: 32, Timestamp: 1745500908
Reason: process time, Value: 0.00, Counter: 32, Timestamp: 1745500908
Reason: loop time, Value: 891.16, Counter: 32, Timestamp: 1745500908
----------------------------------------
Thread: nice_thread, Loop time exceeded: 695.81 ms
Reason: consumer time, Value: 0.00, Counter: 49, Timestamp: 1745500908
Reason: transform time, Value: 0.07, Counter: 49, Timestamp: 1745500909
Reason: global search time, Value: 620.37, Counter: 49, Timestamp: 1745500909
Reason: process time, Value: 0.00, Counter: 49, Timestamp: 1745500909
Reason: loop time, Value: 695.81, Counter: 49, Timestamp: 1745500909
----------------------------------------
Thread: nice_thread, Loop time exceeded: 637.00 ms
Reason: consumer time, Value: 0.00, Counter: 67, Timestamp: 1745500909
Reason: transform time, Value: 0.03, Counter: 67, Timestamp: 1745500909
Reason: global search time, Value: 608.84, Counter: 67, Timestamp: 1745500910
Reason: process time, Value: 0.00, Counter: 67, Timestamp: 1745500910
Reason: loop time, Value: 637.00, Counter: 67, Timestamp: 1745500910
----------------------------------------
Thread: nice_thread, Loop time exceeded: 646.05 ms
Reason: consumer time, Value: 0.00, Counter: 83, Timestamp: 1745500910
Reason: transform time, Value: 0.03, Counter: 83, Timestamp: 1745500910
Reason: global search time, Value: 618.05, Counter: 83, Timestamp: 1745500910
Reason: process time, Value: 0.00, Counter: 83, Timestamp: 1745500910
Reason: loop time, Value: 646.05, Counter: 83, Timestamp: 1745500910
----------------------------------------
Thread: nice_thread, Loop time exceeded: 636.50 ms
Reason: consumer time, Value: 0.00, Counter: 99, Timestamp: 1745500910
Reason: transform time, Value: 0.07, Counter: 99, Timestamp: 1745500911
Reason: global search time, Value: 566.85, Counter: 99, Timestamp: 1745500911
Reason: process time, Value: 0.00, Counter: 99, Timestamp: 1745500911
Reason: loop time, Value: 636.50, Counter: 99, Timestamp: 1745500911
----------------------------------------
Thread: nice_thread, Loop time exceeded: 727.03 ms
Reason: consumer time, Value: 0.00, Counter: 117, Timestamp: 1745500911
Reason: transform time, Value: 0.13, Counter: 117, Timestamp: 1745500911
Reason: global search time, Value: 598.73, Counter: 117, Timestamp: 1745500912
Reason: process time, Value: 0.00, Counter: 117, Timestamp: 1745500912
Reason: loop time, Value: 727.03, Counter: 117, Timestamp: 1745500912
----------------------------------------
Thread: nice_thread, Loop time exceeded: 694.27 ms
Reason: consumer time, Value: 0.00, Counter: 6, Timestamp: 1745500912
Reason: transform time, Value: 0.08, Counter: 6, Timestamp: 1745500912
Reason: global search time, Value: 613.30, Counter: 6, Timestamp: 1745500913
Reason: process time, Value: 0.00, Counter: 6, Timestamp: 1745500913
Reason: loop time, Value: 694.27, Counter: 6, Timestamp: 1745500913
----------------------------------------
Thread: nice_thread, Loop time exceeded: 707.54 ms
Reason: consumer time, Value: 0.00, Counter: 23, Timestamp: 1745500913
Reason: transform time, Value: 0.10, Counter: 23, Timestamp: 1745500913
Reason: global search time, Value: 608.49, Counter: 23, Timestamp: 1745500913
Reason: process time, Value: 0.00, Counter: 23, Timestamp: 1745500913
Reason: loop time, Value: 707.54, Counter: 23, Timestamp: 1745500913
----------------------------------------
Thread: nice_thread, Loop time exceeded: 683.96 ms
Reason: consumer time, Value: 0.00, Counter: 42, Timestamp: 1745500913
Reason: transform time, Value: 0.07, Counter: 42, Timestamp: 1745500913
Reason: global search time, Value: 608.34, Counter: 42, Timestamp: 1745500914
Reason: process time, Value: 0.00, Counter: 42, Timestamp: 1745500914
Reason: loop time, Value: 683.96, Counter: 42, Timestamp: 1745500914
----------------------------------------
Thread: nice_thread, Loop time exceeded: 728.28 ms
Reason: consumer time, Value: 0.00, Counter: 61, Timestamp: 1745500914
Reason: transform time, Value: 0.08, Counter: 61, Timestamp: 1745500914
Reason: global search time, Value: 645.48, Counter: 61, Timestamp: 1745500915
Reason: process time, Value: 0.00, Counter: 61, Timestamp: 1745500915
Reason: loop time, Value: 728.28, Counter: 61, Timestamp: 1745500915
----------------------------------------
Thread: nice_thread, Loop time exceeded: 706.09 ms
Reason: consumer time, Value: 0.00, Counter: 80, Timestamp: 1745500915
Reason: transform time, Value: 0.07, Counter: 80, Timestamp: 1745500915
Reason: global search time, Value: 632.79, Counter: 80, Timestamp: 1745500915
Reason: process time, Value: 0.00, Counter: 80, Timestamp: 1745500915
Reason: loop time, Value: 706.09, Counter: 80, Timestamp: 1745500915
----------------------------------------
Thread: nice_thread, Loop time exceeded: 689.54 ms
Reason: consumer time, Value: 0.00, Counter: 100, Timestamp: 1745500915
Reason: transform time, Value: 0.08, Counter: 100, Timestamp: 1745500915
Reason: global search time, Value: 607.83, Counter: 100, Timestamp: 1745500916
Reason: process time, Value: 0.00, Counter: 100, Timestamp: 1745500916
Reason: loop time, Value: 689.54, Counter: 100, Timestamp: 1745500916
----------------------------------------
Thread: nice_thread, Loop time exceeded: 754.42 ms
Reason: consumer time, Value: 0.00, Counter: 119, Timestamp: 1745500916
Reason: transform time, Value: 0.13, Counter: 119, Timestamp: 1745500916
Reason: global search time, Value: 624.19, Counter: 119, Timestamp: 1745500917
Reason: process time, Value: 0.00, Counter: 119, Timestamp: 1745500917
Reason: loop time, Value: 754.42, Counter: 119, Timestamp: 1745500917
----------------------------------------
Thread: nice_thread, Loop time exceeded: 690.34 ms
Reason: consumer time, Value: 0.00, Counter: 11, Timestamp: 1745500917
Reason: transform time, Value: 0.08, Counter: 11, Timestamp: 1745500917
Reason: global search time, Value: 613.89, Counter: 11, Timestamp: 1745500917
Reason: process time, Value: 0.00, Counter: 11, Timestamp: 1745500917
Reason: loop time, Value: 690.34, Counter: 11, Timestamp: 1745500917
----------------------------------------
Thread: nice_thread, Loop time exceeded: 703.00 ms
Reason: consumer time, Value: 0.00, Counter: 28, Timestamp: 1745500917
Reason: transform time, Value: 0.08, Counter: 28, Timestamp: 1745500918
Reason: global search time, Value: 620.40, Counter: 28, Timestamp: 1745500918
Reason: process time, Value: 0.00, Counter: 28, Timestamp: 1745500918
Reason: loop time, Value: 703.00, Counter: 28, Timestamp: 1745500918
----------------------------------------
Thread: nice_thread, Loop time exceeded: 681.88 ms
Reason: consumer time, Value: 0.00, Counter: 47, Timestamp: 1745500918
Reason: transform time, Value: 0.08, Counter: 47, Timestamp: 1745500918
Reason: global search time, Value: 603.21, Counter: 47, Timestamp: 1745500919
Reason: process time, Value: 0.00, Counter: 47, Timestamp: 1745500919
Reason: loop time, Value: 681.88, Counter: 47, Timestamp: 1745500919
----------------------------------------
Thread: nice_thread, Loop time exceeded: 730.60 ms
Reason: consumer time, Value: 0.00, Counter: 66, Timestamp: 1745500919
Reason: transform time, Value: 0.08, Counter: 66, Timestamp: 1745500919
Reason: global search time, Value: 650.15, Counter: 66, Timestamp: 1745500920
Reason: process time, Value: 0.00, Counter: 66, Timestamp: 1745500920
Reason: loop time, Value: 730.60, Counter: 66, Timestamp: 1745500920
----------------------------------------
Thread: nice_thread, Loop time exceeded: 720.18 ms
Reason: consumer time, Value: 0.00, Counter: 85, Timestamp: 1745500920
Reason: transform time, Value: 0.09, Counter: 85, Timestamp: 1745500920
Reason: global search time, Value: 634.10, Counter: 85, Timestamp: 1745500920
Reason: process time, Value: 0.00, Counter: 85, Timestamp: 1745500920
Reason: loop time, Value: 720.18, Counter: 85, Timestamp: 1745500920
----------------------------------------
Thread: nice_thread, Loop time exceeded: 632.89 ms
Reason: consumer time, Value: 0.00, Counter: 105, Timestamp: 1745500920
Reason: transform time, Value: 0.08, Counter: 105, Timestamp: 1745500920
Reason: global search time, Value: 549.72, Counter: 105, Timestamp: 1745500921
Reason: process time, Value: 0.00, Counter: 105, Timestamp: 1745500921
Reason: loop time, Value: 632.89, Counter: 105, Timestamp: 1745500921
----------------------------------------
Thread: nice_thread, Loop time exceeded: 722.17 ms
Reason: consumer time, Value: 0.00, Counter: 123, Timestamp: 1745500921
Reason: transform time, Value: 0.07, Counter: 123, Timestamp: 1745500921
Reason: global search time, Value: 649.36, Counter: 123, Timestamp: 1745500922
Reason: process time, Value: 0.00, Counter: 123, Timestamp: 1745500922
Reason: loop time, Value: 722.17, Counter: 123, Timestamp: 1745500922
----------------------------------------
Thread: nice_thread, Loop time exceeded: 723.27 ms
Reason: consumer time, Value: 0.00, Counter: 14, Timestamp: 1745500922
Reason: transform time, Value: 0.08, Counter: 14, Timestamp: 1745500922
Reason: global search time, Value: 646.79, Counter: 14, Timestamp: 1745500922
Reason: process time, Value: 0.00, Counter: 14, Timestamp: 1745500922
Reason: loop time, Value: 723.27, Counter: 14, Timestamp: 1745500922
----------------------------------------
Thread: nice_thread, Loop time exceeded: 704.48 ms
Reason: consumer time, Value: 0.00, Counter: 33, Timestamp: 1745500922
Reason: transform time, Value: 0.09, Counter: 33, Timestamp: 1745500922
Reason: global search time, Value: 613.00, Counter: 33, Timestamp: 1745500923
Reason: process time, Value: 0.00, Counter: 33, Timestamp: 1745500923
Reason: loop time, Value: 704.48, Counter: 33, Timestamp: 1745500923
----------------------------------------
Thread: nice_thread, Loop time exceeded: 708.42 ms
Reason: consumer time, Value: 0.00, Counter: 53, Timestamp: 1745500923
Reason: transform time, Value: 0.13, Counter: 53, Timestamp: 1745500923
Reason: global search time, Value: 576.89, Counter: 53, Timestamp: 1745500924
Reason: process time, Value: 0.00, Counter: 53, Timestamp: 1745500924
Reason: loop time, Value: 708.42, Counter: 53, Timestamp: 1745500924
----------------------------------------
Thread: nice_thread, Loop time exceeded: 718.45 ms
Reason: consumer time, Value: 0.00, Counter: 72, Timestamp: 1745500924
Reason: transform time, Value: 0.07, Counter: 72, Timestamp: 1745500924
Reason: global search time, Value: 645.05, Counter: 72, Timestamp: 1745500925
Reason: process time, Value: 0.00, Counter: 72, Timestamp: 1745500925
Reason: loop time, Value: 718.45, Counter: 72, Timestamp: 1745500925
----------------------------------------
Thread: nice_thread, Loop time exceeded: 720.51 ms
Reason: consumer time, Value: 0.00, Counter: 90, Timestamp: 1745500925
Reason: transform time, Value: 0.09, Counter: 90, Timestamp: 1745500925
Reason: global search time, Value: 631.06, Counter: 90, Timestamp: 1745500925
Reason: process time, Value: 0.00, Counter: 90, Timestamp: 1745500925
Reason: loop time, Value: 720.51, Counter: 90, Timestamp: 1745500925
----------------------------------------
Thread: nice_thread, Loop time exceeded: 651.27 ms
Reason: consumer time, Value: 0.00, Counter: 108, Timestamp: 1745500925
Reason: transform time, Value: 0.07, Counter: 108, Timestamp: 1745500925
Reason: global search time, Value: 577.83, Counter: 108, Timestamp: 1745500926
Reason: process time, Value: 0.00, Counter: 108, Timestamp: 1745500926
Reason: loop time, Value: 651.27, Counter: 108, Timestamp: 1745500926
----------------------------------------
Thread: nice_thread, Loop time exceeded: 708.15 ms
Reason: consumer time, Value: 0.00, Counter: 125, Timestamp: 1745500926
Reason: transform time, Value: 0.07, Counter: 125, Timestamp: 1745500926
Reason: global search time, Value: 632.41, Counter: 125, Timestamp: 1745500927
Reason: process time, Value: 0.00, Counter: 125, Timestamp: 1745500927
Reason: loop time, Value: 708.15, Counter: 125, Timestamp: 1745500927
----------------------------------------
Thread: nice_thread, Loop time exceeded: 720.23 ms
Reason: consumer time, Value: 0.00, Counter: 15, Timestamp: 1745500927
Reason: transform time, Value: 0.08, Counter: 15, Timestamp: 1745500927
Reason: global search time, Value: 636.46, Counter: 15, Timestamp: 1745500927
Reason: process time, Value: 0.00, Counter: 15, Timestamp: 1745500927
Reason: loop time, Value: 720.23, Counter: 15, Timestamp: 1745500927
----------------------------------------
Thread: nice_thread, Loop time exceeded: 657.47 ms
Reason: consumer time, Value: 0.00, Counter: 34, Timestamp: 1745500927
Reason: transform time, Value: 0.07, Counter: 34, Timestamp: 1745500927
Reason: global search time, Value: 585.53, Counter: 34, Timestamp: 1745500928
Reason: process time, Value: 0.00, Counter: 34, Timestamp: 1745500928
Reason: loop time, Value: 657.47, Counter: 34, Timestamp: 1745500928
----------------------------------------
Thread: nice_thread, Loop time exceeded: 726.81 ms
Reason: consumer time, Value: 0.00, Counter: 52, Timestamp: 1745500928
Reason: transform time, Value: 0.17, Counter: 52, Timestamp: 1745500928
Reason: global search time, Value: 557.64, Counter: 52, Timestamp: 1745500929
Reason: process time, Value: 0.00, Counter: 52, Timestamp: 1745500929
Reason: loop time, Value: 726.81, Counter: 52, Timestamp: 1745500929
----------------------------------------
Thread: nice_thread, Loop time exceeded: 726.19 ms
Reason: consumer time, Value: 0.00, Counter: 70, Timestamp: 1745500929
Reason: transform time, Value: 0.08, Counter: 70, Timestamp: 1745500929
Reason: global search time, Value: 643.74, Counter: 70, Timestamp: 1745500929
Reason: process time, Value: 0.00, Counter: 70, Timestamp: 1745500929
Reason: loop time, Value: 726.19, Counter: 70, Timestamp: 1745500929
----------------------------------------
Thread: nice_thread, Loop time exceeded: 732.90 ms
Reason: consumer time, Value: 0.00, Counter: 89, Timestamp: 1745500929
Reason: transform time, Value: 0.09, Counter: 89, Timestamp: 1745500930
Reason: global search time, Value: 645.35, Counter: 89, Timestamp: 1745500930
Reason: process time, Value: 0.00, Counter: 89, Timestamp: 1745500930
Reason: loop time, Value: 732.90, Counter: 89, Timestamp: 1745500930
----------------------------------------
Thread: nice_thread, Loop time exceeded: 689.43 ms
Reason: consumer time, Value: 0.00, Counter: 108, Timestamp: 1745500930
Reason: transform time, Value: 0.08, Counter: 108, Timestamp: 1745500930
Reason: global search time, Value: 610.04, Counter: 108, Timestamp: 1745500931
Reason: process time, Value: 0.00, Counter: 108, Timestamp: 1745500931
Reason: loop time, Value: 689.43, Counter: 108, Timestamp: 1745500931
----------------------------------------
Thread: nice_thread, Loop time exceeded: 721.68 ms
Reason: consumer time, Value: 0.00, Counter: 127, Timestamp: 1745500931
Reason: transform time, Value: 0.08, Counter: 127, Timestamp: 1745500931
Reason: global search time, Value: 638.36, Counter: 127, Timestamp: 1745500932
Reason: process time, Value: 0.00, Counter: 127, Timestamp: 1745500932
Reason: loop time, Value: 721.68, Counter: 127, Timestamp: 1745500932
----------------------------------------
Thread: nice_thread, Loop time exceeded: 723.80 ms
Reason: consumer time, Value: 0.00, Counter: 19, Timestamp: 1745500932
Reason: transform time, Value: 0.08, Counter: 19, Timestamp: 1745500932
Reason: global search time, Value: 641.50, Counter: 19, Timestamp: 1745500932
Reason: process time, Value: 0.00, Counter: 19, Timestamp: 1745500932
Reason: loop time, Value: 723.80, Counter: 19, Timestamp: 1745500932
----------------------------------------
Thread: nice_thread, Loop time exceeded: 649.22 ms
Reason: consumer time, Value: 0.00, Counter: 37, Timestamp: 1745500932
Reason: transform time, Value: 0.07, Counter: 37, Timestamp: 1745500932
Reason: global search time, Value: 573.22, Counter: 37, Timestamp: 1745500933
Reason: process time, Value: 0.00, Counter: 37, Timestamp: 1745500933
Reason: loop time, Value: 649.22, Counter: 37, Timestamp: 1745500933
----------------------------------------
Thread: nice_thread, Loop time exceeded: 719.91 ms
Reason: consumer time, Value: 0.00, Counter: 56, Timestamp: 1745500933
Reason: transform time, Value: 0.08, Counter: 56, Timestamp: 1745500933
Reason: global search time, Value: 639.05, Counter: 56, Timestamp: 1745500934
Reason: process time, Value: 0.00, Counter: 56, Timestamp: 1745500934
Reason: loop time, Value: 719.91, Counter: 56, Timestamp: 1745500934
----------------------------------------
Thread: nice_thread, Loop time exceeded: 633.96 ms
Reason: consumer time, Value: 0.00, Counter: 74, Timestamp: 1745500934
Reason: transform time, Value: 0.02, Counter: 74, Timestamp: 1745500934
Reason: global search time, Value: 610.23, Counter: 74, Timestamp: 1745500934
Reason: process time, Value: 0.00, Counter: 74, Timestamp: 1745500934
Reason: loop time, Value: 633.96, Counter: 74, Timestamp: 1745500934
----------------------------------------
Thread: nice_thread, Loop time exceeded: 599.76 ms
Reason: consumer time, Value: 0.00, Counter: 90, Timestamp: 1745500934
Reason: transform time, Value: 0.03, Counter: 90, Timestamp: 1745500934
Reason: global search time, Value: 567.58, Counter: 90, Timestamp: 1745500935
Reason: process time, Value: 0.00, Counter: 90, Timestamp: 1745500935
Reason: loop time, Value: 599.76, Counter: 90, Timestamp: 1745500935
----------------------------------------
Thread: nice_thread, Loop time exceeded: 704.59 ms
Reason: consumer time, Value: 0.00, Counter: 107, Timestamp: 1745500935
Reason: transform time, Value: 0.07, Counter: 107, Timestamp: 1745500935
Reason: global search time, Value: 630.89, Counter: 107, Timestamp: 1745500936
Reason: process time, Value: 0.00, Counter: 107, Timestamp: 1745500936
Reason: loop time, Value: 704.59, Counter: 107, Timestamp: 1745500936
----------------------------------------
Thread: nice_thread, Loop time exceeded: 662.94 ms
Reason: consumer time, Value: 0.00, Counter: 126, Timestamp: 1745500936
Reason: transform time, Value: 0.01, Counter: 126, Timestamp: 1745500936
Reason: global search time, Value: 648.64, Counter: 126, Timestamp: 1745500936
Reason: process time, Value: 0.00, Counter: 126, Timestamp: 1745500936
Reason: loop time, Value: 662.94, Counter: 126, Timestamp: 1745500936
----------------------------------------
Thread: nice_thread, Loop time exceeded: 615.50 ms
Reason: consumer time, Value: 0.00, Counter: 17, Timestamp: 1745500936
Reason: transform time, Value: 0.03, Counter: 17, Timestamp: 1745500936
Reason: global search time, Value: 589.41, Counter: 17, Timestamp: 1745500937
Reason: process time, Value: 0.00, Counter: 17, Timestamp: 1745500937
Reason: loop time, Value: 615.50, Counter: 17, Timestamp: 1745500937
----------------------------------------
Thread: nice_thread, Loop time exceeded: 731.41 ms
Reason: consumer time, Value: 0.00, Counter: 35, Timestamp: 1745500937
Reason: transform time, Value: 0.08, Counter: 35, Timestamp: 1745500937
Reason: global search time, Value: 646.76, Counter: 35, Timestamp: 1745500938
Reason: process time, Value: 0.00, Counter: 35, Timestamp: 1745500938
Reason: loop time, Value: 731.41, Counter: 35, Timestamp: 1745500938
----------------------------------------
Thread: nice_thread, Loop time exceeded: 712.09 ms
Reason: consumer time, Value: 0.00, Counter: 54, Timestamp: 1745500938
Reason: transform time, Value: 0.08, Counter: 54, Timestamp: 1745500938
Reason: global search time, Value: 633.08, Counter: 54, Timestamp: 1745500938
Reason: process time, Value: 0.00, Counter: 54, Timestamp: 1745500938
Reason: loop time, Value: 712.09, Counter: 54, Timestamp: 1745500938
----------------------------------------
Thread: nice_thread, Loop time exceeded: 600.37 ms
Reason: consumer time, Value: 0.00, Counter: 73, Timestamp: 1745500938
Reason: transform time, Value: 0.03, Counter: 73, Timestamp: 1745500938
Reason: global search time, Value: 573.51, Counter: 73, Timestamp: 1745500939
Reason: process time, Value: 0.00, Counter: 73, Timestamp: 1745500939
Reason: loop time, Value: 600.37, Counter: 73, Timestamp: 1745500939
----------------------------------------
Thread: nice_thread, Loop time exceeded: 516.59 ms
Reason: consumer time, Value: 0.00, Counter: 91, Timestamp: 1745500939
Reason: transform time, Value: 0.06, Counter: 91, Timestamp: 1745500939
Reason: global search time, Value: 457.66, Counter: 91, Timestamp: 1745500939
Reason: process time, Value: 0.00, Counter: 91, Timestamp: 1745500939
Reason: loop time, Value: 516.59, Counter: 91, Timestamp: 1745500939
----------------------------------------
Thread: nice_thread, Loop time exceeded: 485.73 ms
Reason: consumer time, Value: 0.00, Counter: 106, Timestamp: 1745500939
Reason: transform time, Value: 0.06, Counter: 106, Timestamp: 1745500940
Reason: global search time, Value: 430.22, Counter: 106, Timestamp: 1745500940
Reason: process time, Value: 0.00, Counter: 106, Timestamp: 1745500940
Reason: loop time, Value: 485.73, Counter: 106, Timestamp: 1745500940
----------------------------------------
Thread: nice_thread, Loop time exceeded: 420.53 ms
Reason: consumer time, Value: 0.00, Counter: 121, Timestamp: 1745500940
Reason: transform time, Value: 0.01, Counter: 121, Timestamp: 1745500940
Reason: global search time, Value: 407.52, Counter: 121, Timestamp: 1745500940
Reason: process time, Value: 0.00, Counter: 121, Timestamp: 1745500940
Reason: loop time, Value: 420.53, Counter: 121, Timestamp: 1745500940
----------------------------------------
