Core number: 2
Remap: 62.37 ms
Transform color: 6.182 ms
Core number: 2
Remap: 21.538 ms
Transform color: 1.197 ms
Core number: 2
Remap: 79.105 ms
Transform color: 5.249 ms
Core number: 2
Remap: 78.613 ms
Transform color: 4.37 ms
Core number: 2
Remap: 74.932 ms
Transform color: 6.674 ms
Core number: 2
Remap: 69.016 ms
Transform color: 5.418 ms
Core number: 2
Remap: 69.737 ms
Transform color: 5.071 ms
Core number: 2
Remap: 77.967 ms
Transform color: 2.221 ms
Core number: 2
Remap: 69.045 ms
Transform color: 6.609 ms
Core number: 2
Remap: 106.786 ms
Transform color: 5.558 ms
Core number: 2
Remap: 64.89 ms
Transform color: 5.025 ms
Core number: 2
Remap: 59.91 ms
Transform color: 6.135 ms
Core number: 2
Remap: 64.51 ms
Transform color: 4.602 ms
Core number: 2
Remap: 24.815 ms
Transform color: 2.691 ms
Core number: 2
Remap: 118.238 ms
Transform color: 2.277 ms
Core number: 2
Remap: 64.477 ms
Transform color: 6.813 ms
Core number: 2
Remap: 73.853 ms
Transform color: 6.876 ms
Core number: 2
Remap: 107.805 ms
Transform color: 2.155 ms
Core number: 2
Remap: 69.129 ms
Transform color: 1.699 ms
Core number: 2
Remap: 44.532 ms
Transform color: 3.4 ms
Core number: 2
Remap: 72.204 ms
Transform color: 5.848 ms
Core number: 2
Remap: 79.996 ms
Transform color: 5.638 ms
Core number: 2
Remap: 81.164 ms
Transform color: 6.132 ms
Core number: 2
Remap: 103.5 ms
Transform color: 1.955 ms
Core number: 2
Remap: 71.653 ms
Transform color: 2.859 ms
Core number: 2
Remap: 19.208 ms
Transform color: 2.253 ms
Core number: 2
Remap: 73.648 ms
Transform color: 4.149 ms
Core number: 2
Remap: 25.031 ms
Transform color: 4.53 ms
Core number: 2
Remap: 71.703 ms
Transform color: 4.53 ms
Core number: 2
Remap: 70.384 ms
Transform color: 4.764 ms
Core number: 2
Remap: 75.556 ms
Transform color: 4.589 ms
Core number: 2
Remap: 76.628 ms
Transform color: 5.992 ms
Core number: 2
Remap: 117 ms
Transform color: 1.939 ms
Core number: 2
Remap: 68.855 ms
Transform color: 3.35 ms
Core number: 2
Remap: 70.319 ms
Transform color: 1.668 ms
Core number: 2
Remap: 23.682 ms
Transform color: 3.924 ms
Core number: 2
Remap: 70.124 ms
Transform color: 7.286 ms
Core number: 2
Remap: 119.603 ms
Transform color: 2.065 ms
Core number: 2
Remap: 74.285 ms
Transform color: 6.89 ms
Core number: 2
Remap: 70.264 ms
Transform color: 5.991 ms
Core number: 2
Remap: 77.424 ms
Transform color: 6.012 ms
Core number: 2
Remap: 69.709 ms
Transform color: 5.178 ms
Core number: 2
Remap: 113.285 ms
Transform color: 2.401 ms
Core number: 2
Remap: 20.061 ms
Transform color: 2.27 ms
Core number: 2
Remap: 77.982 ms
Transform color: 7.21 ms
Core number: 2
Remap: 72.127 ms
Transform color: 2.283 ms
Core number: 2
Remap: 71.75 ms
Transform color: 5.772 ms
Core number: 2
Remap: 121.111 ms
Transform color: 4.982 ms
Core number: 2
Remap: 97.412 ms
Transform color: 1.765 ms
Core number: 2
Remap: 74.382 ms
Transform color: 6.773 ms
Core number: 2
Remap: 79.77 ms
Transform color: 2.688 ms
Core number: 2
Remap: 59.511 ms
Transform color: 1.983 ms
Core number: 2
Remap: 73.628 ms
Transform color: 5.798 ms
Core number: 2
Remap: 71.698 ms
Transform color: 4.608 ms
Core number: 2
Remap: 74.78 ms
Transform color: 70.35 ms
Core number: 2
Remap: 69.06 ms
Transform color: 7.024 ms
Core number: 2
Remap: 74.792 ms
Transform color: 4.431 ms
Core number: 2
Remap: 68.328 ms
Transform color: 6.04 ms
Core number: 2
Remap: 69.349 ms
Transform color: 5.268 ms
Core number: 2
Remap: 70.178 ms
Transform color: 39.021 ms
Core number: 2
Remap: 76.392 ms
Transform color: 6.314 ms
Core number: 2
Remap: 71.448 ms
Transform color: 6.16 ms
Core number: 2
Remap: 72.2 ms
Transform color: 5.295 ms
Core number: 2
Remap: 78.242 ms
Transform color: 6.863 ms
Core number: 2
Remap: 73.116 ms
Transform color: 4.681 ms
Core number: 2
Remap: 69.219 ms
Transform color: 4.482 ms
Core number: 2
Remap: 77.477 ms
Transform color: 7.767 ms
Core number: 2
Remap: 122.561 ms
Transform color: 2.168 ms
Core number: 2
Remap: 76.992 ms
Transform color: 2.159 ms
Core number: 2
Remap: 78.702 ms
Transform color: 7.363 ms
Core number: 2
Remap: 72.663 ms
Transform color: 4.413 ms
Core number: 2
Remap: 76.885 ms
Transform color: 5.468 ms
Core number: 2
Remap: 75.612 ms
Transform color: 6.248 ms
Core number: 2
Remap: 122.564 ms
Transform color: 5.536 ms
Core number: 2
Remap: 70.565 ms
Transform color: 4.201 ms
Core number: 2
Remap: 70.233 ms
Transform color: 5.768 ms
Core number: 2
Remap: 67.373 ms
Transform color: 2.268 ms
Core number: 2
Remap: 73.256 ms
Transform color: 4.745 ms
Core number: 2
Remap: 78.088 ms
Transform color: 2.895 ms
Core number: 2
Remap: 122.779 ms
Transform color: 6.071 ms
Core number: 2
Remap: 69.932 ms
Transform color: 6.526 ms
Core number: 2
Remap: 83.332 ms
Transform color: 8.406 ms
Core number: 2
Remap: 129.168 ms
Transform color: 6.408 ms
Core number: 2
Remap: 80.452 ms
Transform color: 7.288 ms
Core number: 2
Remap: 75.753 ms
Transform color: 6.456 ms
Core number: 2
Remap: 127.878 ms
Transform color: 6.157 ms
Core number: 2
Remap: 68.669 ms
Transform color: 6.761 ms
Core number: 2
Remap: 93.493 ms
Transform color: 87.505 ms
Core number: 2
Remap: 63.448 ms
Transform color: 5.917 ms
Core number: 2
Remap: 74.074 ms
Transform color: 5.094 ms
Core number: 2
Remap: 78.332 ms
Transform color: 5.816 ms
Core number: 2
Remap: 69.755 ms
Transform color: 6.414 ms
Core number: 2
Remap: 72.082 ms
Transform color: 6.783 ms
Core number: 2
Remap: 67.385 ms
Transform color: 6.441 ms
Core number: 2
Remap: 119.24 ms
Transform color: 2.855 ms
Core number: 2
Remap: 14.697 ms
Transform color: 2.049 ms
Core number: 2
Remap: 77.141 ms
Transform color: 6.676 ms
Core number: 2
Remap: 123.027 ms
Transform color: 4.771 ms
Core number: 2
Remap: 68.668 ms
Transform color: 6.068 ms
Core number: 2
Remap: 70.664 ms
Transform color: 6.888 ms
Core number: 2
Remap: 73.176 ms
Transform color: 51.371 ms
Core number: 2
Remap: 68.299 ms
Transform color: 5.903 ms
Core number: 2
Remap: 70.156 ms
Transform color: 6.581 ms
Core number: 2
Remap: 24.503 ms
Transform color: 3.847 ms
Core number: 2
Remap: 21.042 ms
Transform color: 12.361 ms
Core number: 2
Remap: 71.969 ms
Transform color: 5.591 ms
Core number: 2
Remap: 70.576 ms
Transform color: 4.816 ms
Core number: 2
Remap: 75.903 ms
Transform color: 6.471 ms
Core number: 2
Remap: 58.91 ms
Transform color: 1.419 ms
Core number: 2
Remap: 12.294 ms
Transform color: 1.473 ms
Core number: 2
ad: nice_thread, Loop time exceeded: 629.98 ms
Reason: consumer time, Value: 0.00, Counter: 37, Timestamp: 1745500879
Reason: transform time, Value: 0.12, Counter: 37, Timestamp: 1745500879
Reason: global search time, Value: 509.30, Counter: 37, Timestamp: 1745500880
Reason: process time, Value: 0.00, Counter: 37, Timestamp: 1745500880
Reason: loop time, Value: 629.98, Counter: 37, Timestamp: 1745500880
----------------------------------------
Thread: nice_thread, Loop time exceeded: 612.31 ms
Reason: consumer time, Value: 0.00, Counter: 54, Timestamp: 1745500880
Reason: transform time, Value: 0.07, Counter: 54, Timestamp: 1745500880
Reason: global search time, Value: 540.85, Counter: 54, Timestamp: 1745500880
Reason: process time, Value: 0.00, Counter: 54, Timestamp: 1745500880
Reason: loop time, Value: 612.31, Counter: 54, Timestamp: 1745500880
----------------------------------------
Thread: nice_thread, Loop time exceeded: 592.07 ms
Reason: consumer time, Value: 0.00, Counter: 69, Timestamp: 1745500880
Reason: transform time, Value: 0.08, Counter: 69, Timestamp: 1745500880
Reason: global search time, Value: 511.17, Counter: 69, Timestamp: 1745500881
Reason: process time, Value: 0.00, Counter: 69, Timestamp: 1745500881
Reason: loop time, Value: 592.07, Counter: 69, Timestamp: 1745500881
----------------------------------------
Thread: nice_thread, Loop time exceeded: 680.62 ms
Reason: consumer time, Value: 0.00, Counter: 86, Timestamp: 1745500881
Reason: transform time, Value: 0.11, Counter: 86, Timestamp: 1745500881
Reason: global search time, Value: 570.54, Counter: 86, Timestamp: 1745500882
Reason: process time, Value: 0.00, Counter: 86, Timestamp: 1745500882
Reason: loop time, Value: 680.62, Counter: 86, Timestamp: 1745500882
----------------------------------------
Thread: nice_thread, Loop time exceeded: 638.50 ms
Reason: consumer time, Value: 0.00, Counter: 103, Timestamp: 1745500882
Reason: transform time, Value: 0.07, Counter: 103, Timestamp: 1745500882
Reason: global search time, Value: 567.59, Counter: 103, Timestamp: 1745500882
Reason: process time, Value: 0.00, Counter: 103, Timestamp: 1745500882
Reason: loop time, Value: 638.50, Counter: 103, Timestamp: 1745500882
----------------------------------------
Thread: nice_thread, Loop time exceeded: 533.38 ms
Reason: consumer time, Value: 0.00, Counter: 118, Timestamp: 1745500882
Reason: transform time, Value: 0.05, Counter: 118, Timestamp: 1745500882
Reason: global search time, Value: 485.33, Counter: 118, Timestamp: 1745500883
Reason: process time, Value: 0.00, Counter: 118, Timestamp: 1745500883
Reason: loop time, Value: 533.38, Counter: 118, Timestamp: 1745500883
----------------------------------------
Thread: nice_thread, Loop time exceeded: 624.15 ms
Reason: consumer time, Value: 0.00, Counter: 6, Timestamp: 1745500883
Reason: transform time, Value: 0.08, Counter: 6, Timestamp: 1745500883
Reason: global search time, Value: 545.98, Counter: 6, Timestamp: 1745500883
Reason: process time, Value: 0.00, Counter: 6, Timestamp: 1745500883
Reason: loop time, Value: 624.15, Counter: 6, Timestamp: 1745500883
----------------------------------------
Thread: nice_thread, Loop time exceeded: 597.15 ms
Reason: consumer time, Value: 0.00, Counter: 23, Timestamp: 1745500883
Reason: transform time, Value: 0.09, Counter: 23, Timestamp: 1745500883
Reason: global search time, Value: 511.40, Counter: 23, Timestamp: 1745500884
Reason: process time, Value: 0.00, Counter: 23, Timestamp: 1745500884
Reason: loop time, Value: 597.15, Counter: 23, Timestamp: 1745500884
----------------------------------------
Thread: nice_thread, Loop time exceeded: 641.59 ms
Reason: consumer time, Value: 0.00, Counter: 41, Timestamp: 1745500884
Reason: transform time, Value: 0.09, Counter: 41, Timestamp: 1745500884
Reason: global search time, Value: 554.16, Counter: 41, Timestamp: 1745500885
Reason: process time, Value: 0.00, Counter: 41, Timestamp: 1745500885
Reason: loop time, Value: 641.59, Counter: 41, Timestamp: 1745500885
----------------------------------------
Thread: nice_thread, Loop time exceeded: 669.22 ms
Reason: consumer time, Value: 0.00, Counter: 56, Timestamp: 1745500885
Reason: transform time, Value: 0.10, Counter: 56, Timestamp: 1745500885
Reason: global search time, Value: 563.66, Counter: 56, Timestamp: 1745500885
Reason: process time, Value: 0.00, Counter: 56, Timestamp: 1745500885
Reason: loop time, Value: 669.22, Counter: 56, Timestamp: 1745500885
----------------------------------------
Thread: nice_thread, Loop time exceeded: 594.91 ms
Reason: consumer time, Value: 0.00, Counter: 74, Timestamp: 1745500885
Reason: transform time, Value: 0.07, Counter: 74, Timestamp: 1745500885
Reason: global search time, Value: 520.31, Counter: 74, Timestamp: 1745500886
Reason: process time, Value: 0.00, Counter: 74, Timestamp: 1745500886
Reason: loop time, Value: 594.91, Counter: 74, Timestamp: 1745500886
----------------------------------------
Thread: nice_thread, Loop time exceeded: 586.00 ms
Reason: consumer time, Value: 0.00, Counter: 91, Timestamp: 1745500886
Reason: transform time, Value: 0.02, Counter: 91, Timestamp: 1745500886
Reason: global search time, Value: 564.43, Counter: 91, Timestamp: 1745500886
Reason: process time, Value: 0.00, Counter: 91, Timestamp: 1745500886
Reason: loop time, Value: 586.00, Counter: 91, Timestamp: 1745500886
----------------------------------------
Thread: nice_thread, Loop time exceeded: 574.26 ms
Reason: consumer time, Value: 0.00, Counter: 106, Timestamp: 1745500886
Reason: transform time, Value: 0.08, Counter: 106, Timestamp: 1745500887
Reason: global search time, Value: 496.39, Counter: 106, Timestamp: 1745500887
Reason: process time, Value: 0.00, Counter: 106, Timestamp: 1745500887
Reason: loop time, Value: 574.26, Counter: 106, Timestamp: 1745500887
----------------------------------------
Thread: nice_thread, Loop time exceeded: 576.79 ms
Reason: consumer time, Value: 0.00, Counter: 123, Timestamp: 1745500887
Reason: transform time, Value: 0.03, Counter: 123, Timestamp: 1745500887
Reason: global search time, Value: 547.07, Counter: 123, Timestamp: 1745500888
Reason: process time, Value: 0.00, Counter: 123, Timestamp: 1745500888
Reason: loop time, Value: 576.79, Counter: 123, Timestamp: 1745500888
----------------------------------------
Thread: nice_thread, Loop time exceeded: 653.96 ms
Reason: consumer time, Value: 0.00, Counter: 10, Timestamp: 1745500888
Reason: transform time, Value: 0.08, Counter: 10, Timestamp: 1745500888
Reason: global search time, Value: 577.60, Counter: 10, Timestamp: 1745500888
Reason: process time, Value: 0.00, Counter: 10, Timestamp: 1745500888
Reason: loop time, Value: 653.96, Counter: 10, Timestamp: 1745500888
----------------------------------------
Thread: nice_thread, Loop time exceeded: 574.32 ms
Reason: consumer time, Value: 0.00, Counter: 27, Timestamp: 1745500888
Reason: transform time, Value: 0.07, Counter: 27, Timestamp: 1745500888
Reason: global search time, Value: 499.09, Counter: 27, Timestamp: 1745500889
Reason: process time, Value: 0.00, Counter: 27, Timestamp: 1745500889
Reason: loop time, Value: 574.32, Counter: 27, Timestamp: 1745500889
----------------------------------------
Thread: nice_thread, Loop time exceeded: 647.77 ms
Reason: consumer time, Value: 0.00, Counter: 43, Timestamp: 1745500889
Reason: transform time, Value: 0.08, Counter: 43, Timestamp: 1745500889
Reason: global search time, Value: 567.50, Counter: 43, Timestamp: 1745500889
Reason: process time, Value: 0.00, Counter: 43, Timestamp: 1745500889
Reason: loop time, Value: 647.77, Counter: 43, Timestamp: 1745500889
----------------------------------------
Thread: nice_thread, Loop time exceeded: 581.18 ms
Reason: consumer time, Value: 0.00, Counter: 60, Timestamp: 1745500889
Reason: transform time, Value: 0.08, Counter: 60, Timestamp: 1745500890
Reason: global search time, Value: 498.44, Counter: 60, Timestamp: 1745500890
Reason: process time, Value: 0.00, Counter: 60, Timestamp: 1745500890
Reason: loop time, Value: 581.18, Counter: 60, Timestamp: 1745500890
----------------------------------------
Thread: nice_thread, Loop time exceeded: 613.53 ms
Reason: consumer time, Value: 0.00, Counter: 76, Timestamp: 1745500890
Reason: transform time, Value: 0.12, Counter: 76, Timestamp: 1745500890
Reason: global search time, Value: 494.51, Counter: 76, Timestamp: 1745500891
Reason: process time, Value: 0.00, Counter: 76, Timestamp: 1745500891
Reason: loop time, Value: 613.53, Counter: 76, Timestamp: 1745500891
----------------------------------------
Thread: nice_thread, Loop time exceeded: 627.68 ms
Reason: consumer time, Value: 0.00, Counter: 93, Timestamp: 1745500891
Reason: transform time, Value: 0.07, Counter: 93, Timestamp: 1745500891
Reason: global search time, Value: 555.35, Counter: 93, Timestamp: 1745500891
Reason: process time, Value: 0.00, Counter: 93, Timestamp: 1745500891
Reason: loop time, Value: 627.68, Counter: 93, Timestamp: 1745500891
----------------------------------------
Thread: nice_thread, Loop time exceeded: 570.12 ms
Reason: consumer time, Value: 0.00, Counter: 109, Timestamp: 1745500891
Reason: transform time, Value: 0.07, Counter: 109, Timestamp: 1745500891
Reason: global search time, Value: 498.06, Counter: 109, Timestamp: 1745500892
Reason: process time, Value: 0.00, Counter: 109, Timestamp: 1745500892
Reason: loop time, Value: 570.12, Counter: 109, Timestamp: 1745500892
----------------------------------------
Thread: nice_thread, Loop time exceeded: 596.11 ms
Reason: consumer time, Value: 0.00, Counter: 126, Timestamp: 1745500892
Reason: transform time, Value: 0.03, Counter: 126, Timestamp: 1745500892
Reason: global search time, Value: 568.38, Counter: 126, Timestamp: 1745500892
Reason: process time, Value: 0.00, Counter: 126, Timestamp: 1745500892
Reason: loop time, Value: 596.11, Counter: 126, Timestamp: 1745500892
----------------------------------------
Thread: nice_thread, Loop time exceeded: 577.32 ms
Reason: consumer time, Value: 0.00, Counter: 13, Timestamp: 1745500892
Reason: transform time, Value: 0.08, Counter: 13, Timestamp: 1745500893
Reason: global search time, Value: 499.79, Counter: 13, Timestamp: 1745500893
Reason: process time, Value: 0.00, Counter: 13, Timestamp: 1745500893
Reason: loop time, Value: 577.32, Counter: 13, Timestamp: 1745500893
----------------------------------------
Thread: nice_thread, Loop time exceeded: 620.16 ms
Reason: consumer time, Value: 0.00, Counter: 30, Timestamp: 1745500893
Reason: transform time, Value: 0.12, Counter: 30, Timestamp: 1745500893
Reason: global search time, Value: 498.40, Counter: 30, Timestamp: 1745500894
Reason: process time, Value: 0.00, Counter: 30, Timestamp: 1745500894
Reason: loop time, Value: 620.16, Counter: 30, Timestamp: 1745500894
----------------------------------------
Thread: nice_thread, Loop time exceeded: 638.73 ms
Reason: consumer time, Value: 0.00, Counter: 46, Timestamp: 1745500894
Reason: transform time, Value: 0.08, Counter: 46, Timestamp: 1745500894
Reason: global search time, Value: 557.42, Counter: 46, Timestamp: 1745500894
Reason: process time, Value: 0.00, Counter: 46, Timestamp: 1745500894
Reason: loop time, Value: 638.73, Counter: 46, Timestamp: 1745500894
----------------------------------------
Thread: nice_thread, Loop time exceeded: 573.22 ms
Reason: consumer time, Value: 0.00, Counter: 63, Timestamp: 1745500894
Reason: transform time, Value: 0.08, Counter: 63, Timestamp: 1745500894
Reason: global search time, Value: 496.86, Counter: 63, Timestamp: 1745500895
Reason: process time, Value: 0.00, Counter: 63, Timestamp: 1745500895
Reason: loop time, Value: 573.22, Counter: 63, Timestamp: 1745500895
----------------------------------------
Thread: nice_thread, Loop time exceeded: 650.63 ms
Reason: consumer time, Value: 0.00, Counter: 80, Timestamp: 1745500895
Reason: transform time, Value: 0.08, Counter: 80, Timestamp: 1745500895
Reason: global search time, Value: 567.04, Counter: 80, Timestamp: 1745500896
Reason: process time, Value: 0.00, Counter: 80, Timestamp: 1745500896
Reason: loop time, Value: 650.63, Counter: 80, Timestamp: 1745500896
----------------------------------------
Thread: nice_thread, Loop time exceeded: 641.92 ms
Reason: consumer time, Value: 0.00, Counter: 98, Timestamp: 1745500896
Reason: transform time, Value: 0.07, Counter: 98, Timestamp: 1745500896
Reason: global search time, Value: 566.93, Counter: 98, Timestamp: 1745500896
Reason: process time, Value: 0.00, Counter: 98, Timestamp: 1745500896
Reason: loop time, Value: 641.92, Counter: 98, Timestamp: 1745500896
----------------------------------------
Thread: nice_thread, Loop time exceeded: 610.57 ms
Reason: consumer time, Value: 0.00, Counter: 114, Timestamp: 1745500896
Reason: transform time, Value: 0.12, Counter: 114, Timestamp: 1745500896
Reason: global search time, Value: 494.81, Counter: 114, Timestamp: 1745500897
Reason: process time, Value: 0.00, Counter: 114, Timestamp: 1745500897
Reason: loop time, Value: 610.57, Counter: 114, Timestamp: 1745500897
----------------------------------------
Thread: nice_thread, Loop time exceeded: 534.79 ms
Reason: consumer time, Value: 0.00, Counter: 1, Timestamp: 1745500897
Reason: transform time, Value: 0.02, Counter: 1, Timestamp: 1745500897
Reason: global search time, Value: 512.38, Counter: 1, Timestamp: 1745500897
Reason: process time, Value: 0.00, Counter: 1, Timestamp: 1745500897
Reason: loop time, Value: 534.79, Counter: 1, Timestamp: 1745500897
----------------------------------------
Thread: nice_thread, Loop time exceeded: 584.98 ms
Reason: consumer time, Value: 0.00, Counter: 15, Timestamp: 1745500897
Reason: transform time, Value: 0.09, Counter: 15, Timestamp: 1745500897
Reason: global search time, Value: 499.63, Counter: 15, Timestamp: 1745500898
Reason: process time, Value: 0.00, Counter: 15, Timestamp: 1745500898
Reason: loop time, Value: 584.98, Counter: 15, Timestamp: 1745500898
----------------------------------------
Thread: nice_thread, Loop time exceeded: 629.45 ms
Reason: consumer time, Value: 0.00, Counter: 31, Timestamp: 1745500898
Reason: transform time, Value: 0.07, Counter: 31, Timestamp: 1745500898
Reason: global search time, Value: 554.95, Counter: 31, Timestamp: 1745500899
Reason: process time, Value: 0.00, Counter: 31, Timestamp: 1745500899
Reason: loop time, Value: 629.45, Counter: 31, Timestamp: 1745500899
----------------------------------------
Thread: nice_thread, Loop time exceeded: 571.81 ms
Reason: consumer time, Value: 0.00, Counter: 48, Timestamp: 1745500899
Reason: transform time, Value: 0.08, Counter: 48, Timestamp: 1745500899
Reason: global search time, Value: 494.16, Counter: 48, Timestamp: 1745500899
Reason: process time, Value: 0.00, Counter: 48, Timestamp: 1745500899
Reason: loop time, Value: 571.81, Counter: 48, Timestamp: 1745500899
----------------------------------------
Thread: nice_thread, Loop time exceeded: 632.34 ms
Reason: consumer time, Value: 0.00, Counter: 65, Timestamp: 1745500899
Reason: transform time, Value: 0.13, Counter: 65, Timestamp: 1745500899
Reason: global search time, Value: 506.05, Counter: 65, Timestamp: 1745500900
Reason: process time, Value: 0.00, Counter: 65, Timestamp: 1745500900
Reason: loop time, Value: 632.34, Counter: 65, Timestamp: 1745500900
----------------------------------------
Thread: nice_thread, Loop time exceeded: 676.80 ms
Reason: consumer time, Value: 0.00, Counter: 80, Timestamp: 1745500900
Reason: transform time, Value: 0.10, Counter: 80, Timestamp: 1745500900
Reason: global search time, Value: 577.53, Counter: 80, Timestamp: 1745500900
Reason: process time, Value: 0.00, Counter: 80, Timestamp: 1745500900
Reason: loop time, Value: 676.80, Counter: 80, Timestamp: 1745500900
----------------------------------------
Thread: nice_thread, Loop time exceeded: 584.63 ms
Reason: consumer time, Value: 0.00, Counter: 99, Timestamp: 1745500900
Reason: transform time, Value: 0.08, Counter: 99, Timestamp: 1745500900
Reason: global search time, Value: 503.33, Counter: 99, Timestamp: 1745500901
Reason: process time, Value: 0.00, Counter: 99, Timestamp: 1745500901
Reason: loop time, Value: 584.63, Counter: 99, Timestamp: 1745500901
----------------------------------------
Thread: nice_thread, Loop time exceeded: 591.87 ms
Reason: consumer time, Value: 0.00, Counter: 115, Timestamp: 1745500901
Reason: transform time, Value: 0.08, Counter: 115, Timestamp: 1745500901
Reason: global search time, Value: 509.29, Counter: 115, Timestamp: 1745500902
Reason: process time, Value: 0.00, Counter: 115, Timestamp: 1745500902
Reason: loop time, Value: 591.87, Counter: 115, Timestamp: 1745500902
----------------------------------------
Thread: nice_thread, Loop time exceeded: 622.85 ms
Reason: consumer time, Value: 0.00, Counter: 4, Timestamp: 1745500902
Reason: transform time, Value: 0.06, Counter: 4, Timestamp: 1745500902
Reason: global search time, Value: 561.28, Counter: 4, Timestamp: 1745500902
Reason: process time, Value: 0.00, Counter: 4, Timestamp: 1745500902
Reason: loop time, Value: 622.85, Counter: 4, Timestamp: 1745500902
----------------------------------------
Thread: nice_thread, Loop time exceeded: 608.10 ms
Reason: consumer time, Value: 0.00, Counter: 21, Timestamp: 1745500902
Reason: transform time, Value: 0.08, Counter: 21, Timestamp: 1745500902
Reason: global search time, Value: 528.54, Counter: 21, Timestamp: 1745500903
Reason: process time, Value: 0.00, Counter: 21, Timestamp: 1745500903
Reason: loop time, Value: 608.10, Counter: 21, Timestamp: 1745500903
----------------------------------------
Thread: nice_thread, Loop time exceeded: 644.78 ms
Reason: consumer time, Value: 0.00, Counter: 38, Timestamp: 1745500903
Reason: transform time, Value: 0.08, Counter: 38, Timestamp: 1745500903
Reason: global search time, Value: 568.37, Counter: 38, Timestamp: 1745500903
Reason: process time, Value: 0.00, Counter: 38, Timestamp: 1745500903
Reason: loop time, Value: 644.78, Counter: 38, Timestamp: 1745500903
----------------------------------------
Thread: nice_thread, Loop time exceeded: 717.64 ms
Reason: consumer time, Value: 0.00, Counter: 55, Timestamp: 1745500903
Reason: transform time, Value: 0.14, Counter: 55, Timestamp: 1745500904
Reason: global search time, Value: 572.42, Counter: 55, Timestamp: 1745500904
Reason: process time, Value: 0.00, Counter: 55, Timestamp: 1745500904
Reason: loop time, Value: 717.64, Counter: 55, Timestamp: 1745500904
----------------------------------------
Thread: nice_thread, Loop time exceeded: 595.58 ms
Reason: consumer time, Value: 0.00, Counter: 74, Timestamp: 1745500904
Reason: transform time, Value: 0.08, Counter: 74, Timestamp: 1745500904
Reason: global search time, Value: 519.32, Counter: 74, Timestamp: 1745500905
Reason: process time, Value: 0.00, Counter: 74, Timestamp: 1745500905
Reason: loop time, Value: 595.58, Counter: 74, Timestamp: 1745500905
----------------------------------------
Thread: nice_thread, Loop time exceeded: 642.34 ms
Reason: consumer time, Value: 0.00, Counter: 91, Timestamp: 1745500905
Reason: transform time, Value: 0.08, Counter: 91, Timestamp: 1745500905
Reason: global search time, Value: 562.99, Counter: 91, Timestamp: 1745500905
Reason: process time, Value: 0.00, Counter: 91, Timestamp: 1745500905
Reason: loop time, Value: 642.34, Counter: 91, Timestamp: 1745500905
----------------------------------------
Thread: nice_thread, Loop time exceeded: 569.60 ms
Reason: consumer time, Value: 0.00, Counter: 108, Timestamp: 1745500905
Reason: transform time, Value: 0.07, Counter: 108, Timestamp: 1745500905
Reason: global search time, Value: 495.10, Counter: 108, Timestamp: 1745500906
Reason: process time, Value: 0.00, Counter: 108, Timestamp: 1745500906
Reason: loop time, Value: 569.60, Counter: 108, Timestamp: 1745500906
----------------------------------------
Thread: nice_thread, Loop time exceeded: 627.84 ms
Reason: consumer time, Value: 0.00, Counter: 125, Timestamp: 1745500906
Reason: transform time, Value: 0.07, Counter: 125, Timestamp: 1745500906
Reason: global search time, Value: 553.09, Counter: 125, Timestamp: 1745500907
Reason: process time, Value: 0.00, Counter: 125, Timestamp: 1745500907
Reason: loop time, Value: 627.84, Counter: 125, Timestamp: 1745500907
----------------------------------------
Thread: nice_thread, Loop time exceeded: 683.14 ms
Reason: consumer time, Value: 0.00, Counter: 13, Timestamp: 1745500907
Reason: transform time, Value: 0.11, Counter: 13, Timestamp: 1745500907
Reason: global search time, Value: 573.86, Counter: 13, Timestamp: 1745500907
Reason: process time, Value: 0.00, Counter: 13, Timestamp: 1745500907
Reason: loop time, Value: 683.14, Counter: 13, Timestamp: 1745500907
----------------------------------------
Thread: nice_thread, Loop time exceeded: 918.71 ms
Reason: consumer time, Value: 0.00, Counter: 30, Timestamp: 1745500907
Reason: transform time, Value: 0.08, Counter: 30, Timestamp: 1745500907
Reason: global search time, Value: 835.84, Counter: 30, Timestamp: 1745500908
Reason: process time, Value: 0.00, Counter: 30, Timestamp: 1745500908
Reason: loop time, Value: 918.71, Counter: 30, Timestamp: 1745500908
----------------------------------------
Thread: nice_thread, Loop time exceeded: 611.07 ms
Reason: consumer time, Value: 0.00, Counter: 46, Timestamp: 1745500908
Reason: transform time, Value: 0.08, Counter: 46, Timestamp: 1745500908
Reason: global search time, Value: 533.31, Counter: 46, Timestamp: 1745500909
Reason: process time, Value: 0.00, Counter: 46, Timestamp: 1745500909
Reason: loop time, Value: 611.07, Counter: 46, Timestamp: 1745500909
----------------------------------------
Thread: nice_thread, Loop time exceeded: 661.10 ms
Reason: consumer time, Value: 0.00, Counter: 65, Timestamp: 1745500909
Reason: transform time, Value: 0.08, Counter: 65, Timestamp: 1745500909
Reason: global search time, Value: 583.49, Counter: 65, Timestamp: 1745500909
Reason: process time, Value: 0.00, Counter: 65, Timestamp: 1745500909
Reason: loop time, Value: 661.10, Counter: 65, Timestamp: 1745500909
----------------------------------------
Thread: nice_thread, Loop time exceeded: 674.90 ms
Reason: consumer time, Value: 0.00, Counter: 81, Timestamp: 1745500909
Reason: transform time, Value: 0.09, Counter: 81, Timestamp: 1745500910
Reason: global search time, Value: 589.65, Counter: 81, Timestamp: 1745500910
Reason: process time, Value: 0.00, Counter: 81, Timestamp: 1745500910
Reason: loop time, Value: 674.90, Counter: 81, Timestamp: 1745500910
----------------------------------------
Thread: nice_thread, Loop time exceeded: 608.59 ms
Reason: consumer time, Value: 0.00, Counter: 97, Timestamp: 1745500910
Reason: transform time, Value: 0.08, Counter: 97, Timestamp: 1745500910
Reason: global search time, Value: 530.68, Counter: 97, Timestamp: 1745500911
Reason: process time, Value: 0.00, Counter: 97, Timestamp: 1745500911
Reason: loop time, Value: 608.59, Counter: 97, Timestamp: 1745500911
----------------------------------------
Thread: nice_thread, Loop time exceeded: 668.30 ms
Reason: consumer time, Value: 0.00, Counter: 114, Timestamp: 1745500911
Reason: transform time, Value: 0.07, Counter: 114, Timestamp: 1745500911
Reason: global search time, Value: 594.47, Counter: 114, Timestamp: 1745500911
Reason: process time, Value: 0.00, Counter: 114, Timestamp: 1745500911
Reason: loop time, Value: 668.30, Counter: 114, Timestamp: 1745500911
----------------------------------------
Thread: nice_thread, Loop time exceeded: 626.05 ms
Reason: consumer time, Value: 0.00, Counter: 3, Timestamp: 1745500911
Reason: transform time, Value: 0.09, Counter: 3, Timestamp: 1745500912
Reason: global search time, Value: 540.60, Counter: 3, Timestamp: 1745500912
Reason: process time, Value: 0.00, Counter: 3, Timestamp: 1745500912
Reason: loop time, Value: 626.05, Counter: 3, Timestamp: 1745500912
----------------------------------------
Thread: nice_thread, Loop time exceeded: 654.00 ms
Reason: consumer time, Value: 0.00, Counter: 20, Timestamp: 1745500912
Reason: transform time, Value: 0.12, Counter: 20, Timestamp: 1745500912
Reason: global search time, Value: 529.13, Counter: 20, Timestamp: 1745500913
Reason: process time, Value: 0.00, Counter: 20, Timestamp: 1745500913
Reason: loop time, Value: 654.00, Counter: 20, Timestamp: 1745500913
----------------------------------------
Thread: nice_thread, Loop time exceeded: 666.31 ms
Reason: consumer time, Value: 0.00, Counter: 36, Timestamp: 1745500913
Reason: transform time, Value: 0.08, Counter: 36, Timestamp: 1745500913
Reason: global search time, Value: 587.06, Counter: 36, Timestamp: 1745500913
Reason: process time, Value: 0.00, Counter: 36, Timestamp: 1745500913
Reason: loop time, Value: 666.31, Counter: 36, Timestamp: 1745500913
----------------------------------------
Thread: nice_thread, Loop time exceeded: 639.02 ms
Reason: consumer time, Value: 0.00, Counter: 54, Timestamp: 1745500913
Reason: transform time, Value: 0.09, Counter: 54, Timestamp: 1745500913
Reason: global search time, Value: 552.78, Counter: 54, Timestamp: 1745500914
Reason: process time, Value: 0.00, Counter: 54, Timestamp: 1745500914
Reason: loop time, Value: 639.02, Counter: 54, Timestamp: 1745500914
----------------------------------------
Thread: nice_thread, Loop time exceeded: 703.84 ms
Reason: consumer time, Value: 0.00, Counter: 72, Timestamp: 1745500914
Reason: transform time, Value: 0.08, Counter: 72, Timestamp: 1745500914
Reason: global search time, Value: 626.67, Counter: 72, Timestamp: 1745500915
Reason: process time, Value: 0.00, Counter: 72, Timestamp: 1745500915
Reason: loop time, Value: 703.84, Counter: 72, Timestamp: 1745500915
----------------------------------------
Thread: nice_thread, Loop time exceeded: 690.78 ms
Reason: consumer time, Value: 0.00, Counter: 91, Timestamp: 1745500915
Reason: transform time, Value: 0.08, Counter: 91, Timestamp: 1745500915
Reason: global search time, Value: 608.29, Counter: 91, Timestamp: 1745500915
Reason: process time, Value: 0.00, Counter: 91, Timestamp: 1745500915
Reason: loop time, Value: 690.78, Counter: 91, Timestamp: 1745500915
----------------------------------------
Thread: nice_thread, Loop time exceeded: 669.63 ms
Reason: consumer time, Value: 0.00, Counter: 110, Timestamp: 1745500915
Reason: transform time, Value: 0.08, Counter: 110, Timestamp: 1745500916
Reason: global search time, Value: 587.62, Counter: 110, Timestamp: 1745500916
Reason: process time, Value: 0.00, Counter: 110, Timestamp: 1745500916
Reason: loop time, Value: 669.63, Counter: 110, Timestamp: 1745500916
----------------------------------------
Thread: nice_thread, Loop time exceeded: 694.71 ms
Reason: consumer time, Value: 0.00, Counter: 1, Timestamp: 1745500916
Reason: transform time, Value: 0.13, Counter: 1, Timestamp: 1745500916
Reason: global search time, Value: 566.44, Counter: 1, Timestamp: 1745500917
Reason: process time, Value: 0.00, Counter: 1, Timestamp: 1745500917
Reason: loop time, Value: 694.71, Counter: 1, Timestamp: 1745500917
----------------------------------------
Thread: nice_thread, Loop time exceeded: 670.14 ms
Reason: consumer time, Value: 0.00, Counter: 18, Timestamp: 1745500917
Reason: transform time, Value: 0.07, Counter: 18, Timestamp: 1745500917
Reason: global search time, Value: 595.28, Counter: 18, Timestamp: 1745500917
Reason: process time, Value: 0.00, Counter: 18, Timestamp: 1745500917
Reason: loop time, Value: 670.14, Counter: 18, Timestamp: 1745500917
----------------------------------------
Thread: nice_thread, Loop time exceeded: 631.92 ms
Reason: consumer time, Value: 0.00, Counter: 34, Timestamp: 1745500917
Reason: transform time, Value: 0.08, Counter: 34, Timestamp: 1745500918
Reason: global search time, Value: 555.80, Counter: 34, Timestamp: 1745500918
Reason: process time, Value: 0.00, Counter: 34, Timestamp: 1745500918
Reason: loop time, Value: 631.92, Counter: 34, Timestamp: 1745500918
----------------------------------------
Thread: nice_thread, Loop time exceeded: 649.72 ms
Reason: consumer time, Value: 0.00, Counter: 52, Timestamp: 1745500918
Reason: transform time, Value: 0.07, Counter: 52, Timestamp: 1745500918
Reason: global search time, Value: 579.96, Counter: 52, Timestamp: 1745500919
Reason: process time, Value: 0.00, Counter: 52, Timestamp: 1745500919
Reason: loop time, Value: 649.72, Counter: 52, Timestamp: 1745500919
----------------------------------------
Thread: nice_thread, Loop time exceeded: 705.27 ms
Reason: consumer time, Value: 0.00, Counter: 68, Timestamp: 1745500919
Reason: transform time, Value: 0.08, Counter: 68, Timestamp: 1745500919
Reason: global search time, Value: 627.14, Counter: 68, Timestamp: 1745500919
Reason: process time, Value: 0.00, Counter: 68, Timestamp: 1745500919
Reason: loop time, Value: 705.27, Counter: 68, Timestamp: 1745500919
----------------------------------------
Thread: nice_thread, Loop time exceeded: 652.69 ms
Reason: consumer time, Value: 0.00, Counter: 87, Timestamp: 1745500919
Reason: transform time, Value: 0.08, Counter: 87, Timestamp: 1745500920
Reason: global search time, Value: 571.58, Counter: 87, Timestamp: 1745500920
Reason: process time, Value: 0.00, Counter: 87, Timestamp: 1745500920
Reason: loop time, Value: 652.69, Counter: 87, Timestamp: 1745500920
----------------------------------------
Thread: nice_thread, Loop time exceeded: 662.93 ms
Reason: consumer time, Value: 0.00, Counter: 106, Timestamp: 1745500920
Reason: transform time, Value: 0.13, Counter: 106, Timestamp: 1745500920
Reason: global search time, Value: 533.92, Counter: 106, Timestamp: 1745500921
Reason: process time, Value: 0.00, Counter: 106, Timestamp: 1745500921
Reason: loop time, Value: 662.93, Counter: 106, Timestamp: 1745500921
----------------------------------------
Thread: nice_thread, Loop time exceeded: 676.09 ms
Reason: consumer time, Value: 0.00, Counter: 124, Timestamp: 1745500921
Reason: transform time, Value: 0.08, Counter: 124, Timestamp: 1745500921
Reason: global search time, Value: 599.50, Counter: 124, Timestamp: 1745500921
Reason: process time, Value: 0.00, Counter: 124, Timestamp: 1745500921
Reason: loop time, Value: 676.09, Counter: 124, Timestamp: 1745500921
----------------------------------------
Thread: nice_thread, Loop time exceeded: 626.25 ms
Reason: consumer time, Value: 0.00, Counter: 14, Timestamp: 1745500921
Reason: transform time, Value: 0.09, Counter: 14, Timestamp: 1745500922
Reason: global search time, Value: 534.33, Counter: 14, Timestamp: 1745500922
Reason: process time, Value: 0.00, Counter: 14, Timestamp: 1745500922
Reason: loop time, Value: 626.25, Counter: 14, Timestamp: 1745500922
----------------------------------------
Thread: nice_thread, Loop time exceeded: 704.78 ms
Reason: consumer time, Value: 0.00, Counter: 32, Timestamp: 1745500922
Reason: transform time, Value: 0.14, Counter: 32, Timestamp: 1745500922
Reason: global search time, Value: 569.06, Counter: 32, Timestamp: 1745500923
Reason: process time, Value: 0.00, Counter: 32, Timestamp: 1745500923
Reason: loop time, Value: 704.78, Counter: 32, Timestamp: 1745500923
----------------------------------------
Thread: nice_thread, Loop time exceeded: 680.73 ms
Reason: consumer time, Value: 0.00, Counter: 50, Timestamp: 1745500923
Reason: transform time, Value: 0.09, Counter: 50, Timestamp: 1745500923
Reason: global search time, Value: 592.88, Counter: 50, Timestamp: 1745500923
Reason: process time, Value: 0.00, Counter: 50, Timestamp: 1745500923
Reason: loop time, Value: 680.73, Counter: 50, Timestamp: 1745500923
----------------------------------------
Thread: nice_thread, Loop time exceeded: 609.18 ms
Reason: consumer time, Value: 0.00, Counter: 67, Timestamp: 1745500923
Reason: transform time, Value: 0.08, Counter: 67, Timestamp: 1745500924
Reason: global search time, Value: 526.84, Counter: 67, Timestamp: 1745500924
Reason: process time, Value: 0.00, Counter: 67, Timestamp: 1745500924
Reason: loop time, Value: 609.18, Counter: 67, Timestamp: 1745500924
----------------------------------------
Thread: nice_thread, Loop time exceeded: 685.08 ms
Reason: consumer time, Value: 0.00, Counter: 85, Timestamp: 1745500924
Reason: transform time, Value: 0.13, Counter: 85, Timestamp: 1745500924
Reason: global search time, Value: 550.92, Counter: 85, Timestamp: 1745500925
Reason: process time, Value: 0.00, Counter: 85, Timestamp: 1745500925
Reason: loop time, Value: 685.08, Counter: 85, Timestamp: 1745500925
----------------------------------------
Thread: nice_thread, Loop time exceeded: 684.04 ms
Reason: consumer time, Value: 0.00, Counter: 103, Timestamp: 1745500925
Reason: transform time, Value: 0.07, Counter: 103, Timestamp: 1745500925
Reason: global search time, Value: 608.50, Counter: 103, Timestamp: 1745500925
Reason: process time, Value: 0.00, Counter: 103, Timestamp: 1745500925
Reason: loop time, Value: 684.04, Counter: 103, Timestamp: 1745500925
----------------------------------------
Thread: nice_thread, Loop time exceeded: 762.24 ms
Reason: consumer time, Value: 0.00, Counter: 120, Timestamp: 1745500925
Reason: transform time, Value: 0.18, Counter: 120, Timestamp: 1745500926
Reason: global search time, Value: 581.10, Counter: 120, Timestamp: 1745500926
Reason: process time, Value: 0.00, Counter: 120, Timestamp: 1745500926
Reason: loop time, Value: 762.24, Counter: 120, Timestamp: 1745500926
----------------------------------------
Thread: nice_thread, Loop time exceeded: 613.66 ms
Reason: consumer time, Value: 0.00, Counter: 10, Timestamp: 1745500926
Reason: transform time, Value: 0.07, Counter: 10, Timestamp: 1745500926
Reason: global search time, Value: 544.15, Counter: 10, Timestamp: 1745500927
Reason: process time, Value: 0.00, Counter: 10, Timestamp: 1745500927
Reason: loop time, Value: 613.66, Counter: 10, Timestamp: 1745500927
----------------------------------------
Thread: nice_thread, Loop time exceeded: 685.19 ms
Reason: consumer time, Value: 0.00, Counter: 28, Timestamp: 1745500927
Reason: transform time, Value: 0.08, Counter: 28, Timestamp: 1745500927
Reason: global search time, Value: 605.90, Counter: 28, Timestamp: 1745500927
Reason: process time, Value: 0.00, Counter: 28, Timestamp: 1745500927
Reason: loop time, Value: 685.19, Counter: 28, Timestamp: 1745500927
----------------------------------------
Thread: nice_thread, Loop time exceeded: 675.26 ms
Reason: consumer time, Value: 0.00, Counter: 46, Timestamp: 1745500927
Reason: transform time, Value: 0.08, Counter: 46, Timestamp: 1745500928
Reason: global search time, Value: 591.00, Counter: 46, Timestamp: 1745500928
Reason: process time, Value: 0.00, Counter: 46, Timestamp: 1745500928
Reason: loop time, Value: 675.26, Counter: 46, Timestamp: 1745500928
----------------------------------------
Thread: nice_thread, Loop time exceeded: 628.75 ms
Reason: consumer time, Value: 0.00, Counter: 63, Timestamp: 1745500928
Reason: transform time, Value: 0.08, Counter: 63, Timestamp: 1745500928
Reason: global search time, Value: 552.44, Counter: 63, Timestamp: 1745500929
Reason: process time, Value: 0.00, Counter: 63, Timestamp: 1745500929
Reason: loop time, Value: 628.75, Counter: 63, Timestamp: 1745500929
----------------------------------------
Thread: nice_thread, Loop time exceeded: 698.87 ms
Reason: consumer time, Value: 0.00, Counter: 81, Timestamp: 1745500929
Reason: transform time, Value: 0.08, Counter: 81, Timestamp: 1745500929
Reason: global search time, Value: 619.86, Counter: 81, Timestamp: 1745500929
Reason: process time, Value: 0.00, Counter: 81, Timestamp: 1745500929
Reason: loop time, Value: 698.87, Counter: 81, Timestamp: 1745500929
----------------------------------------
Thread: nice_thread, Loop time exceeded: 603.39 ms
Reason: consumer time, Value: 0.00, Counter: 98, Timestamp: 1745500929
Reason: transform time, Value: 0.07, Counter: 98, Timestamp: 1745500930
Reason: global search time, Value: 529.43, Counter: 98, Timestamp: 1745500930
Reason: process time, Value: 0.00, Counter: 98, Timestamp: 1745500930
Reason: loop time, Value: 603.39, Counter: 98, Timestamp: 1745500930
----------------------------------------
Thread: nice_thread, Loop time exceeded: 705.11 ms
Reason: consumer time, Value: 0.00, Counter: 114, Timestamp: 1745500930
Reason: transform time, Value: 0.12, Counter: 114, Timestamp: 1745500930
Reason: global search time, Value: 582.91, Counter: 114, Timestamp: 1745500931
Reason: process time, Value: 0.00, Counter: 114, Timestamp: 1745500931
Reason: loop time, Value: 705.11, Counter: 114, Timestamp: 1745500931
----------------------------------------
Thread: nice_thread, Loop time exceeded: 597.97 ms
Reason: consumer time, Value: 0.00, Counter: 5, Timestamp: 1745500931
Reason: transform time, Value: 0.02, Counter: 5, Timestamp: 1745500931
Reason: global search time, Value: 581.14, Counter: 5, Timestamp: 1745500931
Reason: process time, Value: 0.00, Counter: 5, Timestamp: 1745500931
Reason: loop time, Value: 597.97, Counter: 5, Timestamp: 1745500931
----------------------------------------
Thread: nice_thread, Loop time exceeded: 646.37 ms
Reason: consumer time, Value: 0.00, Counter: 21, Timestamp: 1745500931
Reason: transform time, Value: 0.08, Counter: 21, Timestamp: 1745500931
Reason: global search time, Value: 562.39, Counter: 21, Timestamp: 1745500932
Reason: process time, Value: 0.00, Counter: 21, Timestamp: 1745500932
Reason: loop time, Value: 646.37, Counter: 21, Timestamp: 1745500932
----------------------------------------
Thread: nice_thread, Loop time exceeded: 668.23 ms
Reason: consumer time, Value: 0.00, Counter: 39, Timestamp: 1745500932
Reason: transform time, Value: 0.13, Counter: 39, Timestamp: 1745500932
Reason: global search time, Value: 540.27, Counter: 39, Timestamp: 1745500933
Reason: process time, Value: 0.00, Counter: 39, Timestamp: 1745500933
Reason: loop time, Value: 668.23, Counter: 39, Timestamp: 1745500933
----------------------------------------
Thread: nice_thread, Loop time exceeded: 668.26 ms
Reason: consumer time, Value: 0.00, Counter: 56, Timestamp: 1745500933
Reason: transform time, Value: 0.07, Counter: 56, Timestamp: 1745500933
Reason: global search time, Value: 593.40, Counter: 56, Timestamp: 1745500933
Reason: process time, Value: 0.00, Counter: 56, Timestamp: 1745500933
Reason: loop time, Value: 668.26, Counter: 56, Timestamp: 1745500933
----------------------------------------
Thread: nice_thread, Loop time exceeded: 648.98 ms
Reason: consumer time, Value: 0.00, Counter: 74, Timestamp: 1745500933
Reason: transform time, Value: 0.08, Counter: 74, Timestamp: 1745500933
Reason: global search time, Value: 571.33, Counter: 74, Timestamp: 1745500934
Reason: process time, Value: 0.00, Counter: 74, Timestamp: 1745500934
Reason: loop time, Value: 648.98, Counter: 74, Timestamp: 1745500934
----------------------------------------
Thread: nice_thread, Loop time exceeded: 675.73 ms
Reason: consumer time, Value: 0.00, Counter: 91, Timestamp: 1745500934
Reason: transform time, Value: 0.12, Counter: 91, Timestamp: 1745500934
Reason: global search time, Value: 551.08, Counter: 91, Timestamp: 1745500935
Reason: process time, Value: 0.00, Counter: 91, Timestamp: 1745500935
Reason: loop time, Value: 675.73, Counter: 91, Timestamp: 1745500935
----------------------------------------
Thread: nice_thread, Loop time exceeded: 669.05 ms
Reason: consumer time, Value: 0.00, Counter: 109, Timestamp: 1745500935
Reason: transform time, Value: 0.07, Counter: 109, Timestamp: 1745500935
Reason: global search time, Value: 594.74, Counter: 109, Timestamp: 1745500935
Reason: process time, Value: 0.00, Counter: 109, Timestamp: 1745500935
Reason: loop time, Value: 669.05, Counter: 109, Timestamp: 1745500935
----------------------------------------
Thread: nice_thread, Loop time exceeded: 646.81 ms
Reason: consumer time, Value: 0.00, Counter: 126, Timestamp: 1745500935
Reason: transform time, Value: 0.08, Counter: 126, Timestamp: 1745500935
Reason: global search time, Value: 569.92, Counter: 126, Timestamp: 1745500936
Reason: process time, Value: 0.00, Counter: 126, Timestamp: 1745500936
Reason: loop time, Value: 646.81, Counter: 126, Timestamp: 1745500936
----------------------------------------
Thread: nice_thread, Loop time exceeded: 645.80 ms
Reason: consumer time, Value: 0.00, Counter: 18, Timestamp: 1745500936
Reason: transform time, Value: 0.03, Counter: 18, Timestamp: 1745500936
Reason: global search time, Value: 617.31, Counter: 18, Timestamp: 1745500937
Reason: process time, Value: 0.00, Counter: 18, Timestamp: 1745500937
Reason: loop time, Value: 645.80, Counter: 18, Timestamp: 1745500937
----------------------------------------
Thread: nice_thread, Loop time exceeded: 643.17 ms
Reason: consumer time, Value: 0.00, Counter: 35, Timestamp: 1745500937
Reason: transform time, Value: 0.03, Counter: 35, Timestamp: 1745500937
Reason: global search time, Value: 609.64, Counter: 35, Timestamp: 1745500937
Reason: process time, Value: 0.00, Counter: 35, Timestamp: 1745500937
Reason: loop time, Value: 643.17, Counter: 35, Timestamp: 1745500937
----------------------------------------
Thread: nice_thread, Loop time exceeded: 620.72 ms
Reason: consumer time, Value: 0.00, Counter: 52, Timestamp: 1745500937
Reason: transform time, Value: 0.08, Counter: 52, Timestamp: 1745500937
Reason: global search time, Value: 543.10, Counter: 52, Timestamp: 1745500938
Reason: process time, Value: 0.00, Counter: 52, Timestamp: 1745500938
Reason: loop time, Value: 620.72, Counter: 52, Timestamp: 1745500938
----------------------------------------
Thread: nice_thread, Loop time exceeded: 697.03 ms
Reason: consumer time, Value: 0.00, Counter: 71, Timestamp: 1745500938
Reason: transform time, Value: 0.07, Counter: 71, Timestamp: 1745500938
Reason: global search time, Value: 621.54, Counter: 71, Timestamp: 1745500939
Reason: process time, Value: 0.00, Counter: 71, Timestamp: 1745500939
Reason: loop time, Value: 697.03, Counter: 71, Timestamp: 1745500939
----------------------------------------
Thread: nice_thread, Loop time exceeded: 689.69 ms
Reason: consumer time, Value: 0.00, Counter: 89, Timestamp: 1745500939
Reason: transform time, Value: 0.08, Counter: 89, Timestamp: 1745500939
Reason: global search time, Value: 607.23, Counter: 89, Timestamp: 1745500939
Reason: process time, Value: 0.00, Counter: 89, Timestamp: 1745500939
Reason: loop time, Value: 689.69, Counter: 89, Timestamp: 1745500939
----------------------------------------
Thread: nice_thread, Loop time exceeded: 448.49 ms
Reason: consumer time, Value: 0.00, Counter: 109, Timestamp: 1745500939
Reason: transform time, Value: 0.06, Counter: 109, Timestamp: 1745500939
Reason: global search time, Value: 388.11, Counter: 109, Timestamp: 1745500940
Reason: process time, Value: 0.00, Counter: 109, Timestamp: 1745500940
Reason: loop time, Value: 448.49, Counter: 109, Timestamp: 1745500940
----------------------------------------
Thread: nice_thread, Loop time exceeded: 434.68 ms
Reason: consumer time, Value: 0.00, Counter: 123, Timestamp: 1745500940
Reason: transform time, Value: 0.01, Counter: 123, Timestamp: 1745500940
Reason: global search time, Value: 420.87, Counter: 123, Timestamp: 1745500940
Reason: process time, Value: 0.00, Counter: 123, Timestamp: 1745500940
Reason: loop time, Value: 434.68, Counter: 123, Timestamp: 1745500940
----------------------------------------
