Core number: 3
Remap: 67.81 ms
Transform color: 4.013 ms
Core number: 3
Remap: 21.573 ms
Transform color: 1.998 ms
Core number: 3
Remap: 73.249 ms
Transform color: 3.522 ms
Core number: 3
Remap: 75.117 ms
Transform color: 4.337 ms
Core number: 3
Remap: 70.058 ms
Transform color: 6.624 ms
Core number: 3
Remap: 71.551 ms
Transform color: 5.12 ms
Core number: 3
Remap: 72.164 ms
Transform color: 4.54 ms
Core number: 3
Remap: 78.811 ms
Transform color: 5.899 ms
Core number: 3
Remap: 66.823 ms
Transform color: 4.577 ms
Core number: 3
Remap: 119.932 ms
Transform color: 101.321 ms
Core number: 3
Remap: 70.304 ms
Transform color: 6.291 ms
Core number: 3
Remap: 21.537 ms
Transform color: 3.021 ms
Core number: 3
Remap: 71.887 ms
Transform color: 2.452 ms
Core number: 3
Remap: 103.213 ms
Transform color: 1.826 ms
Core number: 3
Remap: 69.862 ms
Transform color: 7.784 ms
Core number: 3
Remap: 97.325 ms
Transform color: 2.165 ms
Core number: 3
Remap: 68.943 ms
Transform color: 6.796 ms
Core number: 3
Remap: 69.048 ms
Transform color: 2.931 ms
Core number: 3
Remap: 71.858 ms
Transform color: 5.108 ms
Core number: 3
Remap: 68.078 ms
Transform color: 4.466 ms
Core number: 3
Remap: 68.441 ms
Transform color: 5.357 ms
Core number: 3
Remap: 70.997 ms
Transform color: 7.394 ms
Core number: 3
Remap: 70.473 ms
Transform color: 6.164 ms
Core number: 3
Remap: 22.533 ms
Transform color: 3.079 ms
Core number: 3
Remap: 71.017 ms
Transform color: 6.131 ms
Core number: 3
Remap: 120.569 ms
Transform color: 2.783 ms
Core number: 3
Remap: 64.397 ms
Transform color: 5.261 ms
Core number: 3
Remap: 70.129 ms
Transform color: 6.55 ms
Core number: 3
Remap: 84.252 ms
Transform color: 3.773 ms
Core number: 3
Remap: 22.895 ms
Transform color: 3.866 ms
Core number: 3
Remap: 123.532 ms
Transform color: 4.937 ms
Core number: 3
Remap: 73.174 ms
Transform color: 4.202 ms
Core number: 3
Remap: 67.825 ms
Transform color: 4.27 ms
Core number: 3
Remap: 20.478 ms
Transform color: 3.792 ms
Core number: 3
Remap: 70.339 ms
Transform color: 5.926 ms
Core number: 3
Remap: 80.215 ms
Transform color: 5.871 ms
Core number: 3
Remap: 23.372 ms
Transform color: 2.631 ms
Core number: 3
Remap: 23.096 ms
Transform color: 3.559 ms
Core number: 3
Remap: 67.282 ms
Transform color: 5.035 ms
Core number: 3
Remap: 68.223 ms
Transform color: 5.708 ms
Core number: 3
Remap: 57.117 ms
Transform color: 2.353 ms
Core number: 3
Remap: 71.024 ms
Transform color: 3.865 ms
Core number: 3
Remap: 76.318 ms
Transform color: 4.251 ms
Core number: 3
Remap: 265.736 ms
Transform color: 3.281 ms
Core number: 3
Remap: 73.153 ms
Transform color: 5.995 ms
Core number: 3
Remap: 73.115 ms
Transform color: 4.559 ms
Core number: 3
Remap: 68.86 ms
Transform color: 5.295 ms
Core number: 3
Remap: 67.338 ms
Transform color: 3.831 ms
Core number: 3
Remap: 128.731 ms
Transform color: 4.035 ms
Core number: 3
Remap: 21.486 ms
Transform color: 2.089 ms
Core number: 3
Remap: 303.745 ms
Transform color: 2.349 ms
Core number: 3
Remap: 76.988 ms
Transform color: 3.139 ms
Core number: 3
Remap: 23.646 ms
Transform color: 4.118 ms
Core number: 3
Remap: 69.136 ms
Transform color: 6.195 ms
Core number: 3
Remap: 70.619 ms
Transform color: 3.954 ms
Core number: 3
Remap: 63.859 ms
Transform color: 5.93 ms
Core number: 3
Remap: 65.889 ms
Transform color: 6.04 ms
Core number: 3
Remap: 66.115 ms
Transform color: 3.871 ms
Core number: 3
Remap: 67.394 ms
Transform color: 4.995 ms
Core number: 3
Remap: 119.154 ms
Transform color: 4.221 ms
Core number: 3
Remap: 69.183 ms
Transform color: 3.992 ms
Core number: 3
Remap: 69.209 ms
Transform color: 4.315 ms
Core number: 3
Remap: 50.767 ms
Transform color: 2.649 ms
Core number: 3
Remap: 68.074 ms
Transform color: 3.217 ms
Core number: 3
Remap: 67.756 ms
Transform color: 5.159 ms
Core number: 3
Remap: 70.088 ms
Transform color: 15.186 ms
Core number: 3
Remap: 67.049 ms
Transform color: 7.648 ms
Core number: 3
Remap: 67.952 ms
Transform color: 3.969 ms
Core number: 3
Remap: 96.563 ms
Transform color: 1.513 ms
Core number: 3
Remap: 15.281 ms
Transform color: 2.913 ms
Core number: 3
Remap: 75.778 ms
Transform color: 5.492 ms
Core number: 3
Remap: 69.736 ms
Transform color: 5.254 ms
Core number: 3
Remap: 76.865 ms
Transform color: 6.152 ms
Core number: 3
Remap: 71.609 ms
Transform color: 5.278 ms
Core number: 3
Remap: 75.589 ms
Transform color: 2.874 ms
Core number: 3
Remap: 74.963 ms
Transform color: 5.812 ms
Core number: 3
Remap: 14.444 ms
Transform color: 2.095 ms
Core number: 3
Remap: 131.786 ms
Transform color: 2.9 ms
Core number: 3
Remap: 86.294 ms
Transform color: 7.613 ms
Core number: 3
Remap: 77.429 ms
Transform color: 6.378 ms
Core number: 3
Remap: 124.614 ms
Transform color: 8.159 ms
Core number: 3
Remap: 70.272 ms
Transform color: 6.501 ms
Core number: 3
Remap: 80.419 ms
Transform color: 3.898 ms
Core number: 3
Remap: 120.029 ms
Transform color: 5.604 ms
Core number: 3
Remap: 69.931 ms
Transform color: 4.233 ms
Core number: 3
Remap: 25.226 ms
Transform color: 3.389 ms
Core number: 3
Remap: 71.588 ms
Transform color: 3.714 ms
Core number: 3
Remap: 70.855 ms
Transform color: 4.877 ms
Core number: 3
Remap: 78.73 ms
Transform color: 6.968 ms
Core number: 3
Remap: 75.348 ms
Transform color: 2.018 ms
Core number: 3
Remap: 78.137 ms
Transform color: 6.441 ms
Core number: 3
Remap: 74.183 ms
Transform color: 4.926 ms
Core number: 3
Remap: 76.181 ms
Transform color: 5.943 ms
Core number: 3
Remap: 74.132 ms
Transform color: 5.507 ms
Core number: 3
Remap: 24.807 ms
Transform color: 3.355 ms
Core number: 3
Remap: 167.517 ms
Transform color: 3.284 ms
Core number: 3
Remap: 74.76 ms
Transform color: 4.218 ms
Core number: 3
Remap: 68.786 ms
Transform color: 5.944 ms
Core number: 3
Remap: 69.842 ms
Transform color: 5.245 ms
Core number: 3
Remap: 24.667 ms
Transform color: 4.039 ms
Core number: 3
Remap: 72.156 ms
Transform color: 2.089 ms
Core number: 3
Remap: 69.906 ms
Transform color: 4.954 ms
Core number: 3
Remap: 24.35 ms
Transform color: 2.405 ms
Core number: 3
Remap: 18.314 ms
Transform color: 2.269 ms
Core number: 3
Remap: 16.112 ms
Transform color: 1.833 ms
Core number: 3
Remap: 73.219 ms
Transform color: 4.068 ms
Core number: 3
Remap: 71.216 ms
Transform color: 4.978 ms
Core number: 3
Remap: 75.481 ms
Transform color: 3.799 ms
Core number: 3
op time, Value: 678.77, Counter: 25, Timestamp: 1745500879
----------------------------------------
Thread: nice_thread, Loop time exceeded: 599.93 ms
Reason: consumer time, Value: 0.00, Counter: 43, Timestamp: 1745500879
Reason: transform time, Value: 0.08, Counter: 43, Timestamp: 1745500879
Reason: global search time, Value: 522.12, Counter: 43, Timestamp: 1745500880
Reason: process time, Value: 0.00, Counter: 43, Timestamp: 1745500880
Reason: loop time, Value: 599.93, Counter: 43, Timestamp: 1745500880
----------------------------------------
Thread: nice_thread, Loop time exceeded: 658.07 ms
Reason: consumer time, Value: 0.00, Counter: 60, Timestamp: 1745500880
Reason: transform time, Value: 0.10, Counter: 60, Timestamp: 1745500880
Reason: global search time, Value: 558.50, Counter: 60, Timestamp: 1745500881
Reason: process time, Value: 0.00, Counter: 60, Timestamp: 1745500881
Reason: loop time, Value: 658.07, Counter: 60, Timestamp: 1745500881
----------------------------------------
Thread: nice_thread, Loop time exceeded: 628.67 ms
Reason: consumer time, Value: 0.00, Counter: 76, Timestamp: 1745500881
Reason: transform time, Value: 0.07, Counter: 76, Timestamp: 1745500881
Reason: global search time, Value: 552.81, Counter: 76, Timestamp: 1745500881
Reason: process time, Value: 0.00, Counter: 76, Timestamp: 1745500881
Reason: loop time, Value: 628.67, Counter: 76, Timestamp: 1745500881
----------------------------------------
Thread: nice_thread, Loop time exceeded: 574.67 ms
Reason: consumer time, Value: 0.00, Counter: 93, Timestamp: 1745500881
Reason: transform time, Value: 0.07, Counter: 93, Timestamp: 1745500881
Reason: global search time, Value: 502.60, Counter: 93, Timestamp: 1745500882
Reason: process time, Value: 0.00, Counter: 93, Timestamp: 1745500882
Reason: loop time, Value: 574.67, Counter: 93, Timestamp: 1745500882
----------------------------------------
Thread: nice_thread, Loop time exceeded: 640.13 ms
Reason: consumer time, Value: 0.00, Counter: 109, Timestamp: 1745500882
Reason: transform time, Value: 0.08, Counter: 109, Timestamp: 1745500882
Reason: global search time, Value: 563.05, Counter: 109, Timestamp: 1745500882
Reason: process time, Value: 0.00, Counter: 109, Timestamp: 1745500882
Reason: loop time, Value: 640.13, Counter: 109, Timestamp: 1745500882
----------------------------------------
Thread: nice_thread, Loop time exceeded: 577.03 ms
Reason: consumer time, Value: 0.00, Counter: 126, Timestamp: 1745500882
Reason: transform time, Value: 0.07, Counter: 126, Timestamp: 1745500882
Reason: global search time, Value: 504.37, Counter: 126, Timestamp: 1745500883
Reason: process time, Value: 0.00, Counter: 126, Timestamp: 1745500883
Reason: loop time, Value: 577.03, Counter: 126, Timestamp: 1745500883
----------------------------------------
Thread: nice_thread, Loop time exceeded: 644.51 ms
Reason: consumer time, Value: 0.00, Counter: 15, Timestamp: 1745500883
Reason: transform time, Value: 0.07, Counter: 15, Timestamp: 1745500883
Reason: global search time, Value: 570.64, Counter: 15, Timestamp: 1745500884
Reason: process time, Value: 0.00, Counter: 15, Timestamp: 1745500884
Reason: loop time, Value: 644.51, Counter: 15, Timestamp: 1745500884
----------------------------------------
Thread: nice_thread, Loop time exceeded: 658.49 ms
Reason: consumer time, Value: 0.00, Counter: 32, Timestamp: 1745500884
Reason: transform time, Value: 0.08, Counter: 32, Timestamp: 1745500884
Reason: global search time, Value: 579.91, Counter: 32, Timestamp: 1745500884
Reason: process time, Value: 0.00, Counter: 32, Timestamp: 1745500884
Reason: loop time, Value: 658.49, Counter: 32, Timestamp: 1745500884
----------------------------------------
Thread: nice_thread, Loop time exceeded: 583.33 ms
Reason: consumer time, Value: 0.00, Counter: 49, Timestamp: 1745500884
Reason: transform time, Value: 0.08, Counter: 49, Timestamp: 1745500884
Reason: global search time, Value: 506.60, Counter: 49, Timestamp: 1745500885
Reason: process time, Value: 0.00, Counter: 49, Timestamp: 1745500885
Reason: loop time, Value: 583.33, Counter: 49, Timestamp: 1745500885
----------------------------------------
Thread: nice_thread, Loop time exceeded: 596.52 ms
Reason: consumer time, Value: 0.00, Counter: 65, Timestamp: 1745500885
Reason: transform time, Value: 0.03, Counter: 65, Timestamp: 1745500885
Reason: global search time, Value: 570.79, Counter: 65, Timestamp: 1745500885
Reason: process time, Value: 0.00, Counter: 65, Timestamp: 1745500885
Reason: loop time, Value: 596.52, Counter: 65, Timestamp: 1745500885
----------------------------------------
Thread: nice_thread, Loop time exceeded: 600.91 ms
Reason: consumer time, Value: 0.00, Counter: 81, Timestamp: 1745500885
Reason: transform time, Value: 0.08, Counter: 81, Timestamp: 1745500886
Reason: global search time, Value: 523.59, Counter: 81, Timestamp: 1745500886
Reason: process time, Value: 0.00, Counter: 81, Timestamp: 1745500886
Reason: loop time, Value: 600.91, Counter: 81, Timestamp: 1745500886
----------------------------------------
Thread: nice_thread, Loop time exceeded: 628.92 ms
Reason: consumer time, Value: 0.00, Counter: 98, Timestamp: 1745500886
Reason: transform time, Value: 0.12, Counter: 98, Timestamp: 1745500886
Reason: global search time, Value: 505.38, Counter: 98, Timestamp: 1745500887
Reason: process time, Value: 0.00, Counter: 98, Timestamp: 1745500887
Reason: loop time, Value: 628.92, Counter: 98, Timestamp: 1745500887
----------------------------------------
Thread: nice_thread, Loop time exceeded: 625.41 ms
Reason: consumer time, Value: 0.00, Counter: 115, Timestamp: 1745500887
Reason: transform time, Value: 0.07, Counter: 115, Timestamp: 1745500887
Reason: global search time, Value: 555.64, Counter: 115, Timestamp: 1745500887
Reason: process time, Value: 0.00, Counter: 115, Timestamp: 1745500887
Reason: loop time, Value: 625.41, Counter: 115, Timestamp: 1745500887
----------------------------------------
Thread: nice_thread, Loop time exceeded: 594.35 ms
Reason: consumer time, Value: 0.00, Counter: 4, Timestamp: 1745500887
Reason: transform time, Value: 0.08, Counter: 4, Timestamp: 1745500887
Reason: global search time, Value: 517.53, Counter: 4, Timestamp: 1745500888
Reason: process time, Value: 0.00, Counter: 4, Timestamp: 1745500888
Reason: loop time, Value: 594.35, Counter: 4, Timestamp: 1745500888
----------------------------------------
Thread: nice_thread, Loop time exceeded: 653.59 ms
Reason: consumer time, Value: 0.00, Counter: 21, Timestamp: 1745500888
Reason: transform time, Value: 0.09, Counter: 21, Timestamp: 1745500888
Reason: global search time, Value: 565.44, Counter: 21, Timestamp: 1745500889
Reason: process time, Value: 0.00, Counter: 21, Timestamp: 1745500889
Reason: loop time, Value: 653.59, Counter: 21, Timestamp: 1745500889
----------------------------------------
Thread: nice_thread, Loop time exceeded: 533.38 ms
Reason: consumer time, Value: 0.00, Counter: 38, Timestamp: 1745500889
Reason: transform time, Value: 0.03, Counter: 38, Timestamp: 1745500889
Reason: global search time, Value: 506.47, Counter: 38, Timestamp: 1745500889
Reason: process time, Value: 0.00, Counter: 38, Timestamp: 1745500889
Reason: loop time, Value: 533.38, Counter: 38, Timestamp: 1745500889
----------------------------------------
Thread: nice_thread, Loop time exceeded: 638.21 ms
Reason: consumer time, Value: 0.00, Counter: 53, Timestamp: 1745500889
Reason: transform time, Value: 0.13, Counter: 53, Timestamp: 1745500889
Reason: global search time, Value: 509.62, Counter: 53, Timestamp: 1745500890
Reason: process time, Value: 0.00, Counter: 53, Timestamp: 1745500890
Reason: loop time, Value: 638.21, Counter: 53, Timestamp: 1745500890
----------------------------------------
Thread: nice_thread, Loop time exceeded: 628.14 ms
Reason: consumer time, Value: 0.00, Counter: 70, Timestamp: 1745500890
Reason: transform time, Value: 0.08, Counter: 70, Timestamp: 1745500890
Reason: global search time, Value: 550.67, Counter: 70, Timestamp: 1745500890
Reason: process time, Value: 0.00, Counter: 70, Timestamp: 1745500890
Reason: loop time, Value: 628.14, Counter: 70, Timestamp: 1745500890
----------------------------------------
Thread: nice_thread, Loop time exceeded: 574.97 ms
Reason: consumer time, Value: 0.00, Counter: 88, Timestamp: 1745500890
Reason: transform time, Value: 0.07, Counter: 88, Timestamp: 1745500890
Reason: global search time, Value: 502.81, Counter: 88, Timestamp: 1745500891
Reason: process time, Value: 0.00, Counter: 88, Timestamp: 1745500891
Reason: loop time, Value: 574.97, Counter: 88, Timestamp: 1745500891
----------------------------------------
Thread: nice_thread, Loop time exceeded: 589.97 ms
Reason: consumer time, Value: 0.00, Counter: 105, Timestamp: 1745500891
Reason: transform time, Value: 0.02, Counter: 105, Timestamp: 1745500891
Reason: global search time, Value: 565.56, Counter: 105, Timestamp: 1745500892
Reason: process time, Value: 0.00, Counter: 105, Timestamp: 1745500892
Reason: loop time, Value: 589.97, Counter: 105, Timestamp: 1745500892
----------------------------------------
Thread: nice_thread, Loop time exceeded: 653.99 ms
Reason: consumer time, Value: 0.00, Counter: 121, Timestamp: 1745500892
Reason: transform time, Value: 0.08, Counter: 121, Timestamp: 1745500892
Reason: global search time, Value: 577.54, Counter: 121, Timestamp: 1745500892
Reason: process time, Value: 0.00, Counter: 121, Timestamp: 1745500892
Reason: loop time, Value: 653.99, Counter: 121, Timestamp: 1745500892
----------------------------------------
Thread: nice_thread, Loop time exceeded: 591.34 ms
Reason: consumer time, Value: 0.00, Counter: 11, Timestamp: 1745500892
Reason: transform time, Value: 0.09, Counter: 11, Timestamp: 1745500892
Reason: global search time, Value: 505.10, Counter: 11, Timestamp: 1745500893
Reason: process time, Value: 0.00, Counter: 11, Timestamp: 1745500893
Reason: loop time, Value: 591.34, Counter: 11, Timestamp: 1745500893
----------------------------------------
Thread: nice_thread, Loop time exceeded: 586.76 ms
Reason: consumer time, Value: 0.00, Counter: 27, Timestamp: 1745500893
Reason: transform time, Value: 0.03, Counter: 27, Timestamp: 1745500893
Reason: global search time, Value: 560.66, Counter: 27, Timestamp: 1745500893
Reason: process time, Value: 0.00, Counter: 27, Timestamp: 1745500893
Reason: loop time, Value: 586.76, Counter: 27, Timestamp: 1745500893
----------------------------------------
Thread: nice_thread, Loop time exceeded: 540.16 ms
Reason: consumer time, Value: 0.00, Counter: 43, Timestamp: 1745500893
Reason: transform time, Value: 0.03, Counter: 43, Timestamp: 1745500893
Reason: global search time, Value: 513.44, Counter: 43, Timestamp: 1745500894
Reason: process time, Value: 0.00, Counter: 43, Timestamp: 1745500894
Reason: loop time, Value: 540.16, Counter: 43, Timestamp: 1745500894
----------------------------------------
Thread: nice_thread, Loop time exceeded: 629.14 ms
Reason: consumer time, Value: 0.00, Counter: 59, Timestamp: 1745500894
Reason: transform time, Value: 0.07, Counter: 59, Timestamp: 1745500894
Reason: global search time, Value: 556.71, Counter: 59, Timestamp: 1745500895
Reason: process time, Value: 0.00, Counter: 59, Timestamp: 1745500895
Reason: loop time, Value: 629.14, Counter: 59, Timestamp: 1745500895
----------------------------------------
Thread: nice_thread, Loop time exceeded: 578.39 ms
Reason: consumer time, Value: 0.00, Counter: 76, Timestamp: 1745500895
Reason: transform time, Value: 0.07, Counter: 76, Timestamp: 1745500895
Reason: global search time, Value: 504.32, Counter: 76, Timestamp: 1745500895
Reason: process time, Value: 0.00, Counter: 76, Timestamp: 1745500895
Reason: loop time, Value: 578.39, Counter: 76, Timestamp: 1745500895
----------------------------------------
Thread: nice_thread, Loop time exceeded: 569.31 ms
Reason: consumer time, Value: 0.00, Counter: 94, Timestamp: 1745500895
Reason: transform time, Value: 0.06, Counter: 94, Timestamp: 1745500895
Reason: global search time, Value: 509.73, Counter: 94, Timestamp: 1745500896
Reason: process time, Value: 0.00, Counter: 94, Timestamp: 1745500896
Reason: loop time, Value: 569.31, Counter: 94, Timestamp: 1745500896
----------------------------------------
Thread: nice_thread, Loop time exceeded: 628.99 ms
Reason: consumer time, Value: 0.00, Counter: 109, Timestamp: 1745500896
Reason: transform time, Value: 0.07, Counter: 109, Timestamp: 1745500896
Reason: global search time, Value: 554.02, Counter: 109, Timestamp: 1745500896
Reason: process time, Value: 0.00, Counter: 109, Timestamp: 1745500896
Reason: loop time, Value: 628.99, Counter: 109, Timestamp: 1745500896
----------------------------------------
Thread: nice_thread, Loop time exceeded: 592.22 ms
Reason: consumer time, Value: 0.00, Counter: 125, Timestamp: 1745500896
Reason: transform time, Value: 0.08, Counter: 125, Timestamp: 1745500896
Reason: global search time, Value: 511.49, Counter: 125, Timestamp: 1745500897
Reason: process time, Value: 0.00, Counter: 125, Timestamp: 1745500897
Reason: loop time, Value: 592.22, Counter: 125, Timestamp: 1745500897
----------------------------------------
Thread: nice_thread, Loop time exceeded: 767.72 ms
Reason: consumer time, Value: 0.00, Counter: 13, Timestamp: 1745500897
Reason: transform time, Value: 0.27, Counter: 13, Timestamp: 1745500897
Reason: global search time, Value: 498.57, Counter: 13, Timestamp: 1745500898
Reason: process time, Value: 0.00, Counter: 13, Timestamp: 1745500898
Reason: loop time, Value: 767.72, Counter: 13, Timestamp: 1745500898
----------------------------------------
Thread: nice_thread, Loop time exceeded: 651.17 ms
Reason: consumer time, Value: 0.00, Counter: 35, Timestamp: 1745500898
Reason: transform time, Value: 0.08, Counter: 35, Timestamp: 1745500898
Reason: global search time, Value: 571.92, Counter: 35, Timestamp: 1745500898
Reason: process time, Value: 0.00, Counter: 35, Timestamp: 1745500898
Reason: loop time, Value: 651.17, Counter: 35, Timestamp: 1745500898
----------------------------------------
Thread: nice_thread, Loop time exceeded: 575.89 ms
Reason: consumer time, Value: 0.00, Counter: 52, Timestamp: 1745500898
Reason: transform time, Value: 0.08, Counter: 52, Timestamp: 1745500898
Reason: global search time, Value: 498.11, Counter: 52, Timestamp: 1745500899
Reason: process time, Value: 0.00, Counter: 52, Timestamp: 1745500899
Reason: loop time, Value: 575.89, Counter: 52, Timestamp: 1745500899
----------------------------------------
Thread: nice_thread, Loop time exceeded: 643.60 ms
Reason: consumer time, Value: 0.00, Counter: 70, Timestamp: 1745500899
Reason: transform time, Value: 0.07, Counter: 70, Timestamp: 1745500899
Reason: global search time, Value: 569.37, Counter: 70, Timestamp: 1745500900
Reason: process time, Value: 0.00, Counter: 70, Timestamp: 1745500900
Reason: loop time, Value: 643.60, Counter: 70, Timestamp: 1745500900
----------------------------------------
Thread: nice_thread, Loop time exceeded: 545.50 ms
Reason: consumer time, Value: 0.00, Counter: 86, Timestamp: 1745500900
Reason: transform time, Value: 0.07, Counter: 86, Timestamp: 1745500900
Reason: global search time, Value: 474.25, Counter: 86, Timestamp: 1745500900
Reason: process time, Value: 0.00, Counter: 86, Timestamp: 1745500900
Reason: loop time, Value: 545.50, Counter: 86, Timestamp: 1745500900
----------------------------------------
Thread: nice_thread, Loop time exceeded: 653.97 ms
Reason: consumer time, Value: 0.00, Counter: 102, Timestamp: 1745500900
Reason: transform time, Value: 0.13, Counter: 102, Timestamp: 1745500900
Reason: global search time, Value: 521.03, Counter: 102, Timestamp: 1745500901
Reason: process time, Value: 0.00, Counter: 102, Timestamp: 1745500901
Reason: loop time, Value: 653.97, Counter: 102, Timestamp: 1745500901
----------------------------------------
Thread: nice_thread, Loop time exceeded: 588.14 ms
Reason: consumer time, Value: 0.00, Counter: 119, Timestamp: 1745500901
Reason: transform time, Value: 0.02, Counter: 119, Timestamp: 1745500901
Reason: global search time, Value: 564.47, Counter: 119, Timestamp: 1745500901
Reason: process time, Value: 0.00, Counter: 119, Timestamp: 1745500901
Reason: loop time, Value: 588.14, Counter: 119, Timestamp: 1745500901
----------------------------------------
Thread: nice_thread, Loop time exceeded: 871.23 ms
Reason: consumer time, Value: 0.00, Counter: 6, Timestamp: 1745500901
Reason: transform time, Value: 0.31, Counter: 6, Timestamp: 1745500902
Reason: global search time, Value: 565.05, Counter: 6, Timestamp: 1745500902
Reason: process time, Value: 0.00, Counter: 6, Timestamp: 1745500902
Reason: loop time, Value: 871.23, Counter: 6, Timestamp: 1745500902
----------------------------------------
Thread: nice_thread, Loop time exceeded: 614.53 ms
Reason: consumer time, Value: 0.00, Counter: 31, Timestamp: 1745500902
Reason: transform time, Value: 0.08, Counter: 31, Timestamp: 1745500902
Reason: global search time, Value: 534.27, Counter: 31, Timestamp: 1745500903
Reason: process time, Value: 0.00, Counter: 31, Timestamp: 1745500903
Reason: loop time, Value: 614.53, Counter: 31, Timestamp: 1745500903
----------------------------------------
Thread: nice_thread, Loop time exceeded: 593.36 ms
Reason: consumer time, Value: 0.00, Counter: 49, Timestamp: 1745500903
Reason: transform time, Value: 0.03, Counter: 49, Timestamp: 1745500903
Reason: global search time, Value: 565.43, Counter: 49, Timestamp: 1745500903
Reason: process time, Value: 0.00, Counter: 49, Timestamp: 1745500903
Reason: loop time, Value: 593.36, Counter: 49, Timestamp: 1745500903
----------------------------------------
Thread: nice_thread, Loop time exceeded: 591.75 ms
Reason: consumer time, Value: 0.00, Counter: 63, Timestamp: 1745500903
Reason: transform time, Value: 0.07, Counter: 63, Timestamp: 1745500903
Reason: global search time, Value: 516.30, Counter: 63, Timestamp: 1745500904
Reason: process time, Value: 0.00, Counter: 63, Timestamp: 1745500904
Reason: loop time, Value: 591.75, Counter: 63, Timestamp: 1745500904
----------------------------------------
Thread: nice_thread, Loop time exceeded: 640.60 ms
Reason: consumer time, Value: 0.00, Counter: 81, Timestamp: 1745500904
Reason: transform time, Value: 0.07, Counter: 81, Timestamp: 1745500904
Reason: global search time, Value: 565.93, Counter: 81, Timestamp: 1745500905
Reason: process time, Value: 0.00, Counter: 81, Timestamp: 1745500905
Reason: loop time, Value: 640.60, Counter: 81, Timestamp: 1745500905
----------------------------------------
Thread: nice_thread, Loop time exceeded: 642.78 ms
Reason: consumer time, Value: 0.00, Counter: 98, Timestamp: 1745500905
Reason: transform time, Value: 0.07, Counter: 98, Timestamp: 1745500905
Reason: global search time, Value: 572.85, Counter: 98, Timestamp: 1745500905
Reason: process time, Value: 0.00, Counter: 98, Timestamp: 1745500905
Reason: loop time, Value: 642.78, Counter: 98, Timestamp: 1745500905
----------------------------------------
Thread: nice_thread, Loop time exceeded: 582.27 ms
Reason: consumer time, Value: 0.00, Counter: 116, Timestamp: 1745500905
Reason: transform time, Value: 0.07, Counter: 116, Timestamp: 1745500905
Reason: global search time, Value: 510.20, Counter: 116, Timestamp: 1745500906
Reason: process time, Value: 0.00, Counter: 116, Timestamp: 1745500906
Reason: loop time, Value: 582.27, Counter: 116, Timestamp: 1745500906
----------------------------------------
Thread: nice_thread, Loop time exceeded: 634.21 ms
Reason: consumer time, Value: 0.00, Counter: 6, Timestamp: 1745500906
Reason: transform time, Value: 0.07, Counter: 6, Timestamp: 1745500906
Reason: global search time, Value: 564.15, Counter: 6, Timestamp: 1745500906
Reason: process time, Value: 0.00, Counter: 6, Timestamp: 1745500906
Reason: loop time, Value: 634.21, Counter: 6, Timestamp: 1745500906
----------------------------------------
Thread: nice_thread, Loop time exceeded: 590.07 ms
Reason: consumer time, Value: 0.00, Counter: 23, Timestamp: 1745500906
Reason: transform time, Value: 0.07, Counter: 23, Timestamp: 1745500907
Reason: global search time, Value: 517.57, Counter: 23, Timestamp: 1745500907
Reason: process time, Value: 0.00, Counter: 23, Timestamp: 1745500907
Reason: loop time, Value: 590.07, Counter: 23, Timestamp: 1745500907
----------------------------------------
Thread: nice_thread, Loop time exceeded: 928.21 ms
Reason: consumer time, Value: 0.00, Counter: 38, Timestamp: 1745500907
Reason: transform time, Value: 0.12, Counter: 38, Timestamp: 1745500907
Reason: global search time, Value: 804.73, Counter: 38, Timestamp: 1745500908
Reason: process time, Value: 0.00, Counter: 38, Timestamp: 1745500908
Reason: loop time, Value: 928.21, Counter: 38, Timestamp: 1745500908
----------------------------------------
Thread: nice_thread, Loop time exceeded: 657.90 ms
Reason: consumer time, Value: 0.00, Counter: 56, Timestamp: 1745500908
Reason: transform time, Value: 0.07, Counter: 56, Timestamp: 1745500908
Reason: global search time, Value: 584.68, Counter: 56, Timestamp: 1745500909
Reason: process time, Value: 0.00, Counter: 56, Timestamp: 1745500909
Reason: loop time, Value: 657.90, Counter: 56, Timestamp: 1745500909
----------------------------------------
Thread: nice_thread, Loop time exceeded: 667.93 ms
Reason: consumer time, Value: 0.00, Counter: 73, Timestamp: 1745500909
Reason: transform time, Value: 0.07, Counter: 73, Timestamp: 1745500909
Reason: global search time, Value: 594.33, Counter: 73, Timestamp: 1745500909
Reason: process time, Value: 0.00, Counter: 73, Timestamp: 1745500909
Reason: loop time, Value: 667.93, Counter: 73, Timestamp: 1745500909
----------------------------------------
Thread: nice_thread, Loop time exceeded: 611.75 ms
Reason: consumer time, Value: 0.00, Counter: 91, Timestamp: 1745500909
Reason: transform time, Value: 0.05, Counter: 91, Timestamp: 1745500909
Reason: global search time, Value: 558.28, Counter: 91, Timestamp: 1745500910
Reason: process time, Value: 0.00, Counter: 91, Timestamp: 1745500910
Reason: loop time, Value: 611.75, Counter: 91, Timestamp: 1745500910
----------------------------------------
Thread: nice_thread, Loop time exceeded: 654.36 ms
Reason: consumer time, Value: 0.00, Counter: 108, Timestamp: 1745500910
Reason: transform time, Value: 0.07, Counter: 108, Timestamp: 1745500910
Reason: global search time, Value: 582.95, Counter: 108, Timestamp: 1745500911
Reason: process time, Value: 0.00, Counter: 108, Timestamp: 1745500911
Reason: loop time, Value: 654.36, Counter: 108, Timestamp: 1745500911
----------------------------------------
Thread: nice_thread, Loop time exceeded: 665.44 ms
Reason: consumer time, Value: 0.00, Counter: 125, Timestamp: 1745500911
Reason: transform time, Value: 0.07, Counter: 125, Timestamp: 1745500911
Reason: global search time, Value: 592.44, Counter: 125, Timestamp: 1745500911
Reason: process time, Value: 0.00, Counter: 125, Timestamp: 1745500911
Reason: loop time, Value: 665.44, Counter: 125, Timestamp: 1745500911
----------------------------------------
Thread: nice_thread, Loop time exceeded: 647.55 ms
Reason: consumer time, Value: 0.00, Counter: 15, Timestamp: 1745500911
Reason: transform time, Value: 0.09, Counter: 15, Timestamp: 1745500911
Reason: global search time, Value: 562.20, Counter: 15, Timestamp: 1745500912
Reason: process time, Value: 0.00, Counter: 15, Timestamp: 1745500912
Reason: loop time, Value: 647.55, Counter: 15, Timestamp: 1745500912
----------------------------------------
Thread: nice_thread, Loop time exceeded: 665.31 ms
Reason: consumer time, Value: 0.00, Counter: 33, Timestamp: 1745500912
Reason: transform time, Value: 0.07, Counter: 33, Timestamp: 1745500912
Reason: global search time, Value: 590.47, Counter: 33, Timestamp: 1745500913
Reason: process time, Value: 0.00, Counter: 33, Timestamp: 1745500913
Reason: loop time, Value: 665.31, Counter: 33, Timestamp: 1745500913
----------------------------------------
Thread: nice_thread, Loop time exceeded: 673.66 ms
Reason: consumer time, Value: 0.00, Counter: 50, Timestamp: 1745500913
Reason: transform time, Value: 0.07, Counter: 50, Timestamp: 1745500913
Reason: global search time, Value: 601.66, Counter: 50, Timestamp: 1745500913
Reason: process time, Value: 0.00, Counter: 50, Timestamp: 1745500913
Reason: loop time, Value: 673.66, Counter: 50, Timestamp: 1745500913
----------------------------------------
Thread: nice_thread, Loop time exceeded: 650.61 ms
Reason: consumer time, Value: 0.00, Counter: 68, Timestamp: 1745500913
Reason: transform time, Value: 0.10, Counter: 68, Timestamp: 1745500913
Reason: global search time, Value: 552.49, Counter: 68, Timestamp: 1745500914
Reason: process time, Value: 0.00, Counter: 68, Timestamp: 1745500914
Reason: loop time, Value: 650.61, Counter: 68, Timestamp: 1745500914
----------------------------------------
Thread: nice_thread, Loop time exceeded: 641.22 ms
Reason: consumer time, Value: 0.00, Counter: 87, Timestamp: 1745500914
Reason: transform time, Value: 0.02, Counter: 87, Timestamp: 1745500914
Reason: global search time, Value: 622.88, Counter: 87, Timestamp: 1745500915
Reason: process time, Value: 0.00, Counter: 87, Timestamp: 1745500915
Reason: loop time, Value: 641.22, Counter: 87, Timestamp: 1745500915
----------------------------------------
Thread: nice_thread, Loop time exceeded: 676.62 ms
Reason: consumer time, Value: 0.00, Counter: 104, Timestamp: 1745500915
Reason: transform time, Value: 0.08, Counter: 104, Timestamp: 1745500915
Reason: global search time, Value: 595.20, Counter: 104, Timestamp: 1745500915
Reason: process time, Value: 0.00, Counter: 104, Timestamp: 1745500915
Reason: loop time, Value: 676.62, Counter: 104, Timestamp: 1745500915
----------------------------------------
Thread: nice_thread, Loop time exceeded: 646.67 ms
Reason: consumer time, Value: 0.00, Counter: 122, Timestamp: 1745500915
Reason: transform time, Value: 0.07, Counter: 122, Timestamp: 1745500915
Reason: global search time, Value: 571.56, Counter: 122, Timestamp: 1745500916
Reason: process time, Value: 0.00, Counter: 122, Timestamp: 1745500916
Reason: loop time, Value: 646.67, Counter: 122, Timestamp: 1745500916
----------------------------------------
Thread: nice_thread, Loop time exceeded: 698.21 ms
Reason: consumer time, Value: 0.00, Counter: 13, Timestamp: 1745500916
Reason: transform time, Value: 0.08, Counter: 13, Timestamp: 1745500916
Reason: global search time, Value: 615.06, Counter: 13, Timestamp: 1745500917
Reason: process time, Value: 0.00, Counter: 13, Timestamp: 1745500917
Reason: loop time, Value: 698.21, Counter: 13, Timestamp: 1745500917
----------------------------------------
Thread: nice_thread, Loop time exceeded: 639.78 ms
Reason: consumer time, Value: 0.00, Counter: 31, Timestamp: 1745500917
Reason: transform time, Value: 0.08, Counter: 31, Timestamp: 1745500917
Reason: global search time, Value: 562.76, Counter: 31, Timestamp: 1745500917
Reason: process time, Value: 0.00, Counter: 31, Timestamp: 1745500917
Reason: loop time, Value: 639.78, Counter: 31, Timestamp: 1745500917
----------------------------------------
Thread: nice_thread, Loop time exceeded: 613.95 ms
Reason: consumer time, Value: 0.00, Counter: 48, Timestamp: 1745500917
Reason: transform time, Value: 0.08, Counter: 48, Timestamp: 1745500917
Reason: global search time, Value: 535.38, Counter: 48, Timestamp: 1745500918
Reason: process time, Value: 0.00, Counter: 48, Timestamp: 1745500918
Reason: loop time, Value: 613.95, Counter: 48, Timestamp: 1745500918
----------------------------------------
Thread: nice_thread, Loop time exceeded: 691.56 ms
Reason: consumer time, Value: 0.00, Counter: 65, Timestamp: 1745500918
Reason: transform time, Value: 0.08, Counter: 65, Timestamp: 1745500918
Reason: global search time, Value: 610.64, Counter: 65, Timestamp: 1745500919
Reason: process time, Value: 0.00, Counter: 65, Timestamp: 1745500919
Reason: loop time, Value: 691.56, Counter: 65, Timestamp: 1745500919
----------------------------------------
Thread: nice_thread, Loop time exceeded: 581.43 ms
Reason: consumer time, Value: 0.00, Counter: 83, Timestamp: 1745500919
Reason: transform time, Value: 0.02, Counter: 83, Timestamp: 1745500919
Reason: global search time, Value: 564.75, Counter: 83, Timestamp: 1745500919
Reason: process time, Value: 0.00, Counter: 83, Timestamp: 1745500919
Reason: loop time, Value: 581.43, Counter: 83, Timestamp: 1745500919
----------------------------------------
Thread: nice_thread, Loop time exceeded: 697.79 ms
Reason: consumer time, Value: 0.00, Counter: 100, Timestamp: 1745500919
Reason: transform time, Value: 0.13, Counter: 100, Timestamp: 1745500919
Reason: global search time, Value: 562.92, Counter: 100, Timestamp: 1745500920
Reason: process time, Value: 0.00, Counter: 100, Timestamp: 1745500920
Reason: loop time, Value: 697.79, Counter: 100, Timestamp: 1745500920
----------------------------------------
Thread: nice_thread, Loop time exceeded: 676.02 ms
Reason: consumer time, Value: 0.00, Counter: 118, Timestamp: 1745500920
Reason: transform time, Value: 0.09, Counter: 118, Timestamp: 1745500920
Reason: global search time, Value: 582.01, Counter: 118, Timestamp: 1745500920
Reason: process time, Value: 0.00, Counter: 118, Timestamp: 1745500920
Reason: loop time, Value: 676.02, Counter: 118, Timestamp: 1745500920
----------------------------------------
Thread: nice_thread, Loop time exceeded: 595.79 ms
Reason: consumer time, Value: 0.00, Counter: 9, Timestamp: 1745500920
Reason: transform time, Value: 0.08, Counter: 9, Timestamp: 1745500921
Reason: global search time, Value: 511.86, Counter: 9, Timestamp: 1745500921
Reason: process time, Value: 0.00, Counter: 9, Timestamp: 1745500921
Reason: loop time, Value: 595.79, Counter: 9, Timestamp: 1745500921
----------------------------------------
Thread: nice_thread, Loop time exceeded: 690.64 ms
Reason: consumer time, Value: 0.00, Counter: 26, Timestamp: 1745500921
Reason: transform time, Value: 0.13, Counter: 26, Timestamp: 1745500921
Reason: global search time, Value: 557.68, Counter: 26, Timestamp: 1745500922
Reason: process time, Value: 0.00, Counter: 26, Timestamp: 1745500922
Reason: loop time, Value: 690.64, Counter: 26, Timestamp: 1745500922
----------------------------------------
Thread: nice_thread, Loop time exceeded: 677.53 ms
Reason: consumer time, Value: 0.00, Counter: 45, Timestamp: 1745500922
Reason: transform time, Value: 0.08, Counter: 45, Timestamp: 1745500922
Reason: global search time, Value: 600.62, Counter: 45, Timestamp: 1745500922
Reason: process time, Value: 0.00, Counter: 45, Timestamp: 1745500922
Reason: loop time, Value: 677.53, Counter: 45, Timestamp: 1745500922
----------------------------------------
Thread: nice_thread, Loop time exceeded: 634.74 ms
Reason: consumer time, Value: 0.00, Counter: 62, Timestamp: 1745500922
Reason: transform time, Value: 0.08, Counter: 62, Timestamp: 1745500923
Reason: global search time, Value: 550.31, Counter: 62, Timestamp: 1745500923
Reason: process time, Value: 0.00, Counter: 62, Timestamp: 1745500923
Reason: loop time, Value: 634.74, Counter: 62, Timestamp: 1745500923
----------------------------------------
Thread: nice_thread, Loop time exceeded: 651.47 ms
Reason: consumer time, Value: 0.00, Counter: 80, Timestamp: 1745500923
Reason: transform time, Value: 0.12, Counter: 80, Timestamp: 1745500923
Reason: global search time, Value: 525.68, Counter: 80, Timestamp: 1745500924
Reason: process time, Value: 0.00, Counter: 80, Timestamp: 1745500924
Reason: loop time, Value: 651.47, Counter: 80, Timestamp: 1745500924
----------------------------------------
Thread: nice_thread, Loop time exceeded: 671.71 ms
Reason: consumer time, Value: 0.00, Counter: 98, Timestamp: 1745500924
Reason: transform time, Value: 0.07, Counter: 98, Timestamp: 1745500924
Reason: global search time, Value: 597.46, Counter: 98, Timestamp: 1745500924
Reason: process time, Value: 0.00, Counter: 98, Timestamp: 1745500924
Reason: loop time, Value: 671.71, Counter: 98, Timestamp: 1745500924
----------------------------------------
Thread: nice_thread, Loop time exceeded: 574.59 ms
Reason: consumer time, Value: 0.00, Counter: 115, Timestamp: 1745500924
Reason: transform time, Value: 0.03, Counter: 115, Timestamp: 1745500924
Reason: global search time, Value: 545.80, Counter: 115, Timestamp: 1745500925
Reason: process time, Value: 0.00, Counter: 115, Timestamp: 1745500925
Reason: loop time, Value: 574.59, Counter: 115, Timestamp: 1745500925
----------------------------------------
Thread: nice_thread, Loop time exceeded: 627.02 ms
Reason: consumer time, Value: 0.00, Counter: 3, Timestamp: 1745500925
Reason: transform time, Value: 0.07, Counter: 3, Timestamp: 1745500925
Reason: global search time, Value: 551.63, Counter: 3, Timestamp: 1745500926
Reason: process time, Value: 0.00, Counter: 3, Timestamp: 1745500926
Reason: loop time, Value: 627.02, Counter: 3, Timestamp: 1745500926
----------------------------------------
Thread: nice_thread, Loop time exceeded: 662.91 ms
Reason: consumer time, Value: 0.00, Counter: 19, Timestamp: 1745500926
Reason: transform time, Value: 0.07, Counter: 19, Timestamp: 1745500926
Reason: global search time, Value: 587.04, Counter: 19, Timestamp: 1745500926
Reason: process time, Value: 0.00, Counter: 19, Timestamp: 1745500926
Reason: loop time, Value: 662.91, Counter: 19, Timestamp: 1745500926
----------------------------------------
Thread: nice_thread, Loop time exceeded: 652.52 ms
Reason: consumer time, Value: 0.00, Counter: 36, Timestamp: 1745500926
Reason: transform time, Value: 0.09, Counter: 36, Timestamp: 1745500926
Reason: global search time, Value: 566.69, Counter: 36, Timestamp: 1745500927
Reason: process time, Value: 0.00, Counter: 36, Timestamp: 1745500927
Reason: loop time, Value: 652.52, Counter: 36, Timestamp: 1745500927
----------------------------------------
Thread: nice_thread, Loop time exceeded: 692.00 ms
Reason: consumer time, Value: 0.00, Counter: 54, Timestamp: 1745500927
Reason: transform time, Value: 0.08, Counter: 54, Timestamp: 1745500927
Reason: global search time, Value: 614.54, Counter: 54, Timestamp: 1745500928
Reason: process time, Value: 0.00, Counter: 54, Timestamp: 1745500928
Reason: loop time, Value: 692.00, Counter: 54, Timestamp: 1745500928
----------------------------------------
Thread: nice_thread, Loop time exceeded: 682.83 ms
Reason: consumer time, Value: 0.00, Counter: 73, Timestamp: 1745500928
Reason: transform time, Value: 0.08, Counter: 73, Timestamp: 1745500928
Reason: global search time, Value: 598.11, Counter: 73, Timestamp: 1745500928
Reason: process time, Value: 0.00, Counter: 73, Timestamp: 1745500928
Reason: loop time, Value: 682.83, Counter: 73, Timestamp: 1745500928
----------------------------------------
Thread: nice_thread, Loop time exceeded: 633.75 ms
Reason: consumer time, Value: 0.00, Counter: 91, Timestamp: 1745500928
Reason: transform time, Value: 0.08, Counter: 91, Timestamp: 1745500928
Reason: global search time, Value: 554.51, Counter: 91, Timestamp: 1745500929
Reason: process time, Value: 0.00, Counter: 91, Timestamp: 1745500929
Reason: loop time, Value: 633.75, Counter: 91, Timestamp: 1745500929
----------------------------------------
Thread: nice_thread, Loop time exceeded: 682.90 ms
Reason: consumer time, Value: 0.00, Counter: 109, Timestamp: 1745500929
Reason: transform time, Value: 0.08, Counter: 109, Timestamp: 1745500929
Reason: global search time, Value: 600.66, Counter: 109, Timestamp: 1745500930
Reason: process time, Value: 0.00, Counter: 109, Timestamp: 1745500930
Reason: loop time, Value: 682.90, Counter: 109, Timestamp: 1745500930
----------------------------------------
Thread: nice_thread, Loop time exceeded: 652.29 ms
Reason: consumer time, Value: 0.00, Counter: 126, Timestamp: 1745500930
Reason: transform time, Value: 0.08, Counter: 126, Timestamp: 1745500930
Reason: global search time, Value: 572.52, Counter: 126, Timestamp: 1745500930
Reason: process time, Value: 0.00, Counter: 126, Timestamp: 1745500930
Reason: loop time, Value: 652.29, Counter: 126, Timestamp: 1745500930
----------------------------------------
Thread: nice_thread, Loop time exceeded: 599.14 ms
Reason: consumer time, Value: 0.00, Counter: 15, Timestamp: 1745500930
Reason: transform time, Value: 0.03, Counter: 15, Timestamp: 1745500930
Reason: global search time, Value: 570.84, Counter: 15, Timestamp: 1745500931
Reason: process time, Value: 0.00, Counter: 15, Timestamp: 1745500931
Reason: loop time, Value: 599.14, Counter: 15, Timestamp: 1745500931
----------------------------------------
Thread: nice_thread, Loop time exceeded: 769.02 ms
Reason: consumer time, Value: 0.00, Counter: 32, Timestamp: 1745500931
Reason: transform time, Value: 0.17, Counter: 32, Timestamp: 1745500931
Reason: global search time, Value: 598.11, Counter: 32, Timestamp: 1745500932
Reason: process time, Value: 0.00, Counter: 32, Timestamp: 1745500932
Reason: loop time, Value: 769.02, Counter: 32, Timestamp: 1745500932
----------------------------------------
Thread: nice_thread, Loop time exceeded: 686.06 ms
Reason: consumer time, Value: 0.00, Counter: 53, Timestamp: 1745500932
Reason: transform time, Value: 0.08, Counter: 53, Timestamp: 1745500932
Reason: global search time, Value: 606.96, Counter: 53, Timestamp: 1745500932
Reason: process time, Value: 0.00, Counter: 53, Timestamp: 1745500932
Reason: loop time, Value: 686.06, Counter: 53, Timestamp: 1745500932
----------------------------------------
Thread: nice_thread, Loop time exceeded: 615.81 ms
Reason: consumer time, Value: 0.00, Counter: 71, Timestamp: 1745500932
Reason: transform time, Value: 0.07, Counter: 71, Timestamp: 1745500932
Reason: global search time, Value: 540.97, Counter: 71, Timestamp: 1745500933
Reason: process time, Value: 0.00, Counter: 71, Timestamp: 1745500933
Reason: loop time, Value: 615.81, Counter: 71, Timestamp: 1745500933
----------------------------------------
Thread: nice_thread, Loop time exceeded: 679.09 ms
Reason: consumer time, Value: 0.00, Counter: 89, Timestamp: 1745500933
Reason: transform time, Value: 0.07, Counter: 89, Timestamp: 1745500933
Reason: global search time, Value: 603.88, Counter: 89, Timestamp: 1745500934
Reason: process time, Value: 0.00, Counter: 89, Timestamp: 1745500934
Reason: loop time, Value: 679.09, Counter: 89, Timestamp: 1745500934
----------------------------------------
Thread: nice_thread, Loop time exceeded: 625.79 ms
Reason: consumer time, Value: 0.00, Counter: 107, Timestamp: 1745500934
Reason: transform time, Value: 0.03, Counter: 107, Timestamp: 1745500934
Reason: global search time, Value: 596.92, Counter: 107, Timestamp: 1745500934
Reason: process time, Value: 0.00, Counter: 107, Timestamp: 1745500934
Reason: loop time, Value: 625.79, Counter: 107, Timestamp: 1745500934
----------------------------------------
Thread: nice_thread, Loop time exceeded: 617.85 ms
Reason: consumer time, Value: 0.00, Counter: 123, Timestamp: 1745500934
Reason: transform time, Value: 0.07, Counter: 123, Timestamp: 1745500934
Reason: global search time, Value: 543.51, Counter: 123, Timestamp: 1745500935
Reason: process time, Value: 0.00, Counter: 123, Timestamp: 1745500935
Reason: loop time, Value: 617.85, Counter: 123, Timestamp: 1745500935
----------------------------------------
Thread: nice_thread, Loop time exceeded: 668.55 ms
Reason: consumer time, Value: 0.00, Counter: 13, Timestamp: 1745500935
Reason: transform time, Value: 0.07, Counter: 13, Timestamp: 1745500935
Reason: global search time, Value: 593.58, Counter: 13, Timestamp: 1745500936
Reason: process time, Value: 0.00, Counter: 13, Timestamp: 1745500936
Reason: loop time, Value: 668.55, Counter: 13, Timestamp: 1745500936
----------------------------------------
Thread: nice_thread, Loop time exceeded: 640.75 ms
Reason: consumer time, Value: 0.00, Counter: 31, Timestamp: 1745500936
Reason: transform time, Value: 0.03, Counter: 31, Timestamp: 1745500936
Reason: global search time, Value: 613.84, Counter: 31, Timestamp: 1745500936
Reason: process time, Value: 0.00, Counter: 31, Timestamp: 1745500936
Reason: loop time, Value: 640.75, Counter: 31, Timestamp: 1745500936
----------------------------------------
Thread: nice_thread, Loop time exceeded: 571.92 ms
Reason: consumer time, Value: 0.00, Counter: 49, Timestamp: 1745500936
Reason: transform time, Value: 0.02, Counter: 49, Timestamp: 1745500936
Reason: global search time, Value: 551.21, Counter: 49, Timestamp: 1745500937
Reason: process time, Value: 0.00, Counter: 49, Timestamp: 1745500937
Reason: loop time, Value: 571.92, Counter: 49, Timestamp: 1745500937
----------------------------------------
Thread: nice_thread, Loop time exceeded: 630.57 ms
Reason: consumer time, Value: 0.00, Counter: 65, Timestamp: 1745500937
Reason: transform time, Value: 0.02, Counter: 65, Timestamp: 1745500937
Reason: global search time, Value: 612.54, Counter: 65, Timestamp: 1745500937
Reason: process time, Value: 0.00, Counter: 65, Timestamp: 1745500937
Reason: loop time, Value: 630.57, Counter: 65, Timestamp: 1745500937
----------------------------------------
Thread: nice_thread, Loop time exceeded: 610.44 ms
Reason: consumer time, Value: 0.00, Counter: 82, Timestamp: 1745500937
Reason: transform time, Value: 0.08, Counter: 82, Timestamp: 1745500937
Reason: global search time, Value: 533.07, Counter: 82, Timestamp: 1745500938
Reason: process time, Value: 0.00, Counter: 82, Timestamp: 1745500938
Reason: loop time, Value: 610.44, Counter: 82, Timestamp: 1745500938
----------------------------------------
Thread: nice_thread, Loop time exceeded: 696.77 ms
Reason: consumer time, Value: 0.00, Counter: 100, Timestamp: 1745500938
Reason: transform time, Value: 0.08, Counter: 100, Timestamp: 1745500938
Reason: global search time, Value: 620.48, Counter: 100, Timestamp: 1745500939
Reason: process time, Value: 0.00, Counter: 100, Timestamp: 1745500939
Reason: loop time, Value: 696.77, Counter: 100, Timestamp: 1745500939
----------------------------------------
Thread: nice_thread, Loop time exceeded: 675.24 ms
Reason: consumer time, Value: 0.00, Counter: 119, Timestamp: 1745500939
Reason: transform time, Value: 0.08, Counter: 119, Timestamp: 1745500939
Reason: global search time, Value: 595.87, Counter: 119, Timestamp: 1745500939
Reason: process time, Value: 0.00, Counter: 119, Timestamp: 1745500939
Reason: loop time, Value: 675.24, Counter: 119, Timestamp: 1745500939
----------------------------------------
