Core number: 0
Remap: 74.539 ms
Transform color: 5.906 ms
Core number: 0
Remap: 24.678 ms
Transform color: 1.396 ms
Core number: 0
Remap: 78.777 ms
Transform color: 5.323 ms
Core number: 0
Remap: 20.443 ms
Transform color: 3.204 ms
Core number: 0
Remap: 63.305 ms
Transform color: 4.342 ms
Core number: 0
Remap: 65.127 ms
Transform color: 5.92 ms
Core number: 0
Remap: 70.5 ms
Transform color: 5.433 ms
Core number: 0
Remap: 73.596 ms
Transform color: 4.741 ms
Core number: 0
Remap: 19.07 ms
Transform color: 3.567 ms
Core number: 0
Remap: 71.319 ms
Transform color: 3.656 ms
Core number: 0
Remap: 72.833 ms
Transform color: 4.157 ms
Core number: 0
Remap: 61.049 ms
Transform color: 4.53 ms
Core number: 0
Remap: 66.551 ms
Transform color: 4.209 ms
Core number: 0
Remap: 69.133 ms
Transform color: 5.584 ms
Core number: 0
Remap: 77.76 ms
Transform color: 5.122 ms
Core number: 0
Remap: 68.429 ms
Transform color: 6.381 ms
Core number: 0
Remap: 68.42 ms
Transform color: 5.284 ms
Core number: 0
Remap: 67.51 ms
Transform color: 4.947 ms
Core number: 0
Remap: 74.693 ms
Transform color: 5.954 ms
Core number: 0
Remap: 68.29 ms
Transform color: 5.286 ms
Core number: 0
Remap: 84.986 ms
Transform color: 4.949 ms
Core number: 0
Remap: 64.967 ms
Transform color: 5.661 ms
Core number: 0
Remap: 72.042 ms
Transform color: 6.1 ms
Core number: 0
Remap: 67.353 ms
Transform color: 3.922 ms
Core number: 0
Remap: 80.447 ms
Transform color: 7.181 ms
Core number: 0
Remap: 224.072 ms
Transform color: 2.829 ms
Core number: 0
Remap: 71.87 ms
Transform color: 4.618 ms
Core number: 0
Remap: 267.378 ms
Transform color: 43.253 ms
Core number: 0
Remap: 71.7 ms
Transform color: 2.889 ms
Core number: 0
Remap: 75.407 ms
Transform color: 7.893 ms
Core number: 0
Remap: 73.69 ms
Transform color: 6.994 ms
Core number: 0
Remap: 66.219 ms
Transform color: 7.565 ms
Core number: 0
Remap: 71.207 ms
Transform color: 4.814 ms
Core number: 0
Remap: 68.722 ms
Transform color: 4.306 ms
Core number: 0
Remap: 75.527 ms
Transform color: 6.582 ms
Core number: 0
Remap: 68.121 ms
Transform color: 1.817 ms
Core number: 0
Remap: 66.46 ms
Transform color: 4.765 ms
Core number: 0
Remap: 76.174 ms
Transform color: 4.7 ms
Core number: 0
Remap: 79.129 ms
Transform color: 6.642 ms
Core number: 0
Remap: 22.567 ms
Transform color: 3.399 ms
Core number: 0
Remap: 69.377 ms
Transform color: 3.871 ms
Core number: 0
Remap: 67.71 ms
Transform color: 4.349 ms
Core number: 0
Remap: 77.299 ms
Transform color: 4.436 ms
Core number: 0
Remap: 123.153 ms
Transform color: 2.903 ms
Core number: 0
Remap: 81.162 ms
Transform color: 5.766 ms
Core number: 0
Remap: 63.775 ms
Transform color: 6.266 ms
Core number: 0
Remap: 20.425 ms
Transform color: 6.31 ms
Core number: 0
Remap: 57.109 ms
Transform color: 1.545 ms
Core number: 0
Remap: 65.352 ms
Transform color: 4.217 ms
Core number: 0
Remap: 25.295 ms
Transform color: 2.845 ms
Core number: 0
Remap: 80.858 ms
Transform color: 6.739 ms
Core number: 0
Remap: 72.255 ms
Transform color: 5.664 ms
Core number: 0
Remap: 71.615 ms
Transform color: 7.24 ms
Core number: 0
Remap: 73.061 ms
Transform color: 6.004 ms
Core number: 0
Remap: 116.032 ms
Transform color: 5.492 ms
Core number: 0
Remap: 69.698 ms
Transform color: 4.311 ms
Core number: 0
Remap: 71.494 ms
Transform color: 6.253 ms
Core number: 0
Remap: 18.275 ms
Transform color: 3.015 ms
Core number: 0
Remap: 13.862 ms
Transform color: 2.683 ms
Core number: 0
Remap: 73.268 ms
Transform color: 7.239 ms
Core number: 0
Remap: 65.151 ms
Transform color: 5.542 ms
Core number: 0
Remap: 117.287 ms
Transform color: 7.347 ms
Core number: 0
Remap: 77.17 ms
Transform color: 3.681 ms
Core number: 0
Remap: 85.324 ms
Transform color: 4.346 ms
Core number: 0
Remap: 67.403 ms
Transform color: 4.986 ms
Core number: 0
Remap: 69.207 ms
Transform color: 4.855 ms
Core number: 0
Remap: 75.919 ms
Transform color: 5.469 ms
Core number: 0
Remap: 68.479 ms
Transform color: 4.664 ms
Core number: 0
Remap: 72.123 ms
Transform color: 5.225 ms
Core number: 0
Remap: 72.655 ms
Transform color: 5.036 ms
Core number: 0
Remap: 29.042 ms
Transform color: 2.505 ms
Core number: 0
Remap: 67.779 ms
Transform color: 6.671 ms
Core number: 0
Remap: 67.002 ms
Transform color: 4.302 ms
Core number: 0
Remap: 20.193 ms
Transform color: 1.88 ms
Core number: 0
Remap: 69.383 ms
Transform color: 6.397 ms
Core number: 0
Remap: 73.997 ms
Transform color: 5.997 ms
Core number: 0
Remap: 23.291 ms
Transform color: 3.778 ms
Core number: 0
Remap: 127.027 ms
Transform color: 3.405 ms
Core number: 0
Remap: 71.14 ms
Transform color: 6.808 ms
Core number: 0
Remap: 73.117 ms
Transform color: 4.512 ms
Core number: 0
Remap: 72.944 ms
Transform color: 5.015 ms
Core number: 0
Remap: 74.579 ms
Transform color: 5.005 ms
Core number: 0
Remap: 84.662 ms
Transform color: 7.906 ms
Core number: 0
Remap: 77.488 ms
Transform color: 5.182 ms
Core number: 0
Remap: 69.502 ms
Transform color: 5.449 ms
Core number: 0
Remap: 77.726 ms
Transform color: 5.255 ms
Core number: 0
Remap: 75.319 ms
Transform color: 2.013 ms
Core number: 0
Remap: 81.341 ms
Transform color: 4.506 ms
Core number: 0
Remap: 124.465 ms
Transform color: 5.791 ms
Core number: 0
Remap: 65.395 ms
Transform color: 6.312 ms
Core number: 0
Remap: 69.999 ms
Transform color: 2.539 ms
Core number: 0
Remap: 71.503 ms
Transform color: 1.642 ms
Core number: 0
Remap: 79.89 ms
Transform color: 6.908 ms
Core number: 0
Remap: 26.317 ms
Transform color: 3.76 ms
Core number: 0
Remap: 75.431 ms
Transform color: 4.661 ms
Core number: 0
Remap: 79.467 ms
Transform color: 50.816 ms
Core number: 0
Remap: 75.484 ms
Transform color: 2.91 ms
Core number: 0
Remap: 74.285 ms
Transform color: 5.097 ms
Core number: 0
Remap: 81.336 ms
Transform color: 9.641 ms
Core number: 0
Remap: 108.466 ms
Transform color: 3.703 ms
Core number: 0
Remap: 77.788 ms
Transform color: 5.966 ms
Core number: 0
Remap: 78.885 ms
Transform color: 7.251 ms
Core number: 0
Remap: 79.519 ms
Transform color: 4.958 ms
Core number: 0
Remap: 72.069 ms
Transform color: 5.513 ms
Core number: 0
Remap: 23.341 ms
Transform color: 4.144 ms
Core number: 0
Remap: 110.787 ms
Transform color: 2.297 ms
Core number: 0
Remap: 71.396 ms
Transform color: 7.859 ms
Core number: 0
Remap: 119.135 ms
Transform color: 6.665 ms
Core number: 0
Remap: 18.02 ms
Transform color: 2.649 ms
Core number: 0
Remap: 83.146 ms
Transform color: 6.358 ms
Core number: 0
Remap: 79.207 ms
Transform color: 6.273 ms
Core number: 0
Remap: 75.287 ms
Transform color: 6.568 ms
Core number: 0
Remap: 74.212 ms
Transform color: 6.957 ms
Core number: 0
 Timestamp: 1745500879
Reason: global search time, Value: 462.84, Counter: 24, Timestamp: 1745500879
Reason: process time, Value: 0.00, Counter: 24, Timestamp: 1745500879
Reason: loop time, Value: 545.85, Counter: 24, Timestamp: 1745500879
----------------------------------------
Thread: nice_thread, Loop time exceeded: 602.38 ms
Reason: consumer time, Value: 0.00, Counter: 40, Timestamp: 1745500879
Reason: transform time, Value: 0.07, Counter: 40, Timestamp: 1745500879
Reason: global search time, Value: 527.45, Counter: 40, Timestamp: 1745500880
Reason: process time, Value: 0.00, Counter: 40, Timestamp: 1745500880
Reason: loop time, Value: 602.38, Counter: 40, Timestamp: 1745500880
----------------------------------------
Thread: nice_thread, Loop time exceeded: 608.32 ms
Reason: consumer time, Value: 0.00, Counter: 55, Timestamp: 1745500880
Reason: transform time, Value: 0.07, Counter: 55, Timestamp: 1745500880
Reason: global search time, Value: 534.47, Counter: 55, Timestamp: 1745500880
Reason: process time, Value: 0.00, Counter: 55, Timestamp: 1745500880
Reason: loop time, Value: 608.32, Counter: 55, Timestamp: 1745500880
----------------------------------------
Thread: nice_thread, Loop time exceeded: 551.87 ms
Reason: consumer time, Value: 0.00, Counter: 71, Timestamp: 1745500880
Reason: transform time, Value: 0.07, Counter: 71, Timestamp: 1745500880
Reason: global search time, Value: 479.29, Counter: 71, Timestamp: 1745500881
Reason: process time, Value: 0.00, Counter: 71, Timestamp: 1745500881
Reason: loop time, Value: 551.87, Counter: 71, Timestamp: 1745500881
----------------------------------------
Thread: nice_thread, Loop time exceeded: 616.55 ms
Reason: consumer time, Value: 0.00, Counter: 87, Timestamp: 1745500881
Reason: transform time, Value: 0.08, Counter: 87, Timestamp: 1745500881
Reason: global search time, Value: 535.75, Counter: 87, Timestamp: 1745500881
Reason: process time, Value: 0.00, Counter: 87, Timestamp: 1745500881
Reason: loop time, Value: 616.55, Counter: 87, Timestamp: 1745500881
----------------------------------------
Thread: nice_thread, Loop time exceeded: 584.41 ms
Reason: consumer time, Value: 0.00, Counter: 103, Timestamp: 1745500881
Reason: transform time, Value: 0.07, Counter: 103, Timestamp: 1745500881
Reason: global search time, Value: 510.71, Counter: 103, Timestamp: 1745500882
Reason: process time, Value: 0.00, Counter: 103, Timestamp: 1745500882
Reason: loop time, Value: 584.41, Counter: 103, Timestamp: 1745500882
----------------------------------------
Thread: nice_thread, Loop time exceeded: 641.39 ms
Reason: consumer time, Value: 0.00, Counter: 119, Timestamp: 1745500882
Reason: transform time, Value: 0.09, Counter: 119, Timestamp: 1745500882
Reason: global search time, Value: 551.34, Counter: 119, Timestamp: 1745500883
Reason: process time, Value: 0.00, Counter: 119, Timestamp: 1745500883
Reason: loop time, Value: 641.39, Counter: 119, Timestamp: 1745500883
----------------------------------------
Thread: nice_thread, Loop time exceeded: 596.00 ms
Reason: consumer time, Value: 0.00, Counter: 8, Timestamp: 1745500883
Reason: transform time, Value: 0.07, Counter: 8, Timestamp: 1745500883
Reason: global search time, Value: 525.26, Counter: 8, Timestamp: 1745500883
Reason: process time, Value: 0.00, Counter: 8, Timestamp: 1745500883
Reason: loop time, Value: 596.00, Counter: 8, Timestamp: 1745500883
----------------------------------------
Thread: nice_thread, Loop time exceeded: 561.73 ms
Reason: consumer time, Value: 0.00, Counter: 25, Timestamp: 1745500883
Reason: transform time, Value: 0.08, Counter: 25, Timestamp: 1745500883
Reason: global search time, Value: 483.46, Counter: 25, Timestamp: 1745500884
Reason: process time, Value: 0.00, Counter: 25, Timestamp: 1745500884
Reason: loop time, Value: 561.73, Counter: 25, Timestamp: 1745500884
----------------------------------------
Thread: nice_thread, Loop time exceeded: 620.41 ms
Reason: consumer time, Value: 0.00, Counter: 41, Timestamp: 1745500884
Reason: transform time, Value: 0.07, Counter: 41, Timestamp: 1745500884
Reason: global search time, Value: 549.03, Counter: 41, Timestamp: 1745500884
Reason: process time, Value: 0.00, Counter: 41, Timestamp: 1745500884
Reason: loop time, Value: 620.41, Counter: 41, Timestamp: 1745500884
----------------------------------------
Thread: nice_thread, Loop time exceeded: 571.74 ms
Reason: consumer time, Value: 0.00, Counter: 57, Timestamp: 1745500884
Reason: transform time, Value: 0.09, Counter: 57, Timestamp: 1745500884
Reason: global search time, Value: 483.92, Counter: 57, Timestamp: 1745500885
Reason: process time, Value: 0.00, Counter: 57, Timestamp: 1745500885
Reason: loop time, Value: 571.74, Counter: 57, Timestamp: 1745500885
----------------------------------------
Thread: nice_thread, Loop time exceeded: 665.60 ms
Reason: consumer time, Value: 0.00, Counter: 73, Timestamp: 1745500885
Reason: transform time, Value: 0.23, Counter: 73, Timestamp: 1745500885
Reason: global search time, Value: 438.55, Counter: 73, Timestamp: 1745500886
Reason: process time, Value: 0.00, Counter: 73, Timestamp: 1745500886
Reason: loop time, Value: 665.60, Counter: 73, Timestamp: 1745500886
----------------------------------------
Thread: nice_thread, Loop time exceeded: 619.81 ms
Reason: consumer time, Value: 0.00, Counter: 91, Timestamp: 1745500886
Reason: transform time, Value: 0.08, Counter: 91, Timestamp: 1745500886
Reason: global search time, Value: 543.19, Counter: 91, Timestamp: 1745500886
Reason: process time, Value: 0.00, Counter: 91, Timestamp: 1745500886
Reason: loop time, Value: 619.81, Counter: 91, Timestamp: 1745500886
----------------------------------------
Thread: nice_thread, Loop time exceeded: 797.60 ms
Reason: consumer time, Value: 0.00, Counter: 107, Timestamp: 1745500886
Reason: transform time, Value: 0.31, Counter: 107, Timestamp: 1745500887
Reason: global search time, Value: 486.89, Counter: 107, Timestamp: 1745500887
Reason: process time, Value: 0.00, Counter: 107, Timestamp: 1745500887
Reason: loop time, Value: 797.60, Counter: 107, Timestamp: 1745500887
----------------------------------------
Thread: nice_thread, Loop time exceeded: 590.65 ms
Reason: consumer time, Value: 0.00, Counter: 3, Timestamp: 1745500887
Reason: transform time, Value: 0.07, Counter: 3, Timestamp: 1745500887
Reason: global search time, Value: 515.96, Counter: 3, Timestamp: 1745500888
Reason: process time, Value: 0.00, Counter: 3, Timestamp: 1745500888
Reason: loop time, Value: 590.65, Counter: 3, Timestamp: 1745500888
----------------------------------------
Thread: nice_thread, Loop time exceeded: 616.74 ms
Reason: consumer time, Value: 0.00, Counter: 19, Timestamp: 1745500888
Reason: transform time, Value: 0.08, Counter: 19, Timestamp: 1745500888
Reason: global search time, Value: 533.29, Counter: 19, Timestamp: 1745500888
Reason: process time, Value: 0.00, Counter: 19, Timestamp: 1745500888
Reason: loop time, Value: 616.74, Counter: 19, Timestamp: 1745500888
----------------------------------------
Thread: nice_thread, Loop time exceeded: 546.47 ms
Reason: consumer time, Value: 0.00, Counter: 35, Timestamp: 1745500888
Reason: transform time, Value: 0.08, Counter: 35, Timestamp: 1745500888
Reason: global search time, Value: 465.62, Counter: 35, Timestamp: 1745500889
Reason: process time, Value: 0.00, Counter: 35, Timestamp: 1745500889
Reason: loop time, Value: 546.47, Counter: 35, Timestamp: 1745500889
----------------------------------------
Thread: nice_thread, Loop time exceeded: 619.90 ms
Reason: consumer time, Value: 0.00, Counter: 51, Timestamp: 1745500889
Reason: transform time, Value: 0.07, Counter: 51, Timestamp: 1745500889
Reason: global search time, Value: 546.00, Counter: 51, Timestamp: 1745500889
Reason: process time, Value: 0.00, Counter: 51, Timestamp: 1745500889
Reason: loop time, Value: 619.90, Counter: 51, Timestamp: 1745500889
----------------------------------------
Thread: nice_thread, Loop time exceeded: 557.93 ms
Reason: consumer time, Value: 0.00, Counter: 67, Timestamp: 1745500889
Reason: transform time, Value: 0.08, Counter: 67, Timestamp: 1745500889
Reason: global search time, Value: 481.79, Counter: 67, Timestamp: 1745500890
Reason: process time, Value: 0.00, Counter: 67, Timestamp: 1745500890
Reason: loop time, Value: 557.93, Counter: 67, Timestamp: 1745500890
----------------------------------------
Thread: nice_thread, Loop time exceeded: 593.21 ms
Reason: consumer time, Value: 0.00, Counter: 83, Timestamp: 1745500890
Reason: transform time, Value: 0.07, Counter: 83, Timestamp: 1745500890
Reason: global search time, Value: 520.09, Counter: 83, Timestamp: 1745500891
Reason: process time, Value: 0.00, Counter: 83, Timestamp: 1745500891
Reason: loop time, Value: 593.21, Counter: 83, Timestamp: 1745500891
----------------------------------------
Thread: nice_thread, Loop time exceeded: 624.42 ms
Reason: consumer time, Value: 0.00, Counter: 100, Timestamp: 1745500891
Reason: transform time, Value: 0.08, Counter: 100, Timestamp: 1745500891
Reason: global search time, Value: 542.18, Counter: 100, Timestamp: 1745500891
Reason: process time, Value: 0.00, Counter: 100, Timestamp: 1745500891
Reason: loop time, Value: 624.42, Counter: 100, Timestamp: 1745500891
----------------------------------------
Thread: nice_thread, Loop time exceeded: 545.71 ms
Reason: consumer time, Value: 0.00, Counter: 117, Timestamp: 1745500891
Reason: transform time, Value: 0.07, Counter: 117, Timestamp: 1745500891
Reason: global search time, Value: 475.70, Counter: 117, Timestamp: 1745500892
Reason: process time, Value: 0.00, Counter: 117, Timestamp: 1745500892
Reason: loop time, Value: 545.71, Counter: 117, Timestamp: 1745500892
----------------------------------------
Thread: nice_thread, Loop time exceeded: 624.14 ms
Reason: consumer time, Value: 0.00, Counter: 5, Timestamp: 1745500892
Reason: transform time, Value: 0.07, Counter: 5, Timestamp: 1745500892
Reason: global search time, Value: 552.80, Counter: 5, Timestamp: 1745500892
Reason: process time, Value: 0.00, Counter: 5, Timestamp: 1745500892
Reason: loop time, Value: 624.14, Counter: 5, Timestamp: 1745500892
----------------------------------------
Thread: nice_thread, Loop time exceeded: 557.62 ms
Reason: consumer time, Value: 0.00, Counter: 22, Timestamp: 1745500892
Reason: transform time, Value: 0.08, Counter: 22, Timestamp: 1745500892
Reason: global search time, Value: 476.64, Counter: 22, Timestamp: 1745500893
Reason: process time, Value: 0.00, Counter: 22, Timestamp: 1745500893
Reason: loop time, Value: 557.62, Counter: 22, Timestamp: 1745500893
----------------------------------------
Thread: nice_thread, Loop time exceeded: 619.67 ms
Reason: consumer time, Value: 0.00, Counter: 37, Timestamp: 1745500893
Reason: transform time, Value: 0.09, Counter: 37, Timestamp: 1745500893
Reason: global search time, Value: 533.82, Counter: 37, Timestamp: 1745500894
Reason: process time, Value: 0.00, Counter: 37, Timestamp: 1745500894
Reason: loop time, Value: 619.67, Counter: 37, Timestamp: 1745500894
----------------------------------------
Thread: nice_thread, Loop time exceeded: 492.92 ms
Reason: consumer time, Value: 0.00, Counter: 54, Timestamp: 1745500894
Reason: transform time, Value: 0.03, Counter: 54, Timestamp: 1745500894
Reason: global search time, Value: 466.80, Counter: 54, Timestamp: 1745500894
Reason: process time, Value: 0.00, Counter: 54, Timestamp: 1745500894
Reason: loop time, Value: 492.92, Counter: 54, Timestamp: 1745500894
----------------------------------------
Thread: nice_thread, Loop time exceeded: 607.52 ms
Reason: consumer time, Value: 0.00, Counter: 69, Timestamp: 1745500894
Reason: transform time, Value: 0.07, Counter: 69, Timestamp: 1745500894
Reason: global search time, Value: 534.20, Counter: 69, Timestamp: 1745500895
Reason: process time, Value: 0.00, Counter: 69, Timestamp: 1745500895
Reason: loop time, Value: 607.52, Counter: 69, Timestamp: 1745500895
----------------------------------------
Thread: nice_thread, Loop time exceeded: 608.75 ms
Reason: consumer time, Value: 0.00, Counter: 86, Timestamp: 1745500895
Reason: transform time, Value: 0.07, Counter: 86, Timestamp: 1745500895
Reason: global search time, Value: 536.59, Counter: 86, Timestamp: 1745500895
Reason: process time, Value: 0.00, Counter: 86, Timestamp: 1745500895
Reason: loop time, Value: 608.75, Counter: 86, Timestamp: 1745500895
----------------------------------------
Thread: nice_thread, Loop time exceeded: 562.21 ms
Reason: consumer time, Value: 0.00, Counter: 103, Timestamp: 1745500895
Reason: transform time, Value: 0.08, Counter: 103, Timestamp: 1745500895
Reason: global search time, Value: 480.39, Counter: 103, Timestamp: 1745500896
Reason: process time, Value: 0.00, Counter: 103, Timestamp: 1745500896
Reason: loop time, Value: 562.21, Counter: 103, Timestamp: 1745500896
----------------------------------------
Thread: nice_thread, Loop time exceeded: 645.44 ms
Reason: consumer time, Value: 0.00, Counter: 119, Timestamp: 1745500896
Reason: transform time, Value: 0.13, Counter: 119, Timestamp: 1745500896
Reason: global search time, Value: 519.29, Counter: 119, Timestamp: 1745500896
Reason: process time, Value: 0.00, Counter: 119, Timestamp: 1745500896
Reason: loop time, Value: 645.44, Counter: 119, Timestamp: 1745500896
----------------------------------------
Thread: nice_thread, Loop time exceeded: 571.59 ms
Reason: consumer time, Value: 0.00, Counter: 8, Timestamp: 1745500896
Reason: transform time, Value: 0.09, Counter: 8, Timestamp: 1745500897
Reason: global search time, Value: 484.59, Counter: 8, Timestamp: 1745500897
Reason: process time, Value: 0.00, Counter: 8, Timestamp: 1745500897
Reason: loop time, Value: 571.59, Counter: 8, Timestamp: 1745500897
----------------------------------------
Thread: nice_thread, Loop time exceeded: 597.98 ms
Reason: consumer time, Value: 0.00, Counter: 24, Timestamp: 1745500897
Reason: transform time, Value: 0.07, Counter: 24, Timestamp: 1745500897
Reason: global search time, Value: 527.81, Counter: 24, Timestamp: 1745500898
Reason: process time, Value: 0.00, Counter: 24, Timestamp: 1745500898
Reason: loop time, Value: 597.98, Counter: 24, Timestamp: 1745500898
----------------------------------------
Thread: nice_thread, Loop time exceeded: 498.34 ms
Reason: consumer time, Value: 0.00, Counter: 40, Timestamp: 1745500898
Reason: transform time, Value: 0.03, Counter: 40, Timestamp: 1745500898
Reason: global search time, Value: 471.52, Counter: 40, Timestamp: 1745500898
Reason: process time, Value: 0.00, Counter: 40, Timestamp: 1745500898
Reason: loop time, Value: 498.34, Counter: 40, Timestamp: 1745500898
----------------------------------------
Thread: nice_thread, Loop time exceeded: 528.24 ms
Reason: consumer time, Value: 0.00, Counter: 55, Timestamp: 1745500898
Reason: transform time, Value: 0.06, Counter: 55, Timestamp: 1745500898
Reason: global search time, Value: 469.49, Counter: 55, Timestamp: 1745500899
Reason: process time, Value: 0.00, Counter: 55, Timestamp: 1745500899
Reason: loop time, Value: 528.24, Counter: 55, Timestamp: 1745500899
----------------------------------------
Thread: nice_thread, Loop time exceeded: 598.83 ms
Reason: consumer time, Value: 0.00, Counter: 69, Timestamp: 1745500899
Reason: transform time, Value: 0.07, Counter: 69, Timestamp: 1745500899
Reason: global search time, Value: 529.16, Counter: 69, Timestamp: 1745500899
Reason: process time, Value: 0.00, Counter: 69, Timestamp: 1745500899
Reason: loop time, Value: 598.83, Counter: 69, Timestamp: 1745500899
----------------------------------------
Thread: nice_thread, Loop time exceeded: 507.85 ms
Reason: consumer time, Value: 0.00, Counter: 86, Timestamp: 1745500899
Reason: transform time, Value: 0.03, Counter: 86, Timestamp: 1745500899
Reason: global search time, Value: 479.63, Counter: 86, Timestamp: 1745500900
Reason: process time, Value: 0.00, Counter: 86, Timestamp: 1745500900
Reason: loop time, Value: 507.85, Counter: 86, Timestamp: 1745500900
----------------------------------------
Thread: nice_thread, Loop time exceeded: 650.79 ms
Reason: consumer time, Value: 0.00, Counter: 100, Timestamp: 1745500900
Reason: transform time, Value: 0.09, Counter: 100, Timestamp: 1745500900
Reason: global search time, Value: 563.12, Counter: 100, Timestamp: 1745500900
Reason: process time, Value: 0.00, Counter: 100, Timestamp: 1745500900
Reason: loop time, Value: 650.79, Counter: 100, Timestamp: 1745500900
----------------------------------------
Thread: nice_thread, Loop time exceeded: 572.96 ms
Reason: consumer time, Value: 0.00, Counter: 117, Timestamp: 1745500900
Reason: transform time, Value: 0.08, Counter: 117, Timestamp: 1745500900
Reason: global search time, Value: 494.92, Counter: 117, Timestamp: 1745500901
Reason: process time, Value: 0.00, Counter: 117, Timestamp: 1745500901
Reason: loop time, Value: 572.96, Counter: 117, Timestamp: 1745500901
----------------------------------------
Thread: nice_thread, Loop time exceeded: 584.37 ms
Reason: consumer time, Value: 0.00, Counter: 6, Timestamp: 1745500901
Reason: transform time, Value: 0.08, Counter: 6, Timestamp: 1745500901
Reason: global search time, Value: 505.34, Counter: 6, Timestamp: 1745500902
Reason: process time, Value: 0.00, Counter: 6, Timestamp: 1745500902
Reason: loop time, Value: 584.37, Counter: 6, Timestamp: 1745500902
----------------------------------------
Thread: nice_thread, Loop time exceeded: 538.27 ms
Reason: consumer time, Value: 0.00, Counter: 22, Timestamp: 1745500902
Reason: transform time, Value: 0.08, Counter: 22, Timestamp: 1745500902
Reason: global search time, Value: 459.09, Counter: 22, Timestamp: 1745500902
Reason: process time, Value: 0.00, Counter: 22, Timestamp: 1745500902
Reason: loop time, Value: 538.27, Counter: 22, Timestamp: 1745500902
----------------------------------------
Thread: nice_thread, Loop time exceeded: 608.28 ms
Reason: consumer time, Value: 0.00, Counter: 38, Timestamp: 1745500902
Reason: transform time, Value: 0.12, Counter: 38, Timestamp: 1745500902
Reason: global search time, Value: 486.61, Counter: 38, Timestamp: 1745500903
Reason: process time, Value: 0.00, Counter: 38, Timestamp: 1745500903
Reason: loop time, Value: 608.28, Counter: 38, Timestamp: 1745500903
----------------------------------------
Thread: nice_thread, Loop time exceeded: 601.88 ms
Reason: consumer time, Value: 0.00, Counter: 55, Timestamp: 1745500903
Reason: transform time, Value: 0.07, Counter: 55, Timestamp: 1745500903
Reason: global search time, Value: 527.80, Counter: 55, Timestamp: 1745500903
Reason: process time, Value: 0.00, Counter: 55, Timestamp: 1745500903
Reason: loop time, Value: 601.88, Counter: 55, Timestamp: 1745500903
----------------------------------------
Thread: nice_thread, Loop time exceeded: 565.81 ms
Reason: consumer time, Value: 0.00, Counter: 70, Timestamp: 1745500903
Reason: transform time, Value: 0.08, Counter: 70, Timestamp: 1745500903
Reason: global search time, Value: 487.91, Counter: 70, Timestamp: 1745500904
Reason: process time, Value: 0.00, Counter: 70, Timestamp: 1745500904
Reason: loop time, Value: 565.81, Counter: 70, Timestamp: 1745500904
----------------------------------------
Thread: nice_thread, Loop time exceeded: 520.65 ms
Reason: consumer time, Value: 0.00, Counter: 86, Timestamp: 1745500904
Reason: transform time, Value: 0.02, Counter: 86, Timestamp: 1745500904
Reason: global search time, Value: 499.26, Counter: 86, Timestamp: 1745500904
Reason: process time, Value: 0.00, Counter: 86, Timestamp: 1745500904
Reason: loop time, Value: 520.65, Counter: 86, Timestamp: 1745500904
----------------------------------------
Thread: nice_thread, Loop time exceeded: 525.10 ms
Reason: consumer time, Value: 0.00, Counter: 101, Timestamp: 1745500904
Reason: transform time, Value: 0.02, Counter: 101, Timestamp: 1745500904
Reason: global search time, Value: 508.46, Counter: 101, Timestamp: 1745500905
Reason: process time, Value: 0.00, Counter: 101, Timestamp: 1745500905
Reason: loop time, Value: 525.10, Counter: 101, Timestamp: 1745500905
----------------------------------------
Thread: nice_thread, Loop time exceeded: 600.29 ms
Reason: consumer time, Value: 0.00, Counter: 116, Timestamp: 1745500905
Reason: transform time, Value: 0.08, Counter: 116, Timestamp: 1745500905
Reason: global search time, Value: 519.62, Counter: 116, Timestamp: 1745500906
Reason: process time, Value: 0.00, Counter: 116, Timestamp: 1745500906
Reason: loop time, Value: 600.29, Counter: 116, Timestamp: 1745500906
----------------------------------------
Thread: nice_thread, Loop time exceeded: 545.17 ms
Reason: consumer time, Value: 0.00, Counter: 5, Timestamp: 1745500906
Reason: transform time, Value: 0.07, Counter: 5, Timestamp: 1745500906
Reason: global search time, Value: 474.38, Counter: 5, Timestamp: 1745500906
Reason: process time, Value: 0.00, Counter: 5, Timestamp: 1745500906
Reason: loop time, Value: 545.17, Counter: 5, Timestamp: 1745500906
----------------------------------------
Thread: nice_thread, Loop time exceeded: 601.92 ms
Reason: consumer time, Value: 0.00, Counter: 21, Timestamp: 1745500906
Reason: transform time, Value: 0.12, Counter: 21, Timestamp: 1745500906
Reason: global search time, Value: 477.08, Counter: 21, Timestamp: 1745500907
Reason: process time, Value: 0.00, Counter: 21, Timestamp: 1745500907
Reason: loop time, Value: 601.92, Counter: 21, Timestamp: 1745500907
----------------------------------------
Thread: nice_thread, Loop time exceeded: 616.95 ms
Reason: consumer time, Value: 0.00, Counter: 37, Timestamp: 1745500907
Reason: transform time, Value: 0.08, Counter: 37, Timestamp: 1745500907
Reason: global search time, Value: 535.96, Counter: 37, Timestamp: 1745500907
Reason: process time, Value: 0.00, Counter: 37, Timestamp: 1745500907
Reason: loop time, Value: 616.95, Counter: 37, Timestamp: 1745500907
----------------------------------------
Thread: nice_thread, Loop time exceeded: 896.29 ms
Reason: consumer time, Value: 0.00, Counter: 52, Timestamp: 1745500907
Reason: transform time, Value: 0.09, Counter: 52, Timestamp: 1745500907
Reason: global search time, Value: 806.53, Counter: 52, Timestamp: 1745500908
Reason: process time, Value: 0.00, Counter: 52, Timestamp: 1745500908
Reason: loop time, Value: 896.29, Counter: 52, Timestamp: 1745500908
----------------------------------------
Thread: nice_thread, Loop time exceeded: 534.64 ms
Reason: consumer time, Value: 0.00, Counter: 69, Timestamp: 1745500908
Reason: transform time, Value: 0.07, Counter: 69, Timestamp: 1745500908
Reason: global search time, Value: 462.18, Counter: 69, Timestamp: 1745500909
Reason: process time, Value: 0.00, Counter: 69, Timestamp: 1745500909
Reason: loop time, Value: 534.64, Counter: 69, Timestamp: 1745500909
----------------------------------------
Thread: nice_thread, Loop time exceeded: 634.18 ms
Reason: consumer time, Value: 0.00, Counter: 85, Timestamp: 1745500909
Reason: transform time, Value: 0.07, Counter: 85, Timestamp: 1745500909
Reason: global search time, Value: 560.03, Counter: 85, Timestamp: 1745500909
Reason: process time, Value: 0.00, Counter: 85, Timestamp: 1745500909
Reason: loop time, Value: 634.18, Counter: 85, Timestamp: 1745500909
----------------------------------------
Thread: nice_thread, Loop time exceeded: 617.51 ms
Reason: consumer time, Value: 0.00, Counter: 102, Timestamp: 1745500909
Reason: transform time, Value: 0.08, Counter: 102, Timestamp: 1745500909
Reason: global search time, Value: 536.00, Counter: 102, Timestamp: 1745500910
Reason: process time, Value: 0.00, Counter: 102, Timestamp: 1745500910
Reason: loop time, Value: 617.51, Counter: 102, Timestamp: 1745500910
----------------------------------------
Thread: nice_thread, Loop time exceeded: 611.25 ms
Reason: consumer time, Value: 0.00, Counter: 119, Timestamp: 1745500910
Reason: transform time, Value: 0.07, Counter: 119, Timestamp: 1745500910
Reason: global search time, Value: 537.99, Counter: 119, Timestamp: 1745500911
Reason: process time, Value: 0.00, Counter: 119, Timestamp: 1745500911
Reason: loop time, Value: 611.25, Counter: 119, Timestamp: 1745500911
----------------------------------------
Thread: nice_thread, Loop time exceeded: 637.99 ms
Reason: consumer time, Value: 0.00, Counter: 8, Timestamp: 1745500911
Reason: transform time, Value: 0.08, Counter: 8, Timestamp: 1745500911
Reason: global search time, Value: 560.53, Counter: 8, Timestamp: 1745500911
Reason: process time, Value: 0.00, Counter: 8, Timestamp: 1745500911
Reason: loop time, Value: 637.99, Counter: 8, Timestamp: 1745500911
----------------------------------------
Thread: nice_thread, Loop time exceeded: 609.34 ms
Reason: consumer time, Value: 0.00, Counter: 25, Timestamp: 1745500911
Reason: transform time, Value: 0.08, Counter: 25, Timestamp: 1745500911
Reason: global search time, Value: 531.55, Counter: 25, Timestamp: 1745500912
Reason: process time, Value: 0.00, Counter: 25, Timestamp: 1745500912
Reason: loop time, Value: 609.34, Counter: 25, Timestamp: 1745500912
----------------------------------------
Thread: nice_thread, Loop time exceeded: 593.57 ms
Reason: consumer time, Value: 0.00, Counter: 42, Timestamp: 1745500912
Reason: transform time, Value: 0.03, Counter: 42, Timestamp: 1745500912
Reason: global search time, Value: 561.92, Counter: 42, Timestamp: 1745500912
Reason: process time, Value: 0.00, Counter: 42, Timestamp: 1745500912
Reason: loop time, Value: 593.57, Counter: 42, Timestamp: 1745500912
----------------------------------------
Thread: nice_thread, Loop time exceeded: 571.05 ms
Reason: consumer time, Value: 0.00, Counter: 58, Timestamp: 1745500912
Reason: transform time, Value: 0.07, Counter: 58, Timestamp: 1745500912
Reason: global search time, Value: 496.48, Counter: 58, Timestamp: 1745500913
Reason: process time, Value: 0.00, Counter: 58, Timestamp: 1745500913
Reason: loop time, Value: 571.05, Counter: 58, Timestamp: 1745500913
----------------------------------------
Thread: nice_thread, Loop time exceeded: 647.02 ms
Reason: consumer time, Value: 0.00, Counter: 74, Timestamp: 1745500913
Reason: transform time, Value: 0.07, Counter: 74, Timestamp: 1745500913
Reason: global search time, Value: 575.66, Counter: 74, Timestamp: 1745500914
Reason: process time, Value: 0.00, Counter: 74, Timestamp: 1745500914
Reason: loop time, Value: 647.02, Counter: 74, Timestamp: 1745500914
----------------------------------------
Thread: nice_thread, Loop time exceeded: 583.48 ms
Reason: consumer time, Value: 0.00, Counter: 92, Timestamp: 1745500914
Reason: transform time, Value: 0.02, Counter: 92, Timestamp: 1745500914
Reason: global search time, Value: 561.29, Counter: 92, Timestamp: 1745500914
Reason: process time, Value: 0.00, Counter: 92, Timestamp: 1745500914
Reason: loop time, Value: 583.48, Counter: 92, Timestamp: 1745500914
----------------------------------------
Thread: nice_thread, Loop time exceeded: 616.25 ms
Reason: consumer time, Value: 0.00, Counter: 107, Timestamp: 1745500914
Reason: transform time, Value: 0.07, Counter: 107, Timestamp: 1745500914
Reason: global search time, Value: 540.35, Counter: 107, Timestamp: 1745500915
Reason: process time, Value: 0.00, Counter: 107, Timestamp: 1745500915
Reason: loop time, Value: 616.25, Counter: 107, Timestamp: 1745500915
----------------------------------------
Thread: nice_thread, Loop time exceeded: 651.84 ms
Reason: consumer time, Value: 0.00, Counter: 125, Timestamp: 1745500915
Reason: transform time, Value: 0.08, Counter: 125, Timestamp: 1745500915
Reason: global search time, Value: 571.73, Counter: 125, Timestamp: 1745500915
Reason: process time, Value: 0.00, Counter: 125, Timestamp: 1745500915
Reason: loop time, Value: 651.84, Counter: 125, Timestamp: 1745500915
----------------------------------------
Thread: nice_thread, Loop time exceeded: 573.69 ms
Reason: consumer time, Value: 0.00, Counter: 15, Timestamp: 1745500915
Reason: transform time, Value: 0.03, Counter: 15, Timestamp: 1745500916
Reason: global search time, Value: 546.52, Counter: 15, Timestamp: 1745500916
Reason: process time, Value: 0.00, Counter: 15, Timestamp: 1745500916
Reason: loop time, Value: 573.69, Counter: 15, Timestamp: 1745500916
----------------------------------------
Thread: nice_thread, Loop time exceeded: 682.40 ms
Reason: consumer time, Value: 0.00, Counter: 32, Timestamp: 1745500916
Reason: transform time, Value: 0.13, Counter: 32, Timestamp: 1745500916
Reason: global search time, Value: 551.79, Counter: 32, Timestamp: 1745500917
Reason: process time, Value: 0.00, Counter: 32, Timestamp: 1745500917
Reason: loop time, Value: 682.40, Counter: 32, Timestamp: 1745500917
----------------------------------------
Thread: nice_thread, Loop time exceeded: 631.44 ms
Reason: consumer time, Value: 0.00, Counter: 50, Timestamp: 1745500917
Reason: transform time, Value: 0.08, Counter: 50, Timestamp: 1745500917
Reason: global search time, Value: 553.36, Counter: 50, Timestamp: 1745500917
Reason: process time, Value: 0.00, Counter: 50, Timestamp: 1745500917
Reason: loop time, Value: 631.44, Counter: 50, Timestamp: 1745500917
----------------------------------------
Thread: nice_thread, Loop time exceeded: 600.35 ms
Reason: consumer time, Value: 0.00, Counter: 67, Timestamp: 1745500917
Reason: transform time, Value: 0.08, Counter: 67, Timestamp: 1745500917
Reason: global search time, Value: 522.60, Counter: 67, Timestamp: 1745500918
Reason: process time, Value: 0.00, Counter: 67, Timestamp: 1745500918
Reason: loop time, Value: 600.35, Counter: 67, Timestamp: 1745500918
----------------------------------------
Thread: nice_thread, Loop time exceeded: 661.61 ms
Reason: consumer time, Value: 0.00, Counter: 83, Timestamp: 1745500918
Reason: transform time, Value: 0.08, Counter: 83, Timestamp: 1745500918
Reason: global search time, Value: 583.53, Counter: 83, Timestamp: 1745500919
Reason: process time, Value: 0.00, Counter: 83, Timestamp: 1745500919
Reason: loop time, Value: 661.61, Counter: 83, Timestamp: 1745500919
----------------------------------------
Thread: nice_thread, Loop time exceeded: 661.68 ms
Reason: consumer time, Value: 0.00, Counter: 100, Timestamp: 1745500919
Reason: transform time, Value: 0.08, Counter: 100, Timestamp: 1745500919
Reason: global search time, Value: 581.98, Counter: 100, Timestamp: 1745500919
Reason: process time, Value: 0.00, Counter: 100, Timestamp: 1745500919
Reason: loop time, Value: 661.68, Counter: 100, Timestamp: 1745500919
----------------------------------------
Thread: nice_thread, Loop time exceeded: 640.09 ms
Reason: consumer time, Value: 0.00, Counter: 119, Timestamp: 1745500919
Reason: transform time, Value: 0.09, Counter: 119, Timestamp: 1745500919
Reason: global search time, Value: 547.38, Counter: 119, Timestamp: 1745500920
Reason: process time, Value: 0.00, Counter: 119, Timestamp: 1745500920
Reason: loop time, Value: 640.09, Counter: 119, Timestamp: 1745500920
----------------------------------------
Thread: nice_thread, Loop time exceeded: 626.50 ms
Reason: consumer time, Value: 0.00, Counter: 9, Timestamp: 1745500920
Reason: transform time, Value: 0.08, Counter: 9, Timestamp: 1745500920
Reason: global search time, Value: 543.73, Counter: 9, Timestamp: 1745500921
Reason: process time, Value: 0.00, Counter: 9, Timestamp: 1745500921
Reason: loop time, Value: 626.50, Counter: 9, Timestamp: 1745500921
----------------------------------------
Thread: nice_thread, Loop time exceeded: 627.66 ms
Reason: consumer time, Value: 0.00, Counter: 26, Timestamp: 1745500921
Reason: transform time, Value: 0.07, Counter: 26, Timestamp: 1745500921
Reason: global search time, Value: 552.57, Counter: 26, Timestamp: 1745500921
Reason: process time, Value: 0.00, Counter: 26, Timestamp: 1745500921
Reason: loop time, Value: 627.66, Counter: 26, Timestamp: 1745500921
----------------------------------------
Thread: nice_thread, Loop time exceeded: 614.97 ms
Reason: consumer time, Value: 0.00, Counter: 44, Timestamp: 1745500921
Reason: transform time, Value: 0.08, Counter: 44, Timestamp: 1745500921
Reason: global search time, Value: 531.83, Counter: 44, Timestamp: 1745500922
Reason: process time, Value: 0.00, Counter: 44, Timestamp: 1745500922
Reason: loop time, Value: 614.97, Counter: 44, Timestamp: 1745500922
----------------------------------------
Thread: nice_thread, Loop time exceeded: 661.09 ms
Reason: consumer time, Value: 0.00, Counter: 62, Timestamp: 1745500922
Reason: transform time, Value: 0.08, Counter: 62, Timestamp: 1745500922
Reason: global search time, Value: 583.69, Counter: 62, Timestamp: 1745500922
Reason: process time, Value: 0.00, Counter: 62, Timestamp: 1745500922
Reason: loop time, Value: 661.09, Counter: 62, Timestamp: 1745500922
----------------------------------------
Thread: nice_thread, Loop time exceeded: 636.53 ms
Reason: consumer time, Value: 0.00, Counter: 79, Timestamp: 1745500922
Reason: transform time, Value: 0.09, Counter: 79, Timestamp: 1745500923
Reason: global search time, Value: 550.59, Counter: 79, Timestamp: 1745500923
Reason: process time, Value: 0.00, Counter: 79, Timestamp: 1745500923
Reason: loop time, Value: 636.53, Counter: 79, Timestamp: 1745500923
----------------------------------------
Thread: nice_thread, Loop time exceeded: 651.59 ms
Reason: consumer time, Value: 0.00, Counter: 97, Timestamp: 1745500923
Reason: transform time, Value: 0.13, Counter: 97, Timestamp: 1745500923
Reason: global search time, Value: 521.21, Counter: 97, Timestamp: 1745500924
Reason: process time, Value: 0.00, Counter: 97, Timestamp: 1745500924
Reason: loop time, Value: 651.59, Counter: 97, Timestamp: 1745500924
----------------------------------------
Thread: nice_thread, Loop time exceeded: 655.16 ms
Reason: consumer time, Value: 0.00, Counter: 115, Timestamp: 1745500924
Reason: transform time, Value: 0.07, Counter: 115, Timestamp: 1745500924
Reason: global search time, Value: 583.34, Counter: 115, Timestamp: 1745500924
Reason: process time, Value: 0.00, Counter: 115, Timestamp: 1745500924
Reason: loop time, Value: 655.16, Counter: 115, Timestamp: 1745500924
----------------------------------------
Thread: nice_thread, Loop time exceeded: 611.19 ms
Reason: consumer time, Value: 0.00, Counter: 4, Timestamp: 1745500924
Reason: transform time, Value: 0.07, Counter: 4, Timestamp: 1745500924
Reason: global search time, Value: 538.57, Counter: 4, Timestamp: 1745500925
Reason: process time, Value: 0.00, Counter: 4, Timestamp: 1745500925
Reason: loop time, Value: 611.19, Counter: 4, Timestamp: 1745500925
----------------------------------------
Thread: nice_thread, Loop time exceeded: 625.03 ms
Reason: consumer time, Value: 0.00, Counter: 21, Timestamp: 1745500925
Reason: transform time, Value: 0.07, Counter: 21, Timestamp: 1745500925
Reason: global search time, Value: 551.80, Counter: 21, Timestamp: 1745500926
Reason: process time, Value: 0.00, Counter: 21, Timestamp: 1745500926
Reason: loop time, Value: 625.03, Counter: 21, Timestamp: 1745500926
----------------------------------------
Thread: nice_thread, Loop time exceeded: 646.25 ms
Reason: consumer time, Value: 0.00, Counter: 37, Timestamp: 1745500926
Reason: transform time, Value: 0.09, Counter: 37, Timestamp: 1745500926
Reason: global search time, Value: 559.33, Counter: 37, Timestamp: 1745500926
Reason: process time, Value: 0.00, Counter: 37, Timestamp: 1745500926
Reason: loop time, Value: 646.25, Counter: 37, Timestamp: 1745500926
----------------------------------------
Thread: nice_thread, Loop time exceeded: 552.71 ms
Reason: consumer time, Value: 0.00, Counter: 54, Timestamp: 1745500926
Reason: transform time, Value: 0.03, Counter: 54, Timestamp: 1745500926
Reason: global search time, Value: 522.51, Counter: 54, Timestamp: 1745500927
Reason: process time, Value: 0.00, Counter: 54, Timestamp: 1745500927
Reason: loop time, Value: 552.71, Counter: 54, Timestamp: 1745500927
----------------------------------------
Thread: nice_thread, Loop time exceeded: 654.65 ms
Reason: consumer time, Value: 0.00, Counter: 70, Timestamp: 1745500927
Reason: transform time, Value: 0.08, Counter: 70, Timestamp: 1745500927
Reason: global search time, Value: 574.48, Counter: 70, Timestamp: 1745500927
Reason: process time, Value: 0.00, Counter: 70, Timestamp: 1745500927
Reason: loop time, Value: 654.65, Counter: 70, Timestamp: 1745500927
----------------------------------------
Thread: nice_thread, Loop time exceeded: 692.26 ms
Reason: consumer time, Value: 0.00, Counter: 88, Timestamp: 1745500927
Reason: transform time, Value: 0.13, Counter: 88, Timestamp: 1745500928
Reason: global search time, Value: 561.83, Counter: 88, Timestamp: 1745500928
Reason: process time, Value: 0.00, Counter: 88, Timestamp: 1745500928
Reason: loop time, Value: 692.26, Counter: 88, Timestamp: 1745500928
----------------------------------------
Thread: nice_thread, Loop time exceeded: 581.31 ms
Reason: consumer time, Value: 0.00, Counter: 106, Timestamp: 1745500928
Reason: transform time, Value: 0.08, Counter: 106, Timestamp: 1745500928
Reason: global search time, Value: 502.82, Counter: 106, Timestamp: 1745500929
Reason: process time, Value: 0.00, Counter: 106, Timestamp: 1745500929
Reason: loop time, Value: 581.31, Counter: 106, Timestamp: 1745500929
----------------------------------------
Thread: nice_thread, Loop time exceeded: 668.93 ms
Reason: consumer time, Value: 0.00, Counter: 123, Timestamp: 1745500929
Reason: transform time, Value: 0.08, Counter: 123, Timestamp: 1745500929
Reason: global search time, Value: 589.46, Counter: 123, Timestamp: 1745500929
Reason: process time, Value: 0.00, Counter: 123, Timestamp: 1745500929
Reason: loop time, Value: 668.93, Counter: 123, Timestamp: 1745500929
----------------------------------------
Thread: nice_thread, Loop time exceeded: 614.30 ms
Reason: consumer time, Value: 0.00, Counter: 12, Timestamp: 1745500929
Reason: transform time, Value: 0.09, Counter: 12, Timestamp: 1745500930
Reason: global search time, Value: 523.19, Counter: 12, Timestamp: 1745500930
Reason: process time, Value: 0.00, Counter: 12, Timestamp: 1745500930
Reason: loop time, Value: 614.30, Counter: 12, Timestamp: 1745500930
----------------------------------------
Thread: nice_thread, Loop time exceeded: 655.52 ms
Reason: consumer time, Value: 0.00, Counter: 30, Timestamp: 1745500930
Reason: transform time, Value: 0.11, Counter: 30, Timestamp: 1745500930
Reason: global search time, Value: 543.22, Counter: 30, Timestamp: 1745500931
Reason: process time, Value: 0.00, Counter: 30, Timestamp: 1745500931
Reason: loop time, Value: 655.52, Counter: 30, Timestamp: 1745500931
----------------------------------------
Thread: nice_thread, Loop time exceeded: 659.40 ms
Reason: consumer time, Value: 0.00, Counter: 47, Timestamp: 1745500931
Reason: transform time, Value: 0.08, Counter: 47, Timestamp: 1745500931
Reason: global search time, Value: 575.54, Counter: 47, Timestamp: 1745500931
Reason: process time, Value: 0.00, Counter: 47, Timestamp: 1745500931
Reason: loop time, Value: 659.40, Counter: 47, Timestamp: 1745500931
----------------------------------------
Thread: nice_thread, Loop time exceeded: 615.61 ms
Reason: consumer time, Value: 0.00, Counter: 65, Timestamp: 1745500931
Reason: transform time, Value: 0.09, Counter: 65, Timestamp: 1745500931
Reason: global search time, Value: 529.29, Counter: 65, Timestamp: 1745500932
Reason: process time, Value: 0.00, Counter: 65, Timestamp: 1745500932
Reason: loop time, Value: 615.61, Counter: 65, Timestamp: 1745500932
----------------------------------------
Thread: nice_thread, Loop time exceeded: 635.11 ms
Reason: consumer time, Value: 0.00, Counter: 82, Timestamp: 1745500932
Reason: transform time, Value: 0.08, Counter: 82, Timestamp: 1745500932
Reason: global search time, Value: 550.47, Counter: 82, Timestamp: 1745500933
Reason: process time, Value: 0.00, Counter: 82, Timestamp: 1745500933
Reason: loop time, Value: 635.11, Counter: 82, Timestamp: 1745500933
----------------------------------------
Thread: nice_thread, Loop time exceeded: 637.04 ms
Reason: consumer time, Value: 0.00, Counter: 99, Timestamp: 1745500933
Reason: transform time, Value: 0.08, Counter: 99, Timestamp: 1745500933
Reason: global search time, Value: 559.34, Counter: 99, Timestamp: 1745500933
Reason: process time, Value: 0.00, Counter: 99, Timestamp: 1745500933
Reason: loop time, Value: 637.04, Counter: 99, Timestamp: 1745500933
----------------------------------------
Thread: nice_thread, Loop time exceeded: 533.12 ms
Reason: consumer time, Value: 0.00, Counter: 116, Timestamp: 1745500933
Reason: transform time, Value: 0.03, Counter: 116, Timestamp: 1745500933
Reason: global search time, Value: 505.49, Counter: 116, Timestamp: 1745500934
Reason: process time, Value: 0.00, Counter: 116, Timestamp: 1745500934
Reason: loop time, Value: 533.12, Counter: 116, Timestamp: 1745500934
----------------------------------------
Thread: nice_thread, Loop time exceeded: 653.72 ms
Reason: consumer time, Value: 0.00, Counter: 4, Timestamp: 1745500934
Reason: transform time, Value: 0.11, Counter: 4, Timestamp: 1745500934
Reason: global search time, Value: 540.55, Counter: 4, Timestamp: 1745500934
Reason: process time, Value: 0.00, Counter: 4, Timestamp: 1745500934
Reason: loop time, Value: 653.72, Counter: 4, Timestamp: 1745500934
----------------------------------------
Thread: nice_thread, Loop time exceeded: 596.60 ms
Reason: consumer time, Value: 0.00, Counter: 21, Timestamp: 1745500934
Reason: transform time, Value: 0.08, Counter: 21, Timestamp: 1745500935
Reason: global search time, Value: 517.22, Counter: 21, Timestamp: 1745500935
Reason: process time, Value: 0.00, Counter: 21, Timestamp: 1745500935
Reason: loop time, Value: 596.60, Counter: 21, Timestamp: 1745500935
----------------------------------------
Thread: nice_thread, Loop time exceeded: 646.02 ms
Reason: consumer time, Value: 0.00, Counter: 38, Timestamp: 1745500935
Reason: transform time, Value: 0.12, Counter: 38, Timestamp: 1745500935
Reason: global search time, Value: 520.12, Counter: 38, Timestamp: 1745500936
Reason: process time, Value: 0.00, Counter: 38, Timestamp: 1745500936
Reason: loop time, Value: 646.02, Counter: 38, Timestamp: 1745500936
----------------------------------------
Thread: nice_thread, Loop time exceeded: 617.88 ms
Reason: consumer time, Value: 0.00, Counter: 56, Timestamp: 1745500936
Reason: transform time, Value: 0.02, Counter: 56, Timestamp: 1745500936
Reason: global search time, Value: 597.09, Counter: 56, Timestamp: 1745500936
Reason: process time, Value: 0.00, Counter: 56, Timestamp: 1745500936
Reason: loop time, Value: 617.88, Counter: 56, Timestamp: 1745500936
----------------------------------------
Thread: nice_thread, Loop time exceeded: 609.41 ms
Reason: consumer time, Value: 0.00, Counter: 74, Timestamp: 1745500936
Reason: transform time, Value: 0.09, Counter: 74, Timestamp: 1745500936
Reason: global search time, Value: 519.77, Counter: 74, Timestamp: 1745500937
Reason: process time, Value: 0.00, Counter: 74, Timestamp: 1745500937
Reason: loop time, Value: 609.41, Counter: 74, Timestamp: 1745500937
----------------------------------------
Thread: nice_thread, Loop time exceeded: 675.42 ms
Reason: consumer time, Value: 0.00, Counter: 92, Timestamp: 1745500937
Reason: transform time, Value: 0.09, Counter: 92, Timestamp: 1745500937
Reason: global search time, Value: 589.80, Counter: 92, Timestamp: 1745500938
Reason: process time, Value: 0.00, Counter: 92, Timestamp: 1745500938
Reason: loop time, Value: 675.42, Counter: 92, Timestamp: 1745500938
----------------------------------------
Thread: nice_thread, Loop time exceeded: 653.66 ms
Reason: consumer time, Value: 0.00, Counter: 110, Timestamp: 1745500938
Reason: transform time, Value: 0.08, Counter: 110, Timestamp: 1745500938
Reason: global search time, Value: 571.66, Counter: 110, Timestamp: 1745500938
Reason: process time, Value: 0.00, Counter: 110, Timestamp: 1745500938
Reason: loop time, Value: 653.66, Counter: 110, Timestamp: 1745500938
----------------------------------------
Thread: nice_thread, Loop time exceeded: 601.58 ms
Reason: consumer time, Value: 0.00, Counter: 0, Timestamp: 1745500938
Reason: transform time, Value: 0.08, Counter: 0, Timestamp: 1745500938
Reason: global search time, Value: 520.29, Counter: 0, Timestamp: 1745500939
Reason: process time, Value: 0.00, Counter: 0, Timestamp: 1745500939
Reason: loop time, Value: 601.58, Counter: 0, Timestamp: 1745500939
----------------------------------------
