Core number: 6
Execution time for the consumer: 0.00 ms
Transform color: 7085 us
CAM#1 PART SEARCH time: 0.00 ms
Process time: 0.00 ms
Loop: count=0, trial=1, Duration=65617 us
Core number: 6
Execution time for the consumer: 45.04 ms
Transform color: 2803 us
CAM#1 PART SEARCH time: 0.00 ms
Process time: 0.00 ms
Loop: count=1, trial=1, Duration=118360 us
Core number: 6
Execution time for the consumer: 50.03 ms
Transform color: 5978 us
CAM#1 PART SEARCH time: 0.00 ms
Process time: 0.00 ms
Loop: count=2, trial=1, Duration=138821 us
Core number: 6
Execution time for the consumer: 0.00 ms
Transform color: 1135 us
CAM#1 PART SEARCH time: 0.00 ms
Process time: 0.00 ms
Loop: count=3, trial=1, Duration=40068 us
Core number: 6
Execution time for the consumer: 220.71 ms
Transform color: 6023 us
CAM#1 PART SEARCH time: 0.00 ms
Process time: 0.00 ms
Loop: count=4, trial=1, Duration=302170 us
Core number: 6
Execution time for the consumer: 175.10 ms
Transform color: 4439 us
CAM#1 PART SEARCH time: 0.00 ms
Process time: 0.00 ms
Loop: count=5, trial=1, Duration=265727 us
Core number: 6
Execution time for the consumer: 0.00 ms
Transform color: 3792 us
CAM#1 PART SEARCH time: 0.00 ms
Process time: 0.00 ms
Loop: count=6, trial=1, Duration=5537 us
Core number: 6
Execution time for the consumer: 30.05 ms
Transform color: 4192 us
CAM#1 PART SEARCH time: 0.00 ms
Process time: 0.00 ms
Loop: count=7, trial=1, Duration=65501 us
Core number: 6
Execution time for the consumer: 5.01 ms
Transform color: 5802 us
CAM#1 PART SEARCH time: 0.00 ms
Process time: 0.00 ms
Loop: count=8, trial=1, Duration=13157 us
Core number: 6
Execution time for the consumer: 35.05 ms
Transform color: 1592 us
CAM#1 PART SEARCH time: 0.00 ms
Process time: 0.00 ms
Loop: count=9, trial=1, Duration=38418 us
Core number: 6
Execution time for the consumer: 40.04 ms
Transform color: 5047 us
CAM#1 PART SEARCH time: 0.00 ms
Process time: 0.00 ms
Loop: count=10, trial=1, Duration=47121 us
Core number: 6
Execution time for the consumer: 100.08 ms
Transform color: 6526 us
CAM#1 PART SEARCH time: 0.00 ms
Process time: 0.00 ms
Loop: count=11, trial=1, Duration=108837 us
Core number: 6
Execution time for the consumer: 185.10 ms
Transform color: 5460 us
CAM#1 PART SEARCH time: 0.00 ms
Process time: 0.00 ms
Loop: count=12, trial=1, Duration=193318 us
Core number: 6
Execution time for the consumer: 60.06 ms
Transform color: 1837 us
CAM#1 PART SEARCH time: 0.00 ms
Process time: 0.00 ms
Loop: count=13, trial=1, Duration=63404 us
Core number: 6
Execution time for the consumer: 45.05 ms
Transform color: 2865 us
CAM#1 PART SEARCH time: 0.00 ms
Process time: 0.00 ms
Loop: count=14, trial=1, Duration=49751 us
Core number: 6
Execution time for the consumer: 40.05 ms
Transform color: 4980 us
CAM#1 PART SEARCH time: 0.00 ms
Process time: 0.00 ms
CAM#1 Using GLOBAL SEARCH ##############################################
CAM#1 GLOBAL SEARCH time: 0.00 ms
Loop: count=15, trial=1, Duration=47270 us
Core number: 6
Execution time for the consumer: 35.04 ms
Transform color: 4243 us
CAM#1 PART SEARCH time: 0.00 ms
Process time: 0.00 ms
Loop: count=16, trial=1, Duration=41067 us
Core number: 6
Execution time for the consumer: 35.04 ms
Transform color: 4550 us
CAM#1 PART SEARCH time: 0.00 ms
Process time: 0.00 ms
Loop: count=17, trial=1, Duration=41923 us
Core number: 6
Execution time for the consumer: 80.06 ms
Transform color: 139888 us
CAM#1 PART SEARCH time: 0.00 ms
Process time: 0.00 ms
Loop: count=18, trial=1, Duration=222221 us
Core number: 6
Execution time for the consumer: 35.04 ms
Transform color: 2491 us
CAM#1 PART SEARCH time: 0.00 ms
Process time: 0.00 ms
Loop: count=19, trial=1, Duration=39487 us
Core number: 6
Execution time for the consumer: 35.07 ms
Transform color: 1783 us
CAM#1 PART SEARCH time: 0.00 ms
Process time: 0.00 ms
Loop: count=20, trial=1, Duration=38809 us
Core number: 6
Execution time for the consumer: 85.08 ms
Transform color: 3374 us
CAM#1 PART SEARCH time: 0.00 ms
Process time: 0.00 ms
Loop: count=21, trial=1, Duration=90381 us
Core number: 6
Execution time for the consumer: 40.06 ms
Transform color: 2512 us
CAM#1 PART SEARCH time: 0.00 ms
Process time: 0.00 ms
Loop: count=22, trial=1, Duration=45371 us
Core number: 6
Execution time for the consumer: 35.04 ms
Transform color: 5384 us
CAM#1 PART SEARCH time: 0.00 ms
Process time: 0.00 ms
Loop: count=23, trial=1, Duration=42513 us
Core number: 6
Execution time for the consumer: 35.05 ms
Transform color: 3908 us
CAM#1 PART SEARCH time: 0.00 ms
Process time: 0.00 ms
Loop: count=24, trial=1, Duration=41951 us
Core number: 6
Execution time for the consumer: 35.06 ms
Transform color: 5348 us
CAM#1 PART SEARCH time: 0.00 ms
Process time: 0.00 ms
Loop: count=25, trial=1, Duration=43440 us
Core number: 6
Execution time for the consumer: 40.05 ms
Transform color: 4814 us
CAM#1 PART SEARCH time: 0.00 ms
Process time: 0.00 ms
Loop: count=26, trial=1, Duration=47817 us
Core number: 6
Execution time for the consumer: 60.05 ms
Transform color: 4951 us
CAM#1 PART SEARCH time: 0.00 ms
Process time: 0.00 ms
Loop: count=27, trial=1, Duration=70440 us
Core number: 6
Execution time for the consumer: 145.12 ms
Transform color: 5115 us
CAM#1 PART SEARCH time: 0.00 ms
Process time: 0.00 ms
Loop: count=28, trial=1, Duration=152130 us
Core number: 6
Execution time for the consumer: 35.05 ms
Transform color: 2101 us
CAM#1 PART SEARCH time: 0.00 ms
Process time: 0.00 ms
Loop: count=29, trial=1, Duration=39328 us
Core number: 6
Execution time for the consumer: 35.05 ms
Transform color: 4731 us
CAM#1 PART SEARCH time: 0.00 ms
Process time: 0.00 ms
Loop: count=30, trial=1, Duration=42574 us
Core number: 6
Execution time for the consumer: 35.09 ms
Transform color: 5391 us
CAM#1 PART SEARCH time: 0.00 ms
Process time: 0.00 ms
CAM#1 Using GLOBAL SEARCH ##############################################
CAM#1 GLOBAL SEARCH time: 0.00 ms
Loop: count=31, trial=1, Duration=42326 us
Core number: 6
Execution time for the consumer: 40.06 ms
Transform color: 3528 us
CAM#1 PART SEARCH time: 0.00 ms
Process time: 0.00 ms
Loop: count=32, trial=1, Duration=45290 us
Core number: 6
Execution time for the consumer: 35.05 ms
Transform color: 3914 us
CAM#1 PART SEARCH time: 0.00 ms
Process time: 0.00 ms
Loop: count=33, trial=1, Duration=40655 us
Core number: 6
Execution time for the consumer: 35.05 ms
Transform color: 4333 us
CAM#1 PART SEARCH time: 0.00 ms
Process time: 0.00 ms
Loop: count=34, trial=1, Duration=40995 us
Core number: 6
Execution time for the consumer: 35.05 ms
Transform color: 4965 us
CAM#1 PART SEARCH time: 0.00 ms
Process time: 0.00 ms
Loop: count=35, trial=1, Duration=41777 us
Core number: 6
Execution time for the consumer: 140.07 ms
Transform color: 4341 us
CAM#1 PART SEARCH time: 0.01 ms
Process time: 0.00 ms
Loop: count=36, trial=1, Duration=147043 us
Core number: 6
Execution time for the consumer: 85.08 ms
Transform color: 4861 us
CAM#1 PART SEARCH time: 0.00 ms
Process time: 0.00 ms
Loop: count=37, trial=1, Duration=92856 us
Core number: 6
Execution time for the consumer: 35.04 ms
Transform color: 4758 us
CAM#1 PART SEARCH time: 0.00 ms
Process time: 0.00 ms
Loop: count=38, trial=1, Duration=42536 us
Core number: 6
Execution time for the consumer: 40.08 ms
Transform color: 3874 us
CAM#1 PART SEARCH time: 0.00 ms
Process time: 0.00 ms
Loop: count=39, trial=1, Duration=45730 us
Core number: 6
Execution time for the consumer: 35.05 ms
Transform color: 4618 us
CAM#1 PART SEARCH time: 0.00 ms
Process time: 0.00 ms
Loop: count=40, trial=1, Duration=42146 us
Core number: 6
Execution time for the consumer: 35.04 ms
Transform color: 2801 us
CAM#1 PART SEARCH time: 0.00 ms
Process time: 0.00 ms
Loop: count=41, trial=1, Duration=39679 us
Core number: 6
Execution time for the consumer: 40.06 ms
Transform color: 3459 us
CAM#1 PART SEARCH time: 0.00 ms
Process time: 0.00 ms
Loop: count=42, trial=1, Duration=45172 us
Core number: 6
Execution time for the consumer: 40.05 ms
Transform color: 3014 us
CAM#1 PART SEARCH time: 0.00 ms
Process time: 0.00 ms
Loop: count=43, trial=1, Duration=45148 us
Core number: 6
Execution time for the consumer: 35.05 ms
Transform color: 4166 us
CAM#1 PART SEARCH time: 0.00 ms
Process time: 0.00 ms
Loop: count=44, trial=1, Duration=41395 us
Core number: 6
Execution time for the consumer: 40.05 ms
Transform color: 3826 us
CAM#1 PART SEARCH time: 0.00 ms
Process time: 0.00 ms
Loop: count=45, trial=1, Duration=45639 us
Core number: 6
Execution time for the consumer: 35.05 ms
Transform color: 1594 us
CAM#1 PART SEARCH time: 0.00 ms
Process time: 0.00 ms
Loop: count=46, trial=1, Duration=38335 us
Core number: 6
Execution time for the consumer: 35.05 ms
Transform color: 1689 us
CAM#1 PART SEARCH time: 0.00 ms
Process time: 0.00 ms
CAM#1 Using GLOBAL SEARCH ##############################################
CAM#1 GLOBAL SEARCH time: 0.00 ms
Loop: count=47, trial=1, Duration=39248 us
Core number: 6
Execution time for the consumer: 70.09 ms
Transform color: 1703 us
CAM#1 PART SEARCH time: 0.00 ms
Process time: 0.00 ms
Loop: count=48, trial=1, Duration=74258 us
Core number: 6
Execution time for the consumer: 40.07 ms
Transform color: 3333 us
CAM#1 PART SEARCH time: 0.00 ms
Process time: 0.00 ms
Loop: count=49, trial=1, Duration=45399 us
Core number: 6
Execution time for the consumer: 35.04 ms
Transform color: 1657 us
CAM#1 PART SEARCH time: 0.00 ms
Process time: 0.00 ms
Loop: count=50, trial=1, Duration=39294 us
Core number: 6
Execution time for the consumer: 70.08 ms
Transform color: 1585 us
CAM#1 PART SEARCH time: 0.00 ms
Process time: 0.00 ms
Loop: count=51, trial=1, Duration=75255 us
Core number: 6
Execution time for the consumer: 40.05 ms
Transform color: 6274 us
CAM#1 PART SEARCH time: 0.00 ms
Process time: 0.00 ms
Loop: count=52, trial=1, Duration=49754 us
Core number: 6
Execution time for the consumer: 35.03 ms
Transform color: 5569 us
CAM#1 PART SEARCH time: 0.00 ms
Process time: 0.00 ms
Loop: count=53, trial=1, Duration=44266 us
Core number: 6
Execution time for the consumer: 35.05 ms
Transform color: 2695 us
CAM#1 PART SEARCH time: 0.00 ms
Process time: 0.00 ms
Loop: count=54, trial=1, Duration=39762 us
Core number: 6
Execution time for the consumer: 35.05 ms
Transform color: 1927 us
CAM#1 PART SEARCH time: 0.00 ms
Process time: 0.00 ms
Loop: count=55, trial=1, Duration=39044 us
Core number: 6
Execution time for the consumer: 40.05 ms
Transform color: 4395 us
CAM#1 PART SEARCH time: 0.00 ms
Process time: 0.00 ms
Loop: count=56, trial=1, Duration=46162 us
Core number: 6
Execution time for the consumer: 35.05 ms
Transform color: 7247 us
CAM#1 PART SEARCH time: 0.00 ms
Process time: 0.00 ms
Loop: count=57, trial=1, Duration=44377 us
Core number: 6
Execution time for the consumer: 35.05 ms
Transform color: 5047 us
CAM#1 PART SEARCH time: 0.00 ms
Process time: 0.00 ms
Loop: count=58, trial=1, Duration=43374 us
Core number: 6
Execution time for the consumer: 90.08 ms
Transform color: 4663 us
CAM#1 PART SEARCH time: 0.00 ms
Process time: 0.00 ms
Loop: count=59, trial=1, Duration=96593 us
Core number: 6
Execution time for the consumer: 35.05 ms
Transform color: 3355 us
CAM#1 PART SEARCH time: 0.00 ms
Process time: 0.00 ms
Loop: count=60, trial=1, Duration=39918 us
Core number: 6
Execution time for the consumer: 40.06 ms
Transform color: 2407 us
CAM#1 PART SEARCH time: 0.00 ms
Process time: 0.00 ms
Loop: count=61, trial=1, Duration=45664 us
Core number: 6
Execution time for the consumer: 35.06 ms
Transform color: 3705 us
CAM#1 PART SEARCH time: 0.00 ms
Process time: 0.00 ms
Loop: count=62, trial=1, Duration=42517 us
Core number: 6
Execution time for the consumer: 35.04 ms
Transform color: 4849 us
CAM#1 PART SEARCH time: 0.00 ms
Process time: 0.00 ms
CAM#1 Using GLOBAL SEARCH ##############################################
CAM#1 GLOBAL SEARCH time: 0.00 ms
Loop: count=63, trial=1, Duration=42858 us
Core number: 6
Execution time for the consumer: 35.06 ms
Transform color: 4879 us
CAM#1 PART SEARCH time: 0.00 ms
Process time: 0.00 ms
Loop: count=64, trial=1, Duration=43213 us
Core number: 6
Execution time for the consumer: 105.10 ms
Transform color: 4451 us
CAM#1 PART SEARCH time: 0.00 ms
Process time: 0.00 ms
Loop: count=65, trial=1, Duration=111192 us
Core number: 6
Execution time for the consumer: 35.05 ms
Transform color: 2131 us
CAM#1 PART SEARCH time: 0.00 ms
Process time: 0.00 ms
Loop: count=66, trial=1, Duration=39651 us
Core number: 6
Execution time for the consumer: 60.08 ms
Transform color: 3777 us
CAM#1 PART SEARCH time: 0.00 ms
Process time: 0.00 ms
Loop: count=67, trial=1, Duration=65771 us
Core number: 6
Execution time for the consumer: 75.06 ms
Transform color: 1783 us
CAM#1 PART SEARCH time: 0.00 ms
Process time: 0.00 ms
Loop: count=68, trial=1, Duration=89611 us
Core number: 6
Execution time for the consumer: 30.04 ms
Transform color: 1406 us
CAM#1 PART SEARCH time: 0.00 ms
Process time: 0.00 ms
Loop: count=69, trial=1, Duration=33471 us
Core number: 6
Execution time for the consumer: 35.06 ms
Transform color: 1719 us
CAM#1 PART SEARCH time: 0.00 ms
Process time: 0.00 ms
Loop: count=70, trial=1, Duration=38952 us
Core number: 6
Execution time for the consumer: 35.05 ms
Transform color: 1976 us
CAM#1 PART SEARCH time: 0.00 ms
Process time: 0.00 ms
Loop: count=71, trial=1, Duration=39320 us
Core number: 6
Execution time for the consumer: 40.05 ms
Transform color: 2068 us
CAM#1 PART SEARCH time: 0.00 ms
Process time: 0.00 ms
Loop: count=72, trial=1, Duration=44915 us
Core number: 6
Execution time for the consumer: 35.06 ms
Transform color: 2033 us
CAM#1 PART SEARCH time: 0.00 ms
Process time: 0.00 ms
Loop: count=73, trial=1, Duration=39669 us
Core number: 6
Execution time for the consumer: 35.05 ms
Transform color: 2260 us
CAM#1 PART SEARCH time: 0.01 ms
Process time: 0.00 ms
Loop: count=74, trial=1, Duration=39220 us
Core number: 6
Execution time for the consumer: 35.06 ms
Transform color: 2451 us
CAM#1 PART SEARCH time: 0.00 ms
Process time: 0.00 ms
Loop: count=75, trial=1, Duration=40006 us
Core number: 6
Execution time for the consumer: 35.05 ms
Transform color: 1873 us
CAM#1 PART SEARCH time: 0.00 ms
Process time: 0.00 ms
Loop: count=76, trial=1, Duration=38957 us
Core number: 6
Execution time for the consumer: 35.05 ms
Transform color: 1957 us
CAM#1 PART SEARCH time: 0.00 ms
Process time: 0.00 ms
Loop: count=77, trial=1, Duration=38851 us
Core number: 6
Execution time for the consumer: 95.09 ms
Transform color: 3298 us
CAM#1 PART SEARCH time: 0.00 ms
Process time: 0.00 ms
Loop: count=78, trial=1, Duration=100496 us
Core number: 6
Execution time for the consumer: 30.05 ms
Transform color: 2355 us
CAM#1 PART SEARCH time: 0.00 ms
Process time: 0.00 ms
CAM#1 Using GLOBAL SEARCH ##############################################
CAM#1 GLOBAL SEARCH time: 0.00 ms
Loop: count=79, trial=1, Duration=35026 us
Core number: 6
Execution time for the consumer: 35.08 ms
Transform color: 2173 us
CAM#1 PART SEARCH time: 0.00 ms
Process time: 0.00 ms
Loop: count=80, trial=1, Duration=40079 us
Core number: 6
Execution time for the consumer: 35.05 ms
Transform color: 2172 us
CAM#1 PART SEARCH time: 0.00 ms
Process time: 0.00 ms
Loop: count=81, trial=1, Duration=39340 us
Core number: 6
Execution time for the consumer: 35.05 ms
Transform color: 1862 us
CAM#1 PART SEARCH time: 0.00 ms
Process time: 0.00 ms
Loop: count=82, trial=1, Duration=38865 us
Core number: 6
Execution time for the consumer: 40.05 ms
Transform color: 4527 us
CAM#1 PART SEARCH time: 0.00 ms
Process time: 0.00 ms
Loop: count=83, trial=1, Duration=47357 us
Core number: 6
Execution time for the consumer: 30.04 ms
Transform color: 3053 us
CAM#1 PART SEARCH time: 0.00 ms
Process time: 0.00 ms
Loop: count=84, trial=1, Duration=34995 us
Core number: 6
Execution time for the consumer: 35.04 ms
Transform color: 1744 us
CAM#1 PART SEARCH time: 0.00 ms
Process time: 0.00 ms
Loop: count=85, trial=1, Duration=38520 us
Core number: 6
Execution time for the consumer: 35.04 ms
Transform color: 1471 us
CAM#1 PART SEARCH time: 0.00 ms
Process time: 0.00 ms
Loop: count=86, trial=1, Duration=38081 us
Core number: 6
Execution time for the consumer: 40.06 ms
Transform color: 3387 us
CAM#1 PART SEARCH time: 0.00 ms
Process time: 0.00 ms
Loop: count=87, trial=1, Duration=45378 us
Core number: 6
Execution time for the consumer: 35.05 ms
Transform color: 1567 us
CAM#1 PART SEARCH time: 0.00 ms
Process time: 0.00 ms
Loop: count=88, trial=1, Duration=38301 us
Core number: 6
Execution time for the consumer: 40.07 ms
Transform color: 1928 us
CAM#1 PART SEARCH time: 0.00 ms
Process time: 0.00 ms
Loop: count=89, trial=1, Duration=43824 us
Core number: 6
Execution time for the consumer: 70.06 ms
Transform color: 5859 us
CAM#1 PART SEARCH time: 0.00 ms
Process time: 0.00 ms
Loop: count=90, trial=1, Duration=79743 us
Core number: 6
Execution time for the consumer: 30.07 ms
Transform color: 5035 us
CAM#1 PART SEARCH time: 0.00 ms
Process time: 0.00 ms
Loop: count=91, trial=1, Duration=37798 us
Core number: 6
Execution time for the consumer: 35.04 ms
Transform color: 1754 us
CAM#1 PART SEARCH time: 0.00 ms
Process time: 0.00 ms
Loop: count=92, trial=1, Duration=38658 us
Core number: 6
Execution time for the consumer: 35.09 ms
Transform color: 2526 us
CAM#1 PART SEARCH time: 0.00 ms
Process time: 0.00 ms
Loop: count=93, trial=1, Duration=39436 us
Core number: 6
Execution time for the consumer: 40.07 ms
Transform color: 1806 us
CAM#1 PART SEARCH time: 0.00 ms
Process time: 0.00 ms
Loop: count=94, trial=1, Duration=43487 us
Core number: 6
Execution time for the consumer: 40.07 ms
Transform color: 128876 us
CAM#1 PART SEARCH time: 0.00 ms
Process time: 0.00 ms
CAM#1 Using GLOBAL SEARCH ##############################################
CAM#1 GLOBAL SEARCH time: 0.00 ms
Loop: count=95, trial=1, Duration=171271 us
Core number: 6
Execution time for the consumer: 0.00 ms
Transform color: 2306 us
CAM#1 PART SEARCH time: 0.00 ms
Process time: 0.00 ms
Loop: count=96, trial=1, Duration=5740 us
Core number: 6
Execution time for the consumer: 30.04 ms
Transform color: 6328 us
CAM#1 PART SEARCH time: 0.00 ms
Process time: 0.00 ms
Loop: count=97, trial=1, Duration=38313 us
Core number: 6
Execution time for the consumer: 30.04 ms
Transform color: 1824 us
CAM#1 PART SEARCH time: 0.00 ms
Process time: 0.00 ms
Loop: count=98, trial=1, Duration=33592 us
Core number: 6
Execution time for the consumer: 40.08 ms
Transform color: 1574 us
CAM#1 PART SEARCH time: 0.00 ms
Process time: 0.00 ms
Loop: count=99, trial=1, Duration=43853 us
Core number: 6
Execution time for the consumer: 40.05 ms
Transform color: 7186 us
CAM#1 PART SEARCH time: 0.00 ms
Process time: 0.00 ms
Loop: count=100, trial=1, Duration=51126 us
Core number: 6
Execution time for the consumer: 30.04 ms
Transform color: 4678 us
CAM#1 PART SEARCH time: 0.00 ms
Process time: 0.00 ms
Loop: count=101, trial=1, Duration=179529 us
Core number: 6
Execution time for the consumer: 0.00 ms
Transform color: 7992 us
CAM#1 PART SEARCH time: 0.00 ms
Process time: 0.00 ms
Loop: count=102, trial=1, Duration=11659 us
Core number: 6
Execution time for the consumer: 5.02 ms
Transform color: 4921 us
CAM#1 PART SEARCH time: 0.00 ms
Process time: 0.00 ms
Loop: count=103, trial=1, Duration=11952 us
Core number: 6
Execution time for the consumer: 35.03 ms
Transform color: 6967 us
CAM#1 PART SEARCH time: 0.00 ms
Process time: 0.00 ms
Loop: count=104, trial=1, Duration=45759 us
Core number: 6
Execution time for the consumer: 30.05 ms
Transform color: 5140 us
CAM#1 PART SEARCH time: 0.00 ms
Process time: 0.00 ms
Loop: count=105, trial=1, Duration=37896 us
Core number: 6
Execution time for the consumer: 30.02 ms
Transform color: 2068 us
CAM#1 PART SEARCH time: 0.00 ms
Process time: 0.00 ms
Loop: count=106, trial=1, Duration=34956 us
Core number: 6
Execution time for the consumer: 40.04 ms
Transform color: 1658 us
CAM#1 PART SEARCH time: 0.00 ms
Process time: 0.00 ms
Loop: count=107, trial=1, Duration=43954 us
Core number: 6
Execution time for the consumer: 40.06 ms
Transform color: 1922 us
CAM#1 PART SEARCH time: 0.00 ms
Process time: 0.00 ms
Loop: count=108, trial=1, Duration=44657 us
Core number: 6
Execution time for the consumer: 35.04 ms
Transform color: 6462 us
CAM#1 PART SEARCH time: 0.00 ms
Process time: 0.00 ms
Loop: count=109, trial=1, Duration=43524 us
Core number: 6
Execution time for the consumer: 35.04 ms
Transform color: 5523 us
CAM#1 PART SEARCH time: 0.00 ms
Process time: 0.00 ms
Loop: count=110, trial=1, Duration=42493 us
Core number: 6
Execution time for the consumer: 30.04 ms
Transform color: 1279 us
CAM#1 PART SEARCH time: 0.00 ms
Process time: 0.00 ms
CAM#1 Using GLOBAL SEARCH ##############################################
CAM#1 GLOBAL SEARCH time: 0.00 ms
Loop: count=111, trial=1, Duration=33823 us
Core number: 6
Execution time for the consumer: 90.50 ms
Transform color: 4709 us
CAM#1 PART SEARCH time: 0.00 ms
Process time: 0.00 ms
Loop: count=112, trial=1, Duration=97709 us
Core number: 6
Execution time for the consumer: 35.03 ms
Transform color: 1759 us
CAM#1 PART SEARCH time: 0.00 ms
Process time: 0.00 ms
Loop: count=113, trial=1, Duration=39042 us
Core number: 6
Execution time for the consumer: 35.04 ms
Transform color: 2459 us
CAM#1 PART SEARCH time: 0.00 ms
Process time: 0.00 ms
Loop: count=114, trial=1, Duration=40282 us
Core number: 6
Execution time for the consumer: 35.05 ms
Transform color: 4828 us
CAM#1 PART SEARCH time: 0.00 ms
Process time: 0.00 ms
Loop: count=115, trial=1, Duration=42021 us
Core number: 6
Execution time for the consumer: 35.05 ms
Transform color: 2147 us
CAM#1 PART SEARCH time: 0.00 ms
Process time: 0.00 ms
Loop: count=116, trial=1, Duration=39612 us
Core number: 6
Execution time for the consumer: 40.05 ms
Transform color: 4242 us
CAM#1 PART SEARCH time: 0.00 ms
Process time: 0.00 ms
Loop: count=117, trial=1, Duration=45803 us
Core number: 6
Execution time for the consumer: 35.05 ms
Transform color: 2121 us
CAM#1 PART SEARCH time: 0.00 ms
Process time: 0.00 ms
Loop: count=118, trial=1, Duration=39084 us
Core number: 6
Execution time for the consumer: 35.04 ms
Transform color: 2132 us
CAM#1 PART SEARCH time: 0.00 ms
Process time: 0.00 ms
Loop: count=119, trial=1, Duration=39066 us
Core number: 6
Execution time for the consumer: 40.06 ms
Transform color: 1871 us
CAM#1 PART SEARCH time: 0.00 ms
Process time: 0.00 ms
Frequency 1: -2147483648Hz
Loop: count=120, trial=1, Duration=43707 us
Core number: 6
Execution time for the consumer: 40.07 ms
Transform color: 2285 us
CAM#1 PART SEARCH time: 0.00 ms
Process time: 0.00 ms
Loop: count=121, trial=1, Duration=44103 us
Core number: 6
Execution time for the consumer: 35.08 ms
Transform color: 1885 us
CAM#1 PART SEARCH time: 0.00 ms
Process time: 0.00 ms
Loop: count=122, trial=1, Duration=38808 us
Core number: 6
Execution time for the consumer: 30.08 ms
Transform color: 2302 us
CAM#1 PART SEARCH time: 0.00 ms
Process time: 0.00 ms
Loop: count=123, trial=1, Duration=34478 us
Core number: 6
Execution time for the consumer: 25.05 ms
Transform color: 1940 us
CAM#1 PART SEARCH time: 0.00 ms
Process time: 0.00 ms
Loop: count=124, trial=1, Duration=29174 us
Core number: 6
Execution time for the consumer: 25.06 ms
Transform color: 7494 us
CAM#1 PART SEARCH time: 0.00 ms
Process time: 0.00 ms
Loop: count=125, trial=1, Duration=34540 us
Core number: 6
Execution time for the consumer: 25.08 ms
Transform color: 1989 us
CAM#1 PART SEARCH time: 0.00 ms
Process time: 0.00 ms
Loop: count=126, trial=1, Duration=29452 us
Core number: 6
Execution time for the consumer: 30.08 ms
Transform color: 7556 us
CAM#1 PART SEARCH time: 0.00 ms
Process time: 0.00 ms
CAM#1 Using GLOBAL SEARCH ##############################################
CAM#1 GLOBAL SEARCH time: 0.00 ms
Loop: count=127, trial=1, Duration=39613 us
Core number: 6
Execution time for the consumer: 20.04 ms
Transform color: 2408 us
CAM#1 PART SEARCH time: 0.00 ms
Process time: 0.00 ms
Loop: count=128, trial=1, Duration=24253 us
Core number: 6
Execution time for the consumer: 30.05 ms
Transform color: 2003 us
CAM#1 PART SEARCH time: 0.00 ms
Process time: 0.00 ms
Loop: count=129, trial=1, Duration=35245 us
Core number: 6
Execution time for the consumer: 20.04 ms
Transform color: 2079 us
CAM#1 PART SEARCH time: 0.00 ms
Process time: 0.00 ms
Loop: count=130, trial=1, Duration=24612 us
Core number: 6
Execution time for the consumer: 30.05 ms
Transform color: 2208 us
CAM#1 PART SEARCH time: 0.00 ms
Process time: 0.00 ms
Loop: count=131, trial=1, Duration=34199 us
Core number: 6
Execution time for the consumer: 25.06 ms
Transform color: 1910 us
CAM#1 PART SEARCH time: 0.00 ms
Process time: 0.00 ms
Loop: count=132, trial=1, Duration=29190 us
Core number: 6
Execution time for the consumer: 25.04 ms
Transform color: 2175 us
CAM#1 PART SEARCH time: 0.00 ms
Process time: 0.00 ms
Loop: count=133, trial=1, Duration=29739 us
Core number: 6
Execution time for the consumer: 30.05 ms
Transform color: 5605 us
CAM#1 PART SEARCH time: 0.00 ms
Process time: 0.00 ms
Loop: count=134, trial=1, Duration=37733 us
Core number: 6
Execution time for the consumer: 20.03 ms
Transform color: 1905 us
CAM#1 PART SEARCH time: 0.00 ms
Process time: 0.00 ms
Loop: count=135, trial=1, Duration=42594 us
Core number: 6
Execution time for the consumer: 10.02 ms
Transform color: 7527 us
CAM#1 PART SEARCH time: 0.00 ms
Process time: 0.00 ms
Loop: count=136, trial=1, Duration=20575 us
Core number: 6
Execution time for the consumer: 20.04 ms
Transform color: 1963 us
CAM#1 PART SEARCH time: 0.00 ms
Process time: 0.00 ms
Loop: count=137, trial=1, Duration=24775 us
Core number: 6
Execution time for the consumer: 80.09 ms
Transform color: 5548 us
CAM#1 PART SEARCH time: 0.00 ms
Process time: 0.00 ms
Loop: count=138, trial=1, Duration=88406 us
Core number: 6
Execution time for the consumer: 20.06 ms
Transform color: 2420 us
CAM#1 PART SEARCH time: 0.00 ms
Process time: 0.00 ms
Loop: count=139, trial=1, Duration=24475 us
Core number: 6
Execution time for the consumer: 25.06 ms
Transform color: 4120 us
CAM#1 PART SEARCH time: 0.00 ms
Process time: 0.00 ms
Loop: count=140, trial=1, Duration=31098 us
Core number: 6
Execution time for the consumer: 25.04 ms
Transform color: 2100 us
CAM#1 PART SEARCH time: 0.00 ms
Process time: 0.00 ms
Loop: count=141, trial=1, Duration=29248 us
Core number: 6
Execution time for the consumer: 30.05 ms
Transform color: 1943 us
CAM#1 PART SEARCH time: 0.00 ms
Process time: 0.00 ms
Loop: count=142, trial=1, Duration=33977 us
Core number: 6
Execution time for the consumer: 25.05 ms
Transform color: 2431 us
CAM#1 PART SEARCH time: 0.00 ms
Process time: 0.00 ms
CAM#1 Using GLOBAL SEARCH ##############################################
CAM#1 GLOBAL SEARCH time: 0.00 ms
Loop: count=143, trial=1, Duration=30684 us
Core number: 6
Execution time for the consumer: 25.05 ms
Transform color: 4810 us
CAM#1 PART SEARCH time: 0.00 ms
Process time: 0.00 ms
Loop: count=144, trial=1, Duration=32167 us
Core number: 6
Execution time for the consumer: 25.05 ms
Transform color: 1780 us
CAM#1 PART SEARCH time: 0.00 ms
Process time: 0.00 ms
Loop: count=145, trial=1, Duration=32744 us
Core number: 6
Execution time for the consumer: 20.04 ms
Transform color: 4414 us
CAM#1 PART SEARCH time: 0.00 ms
Process time: 0.00 ms
Loop: count=146, trial=1, Duration=59698 us
Core number: 6
Execution time for the consumer: 0.00 ms
Transform color: 7185 us
CAM#1 PART SEARCH time: 0.00 ms
Process time: 0.00 ms
Loop: count=147, trial=1, Duration=9413 us
Core number: 6
Execution time for the consumer: 15.05 ms
Transform color: 1953 us
CAM#1 PART SEARCH time: 0.00 ms
Process time: 0.00 ms
Loop: count=148, trial=1, Duration=18863 us
Core number: 6
Execution time for the consumer: 30.08 ms
Transform color: 2019 us
CAM#1 PART SEARCH time: 0.00 ms
Process time: 0.00 ms
Loop: count=149, trial=1, Duration=33886 us
Core number: 6
Execution time for the consumer: 25.06 ms
Transform color: 1956 us
CAM#1 PART SEARCH time: 0.00 ms
Process time: 0.00 ms
Loop: count=150, trial=1, Duration=28962 us
Core number: 6
Execution time for the consumer: 30.08 ms
Transform color: 3713 us
CAM#1 PART SEARCH time: 0.00 ms
Process time: 0.00 ms
Loop: count=151, trial=1, Duration=56240 us
Core number: 6
Execution time for the consumer: 5.03 ms
Transform color: 4126 us
CAM#1 PART SEARCH time: 0.00 ms
Process time: 0.00 ms
Loop: count=152, trial=1, Duration=11328 us
Core number: 6
Execution time for the consumer: 25.05 ms
Transform color: 2021 us
CAM#1 PART SEARCH time: 0.00 ms
Process time: 0.00 ms
Loop: count=153, trial=1, Duration=29066 us
Core number: 6
Execution time for the consumer: 25.04 ms
Transform color: 5714 us
CAM#1 PART SEARCH time: 0.00 ms
Process time: 0.00 ms
Loop: count=154, trial=1, Duration=32760 us
Core number: 6
Execution time for the consumer: 25.06 ms
Transform color: 2659 us
CAM#1 PART SEARCH time: 0.00 ms
Process time: 0.00 ms
Loop: count=155, trial=1, Duration=29686 us
Core number: 6
Execution time for the consumer: 25.04 ms
Transform color: 1996 us
CAM#1 PART SEARCH time: 0.00 ms
Process time: 0.00 ms
Loop: count=156, trial=1, Duration=29969 us
Core number: 6
Execution time for the consumer: 25.06 ms
Transform color: 3590 us
CAM#1 PART SEARCH time: 0.00 ms
Process time: 0.00 ms
Loop: count=157, trial=1, Duration=31419 us
Core number: 6
Execution time for the consumer: 25.04 ms
Transform color: 1987 us
CAM#1 PART SEARCH time: 0.00 ms
Process time: 0.00 ms
Loop: count=158, trial=1, Duration=29781 us
Core number: 6
Execution time for the consumer: 25.06 ms
Transform color: 2955 us
CAM#1 PART SEARCH time: 0.00 ms
Process time: 0.00 ms
CAM#1 Using GLOBAL SEARCH ##############################################
CAM#1 GLOBAL SEARCH time: 0.00 ms
Loop: count=159, trial=1, Duration=30433 us
Core number: 6
Execution time for the consumer: 25.07 ms
Transform color: 1934 us
CAM#1 PART SEARCH time: 0.00 ms
Process time: 0.00 ms
Loop: count=160, trial=1, Duration=28792 us
Core number: 6
Execution time for the consumer: 30.08 ms
Transform color: 1650 us
CAM#1 PART SEARCH time: 0.00 ms
Process time: 0.00 ms
Loop: count=161, trial=1, Duration=33432 us
Core number: 6
Execution time for the consumer: 25.05 ms
Transform color: 1548 us
CAM#1 PART SEARCH time: 0.00 ms
Process time: 0.00 ms
Loop: count=162, trial=1, Duration=45922 us
Core number: 6
Execution time for the consumer: 10.03 ms
Transform color: 1825 us
CAM#1 PART SEARCH time: 0.00 ms
Process time: 0.00 ms
Loop: count=163, trial=1, Duration=13942 us
Core number: 6
Execution time for the consumer: 30.05 ms
Transform color: 1526 us
CAM#1 PART SEARCH time: 0.00 ms
Process time: 0.00 ms
Loop: count=164, trial=1, Duration=33509 us
Core number: 6
Execution time for the consumer: 25.05 ms
Transform color: 3870 us
CAM#1 PART SEARCH time: 0.00 ms
Process time: 0.00 ms
Loop: count=165, trial=1, Duration=31030 us
Core number: 6
Execution time for the consumer: 25.03 ms
Transform color: 1786 us
CAM#1 PART SEARCH time: 0.00 ms
Process time: 0.00 ms
Loop: count=166, trial=1, Duration=28899 us
Core number: 6
Execution time for the consumer: 25.04 ms
Transform color: 1544 us
CAM#1 PART SEARCH time: 0.00 ms
Process time: 0.00 ms
Loop: count=167, trial=1, Duration=28320 us
Core number: 6
Execution time for the consumer: 30.08 ms
