Remap: 73.22 ms
Transform color: 3.85 ms
CAM#2: PART SEARCH: search_time:0.00 ms
Process time: 0.00 ms
Loop: count=0, trial=1, Duration=102 ms
Remap: 62.76 ms
Transform color: 2.25 ms
CAM#2: PART SEARCH: search_time:0.00 ms
Process time: 0.00 ms
Loop: count=1, trial=1, Duration=145 ms
Remap: 53.30 ms
Transform color: 3.93 ms
CAM#2: PART SEARCH: search_time:0.00 ms
Process time: 0.00 ms
Loop: count=2, trial=1, Duration=100 ms
Remap: 65.13 ms
Transform color: 3.64 ms
CAM#2: PART SEARCH: search_time:0.00 ms
Process time: 0.00 ms
Loop: count=3, trial=1, Duration=234 ms
Remap: 64.42 ms
Transform color: 7.94 ms
CAM#2: PART SEARCH: search_time:0.00 ms
Process time: 0.00 ms
Loop: count=4, trial=1, Duration=503 ms
Remap: 85.51 ms
Transform color: 3.37 ms
CAM#2: PART SEARCH: search_time:0.00 ms
Process time: 0.00 ms
Loop: count=5, trial=1, Duration=91 ms
Remap: 26.94 ms
Transform color: 2.53 ms
CAM#2: PART SEARCH: search_time:0.00 ms
Process time: 0.00 ms
Loop: count=6, trial=1, Duration=106 ms
Remap: 74.26 ms
Transform color: 5.22 ms
CAM#2: PART SEARCH: search_time:0.00 ms
Process time: 0.00 ms
Loop: count=7, trial=1, Duration=82 ms
Remap: 89.03 ms
Transform color: 5.70 ms
CAM#2: PART SEARCH: search_time:0.00 ms
Process time: 0.00 ms
Loop: count=8, trial=1, Duration=197 ms
Remap: 88.74 ms
Transform color: 5.14 ms
CAM#2: PART SEARCH: search_time:0.00 ms
Process time: 0.00 ms
Loop: count=9, trial=1, Duration=120 ms
Remap: 72.72 ms
Transform color: 7.03 ms
CAM#2: PART SEARCH: search_time:0.01 ms
Process time: 0.00 ms
Loop: count=10, trial=1, Duration=84 ms
Remap: 60.75 ms
Transform color: 4.46 ms
CAM#2: PART SEARCH: search_time:0.00 ms
Process time: 0.00 ms
Loop: count=11, trial=1, Duration=67 ms
Remap: 65.11 ms
Transform color: 6.00 ms
CAM#2: PART SEARCH: search_time:0.00 ms
Process time: 0.00 ms
Loop: count=12, trial=1, Duration=81 ms
Remap: 73.43 ms
Transform color: 8.37 ms
CAM#2: PART SEARCH: search_time:0.01 ms
Process time: 0.00 ms
Loop: count=13, trial=1, Duration=136 ms
Remap: 22.40 ms
Transform color: 3.14 ms
CAM#2: PART SEARCH: search_time:0.00 ms
Process time: 0.00 ms
Loop: count=14, trial=1, Duration=28 ms
Remap: 66.77 ms
Transform color: 7.49 ms
CAM#2: PART SEARCH: search_time:0.01 ms
Process time: 0.00 ms
CAM#2: Using GLobal SEARCH ##############################################
CAM#2: GLOBAL SEARCH: search_time:0.00 ms
Loop: count=15, trial=1, Duration=93 ms
Remap: 69.66 ms
Transform color: 5.00 ms
CAM#2: PART SEARCH: search_time:0.00 ms
Process time: 0.00 ms
Loop: count=16, trial=1, Duration=77 ms
Remap: 63.94 ms
Transform color: 5.72 ms
CAM#2: PART SEARCH: search_time:0.00 ms
Process time: 0.00 ms
Loop: count=17, trial=1, Duration=72 ms
Remap: 81.98 ms
Transform color: 23.99 ms
CAM#2: PART SEARCH: search_time:0.00 ms
Process time: 0.00 ms
Loop: count=18, trial=1, Duration=218 ms
Remap: 80.67 ms
Transform color: 2.56 ms
CAM#2: PART SEARCH: search_time:0.00 ms
Process time: 0.00 ms
Loop: count=19, trial=1, Duration=87 ms
Remap: 66.62 ms
Transform color: 6.09 ms
CAM#2: PART SEARCH: search_time:0.00 ms
Process time: 0.00 ms
Loop: count=20, trial=1, Duration=75 ms
Remap: 61.69 ms
Transform color: 3.39 ms
CAM#2: PART SEARCH: search_time:0.00 ms
Process time: 0.00 ms
Loop: count=21, trial=1, Duration=72 ms
Remap: 43.89 ms
Transform color: 6.16 ms
CAM#2: PART SEARCH: search_time:0.00 ms
Process time: 0.00 ms
Loop: count=22, trial=1, Duration=114 ms
Remap: 77.71 ms
Transform color: 5.22 ms
CAM#2: PART SEARCH: search_time:0.00 ms
Process time: 0.00 ms
Loop: count=23, trial=1, Duration=85 ms
Remap: 69.33 ms
Transform color: 6.52 ms
CAM#2: PART SEARCH: search_time:0.00 ms
Process time: 0.00 ms
Loop: count=24, trial=1, Duration=78 ms
Remap: 76.02 ms
Transform color: 7.42 ms
CAM#2: PART SEARCH: search_time:0.01 ms
Process time: 0.00 ms
Loop: count=25, trial=1, Duration=87 ms
Remap: 73.33 ms
Transform color: 6.67 ms
CAM#2: PART SEARCH: search_time:0.00 ms
Process time: 0.00 ms
Loop: count=26, trial=1, Duration=86 ms
Remap: 43.25 ms
Transform color: 2.70 ms
CAM#2: PART SEARCH: search_time:0.00 ms
Process time: 0.00 ms
Loop: count=27, trial=1, Duration=74 ms
Remap: 69.73 ms
Transform color: 5.89 ms
CAM#2: PART SEARCH: search_time:0.00 ms
Process time: 0.00 ms
Loop: count=28, trial=1, Duration=112 ms
Remap: 72.50 ms
Transform color: 7.26 ms
CAM#2: PART SEARCH: search_time:0.00 ms
Process time: 0.00 ms
Loop: count=29, trial=1, Duration=98 ms
Remap: 96.86 ms
Transform color: 2.87 ms
CAM#2: PART SEARCH: search_time:0.00 ms
Process time: 0.00 ms
Loop: count=30, trial=1, Duration=181 ms
Remap: 128.47 ms
Transform color: 1.45 ms
CAM#2: PART SEARCH: search_time:0.00 ms
Process time: 0.00 ms
CAM#2: Using GLobal SEARCH ##############################################
CAM#2: GLOBAL SEARCH: search_time:0.00 ms
Loop: count=31, trial=1, Duration=138 ms
Remap: 57.52 ms
Transform color: 4.34 ms
CAM#2: PART SEARCH: search_time:0.00 ms
Process time: 0.00 ms
Loop: count=32, trial=1, Duration=126 ms
Remap: 54.35 ms
Transform color: 3.40 ms
CAM#2: PART SEARCH: search_time:0.00 ms
Process time: 0.00 ms
Loop: count=33, trial=1, Duration=87 ms
Remap: 174.80 ms
Transform color: 5.32 ms
CAM#2: PART SEARCH: search_time:0.00 ms
Process time: 0.00 ms
Loop: count=34, trial=1, Duration=213 ms
Remap: 71.10 ms
Transform color: 5.71 ms
CAM#2: PART SEARCH: search_time:0.00 ms
Process time: 0.00 ms
Loop: count=35, trial=1, Duration=79 ms
Remap: 93.30 ms
Transform color: 4.14 ms
CAM#2: PART SEARCH: search_time:0.00 ms
Process time: 0.00 ms
Loop: count=36, trial=1, Duration=100 ms
Remap: 67.18 ms
Transform color: 5.81 ms
CAM#2: PART SEARCH: search_time:0.00 ms
Process time: 0.00 ms
Loop: count=37, trial=1, Duration=75 ms
Remap: 66.27 ms
Transform color: 3.90 ms
CAM#2: PART SEARCH: search_time:0.00 ms
Process time: 0.00 ms
Loop: count=38, trial=1, Duration=88 ms
Remap: 24.95 ms
Transform color: 2.62 ms
CAM#2: PART SEARCH: search_time:0.00 ms
Process time: 0.00 ms
Loop: count=39, trial=1, Duration=29 ms
Remap: 126.78 ms
Transform color: 1.36 ms
CAM#2: PART SEARCH: search_time:0.00 ms
Process time: 0.00 ms
Loop: count=40, trial=1, Duration=129 ms
Remap: 9.14 ms
Transform color: 1.17 ms
CAM#2: PART SEARCH: search_time:0.00 ms
Process time: 0.00 ms
Loop: count=41, trial=1, Duration=12 ms
Remap: 76.51 ms
Transform color: 18.58 ms
CAM#2: PART SEARCH: search_time:0.00 ms
Process time: 0.00 ms
Loop: count=42, trial=1, Duration=158 ms
Remap: 77.25 ms
Transform color: 16.18 ms
CAM#2: PART SEARCH: search_time:0.00 ms
Process time: 0.00 ms
Loop: count=43, trial=1, Duration=95 ms
Remap: 78.30 ms
Transform color: 16.96 ms
CAM#2: PART SEARCH: search_time:0.00 ms
Process time: 0.00 ms
Loop: count=44, trial=1, Duration=98 ms
Remap: 81.77 ms
Transform color: 18.03 ms
CAM#2: PART SEARCH: search_time:0.00 ms
Process time: 0.00 ms
Loop: count=45, trial=1, Duration=103 ms
Remap: 72.09 ms
Transform color: 18.37 ms
CAM#2: PART SEARCH: search_time:0.00 ms
Process time: 0.00 ms
Loop: count=46, trial=1, Duration=98 ms
Remap: 160.94 ms
Transform color: 2.96 ms
CAM#2: PART SEARCH: search_time:0.00 ms
Process time: 0.00 ms
CAM#2: Using GLobal SEARCH ##############################################
CAM#2: GLOBAL SEARCH: search_time:0.00 ms
Loop: count=47, trial=1, Duration=166 ms
Remap: 159.24 ms
Transform color: 17.96 ms
CAM#2: PART SEARCH: search_time:0.00 ms
Process time: 0.00 ms
Loop: count=48, trial=1, Duration=180 ms
Remap: 81.62 ms
Transform color: 2.62 ms
CAM#2: PART SEARCH: search_time:0.00 ms
Process time: 0.00 ms
Loop: count=49, trial=1, Duration=86 ms
Remap: 38.78 ms
Transform color: 15.85 ms
CAM#2: PART SEARCH: search_time:0.01 ms
Process time: 0.00 ms
Loop: count=50, trial=1, Duration=91 ms
Remap: 87.59 ms
Transform color: 18.38 ms
CAM#2: PART SEARCH: search_time:0.00 ms
Process time: 0.00 ms
Loop: count=51, trial=1, Duration=134 ms
Remap: 82.98 ms
Transform color: 13.63 ms
CAM#2: PART SEARCH: search_time:0.00 ms
Process time: 0.00 ms
Loop: count=52, trial=1, Duration=98 ms
Remap: 83.13 ms
Transform color: 17.38 ms
CAM#2: PART SEARCH: search_time:0.00 ms
Process time: 0.00 ms
Loop: count=53, trial=1, Duration=104 ms
Remap: 80.10 ms
Transform color: 16.43 ms
CAM#2: PART SEARCH: search_time:0.00 ms
Process time: 0.00 ms
Loop: count=54, trial=1, Duration=100 ms
Remap: 72.16 ms
Transform color: 18.08 ms
CAM#2: PART SEARCH: search_time:0.00 ms
Process time: 0.00 ms
Loop: count=55, trial=1, Duration=93 ms
Remap: 75.02 ms
Transform color: 19.22 ms
CAM#2: PART SEARCH: search_time:0.00 ms
Process time: 0.00 ms
Loop: count=56, trial=1, Duration=157 ms
Remap: 89.08 ms
Transform color: 13.65 ms
CAM#2: PART SEARCH: search_time:0.00 ms
Process time: 0.00 ms
Loop: count=57, trial=1, Duration=230 ms
Remap: 83.09 ms
Transform color: 19.06 ms
CAM#2: PART SEARCH: search_time:0.00 ms
Process time: 0.00 ms
Loop: count=58, trial=1, Duration=533 ms
Remap: 91.92 ms
Transform color: 21.13 ms
CAM#2: PART SEARCH: search_time:0.00 ms
Process time: 0.00 ms
Loop: count=59, trial=1, Duration=115 ms
Remap: 86.07 ms
Transform color: 17.59 ms
CAM#2: PART SEARCH: search_time:0.00 ms
Process time: 0.00 ms
Loop: count=60, trial=1, Duration=106 ms
Remap: 87.27 ms
Transform color: 17.32 ms
CAM#2: PART SEARCH: search_time:0.00 ms
Process time: 0.00 ms
Loop: count=61, trial=1, Duration=107 ms
Remap: 85.00 ms
Transform color: 16.75 ms
CAM#2: PART SEARCH: search_time:0.00 ms
Process time: 0.00 ms
Loop: count=62, trial=1, Duration=104 ms
Remap: 79.24 ms
Transform color: 18.21 ms
CAM#2: PART SEARCH: search_time:0.00 ms
Process time: 0.00 ms
CAM#2: Using GLobal SEARCH ##############################################
CAM#2: GLOBAL SEARCH: search_time:0.00 ms
Loop: count=63, trial=1, Duration=118 ms
Remap: 91.12 ms
Transform color: 18.14 ms
CAM#2: PART SEARCH: search_time:0.01 ms
Process time: 0.00 ms
Loop: count=64, trial=1, Duration=113 ms
Remap: 89.76 ms
Transform color: 19.98 ms
CAM#2: PART SEARCH: search_time:0.00 ms
Process time: 0.00 ms
Loop: count=65, trial=1, Duration=112 ms
Remap: 78.86 ms
Transform color: 21.27 ms
CAM#2: PART SEARCH: search_time:0.01 ms
Process time: 0.00 ms
Loop: count=66, trial=1, Duration=103 ms
Remap: 85.57 ms
Transform color: 18.05 ms
CAM#2: PART SEARCH: search_time:0.00 ms
Process time: 0.00 ms
Loop: count=67, trial=1, Duration=105 ms
Remap: 86.34 ms
Transform color: 15.86 ms
CAM#2: PART SEARCH: search_time:0.00 ms
Process time: 0.00 ms
Loop: count=68, trial=1, Duration=131 ms
Remap: 82.95 ms
Transform color: 20.87 ms
CAM#2: PART SEARCH: search_time:0.00 ms
Process time: 0.00 ms
Loop: count=69, trial=1, Duration=106 ms
Remap: 85.33 ms
Transform color: 21.28 ms
CAM#2: PART SEARCH: search_time:0.00 ms
Process time: 0.00 ms
Loop: count=70, trial=1, Duration=109 ms
Remap: 111.32 ms
Transform color: 1.86 ms
CAM#2: PART SEARCH: search_time:0.00 ms
Process time: 0.00 ms
Loop: count=71, trial=1, Duration=115 ms
Remap: 118.82 ms
Transform color: 16.16 ms
CAM#2: PART SEARCH: search_time:0.01 ms
Process time: 0.00 ms
Loop: count=72, trial=1, Duration=167 ms
Remap: 89.96 ms
Transform color: 19.72 ms
CAM#2: PART SEARCH: search_time:0.00 ms
Process time: 0.00 ms
Loop: count=73, trial=1, Duration=113 ms
Remap: 85.94 ms
Transform color: 16.07 ms
CAM#2: PART SEARCH: search_time:0.00 ms
Process time: 0.00 ms
Loop: count=74, trial=1, Duration=105 ms
Remap: 82.44 ms
Transform color: 14.06 ms
CAM#2: PART SEARCH: search_time:0.00 ms
Process time: 0.00 ms
Loop: count=75, trial=1, Duration=614 ms
Remap: 79.87 ms
Transform color: 18.09 ms
CAM#2: PART SEARCH: search_time:0.00 ms
Process time: 0.00 ms
Loop: count=76, trial=1, Duration=449 ms
Remap: 89.01 ms
Transform color: 20.59 ms
CAM#2: PART SEARCH: search_time:0.00 ms
Process time: 0.00 ms
Loop: count=77, trial=1, Duration=113 ms
Remap: 87.66 ms
Transform color: 15.07 ms
CAM#2: PART SEARCH: search_time:0.00 ms
Process time: 0.00 ms
Loop: count=78, trial=1, Duration=105 ms
Remap: 93.71 ms
Transform color: 19.44 ms
CAM#2: PART SEARCH: search_time:0.00 ms
Process time: 0.00 ms
CAM#2: Using GLobal SEARCH ##############################################
CAM#2: GLOBAL SEARCH: search_time:0.00 ms
Loop: count=79, trial=1, Duration=195 ms
Remap: 91.47 ms
Transform color: 19.62 ms
CAM#2: PART SEARCH: search_time:0.00 ms
Process time: 0.00 ms
Loop: count=80, trial=1, Duration=114 ms
Remap: 76.27 ms
Transform color: 15.43 ms
CAM#2: PART SEARCH: search_time:0.00 ms
Process time: 0.00 ms
Loop: count=81, trial=1, Duration=97 ms
Remap: 87.78 ms
Transform color: 17.59 ms
CAM#2: PART SEARCH: search_time:0.00 ms
Process time: 0.00 ms
Loop: count=82, trial=1, Duration=109 ms
Remap: 85.58 ms
Transform color: 20.57 ms
CAM#2: PART SEARCH: search_time:0.00 ms
Process time: 0.00 ms
Loop: count=83, trial=1, Duration=109 ms
Remap: 87.82 ms
Transform color: 18.57 ms
CAM#2: PART SEARCH: search_time:0.00 ms
Process time: 0.00 ms
Loop: count=84, trial=1, Duration=109 ms
Remap: 83.59 ms
Transform color: 17.42 ms
CAM#2: PART SEARCH: search_time:0.00 ms
Process time: 0.00 ms
Loop: count=85, trial=1, Duration=104 ms
Remap: 79.27 ms
Transform color: 19.33 ms
CAM#2: PART SEARCH: search_time:0.00 ms
Process time: 0.00 ms
Loop: count=86, trial=1, Duration=101 ms
Remap: 72.32 ms
Transform color: 14.76 ms
CAM#2: PART SEARCH: search_time:0.00 ms
Process time: 0.00 ms
Loop: count=87, trial=1, Duration=388 ms
Remap: 69.54 ms
Transform color: 14.96 ms
CAM#2: PART SEARCH: search_time:0.00 ms
Process time: 0.00 ms
Loop: count=88, trial=1, Duration=104 ms
Remap: 259.32 ms
Transform color: 75.53 ms
CAM#2: PART SEARCH: search_time:0.00 ms
Process time: 0.00 ms
Loop: count=89, trial=1, Duration=338 ms
Remap: 228.40 ms
Transform color: 81.57 ms
CAM#2: PART SEARCH: search_time:0.00 ms
Process time: 0.00 ms
Loop: count=90, trial=1, Duration=377 ms
Remap: 91.13 ms
Transform color: 18.84 ms
CAM#2: PART SEARCH: search_time:0.00 ms
Process time: 0.00 ms
Loop: count=91, trial=1, Duration=113 ms
Remap: 82.34 ms
Transform color: 34.91 ms
CAM#2: PART SEARCH: search_time:0.00 ms
Process time: 0.00 ms
Loop: count=92, trial=1, Duration=120 ms
Remap: 82.61 ms
Transform color: 21.87 ms
CAM#2: PART SEARCH: search_time:0.00 ms
Process time: 0.00 ms
Loop: count=93, trial=1, Duration=134 ms
Remap: 80.81 ms
Transform color: 15.93 ms
CAM#2: PART SEARCH: search_time:0.01 ms
Process time: 0.00 ms
Loop: count=94, trial=1, Duration=101 ms
Remap: 88.71 ms
Transform color: 19.17 ms
CAM#2: PART SEARCH: search_time:0.00 ms
Process time: 0.00 ms
CAM#2: Using GLobal SEARCH ##############################################
CAM#2: GLOBAL SEARCH: search_time:0.00 ms
Loop: count=95, trial=1, Duration=255 ms
Remap: 84.77 ms
Transform color: 18.78 ms
CAM#2: PART SEARCH: search_time:0.00 ms
Process time: 0.00 ms
Loop: count=96, trial=1, Duration=106 ms
Remap: 81.29 ms
Transform color: 19.88 ms
CAM#2: PART SEARCH: search_time:0.00 ms
Process time: 0.00 ms
Loop: count=97, trial=1, Duration=104 ms
Remap: 84.11 ms
Transform color: 19.20 ms
CAM#2: PART SEARCH: search_time:0.00 ms
Process time: 0.00 ms
Loop: count=98, trial=1, Duration=106 ms
Remap: 84.86 ms
Transform color: 22.40 ms
CAM#2: PART SEARCH: search_time:0.00 ms
Process time: 0.00 ms
Loop: count=99, trial=1, Duration=110 ms
Remap: 83.94 ms
Transform color: 16.29 ms
CAM#2: PART SEARCH: search_time:0.00 ms
Process time: 0.00 ms
Loop: count=100, trial=1, Duration=113 ms
Remap: 86.21 ms
Transform color: 11.67 ms
CAM#2: PART SEARCH: search_time:0.00 ms
Process time: 0.00 ms
Loop: count=101, trial=1, Duration=127 ms
Remap: 115.85 ms
Transform color: 2.76 ms
CAM#2: PART SEARCH: search_time:0.00 ms
Process time: 0.00 ms
Loop: count=102, trial=1, Duration=121 ms
Remap: 87.43 ms
Transform color: 16.28 ms
CAM#2: PART SEARCH: search_time:0.00 ms
Process time: 0.00 ms
Loop: count=103, trial=1, Duration=108 ms
Remap: 86.94 ms
Transform color: 15.86 ms
CAM#2: PART SEARCH: search_time:0.00 ms
Process time: 0.00 ms
Loop: count=104, trial=1, Duration=122 ms
Remap: 83.00 ms
Transform color: 17.34 ms
CAM#2: PART SEARCH: search_time:0.00 ms
Process time: 0.00 ms
Loop: count=105, trial=1, Duration=103 ms
Remap: 75.66 ms
Transform color: 18.36 ms
CAM#2: PART SEARCH: search_time:0.00 ms
Process time: 0.00 ms
Loop: count=106, trial=1, Duration=119 ms
Remap: 89.19 ms
Transform color: 16.71 ms
CAM#2: PART SEARCH: search_time:0.00 ms
Process time: 0.00 ms
Loop: count=107, trial=1, Duration=108 ms
Remap: 87.64 ms
Transform color: 11.49 ms
CAM#2: PART SEARCH: search_time:0.00 ms
Process time: 0.00 ms
Loop: count=108, trial=1, Duration=101 ms
Remap: 98.86 ms
Transform color: 16.99 ms
CAM#2: PART SEARCH: search_time:0.00 ms
Process time: 0.00 ms
Loop: count=109, trial=1, Duration=137 ms
Remap: 85.73 ms
Transform color: 16.46 ms
CAM#2: PART SEARCH: search_time:0.00 ms
Process time: 0.00 ms
Loop: count=110, trial=1, Duration=107 ms
Remap: 88.38 ms
Transform color: 49.87 ms
CAM#2: PART SEARCH: search_time:0.00 ms
Process time: 0.00 ms
CAM#2: Using GLobal SEARCH ##############################################
CAM#2: GLOBAL SEARCH: search_time:0.00 ms
Loop: count=111, trial=1, Duration=155 ms
Remap: 88.50 ms
Transform color: 19.62 ms
CAM#2: PART SEARCH: search_time:0.00 ms
Process time: 0.00 ms
Loop: count=112, trial=1, Duration=111 ms
Remap: 89.84 ms
Transform color: 16.53 ms
CAM#2: PART SEARCH: search_time:0.00 ms
Process time: 0.00 ms
Loop: count=113, trial=1, Duration=109 ms
Remap: 50.85 ms
Transform color: 2.84 ms
CAM#2: PART SEARCH: search_time:0.00 ms
Process time: 0.00 ms
Loop: count=114, trial=1, Duration=174 ms
Remap: 92.75 ms
Transform color: 16.13 ms
CAM#2: PART SEARCH: search_time:0.00 ms
Process time: 0.00 ms
Loop: count=115, trial=1, Duration=112 ms
Remap: 79.79 ms
Transform color: 11.87 ms
CAM#2: PART SEARCH: search_time:0.00 ms
Process time: 0.00 ms
Loop: count=116, trial=1, Duration=123 ms
Remap: 86.67 ms
Transform color: 18.73 ms
CAM#2: PART SEARCH: search_time:0.01 ms
Process time: 0.00 ms
Loop: count=117, trial=1, Duration=109 ms
Remap: 82.71 ms
Transform color: 18.57 ms
CAM#2: PART SEARCH: search_time:0.00 ms
Process time: 0.00 ms
Loop: count=118, trial=1, Duration=104 ms
Remap: 86.49 ms
Transform color: 16.89 ms
CAM#2: PART SEARCH: search_time:0.00 ms
Process time: 0.00 ms
Loop: count=119, trial=1, Duration=107 ms
Remap: 87.86 ms
Transform color: 17.38 ms
CAM#2: PART SEARCH: search_time:0.00 ms
Process time: 0.00 ms
CAM 2: -2147483648Hz
Loop: count=120, trial=1, Duration=110 ms
Remap: 82.63 ms
Transform color: 15.47 ms
CAM#2: PART SEARCH: search_time:0.00 ms
Process time: 0.00 ms
Loop: count=121, trial=1, Duration=531 ms
Remap: 75.51 ms
Transform color: 2.70 ms
CAM#2: PART SEARCH: search_time:0.00 ms
Process time: 0.00 ms
Loop: count=122, trial=1, Duration=154 ms
Remap: 90.67 ms
Transform color: 18.42 ms
CAM#2: PART SEARCH: search_time:0.00 ms
Process time: 0.00 ms
Loop: count=123, trial=1, Duration=113 ms
Remap: 83.44 ms
Transform color: 19.21 ms
CAM#2: PART SEARCH: search_time:0.00 ms
Process time: 0.00 ms
Loop: count=124, trial=1, Duration=105 ms
Remap: 73.88 ms
Transform color: 16.44 ms
CAM#2: PART SEARCH: search_time:0.00 ms
Process time: 0.00 ms
Loop: count=125, trial=1, Duration=97 ms
Remap: 82.86 ms
Transform color: 17.94 ms
CAM#2: PART SEARCH: search_time:0.00 ms
Process time: 0.00 ms
Loop: count=126, trial=1, Duration=121 ms
Remap: 86.61 ms
Transform color: 17.97 ms
CAM#2: PART SEARCH: search_time:0.00 ms
Process time: 0.00 ms
CAM#2: Using GLobal SEARCH ##############################################
CAM#2: GLOBAL SEARCH: search_time:0.00 ms
Loop: count=127, trial=1, Duration=107 ms
Remap: 88.20 ms
Transform color: 18.72 ms
CAM#2: PART SEARCH: search_time:0.00 ms
Process time: 0.00 ms
Loop: count=128, trial=1, Duration=194 ms
Remap: 88.22 ms
Transform color: 14.24 ms
CAM#2: PART SEARCH: search_time:0.00 ms
Process time: 0.00 ms
Loop: count=129, trial=1, Duration=138 ms
Remap: 59.95 ms
Transform color: 3.33 ms
CAM#2: PART SEARCH: search_time:0.00 ms
Process time: 0.00 ms
Loop: count=130, trial=1, Duration=222 ms
Remap: 88.93 ms
Transform color: 19.00 ms
CAM#2: PART SEARCH: search_time:0.00 ms
Process time: 0.00 ms
Loop: count=131, trial=1, Duration=112 ms
Remap: 84.39 ms
Transform color: 14.83 ms
CAM#2: PART SEARCH: search_time:0.00 ms
Process time: 0.00 ms
Loop: count=132, trial=1, Duration=110 ms
Remap: 84.30 ms
Transform color: 14.09 ms
CAM#2: PART SEARCH: search_time:0.00 ms
Process time: 0.00 ms
Loop: count=133, trial=1, Duration=101 ms
Remap: 85.02 ms
Transform color: 18.99 ms
CAM#2: PART SEARCH: search_time:0.00 ms
Process time: 0.00 ms
Loop: count=134, trial=1, Duration=114 ms
Remap: 83.62 ms
Transform color: 16.47 ms
CAM#2: PART SEARCH: search_time:0.00 ms
Process time: 0.00 ms
Loop: count=135, trial=1, Duration=103 ms
Remap: 93.54 ms
Transform color: 14.65 ms
CAM#2: PART SEARCH: search_time:0.00 ms
Process time: 0.00 ms
Loop: count=136, trial=1, Duration=111 ms
Remap: 81.81 ms
Transform color: 12.33 ms
CAM#2: PART SEARCH: search_time:0.00 ms
Process time: 0.00 ms
Loop: count=137, trial=1, Duration=98 ms
Remap: 88.25 ms
Transform color: 17.92 ms
CAM#2: PART SEARCH: search_time:0.00 ms
Process time: 0.00 ms
Loop: count=138, trial=1, Duration=110 ms
Remap: 85.52 ms
Transform color: 18.47 ms
CAM#2: PART SEARCH: search_time:0.00 ms
Process time: 0.00 ms
Loop: count=139, trial=1, Duration=107 ms
Remap: 83.57 ms
Transform color: 18.73 ms
CAM#2: PART SEARCH: search_time:0.00 ms
Process time: 0.00 ms
Loop: count=140, trial=1, Duration=106 ms
Remap: 84.10 ms
Transform color: 19.72 ms
CAM#2: PART SEARCH: search_time:0.00 ms
Process time: 0.00 ms
Loop: count=141, trial=1, Duration=106 ms
Remap: 84.93 ms
Transform color: 14.07 ms
CAM#2: PART SEARCH: search_time:0.00 ms
Process time: 0.00 ms
Loop: count=142, trial=1, Duration=146 ms
Remap: 84.34 ms
Transform color: 15.88 ms
CAM#2: PART SEARCH: search_time:0.00 ms
Process time: 0.00 ms
CAM#2: Using GLobal SEARCH ##############################################
CAM#2: GLOBAL SEARCH: search_time:0.00 ms
Loop: count=143, trial=1, Duration=104 ms
Remap: 90.26 ms
Transform color: 14.70 ms
CAM#2: PART SEARCH: search_time:0.00 ms
Process time: 0.00 ms
Loop: count=144, trial=1, Duration=108 ms
Remap: 91.02 ms
Transform color: 19.02 ms
CAM#2: PART SEARCH: search_time:0.00 ms
Process time: 0.00 ms
Loop: count=145, trial=1, Duration=115 ms
Remap: 86.89 ms
Transform color: 9.92 ms
CAM#2: PART SEARCH: search_time:0.00 ms
Process time: 0.00 ms
Loop: count=146, trial=1, Duration=140 ms
Remap: 89.50 ms
Transform color: 16.30 ms
CAM#2: PART SEARCH: search_time:0.00 ms
Process time: 0.00 ms
Loop: count=147, trial=1, Duration=108 ms
Remap: 84.15 ms
Transform color: 16.78 ms
CAM#2: PART SEARCH: search_time:0.00 ms
Process time: 0.00 ms
Loop: count=148, trial=1, Duration=103 ms
Remap: 82.08 ms
Transform color: 16.25 ms
CAM#2: PART SEARCH: search_time:0.00 ms
Process time: 0.00 ms
Loop: count=149, trial=1, Duration=101 ms
Remap: 86.34 ms
Transform color: 15.87 ms
CAM#2: PART SEARCH: search_time:0.00 ms
Process time: 0.00 ms
Loop: count=150, trial=1, Duration=105 ms
Remap: 82.29 ms
Transform color: 19.18 ms
CAM#2: PART SEARCH: search_time:0.01 ms
Process time: 0.00 ms
Loop: count=151, trial=1, Duration=104 ms
Remap: 88.51 ms
Transform color: 15.19 ms
CAM#2: PART SEARCH: search_time:0.00 ms
Process time: 0.00 ms
Loop: count=152, trial=1, Duration=106 ms
Remap: 84.54 ms
Transform color: 16.39 ms
CAM#2: PART SEARCH: search_time:0.00 ms
Process time: 0.00 ms
Loop: count=153, trial=1, Duration=103 ms
Remap: 90.17 ms
Transform color: 13.79 ms
CAM#2: PART SEARCH: search_time:0.00 ms
Process time: 0.00 ms
Loop: count=154, trial=1, Duration=107 ms
Remap: 87.83 ms
Transform color: 18.87 ms
CAM#2: PART SEARCH: search_time:0.00 ms
Process time: 0.00 ms
Loop: count=155, trial=1, Duration=172 ms
Remap: 81.52 ms
Transform color: 16.27 ms
CAM#2: PART SEARCH: search_time:0.00 ms
Process time: 0.00 ms
Loop: count=156, trial=1, Duration=100 ms
Remap: 83.97 ms
Transform color: 13.39 ms
CAM#2: PART SEARCH: search_time:0.00 ms
Process time: 0.00 ms
Loop: count=157, trial=1, Duration=101 ms
Remap: 76.69 ms
Transform color: 21.88 ms
CAM#2: PART SEARCH: search_time:0.00 ms
Process time: 0.00 ms
Loop: count=158, trial=1, Duration=101 ms
Remap: 82.57 ms
Transform color: 17.83 ms
CAM#2: PART SEARCH: search_time:0.00 ms
Process time: 0.00 ms
CAM#2: Using GLobal SEARCH ##############################################
CAM#2: GLOBAL SEARCH: search_time:0.00 ms
Loop: count=159, trial=1, Duration=103 ms
Remap: 88.18 ms
Transform color: 18.44 ms
CAM#2: PART SEARCH: search_time:0.00 ms
Process time: 0.00 ms
Loop: count=160, trial=1, Duration=109 ms
Remap: 86.34 ms
Transform color: 15.45 ms
CAM#2: PART SEARCH: search_time:0.00 ms
Process time: 0.00 ms
Loop: count=161, trial=1, Duration=104 ms
Remap: 86.03 ms
Transform color: 11.46 ms
CAM#2: PART SEARCH: search_time:0.00 ms
Process time: 0.00 ms
Loop: count=162, trial=1, Duration=100 ms
Remap: 82.95 ms
Transform color: 16.78 ms
CAM#2: PART SEARCH: search_time:0.00 ms
Process time: 0.00 ms
Loop: count=163, trial=1, Duration=102 ms
Remap: 83.80 ms
Transform color: 4.66 ms
CAM#2: PART SEARCH: search_time:0.00 ms
Process time: 0.00 ms
Loop: count=164, trial=1, Duration=95 ms
Remap: 128.32 ms
Transform color: 16.11 ms
CAM#2: PART SEARCH: search_time:0.00 ms
Process time: 0.00 ms
Loop: count=165, trial=1, Duration=1013 ms
Remap: 85.16 ms
Transform color: 15.72 ms
CAM#2: PART SEARCH: search_time:0.00 ms
Process time: 0.00 ms
Loop: count=166, trial=1, Duration=103 ms
Remap: 84.60 ms
Transform color: 21.39 ms
CAM#2: PART SEARCH: search_time:0.00 ms
Process time: 0.00 ms
Loop: count=167, trial=1, Duration=109 ms
Remap: 80.99 ms
Transform color: 71.04 ms
CAM#2: PART SEARCH: search_time:0.00 ms
Process time: 0.00 ms
Loop: count=168, trial=1, Duration=781 ms
Remap: 76.73 ms
Transform color: 20.88 ms
CAM#2: PART SEARCH: search_time:0.00 ms
Process time: 0.00 ms
Loop: count=169, trial=1, Duration=101 ms
Remap: 86.16 ms
Transform color: 15.19 ms
CAM#2: PART SEARCH: search_time:0.00 ms
Process time: 0.00 ms
Loop: count=170, trial=1, Duration=480 ms
Remap: 91.40 ms
Transform color: 16.26 ms
CAM#2: PART SEARCH: search_time:0.00 ms
Process time: 0.00 ms
Loop: count=171, trial=1, Duration=111 ms
Remap: 89.20 ms
Transform color: 14.97 ms
CAM#2: PART SEARCH: search_time:0.00 ms
Process time: 0.00 ms
Loop: count=172, trial=1, Duration=409 ms
Remap: 89.40 ms
Transform color: 18.02 ms
CAM#2: PART SEARCH: search_time:0.00 ms
Process time: 0.00 ms
Loop: count=173, trial=1, Duration=142 ms
Remap: 87.71 ms
Transform color: 17.13 ms
CAM#2: PART SEARCH: search_time:0.00 ms
Process time: 0.00 ms
Loop: count=174, trial=1, Duration=107 ms
Remap: 88.88 ms
Transform color: 16.03 ms
CAM#2: PART SEARCH: search_time:0.00 ms
Process time: 0.00 ms
CAM#2: Using GLobal SEARCH ##############################################
CAM#2: GLOBAL SEARCH: search_time:0.00 ms
Loop: count=175, trial=1, Duration=108 ms
Remap: 93.59 ms
Transform color: 16.64 ms
CAM#2: PART SEARCH: search_time:0.00 ms
Process time: 0.00 ms
Loop: count=176, trial=1, Duration=203 ms
Remap: 77.19 ms
Transform color: 17.96 ms
CAM#2: PART SEARCH: search_time:0.00 ms
Process time: 0.00 ms
Loop: count=177, trial=1, Duration=104 ms
Remap: 81.76 ms
Transform color: 18.76 ms
CAM#2: PART SEARCH: search_time:0.00 ms
Process time: 0.00 ms
Loop: count=178, trial=1, Duration=104 ms
Remap: 83.58 ms
Transform color: 48.18 ms
CAM#2: PART SEARCH: search_time:0.00 ms
Process time: 0.00 ms
Loop: count=179, trial=1, Duration=138 ms
Remap: 99.20 ms
Transform color: 18.43 ms
CAM#2: PART SEARCH: search_time:0.00 ms
Process time: 0.00 ms
Loop: count=180, trial=1, Duration=120 ms
Remap: 85.49 ms
Transform color: 15.52 ms
CAM#2: PART SEARCH: search_time:0.00 ms
Process time: 0.00 ms
Loop: count=181, trial=1, Duration=104 ms
Remap: 81.47 ms
Transform color: 14.39 ms
CAM#2: PART SEARCH: search_time:0.00 ms
Process time: 0.00 ms
Loop: count=182, trial=1, Duration=99 ms
Remap: 173.77 ms
Transform color: 10.50 ms
CAM#2: PART SEARCH: search_time:0.01 ms
Process time: 0.00 ms
Loop: count=183, trial=1, Duration=187 ms
Remap: 28.33 ms
Transform color: 2.58 ms
CAM#2: PART SEARCH: search_time:0.00 ms
Process time: 0.00 ms
Loop: count=184, trial=1, Duration=33 ms
Remap: 440.25 ms
Transform color: 2.19 ms
CAM#2: PART SEARCH: search_time:0.00 ms
Process time: 0.00 ms
Loop: count=185, trial=1, Duration=497 ms
Remap: 88.88 ms
Transform color: 16.13 ms
CAM#2: PART SEARCH: search_time:0.01 ms
Process time: 0.00 ms
Loop: count=186, trial=1, Duration=108 ms
Remap: 89.52 ms
Transform color: 19.20 ms
CAM#2: PART SEARCH: search_time:0.00 ms
Process time: 0.00 ms
Loop: count=187, trial=1, Duration=111 ms
Remap: 84.04 ms
Transform color: 15.90 ms
CAM#2: PART SEARCH: search_time:0.00 ms
Process time: 0.00 ms
Loop: count=188, trial=1, Duration=103 ms
Remap: 86.86 ms
Transform color: 14.61 ms
CAM#2: PART SEARCH: search_time:0.00 ms
Process time: 0.00 ms
Loop: count=189, trial=1, Duration=103 ms
Remap: 83.13 ms
Transform color: 15.51 ms
CAM#2: PART SEARCH: search_time:0.00 ms
Process time: 0.00 ms
Loop: count=190, trial=1, Duration=101 ms
Remap: 82.57 ms
Transform color: 18.76 ms
CAM#2: PART SEARCH: search_time:0.00 ms
Process time: 0.00 ms
CAM#2: Using GLobal SEARCH ##############################################
CAM#2: GLOBAL SEARCH: search_time:0.00 ms
Loop: count=191, trial=1, Duration=104 ms
Remap: 85.00 ms
Transform color: 15.85 ms
CAM#2: PART SEARCH: search_time:0.00 ms
Process time: 0.00 ms
Loop: count=192, trial=1, Duration=103 ms
Remap: 73.09 ms
Transform color: 18.03 ms
CAM#2: PART SEARCH: search_time:0.00 ms
Process time: 0.00 ms
Loop: count=193, trial=1, Duration=94 ms
Remap: 85.33 ms
Transform color: 18.81 ms
CAM#2: PART SEARCH: search_time:0.00 ms
Process time: 0.00 ms
Loop: count=194, trial=1, Duration=107 ms
Remap: 130.30 ms
Transform color: 19.26 ms
CAM#2: PART SEARCH: search_time:0.01 ms
Process time: 0.00 ms
Loop: count=195, trial=1, Duration=540 ms
Remap: 90.25 ms
Transform color: 13.26 ms
CAM#2: PART SEARCH: search_time:0.00 ms
Process time: 0.00 ms
Loop: count=196, trial=1, Duration=105 ms
Remap: 352.37 ms
Transform color: 3.89 ms
CAM#2: PART SEARCH: search_time:0.00 ms
Process time: 0.00 ms
Loop: count=197, trial=1, Duration=362 ms
Remap: 32.98 ms
Transform color: 1.73 ms
CAM#2: PART SEARCH: search_time:0.00 ms
Process time: 0.00 ms
Loop: count=198, trial=1, Duration=36 ms
Remap: 75.50 ms
Transform color: 17.37 ms
CAM#2: PART SEARCH: search_time:0.00 ms
Process time: 0.00 ms
Loop: count=199, trial=1, Duration=111 ms
Remap: 79.44 ms
Transform color: 19.95 ms
CAM#2: PART SEARCH: search_time:0.01 ms
Process time: 0.00 ms
Loop: count=200, trial=1, Duration=102 ms
Remap: 84.50 ms
Transform color: 16.38 ms
CAM#2: PART SEARCH: search_time:0.00 ms
Process time: 0.00 ms
Loop: count=201, trial=1, Duration=104 ms
Remap: 83.05 ms
Transform color: 18.73 ms
CAM#2: PART SEARCH: search_time:0.00 ms
Process time: 0.00 ms
Loop: count=202, trial=1, Duration=105 ms
Remap: 86.52 ms
Transform color: 12.79 ms
CAM#2: PART SEARCH: search_time:0.00 ms
Process time: 0.00 ms
Loop: count=203, trial=1, Duration=102 ms
Remap: 80.80 ms
Transform color: 16.41 ms
CAM#2: PART SEARCH: search_time:0.00 ms
Process time: 0.00 ms
Loop: count=204, trial=1, Duration=100 ms
Remap: 74.30 ms
Transform color: 17.13 ms
CAM#2: PART SEARCH: search_time:0.00 ms
Process time: 0.00 ms
Loop: count=205, trial=1, Duration=93 ms
Remap: 82.99 ms
Transform color: 19.19 ms
CAM#2: PART SEARCH: search_time:0.00 ms
Process time: 0.00 ms
Loop: count=206, trial=1, Duration=105 ms
Remap: 83.13 ms
Transform color: 19.14 ms
CAM#2: PART SEARCH: search_time:0.00 ms
Process time: 0.00 ms
CAM#2: Using GLobal SEARCH ##############################################
CAM#2: GLOBAL SEARCH: search_time:0.00 ms
Loop: count=207, trial=1, Duration=105 ms
Remap: 128.29 ms
Transform color: 17.57 ms
CAM#2: PART SEARCH: search_time:0.00 ms
Process time: 0.00 ms
Loop: count=208, trial=1, Duration=232 ms
Remap: 117.14 ms
Transform color: 4.96 ms
CAM#2: PART SEARCH: search_time:0.00 ms
Process time: 0.00 ms
Loop: count=209, trial=1, Duration=124 ms
Remap: 84.13 ms
Transform color: 10.66 ms
CAM#2: PART SEARCH: search_time:0.00 ms
Process time: 0.00 ms
Loop: count=210, trial=1, Duration=97 ms
Remap: 89.83 ms
Transform color: 14.62 ms
CAM#2: PART SEARCH: search_time:0.00 ms
Process time: 0.00 ms
Loop: count=211, trial=1, Duration=107 ms
Remap: 83.56 ms
Transform color: 17.97 ms
CAM#2: PART SEARCH: search_time:0.00 ms
Process time: 0.00 ms
Loop: count=212, trial=1, Duration=104 ms
Remap: 82.84 ms
Transform color: 13.84 ms
CAM#2: PART SEARCH: search_time:0.00 ms
Process time: 0.00 ms
Loop: count=213, trial=1, Duration=100 ms
Remap: 86.52 ms
Transform color: 15.28 ms
CAM#2: PART SEARCH: search_time:0.01 ms
Process time: 0.00 ms
Loop: count=214, trial=1, Duration=105 ms
Remap: 87.81 ms
Transform color: 14.22 ms
CAM#2: PART SEARCH: search_time:0.00 ms
Process time: 0.00 ms
Loop: count=215, trial=1, Duration=105 ms
Remap: 118.99 ms
Transform color: 16.50 ms
CAM#2: PART SEARCH: search_time:0.00 ms
Process time: 0.00 ms
Loop: count=216, trial=1, Duration=166 ms
Remap: 93.73 ms
Transform color: 20.15 ms
CAM#2: PART SEARCH: search_time:0.00 ms
Process time: 0.00 ms
Loop: count=217, trial=1, Duration=116 ms
Remap: 74.66 ms
Transform color: 19.26 ms
CAM#2: PART SEARCH: search_time:0.00 ms
Process time: 0.00 ms
Loop: count=218, trial=1, Duration=186 ms
Remap: 83.53 ms
Transform color: 16.29 ms
CAM#2: PART SEARCH: search_time:0.00 ms
Process time: 0.00 ms
Loop: count=219, trial=1, Duration=146 ms
Remap: 85.30 ms
Transform color: 18.86 ms
CAM#2: PART SEARCH: search_time:0.00 ms
Process time: 0.00 ms
Loop: count=220, trial=1, Duration=107 ms
Remap: 85.82 ms
Transform color: 17.11 ms
CAM#2: PART SEARCH: search_time:0.00 ms
Process time: 0.00 ms
Loop: count=221, trial=1, Duration=106 ms
Remap: 91.97 ms
Transform color: 16.84 ms
CAM#2: PART SEARCH: search_time:0.00 ms
Process time: 0.00 ms
Loop: count=222, trial=1, Duration=111 ms
Remap: 87.30 ms
Transform color: 14.47 ms
CAM#2: PART SEARCH: search_time:0.01 ms
Process time: 0.00 ms
CAM#2: Using GLobal SEARCH ##############################################
CAM#2: GLOBAL SEARCH: search_time:0.00 ms
Loop: count=223, trial=1, Duration=159 ms
Remap: 85.25 ms
Transform color: 19.64 ms
CAM#2: PART SEARCH: search_time:0.01 ms
Process time: 0.00 ms
Loop: count=224, trial=1, Duration=108 ms
Remap: 76.66 ms
Transform color: 17.60 ms
CAM#2: PART SEARCH: search_time:0.00 ms
Process time: 0.00 ms
Loop: count=225, trial=1, Duration=97 ms
Remap: 85.64 ms
Transform color: 10.71 ms
CAM#2: PART SEARCH: search_time:0.00 ms
Process time: 0.00 ms
Loop: count=226, trial=1, Duration=98 ms
Remap: 87.86 ms
Transform color: 15.14 ms
CAM#2: PART SEARCH: search_time:0.00 ms
Process time: 0.00 ms
Loop: count=227, trial=1, Duration=645 ms
Remap: 76.31 ms
Transform color: 2.55 ms
CAM#2: PART SEARCH: search_time:0.00 ms
Process time: 0.00 ms
Loop: count=228, trial=1, Duration=86 ms
Remap: 84.02 ms
Transform color: 16.82 ms
CAM#2: PART SEARCH: search_time:0.00 ms
Process time: 0.00 ms
Loop: count=229, trial=1, Duration=104 ms
Remap: 79.76 ms
Transform color: 23.14 ms
CAM#2: PART SEARCH: search_time:0.01 ms
Process time: 0.00 ms
Loop: count=230, trial=1, Duration=107 ms
Remap: 79.66 ms
Transform color: 15.85 ms
CAM#2: PART SEARCH: search_time:0.00 ms
Process time: 0.00 ms
Loop: count=231, trial=1, Duration=98 ms
Remap: 86.55 ms
Transform color: 16.48 ms
CAM#2: PART SEARCH: search_time:0.00 ms
Process time: 0.00 ms
Loop: count=232, trial=1, Duration=107 ms
Remap: 81.98 ms
Transform color: 15.50 ms
CAM#2: PART SEARCH: search_time:0.00 ms
Process time: 0.00 ms
Loop: count=233, trial=1, Duration=100 ms
Remap: 85.15 ms
Transform color: 14.70 ms
CAM#2: PART SEARCH: search_time:0.00 ms
Process time: 0.00 ms
Loop: count=234, trial=1, Duration=102 ms
Remap: 86.32 ms
Transform color: 16.52 ms
CAM#2: PART SEARCH: search_time:0.00 ms
Process time: 0.00 ms
Loop: count=235, trial=1, Duration=106 ms
Remap: 88.39 ms
Transform color: 16.53 ms
CAM#2: PART SEARCH: search_time:0.00 ms
Process time: 0.00 ms
Loop: count=236, trial=1, Duration=108 ms
Remap: 124.96 ms
Transform color: 15.85 ms
CAM#2: PART SEARCH: search_time:0.01 ms
Process time: 0.00 ms
Loop: count=237, trial=1, Duration=144 ms
Remap: 26.76 ms
Transform color: 5.92 ms
CAM#2: PART SEARCH: search_time:0.00 ms
Process time: 0.00 ms
Loop: count=238, trial=1, Duration=92 ms
Remap: 84.73 ms
Transform color: 19.71 ms
CAM#2: PART SEARCH: search_time:0.00 ms
Process time: 0.00 ms
CAM#2: Using GLobal SEARCH ##############################################
CAM#2: GLOBAL SEARCH: search_time:0.00 ms
Loop: count=239, trial=1, Duration=107 ms
Remap: 87.16 ms
Transform color: 20.88 ms
CAM#2: PART SEARCH: search_time:0.00 ms
Process time: 0.00 ms
CAM 2: -2147483648Hz
Loop: count=240, trial=1, Duration=111 ms
Remap: 84.74 ms
Transform color: 14.80 ms
CAM#2: PART SEARCH: search_time:0.00 ms
Process time: 0.00 ms
Loop: count=241, trial=1, Duration=102 ms
Remap: 86.77 ms
Transform color: 16.38 ms
CAM#2: PART SEARCH: search_time:0.00 ms
Process time: 0.00 ms
Loop: count=242, trial=1, Duration=105 ms
Remap: 82.90 ms
Transform color: 16.52 ms
CAM#2: PART SEARCH: search_time:0.00 ms
Process time: 0.00 ms
Loop: count=243, trial=1, Duration=102 ms
Remap: 83.89 ms
Transform color: 18.19 ms
CAM#2: PART SEARCH: search_time:0.01 ms
Process time: 0.00 ms
Loop: count=244, trial=1, Duration=106 ms
Remap: 85.00 ms
Transform color: 15.32 ms
CAM#2: PART SEARCH: search_time:0.00 ms
Process time: 0.00 ms
Loop: count=245, trial=1, Duration=102 ms
Remap: 84.24 ms
Transform color: 16.56 ms
CAM#2: PART SEARCH: search_time:0.00 ms
Process time: 0.00 ms
Loop: count=246, trial=1, Duration=103 ms
Remap: 105.45 ms
Transform color: 13.30 ms
CAM#2: PART SEARCH: search_time:0.00 ms
Process time: 0.00 ms
Loop: count=247, trial=1, Duration=121 ms
Remap: 88.75 ms
Transform color: 14.07 ms
CAM#2: PART SEARCH: search_time:0.00 ms
Process time: 0.00 ms
Loop: count=248, trial=1, Duration=106 ms
Remap: 86.95 ms
Transform color: 6.93 ms
CAM#2: PART SEARCH: search_time:0.00 ms
Process time: 0.00 ms
Loop: count=249, trial=1, Duration=96 ms
Remap: 194.19 ms
Transform color: 2.57 ms
CAM#2: PART SEARCH: search_time:0.00 ms
Process time: 0.00 ms
Loop: count=250, trial=1, Duration=198 ms
Remap: 121.03 ms
Transform color: 15.58 ms
CAM#2: PART SEARCH: search_time:0.00 ms
Process time: 0.00 ms
Loop: count=251, trial=1, Duration=139 ms
Remap: 83.55 ms
Transform color: 11.12 ms
CAM#2: PART SEARCH: search_time:0.00 ms
Process time: 0.00 ms
Loop: count=252, trial=1, Duration=97 ms
Remap: 222.95 ms
Transform color: 7.31 ms
CAM#2: PART SEARCH: search_time:0.00 ms
Process time: 0.00 ms
Loop: count=253, trial=1, Duration=232 ms
Remap: 284.79 ms
Transform color: 15.77 ms
CAM#2: PART SEARCH: search_time:0.00 ms
Process time: 0.00 ms
Loop: count=254, trial=1, Duration=303 ms
Remap: 95.16 ms
Transform color: 14.66 ms
CAM#2: PART SEARCH: search_time:0.00 ms
Process time: 0.00 ms
CAM#2: Using GLobal SEARCH ##############################################
CAM#2: GLOBAL SEARCH: search_time:0.00 ms
Loop: count=255, trial=1, Duration=702 ms
Remap: 77.58 ms
Transform color: 23.70 ms
CAM#2: PART SEARCH: search_time:0.00 ms
Process time: 0.00 ms
Loop: count=256, trial=1, Duration=106 ms
Remap: 87.80 ms
Transform color: 15.27 ms
CAM#2: PART SEARCH: search_time:0.00 ms
Process time: 0.00 ms
Loop: count=257, trial=1, Duration=105 ms
Remap: 91.11 ms
Transform color: 17.88 ms
CAM#2: PART SEARCH: search_time:0.00 ms
Process time: 0.00 ms
Loop: count=258, trial=1, Duration=112 ms
Remap: 84.38 ms
Transform color: 21.15 ms
CAM#2: PART SEARCH: search_time:0.00 ms
Process time: 0.00 ms
Loop: count=259, trial=1, Duration=109 ms
Remap: 82.04 ms
Transform color: 15.96 ms
CAM#2: PART SEARCH: search_time:0.00 ms
Process time: 0.00 ms
Loop: count=260, trial=1, Duration=100 ms
Remap: 82.94 ms
Transform color: 17.62 ms
CAM#2: PART SEARCH: search_time:0.00 ms
Process time: 0.00 ms
Loop: count=261, trial=1, Duration=104 ms
Remap: 90.13 ms
Transform color: 20.30 ms
CAM#2: PART SEARCH: search_time:0.00 ms
Process time: 0.00 ms
Loop: count=262, trial=1, Duration=114 ms
Remap: 87.36 ms
Transform color: 18.42 ms
CAM#2: PART SEARCH: search_time:0.00 ms
Process time: 0.00 ms
Loop: count=263, trial=1, Duration=109 ms
Remap: 86.57 ms
Transform color: 16.41 ms
CAM#2: PART SEARCH: search_time:0.00 ms
Process time: 0.00 ms
Loop: count=264, trial=1, Duration=106 ms
Remap: 127.86 ms
Transform color: 16.22 ms
CAM#2: PART SEARCH: search_time:0.01 ms
Process time: 0.00 ms
Loop: count=265, trial=1, Duration=147 ms
Remap: 81.45 ms
Transform color: 18.36 ms
CAM#2: PART SEARCH: search_time:0.00 ms
Process time: 0.00 ms
Loop: count=266, trial=1, Duration=102 ms
Remap: 88.02 ms
Transform color: 16.76 ms
CAM#2: PART SEARCH: search_time:0.00 ms
Process time: 0.00 ms
Loop: count=267, trial=1, Duration=107 ms
Remap: 85.70 ms
Transform color: 22.86 ms
CAM#2: PART SEARCH: search_time:0.00 ms
Process time: 0.00 ms
Loop: count=268, trial=1, Duration=112 ms
Remap: 88.96 ms
Transform color: 16.57 ms
CAM#2: PART SEARCH: search_time:0.00 ms
Process time: 0.00 ms
Loop: count=269, trial=1, Duration=108 ms
Remap: 85.23 ms
Transform color: 17.84 ms
CAM#2: PART SEARCH: search_time:0.00 ms
Process time: 0.00 ms
Loop: count=270, trial=1, Duration=105 ms
Remap: 80.74 ms
Transform color: 16.00 ms
CAM#2: PART SEARCH: search_time:0.00 ms
Process time: 0.00 ms
CAM#2: Using GLobal SEARCH ##############################################
CAM#2: GLOBAL SEARCH: search_time:0.00 ms
CAM#2: Found when using GLOBAL_IMAGE. X: 1270.00 Y:1796.00
Loop: count=271, trial=1, Duration=99 ms
Remap: 80.47 ms
Transform color: 16.18 ms
Get partial image time: 0.20 ms
Apriltag detector detect time: 15.77 ms
Zarray time: 0.00 ms
CAM#2: tag#5: FAST SEARCH: search_time:16.06 microseconds
CAM#2: PART SEARCH: search_time:16.09 ms
Tag#5 detected in the overlapping area. Time frame: 2025-Apr-24 13:14:18.631372
Process time: 0.04 ms
Loop: count=272, trial=1, Duration=244 ms
Remap: 120.59 ms
Transform color: 12.64 ms
Get partial image time: 0.12 ms
Apriltag detector detect time: 16.23 ms
Zarray time: 0.00 ms
CAM#2: tag#5: FAST SEARCH: search_time:16.49 microseconds
CAM#2: PART SEARCH: search_time:16.51 ms
Tags are missing.
Process time: 0.00 ms
CAM#2: Using GLobal SEARCH ##############################################
CAM#2: GLOBAL SEARCH: search_time:0.00 ms
CAM#2: Found when using GLOBAL_IMAGE. X: 1342.00 Y:1628.00
Loop: count=273, trial=1, Duration=153 ms
Remap: 73.95 ms
Transform color: 4.53 ms
Get partial image time: 0.06 ms
Apriltag detector detect time: 6.68 ms
Zarray time: 0.00 ms
CAM#2: tag#5: FAST SEARCH: search_time:6.84 microseconds
CAM#2: PART SEARCH: search_time:6.87 ms
Process time: 0.00 ms
Loop: count=274, trial=1, Duration=88 ms
Remap: 79.43 ms
Transform color: 8.94 ms
Get partial image time: 0.08 ms
Apriltag detector detect time: 7.54 ms
Zarray time: 0.00 ms
CAM#2: tag#5: FAST SEARCH: search_time:7.67 microseconds
CAM#2: PART SEARCH: search_time:7.70 ms
Tags are missing.
Process time: 0.00 ms
CAM#2: Using GLobal SEARCH ##############################################
CAM#2: GLOBAL SEARCH: search_time:230.92 ms
CAM#2: Found when using GLOBAL_IMAGE. X: 1395.00 Y:1512.00
Loop: count=275, trial=1, Duration=374 ms
Remap: 76.96 ms
Transform color: 3.88 ms
Get partial image time: 0.04 ms
Apriltag detector detect time: 7.76 ms
Zarray time: 0.00 ms
CAM#2: tag#5: FAST SEARCH: search_time:7.92 microseconds
CAM#2: PART SEARCH: search_time:7.94 ms
Process time: 0.00 ms
Loop: count=276, trial=1, Duration=125 ms
Remap: 84.40 ms
Transform color: 16.49 ms
Get partial image time: 0.24 ms
Apriltag detector detect time: 7.92 ms
Zarray time: 0.00 ms
CAM#2: tag#5: FAST SEARCH: search_time:8.27 microseconds
CAM#2: PART SEARCH: search_time:8.32 ms
Tags are missing.
Process time: 0.01 ms
CAM#2: Using GLobal SEARCH ##############################################
CAM#2: GLOBAL SEARCH: search_time:286.47 ms
CAM#2: Found when using GLOBAL_IMAGE. X: 1458.00 Y:1369.00
Loop: count=277, trial=1, Duration=399 ms
Remap: 89.78 ms
Transform color: 11.58 ms
Get partial image time: 0.12 ms
Apriltag detector detect time: 7.67 ms
Zarray time: 0.00 ms
CAM#2: tag#5: FAST SEARCH: search_time:7.91 microseconds
CAM#2: PART SEARCH: search_time:7.95 ms
Process time: 0.00 ms
Loop: count=278, trial=1, Duration=112 ms
Remap: 79.37 ms
Transform color: 2.63 ms
Get partial image time: 0.06 ms
Apriltag detector detect time: 6.77 ms
Zarray time: 0.00 ms
CAM#2: tag#5: FAST SEARCH: search_time:6.93 microseconds
CAM#2: PART SEARCH: search_time:6.96 ms
Tags are missing.
Process time: 0.00 ms
CAM#2: Using GLobal SEARCH ##############################################
CAM#2: GLOBAL SEARCH: search_time:306.03 ms
CAM#2: Found when using GLOBAL_IMAGE. X: 1522.00 Y:1229.00
Loop: count=279, trial=1, Duration=398 ms
Remap: 74.01 ms
Transform color: 6.66 ms
Get partial image time: 0.08 ms
Apriltag detector detect time: 7.91 ms
Zarray time: 0.00 ms
CAM#2: tag#5: FAST SEARCH: search_time:8.08 microseconds
CAM#2: PART SEARCH: search_time:8.11 ms
Process time: 0.00 ms
Loop: count=280, trial=1, Duration=91 ms
Remap: 86.35 ms
Transform color: 16.09 ms
Get partial image time: 0.16 ms
Apriltag detector detect time: 7.98 ms
Zarray time: 0.00 ms
CAM#2: tag#5: FAST SEARCH: search_time:8.24 microseconds
CAM#2: PART SEARCH: search_time:8.26 ms
Tags are missing.
Process time: 0.00 ms
CAM#2: Using GLobal SEARCH ##############################################
CAM#2: GLOBAL SEARCH: search_time:321.06 ms
CAM#2: Found when using GLOBAL_IMAGE. X: 1586.00 Y:1085.00
Loop: count=281, trial=1, Duration=1253 ms
Remap: 65.70 ms
Transform color: 6.42 ms
Get partial image time: 0.10 ms
Apriltag detector detect time: 14.85 ms
Zarray time: 0.00 ms
CAM#2: tag#5: FAST SEARCH: search_time:15.05 microseconds
CAM#2: PART SEARCH: search_time:15.08 ms
Process time: 0.00 ms
Loop: count=282, trial=1, Duration=190 ms
Remap: 81.43 ms
Transform color: 6.04 ms
Get partial image time: 0.12 ms
Apriltag detector detect time: 15.77 ms
Zarray time: 0.00 ms
CAM#2: tag#5: FAST SEARCH: search_time:15.95 microseconds
CAM#2: PART SEARCH: search_time:15.99 ms
Tags are missing.
Process time: 0.01 ms
CAM#2: Using GLobal SEARCH ##############################################
CAM#2: GLOBAL SEARCH: search_time:0.00 ms
CAM#2: Found when using GLOBAL_IMAGE. X: 1695.00 Y:838.00
Loop: count=283, trial=1, Duration=107 ms
Remap: 88.46 ms
Transform color: 16.02 ms
Get partial image time: 0.36 ms
Apriltag detector detect time: 10.38 ms
Zarray time: 0.00 ms
CAM#2: tag#5: FAST SEARCH: search_time:10.86 microseconds
CAM#2: PART SEARCH: search_time:10.88 ms
Process time: 0.00 ms
Loop: count=284, trial=1, Duration=117 ms
Remap: 81.78 ms
Transform color: 2.72 ms
Get partial image time: 0.24 ms
Apriltag detector detect time: 13.18 ms
Zarray time: 0.00 ms
CAM#2: tag#5: FAST SEARCH: search_time:13.56 microseconds
CAM#2: PART SEARCH: search_time:13.61 ms
Tags are missing.
Process time: 0.01 ms
CAM#2: Using GLobal SEARCH ##############################################
CAM#2: GLOBAL SEARCH: search_time:0.00 ms
CAM#2: Found when using GLOBAL_IMAGE. X: 1743.00 Y:729.00
Loop: count=285, trial=1, Duration=101 ms
Remap: 77.13 ms
Transform color: 18.60 ms
Get partial image time: 0.08 ms
Apriltag detector detect time: 7.14 ms
Zarray time: 0.00 ms
CAM#2: tag#5: FAST SEARCH: search_time:7.30 microseconds
CAM#2: PART SEARCH: search_time:7.32 ms
Process time: 0.00 ms
Loop: count=286, trial=1, Duration=140 ms
Remap: 83.36 ms
Transform color: 14.60 ms
Get partial image time: 0.13 ms
Apriltag detector detect time: 11.45 ms
Zarray time: 0.00 ms
CAM#2: tag#5: FAST SEARCH: search_time:11.66 microseconds
CAM#2: PART SEARCH: search_time:11.69 ms
Tags are missing.
Process time: 0.00 ms
CAM#2: Using GLobal SEARCH ##############################################
CAM#2: GLOBAL SEARCH: search_time:30.12 ms
CAM#2: Found when using GLOBAL_IMAGE. X: 1793.00 Y:619.00
Loop: count=287, trial=1, Duration=142 ms
Remap: 79.59 ms
Transform color: 4.87 ms
Get partial image time: 0.08 ms
Apriltag detector detect time: 7.71 ms
Zarray time: 0.00 ms
CAM#2: tag#5: FAST SEARCH: search_time:7.84 microseconds
CAM#2: PART SEARCH: search_time:7.87 ms
Process time: 0.00 ms
Loop: count=288, trial=1, Duration=95 ms
Remap: 75.25 ms
Transform color: 16.47 ms
Get partial image time: 0.20 ms
Apriltag detector detect time: 7.97 ms
Zarray time: 0.00 ms
CAM#2: tag#5: FAST SEARCH: search_time:8.25 microseconds
CAM#2: PART SEARCH: search_time:8.28 ms
Tags are missing.
Process time: 0.00 ms
CAM#2: Using GLobal SEARCH ##############################################
CAM#2: GLOBAL SEARCH: search_time:255.88 ms
CAM#2: Found when using GLOBAL_IMAGE. X: 1847.00 Y:497.00
Loop: count=289, trial=1, Duration=359 ms
Remap: 65.67 ms
Transform color: 2.40 ms
Get partial image time: 0.06 ms
Apriltag detector detect time: 6.12 ms
Zarray time: 0.00 ms
CAM#2: tag#5: FAST SEARCH: search_time:6.27 microseconds
CAM#2: PART SEARCH: search_time:6.30 ms
Tag#5 detected in the overlapping area. Time frame: 2025-Apr-24 13:14:23.498584
Process time: 0.04 ms
Loop: count=290, trial=1, Duration=86 ms
Remap: 87.26 ms
Transform color: 14.62 ms
Get partial image time: 0.10 ms
Apriltag detector detect time: 6.68 ms
Zarray time: 0.00 ms
CAM#2: tag#5: FAST SEARCH: search_time:6.88 microseconds
CAM#2: PART SEARCH: search_time:6.90 ms
Tags are missing.
Process time: 0.00 ms
CAM#2: Using GLobal SEARCH ##############################################
CAM#2: GLOBAL SEARCH: search_time:336.03 ms
CAM#2: Found when using GLOBAL_IMAGE. X: 1900.00 Y:374.00
Loop: count=291, trial=1, Duration=448 ms
Remap: 61.32 ms
Transform color: 3.54 ms
Get partial image time: 0.05 ms
Apriltag detector detect time: 5.71 ms
Zarray time: 0.00 ms
CAM#2: tag#5: FAST SEARCH: search_time:5.83 microseconds
CAM#2: PART SEARCH: search_time:5.85 ms
Tag#5 detected in the overlapping area. Time frame: 2025-Apr-24 13:14:23.970910
Process time: 0.03 ms
Loop: count=292, trial=1, Duration=72 ms
Remap: 68.50 ms
Transform color: 5.58 ms
Get partial image time: 0.07 ms
Apriltag detector detect time: 7.91 ms
Zarray time: 0.00 ms
CAM#2: tag#5: FAST SEARCH: search_time:8.08 microseconds
CAM#2: PART SEARCH: search_time:8.12 ms
Tags are missing.
Process time: 0.00 ms
CAM#2: Using GLobal SEARCH ##############################################
CAM#2: GLOBAL SEARCH: search_time:356.45 ms
CAM#2: Found when using GLOBAL_IMAGE. X: 1973.00 Y:211.00
Loop: count=293, trial=1, Duration=443 ms
Remap: 82.37 ms
Transform color: 9.13 ms
Get partial image time: 0.07 ms
Apriltag detector detect time: 6.74 ms
Zarray time: 0.00 ms
CAM#2: tag#5: FAST SEARCH: search_time:6.87 microseconds
CAM#2: PART SEARCH: search_time:6.89 ms
Tag#5 detected in the overlapping area. Time frame: 2025-Apr-24 13:14:24.499863
Process time: 0.04 ms
Loop: count=294, trial=1, Duration=226 ms
Remap: 95.09 ms
Transform color: 4.53 ms
Get partial image time: 0.07 ms
Apriltag detector detect time: 7.52 ms
Zarray time: 0.00 ms
CAM#2: tag#5: FAST SEARCH: search_time:7.69 microseconds
CAM#2: PART SEARCH: search_time:7.71 ms
Tags are missing.
Process time: 0.01 ms
CAM#2: Using GLobal SEARCH ##############################################
CAM#2: GLOBAL SEARCH: search_time:256.36 ms
Loop: count=295, trial=1, Duration=368 ms
Remap: 89.61 ms
Transform color: 2.01 ms
CAM#2: PART SEARCH: search_time:0.00 ms
Tag#5 detected in the overlapping area. Time frame: 2025-Apr-24 13:14:24.499863
Process time: 0.03 ms
Loop: count=296, trial=1, Duration=98 ms
Remap: 69.92 ms
Transform color: 15.61 ms
CAM#2: PART SEARCH: search_time:0.00 ms
Process time: 0.00 ms
Loop: count=297, trial=1, Duration=90 ms
Remap: 261.81 ms
Transform color: 89.95 ms
CAM#2: PART SEARCH: search_time:0.00 ms
Process time: 0.00 ms
Loop: count=298, trial=1, Duration=364 ms
Remap: 79.09 ms
Transform color: 15.35 ms
CAM#2: PART SEARCH: search_time:0.00 ms
Process time: 0.00 ms
Loop: count=299, trial=1, Duration=97 ms
Remap: 85.88 ms
Transform color: 14.73 ms
CAM#2: PART SEARCH: search_time:0.00 ms
Process time: 0.00 ms
Loop: count=300, trial=1, Duration=103 ms
Remap: 86.72 ms
Transform color: 16.13 ms
CAM#2: PART SEARCH: search_time:0.00 ms
Process time: 0.00 ms
Loop: count=301, trial=1, Duration=246 ms
Remap: 24.63 ms
Transform color: 2.77 ms
CAM#2: PART SEARCH: search_time:0.00 ms
Process time: 0.00 ms
Loop: count=302, trial=1, Duration=30 ms
Remap: 64.78 ms
Transform color: 1.94 ms
CAM#2: PART SEARCH: search_time:0.00 ms
Process time: 0.01 ms
Loop: count=303, trial=1, Duration=74 ms
Remap: 115.33 ms
Transform color: 15.52 ms
CAM#2: PART SEARCH: search_time:0.00 ms
Process time: 0.00 ms
Loop: count=304, trial=1, Duration=460 ms
Remap: 86.52 ms
Transform color: 11.04 ms
CAM#2: PART SEARCH: search_time:0.00 ms
Process time: 0.00 ms
Loop: count=305, trial=1, Duration=101 ms
Remap: 71.62 ms
Transform color: 8.41 ms
CAM#2: PART SEARCH: search_time:0.00 ms
Process time: 0.00 ms
Loop: count=306, trial=1, Duration=84 ms
Remap: 87.95 ms
Transform color: 6.67 ms
CAM#2: PART SEARCH: search_time:0.00 ms
Process time: 0.00 ms
Loop: count=307, trial=1, Duration=97 ms
Remap: 84.70 ms
Transform color: 5.00 ms
CAM#2: PART SEARCH: search_time:0.00 ms
Process time: 0.00 ms
Loop: count=308, trial=1, Duration=92 ms
Remap: 70.07 ms
Transform color: 5.03 ms
CAM#2: PART SEARCH: search_time:0.00 ms
Process time: 0.00 ms
Loop: count=309, trial=1, Duration=77 ms
Remap: 65.58 ms
Transform color: 4.59 ms
CAM#2: PART SEARCH: search_time:0.00 ms
Process time: 0.00 ms
Loop: count=310, trial=1, Duration=72 ms
Remap: 49.59 ms
Transform color: 1.08 ms
CAM#2: PART SEARCH: search_time:0.00 ms
Process time: 0.00 ms
CAM#2: Using GLobal SEARCH ##############################################
CAM#2: GLOBAL SEARCH: search_time:0.00 ms
Loop: count=311, trial=1, Duration=59 ms
Remap: 937.85 ms
Transform color: 2.31 ms
CAM#2: PART SEARCH: search_time:0.00 ms
Tag#5 detected in the overlapping area. Time frame: 2025-Apr-24 13:14:24.499863
Process time: 0.03 ms
Loop: count=312, trial=1, Duration=947 ms
Remap: 172.55 ms
Transform color: 2.57 ms
CAM#2: PART SEARCH: search_time:0.01 ms
Process time: 0.00 ms
Loop: count=313, trial=1, Duration=178 ms
Remap: 24.37 ms
Transform color: 2.37 ms
CAM#2: PART SEARCH: search_time:0.00 ms
Process time: 0.00 ms
Loop: count=314, trial=1, Duration=215 ms
Remap: 91.21 ms
Transform color: 3.86 ms
CAM#2: PART SEARCH: search_time:0.01 ms
Process time: 0.00 ms
Loop: count=315, trial=1, Duration=97 ms
Remap: 92.68 ms
Transform color: 6.43 ms
CAM#2: PART SEARCH: search_time:0.00 ms
Process time: 0.00 ms
Loop: count=316, trial=1, Duration=101 ms
Remap: 82.79 ms
Transform color: 8.01 ms
CAM#2: PART SEARCH: search_time:0.00 ms
Process time: 0.00 ms
Loop: count=317, trial=1, Duration=105 ms
Remap: 87.49 ms
Transform color: 10.28 ms
CAM#2: PART SEARCH: search_time:0.00 ms
Process time: 0.00 ms
Loop: count=318, trial=1, Duration=100 ms
Remap: 82.35 ms
Transform color: 6.63 ms
CAM#2: PART SEARCH: search_time:0.00 ms
Process time: 0.00 ms
Loop: count=319, trial=1, Duration=92 ms
Remap: 88.86 ms
Transform color: 7.16 ms
CAM#2: PART SEARCH: search_time:0.00 ms
Process time: 0.00 ms
Loop: count=320, trial=1, Duration=98 ms
Remap: 21.71 ms
Transform color: 1.81 ms
CAM#2: PART SEARCH: search_time:0.00 ms
Process time: 0.00 ms
Loop: count=321, trial=1, Duration=46 ms
Remap: 89.11 ms
Transform color: 6.57 ms
CAM#2: PART SEARCH: search_time:0.00 ms
Process time: 0.00 ms
Loop: count=322, trial=1, Duration=163 ms
Remap: 89.53 ms
Transform color: 6.78 ms
CAM#2: PART SEARCH: search_time:0.00 ms
Process time: 0.00 ms
Loop: count=323, trial=1, Duration=100 ms
Remap: 86.72 ms
Transform color: 5.64 ms
CAM#2: PART SEARCH: search_time:0.00 ms
Process time: 0.00 ms
Loop: count=324, trial=1, Duration=94 ms
Remap: 84.12 ms
Transform color: 7.33 ms
CAM#2: PART SEARCH: search_time:0.00 ms
Process time: 0.00 ms
Loop: count=325, trial=1, Duration=94 ms
Remap: 85.87 ms
Transform color: 6.17 ms
CAM#2: PART SEARCH: search_time:0.00 ms
Process time: 0.00 ms
Loop: count=326, trial=1, Duration=95 ms
Remap: 83.78 ms
Transform color: 5.63 ms
CAM#2: PART SEARCH: search_time:0.00 ms
Process time: 0.00 ms
CAM#2: Using GLobal SEARCH ##############################################
CAM#2: GLOBAL SEARCH: search_time:0.00 ms
Loop: count=327, trial=1, Duration=92 ms
Remap: 85.91 ms
Transform color: 5.60 ms
CAM#2: PART SEARCH: search_time:0.00 ms
Tag#5 detected in the overlapping area. Time frame: 2025-Apr-24 13:14:24.499863
Process time: 0.03 ms
Loop: count=328, trial=1, Duration=93 ms
Remap: 86.78 ms
Transform color: 8.23 ms
CAM#2: PART SEARCH: search_time:0.00 ms
Process time: 0.00 ms
Loop: count=329, trial=1, Duration=98 ms
Remap: 84.64 ms
Transform color: 6.24 ms
CAM#2: PART SEARCH: search_time:0.00 ms
Process time: 0.00 ms
Loop: count=330, trial=1, Duration=92 ms
Remap: 126.29 ms
Transform color: 7.34 ms
CAM#2: PART SEARCH: search_time:0.01 ms
Process time: 0.00 ms
Loop: count=331, trial=1, Duration=182 ms
Remap: 95.68 ms
Transform color: 9.00 ms
CAM#2: PART SEARCH: search_time:0.00 ms
Process time: 0.00 ms
Loop: count=332, trial=1, Duration=107 ms
Remap: 83.75 ms
Transform color: 11.77 ms
CAM#2: PART SEARCH: search_time:0.01 ms
Process time: 0.00 ms
Loop: count=333, trial=1, Duration=100 ms
Remap: 86.49 ms
Transform color: 6.17 ms
CAM#2: PART SEARCH: search_time:0.00 ms
Process time: 0.00 ms
Loop: count=334, trial=1, Duration=95 ms
Remap: 82.36 ms
Transform color: 7.87 ms
CAM#2: PART SEARCH: search_time:0.00 ms
Process time: 0.00 ms
Loop: count=335, trial=1, Duration=93 ms
Remap: 82.30 ms
Transform color: 7.64 ms
CAM#2: PART SEARCH: search_time:0.00 ms
Process time: 0.00 ms
Loop: count=336, trial=1, Duration=93 ms
Remap: 83.91 ms
Transform color: 6.22 ms
CAM#2: PART SEARCH: search_time:0.00 ms
Process time: 0.00 ms
Loop: count=337, trial=1, Duration=364 ms
Remap: 18.39 ms
Transform color: 1.41 ms
CAM#2: PART SEARCH: search_time:0.00 ms
Process time: 0.00 ms
Loop: count=338, trial=1, Duration=22 ms
Remap: 78.95 ms
Transform color: 5.30 ms
CAM#2: PART SEARCH: search_time:0.00 ms
Process time: 0.00 ms
Loop: count=339, trial=1, Duration=135 ms
Remap: 87.05 ms
Transform color: 8.14 ms
CAM#2: PART SEARCH: search_time:0.00 ms
Process time: 0.00 ms
Loop: count=340, trial=1, Duration=152 ms
Remap: 84.95 ms
Transform color: 7.14 ms
CAM#2: PART SEARCH: search_time:0.00 ms
Process time: 0.00 ms
Loop: count=341, trial=1, Duration=94 ms
Remap: 79.62 ms
Transform color: 8.07 ms
CAM#2: PART SEARCH: search_time:0.00 ms
Process time: 0.00 ms
Loop: count=342, trial=1, Duration=91 ms
Remap: 89.38 ms
Transform color: 8.02 ms
CAM#2: PART SEARCH: search_time:0.00 ms
Process time: 0.00 ms
CAM#2: Using GLobal SEARCH ##############################################
CAM#2: GLOBAL SEARCH: search_time:0.00 ms
Loop: count=343, trial=1, Duration=99 ms
Remap: 87.17 ms
Transform color: 3.42 ms
CAM#2: PART SEARCH: search_time:0.00 ms
Tag#5 detected in the overlapping area. Time frame: 2025-Apr-24 13:14:24.499863
Process time: 0.05 ms
Loop: count=344, trial=1, Duration=131 ms
Remap: 95.86 ms
Transform color: 10.55 ms
CAM#2: PART SEARCH: search_time:0.00 ms
Process time: 0.00 ms
Loop: count=345, trial=1, Duration=109 ms
Remap: 88.69 ms
Transform color: 6.32 ms
CAM#2: PART SEARCH: search_time:0.00 ms
Process time: 0.00 ms
Loop: count=346, trial=1, Duration=98 ms
Remap: 81.08 ms
Transform color: 4.94 ms
CAM#2: PART SEARCH: search_time:0.00 ms
Process time: 0.00 ms
Loop: count=347, trial=1, Duration=137 ms
Remap: 40.90 ms
Transform color: 81.25 ms
CAM#2: PART SEARCH: search_time:0.00 ms
Process time: 0.00 ms
Loop: count=348, trial=1, Duration=124 ms
Remap: 130.70 ms
Transform color: 129.35 ms
CAM#2: PART SEARCH: search_time:0.01 ms
Process time: 0.00 ms
Loop: count=349, trial=1, Duration=262 ms
Remap: 123.57 ms
Transform color: 2.84 ms
CAM#2: PART SEARCH: search_time:0.00 ms
Process time: 0.00 ms
Loop: count=350, trial=1, Duration=147 ms
Remap: 72.30 ms
Transform color: 9.91 ms
CAM#2: PART SEARCH: search_time:0.00 ms
Process time: 0.00 ms
Loop: count=351, trial=1, Duration=87 ms
Remap: 80.84 ms
Transform color: 6.70 ms
CAM#2: PART SEARCH: search_time:0.00 ms
Process time: 0.00 ms
Loop: count=352, trial=1, Duration=92 ms
Remap: 86.84 ms
Transform color: 9.26 ms
CAM#2: PART SEARCH: search_time:0.00 ms
Process time: 0.00 ms
Loop: count=353, trial=1, Duration=101 ms
Remap: 90.30 ms
Transform color: 8.34 ms
CAM#2: PART SEARCH: search_time:0.00 ms
Process time: 0.00 ms
Loop: count=354, trial=1, Duration=102 ms
Remap: 84.40 ms
Transform color: 5.01 ms
CAM#2: PART SEARCH: search_time:0.00 ms
Process time: 0.00 ms
Loop: count=355, trial=1, Duration=101 ms
Remap: 84.39 ms
Transform color: 5.74 ms
CAM#2: PART SEARCH: search_time:0.00 ms
Process time: 0.00 ms
Loop: count=356, trial=1, Duration=110 ms
Remap: 79.78 ms
Transform color: 7.33 ms
CAM#2: PART SEARCH: search_time:0.00 ms
Process time: 0.00 ms
Loop: count=357, trial=1, Duration=96 ms
Remap: 77.40 ms
Transform color: 7.90 ms
CAM#2: PART SEARCH: search_time:0.00 ms
Process time: 0.00 ms
Loop: count=358, trial=1, Duration=121 ms
Remap: 83.97 ms
Transform color: 6.12 ms
CAM#2: PART SEARCH: search_time:0.00 ms
Process time: 0.00 ms
CAM#2: Using GLobal SEARCH ##############################################
CAM#2: GLOBAL SEARCH: search_time:0.00 ms
Loop: count=359, trial=1, Duration=92 ms
Remap: 94.74 ms
Transform color: 6.91 ms
CAM#2: PART SEARCH: search_time:0.00 ms
Tag#5 detected in the overlapping area. Time frame: 2025-Apr-24 13:14:24.499863
Process time: 0.08 ms
CAM 2: -2147483648Hz
Loop: count=360, trial=1, Duration=105 ms
Remap: 88.25 ms
Transform color: 8.10 ms
CAM#2: PART SEARCH: search_time:0.00 ms
Process time: 0.00 ms
Loop: count=361, trial=1, Duration=98 ms
Remap: 78.64 ms
Transform color: 6.18 ms
CAM#2: PART SEARCH: search_time:0.00 ms
Process time: 0.00 ms
Loop: count=362, trial=1, Duration=123 ms
Remap: 84.67 ms
Transform color: 6.85 ms
CAM#2: PART SEARCH: search_time:0.01 ms
Process time: 0.00 ms
Loop: count=363, trial=1, Duration=98 ms
Remap: 89.63 ms
Transform color: 5.85 ms
CAM#2: PART SEARCH: search_time:0.00 ms
Process time: 0.00 ms
Loop: count=364, trial=1, Duration=154 ms
Remap: 96.63 ms
Transform color: 6.85 ms
CAM#2: PART SEARCH: search_time:0.00 ms
Process time: 0.00 ms
Loop: count=365, trial=1, Duration=176 ms
Remap: 84.10 ms
Transform color: 8.05 ms
CAM#2: PART SEARCH: search_time:0.00 ms
Process time: 0.00 ms
Loop: count=366, trial=1, Duration=94 ms
Remap: 78.71 ms
Transform color: 9.50 ms
CAM#2: PART SEARCH: search_time:0.00 ms
Process time: 0.00 ms
Loop: count=367, trial=1, Duration=91 ms
Remap: 91.54 ms
Transform color: 7.84 ms
CAM#2: PART SEARCH: search_time:0.00 ms
Process time: 0.00 ms
Loop: count=368, trial=1, Duration=103 ms
Remap: 90.83 ms
Transform color: 7.36 ms
CAM#2: PART SEARCH: search_time:0.00 ms
Process time: 0.00 ms
Loop: count=369, trial=1, Duration=101 ms
Remap: 87.49 ms
Transform color: 6.38 ms
CAM#2: PART SEARCH: search_time:0.00 ms
Process time: 0.00 ms
Loop: count=370, trial=1, Duration=96 ms
Remap: 86.18 ms
Transform color: 6.07 ms
CAM#2: PART SEARCH: search_time:0.00 ms
Process time: 0.00 ms
Loop: count=371, trial=1, Duration=94 ms
Remap: 74.11 ms
Transform color: 5.63 ms
CAM#2: PART SEARCH: search_time:0.00 ms
Process time: 0.00 ms
Loop: count=372, trial=1, Duration=82 ms
Remap: 66.09 ms
Transform color: 3.60 ms
CAM#2: PART SEARCH: search_time:0.00 ms
Process time: 0.00 ms
Loop: count=373, trial=1, Duration=73 ms
Remap: 101.86 ms
Transform color: 7.68 ms
CAM#2: PART SEARCH: search_time:0.01 ms
Process time: 0.00 ms
Loop: count=374, trial=1, Duration=118 ms
Remap: 74.85 ms
Transform color: 4.93 ms
CAM#2: PART SEARCH: search_time:0.00 ms
Process time: 0.00 ms
CAM#2: Using GLobal SEARCH ##############################################
CAM#2: GLOBAL SEARCH: search_time:0.00 ms
Loop: count=375, trial=1, Duration=82 ms
Remap: 73.61 ms
Transform color: 4.34 ms
CAM#2: PART SEARCH: search_time:0.00 ms
Tag#5 detected in the overlapping area. Time frame: 2025-Apr-24 13:14:24.499863
Process time: 0.03 ms
Loop: count=376, trial=1, Duration=156 ms
Remap: 20.09 ms
Transform color: 1.72 ms
CAM#2: PART SEARCH: search_time:0.00 ms
Process time: 0.00 ms
Loop: count=377, trial=1, Duration=23 ms
Remap: 16.01 ms
Transform color: 2.00 ms
CAM#2: PART SEARCH: search_time:0.00 ms
Process time: 0.00 ms
Loop: count=378, trial=1, Duration=20 ms
Remap: 14.62 ms
Transform color: 24.56 ms
CAM#2: PART SEARCH: search_time:0.00 ms
Process time: 0.00 ms
Loop: count=379, trial=1, Duration=61 ms
Remap: 69.63 ms
Transform color: 5.52 ms
CAM#2: PART SEARCH: search_time:0.00 ms
Process time: 0.00 ms
Loop: count=380, trial=1, Duration=164 ms
Remap: 95.00 ms
Transform color: 1.84 ms
CAM#2: PART SEARCH: search_time:0.00 ms
Process time: 0.00 ms
Loop: count=381, trial=1, Duration=158 ms
Remap: 24.19 ms
Transform color: 1.98 ms
CAM#2: PART SEARCH: search_time:0.00 ms
Process time: 0.00 ms
Loop: count=382, trial=1, Duration=43 ms
Remap: 14.58 ms
Transform color: 2.07 ms
CAM#2: PART SEARCH: search_time:0.00 ms
Process time: 0.00 ms
Loop: count=383, trial=1, Duration=19 ms
Remap: 50.36 ms
Transform color: 1.60 ms
CAM#2: PART SEARCH: search_time:0.00 ms
Process time: 0.00 ms
Loop: count=384, trial=1, Duration=73 ms
Remap: 73.75 ms
Transform color: 3.84 ms
CAM#2: PART SEARCH: search_time:0.00 ms
Process time: 0.00 ms
Loop: count=385, trial=1, Duration=85 ms
Remap: 59.54 ms
Transform color: 5.23 ms
CAM#2: PART SEARCH: search_time:0.00 ms
Process time: 0.00 ms
Loop: count=386, trial=1, Duration=70 ms
Remap: 70.68 ms
Transform color: 4.79 ms
CAM#2: PART SEARCH: search_time:0.00 ms
Process time: 0.00 ms
Loop: count=387, trial=1, Duration=77 ms
Remap: 22.32 ms
Transform color: 2.51 ms
CAM#2: PART SEARCH: search_time:0.00 ms
Process time: 0.00 ms
Loop: count=388, trial=1, Duration=27 ms
Remap: 29.89 ms
Transform color: 62.43 ms
CAM#2: PART SEARCH: search_time:0.00 ms
Process time: 0.00 ms
Loop: count=389, trial=1, Duration=94 ms
Remap: 31.91 ms
Transform color: 2.84 ms
CAM#2: PART SEARCH: search_time:0.00 ms
Process time: 0.00 ms
Loop: count=390, trial=1, Duration=37 ms
Remap: 70.55 ms
Transform color: 4.98 ms
CAM#2: PART SEARCH: search_time:0.00 ms
Process time: 0.00 ms
CAM#2: Using GLobal SEARCH ##############################################
CAM#2: GLOBAL SEARCH: search_time:0.00 ms
Loop: count=391, trial=1, Duration=78 ms
Remap: 66.39 ms
Transform color: 4.26 ms
CAM#2: PART SEARCH: search_time:0.00 ms
Tag#5 detected in the overlapping area. Time frame: 2025-Apr-24 13:14:24.499863
Process time: 0.03 ms
Loop: count=392, trial=1, Duration=72 ms
Remap: 69.77 ms
Transform color: 4.74 ms
CAM#2: PART SEARCH: search_time:0.00 ms
Process time: 0.00 ms
Loop: count=393, trial=1, Duration=76 ms
Remap: 69.17 ms
Transform color: 4.08 ms
CAM#2: PART SEARCH: search_time:0.00 ms
Process time: 0.00 ms
Loop: count=394, trial=1, Duration=75 ms
Remap: 73.79 ms
Transform color: 7.30 ms
CAM#2: PART SEARCH: search_time:0.00 ms
Process time: 0.00 ms
Loop: count=395, trial=1, Duration=84 ms
Remap: 67.25 ms
Transform color: 5.39 ms
CAM#2: PART SEARCH: search_time:0.00 ms
Process time: 0.00 ms
Loop: count=396, trial=1, Duration=75 ms
Remap: 70.80 ms
Transform color: 1.76 ms
CAM#2: PART SEARCH: search_time:0.00 ms
Process time: 0.00 ms
Loop: count=397, trial=1, Duration=75 ms
Remap: 66.74 ms
Transform color: 4.08 ms
CAM#2: PART SEARCH: search_time:0.00 ms
Process time: 0.00 ms
Loop: count=398, trial=1, Duration=73 ms
Remap: 61.51 ms
Transform color: 1.73 ms
CAM#2: PART SEARCH: search_time:0.00 ms
Process time: 0.00 ms
Loop: count=399, trial=1, Duration=68 ms
Remap: 42.45 ms
Transform color: 5.35 ms
CAM#2: PART SEARCH: search_time:0.00 ms
Process time: 0.00 ms
Loop: count=400, trial=1, Duration=50 ms
Remap: 20.36 ms
Transform color: 2.06 ms
CAM#2: PART SEARCH: search_time:0.00 ms
Process time: 0.00 ms
Loop: count=401, trial=1, Duration=29 ms
Remap: 14.87 ms
Transform color: 10.31 ms
CAM#2: PART SEARCH: search_time:0.00 ms
Process time: 0.00 ms
Loop: count=402, trial=1, Duration=27 ms
Remap: 63.66 ms
Transform color: 8.55 ms
CAM#2: PART SEARCH: search_time:0.00 ms
Process time: 0.00 ms
Loop: count=403, trial=1, Duration=98 ms
Remap: 54.46 ms
Transform color: 2.16 ms
CAM#2: PART SEARCH: search_time:0.00 ms
Process time: 0.00 ms
Loop: count=404, trial=1, Duration=60 ms
Remap: 62.46 ms
Transform color: 1.77 ms
CAM#2: PART SEARCH: search_time:0.00 ms
Process time: 0.00 ms
Loop: count=405, trial=1, Duration=67 ms
Remap: 70.84 ms
Transform color: 4.66 ms
CAM#2: PART SEARCH: search_time:0.00 ms
Process time: 0.00 ms
Loop: count=406, trial=1, Duration=78 ms
Remap: 65.87 ms
Transform color: 4.36 ms
CAM#2: PART SEARCH: search_time:0.00 ms
Process time: 0.00 ms
CAM#2: Using GLobal SEARCH ##############################################
CAM#2: GLOBAL SEARCH: search_time:0.00 ms
Loop: count=407, trial=1, Duration=73 ms
Remap: 65.57 ms
Transform color: 3.46 ms
CAM#2: PART SEARCH: search_time:0.00 ms
Tag#5 detected in the overlapping area. Time frame: 2025-Apr-24 13:14:24.499863
Process time: 0.03 ms
Loop: count=408, trial=1, Duration=71 ms
Remap: 59.99 ms
Transform color: 3.37 ms
CAM#2: PART SEARCH: search_time:0.00 ms
Process time: 0.00 ms
Loop: count=409, trial=1, Duration=76 ms
Remap: 61.33 ms
Transform color: 3.70 ms
CAM#2: PART SEARCH: search_time:0.00 ms
Process time: 0.00 ms
Loop: count=410, trial=1, Duration=66 ms
Remap: 55.85 ms
Transform color: 5.00 ms
CAM#2: PART SEARCH: search_time:0.00 ms
Process time: 0.00 ms
Loop: count=411, trial=1, Duration=123 ms
Remap: 49.62 ms
Transform color: 3.32 ms
CAM#2: PART SEARCH: search_time:0.00 ms
Process time: 0.00 ms
Loop: count=412, trial=1, Duration=72 ms
Remap: 10.04 ms
Transform color: 1.78 ms
CAM#2: PART SEARCH: search_time:0.00 ms
Process time: 0.00 ms
Loop: count=413, trial=1, Duration=16 ms
Remap: 9.20 ms
Transform color: 1.11 ms
CAM#2: PART SEARCH: search_time:0.00 ms
Process time: 0.00 ms
Loop: count=414, trial=1, Duration=23 ms
Remap: 50.04 ms
Transform color: 2.25 ms
CAM#2: PART SEARCH: search_time:0.00 ms
Process time: 0.00 ms
Loop: count=415, trial=1, Duration=93 ms
Remap: 68.55 ms
Transform color: 4.61 ms
CAM#2: PART SEARCH: search_time:0.00 ms
Process time: 0.00 ms
Loop: count=416, trial=1, Duration=133 ms
Remap: 284.24 ms
Transform color: 35.96 ms
CAM#2: PART SEARCH: search_time:0.00 ms
Process time: 0.00 ms
Loop: count=417, trial=1, Duration=322 ms
Remap: 35.39 ms
Transform color: 1.43 ms
CAM#2: PART SEARCH: search_time:0.00 ms
Process time: 0.00 ms
Loop: count=418, trial=1, Duration=60 ms
Remap: 11.05 ms
Transform color: 1.36 ms
CAM#2: PART SEARCH: search_time:0.00 ms
Process time: 0.00 ms
Loop: count=419, trial=1, Duration=14 ms
Remap: 10.02 ms
Transform color: 1.27 ms
CAM#2: PART SEARCH: search_time:0.00 ms
Process time: 0.00 ms
Loop: count=420, trial=1, Duration=22 ms
Remap: 12.18 ms
Transform color: 3.80 ms
CAM#2: PART SEARCH: search_time:0.00 ms
Process time: 0.00 ms
Loop: count=421, trial=1, Duration=45 ms
Remap: 61.05 ms
Transform color: 2.11 ms
CAM#2: PART SEARCH: search_time:0.00 ms
Process time: 0.00 ms
Loop: count=422, trial=1, Duration=65 ms
Remap: 32.61 ms
Transform color: 1.97 ms
CAM#2: PART SEARCH: search_time:0.00 ms
Process time: 0.00 ms
CAM#2: Using GLobal SEARCH ##############################################
CAM#2: GLOBAL SEARCH: search_time:0.00 ms
Loop: count=423, trial=1, Duration=39 ms
Remap: 38.45 ms
Transform color: 1.58 ms
CAM#2: PART SEARCH: search_time:0.00 ms
Tag#5 detected in the overlapping area. Time frame: 2025-Apr-24 13:14:24.499863
Process time: 0.02 ms
Loop: count=424, trial=1, Duration=42 ms
