Remap: 90.66 ms
Transform color: 16.05 ms
CAM#1: PART SEARCH: search_time:0.00 ms
Process time: 0.00 ms
Loop: count=0, trial=1, Duration=169 ms
Remap: 83.75 ms
Transform color: 32.10 ms
CAM#1: PART SEARCH: search_time:0.00 ms
Process time: 0.00 ms
Loop: count=1, trial=1, Duration=122 ms
Remap: 15.76 ms
Transform color: 2.39 ms
CAM#1: PART SEARCH: search_time:0.00 ms
Process time: 0.00 ms
Loop: count=2, trial=1, Duration=34 ms
Remap: 80.23 ms
Transform color: 1.49 ms
CAM#1: PART SEARCH: search_time:0.00 ms
Process time: 0.00 ms
Loop: count=3, trial=1, Duration=294 ms
Remap: 41.84 ms
Transform color: 7.53 ms
CAM#1: PART SEARCH: search_time:0.00 ms
Process time: 0.00 ms
Loop: count=4, trial=1, Duration=325 ms
Remap: 32.05 ms
Transform color: 28.82 ms
CAM#1: PART SEARCH: search_time:0.00 ms
Process time: 0.00 ms
Loop: count=5, trial=1, Duration=148 ms
Remap: 82.07 ms
Transform color: 16.52 ms
CAM#1: PART SEARCH: search_time:0.00 ms
Process time: 0.00 ms
Loop: count=6, trial=1, Duration=160 ms
Remap: 26.65 ms
Transform color: 2.18 ms
CAM#1: PART SEARCH: search_time:0.00 ms
Process time: 0.00 ms
Loop: count=7, trial=1, Duration=32 ms
Remap: 79.56 ms
Transform color: 16.20 ms
CAM#1: PART SEARCH: search_time:0.00 ms
Process time: 0.00 ms
Loop: count=8, trial=1, Duration=98 ms
Remap: 86.61 ms
Transform color: 109.08 ms
CAM#1: PART SEARCH: search_time:0.00 ms
Process time: 0.00 ms
Loop: count=9, trial=1, Duration=198 ms
Remap: 32.93 ms
Transform color: 3.26 ms
CAM#1: PART SEARCH: search_time:0.00 ms
Process time: 0.00 ms
Loop: count=10, trial=1, Duration=100 ms
Remap: 36.89 ms
Transform color: 4.25 ms
CAM#1: PART SEARCH: search_time:0.01 ms
Process time: 0.00 ms
Loop: count=11, trial=1, Duration=44 ms
Remap: 77.06 ms
Transform color: 1.69 ms
CAM#1: PART SEARCH: search_time:0.00 ms
Process time: 0.00 ms
Loop: count=12, trial=1, Duration=80 ms
Remap: 107.20 ms
Transform color: 15.12 ms
CAM#1: PART SEARCH: search_time:0.00 ms
Process time: 0.00 ms
Loop: count=13, trial=1, Duration=125 ms
Remap: 79.45 ms
Transform color: 13.20 ms
CAM#1: PART SEARCH: search_time:0.00 ms
Process time: 0.00 ms
Loop: count=14, trial=1, Duration=128 ms
Remap: 90.56 ms
Transform color: 12.44 ms
CAM#1: PART SEARCH: search_time:0.00 ms
Process time: 0.00 ms
CAM#1: Using GLobal SEARCH ##############################################
CAM#1: GLOBAL SEARCH: search_time:0.00 ms
Loop: count=15, trial=1, Duration=109 ms
Remap: 85.84 ms
Transform color: 20.43 ms
CAM#1: PART SEARCH: search_time:0.00 ms
Process time: 0.00 ms
Loop: count=16, trial=1, Duration=109 ms
Remap: 84.10 ms
Transform color: 13.05 ms
CAM#1: PART SEARCH: search_time:0.00 ms
Process time: 0.00 ms
Loop: count=17, trial=1, Duration=99 ms
Remap: 86.88 ms
Transform color: 15.49 ms
CAM#1: PART SEARCH: search_time:0.00 ms
Process time: 0.00 ms
Loop: count=18, trial=1, Duration=169 ms
Remap: 85.89 ms
Transform color: 14.98 ms
CAM#1: PART SEARCH: search_time:0.00 ms
Process time: 0.00 ms
Loop: count=19, trial=1, Duration=104 ms
Remap: 121.08 ms
Transform color: 1.33 ms
CAM#1: PART SEARCH: search_time:0.00 ms
Process time: 0.00 ms
Loop: count=20, trial=1, Duration=129 ms
Remap: 84.20 ms
Transform color: 10.94 ms
CAM#1: PART SEARCH: search_time:0.00 ms
Process time: 0.00 ms
Loop: count=21, trial=1, Duration=114 ms
Remap: 88.05 ms
Transform color: 12.56 ms
CAM#1: PART SEARCH: search_time:0.00 ms
Process time: 0.00 ms
Loop: count=22, trial=1, Duration=104 ms
Remap: 84.58 ms
Transform color: 15.39 ms
CAM#1: PART SEARCH: search_time:0.00 ms
Process time: 0.00 ms
Loop: count=23, trial=1, Duration=103 ms
Remap: 124.36 ms
Transform color: 3.04 ms
CAM#1: PART SEARCH: search_time:0.00 ms
Process time: 0.00 ms
Loop: count=24, trial=1, Duration=131 ms
Remap: 87.60 ms
Transform color: 16.72 ms
CAM#1: PART SEARCH: search_time:0.00 ms
Process time: 0.00 ms
Loop: count=25, trial=1, Duration=182 ms
Remap: 72.89 ms
Transform color: 16.03 ms
CAM#1: PART SEARCH: search_time:0.00 ms
Process time: 0.00 ms
Loop: count=26, trial=1, Duration=102 ms
Remap: 78.88 ms
Transform color: 12.57 ms
CAM#1: PART SEARCH: search_time:0.00 ms
Process time: 0.00 ms
Loop: count=27, trial=1, Duration=106 ms
Remap: 80.12 ms
Transform color: 18.32 ms
CAM#1: PART SEARCH: search_time:0.00 ms
Process time: 0.00 ms
Loop: count=28, trial=1, Duration=101 ms
Remap: 85.51 ms
Transform color: 10.66 ms
CAM#1: PART SEARCH: search_time:0.00 ms
Process time: 0.00 ms
Loop: count=29, trial=1, Duration=110 ms
Remap: 87.09 ms
Transform color: 13.54 ms
CAM#1: PART SEARCH: search_time:0.00 ms
Process time: 0.00 ms
Loop: count=30, trial=1, Duration=128 ms
Remap: 78.04 ms
Transform color: 16.14 ms
CAM#1: PART SEARCH: search_time:0.00 ms
Process time: 0.00 ms
CAM#1: Using GLobal SEARCH ##############################################
CAM#1: GLOBAL SEARCH: search_time:0.00 ms
Loop: count=31, trial=1, Duration=96 ms
Remap: 84.21 ms
Transform color: 14.52 ms
CAM#1: PART SEARCH: search_time:0.00 ms
Process time: 0.00 ms
Loop: count=32, trial=1, Duration=101 ms
Remap: 76.80 ms
Transform color: 2.01 ms
CAM#1: PART SEARCH: search_time:0.00 ms
Process time: 0.00 ms
Loop: count=33, trial=1, Duration=101 ms
Remap: 83.45 ms
Transform color: 14.46 ms
CAM#1: PART SEARCH: search_time:0.00 ms
Process time: 0.00 ms
Loop: count=34, trial=1, Duration=100 ms
Remap: 82.99 ms
Transform color: 17.32 ms
CAM#1: PART SEARCH: search_time:0.00 ms
Process time: 0.00 ms
Loop: count=35, trial=1, Duration=103 ms
Remap: 81.59 ms
Transform color: 17.41 ms
CAM#1: PART SEARCH: search_time:0.00 ms
Process time: 0.00 ms
Loop: count=36, trial=1, Duration=101 ms
Remap: 85.95 ms
Transform color: 16.37 ms
CAM#1: PART SEARCH: search_time:0.00 ms
Process time: 0.00 ms
Loop: count=37, trial=1, Duration=154 ms
Remap: 102.72 ms
Transform color: 19.43 ms
CAM#1: PART SEARCH: search_time:0.00 ms
Process time: 0.00 ms
Loop: count=38, trial=1, Duration=201 ms
Remap: 84.87 ms
Transform color: 17.47 ms
CAM#1: PART SEARCH: search_time:0.00 ms
Process time: 0.00 ms
Loop: count=39, trial=1, Duration=104 ms
Remap: 78.69 ms
Transform color: 16.66 ms
CAM#1: PART SEARCH: search_time:0.01 ms
Process time: 0.00 ms
Loop: count=40, trial=1, Duration=98 ms
Remap: 171.01 ms
Transform color: 36.62 ms
CAM#1: PART SEARCH: search_time:0.00 ms
Process time: 0.00 ms
Loop: count=41, trial=1, Duration=212 ms
Remap: 86.15 ms
Transform color: 16.39 ms
CAM#1: PART SEARCH: search_time:0.00 ms
Process time: 0.00 ms
Loop: count=42, trial=1, Duration=105 ms
Remap: 86.65 ms
Transform color: 19.24 ms
CAM#1: PART SEARCH: search_time:0.00 ms
Process time: 0.00 ms
Loop: count=43, trial=1, Duration=109 ms
Remap: 81.47 ms
Transform color: 16.34 ms
CAM#1: PART SEARCH: search_time:0.00 ms
Process time: 0.00 ms
Loop: count=44, trial=1, Duration=100 ms
Remap: 85.95 ms
Transform color: 63.14 ms
CAM#1: PART SEARCH: search_time:0.00 ms
Process time: 0.00 ms
Loop: count=45, trial=1, Duration=197 ms
Remap: 81.57 ms
Transform color: 14.49 ms
CAM#1: PART SEARCH: search_time:0.01 ms
Process time: 0.00 ms
Loop: count=46, trial=1, Duration=134 ms
Remap: 74.25 ms
Transform color: 17.41 ms
CAM#1: PART SEARCH: search_time:0.00 ms
Process time: 0.00 ms
CAM#1: Using GLobal SEARCH ##############################################
CAM#1: GLOBAL SEARCH: search_time:0.00 ms
Loop: count=47, trial=1, Duration=94 ms
Remap: 81.62 ms
Transform color: 17.09 ms
CAM#1: PART SEARCH: search_time:0.00 ms
Process time: 0.00 ms
Loop: count=48, trial=1, Duration=101 ms
Remap: 250.21 ms
Transform color: 2.55 ms
CAM#1: PART SEARCH: search_time:0.01 ms
Process time: 0.00 ms
Loop: count=49, trial=1, Duration=355 ms
Remap: 79.88 ms
Transform color: 18.37 ms
CAM#1: PART SEARCH: search_time:0.00 ms
Process time: 0.00 ms
Loop: count=50, trial=1, Duration=231 ms
Remap: 13.06 ms
Transform color: 1.51 ms
CAM#1: PART SEARCH: search_time:0.00 ms
Process time: 0.00 ms
Loop: count=51, trial=1, Duration=16 ms
Remap: 271.36 ms
Transform color: 15.14 ms
CAM#1: PART SEARCH: search_time:0.01 ms
Process time: 0.00 ms
Loop: count=52, trial=1, Duration=522 ms
Remap: 91.65 ms
Transform color: 20.67 ms
CAM#1: PART SEARCH: search_time:0.00 ms
Process time: 0.00 ms
Loop: count=53, trial=1, Duration=115 ms
Remap: 87.42 ms
Transform color: 16.48 ms
CAM#1: PART SEARCH: search_time:0.00 ms
Process time: 0.00 ms
Loop: count=54, trial=1, Duration=107 ms
Remap: 87.45 ms
Transform color: 16.33 ms
CAM#1: PART SEARCH: search_time:0.00 ms
Process time: 0.00 ms
Loop: count=55, trial=1, Duration=106 ms
Remap: 86.17 ms
Transform color: 15.37 ms
CAM#1: PART SEARCH: search_time:0.00 ms
Process time: 0.00 ms
Loop: count=56, trial=1, Duration=104 ms
Remap: 80.00 ms
Transform color: 19.03 ms
CAM#1: PART SEARCH: search_time:0.00 ms
Process time: 0.00 ms
Loop: count=57, trial=1, Duration=118 ms
Remap: 91.39 ms
Transform color: 18.52 ms
CAM#1: PART SEARCH: search_time:0.00 ms
Process time: 0.00 ms
Loop: count=58, trial=1, Duration=113 ms
Remap: 91.00 ms
Transform color: 18.88 ms
CAM#1: PART SEARCH: search_time:0.00 ms
Process time: 0.00 ms
Loop: count=59, trial=1, Duration=112 ms
Remap: 87.67 ms
Transform color: 19.80 ms
CAM#1: PART SEARCH: search_time:0.00 ms
Process time: 0.00 ms
Loop: count=60, trial=1, Duration=110 ms
Remap: 87.77 ms
Transform color: 15.12 ms
CAM#1: PART SEARCH: search_time:0.00 ms
Process time: 0.00 ms
Loop: count=61, trial=1, Duration=106 ms
Remap: 89.60 ms
Transform color: 13.49 ms
CAM#1: PART SEARCH: search_time:0.00 ms
Process time: 0.00 ms
Loop: count=62, trial=1, Duration=126 ms
Remap: 85.82 ms
Transform color: 17.93 ms
CAM#1: PART SEARCH: search_time:0.00 ms
Process time: 0.00 ms
CAM#1: Using GLobal SEARCH ##############################################
CAM#1: GLOBAL SEARCH: search_time:0.00 ms
Loop: count=63, trial=1, Duration=106 ms
Remap: 90.25 ms
Transform color: 19.40 ms
CAM#1: PART SEARCH: search_time:0.00 ms
Process time: 0.00 ms
Loop: count=64, trial=1, Duration=111 ms
Remap: 85.21 ms
Transform color: 20.02 ms
CAM#1: PART SEARCH: search_time:0.00 ms
Process time: 0.00 ms
Loop: count=65, trial=1, Duration=108 ms
Remap: 82.23 ms
Transform color: 3.07 ms
CAM#1: PART SEARCH: search_time:0.00 ms
Process time: 0.00 ms
Loop: count=66, trial=1, Duration=164 ms
Remap: 91.54 ms
Transform color: 17.39 ms
CAM#1: PART SEARCH: search_time:0.00 ms
Process time: 0.00 ms
Loop: count=67, trial=1, Duration=112 ms
Remap: 86.83 ms
Transform color: 3.16 ms
CAM#1: PART SEARCH: search_time:0.00 ms
Process time: 0.00 ms
Loop: count=68, trial=1, Duration=92 ms
Remap: 124.59 ms
Transform color: 2.63 ms
CAM#1: PART SEARCH: search_time:0.01 ms
Process time: 0.00 ms
Loop: count=69, trial=1, Duration=631 ms
Remap: 80.65 ms
Transform color: 17.84 ms
CAM#1: PART SEARCH: search_time:0.01 ms
Process time: 0.00 ms
Loop: count=70, trial=1, Duration=448 ms
Remap: 89.74 ms
Transform color: 20.79 ms
CAM#1: PART SEARCH: search_time:0.00 ms
Process time: 0.00 ms
Loop: count=71, trial=1, Duration=114 ms
Remap: 91.34 ms
Transform color: 14.57 ms
CAM#1: PART SEARCH: search_time:0.00 ms
Process time: 0.00 ms
Loop: count=72, trial=1, Duration=108 ms
Remap: 91.55 ms
Transform color: 19.73 ms
CAM#1: PART SEARCH: search_time:0.00 ms
Process time: 0.00 ms
Loop: count=73, trial=1, Duration=192 ms
Remap: 85.25 ms
Transform color: 16.59 ms
CAM#1: PART SEARCH: search_time:0.01 ms
Process time: 0.00 ms
Loop: count=74, trial=1, Duration=105 ms
Remap: 108.71 ms
Transform color: 17.73 ms
CAM#1: PART SEARCH: search_time:0.00 ms
Process time: 0.00 ms
Loop: count=75, trial=1, Duration=130 ms
Remap: 86.57 ms
Transform color: 18.21 ms
CAM#1: PART SEARCH: search_time:0.00 ms
Process time: 0.00 ms
Loop: count=76, trial=1, Duration=108 ms
Remap: 87.12 ms
Transform color: 16.51 ms
CAM#1: PART SEARCH: search_time:0.00 ms
Process time: 0.00 ms
Loop: count=77, trial=1, Duration=107 ms
Remap: 90.56 ms
Transform color: 20.59 ms
CAM#1: PART SEARCH: search_time:0.00 ms
Process time: 0.00 ms
Loop: count=78, trial=1, Duration=114 ms
Remap: 82.25 ms
Transform color: 18.25 ms
CAM#1: PART SEARCH: search_time:0.00 ms
Process time: 0.00 ms
CAM#1: Using GLobal SEARCH ##############################################
CAM#1: GLOBAL SEARCH: search_time:0.00 ms
Loop: count=79, trial=1, Duration=103 ms
Remap: 86.50 ms
Transform color: 18.27 ms
CAM#1: PART SEARCH: search_time:0.00 ms
Process time: 0.00 ms
Loop: count=80, trial=1, Duration=107 ms
Remap: 71.16 ms
Transform color: 15.44 ms
CAM#1: PART SEARCH: search_time:0.00 ms
Process time: 0.00 ms
Loop: count=81, trial=1, Duration=361 ms
Remap: 84.70 ms
Transform color: 13.97 ms
CAM#1: PART SEARCH: search_time:0.00 ms
Process time: 0.00 ms
Loop: count=82, trial=1, Duration=104 ms
Remap: 87.11 ms
Transform color: 18.18 ms
CAM#1: PART SEARCH: search_time:0.00 ms
Process time: 0.00 ms
Loop: count=83, trial=1, Duration=113 ms
Remap: 80.29 ms
Transform color: 15.36 ms
CAM#1: PART SEARCH: search_time:0.00 ms
Process time: 0.00 ms
Loop: count=84, trial=1, Duration=98 ms
Remap: 87.05 ms
Transform color: 19.07 ms
CAM#1: PART SEARCH: search_time:0.00 ms
Process time: 0.00 ms
Loop: count=85, trial=1, Duration=109 ms
Remap: 82.05 ms
Transform color: 15.86 ms
CAM#1: PART SEARCH: search_time:0.00 ms
Process time: 0.00 ms
Loop: count=86, trial=1, Duration=100 ms
Remap: 83.97 ms
Transform color: 13.48 ms
CAM#1: PART SEARCH: search_time:0.00 ms
Process time: 0.00 ms
Loop: count=87, trial=1, Duration=100 ms
Remap: 84.90 ms
Transform color: 13.21 ms
CAM#1: PART SEARCH: search_time:0.00 ms
Process time: 0.00 ms
Loop: count=88, trial=1, Duration=100 ms
Remap: 80.62 ms
Transform color: 6.35 ms
CAM#1: PART SEARCH: search_time:0.00 ms
Process time: 0.00 ms
Loop: count=89, trial=1, Duration=92 ms
Remap: 90.26 ms
Transform color: 18.44 ms
CAM#1: PART SEARCH: search_time:0.00 ms
Process time: 0.00 ms
Loop: count=90, trial=1, Duration=111 ms
Remap: 113.52 ms
Transform color: 19.20 ms
CAM#1: PART SEARCH: search_time:0.00 ms
Process time: 0.00 ms
Loop: count=91, trial=1, Duration=136 ms
Remap: 85.46 ms
Transform color: 12.16 ms
CAM#1: PART SEARCH: search_time:0.00 ms
Process time: 0.00 ms
Loop: count=92, trial=1, Duration=115 ms
Remap: 84.47 ms
Transform color: 18.00 ms
CAM#1: PART SEARCH: search_time:0.00 ms
Process time: 0.00 ms
Loop: count=93, trial=1, Duration=108 ms
Remap: 78.68 ms
Transform color: 16.41 ms
CAM#1: PART SEARCH: search_time:0.00 ms
Process time: 0.00 ms
Loop: count=94, trial=1, Duration=248 ms
Remap: 77.42 ms
Transform color: 16.63 ms
CAM#1: PART SEARCH: search_time:0.00 ms
Process time: 0.00 ms
CAM#1: Using GLobal SEARCH ##############################################
CAM#1: GLOBAL SEARCH: search_time:0.00 ms
Loop: count=95, trial=1, Duration=98 ms
Remap: 76.52 ms
Transform color: 14.35 ms
CAM#1: PART SEARCH: search_time:0.00 ms
Process time: 0.00 ms
Loop: count=96, trial=1, Duration=93 ms
Remap: 88.34 ms
Transform color: 15.37 ms
CAM#1: PART SEARCH: search_time:0.00 ms
Process time: 0.00 ms
Loop: count=97, trial=1, Duration=106 ms
Remap: 88.14 ms
Transform color: 15.17 ms
CAM#1: PART SEARCH: search_time:0.00 ms
Process time: 0.00 ms
Loop: count=98, trial=1, Duration=106 ms
Remap: 106.62 ms
Transform color: 19.76 ms
CAM#1: PART SEARCH: search_time:0.00 ms
Process time: 0.00 ms
Loop: count=99, trial=1, Duration=140 ms
Remap: 92.38 ms
Transform color: 19.02 ms
CAM#1: PART SEARCH: search_time:0.00 ms
Process time: 0.00 ms
Loop: count=100, trial=1, Duration=131 ms
Remap: 87.76 ms
Transform color: 16.26 ms
CAM#1: PART SEARCH: search_time:0.00 ms
Process time: 0.00 ms
Loop: count=101, trial=1, Duration=108 ms
Remap: 174.01 ms
Transform color: 2.31 ms
CAM#1: PART SEARCH: search_time:0.00 ms
Process time: 0.00 ms
Loop: count=102, trial=1, Duration=234 ms
Remap: 172.35 ms
Transform color: 3.04 ms
CAM#1: PART SEARCH: search_time:0.00 ms
Process time: 0.00 ms
Loop: count=103, trial=1, Duration=222 ms
Remap: 223.26 ms
Transform color: 2.18 ms
CAM#1: PART SEARCH: search_time:0.00 ms
Process time: 0.00 ms
Loop: count=104, trial=1, Duration=227 ms
Remap: 87.61 ms
Transform color: 16.10 ms
CAM#1: PART SEARCH: search_time:0.00 ms
Process time: 0.00 ms
Loop: count=105, trial=1, Duration=121 ms
Remap: 86.89 ms
Transform color: 16.41 ms
CAM#1: PART SEARCH: search_time:0.00 ms
Process time: 0.00 ms
Loop: count=106, trial=1, Duration=107 ms
Remap: 82.56 ms
Transform color: 14.13 ms
CAM#1: PART SEARCH: search_time:0.00 ms
Process time: 0.00 ms
Loop: count=107, trial=1, Duration=158 ms
Remap: 88.45 ms
Transform color: 19.09 ms
CAM#1: PART SEARCH: search_time:0.00 ms
Process time: 0.00 ms
Loop: count=108, trial=1, Duration=110 ms
Remap: 90.62 ms
Transform color: 16.44 ms
CAM#1: PART SEARCH: search_time:0.00 ms
Process time: 0.00 ms
Loop: count=109, trial=1, Duration=111 ms
Remap: 92.31 ms
Transform color: 15.15 ms
CAM#1: PART SEARCH: search_time:0.00 ms
Process time: 0.00 ms
Loop: count=110, trial=1, Duration=110 ms
Remap: 90.28 ms
Transform color: 19.12 ms
CAM#1: PART SEARCH: search_time:0.00 ms
Process time: 0.00 ms
CAM#1: Using GLobal SEARCH ##############################################
CAM#1: GLOBAL SEARCH: search_time:0.00 ms
Loop: count=111, trial=1, Duration=113 ms
Remap: 87.31 ms
Transform color: 17.47 ms
CAM#1: PART SEARCH: search_time:0.00 ms
Process time: 0.00 ms
Loop: count=112, trial=1, Duration=108 ms
Remap: 103.72 ms
Transform color: 18.55 ms
CAM#1: PART SEARCH: search_time:0.00 ms
Process time: 0.00 ms
Loop: count=113, trial=1, Duration=124 ms
Remap: 83.03 ms
Transform color: 21.69 ms
CAM#1: PART SEARCH: search_time:0.00 ms
Process time: 0.00 ms
Loop: count=114, trial=1, Duration=107 ms
Remap: 87.25 ms
Transform color: 19.66 ms
CAM#1: PART SEARCH: search_time:0.00 ms
Process time: 0.00 ms
Loop: count=115, trial=1, Duration=110 ms
Remap: 84.42 ms
Transform color: 18.28 ms
CAM#1: PART SEARCH: search_time:0.01 ms
Process time: 0.00 ms
Loop: count=116, trial=1, Duration=107 ms
Remap: 82.42 ms
Transform color: 16.29 ms
CAM#1: PART SEARCH: search_time:0.01 ms
Process time: 0.00 ms
Loop: count=117, trial=1, Duration=102 ms
Remap: 72.10 ms
Transform color: 10.84 ms
CAM#1: PART SEARCH: search_time:0.00 ms
Process time: 0.00 ms
Loop: count=118, trial=1, Duration=488 ms
Remap: 67.16 ms
Transform color: 3.04 ms
CAM#1: PART SEARCH: search_time:0.00 ms
Process time: 0.00 ms
Loop: count=119, trial=1, Duration=155 ms
Remap: 90.59 ms
Transform color: 18.35 ms
CAM#1: PART SEARCH: search_time:0.00 ms
Process time: 0.00 ms
CAM 1: -2147483648Hz
Loop: count=120, trial=1, Duration=113 ms
Remap: 93.97 ms
Transform color: 15.76 ms
CAM#1: PART SEARCH: search_time:0.00 ms
Process time: 0.00 ms
Loop: count=121, trial=1, Duration=196 ms
Remap: 121.03 ms
Transform color: 2.76 ms
CAM#1: PART SEARCH: search_time:0.01 ms
Process time: 0.00 ms
Loop: count=122, trial=1, Duration=129 ms
Remap: 90.70 ms
Transform color: 15.41 ms
CAM#1: PART SEARCH: search_time:0.00 ms
Process time: 0.00 ms
Loop: count=123, trial=1, Duration=109 ms
Remap: 88.65 ms
Transform color: 18.54 ms
CAM#1: PART SEARCH: search_time:0.00 ms
Process time: 0.00 ms
Loop: count=124, trial=1, Duration=188 ms
Remap: 81.93 ms
Transform color: 16.81 ms
CAM#1: PART SEARCH: search_time:0.00 ms
Process time: 0.00 ms
Loop: count=125, trial=1, Duration=101 ms
Remap: 75.44 ms
Transform color: 14.44 ms
CAM#1: PART SEARCH: search_time:0.00 ms
Process time: 0.00 ms
Loop: count=126, trial=1, Duration=108 ms
Remap: 38.90 ms
Transform color: 67.67 ms
CAM#1: PART SEARCH: search_time:0.00 ms
Process time: 0.00 ms
CAM#1: Using GLobal SEARCH ##############################################
CAM#1: GLOBAL SEARCH: search_time:0.00 ms
Loop: count=127, trial=1, Duration=157 ms
Remap: 88.61 ms
Transform color: 18.91 ms
CAM#1: PART SEARCH: search_time:0.00 ms
Process time: 0.00 ms
Loop: count=128, trial=1, Duration=110 ms
Remap: 87.72 ms
Transform color: 15.56 ms
CAM#1: PART SEARCH: search_time:0.00 ms
Process time: 0.00 ms
Loop: count=129, trial=1, Duration=111 ms
Remap: 83.14 ms
Transform color: 14.46 ms
CAM#1: PART SEARCH: search_time:0.00 ms
Process time: 0.00 ms
Loop: count=130, trial=1, Duration=101 ms
Remap: 85.95 ms
Transform color: 19.67 ms
CAM#1: PART SEARCH: search_time:0.00 ms
Process time: 0.00 ms
Loop: count=131, trial=1, Duration=112 ms
Remap: 89.27 ms
Transform color: 19.01 ms
CAM#1: PART SEARCH: search_time:0.01 ms
Process time: 0.00 ms
Loop: count=132, trial=1, Duration=111 ms
Remap: 87.86 ms
Transform color: 14.92 ms
CAM#1: PART SEARCH: search_time:0.00 ms
Process time: 0.00 ms
Loop: count=133, trial=1, Duration=107 ms
Remap: 86.69 ms
Transform color: 1.76 ms
CAM#1: PART SEARCH: search_time:0.00 ms
Process time: 0.00 ms
Loop: count=134, trial=1, Duration=91 ms
Remap: 31.89 ms
Transform color: 1.39 ms
CAM#1: PART SEARCH: search_time:0.00 ms
Process time: 0.00 ms
Loop: count=135, trial=1, Duration=35 ms
Remap: 24.34 ms
Transform color: 2.30 ms
CAM#1: PART SEARCH: search_time:0.00 ms
Process time: 0.00 ms
Loop: count=136, trial=1, Duration=71 ms
Remap: 395.58 ms
Transform color: 13.88 ms
CAM#1: PART SEARCH: search_time:0.01 ms
Process time: 0.00 ms
Loop: count=137, trial=1, Duration=474 ms
Remap: 83.45 ms
Transform color: 16.91 ms
CAM#1: PART SEARCH: search_time:0.00 ms
Process time: 0.00 ms
Loop: count=138, trial=1, Duration=104 ms
Remap: 89.52 ms
Transform color: 14.91 ms
CAM#1: PART SEARCH: search_time:0.00 ms
Process time: 0.00 ms
Loop: count=139, trial=1, Duration=108 ms
Remap: 91.06 ms
Transform color: 18.79 ms
CAM#1: PART SEARCH: search_time:0.00 ms
Process time: 0.00 ms
Loop: count=140, trial=1, Duration=113 ms
Remap: 86.81 ms
Transform color: 9.99 ms
CAM#1: PART SEARCH: search_time:0.00 ms
Process time: 0.00 ms
Loop: count=141, trial=1, Duration=134 ms
Remap: 317.76 ms
Transform color: 153.71 ms
CAM#1: PART SEARCH: search_time:0.01 ms
Process time: 0.00 ms
Loop: count=142, trial=1, Duration=474 ms
Remap: 79.09 ms
Transform color: 4.00 ms
CAM#1: PART SEARCH: search_time:0.00 ms
Process time: 0.00 ms
CAM#1: Using GLobal SEARCH ##############################################
CAM#1: GLOBAL SEARCH: search_time:0.00 ms
Loop: count=143, trial=1, Duration=85 ms
Remap: 88.99 ms
Transform color: 4.18 ms
CAM#1: PART SEARCH: search_time:0.00 ms
Process time: 0.00 ms
Loop: count=144, trial=1, Duration=95 ms
Remap: 82.45 ms
Transform color: 205.63 ms
CAM#1: PART SEARCH: search_time:0.00 ms
Process time: 0.00 ms
Loop: count=145, trial=1, Duration=359 ms
Remap: 82.53 ms
Transform color: 16.74 ms
CAM#1: PART SEARCH: search_time:0.00 ms
Process time: 0.00 ms
Loop: count=146, trial=1, Duration=102 ms
Remap: 51.61 ms
Transform color: 2.92 ms
CAM#1: PART SEARCH: search_time:0.00 ms
Process time: 0.00 ms
Loop: count=147, trial=1, Duration=56 ms
Remap: 38.01 ms
Transform color: 380.39 ms
CAM#1: PART SEARCH: search_time:0.00 ms
Process time: 0.00 ms
Loop: count=148, trial=1, Duration=420 ms
Remap: 259.30 ms
Transform color: 69.20 ms
CAM#1: PART SEARCH: search_time:0.00 ms
Process time: 0.00 ms
Loop: count=149, trial=1, Duration=345 ms
Remap: 118.22 ms
Transform color: 18.28 ms
CAM#1: PART SEARCH: search_time:0.00 ms
Process time: 0.00 ms
Loop: count=150, trial=1, Duration=1013 ms
Remap: 85.33 ms
Transform color: 15.18 ms
CAM#1: PART SEARCH: search_time:0.00 ms
Process time: 0.00 ms
Loop: count=151, trial=1, Duration=103 ms
Remap: 88.58 ms
Transform color: 21.63 ms
CAM#1: PART SEARCH: search_time:0.01 ms
Process time: 0.00 ms
Loop: count=152, trial=1, Duration=114 ms
Remap: 85.88 ms
Transform color: 14.54 ms
CAM#1: PART SEARCH: search_time:0.00 ms
Process time: 0.00 ms
Loop: count=153, trial=1, Duration=776 ms
Remap: 76.87 ms
Transform color: 2.16 ms
CAM#1: PART SEARCH: search_time:0.00 ms
Process time: 0.00 ms
Loop: count=154, trial=1, Duration=83 ms
Remap: 35.33 ms
Transform color: 3.56 ms
CAM#1: PART SEARCH: search_time:0.01 ms
Process time: 0.00 ms
Loop: count=155, trial=1, Duration=41 ms
Remap: 229.62 ms
Transform color: 4.18 ms
CAM#1: PART SEARCH: search_time:0.00 ms
Process time: 0.00 ms
Loop: count=156, trial=1, Duration=456 ms
Remap: 83.85 ms
Transform color: 17.82 ms
CAM#1: PART SEARCH: search_time:0.00 ms
Process time: 0.00 ms
Loop: count=157, trial=1, Duration=104 ms
Remap: 82.06 ms
Transform color: 18.11 ms
CAM#1: PART SEARCH: search_time:0.00 ms
Process time: 0.00 ms
Loop: count=158, trial=1, Duration=314 ms
Remap: 92.32 ms
Transform color: 1.83 ms
CAM#1: PART SEARCH: search_time:0.00 ms
Process time: 0.00 ms
CAM#1: Using GLobal SEARCH ##############################################
CAM#1: GLOBAL SEARCH: search_time:0.00 ms
Loop: count=159, trial=1, Duration=102 ms
Remap: 82.02 ms
Transform color: 20.12 ms
CAM#1: PART SEARCH: search_time:0.00 ms
Process time: 0.00 ms
Loop: count=160, trial=1, Duration=142 ms
Remap: 87.53 ms
Transform color: 15.93 ms
CAM#1: PART SEARCH: search_time:0.00 ms
Process time: 0.00 ms
Loop: count=161, trial=1, Duration=106 ms
Remap: 82.72 ms
Transform color: 17.17 ms
CAM#1: PART SEARCH: search_time:0.00 ms
Process time: 0.00 ms
Loop: count=162, trial=1, Duration=103 ms
Remap: 92.14 ms
Transform color: 17.50 ms
CAM#1: PART SEARCH: search_time:0.00 ms
Process time: 0.00 ms
Loop: count=163, trial=1, Duration=204 ms
Remap: 86.45 ms
Transform color: 17.10 ms
CAM#1: PART SEARCH: search_time:0.00 ms
Process time: 0.00 ms
Loop: count=164, trial=1, Duration=109 ms
Remap: 81.60 ms
Transform color: 19.14 ms
CAM#1: PART SEARCH: search_time:0.00 ms
Process time: 0.00 ms
Loop: count=165, trial=1, Duration=104 ms
Remap: 87.42 ms
Transform color: 14.98 ms
CAM#1: PART SEARCH: search_time:0.00 ms
Process time: 0.00 ms
Loop: count=166, trial=1, Duration=137 ms
Remap: 81.25 ms
Transform color: 13.61 ms
CAM#1: PART SEARCH: search_time:0.00 ms
Process time: 0.00 ms
Loop: count=167, trial=1, Duration=97 ms
Remap: 86.41 ms
Transform color: 18.87 ms
CAM#1: PART SEARCH: search_time:0.00 ms
Process time: 0.00 ms
Loop: count=168, trial=1, Duration=108 ms
Remap: 72.82 ms
Transform color: 15.93 ms
CAM#1: PART SEARCH: search_time:0.00 ms
Process time: 0.00 ms
Loop: count=169, trial=1, Duration=92 ms
Remap: 86.07 ms
Transform color: 10.96 ms
CAM#1: PART SEARCH: search_time:0.00 ms
Process time: 0.00 ms
Loop: count=170, trial=1, Duration=107 ms
Remap: 81.73 ms
Transform color: 20.95 ms
CAM#1: PART SEARCH: search_time:0.00 ms
Process time: 0.00 ms
Loop: count=171, trial=1, Duration=105 ms
Remap: 96.12 ms
Transform color: 14.57 ms
CAM#1: PART SEARCH: search_time:0.00 ms
Process time: 0.00 ms
Loop: count=172, trial=1, Duration=114 ms
Remap: 78.92 ms
Transform color: 17.59 ms
CAM#1: PART SEARCH: search_time:0.00 ms
Process time: 0.00 ms
Loop: count=173, trial=1, Duration=101 ms
Remap: 85.26 ms
Transform color: 11.11 ms
CAM#1: PART SEARCH: search_time:0.00 ms
Process time: 0.00 ms
Loop: count=174, trial=1, Duration=98 ms
Remap: 84.55 ms
Transform color: 16.26 ms
CAM#1: PART SEARCH: search_time:0.00 ms
Process time: 0.00 ms
CAM#1: Using GLobal SEARCH ##############################################
CAM#1: GLOBAL SEARCH: search_time:0.00 ms
Loop: count=175, trial=1, Duration=104 ms
Remap: 128.26 ms
Transform color: 18.11 ms
CAM#1: PART SEARCH: search_time:0.00 ms
Process time: 0.00 ms
Loop: count=176, trial=1, Duration=149 ms
Remap: 89.13 ms
Transform color: 17.11 ms
CAM#1: PART SEARCH: search_time:0.01 ms
Process time: 0.00 ms
Loop: count=177, trial=1, Duration=110 ms
Remap: 91.00 ms
Transform color: 11.91 ms
CAM#1: PART SEARCH: search_time:0.00 ms
Process time: 0.00 ms
Loop: count=178, trial=1, Duration=105 ms
Remap: 86.74 ms
Transform color: 16.97 ms
CAM#1: PART SEARCH: search_time:0.01 ms
Process time: 0.00 ms
Loop: count=179, trial=1, Duration=108 ms
Remap: 82.91 ms
Transform color: 12.77 ms
CAM#1: PART SEARCH: search_time:0.00 ms
Process time: 0.00 ms
Loop: count=180, trial=1, Duration=99 ms
Remap: 86.30 ms
Transform color: 13.98 ms
CAM#1: PART SEARCH: search_time:0.00 ms
Process time: 0.00 ms
Loop: count=181, trial=1, Duration=145 ms
Remap: 81.50 ms
Transform color: 14.95 ms
CAM#1: PART SEARCH: search_time:0.00 ms
Process time: 0.00 ms
Loop: count=182, trial=1, Duration=100 ms
Remap: 84.94 ms
Transform color: 13.94 ms
CAM#1: PART SEARCH: search_time:0.00 ms
Process time: 0.00 ms
Loop: count=183, trial=1, Duration=101 ms
Remap: 87.95 ms
Transform color: 15.74 ms
CAM#1: PART SEARCH: search_time:0.00 ms
Process time: 0.00 ms
Loop: count=184, trial=1, Duration=107 ms
Remap: 132.74 ms
Transform color: 15.46 ms
CAM#1: PART SEARCH: search_time:0.00 ms
Process time: 0.00 ms
Loop: count=185, trial=1, Duration=559 ms
Remap: 41.94 ms
Transform color: 3.03 ms
CAM#1: PART SEARCH: search_time:0.01 ms
Process time: 0.00 ms
Loop: count=186, trial=1, Duration=47 ms
Remap: 88.00 ms
Transform color: 17.66 ms
CAM#1: PART SEARCH: search_time:0.00 ms
Process time: 0.00 ms
Loop: count=187, trial=1, Duration=108 ms
Remap: 80.61 ms
Transform color: 15.45 ms
CAM#1: PART SEARCH: search_time:0.00 ms
Process time: 0.00 ms
Loop: count=188, trial=1, Duration=99 ms
Remap: 90.24 ms
Transform color: 19.54 ms
CAM#1: PART SEARCH: search_time:0.00 ms
Process time: 0.00 ms
Loop: count=189, trial=1, Duration=113 ms
Remap: 88.13 ms
Transform color: 13.08 ms
CAM#1: PART SEARCH: search_time:0.00 ms
Process time: 0.00 ms
Loop: count=190, trial=1, Duration=104 ms
Remap: 79.76 ms
Transform color: 18.55 ms
CAM#1: PART SEARCH: search_time:0.00 ms
Process time: 0.00 ms
CAM#1: Using GLobal SEARCH ##############################################
CAM#1: GLOBAL SEARCH: search_time:0.00 ms
Loop: count=191, trial=1, Duration=126 ms
Remap: 81.44 ms
Transform color: 4.41 ms
CAM#1: PART SEARCH: search_time:0.00 ms
Process time: 0.00 ms
Loop: count=192, trial=1, Duration=88 ms
Remap: 90.95 ms
Transform color: 5.85 ms
CAM#1: PART SEARCH: search_time:0.00 ms
Process time: 0.00 ms
Loop: count=193, trial=1, Duration=98 ms
Remap: 83.12 ms
Transform color: 5.91 ms
CAM#1: PART SEARCH: search_time:0.00 ms
Process time: 0.00 ms
Loop: count=194, trial=1, Duration=91 ms
Remap: 82.71 ms
Transform color: 4.95 ms
CAM#1: PART SEARCH: search_time:0.00 ms
Process time: 0.00 ms
Loop: count=195, trial=1, Duration=90 ms
Remap: 81.58 ms
Transform color: 5.04 ms
CAM#1: PART SEARCH: search_time:0.00 ms
Process time: 0.00 ms
Loop: count=196, trial=1, Duration=88 ms
Remap: 76.88 ms
Transform color: 5.45 ms
CAM#1: PART SEARCH: search_time:0.00 ms
Process time: 0.00 ms
Loop: count=197, trial=1, Duration=84 ms
Remap: 84.31 ms
Transform color: 4.73 ms
CAM#1: PART SEARCH: search_time:0.00 ms
Process time: 0.00 ms
Loop: count=198, trial=1, Duration=91 ms
Remap: 80.68 ms
Transform color: 5.86 ms
CAM#1: PART SEARCH: search_time:0.00 ms
Process time: 0.00 ms
Loop: count=199, trial=1, Duration=89 ms
Remap: 86.82 ms
Transform color: 5.72 ms
CAM#1: PART SEARCH: search_time:0.00 ms
Process time: 0.00 ms
Loop: count=200, trial=1, Duration=95 ms
Remap: 65.38 ms
Transform color: 2.94 ms
CAM#1: PART SEARCH: search_time:0.00 ms
Process time: 0.00 ms
Loop: count=201, trial=1, Duration=69 ms
Remap: 57.48 ms
Transform color: 9.51 ms
CAM#1: PART SEARCH: search_time:0.00 ms
Process time: 0.00 ms
Loop: count=202, trial=1, Duration=70 ms
Remap: 77.09 ms
Transform color: 33.41 ms
CAM#1: PART SEARCH: search_time:0.00 ms
Process time: 0.00 ms
Loop: count=203, trial=1, Duration=116 ms
Remap: 88.28 ms
Transform color: 4.38 ms
CAM#1: PART SEARCH: search_time:0.00 ms
Process time: 0.00 ms
Loop: count=204, trial=1, Duration=94 ms
Remap: 89.93 ms
Transform color: 6.21 ms
CAM#1: PART SEARCH: search_time:0.00 ms
Process time: 0.00 ms
Loop: count=205, trial=1, Duration=100 ms
Remap: 83.66 ms
Transform color: 4.62 ms
CAM#1: PART SEARCH: search_time:0.00 ms
Process time: 0.00 ms
Loop: count=206, trial=1, Duration=91 ms
Remap: 83.22 ms
Transform color: 5.03 ms
CAM#1: PART SEARCH: search_time:0.00 ms
Process time: 0.00 ms
CAM#1: Using GLobal SEARCH ##############################################
CAM#1: GLOBAL SEARCH: search_time:0.00 ms
Loop: count=207, trial=1, Duration=90 ms
Remap: 83.38 ms
Transform color: 5.51 ms
CAM#1: PART SEARCH: search_time:0.00 ms
Process time: 0.00 ms
Loop: count=208, trial=1, Duration=91 ms
Remap: 85.34 ms
Transform color: 4.82 ms
CAM#1: PART SEARCH: search_time:0.01 ms
Process time: 0.00 ms
Loop: count=209, trial=1, Duration=97 ms
Remap: 85.46 ms
Transform color: 5.25 ms
CAM#1: PART SEARCH: search_time:0.00 ms
Process time: 0.00 ms
Loop: count=210, trial=1, Duration=93 ms
Remap: 85.22 ms
Transform color: 8.22 ms
CAM#1: PART SEARCH: search_time:0.00 ms
Process time: 0.00 ms
Loop: count=211, trial=1, Duration=97 ms
Remap: 107.46 ms
Transform color: 8.27 ms
CAM#1: PART SEARCH: search_time:0.00 ms
Process time: 0.00 ms
Loop: count=212, trial=1, Duration=153 ms
Remap: 91.67 ms
Transform color: 8.22 ms
CAM#1: PART SEARCH: search_time:0.00 ms
Process time: 0.00 ms
Loop: count=213, trial=1, Duration=103 ms
Remap: 81.28 ms
Transform color: 6.71 ms
CAM#1: PART SEARCH: search_time:0.01 ms
Process time: 0.00 ms
Loop: count=214, trial=1, Duration=114 ms
Remap: 77.57 ms
Transform color: 5.77 ms
CAM#1: PART SEARCH: search_time:0.00 ms
Process time: 0.00 ms
Loop: count=215, trial=1, Duration=88 ms
Remap: 78.17 ms
Transform color: 4.26 ms
CAM#1: PART SEARCH: search_time:0.00 ms
Process time: 0.00 ms
Loop: count=216, trial=1, Duration=140 ms
Remap: 82.54 ms
Transform color: 5.28 ms
CAM#1: PART SEARCH: search_time:0.00 ms
Process time: 0.00 ms
Loop: count=217, trial=1, Duration=90 ms
Remap: 86.38 ms
Transform color: 4.63 ms
CAM#1: PART SEARCH: search_time:0.00 ms
Process time: 0.00 ms
Loop: count=218, trial=1, Duration=93 ms
Remap: 88.24 ms
Transform color: 5.74 ms
CAM#1: PART SEARCH: search_time:0.00 ms
Process time: 0.00 ms
Loop: count=219, trial=1, Duration=96 ms
Remap: 87.61 ms
Transform color: 6.63 ms
CAM#1: PART SEARCH: search_time:0.01 ms
Process time: 0.00 ms
Loop: count=220, trial=1, Duration=97 ms
Remap: 70.69 ms
Transform color: 1.72 ms
CAM#1: PART SEARCH: search_time:0.00 ms
Process time: 0.00 ms
Loop: count=221, trial=1, Duration=109 ms
Remap: 81.56 ms
Transform color: 5.51 ms
CAM#1: PART SEARCH: search_time:0.00 ms
Process time: 0.00 ms
Loop: count=222, trial=1, Duration=89 ms
Remap: 86.62 ms
Transform color: 4.79 ms
CAM#1: PART SEARCH: search_time:0.00 ms
Process time: 0.00 ms
CAM#1: Using GLobal SEARCH ##############################################
CAM#1: GLOBAL SEARCH: search_time:0.00 ms
Loop: count=223, trial=1, Duration=93 ms
Remap: 83.89 ms
Transform color: 5.97 ms
CAM#1: PART SEARCH: search_time:0.00 ms
Process time: 0.00 ms
Loop: count=224, trial=1, Duration=93 ms
Remap: 85.79 ms
Transform color: 5.34 ms
CAM#1: PART SEARCH: search_time:0.00 ms
Process time: 0.00 ms
Loop: count=225, trial=1, Duration=669 ms
Remap: 59.25 ms
Transform color: 6.36 ms
CAM#1: PART SEARCH: search_time:0.00 ms
Process time: 0.00 ms
Loop: count=226, trial=1, Duration=85 ms
Remap: 154.46 ms
Transform color: 5.47 ms
CAM#1: PART SEARCH: search_time:0.00 ms
Process time: 0.00 ms
Loop: count=227, trial=1, Duration=162 ms
Remap: 97.37 ms
Transform color: 5.65 ms
CAM#1: PART SEARCH: search_time:0.00 ms
Process time: 0.00 ms
Loop: count=228, trial=1, Duration=105 ms
Remap: 79.48 ms
Transform color: 6.49 ms
CAM#1: PART SEARCH: search_time:0.00 ms
Process time: 0.00 ms
Loop: count=229, trial=1, Duration=88 ms
Remap: 84.56 ms
Transform color: 4.12 ms
CAM#1: PART SEARCH: search_time:0.00 ms
Process time: 0.00 ms
Loop: count=230, trial=1, Duration=90 ms
Remap: 79.44 ms
Transform color: 6.52 ms
CAM#1: PART SEARCH: search_time:0.00 ms
Process time: 0.00 ms
Loop: count=231, trial=1, Duration=88 ms
Remap: 77.65 ms
Transform color: 5.32 ms
CAM#1: PART SEARCH: search_time:0.00 ms
Process time: 0.00 ms
Loop: count=232, trial=1, Duration=85 ms
Remap: 265.41 ms
Transform color: 3.50 ms
CAM#1: PART SEARCH: search_time:0.00 ms
Process time: 0.00 ms
Loop: count=233, trial=1, Duration=271 ms
Remap: 19.00 ms
Transform color: 1.28 ms
CAM#1: PART SEARCH: search_time:0.00 ms
Process time: 0.00 ms
Loop: count=234, trial=1, Duration=23 ms
Remap: 83.01 ms
Transform color: 6.17 ms
CAM#1: PART SEARCH: search_time:0.00 ms
Process time: 0.00 ms
Loop: count=235, trial=1, Duration=164 ms
Remap: 84.81 ms
Transform color: 6.95 ms
CAM#1: PART SEARCH: search_time:0.00 ms
Process time: 0.00 ms
Loop: count=236, trial=1, Duration=94 ms
Remap: 85.42 ms
Transform color: 6.61 ms
CAM#1: PART SEARCH: search_time:0.01 ms
Process time: 0.00 ms
Loop: count=237, trial=1, Duration=94 ms
Remap: 87.11 ms
Transform color: 5.32 ms
CAM#1: PART SEARCH: search_time:0.00 ms
Process time: 0.00 ms
Loop: count=238, trial=1, Duration=94 ms
Remap: 84.96 ms
Transform color: 5.77 ms
CAM#1: PART SEARCH: search_time:0.00 ms
Process time: 0.00 ms
CAM#1: Using GLobal SEARCH ##############################################
CAM#1: GLOBAL SEARCH: search_time:0.00 ms
Loop: count=239, trial=1, Duration=92 ms
Remap: 108.00 ms
Transform color: 344.56 ms
CAM#1: PART SEARCH: search_time:0.00 ms
Process time: 0.00 ms
CAM 1: -2147483648Hz
Loop: count=240, trial=1, Duration=454 ms
Remap: 48.05 ms
Transform color: 5.41 ms
CAM#1: PART SEARCH: search_time:0.00 ms
Process time: 0.00 ms
Loop: count=241, trial=1, Duration=87 ms
Remap: 75.37 ms
Transform color: 6.04 ms
CAM#1: PART SEARCH: search_time:0.00 ms
Process time: 0.00 ms
Loop: count=242, trial=1, Duration=84 ms
Remap: 88.78 ms
Transform color: 5.48 ms
CAM#1: PART SEARCH: search_time:0.00 ms
Process time: 0.00 ms
Loop: count=243, trial=1, Duration=96 ms
Remap: 83.48 ms
Transform color: 7.79 ms
CAM#1: PART SEARCH: search_time:0.00 ms
Process time: 0.00 ms
Loop: count=244, trial=1, Duration=94 ms
Remap: 88.92 ms
Transform color: 4.73 ms
CAM#1: PART SEARCH: search_time:0.00 ms
Process time: 0.00 ms
Loop: count=245, trial=1, Duration=95 ms
Remap: 91.08 ms
Transform color: 5.93 ms
CAM#1: PART SEARCH: search_time:0.00 ms
Process time: 0.00 ms
Loop: count=246, trial=1, Duration=99 ms
Remap: 88.81 ms
Transform color: 5.53 ms
CAM#1: PART SEARCH: search_time:0.00 ms
Process time: 0.00 ms
Loop: count=247, trial=1, Duration=96 ms
Remap: 79.81 ms
Transform color: 7.21 ms
CAM#1: PART SEARCH: search_time:0.00 ms
Process time: 0.00 ms
Loop: count=248, trial=1, Duration=89 ms
Remap: 78.40 ms
Transform color: 7.32 ms
CAM#1: PART SEARCH: search_time:0.00 ms
Process time: 0.00 ms
Loop: count=249, trial=1, Duration=90 ms
Remap: 81.96 ms
Transform color: 5.84 ms
CAM#1: PART SEARCH: search_time:0.00 ms
Process time: 0.00 ms
Loop: count=250, trial=1, Duration=90 ms
Remap: 86.78 ms
Transform color: 6.11 ms
CAM#1: PART SEARCH: search_time:0.00 ms
Process time: 0.00 ms
Loop: count=251, trial=1, Duration=95 ms
Remap: 267.94 ms
Transform color: 6.13 ms
CAM#1: PART SEARCH: search_time:0.00 ms
Process time: 0.00 ms
Loop: count=252, trial=1, Duration=276 ms
Remap: 51.51 ms
Transform color: 51.73 ms
CAM#1: PART SEARCH: search_time:0.00 ms
Process time: 0.00 ms
Loop: count=253, trial=1, Duration=708 ms
Remap: 68.53 ms
Transform color: 3.84 ms
CAM#1: PART SEARCH: search_time:0.00 ms
Process time: 0.00 ms
Loop: count=254, trial=1, Duration=75 ms
Remap: 94.67 ms
Transform color: 5.38 ms
CAM#1: PART SEARCH: search_time:0.00 ms
Process time: 0.00 ms
CAM#1: Using GLobal SEARCH ##############################################
CAM#1: GLOBAL SEARCH: search_time:0.00 ms
Loop: count=255, trial=1, Duration=102 ms
Remap: 87.07 ms
Transform color: 6.54 ms
CAM#1: PART SEARCH: search_time:0.00 ms
Process time: 0.00 ms
Loop: count=256, trial=1, Duration=96 ms
Remap: 90.50 ms
Transform color: 4.99 ms
CAM#1: PART SEARCH: search_time:0.00 ms
Process time: 0.00 ms
Loop: count=257, trial=1, Duration=97 ms
Remap: 90.43 ms
Transform color: 4.88 ms
CAM#1: PART SEARCH: search_time:0.00 ms
Process time: 0.00 ms
Loop: count=258, trial=1, Duration=97 ms
Remap: 79.92 ms
Transform color: 7.33 ms
CAM#1: PART SEARCH: search_time:0.00 ms
Process time: 0.00 ms
Loop: count=259, trial=1, Duration=90 ms
Remap: 480.40 ms
Transform color: 2.30 ms
CAM#1: PART SEARCH: search_time:0.00 ms
Process time: 0.00 ms
Loop: count=260, trial=1, Duration=511 ms
Remap: 23.95 ms
Transform color: 3.64 ms
CAM#1: PART SEARCH: search_time:0.00 ms
Process time: 0.00 ms
Loop: count=261, trial=1, Duration=30 ms
Remap: 83.17 ms
Transform color: 5.03 ms
CAM#1: PART SEARCH: search_time:0.00 ms
Process time: 0.00 ms
Loop: count=262, trial=1, Duration=90 ms
Remap: 90.66 ms
Transform color: 6.64 ms
CAM#1: PART SEARCH: search_time:0.00 ms
Process time: 0.00 ms
Loop: count=263, trial=1, Duration=99 ms
Remap: 82.50 ms
Transform color: 5.17 ms
CAM#1: PART SEARCH: search_time:0.00 ms
Process time: 0.00 ms
Loop: count=264, trial=1, Duration=90 ms
Remap: 97.46 ms
Transform color: 6.02 ms
CAM#1: PART SEARCH: search_time:0.00 ms
Process time: 0.00 ms
Loop: count=265, trial=1, Duration=106 ms
Remap: 80.04 ms
Transform color: 6.69 ms
CAM#1: PART SEARCH: search_time:0.00 ms
Process time: 0.00 ms
Loop: count=266, trial=1, Duration=89 ms
Remap: 84.87 ms
Transform color: 5.70 ms
CAM#1: PART SEARCH: search_time:0.00 ms
Process time: 0.00 ms
Loop: count=267, trial=1, Duration=92 ms
Remap: 82.83 ms
Transform color: 6.12 ms
CAM#1: PART SEARCH: search_time:0.00 ms
Process time: 0.00 ms
Loop: count=268, trial=1, Duration=91 ms
Remap: 78.86 ms
Transform color: 6.41 ms
CAM#1: PART SEARCH: search_time:0.00 ms
Process time: 0.00 ms
Loop: count=269, trial=1, Duration=237 ms
Remap: 68.28 ms
Transform color: 6.26 ms
CAM#1: PART SEARCH: search_time:0.00 ms
Process time: 0.00 ms
Loop: count=270, trial=1, Duration=101 ms
Remap: 229.74 ms
Transform color: 5.72 ms
CAM#1: PART SEARCH: search_time:0.00 ms
Process time: 0.00 ms
CAM#1: Using GLobal SEARCH ##############################################
CAM#1: GLOBAL SEARCH: search_time:0.00 ms
Loop: count=271, trial=1, Duration=237 ms
Remap: 362.66 ms
Transform color: 124.73 ms
CAM#1: PART SEARCH: search_time:0.00 ms
Process time: 0.00 ms
Loop: count=272, trial=1, Duration=676 ms
Remap: 21.79 ms
Transform color: 1.99 ms
CAM#1: PART SEARCH: search_time:0.00 ms
Process time: 0.00 ms
Loop: count=273, trial=1, Duration=81 ms
Remap: 85.05 ms
Transform color: 12.33 ms
CAM#1: PART SEARCH: search_time:0.00 ms
Process time: 0.00 ms
Loop: count=274, trial=1, Duration=101 ms
Remap: 81.48 ms
Transform color: 8.30 ms
CAM#1: PART SEARCH: search_time:0.01 ms
Process time: 0.00 ms
Loop: count=275, trial=1, Duration=94 ms
Remap: 82.72 ms
Transform color: 7.58 ms
CAM#1: PART SEARCH: search_time:0.00 ms
Process time: 0.00 ms
Loop: count=276, trial=1, Duration=93 ms
Remap: 77.54 ms
Transform color: 6.29 ms
CAM#1: PART SEARCH: search_time:0.01 ms
Process time: 0.00 ms
Loop: count=277, trial=1, Duration=86 ms
Remap: 87.82 ms
Transform color: 4.47 ms
CAM#1: PART SEARCH: search_time:0.00 ms
Process time: 0.00 ms
Loop: count=278, trial=1, Duration=158 ms
Remap: 90.33 ms
Transform color: 4.96 ms
CAM#1: PART SEARCH: search_time:0.00 ms
Process time: 0.00 ms
Loop: count=279, trial=1, Duration=98 ms
Remap: 80.89 ms
Transform color: 3.49 ms
CAM#1: PART SEARCH: search_time:0.00 ms
Process time: 0.00 ms
Loop: count=280, trial=1, Duration=87 ms
Remap: 86.00 ms
Transform color: 5.10 ms
CAM#1: PART SEARCH: search_time:0.00 ms
Process time: 0.00 ms
Loop: count=281, trial=1, Duration=93 ms
Remap: 80.97 ms
Transform color: 4.85 ms
CAM#1: PART SEARCH: search_time:0.00 ms
Process time: 0.00 ms
Loop: count=282, trial=1, Duration=1083 ms
Remap: 54.78 ms
Transform color: 2.51 ms
CAM#1: PART SEARCH: search_time:0.00 ms
Process time: 0.00 ms
Loop: count=283, trial=1, Duration=190 ms
Remap: 26.68 ms
Transform color: 2.72 ms
CAM#1: PART SEARCH: search_time:0.00 ms
Process time: 0.00 ms
Loop: count=284, trial=1, Duration=31 ms
Remap: 110.59 ms
Transform color: 3.61 ms
CAM#1: PART SEARCH: search_time:0.00 ms
Process time: 0.00 ms
Loop: count=285, trial=1, Duration=176 ms
Remap: 84.13 ms
Transform color: 4.99 ms
CAM#1: PART SEARCH: search_time:0.00 ms
Process time: 0.00 ms
Loop: count=286, trial=1, Duration=108 ms
Remap: 87.04 ms
Transform color: 7.46 ms
CAM#1: PART SEARCH: search_time:0.00 ms
Process time: 0.00 ms
CAM#1: Using GLobal SEARCH ##############################################
CAM#1: GLOBAL SEARCH: search_time:0.00 ms
CAM#1: Found when using GLOBAL_IMAGE. X: 2070.00 Y:1818.00
Loop: count=287, trial=1, Duration=148 ms
Remap: 85.05 ms
Transform color: 6.81 ms
Get partial image time: 0.11 ms
Apriltag detector detect time: 10.96 ms
Zarray time: 0.00 ms
CAM#1: tag#5: FAST SEARCH: search_time:11.14 microseconds
CAM#1: PART SEARCH: search_time:11.19 ms
Tag#5 detected in the overlapping area. Time frame: 2025-Apr-24 13:14:22.321739
Process time: 0.06 ms
Loop: count=288, trial=1, Duration=107 ms
Remap: 80.44 ms
Transform color: 13.69 ms
Get partial image time: 0.16 ms
Apriltag detector detect time: 12.20 ms
Zarray time: 0.00 ms
CAM#1: tag#5: FAST SEARCH: search_time:12.47 microseconds
CAM#1: PART SEARCH: search_time:12.52 ms
Tags are missing.
Process time: 0.00 ms
CAM#1: Using GLobal SEARCH ##############################################
CAM#1: GLOBAL SEARCH: search_time:0.00 ms
CAM#1: Found when using GLOBAL_IMAGE. X: 2120.00 Y:1647.00
Loop: count=289, trial=1, Duration=124 ms
Remap: 75.42 ms
Transform color: 12.32 ms
Get partial image time: 0.17 ms
Apriltag detector detect time: 11.69 ms
Zarray time: 0.00 ms
CAM#1: tag#5: FAST SEARCH: search_time:11.98 microseconds
CAM#1: PART SEARCH: search_time:12.01 ms
Tag#5 detected in the overlapping area. Time frame: 2025-Apr-24 13:14:22.778628
Process time: 0.08 ms
Loop: count=290, trial=1, Duration=103 ms
Remap: 80.60 ms
Transform color: 13.61 ms
Get partial image time: 0.14 ms
Apriltag detector detect time: 14.10 ms
Zarray time: 0.00 ms
CAM#1: tag#5: FAST SEARCH: search_time:14.39 microseconds
CAM#1: PART SEARCH: search_time:14.42 ms
Tags are missing.
Process time: 0.01 ms
CAM#1: Using GLobal SEARCH ##############################################
CAM#1: GLOBAL SEARCH: search_time:55.21 ms
CAM#1: Found when using GLOBAL_IMAGE. X: 2221.00 Y:1504.00
Loop: count=291, trial=1, Duration=167 ms
Remap: 86.73 ms
Transform color: 14.80 ms
Get partial image time: 0.18 ms
Apriltag detector detect time: 7.05 ms
Zarray time: 0.00 ms
CAM#1: tag#5: FAST SEARCH: search_time:7.32 microseconds
CAM#1: PART SEARCH: search_time:7.36 ms
Process time: 0.00 ms
Loop: count=292, trial=1, Duration=111 ms
Remap: 87.01 ms
Transform color: 13.02 ms
Get partial image time: 0.11 ms
Apriltag detector detect time: 7.77 ms
Zarray time: 0.00 ms
CAM#1: tag#5: FAST SEARCH: search_time:7.96 microseconds
CAM#1: PART SEARCH: search_time:8.00 ms
Tags are missing.
Process time: 0.00 ms
CAM#1: Using GLobal SEARCH ##############################################
CAM#1: GLOBAL SEARCH: search_time:306.19 ms
CAM#1: Found when using GLOBAL_IMAGE. X: 2289.00 Y:1366.00
Loop: count=293, trial=1, Duration=418 ms
Remap: 79.64 ms
Transform color: 7.87 ms
Get partial image time: 0.14 ms
Apriltag detector detect time: 6.98 ms
Zarray time: 0.00 ms
CAM#1: tag#5: FAST SEARCH: search_time:7.21 microseconds
CAM#1: PART SEARCH: search_time:7.25 ms
Process time: 0.00 ms
Loop: count=294, trial=1, Duration=97 ms
Remap: 80.68 ms
Transform color: 10.48 ms
Get partial image time: 0.08 ms
Apriltag detector detect time: 7.69 ms
Zarray time: 0.00 ms
CAM#1: tag#5: FAST SEARCH: search_time:7.82 microseconds
CAM#1: PART SEARCH: search_time:7.84 ms
Tags are missing.
Process time: 0.00 ms
CAM#1: Using GLobal SEARCH ##############################################
CAM#1: GLOBAL SEARCH: search_time:230.71 ms
CAM#1: Found when using GLOBAL_IMAGE. X: 2368.00 Y:1204.00
Loop: count=295, trial=1, Duration=334 ms
Remap: 91.35 ms
Transform color: 13.33 ms
Get partial image time: 0.09 ms
Apriltag detector detect time: 7.19 ms
Zarray time: 0.00 ms
CAM#1: tag#5: FAST SEARCH: search_time:7.40 microseconds
CAM#1: PART SEARCH: search_time:7.43 ms
Process time: 0.00 ms
Loop: count=296, trial=1, Duration=116 ms
Remap: 87.23 ms
Transform color: 16.29 ms
Get partial image time: 0.14 ms
Apriltag detector detect time: 7.47 ms
Zarray time: 0.00 ms
CAM#1: tag#5: FAST SEARCH: search_time:7.71 microseconds
CAM#1: PART SEARCH: search_time:7.76 ms
Tags are missing.
Process time: 0.00 ms
CAM#1: Using GLobal SEARCH ##############################################
CAM#1: GLOBAL SEARCH: search_time:181.09 ms
CAM#1: Found when using GLOBAL_IMAGE. X: 2429.00 Y:1078.00
Loop: count=297, trial=1, Duration=298 ms
Remap: 91.78 ms
Transform color: 10.95 ms
Get partial image time: 0.09 ms
Apriltag detector detect time: 6.36 ms
Zarray time: 0.00 ms
CAM#1: tag#5: FAST SEARCH: search_time:6.56 microseconds
CAM#1: PART SEARCH: search_time:6.58 ms
Process time: 0.00 ms
Loop: count=298, trial=1, Duration=150 ms
Remap: 86.59 ms
Transform color: 17.11 ms
Get partial image time: 0.11 ms
Apriltag detector detect time: 6.51 ms
Zarray time: 0.00 ms
CAM#1: tag#5: FAST SEARCH: search_time:6.69 microseconds
CAM#1: PART SEARCH: search_time:6.73 ms
Tags are missing.
Process time: 0.00 ms
CAM#1: Using GLobal SEARCH ##############################################
CAM#1: GLOBAL SEARCH: search_time:205.91 ms
CAM#1: Found when using GLOBAL_IMAGE. X: 2495.00 Y:947.00
Loop: count=299, trial=1, Duration=319 ms
Remap: 47.62 ms
Transform color: 6.67 ms
Get partial image time: 0.06 ms
Apriltag detector detect time: 5.92 ms
Zarray time: 0.00 ms
CAM#1: tag#5: FAST SEARCH: search_time:6.08 microseconds
CAM#1: PART SEARCH: search_time:6.12 ms
Process time: 0.00 ms
Loop: count=300, trial=1, Duration=67 ms
Remap: 85.64 ms
Transform color: 14.82 ms
Get partial image time: 0.13 ms
Apriltag detector detect time: 7.40 ms
Zarray time: 0.00 ms
CAM#1: tag#5: FAST SEARCH: search_time:7.63 microseconds
CAM#1: PART SEARCH: search_time:7.66 ms
Tags are missing.
Process time: 0.00 ms
CAM#1: Using GLobal SEARCH ##############################################
CAM#1: GLOBAL SEARCH: search_time:366.46 ms
CAM#1: Found when using GLOBAL_IMAGE. X: 2560.00 Y:818.00
Loop: count=301, trial=1, Duration=478 ms
Remap: 61.96 ms
Transform color: 5.25 ms
Get partial image time: 0.07 ms
Apriltag detector detect time: 8.12 ms
Zarray time: 0.00 ms
CAM#1: tag#5: FAST SEARCH: search_time:8.29 microseconds
CAM#1: PART SEARCH: search_time:8.34 ms
Process time: 0.00 ms
Loop: count=302, trial=1, Duration=79 ms
Remap: 86.01 ms
Transform color: 15.04 ms
Get partial image time: 0.24 ms
Apriltag detector detect time: 11.16 ms
Zarray time: 0.00 ms
CAM#1: tag#5: FAST SEARCH: search_time:11.53 microseconds
CAM#1: PART SEARCH: search_time:11.58 ms
Tags are missing.
Process time: 0.01 ms
CAM#1: Using GLobal SEARCH ##############################################
CAM#1: GLOBAL SEARCH: search_time:286.30 ms
CAM#1: Found when using GLOBAL_IMAGE. X: 2634.00 Y:673.00
Loop: count=303, trial=1, Duration=401 ms
Remap: 10.12 ms
Transform color: 1.08 ms
Get partial image time: 0.05 ms
Apriltag detector detect time: 6.05 ms
Zarray time: 0.00 ms
CAM#1: tag#5: FAST SEARCH: search_time:6.22 microseconds
CAM#1: PART SEARCH: search_time:6.25 ms
Process time: 0.00 ms
Loop: count=304, trial=1, Duration=431 ms
Remap: 80.16 ms
Transform color: 13.41 ms
Get partial image time: 0.11 ms
Apriltag detector detect time: 11.81 ms
Zarray time: 0.00 ms
CAM#1: tag#5: FAST SEARCH: search_time:12.04 microseconds
CAM#1: PART SEARCH: search_time:12.06 ms
Tags are missing.
Process time: 0.01 ms
CAM#1: Using GLobal SEARCH ##############################################
CAM#1: GLOBAL SEARCH: search_time:0.00 ms
CAM#1: Found when using GLOBAL_IMAGE. X: 2698.00 Y:543.00
Loop: count=305, trial=1, Duration=110 ms
Remap: 91.41 ms
Transform color: 22.34 ms
Get partial image time: 0.28 ms
Apriltag detector detect time: 9.70 ms
Zarray time: 0.00 ms
CAM#1: tag#5: FAST SEARCH: search_time:10.10 microseconds
CAM#1: PART SEARCH: search_time:10.15 ms
Process time: 0.00 ms
Loop: count=306, trial=1, Duration=126 ms
Remap: 86.00 ms
Transform color: 18.38 ms
Get partial image time: 0.18 ms
Apriltag detector detect time: 13.35 ms
Zarray time: 0.00 ms
CAM#1: tag#5: FAST SEARCH: search_time:13.63 microseconds
CAM#1: PART SEARCH: search_time:13.67 ms
Tags are missing.
Process time: 0.01 ms
CAM#1: Using GLobal SEARCH ##############################################
CAM#1: GLOBAL SEARCH: search_time:105.94 ms
CAM#1: Found when using GLOBAL_IMAGE. X: 2755.00 Y:432.00
Loop: count=307, trial=1, Duration=227 ms
Remap: 80.55 ms
Transform color: 1.57 ms
Get partial image time: 0.06 ms
Apriltag detector detect time: 40.59 ms
CAM#1: tag#5: FAST SEARCH: search_time:40.73 microseconds
CAM#1: tag#5 exceeded 17ms search time. Switching to exhaustive search.
CAM#1: PART SEARCH: search_time:40.75 ms
Tag#5 detected in the overlapping area. Time frame: 2025-Apr-24 13:14:27.102592
Process time: 0.04 ms
CAM#1: Using GLobal SEARCH ##############################################
CAM#1: GLOBAL SEARCH: search_time:392.33 ms
CAM#1: Found when using GLOBAL_IMAGE. X: 2833.00 Y:285.00
Loop: count=308, trial=1, Duration=519 ms
Remap: 85.05 ms
Transform color: 14.99 ms
Get partial image time: 0.07 ms
Apriltag detector detect time: 7.73 ms
Zarray time: 0.00 ms
CAM#1: tag#5: FAST SEARCH: search_time:7.87 microseconds
CAM#1: PART SEARCH: search_time:7.89 ms
Tag#5 detected in the overlapping area. Time frame: 2025-Apr-24 13:14:27.602661
Process time: 0.04 ms
Loop: count=309, trial=1, Duration=118 ms
Remap: 78.35 ms
Transform color: 13.48 ms
Get partial image time: 0.13 ms
Apriltag detector detect time: 7.99 ms
Zarray time: 0.00 ms
CAM#1: tag#5: FAST SEARCH: search_time:8.21 microseconds
CAM#1: PART SEARCH: search_time:8.25 ms
Tags are missing.
Process time: 0.00 ms
CAM#1: Using GLobal SEARCH ##############################################
CAM#1: GLOBAL SEARCH: search_time:175.75 ms
CAM#1: Found when using GLOBAL_IMAGE. X: 2904.00 Y:138.00
Loop: count=310, trial=1, Duration=279 ms
Remap: 94.82 ms
Transform color: 5.08 ms
Get partial image time: 0.05 ms
Apriltag detector detect time: 6.04 ms
Zarray time: 0.00 ms
CAM#1: tag#5: FAST SEARCH: search_time:6.17 microseconds
CAM#1: PART SEARCH: search_time:6.20 ms
Tag#5 detected in the overlapping area. Time frame: 2025-Apr-24 13:14:28.129850
Process time: 0.03 ms
Loop: count=311, trial=1, Duration=109 ms
Remap: 79.69 ms
Transform color: 1.24 ms
Get partial image time: 0.05 ms
Apriltag detector detect time: 6.24 ms
Zarray time: 0.00 ms
CAM#1: tag#5: FAST SEARCH: search_time:6.35 microseconds
CAM#1: PART SEARCH: search_time:6.37 ms
Tags are missing.
Process time: 0.00 ms
CAM#1: Using GLobal SEARCH ##############################################
CAM#1: GLOBAL SEARCH: search_time:255.88 ms
Loop: count=312, trial=1, Duration=444 ms
Remap: 89.00 ms
Transform color: 11.17 ms
CAM#1: PART SEARCH: search_time:0.01 ms
Tag#5 detected in the overlapping area. Time frame: 2025-Apr-24 13:14:28.129850
Process time: 0.06 ms
Loop: count=313, trial=1, Duration=103 ms
Remap: 89.61 ms
Transform color: 8.52 ms
CAM#1: PART SEARCH: search_time:0.00 ms
Process time: 0.00 ms
Loop: count=314, trial=1, Duration=100 ms
Remap: 83.61 ms
Transform color: 6.37 ms
CAM#1: PART SEARCH: search_time:0.00 ms
Process time: 0.00 ms
Loop: count=315, trial=1, Duration=98 ms
Remap: 84.84 ms
Transform color: 10.29 ms
CAM#1: PART SEARCH: search_time:0.00 ms
Process time: 0.00 ms
Loop: count=316, trial=1, Duration=98 ms
Remap: 82.34 ms
Transform color: 7.45 ms
CAM#1: PART SEARCH: search_time:0.00 ms
Process time: 0.00 ms
Loop: count=317, trial=1, Duration=92 ms
Remap: 89.48 ms
Transform color: 7.51 ms
CAM#1: PART SEARCH: search_time:0.00 ms
Process time: 0.00 ms
Loop: count=318, trial=1, Duration=100 ms
Remap: 74.93 ms
Transform color: 5.78 ms
CAM#1: PART SEARCH: search_time:0.00 ms
Process time: 0.00 ms
Loop: count=319, trial=1, Duration=83 ms
Remap: 84.44 ms
Transform color: 4.95 ms
CAM#1: PART SEARCH: search_time:0.00 ms
Process time: 0.00 ms
Loop: count=320, trial=1, Duration=125 ms
Remap: 87.78 ms
Transform color: 8.42 ms
CAM#1: PART SEARCH: search_time:0.00 ms
Process time: 0.00 ms
Loop: count=321, trial=1, Duration=101 ms
Remap: 84.67 ms
Transform color: 5.63 ms
CAM#1: PART SEARCH: search_time:0.00 ms
Process time: 0.00 ms
Loop: count=322, trial=1, Duration=94 ms
Remap: 83.86 ms
Transform color: 7.46 ms
CAM#1: PART SEARCH: search_time:0.00 ms
Process time: 0.00 ms
Loop: count=323, trial=1, Duration=96 ms
Remap: 83.94 ms
Transform color: 11.79 ms
CAM#1: PART SEARCH: search_time:0.00 ms
Process time: 0.00 ms
Loop: count=324, trial=1, Duration=98 ms
Remap: 82.26 ms
Transform color: 9.75 ms
CAM#1: PART SEARCH: search_time:0.00 ms
Process time: 0.00 ms
Loop: count=325, trial=1, Duration=95 ms
Remap: 83.13 ms
Transform color: 5.56 ms
CAM#1: PART SEARCH: search_time:0.00 ms
Process time: 0.00 ms
Loop: count=326, trial=1, Duration=91 ms
Remap: 90.53 ms
Transform color: 8.20 ms
CAM#1: PART SEARCH: search_time:0.00 ms
Process time: 0.00 ms
Loop: count=327, trial=1, Duration=101 ms
Remap: 82.33 ms
Transform color: 7.80 ms
CAM#1: PART SEARCH: search_time:0.00 ms
Process time: 0.00 ms
CAM#1: Using GLobal SEARCH ##############################################
CAM#1: GLOBAL SEARCH: search_time:0.00 ms
Loop: count=328, trial=1, Duration=93 ms
Remap: 121.86 ms
Transform color: 5.98 ms
CAM#1: PART SEARCH: search_time:0.00 ms
Tag#5 detected in the overlapping area. Time frame: 2025-Apr-24 13:14:28.129850
Process time: 0.03 ms
Loop: count=329, trial=1, Duration=168 ms
Remap: 95.91 ms
Transform color: 9.21 ms
CAM#1: PART SEARCH: search_time:0.00 ms
Process time: 0.00 ms
Loop: count=330, trial=1, Duration=107 ms
Remap: 85.20 ms
Transform color: 11.70 ms
CAM#1: PART SEARCH: search_time:0.00 ms
Process time: 0.00 ms
Loop: count=331, trial=1, Duration=102 ms
Remap: 85.97 ms
Transform color: 6.37 ms
CAM#1: PART SEARCH: search_time:0.00 ms
Process time: 0.00 ms
Loop: count=332, trial=1, Duration=94 ms
Remap: 83.52 ms
Transform color: 8.15 ms
CAM#1: PART SEARCH: search_time:0.00 ms
Process time: 0.00 ms
Loop: count=333, trial=1, Duration=96 ms
Remap: 80.30 ms
Transform color: 7.98 ms
CAM#1: PART SEARCH: search_time:0.00 ms
Process time: 0.00 ms
Loop: count=334, trial=1, Duration=92 ms
Remap: 83.11 ms
Transform color: 5.98 ms
CAM#1: PART SEARCH: search_time:0.00 ms
Process time: 0.00 ms
Loop: count=335, trial=1, Duration=362 ms
Remap: 63.49 ms
Transform color: 12.01 ms
CAM#1: PART SEARCH: search_time:0.00 ms
Process time: 0.00 ms
Loop: count=336, trial=1, Duration=78 ms
Remap: 45.79 ms
Transform color: 2.40 ms
CAM#1: PART SEARCH: search_time:0.00 ms
Process time: 0.00 ms
Loop: count=337, trial=1, Duration=75 ms
Remap: 88.27 ms
Transform color: 7.67 ms
CAM#1: PART SEARCH: search_time:0.01 ms
Process time: 0.00 ms
Loop: count=338, trial=1, Duration=151 ms
Remap: 86.14 ms
Transform color: 6.72 ms
CAM#1: PART SEARCH: search_time:0.00 ms
Process time: 0.00 ms
Loop: count=339, trial=1, Duration=96 ms
Remap: 80.22 ms
Transform color: 7.37 ms
CAM#1: PART SEARCH: search_time:0.01 ms
Process time: 0.00 ms
Loop: count=340, trial=1, Duration=91 ms
Remap: 91.66 ms
Transform color: 7.72 ms
CAM#1: PART SEARCH: search_time:0.00 ms
Process time: 0.00 ms
Loop: count=341, trial=1, Duration=102 ms
Remap: 88.43 ms
Transform color: 5.64 ms
CAM#1: PART SEARCH: search_time:0.00 ms
Process time: 0.00 ms
Loop: count=342, trial=1, Duration=132 ms
Remap: 95.70 ms
Transform color: 10.25 ms
CAM#1: PART SEARCH: search_time:0.00 ms
Process time: 0.00 ms
Loop: count=343, trial=1, Duration=110 ms
Remap: 87.08 ms
Transform color: 8.59 ms
CAM#1: PART SEARCH: search_time:0.00 ms
Process time: 0.00 ms
CAM#1: Using GLobal SEARCH ##############################################
CAM#1: GLOBAL SEARCH: search_time:0.00 ms
Loop: count=344, trial=1, Duration=101 ms
Remap: 76.87 ms
Transform color: 4.86 ms
CAM#1: PART SEARCH: search_time:0.00 ms
Tag#5 detected in the overlapping area. Time frame: 2025-Apr-24 13:14:28.129850
Process time: 0.02 ms
Loop: count=345, trial=1, Duration=134 ms
Remap: 69.68 ms
Transform color: 6.31 ms
CAM#1: PART SEARCH: search_time:0.00 ms
Process time: 0.00 ms
Loop: count=346, trial=1, Duration=78 ms
Remap: 81.98 ms
Transform color: 6.43 ms
CAM#1: PART SEARCH: search_time:0.00 ms
Process time: 0.00 ms
Loop: count=347, trial=1, Duration=91 ms
Remap: 70.23 ms
Transform color: 6.31 ms
CAM#1: PART SEARCH: search_time:0.00 ms
Process time: 0.00 ms
Loop: count=348, trial=1, Duration=79 ms
Remap: 71.99 ms
Transform color: 5.54 ms
CAM#1: PART SEARCH: search_time:0.00 ms
Process time: 0.00 ms
Loop: count=349, trial=1, Duration=80 ms
Remap: 75.83 ms
Transform color: 9.00 ms
CAM#1: PART SEARCH: search_time:0.00 ms
Process time: 0.00 ms
Loop: count=350, trial=1, Duration=88 ms
Remap: 64.81 ms
Transform color: 4.98 ms
CAM#1: PART SEARCH: search_time:0.00 ms
Process time: 0.00 ms
Loop: count=351, trial=1, Duration=108 ms
Remap: 74.36 ms
Transform color: 8.03 ms
CAM#1: PART SEARCH: search_time:0.00 ms
Process time: 0.00 ms
Loop: count=352, trial=1, Duration=86 ms
Remap: 83.31 ms
Transform color: 6.04 ms
CAM#1: PART SEARCH: search_time:0.00 ms
Process time: 0.00 ms
Loop: count=353, trial=1, Duration=92 ms
Remap: 90.18 ms
Transform color: 7.98 ms
CAM#1: PART SEARCH: search_time:0.01 ms
Process time: 0.00 ms
Loop: count=354, trial=1, Duration=101 ms
Remap: 93.42 ms
Transform color: 8.08 ms
CAM#1: PART SEARCH: search_time:0.00 ms
Process time: 0.00 ms
Loop: count=355, trial=1, Duration=104 ms
Remap: 75.78 ms
Transform color: 5.65 ms
CAM#1: PART SEARCH: search_time:0.00 ms
Process time: 0.00 ms
Loop: count=356, trial=1, Duration=100 ms
Remap: 85.57 ms
Transform color: 5.76 ms
CAM#1: PART SEARCH: search_time:0.00 ms
Process time: 0.00 ms
Loop: count=357, trial=1, Duration=111 ms
Remap: 80.37 ms
Transform color: 6.94 ms
CAM#1: PART SEARCH: search_time:0.00 ms
Process time: 0.00 ms
Loop: count=358, trial=1, Duration=95 ms
Remap: 118.29 ms
Transform color: 2.92 ms
CAM#1: PART SEARCH: search_time:0.00 ms
Process time: 0.00 ms
Loop: count=359, trial=1, Duration=128 ms
Remap: 84.95 ms
Transform color: 8.55 ms
CAM#1: PART SEARCH: search_time:0.00 ms
Process time: 0.00 ms
CAM#1: Using GLobal SEARCH ##############################################
CAM#1: GLOBAL SEARCH: search_time:0.00 ms
CAM 1: -2147483648Hz
Loop: count=360, trial=1, Duration=96 ms
Remap: 95.29 ms
Transform color: 13.32 ms
CAM#1: PART SEARCH: search_time:0.00 ms
Tag#5 detected in the overlapping area. Time frame: 2025-Apr-24 13:14:28.129850
Process time: 0.04 ms
Loop: count=361, trial=1, Duration=111 ms
Remap: 85.85 ms
Transform color: 5.81 ms
CAM#1: PART SEARCH: search_time:0.00 ms
Process time: 0.00 ms
Loop: count=362, trial=1, Duration=93 ms
Remap: 77.50 ms
Transform color: 4.44 ms
CAM#1: PART SEARCH: search_time:0.00 ms
Process time: 0.00 ms
Loop: count=363, trial=1, Duration=116 ms
Remap: 83.02 ms
Transform color: 7.45 ms
CAM#1: PART SEARCH: search_time:0.00 ms
Process time: 0.00 ms
Loop: count=364, trial=1, Duration=100 ms
Remap: 86.56 ms
Transform color: 5.63 ms
CAM#1: PART SEARCH: search_time:0.00 ms
Process time: 0.00 ms
Loop: count=365, trial=1, Duration=153 ms
Remap: 93.96 ms
Transform color: 8.01 ms
CAM#1: PART SEARCH: search_time:0.00 ms
Process time: 0.00 ms
Loop: count=366, trial=1, Duration=175 ms
Remap: 82.33 ms
Transform color: 7.61 ms
CAM#1: PART SEARCH: search_time:0.00 ms
Process time: 0.00 ms
Loop: count=367, trial=1, Duration=92 ms
Remap: 78.51 ms
Transform color: 9.55 ms
CAM#1: PART SEARCH: search_time:0.00 ms
Process time: 0.00 ms
Loop: count=368, trial=1, Duration=92 ms
Remap: 90.62 ms
Transform color: 8.27 ms
CAM#1: PART SEARCH: search_time:0.00 ms
Process time: 0.00 ms
Loop: count=369, trial=1, Duration=103 ms
Remap: 90.48 ms
Transform color: 7.85 ms
CAM#1: PART SEARCH: search_time:0.00 ms
Process time: 0.00 ms
Loop: count=370, trial=1, Duration=101 ms
Remap: 87.33 ms
Transform color: 7.11 ms
CAM#1: PART SEARCH: search_time:0.00 ms
Process time: 0.00 ms
Loop: count=371, trial=1, Duration=98 ms
Remap: 84.71 ms
Transform color: 5.88 ms
CAM#1: PART SEARCH: search_time:0.00 ms
Process time: 0.00 ms
Loop: count=372, trial=1, Duration=93 ms
Remap: 73.41 ms
Transform color: 6.79 ms
CAM#1: PART SEARCH: search_time:0.00 ms
Process time: 0.00 ms
Loop: count=373, trial=1, Duration=84 ms
