Remap: 90.14 ms
Transform color: 11.82 ms
CAM#1: PART SEARCH: search_time:0.00 ms
Process time: 0.00 ms
Loop 0: trial=1, Duration=241430 ms
Remap: 153.76 ms
Transform color: 2.32 ms
CAM#1: PART SEARCH: search_time:0.00 ms
Process time: 0.00 ms
Loop 1: trial=1, Duration=169353 ms
Remap: 17.04 ms
Transform color: 1.91 ms
CAM#1: PART SEARCH: search_time:0.00 ms
Process time: 0.00 ms
Loop 2: trial=1, Duration=198713 ms
Remap: 46.32 ms
Transform color: 1.86 ms
CAM#1: PART SEARCH: search_time:0.00 ms
Process time: 0.00 ms
Loop 3: trial=1, Duration=175648 ms
Remap: 80.07 ms
Transform color: 19.68 ms
CAM#1: PART SEARCH: search_time:0.00 ms
Process time: 0.00 ms
Loop 4: trial=1, Duration=633197 ms
Remap: 82.32 ms
Transform color: 1.90 ms
CAM#1: PART SEARCH: search_time:0.00 ms
Process time: 0.00 ms
Loop 5: trial=1, Duration=142289 ms
Remap: 82.68 ms
Transform color: 11.23 ms
CAM#1: PART SEARCH: search_time:0.00 ms
Process time: 0.00 ms
Loop 6: trial=1, Duration=97519 ms
Remap: 82.08 ms
Transform color: 15.61 ms
CAM#1: PART SEARCH: search_time:0.00 ms
Process time: 0.00 ms
Loop 7: trial=1, Duration=106583 ms
Remap: 75.11 ms
Transform color: 17.22 ms
CAM#1: PART SEARCH: search_time:0.00 ms
Process time: 0.00 ms
Loop 8: trial=1, Duration=95109 ms
Remap: 83.15 ms
Transform color: 11.91 ms
CAM#1: PART SEARCH: search_time:0.00 ms
Process time: 0.00 ms
Loop 9: trial=1, Duration=151560 ms
Remap: 79.32 ms
Transform color: 12.70 ms
CAM#1: PART SEARCH: search_time:0.00 ms
Process time: 0.00 ms
Loop 10: trial=1, Duration=95537 ms
Remap: 78.51 ms
Transform color: 18.97 ms
CAM#1: PART SEARCH: search_time:0.01 ms
Process time: 0.00 ms
Loop 11: trial=1, Duration=102466 ms
Remap: 85.09 ms
Transform color: 20.80 ms
CAM#1: PART SEARCH: search_time:0.00 ms
Process time: 0.00 ms
Loop 12: trial=1, Duration=109630 ms
Remap: 82.87 ms
Transform color: 16.28 ms
CAM#1: PART SEARCH: search_time:0.00 ms
Process time: 0.00 ms
Loop 13: trial=1, Duration=130053 ms
Remap: 71.44 ms
Transform color: 18.04 ms
CAM#1: PART SEARCH: search_time:0.00 ms
Process time: 0.00 ms
Loop 14: trial=1, Duration=93797 ms
Remap: 73.16 ms
Transform color: 15.79 ms
CAM#1: PART SEARCH: search_time:0.00 ms
Process time: 0.00 ms
CAM#1: Using GLobal SEARCH ##############################################
CAM#1: GLOBAL SEARCH: search_time:0.00 ms
Loop 15: trial=1, Duration=91560 ms
Remap: 77.42 ms
Transform color: 21.93 ms
CAM#1: PART SEARCH: search_time:0.00 ms
Process time: 0.00 ms
Loop 16: trial=1, Duration=205603 ms
Remap: 78.52 ms
Transform color: 14.97 ms
CAM#1: PART SEARCH: search_time:0.00 ms
Process time: 0.00 ms
Loop 17: trial=1, Duration=95941 ms
Remap: 84.65 ms
Transform color: 2.77 ms
CAM#1: PART SEARCH: search_time:0.00 ms
Process time: 0.00 ms
Loop 18: trial=1, Duration=152700 ms
Remap: 87.26 ms
Transform color: 14.05 ms
CAM#1: PART SEARCH: search_time:0.00 ms
Process time: 0.00 ms
Loop 19: trial=1, Duration=387977 ms
Remap: 21.40 ms
Transform color: 3.73 ms
CAM#1: PART SEARCH: search_time:0.00 ms
Process time: 0.00 ms
Loop 20: trial=1, Duration=49762 ms
Remap: 78.47 ms
Transform color: 15.56 ms
CAM#1: PART SEARCH: search_time:0.00 ms
Process time: 0.00 ms
Loop 21: trial=1, Duration=276076 ms
Remap: 76.88 ms
Transform color: 19.22 ms
CAM#1: PART SEARCH: search_time:0.00 ms
Process time: 0.00 ms
Loop 22: trial=1, Duration=99997 ms
Remap: 76.00 ms
Transform color: 13.40 ms
CAM#1: PART SEARCH: search_time:0.00 ms
Process time: 0.00 ms
Loop 23: trial=1, Duration=169918 ms
Remap: 76.11 ms
Transform color: 14.70 ms
CAM#1: PART SEARCH: search_time:0.00 ms
Process time: 0.00 ms
Loop 24: trial=1, Duration=261683 ms
Remap: 94.86 ms
Transform color: 6.08 ms
CAM#1: PART SEARCH: search_time:0.00 ms
Process time: 0.00 ms
Loop 25: trial=1, Duration=142845 ms
Remap: 82.52 ms
Transform color: 14.78 ms
CAM#1: PART SEARCH: search_time:0.00 ms
Process time: 0.00 ms
Loop 26: trial=1, Duration=147165 ms
Remap: 83.01 ms
Transform color: 15.88 ms
CAM#1: PART SEARCH: search_time:0.00 ms
Process time: 0.00 ms
Loop 27: trial=1, Duration=122961 ms
Remap: 77.76 ms
Transform color: 12.95 ms
CAM#1: PART SEARCH: search_time:0.01 ms
Process time: 0.00 ms
Loop 28: trial=1, Duration=173448 ms
Remap: 87.18 ms
Transform color: 13.80 ms
CAM#1: PART SEARCH: search_time:0.00 ms
Process time: 0.00 ms
Loop 29: trial=1, Duration=250498 ms
Remap: 82.26 ms
Transform color: 13.68 ms
CAM#1: PART SEARCH: search_time:0.00 ms
Process time: 0.00 ms
Loop 30: trial=1, Duration=193124 ms
Remap: 140.97 ms
Transform color: 2.68 ms
CAM#1: PART SEARCH: search_time:0.00 ms
Process time: 0.00 ms
CAM#1: Using GLobal SEARCH ##############################################
CAM#1: GLOBAL SEARCH: search_time:0.00 ms
Loop 31: trial=1, Duration=169896 ms
Remap: 82.28 ms
Transform color: 14.79 ms
CAM#1: PART SEARCH: search_time:0.00 ms
Process time: 0.00 ms
Loop 32: trial=1, Duration=266910 ms
Remap: 81.00 ms
Transform color: 10.76 ms
CAM#1: PART SEARCH: search_time:0.01 ms
Process time: 0.00 ms
Loop 33: trial=1, Duration=323701 ms
Remap: 71.81 ms
Transform color: 18.92 ms
CAM#1: PART SEARCH: search_time:0.00 ms
Process time: 0.00 ms
Loop 34: trial=1, Duration=94939 ms
Remap: 76.04 ms
Transform color: 19.13 ms
CAM#1: PART SEARCH: search_time:0.00 ms
Process time: 0.00 ms
Loop 35: trial=1, Duration=98575 ms
Remap: 87.69 ms
Transform color: 14.31 ms
CAM#1: PART SEARCH: search_time:0.00 ms
Process time: 0.00 ms
Loop 36: trial=1, Duration=207139 ms
Remap: 89.05 ms
Transform color: 6.41 ms
CAM#1: PART SEARCH: search_time:0.00 ms
Process time: 0.00 ms
Loop 37: trial=1, Duration=162274 ms
Remap: 75.43 ms
Transform color: 6.63 ms
CAM#1: PART SEARCH: search_time:0.00 ms
Process time: 0.00 ms
Loop 38: trial=1, Duration=96216 ms
Remap: 87.44 ms
Transform color: 8.29 ms
CAM#1: PART SEARCH: search_time:0.00 ms
Process time: 0.00 ms
Loop 39: trial=1, Duration=175152 ms
Remap: 88.62 ms
Transform color: 10.12 ms
CAM#1: PART SEARCH: search_time:0.00 ms
Process time: 0.00 ms
Loop 40: trial=1, Duration=104000 ms
Remap: 76.97 ms
Transform color: 4.66 ms
CAM#1: PART SEARCH: search_time:0.00 ms
Process time: 0.00 ms
Loop 41: trial=1, Duration=108094 ms
Remap: 81.31 ms
Transform color: 9.25 ms
CAM#1: PART SEARCH: search_time:0.00 ms
Process time: 0.00 ms
Loop 42: trial=1, Duration=95142 ms
Remap: 81.85 ms
Transform color: 11.05 ms
CAM#1: PART SEARCH: search_time:0.00 ms
Process time: 0.00 ms
Loop 43: trial=1, Duration=97211 ms
Remap: 86.95 ms
Transform color: 7.71 ms
CAM#1: PART SEARCH: search_time:0.00 ms
Process time: 0.00 ms
Loop 44: trial=1, Duration=99059 ms
Remap: 83.08 ms
Transform color: 9.59 ms
CAM#1: PART SEARCH: search_time:0.00 ms
Process time: 0.00 ms
Loop 45: trial=1, Duration=97165 ms
Remap: 80.34 ms
Transform color: 10.82 ms
CAM#1: PART SEARCH: search_time:0.00 ms
Process time: 0.00 ms
Loop 46: trial=1, Duration=93124 ms
Remap: 81.73 ms
Transform color: 6.99 ms
CAM#1: PART SEARCH: search_time:0.00 ms
Process time: 0.00 ms
CAM#1: Using GLobal SEARCH ##############################################
CAM#1: GLOBAL SEARCH: search_time:0.00 ms
Loop 47: trial=1, Duration=91517 ms
Remap: 37.19 ms
Transform color: 119.90 ms
CAM#1: PART SEARCH: search_time:0.01 ms
Process time: 0.00 ms
Loop 48: trial=1, Duration=167807 ms
Remap: 88.18 ms
Transform color: 9.50 ms
CAM#1: PART SEARCH: search_time:0.00 ms
Process time: 0.00 ms
Loop 49: trial=1, Duration=101901 ms
Remap: 86.20 ms
Transform color: 7.37 ms
CAM#1: PART SEARCH: search_time:0.00 ms
Process time: 0.00 ms
Loop 50: trial=1, Duration=123431 ms
Remap: 89.83 ms
Transform color: 7.93 ms
CAM#1: PART SEARCH: search_time:0.00 ms
Process time: 0.00 ms
Loop 51: trial=1, Duration=99766 ms
Remap: 133.50 ms
Transform color: 29.59 ms
CAM#1: PART SEARCH: search_time:0.00 ms
Process time: 0.00 ms
Loop 52: trial=1, Duration=174045 ms
Remap: 247.44 ms
Transform color: 103.25 ms
CAM#1: PART SEARCH: search_time:0.00 ms
Process time: 0.00 ms
Loop 53: trial=1, Duration=433974 ms
Remap: 58.95 ms
Transform color: 1.84 ms
CAM#1: PART SEARCH: search_time:0.00 ms
Process time: 0.00 ms
Loop 54: trial=1, Duration=155363 ms
Remap: 94.12 ms
Transform color: 18.90 ms
CAM#1: PART SEARCH: search_time:0.00 ms
Process time: 0.00 ms
Loop 55: trial=1, Duration=116140 ms
Remap: 83.23 ms
Transform color: 14.92 ms
CAM#1: PART SEARCH: search_time:0.00 ms
Process time: 0.00 ms
Loop 56: trial=1, Duration=101124 ms
Remap: 78.08 ms
Transform color: 17.43 ms
CAM#1: PART SEARCH: search_time:0.00 ms
Process time: 0.00 ms
Loop 57: trial=1, Duration=98284 ms
Remap: 87.54 ms
Transform color: 17.19 ms
CAM#1: PART SEARCH: search_time:0.00 ms
Process time: 0.00 ms
Loop 58: trial=1, Duration=108746 ms
Remap: 92.95 ms
Transform color: 14.93 ms
CAM#1: PART SEARCH: search_time:0.00 ms
Process time: 0.00 ms
Loop 59: trial=1, Duration=110474 ms
Remap: 92.04 ms
Transform color: 15.03 ms
CAM#1: PART SEARCH: search_time:0.00 ms
Process time: 0.00 ms
Loop 60: trial=1, Duration=179164 ms
Remap: 53.58 ms
Transform color: 6.71 ms
CAM#1: PART SEARCH: search_time:0.00 ms
Process time: 0.00 ms
Loop 61: trial=1, Duration=62517 ms
Remap: 71.33 ms
Transform color: 6.03 ms
CAM#1: PART SEARCH: search_time:0.00 ms
Process time: 0.00 ms
Loop 62: trial=1, Duration=80360 ms
Remap: 68.96 ms
Transform color: 4.16 ms
CAM#1: PART SEARCH: search_time:0.00 ms
Process time: 0.00 ms
CAM#1: Using GLobal SEARCH ##############################################
CAM#1: GLOBAL SEARCH: search_time:0.00 ms
Loop 63: trial=1, Duration=112199 ms
Remap: 88.57 ms
Transform color: 7.02 ms
CAM#1: PART SEARCH: search_time:0.00 ms
Process time: 0.00 ms
Loop 64: trial=1, Duration=97821 ms
Remap: 72.75 ms
Transform color: 4.83 ms
CAM#1: PART SEARCH: search_time:0.00 ms
Process time: 0.00 ms
Loop 65: trial=1, Duration=120720 ms
Remap: 73.31 ms
Transform color: 7.60 ms
CAM#1: PART SEARCH: search_time:0.01 ms
Process time: 0.00 ms
Loop 66: trial=1, Duration=84613 ms
Remap: 80.37 ms
Transform color: 6.11 ms
CAM#1: PART SEARCH: search_time:0.00 ms
Process time: 0.00 ms
Loop 67: trial=1, Duration=89302 ms
Remap: 75.41 ms
Transform color: 3.93 ms
CAM#1: PART SEARCH: search_time:0.00 ms
Process time: 0.00 ms
Loop 68: trial=1, Duration=82290 ms
Remap: 74.16 ms
Transform color: 4.14 ms
CAM#1: PART SEARCH: search_time:0.01 ms
Process time: 0.00 ms
Loop 69: trial=1, Duration=100806 ms
Remap: 78.04 ms
Transform color: 6.87 ms
CAM#1: PART SEARCH: search_time:0.00 ms
Process time: 0.00 ms
Loop 70: trial=1, Duration=88243 ms
Remap: 65.50 ms
Transform color: 6.47 ms
CAM#1: PART SEARCH: search_time:0.00 ms
Process time: 0.00 ms
Loop 71: trial=1, Duration=115358 ms
Remap: 70.39 ms
Transform color: 7.66 ms
CAM#1: PART SEARCH: search_time:0.00 ms
Process time: 0.00 ms
Loop 72: trial=1, Duration=81431 ms
Remap: 67.91 ms
Transform color: 3.51 ms
CAM#1: PART SEARCH: search_time:0.00 ms
Process time: 0.00 ms
Loop 73: trial=1, Duration=101583 ms
Remap: 71.07 ms
Transform color: 6.56 ms
CAM#1: PART SEARCH: search_time:0.01 ms
Process time: 0.00 ms
Loop 74: trial=1, Duration=133829 ms
Remap: 81.21 ms
Transform color: 7.52 ms
CAM#1: PART SEARCH: search_time:0.00 ms
Process time: 0.00 ms
Loop 75: trial=1, Duration=92348 ms
Remap: 93.95 ms
Transform color: 9.74 ms
CAM#1: PART SEARCH: search_time:0.00 ms
Process time: 0.00 ms
Loop 76: trial=1, Duration=108983 ms
Remap: 77.16 ms
Transform color: 4.57 ms
CAM#1: PART SEARCH: search_time:0.00 ms
Process time: 0.00 ms
Loop 77: trial=1, Duration=83799 ms
Remap: 66.53 ms
Transform color: 3.89 ms
CAM#1: PART SEARCH: search_time:0.00 ms
Process time: 0.00 ms
Loop 78: trial=1, Duration=72515 ms
Remap: 67.71 ms
Transform color: 49.43 ms
CAM#1: PART SEARCH: search_time:0.00 ms
Process time: 0.00 ms
CAM#1: Using GLobal SEARCH ##############################################
CAM#1: GLOBAL SEARCH: search_time:0.00 ms
Loop 79: trial=1, Duration=164494 ms
Remap: 92.48 ms
Transform color: 3.81 ms
CAM#1: PART SEARCH: search_time:0.00 ms
Process time: 0.00 ms
Loop 80: trial=1, Duration=98190 ms
Remap: 65.10 ms
Transform color: 6.51 ms
CAM#1: PART SEARCH: search_time:0.01 ms
Process time: 0.00 ms
Loop 81: trial=1, Duration=96508 ms
Remap: 84.14 ms
Transform color: 6.81 ms
CAM#1: PART SEARCH: search_time:0.00 ms
Process time: 0.00 ms
Loop 82: trial=1, Duration=94104 ms
Remap: 73.23 ms
Transform color: 5.70 ms
CAM#1: PART SEARCH: search_time:0.00 ms
Process time: 0.00 ms
Loop 83: trial=1, Duration=202226 ms
Remap: 77.45 ms
Transform color: 6.33 ms
CAM#1: PART SEARCH: search_time:0.01 ms
Process time: 0.00 ms
Loop 84: trial=1, Duration=86819 ms
Remap: 105.43 ms
Transform color: 4.37 ms
CAM#1: PART SEARCH: search_time:0.00 ms
Process time: 0.00 ms
Loop 85: trial=1, Duration=111944 ms
Remap: 71.97 ms
Transform color: 12.99 ms
CAM#1: PART SEARCH: search_time:0.01 ms
Process time: 0.00 ms
Loop 86: trial=1, Duration=88353 ms
Remap: 76.14 ms
Transform color: 4.92 ms
CAM#1: PART SEARCH: search_time:0.00 ms
Process time: 0.00 ms
Loop 87: trial=1, Duration=84005 ms
Remap: 73.31 ms
Transform color: 5.01 ms
CAM#1: PART SEARCH: search_time:0.00 ms
Process time: 0.00 ms
Loop 88: trial=1, Duration=80877 ms
Remap: 74.24 ms
Transform color: 8.49 ms
CAM#1: PART SEARCH: search_time:0.00 ms
Process time: 0.00 ms
Loop 89: trial=1, Duration=86307 ms
Remap: 64.80 ms
Transform color: 4.24 ms
CAM#1: PART SEARCH: search_time:0.00 ms
Process time: 0.00 ms
Loop 90: trial=1, Duration=71727 ms
Remap: 62.61 ms
Transform color: 8.66 ms
CAM#1: PART SEARCH: search_time:0.01 ms
Process time: 0.00 ms
Loop 91: trial=1, Duration=117025 ms
Remap: 76.92 ms
Transform color: 5.73 ms
CAM#1: PART SEARCH: search_time:0.00 ms
Process time: 0.00 ms
Loop 92: trial=1, Duration=84727 ms
Remap: 75.29 ms
Transform color: 8.83 ms
CAM#1: PART SEARCH: search_time:0.01 ms
Process time: 0.00 ms
Loop 93: trial=1, Duration=87724 ms
Remap: 74.10 ms
Transform color: 3.50 ms
CAM#1: PART SEARCH: search_time:0.00 ms
Process time: 0.00 ms
Loop 94: trial=1, Duration=80397 ms
Remap: 74.46 ms
Transform color: 6.23 ms
CAM#1: PART SEARCH: search_time:0.00 ms
Process time: 0.00 ms
CAM#1: Using GLobal SEARCH ##############################################
CAM#1: GLOBAL SEARCH: search_time:0.00 ms
Loop 95: trial=1, Duration=83779 ms
Remap: 75.40 ms
Transform color: 9.31 ms
CAM#1: PART SEARCH: search_time:0.01 ms
Process time: 0.00 ms
Loop 96: trial=1, Duration=88529 ms
Remap: 76.21 ms
Transform color: 4.69 ms
CAM#1: PART SEARCH: search_time:0.00 ms
Process time: 0.00 ms
Loop 97: trial=1, Duration=142226 ms
Remap: 78.85 ms
Transform color: 6.07 ms
CAM#1: PART SEARCH: search_time:0.00 ms
Process time: 0.00 ms
Loop 98: trial=1, Duration=87355 ms
Remap: 64.89 ms
Transform color: 3.76 ms
CAM#1: PART SEARCH: search_time:0.00 ms
Process time: 0.00 ms
Loop 99: trial=1, Duration=70647 ms
Remap: 70.32 ms
Transform color: 8.85 ms
CAM#1: PART SEARCH: search_time:0.01 ms
Process time: 0.00 ms
Loop 100: trial=1, Duration=83164 ms
Remap: 65.40 ms
Transform color: 2.05 ms
CAM#1: PART SEARCH: search_time:0.00 ms
Process time: 0.00 ms
Loop 101: trial=1, Duration=176235 ms
Remap: 106.15 ms
Transform color: 6.29 ms
CAM#1: PART SEARCH: search_time:0.00 ms
Process time: 0.00 ms
Loop 102: trial=1, Duration=116265 ms
Remap: 84.25 ms
Transform color: 10.36 ms
CAM#1: PART SEARCH: search_time:0.00 ms
Process time: 0.00 ms
Loop 103: trial=1, Duration=111154 ms
Remap: 67.28 ms
Transform color: 5.28 ms
CAM#1: PART SEARCH: search_time:0.00 ms
Process time: 0.00 ms
Loop 104: trial=1, Duration=99423 ms
Remap: 72.77 ms
Transform color: 4.79 ms
CAM#1: PART SEARCH: search_time:0.00 ms
Process time: 0.00 ms
Loop 105: trial=1, Duration=79848 ms
Remap: 100.81 ms
Transform color: 6.86 ms
CAM#1: PART SEARCH: search_time:0.00 ms
Process time: 0.00 ms
Loop 106: trial=1, Duration=110849 ms
Remap: 75.10 ms
Transform color: 6.73 ms
CAM#1: PART SEARCH: search_time:0.01 ms
Process time: 0.00 ms
Loop 107: trial=1, Duration=84845 ms
Remap: 99.10 ms
Transform color: 7.91 ms
CAM#1: PART SEARCH: search_time:0.01 ms
Process time: 0.00 ms
Loop 108: trial=1, Duration=110668 ms
Remap: 69.58 ms
Transform color: 4.44 ms
CAM#1: PART SEARCH: search_time:0.00 ms
Process time: 0.00 ms
Loop 109: trial=1, Duration=75992 ms
Remap: 65.75 ms
Transform color: 5.45 ms
CAM#1: PART SEARCH: search_time:0.00 ms
Process time: 0.00 ms
Loop 110: trial=1, Duration=105897 ms
Remap: 87.54 ms
Transform color: 7.25 ms
CAM#1: PART SEARCH: search_time:0.01 ms
Process time: 0.00 ms
CAM#1: Using GLobal SEARCH ##############################################
CAM#1: GLOBAL SEARCH: search_time:0.00 ms
Loop 111: trial=1, Duration=98007 ms
Remap: 73.18 ms
Transform color: 5.88 ms
CAM#1: PART SEARCH: search_time:0.01 ms
Process time: 0.00 ms
Loop 112: trial=1, Duration=82400 ms
Remap: 67.98 ms
Transform color: 7.94 ms
CAM#1: PART SEARCH: search_time:0.00 ms
Process time: 0.00 ms
Loop 113: trial=1, Duration=79449 ms
Remap: 94.47 ms
Transform color: 6.80 ms
CAM#1: PART SEARCH: search_time:0.01 ms
Process time: 0.00 ms
Loop 114: trial=1, Duration=162148 ms
Remap: 59.55 ms
Transform color: 4.18 ms
CAM#1: PART SEARCH: search_time:0.00 ms
Process time: 0.00 ms
Loop 115: trial=1, Duration=137798 ms
Remap: 91.32 ms
Transform color: 6.64 ms
CAM#1: PART SEARCH: search_time:0.00 ms
Process time: 0.00 ms
Loop 116: trial=1, Duration=367725 ms
Remap: 76.14 ms
Transform color: 1.97 ms
CAM#1: PART SEARCH: search_time:0.00 ms
Process time: 0.00 ms
Loop 117: trial=1, Duration=290210 ms
Remap: 86.30 ms
Transform color: 8.49 ms
CAM#1: PART SEARCH: search_time:0.01 ms
Process time: 0.00 ms
Loop 118: trial=1, Duration=98056 ms
Remap: 85.15 ms
Transform color: 3.70 ms
CAM#1: PART SEARCH: search_time:0.00 ms
Process time: 0.00 ms
Loop 119: trial=1, Duration=95562 ms
Remap: 87.26 ms
Transform color: 9.32 ms
CAM#1: PART SEARCH: search_time:0.01 ms
Process time: 0.00 ms
CAM 1: -2147483648Hz
Loop 120: trial=1, Duration=99916 ms
Remap: 77.15 ms
Transform color: 4.64 ms
CAM#1: PART SEARCH: search_time:0.00 ms
Process time: 0.00 ms
Loop 121: trial=1, Duration=83995 ms
Remap: 74.78 ms
Transform color: 7.46 ms
CAM#1: PART SEARCH: search_time:0.01 ms
Process time: 0.00 ms
Loop 122: trial=1, Duration=131388 ms
Remap: 58.72 ms
Transform color: 5.77 ms
CAM#1: PART SEARCH: search_time:0.00 ms
Process time: 0.00 ms
Loop 123: trial=1, Duration=114200 ms
Remap: 92.72 ms
Transform color: 7.07 ms
CAM#1: PART SEARCH: search_time:0.01 ms
Process time: 0.00 ms
Loop 124: trial=1, Duration=103498 ms
Remap: 59.60 ms
Transform color: 3.58 ms
CAM#1: PART SEARCH: search_time:0.00 ms
Process time: 0.00 ms
Loop 125: trial=1, Duration=92846 ms
Remap: 96.36 ms
Transform color: 7.68 ms
CAM#1: PART SEARCH: search_time:0.00 ms
Process time: 0.00 ms
Loop 126: trial=1, Duration=108325 ms
Remap: 67.17 ms
Transform color: 3.85 ms
CAM#1: PART SEARCH: search_time:0.00 ms
Process time: 0.00 ms
CAM#1: Using GLobal SEARCH ##############################################
CAM#1: GLOBAL SEARCH: search_time:0.00 ms
Loop 127: trial=1, Duration=81601 ms
Remap: 74.92 ms
Transform color: 6.46 ms
CAM#1: PART SEARCH: search_time:0.00 ms
Process time: 0.00 ms
Loop 128: trial=1, Duration=84190 ms
Remap: 65.87 ms
Transform color: 5.05 ms
CAM#1: PART SEARCH: search_time:0.00 ms
Process time: 0.00 ms
Loop 129: trial=1, Duration=73929 ms
Remap: 73.53 ms
Transform color: 6.28 ms
CAM#1: PART SEARCH: search_time:0.00 ms
Process time: 0.00 ms
Loop 130: trial=1, Duration=159810 ms
Remap: 53.38 ms
Transform color: 4.60 ms
CAM#1: PART SEARCH: search_time:0.00 ms
Process time: 0.00 ms
Loop 131: trial=1, Duration=110652 ms
Remap: 75.45 ms
Transform color: 6.70 ms
CAM#1: PART SEARCH: search_time:0.00 ms
Process time: 0.00 ms
Loop 132: trial=1, Duration=85328 ms
Remap: 140.66 ms
Transform color: 3.70 ms
CAM#1: PART SEARCH: search_time:0.01 ms
Process time: 0.00 ms
Loop 133: trial=1, Duration=161834 ms
Remap: 75.25 ms
Transform color: 1.19 ms
CAM#1: PART SEARCH: search_time:0.00 ms
Process time: 0.00 ms
Loop 134: trial=1, Duration=96996 ms
Remap: 73.54 ms
Transform color: 7.43 ms
CAM#1: PART SEARCH: search_time:0.00 ms
Process time: 0.00 ms
Loop 135: trial=1, Duration=118136 ms
Remap: 62.62 ms
Transform color: 3.29 ms
CAM#1: PART SEARCH: search_time:0.01 ms
Process time: 0.00 ms
Loop 136: trial=1, Duration=71416 ms
Remap: 226.39 ms
Transform color: 2.50 ms
CAM#1: PART SEARCH: search_time:0.00 ms
Process time: 0.00 ms
Loop 137: trial=1, Duration=233962 ms
Remap: 67.64 ms
Transform color: 4.70 ms
CAM#1: PART SEARCH: search_time:0.00 ms
Process time: 0.00 ms
Loop 138: trial=1, Duration=74961 ms
Remap: 43.18 ms
Transform color: 2.74 ms
CAM#1: PART SEARCH: search_time:0.01 ms
Process time: 0.00 ms
Loop 139: trial=1, Duration=48336 ms
Remap: 259.98 ms
Transform color: 1.63 ms
CAM#1: PART SEARCH: search_time:0.00 ms
Process time: 0.00 ms
Loop 140: trial=1, Duration=271349 ms
Remap: 71.32 ms
Transform color: 6.72 ms
CAM#1: PART SEARCH: search_time:0.00 ms
Process time: 0.00 ms
Loop 141: trial=1, Duration=155340 ms
Remap: 95.36 ms
Transform color: 3.75 ms
CAM#1: PART SEARCH: search_time:0.00 ms
Process time: 0.00 ms
Loop 142: trial=1, Duration=391119 ms
Remap: 74.02 ms
Transform color: 3.66 ms
CAM#1: PART SEARCH: search_time:0.00 ms
Process time: 0.00 ms
CAM#1: Using GLobal SEARCH ##############################################
CAM#1: GLOBAL SEARCH: search_time:0.00 ms
Loop 143: trial=1, Duration=120750 ms
Remap: 84.19 ms
Transform color: 8.60 ms
CAM#1: PART SEARCH: search_time:0.00 ms
Process time: 0.00 ms
Loop 144: trial=1, Duration=332330 ms
Remap: 68.06 ms
Transform color: 6.51 ms
CAM#1: PART SEARCH: search_time:0.00 ms
Process time: 0.00 ms
Loop 145: trial=1, Duration=77794 ms
Remap: 68.71 ms
Transform color: 2.02 ms
CAM#1: PART SEARCH: search_time:0.00 ms
Process time: 0.00 ms
Loop 146: trial=1, Duration=76664 ms
Remap: 99.38 ms
Transform color: 6.52 ms
CAM#1: PART SEARCH: search_time:0.00 ms
Process time: 0.00 ms
Loop 147: trial=1, Duration=175709 ms
Remap: 63.75 ms
Transform color: 7.01 ms
CAM#1: PART SEARCH: search_time:0.00 ms
Process time: 0.00 ms
Loop 148: trial=1, Duration=160125 ms
Remap: 456.01 ms
Transform color: 3.97 ms
CAM#1: PART SEARCH: search_time:0.00 ms
Process time: 0.00 ms
Loop 149: trial=1, Duration=466010 ms
Remap: 69.74 ms
Transform color: 5.63 ms
CAM#1: PART SEARCH: search_time:0.00 ms
Process time: 0.00 ms
Loop 150: trial=1, Duration=78871 ms
Remap: 64.07 ms
Transform color: 8.41 ms
CAM#1: PART SEARCH: search_time:0.01 ms
Process time: 0.00 ms
Loop 151: trial=1, Duration=76272 ms
Remap: 64.53 ms
Transform color: 3.38 ms
CAM#1: PART SEARCH: search_time:0.00 ms
Process time: 0.00 ms
Loop 152: trial=1, Duration=198426 ms
Remap: 192.37 ms
Transform color: 66.65 ms
CAM#1: PART SEARCH: search_time:0.00 ms
Process time: 0.00 ms
Loop 153: trial=1, Duration=261128 ms
Remap: 80.71 ms
Transform color: 8.08 ms
CAM#1: PART SEARCH: search_time:0.00 ms
Process time: 0.00 ms
Loop 154: trial=1, Duration=92424 ms
Remap: 75.09 ms
Transform color: 7.38 ms
CAM#1: PART SEARCH: search_time:0.00 ms
Process time: 0.00 ms
Loop 155: trial=1, Duration=84737 ms
Remap: 77.09 ms
Transform color: 4.42 ms
CAM#1: PART SEARCH: search_time:0.00 ms
Process time: 0.00 ms
Loop 156: trial=1, Duration=83774 ms
Remap: 83.37 ms
Transform color: 8.52 ms
CAM#1: PART SEARCH: search_time:0.00 ms
Process time: 0.00 ms
Loop 157: trial=1, Duration=94771 ms
Remap: 74.95 ms
Transform color: 4.70 ms
CAM#1: PART SEARCH: search_time:0.00 ms
Process time: 0.00 ms
Loop 158: trial=1, Duration=82227 ms
Remap: 70.52 ms
Transform color: 5.24 ms
CAM#1: PART SEARCH: search_time:0.00 ms
Process time: 0.00 ms
CAM#1: Using GLobal SEARCH ##############################################
CAM#1: GLOBAL SEARCH: search_time:0.00 ms
Loop 159: trial=1, Duration=112966 ms
Remap: 95.53 ms
Transform color: 7.55 ms
CAM#1: PART SEARCH: search_time:0.01 ms
Process time: 0.00 ms
Loop 160: trial=1, Duration=132193 ms
Remap: 89.64 ms
Transform color: 4.14 ms
CAM#1: PART SEARCH: search_time:0.00 ms
Process time: 0.00 ms
Loop 161: trial=1, Duration=95795 ms
Remap: 74.51 ms
Transform color: 4.22 ms
CAM#1: PART SEARCH: search_time:0.00 ms
Process time: 0.00 ms
Loop 162: trial=1, Duration=81106 ms
Remap: 78.73 ms
Transform color: 6.89 ms
CAM#1: PART SEARCH: search_time:0.00 ms
Process time: 0.00 ms
Loop 163: trial=1, Duration=89094 ms
Remap: 85.16 ms
Transform color: 2.64 ms
CAM#1: PART SEARCH: search_time:0.00 ms
Process time: 0.00 ms
Loop 164: trial=1, Duration=164315 ms
Remap: 78.36 ms
Transform color: 8.16 ms
CAM#1: PART SEARCH: search_time:0.01 ms
Process time: 0.00 ms
Loop 165: trial=1, Duration=89988 ms
Remap: 70.99 ms
Transform color: 7.42 ms
CAM#1: PART SEARCH: search_time:0.00 ms
Process time: 0.00 ms
Loop 166: trial=1, Duration=91685 ms
Remap: 77.92 ms
Transform color: 7.73 ms
CAM#1: PART SEARCH: search_time:0.01 ms
Process time: 0.00 ms
Loop 167: trial=1, Duration=89296 ms
Remap: 72.11 ms
Transform color: 6.93 ms
CAM#1: PART SEARCH: search_time:0.00 ms
Process time: 0.00 ms
Loop 168: trial=1, Duration=81890 ms
Remap: 64.33 ms
Transform color: 5.48 ms
CAM#1: PART SEARCH: search_time:0.00 ms
Process time: 0.00 ms
Loop 169: trial=1, Duration=71810 ms
Remap: 65.67 ms
Transform color: 1.46 ms
CAM#1: PART SEARCH: search_time:0.00 ms
Process time: 0.00 ms
Loop 170: trial=1, Duration=73525 ms
Remap: 534.84 ms
Transform color: 3.38 ms
CAM#1: PART SEARCH: search_time:0.00 ms
Process time: 0.00 ms
Loop 171: trial=1, Duration=579955 ms
Remap: 81.63 ms
Transform color: 4.46 ms
CAM#1: PART SEARCH: search_time:0.01 ms
Process time: 0.00 ms
Loop 172: trial=1, Duration=89155 ms
Remap: 52.57 ms
Transform color: 87.62 ms
CAM#1: PART SEARCH: search_time:0.01 ms
Process time: 0.00 ms
Loop 173: trial=1, Duration=147616 ms
Remap: 71.84 ms
Transform color: 5.21 ms
CAM#1: PART SEARCH: search_time:0.00 ms
Process time: 0.00 ms
Loop 174: trial=1, Duration=79709 ms
Remap: 77.37 ms
Transform color: 1.90 ms
CAM#1: PART SEARCH: search_time:0.00 ms
Process time: 0.00 ms
CAM#1: Using GLobal SEARCH ##############################################
CAM#1: GLOBAL SEARCH: search_time:0.00 ms
Loop 175: trial=1, Duration=102489 ms
Remap: 80.35 ms
Transform color: 5.47 ms
CAM#1: PART SEARCH: search_time:0.00 ms
Process time: 0.00 ms
Loop 176: trial=1, Duration=88419 ms
Remap: 80.49 ms
Transform color: 6.28 ms
CAM#1: PART SEARCH: search_time:0.00 ms
Process time: 0.00 ms
Loop 177: trial=1, Duration=214887 ms
Remap: 87.94 ms
Transform color: 5.93 ms
CAM#1: PART SEARCH: search_time:0.00 ms
Process time: 0.00 ms
Loop 178: trial=1, Duration=96323 ms
Remap: 70.75 ms
Transform color: 11.42 ms
CAM#1: PART SEARCH: search_time:0.00 ms
Process time: 0.00 ms
Loop 179: trial=1, Duration=90740 ms
Remap: 128.00 ms
Transform color: 3.20 ms
CAM#1: PART SEARCH: search_time:0.00 ms
Process time: 0.00 ms
Loop 180: trial=1, Duration=134450 ms
Remap: 335.70 ms
Transform color: 2.60 ms
CAM#1: PART SEARCH: search_time:0.00 ms
Process time: 0.00 ms
Loop 181: trial=1, Duration=340716 ms
Remap: 68.29 ms
Transform color: 2.66 ms
CAM#1: PART SEARCH: search_time:0.00 ms
Process time: 0.00 ms
Loop 182: trial=1, Duration=74524 ms
Remap: 84.69 ms
Transform color: 6.87 ms
CAM#1: PART SEARCH: search_time:0.00 ms
Process time: 0.00 ms
Loop 183: trial=1, Duration=104922 ms
Remap: 87.58 ms
Transform color: 5.80 ms
CAM#1: PART SEARCH: search_time:0.00 ms
Process time: 0.00 ms
Loop 184: trial=1, Duration=106353 ms
Remap: 81.01 ms
Transform color: 6.77 ms
CAM#1: PART SEARCH: search_time:0.00 ms
Process time: 0.00 ms
Loop 185: trial=1, Duration=90980 ms
Remap: 80.62 ms
Transform color: 6.08 ms
CAM#1: PART SEARCH: search_time:0.00 ms
Process time: 0.00 ms
Loop 186: trial=1, Duration=88924 ms
Remap: 86.39 ms
Transform color: 7.83 ms
CAM#1: PART SEARCH: search_time:0.00 ms
Process time: 0.00 ms
Loop 187: trial=1, Duration=171638 ms
Remap: 89.47 ms
Transform color: 6.02 ms
CAM#1: PART SEARCH: search_time:0.00 ms
Process time: 0.00 ms
Loop 188: trial=1, Duration=111033 ms
Remap: 76.97 ms
Transform color: 6.99 ms
CAM#1: PART SEARCH: search_time:0.01 ms
Process time: 0.00 ms
Loop 189: trial=1, Duration=87149 ms
Remap: 77.25 ms
Transform color: 5.01 ms
CAM#1: PART SEARCH: search_time:0.00 ms
Process time: 0.00 ms
Loop 190: trial=1, Duration=182056 ms
Remap: 80.73 ms
Transform color: 5.05 ms
CAM#1: PART SEARCH: search_time:0.00 ms
Process time: 0.00 ms
CAM#1: Using GLobal SEARCH ##############################################
CAM#1: GLOBAL SEARCH: search_time:0.00 ms
Loop 191: trial=1, Duration=88733 ms
Remap: 67.91 ms
Transform color: 4.26 ms
CAM#1: PART SEARCH: search_time:0.00 ms
Process time: 0.00 ms
Loop 192: trial=1, Duration=110202 ms
Remap: 33.41 ms
Transform color: 3.65 ms
CAM#1: PART SEARCH: search_time:0.00 ms
Process time: 0.00 ms
Loop 193: trial=1, Duration=39618 ms
Remap: 66.04 ms
Transform color: 2.61 ms
CAM#1: PART SEARCH: search_time:0.00 ms
Process time: 0.00 ms
Loop 194: trial=1, Duration=70593 ms
Remap: 27.03 ms
Transform color: 1.86 ms
CAM#1: PART SEARCH: search_time:0.00 ms
Process time: 0.00 ms
Loop 195: trial=1, Duration=42265 ms
Remap: 80.94 ms
Transform color: 5.37 ms
CAM#1: PART SEARCH: search_time:0.00 ms
Process time: 0.00 ms
Loop 196: trial=1, Duration=173306 ms
Remap: 67.39 ms
Transform color: 6.65 ms
CAM#1: PART SEARCH: search_time:0.00 ms
Process time: 0.00 ms
Loop 197: trial=1, Duration=147977 ms
Remap: 93.76 ms
Transform color: 21.80 ms
CAM#1: PART SEARCH: search_time:0.01 ms
Process time: 0.00 ms
Loop 198: trial=1, Duration=119556 ms
Remap: 85.11 ms
Transform color: 16.05 ms
CAM#1: PART SEARCH: search_time:0.00 ms
Process time: 0.00 ms
Loop 199: trial=1, Duration=122117 ms
Remap: 88.59 ms
Transform color: 10.49 ms
CAM#1: PART SEARCH: search_time:0.00 ms
Process time: 0.00 ms
Loop 200: trial=1, Duration=104146 ms
Remap: 84.92 ms
Transform color: 14.88 ms
CAM#1: PART SEARCH: search_time:0.01 ms
Process time: 0.00 ms
Loop 201: trial=1, Duration=153700 ms
Remap: 89.85 ms
Transform color: 19.43 ms
CAM#1: PART SEARCH: search_time:0.00 ms
Process time: 0.00 ms
Loop 202: trial=1, Duration=145073 ms
Remap: 84.45 ms
Transform color: 22.33 ms
CAM#1: PART SEARCH: search_time:0.00 ms
Process time: 0.00 ms
Loop 203: trial=1, Duration=113817 ms
Remap: 79.90 ms
Transform color: 18.42 ms
CAM#1: PART SEARCH: search_time:0.00 ms
Process time: 0.00 ms
Loop 204: trial=1, Duration=101790 ms
Remap: 84.99 ms
Transform color: 19.11 ms
CAM#1: PART SEARCH: search_time:0.01 ms
Process time: 0.00 ms
Loop 205: trial=1, Duration=107928 ms
Remap: 83.39 ms
Transform color: 16.17 ms
CAM#1: PART SEARCH: search_time:0.00 ms
Process time: 0.00 ms
Loop 206: trial=1, Duration=103441 ms
Remap: 84.90 ms
Transform color: 18.68 ms
CAM#1: PART SEARCH: search_time:0.01 ms
Process time: 0.00 ms
CAM#1: Using GLobal SEARCH ##############################################
CAM#1: GLOBAL SEARCH: search_time:0.00 ms
Loop 207: trial=1, Duration=107423 ms
Remap: 83.12 ms
Transform color: 13.78 ms
CAM#1: PART SEARCH: search_time:0.01 ms
Process time: 0.00 ms
Loop 208: trial=1, Duration=101278 ms
Remap: 95.25 ms
Transform color: 12.57 ms
CAM#1: PART SEARCH: search_time:0.00 ms
Process time: 0.00 ms
Loop 209: trial=1, Duration=175418 ms
Remap: 95.69 ms
Transform color: 16.27 ms
CAM#1: PART SEARCH: search_time:0.00 ms
Process time: 0.00 ms
Loop 210: trial=1, Duration=114300 ms
Remap: 84.97 ms
Transform color: 13.59 ms
CAM#1: PART SEARCH: search_time:0.00 ms
Process time: 0.00 ms
Loop 211: trial=1, Duration=101005 ms
Remap: 84.93 ms
Transform color: 15.17 ms
CAM#1: PART SEARCH: search_time:0.00 ms
Process time: 0.00 ms
Loop 212: trial=1, Duration=133464 ms
Remap: 90.63 ms
Transform color: 15.96 ms
CAM#1: PART SEARCH: search_time:0.00 ms
Process time: 0.00 ms
Loop 213: trial=1, Duration=109132 ms
Remap: 86.36 ms
Transform color: 18.88 ms
CAM#1: PART SEARCH: search_time:0.00 ms
Process time: 0.00 ms
Loop 214: trial=1, Duration=108646 ms
Remap: 90.95 ms
Transform color: 12.67 ms
CAM#1: PART SEARCH: search_time:0.00 ms
Process time: 0.00 ms
Loop 215: trial=1, Duration=152270 ms
Remap: 91.01 ms
Transform color: 2.00 ms
CAM#1: PART SEARCH: search_time:0.00 ms
Process time: 0.00 ms
Loop 216: trial=1, Duration=304433 ms
Remap: 157.19 ms
Transform color: 57.10 ms
CAM#1: PART SEARCH: search_time:0.00 ms
Process time: 0.00 ms
Loop 217: trial=1, Duration=271311 ms
Remap: 35.66 ms
Transform color: 4.15 ms
CAM#1: PART SEARCH: search_time:0.01 ms
Process time: 0.00 ms
Loop 218: trial=1, Duration=42091 ms
Remap: 273.82 ms
Transform color: 235.60 ms
CAM#1: PART SEARCH: search_time:0.00 ms
Process time: 0.00 ms
Loop 219: trial=1, Duration=511970 ms
Remap: 82.01 ms
Transform color: 11.57 ms
CAM#1: PART SEARCH: search_time:0.00 ms
Process time: 0.00 ms
Loop 220: trial=1, Duration=104056 ms
Remap: 92.47 ms
Transform color: 16.18 ms
CAM#1: PART SEARCH: search_time:0.00 ms
Process time: 0.00 ms
Loop 221: trial=1, Duration=194787 ms
Remap: 91.76 ms
Transform color: 14.73 ms
CAM#1: PART SEARCH: search_time:0.00 ms
Process time: 0.00 ms
Loop 222: trial=1, Duration=109603 ms
Remap: 86.67 ms
Transform color: 4.15 ms
CAM#1: PART SEARCH: search_time:0.00 ms
Process time: 0.00 ms
CAM#1: Using GLobal SEARCH ##############################################
CAM#1: GLOBAL SEARCH: search_time:0.00 ms
Loop 223: trial=1, Duration=94036 ms
Remap: 87.06 ms
Transform color: 18.01 ms
CAM#1: PART SEARCH: search_time:0.00 ms
Process time: 0.00 ms
Loop 224: trial=1, Duration=111748 ms
Remap: 86.90 ms
Transform color: 41.46 ms
CAM#1: PART SEARCH: search_time:0.00 ms
Process time: 0.00 ms
Loop 225: trial=1, Duration=240509 ms
Remap: 191.46 ms
Transform color: 2.29 ms
CAM#1: PART SEARCH: search_time:0.00 ms
Process time: 0.00 ms
Loop 226: trial=1, Duration=202181 ms
Remap: 90.44 ms
Transform color: 11.07 ms
CAM#1: PART SEARCH: search_time:0.00 ms
Process time: 0.00 ms
Loop 227: trial=1, Duration=117166 ms
Remap: 82.37 ms
Transform color: 17.53 ms
CAM#1: PART SEARCH: search_time:0.01 ms
Process time: 0.00 ms
Loop 228: trial=1, Duration=103727 ms
Remap: 88.59 ms
Transform color: 21.59 ms
CAM#1: PART SEARCH: search_time:0.00 ms
Process time: 0.00 ms
Loop 229: trial=1, Duration=113387 ms
Remap: 93.21 ms
Transform color: 19.16 ms
CAM#1: PART SEARCH: search_time:0.00 ms
Process time: 0.00 ms
Loop 230: trial=1, Duration=271205 ms
Remap: 85.73 ms
Transform color: 4.53 ms
CAM#1: PART SEARCH: search_time:0.01 ms
Process time: 0.00 ms
Loop 231: trial=1, Duration=94436 ms
Remap: 90.29 ms
Transform color: 13.94 ms
CAM#1: PART SEARCH: search_time:0.00 ms
Process time: 0.00 ms
Loop 232: trial=1, Duration=107590 ms
Remap: 90.46 ms
Transform color: 18.07 ms
CAM#1: PART SEARCH: search_time:0.00 ms
Process time: 0.00 ms
Loop 233: trial=1, Duration=112339 ms
Remap: 76.27 ms
Transform color: 12.30 ms
CAM#1: PART SEARCH: search_time:0.00 ms
Process time: 0.00 ms
Loop 234: trial=1, Duration=177326 ms
Remap: 83.05 ms
Transform color: 17.59 ms
CAM#1: PART SEARCH: search_time:0.01 ms
Process time: 0.00 ms
Loop 235: trial=1, Duration=155852 ms
Remap: 38.20 ms
Transform color: 3.53 ms
CAM#1: PART SEARCH: search_time:0.01 ms
Process time: 0.00 ms
Loop 236: trial=1, Duration=274620 ms
Remap: 167.52 ms
Transform color: 5.78 ms
CAM#1: PART SEARCH: search_time:0.00 ms
Process time: 0.00 ms
Loop 237: trial=1, Duration=176498 ms
Remap: 91.60 ms
Transform color: 18.10 ms
CAM#1: PART SEARCH: search_time:0.01 ms
Process time: 0.00 ms
Loop 238: trial=1, Duration=114261 ms
Remap: 86.49 ms
Transform color: 19.97 ms
CAM#1: PART SEARCH: search_time:0.00 ms
Process time: 0.00 ms
CAM#1: Using GLobal SEARCH ##############################################
CAM#1: GLOBAL SEARCH: search_time:0.00 ms
Loop 239: trial=1, Duration=110374 ms
Remap: 84.42 ms
Transform color: 12.52 ms
CAM#1: PART SEARCH: search_time:0.00 ms
Process time: 0.00 ms
CAM 1: -2147483648Hz
Loop 240: trial=1, Duration=161107 ms
Remap: 85.25 ms
Transform color: 18.45 ms
CAM#1: PART SEARCH: search_time:0.00 ms
Process time: 0.00 ms
Loop 241: trial=1, Duration=120629 ms
Remap: 86.91 ms
Transform color: 12.89 ms
CAM#1: PART SEARCH: search_time:0.00 ms
Process time: 0.00 ms
Loop 242: trial=1, Duration=112535 ms
Remap: 81.81 ms
Transform color: 14.48 ms
CAM#1: PART SEARCH: search_time:0.00 ms
Process time: 0.00 ms
Loop 243: trial=1, Duration=98718 ms
Remap: 89.95 ms
Transform color: 20.05 ms
CAM#1: PART SEARCH: search_time:0.00 ms
Process time: 0.00 ms
Loop 244: trial=1, Duration=114028 ms
Remap: 87.04 ms
Transform color: 16.52 ms
CAM#1: PART SEARCH: search_time:0.00 ms
Process time: 0.00 ms
Loop 245: trial=1, Duration=107143 ms
Remap: 93.23 ms
Transform color: 13.88 ms
CAM#1: PART SEARCH: search_time:0.00 ms
Process time: 0.00 ms
Loop 246: trial=1, Duration=109623 ms
Remap: 87.49 ms
Transform color: 15.50 ms
CAM#1: PART SEARCH: search_time:0.00 ms
Process time: 0.00 ms
Loop 247: trial=1, Duration=209230 ms
Remap: 92.77 ms
Transform color: 7.89 ms
CAM#1: PART SEARCH: search_time:0.01 ms
Process time: 0.00 ms
Loop 248: trial=1, Duration=104357 ms
Remap: 90.05 ms
Transform color: 16.73 ms
CAM#1: PART SEARCH: search_time:0.00 ms
Process time: 0.00 ms
Loop 249: trial=1, Duration=212735 ms
Remap: 90.36 ms
Transform color: 18.53 ms
CAM#1: PART SEARCH: search_time:0.00 ms
Process time: 0.00 ms
Loop 250: trial=1, Duration=112595 ms
Remap: 85.93 ms
Transform color: 14.64 ms
CAM#1: PART SEARCH: search_time:0.00 ms
Process time: 0.00 ms
Loop 251: trial=1, Duration=267424 ms
Remap: 32.90 ms
Transform color: 4.39 ms
CAM#1: PART SEARCH: search_time:0.01 ms
Process time: 0.00 ms
Loop 252: trial=1, Duration=40041 ms
Remap: 240.30 ms
Transform color: 2.62 ms
CAM#1: PART SEARCH: search_time:0.00 ms
Process time: 0.00 ms
Loop 253: trial=1, Duration=250489 ms
Remap: 28.38 ms
Transform color: 9.74 ms
CAM#1: PART SEARCH: search_time:0.00 ms
Process time: 0.00 ms
Loop 254: trial=1, Duration=40751 ms
Remap: 86.20 ms
Transform color: 17.46 ms
CAM#1: PART SEARCH: search_time:0.00 ms
Process time: 0.00 ms
CAM#1: Using GLobal SEARCH ##############################################
CAM#1: GLOBAL SEARCH: search_time:0.00 ms
Loop 255: trial=1, Duration=106818 ms
Remap: 83.09 ms
Transform color: 2.26 ms
CAM#1: PART SEARCH: search_time:0.00 ms
Process time: 0.00 ms
Loop 256: trial=1, Duration=91402 ms
Remap: 84.42 ms
Transform color: 20.75 ms
CAM#1: PART SEARCH: search_time:0.01 ms
Process time: 0.00 ms
Loop 257: trial=1, Duration=117209 ms
Remap: 151.15 ms
Transform color: 2.17 ms
CAM#1: PART SEARCH: search_time:0.00 ms
Process time: 0.00 ms
Loop 258: trial=1, Duration=161080 ms
Remap: 84.46 ms
Transform color: 15.41 ms
CAM#1: PART SEARCH: search_time:0.00 ms
Process time: 0.00 ms
Loop 259: trial=1, Duration=125223 ms
Remap: 75.45 ms
Transform color: 18.05 ms
CAM#1: PART SEARCH: search_time:0.00 ms
Process time: 0.00 ms
Loop 260: trial=1, Duration=97297 ms
Remap: 83.79 ms
Transform color: 23.34 ms
CAM#1: PART SEARCH: search_time:0.00 ms
Process time: 0.00 ms
Loop 261: trial=1, Duration=110151 ms
Remap: 88.81 ms
Transform color: 19.26 ms
CAM#1: PART SEARCH: search_time:0.00 ms
Process time: 0.00 ms
Loop 262: trial=1, Duration=140357 ms
Remap: 132.21 ms
Transform color: 3.06 ms
CAM#1: PART SEARCH: search_time:0.00 ms
Process time: 0.00 ms
Loop 263: trial=1, Duration=141696 ms
Remap: 97.39 ms
Transform color: 12.43 ms
CAM#1: PART SEARCH: search_time:0.00 ms
Process time: 0.00 ms
Loop 264: trial=1, Duration=126694 ms
Remap: 78.95 ms
Transform color: 13.24 ms
CAM#1: PART SEARCH: search_time:0.00 ms
Process time: 0.00 ms
Loop 265: trial=1, Duration=94892 ms
Remap: 87.10 ms
Transform color: 14.27 ms
CAM#1: PART SEARCH: search_time:0.00 ms
Process time: 0.00 ms
Loop 266: trial=1, Duration=103994 ms
Remap: 85.56 ms
Transform color: 19.84 ms
CAM#1: PART SEARCH: search_time:0.00 ms
Process time: 0.00 ms
Loop 267: trial=1, Duration=108678 ms
Remap: 89.18 ms
Transform color: 17.61 ms
CAM#1: PART SEARCH: search_time:0.00 ms
Process time: 0.00 ms
Loop 268: trial=1, Duration=109149 ms
Remap: 84.48 ms
Transform color: 18.01 ms
CAM#1: PART SEARCH: search_time:0.00 ms
Process time: 0.00 ms
Loop 269: trial=1, Duration=128463 ms
Remap: 80.38 ms
Transform color: 17.90 ms
CAM#1: PART SEARCH: search_time:0.01 ms
Process time: 0.00 ms
Loop 270: trial=1, Duration=107134 ms
Remap: 84.53 ms
Transform color: 10.46 ms
CAM#1: PART SEARCH: search_time:0.00 ms
Process time: 0.00 ms
CAM#1: Using GLobal SEARCH ##############################################
CAM#1: GLOBAL SEARCH: search_time:0.00 ms
Loop 271: trial=1, Duration=100561 ms
Remap: 80.61 ms
Transform color: 20.64 ms
CAM#1: PART SEARCH: search_time:0.00 ms
Process time: 0.00 ms
Loop 272: trial=1, Duration=104926 ms
Remap: 91.55 ms
Transform color: 14.63 ms
CAM#1: PART SEARCH: search_time:0.00 ms
Process time: 0.00 ms
Loop 273: trial=1, Duration=176844 ms
Remap: 89.17 ms
Transform color: 13.00 ms
CAM#1: PART SEARCH: search_time:0.00 ms
Process time: 0.00 ms
Loop 274: trial=1, Duration=156935 ms
Remap: 85.13 ms
Transform color: 20.20 ms
CAM#1: PART SEARCH: search_time:0.00 ms
Process time: 0.00 ms
Loop 275: trial=1, Duration=109610 ms
Remap: 90.55 ms
Transform color: 15.76 ms
CAM#1: PART SEARCH: search_time:0.00 ms
Process time: 0.00 ms
Loop 276: trial=1, Duration=178330 ms
Remap: 88.44 ms
Transform color: 18.32 ms
CAM#1: PART SEARCH: search_time:0.00 ms
Process time: 0.00 ms
Loop 277: trial=1, Duration=109497 ms
Remap: 78.20 ms
Transform color: 19.22 ms
CAM#1: PART SEARCH: search_time:0.00 ms
Process time: 0.00 ms
Loop 278: trial=1, Duration=100276 ms
Remap: 79.80 ms
Transform color: 1.74 ms
CAM#1: PART SEARCH: search_time:0.00 ms
Process time: 0.00 ms
Loop 279: trial=1, Duration=83335 ms
Remap: 85.18 ms
Transform color: 4.51 ms
CAM#1: PART SEARCH: search_time:0.01 ms
Process time: 0.00 ms
Loop 280: trial=1, Duration=135602 ms
Remap: 83.78 ms
Transform color: 20.67 ms
CAM#1: PART SEARCH: search_time:0.00 ms
Process time: 0.00 ms
Loop 281: trial=1, Duration=108390 ms
Remap: 93.28 ms
Transform color: 17.70 ms
CAM#1: PART SEARCH: search_time:0.00 ms
Process time: 0.00 ms
Loop 282: trial=1, Duration=114532 ms
Remap: 87.42 ms
Transform color: 19.14 ms
CAM#1: PART SEARCH: search_time:0.00 ms
Process time: 0.00 ms
Loop 283: trial=1, Duration=110171 ms
Remap: 85.23 ms
Transform color: 13.14 ms
CAM#1: PART SEARCH: search_time:0.00 ms
Process time: 0.00 ms
Loop 284: trial=1, Duration=121343 ms
Remap: 81.59 ms
Transform color: 20.38 ms
CAM#1: PART SEARCH: search_time:0.00 ms
Process time: 0.00 ms
Loop 285: trial=1, Duration=105422 ms
Remap: 88.90 ms
Transform color: 171.59 ms
CAM#1: PART SEARCH: search_time:0.00 ms
Process time: 0.00 ms
Loop 286: trial=1, Duration=312280 ms
Remap: 113.64 ms
Transform color: 3.27 ms
CAM#1: PART SEARCH: search_time:0.01 ms
Process time: 0.00 ms
CAM#1: Using GLobal SEARCH ##############################################
CAM#1: GLOBAL SEARCH: search_time:0.00 ms
Loop 287: trial=1, Duration=175698 ms
Remap: 31.55 ms
Transform color: 2.63 ms
CAM#1: PART SEARCH: search_time:0.00 ms
Process time: 0.00 ms
Loop 288: trial=1, Duration=186889 ms
Remap: 96.79 ms
Transform color: 14.52 ms
CAM#1: PART SEARCH: search_time:0.00 ms
Process time: 0.00 ms
Loop 289: trial=1, Duration=195299 ms
Remap: 88.51 ms
Transform color: 7.41 ms
CAM#1: PART SEARCH: search_time:0.00 ms
Process time: 0.00 ms
Loop 290: trial=1, Duration=130787 ms
Remap: 89.22 ms
Transform color: 18.07 ms
CAM#1: PART SEARCH: search_time:0.00 ms
Process time: 0.00 ms
Loop 291: trial=1, Duration=110348 ms
Remap: 91.12 ms
Transform color: 15.26 ms
CAM#1: PART SEARCH: search_time:0.00 ms
Process time: 0.00 ms
Loop 292: trial=1, Duration=109072 ms
Remap: 81.58 ms
Transform color: 16.97 ms
CAM#1: PART SEARCH: search_time:0.00 ms
Process time: 0.00 ms
Loop 293: trial=1, Duration=176143 ms
Remap: 146.74 ms
Transform color: 4.80 ms
CAM#1: PART SEARCH: search_time:0.00 ms
Process time: 0.00 ms
Loop 294: trial=1, Duration=258269 ms
Remap: 90.91 ms
Transform color: 15.31 ms
CAM#1: PART SEARCH: search_time:0.00 ms
Process time: 0.00 ms
Loop 295: trial=1, Duration=109739 ms
Remap: 91.19 ms
Transform color: 16.61 ms
CAM#1: PART SEARCH: search_time:0.00 ms
Process time: 0.00 ms
Loop 296: trial=1, Duration=110870 ms
Remap: 59.23 ms
Transform color: 2.48 ms
CAM#1: PART SEARCH: search_time:0.00 ms
Process time: 0.00 ms
Loop 297: trial=1, Duration=111023 ms
Remap: 88.16 ms
Transform color: 12.64 ms
CAM#1: PART SEARCH: search_time:0.00 ms
Process time: 0.00 ms
Loop 298: trial=1, Duration=170281 ms
Remap: 83.23 ms
Transform color: 16.78 ms
CAM#1: PART SEARCH: search_time:0.00 ms
Process time: 0.00 ms
Loop 299: trial=1, Duration=112467 ms
Remap: 81.08 ms
Transform color: 20.72 ms
CAM#1: PART SEARCH: search_time:0.00 ms
Process time: 0.00 ms
Loop 300: trial=1, Duration=148473 ms
Remap: 90.88 ms
Transform color: 16.60 ms
CAM#1: PART SEARCH: search_time:0.00 ms
Process time: 0.00 ms
Loop 301: trial=1, Duration=110447 ms
Remap: 88.63 ms
Transform color: 16.56 ms
CAM#1: PART SEARCH: search_time:0.01 ms
Process time: 0.00 ms
Loop 302: trial=1, Duration=124419 ms
Remap: 91.09 ms
Transform color: 15.89 ms
CAM#1: PART SEARCH: search_time:0.00 ms
Process time: 0.00 ms
CAM#1: Using GLobal SEARCH ##############################################
CAM#1: GLOBAL SEARCH: search_time:0.00 ms
Loop 303: trial=1, Duration=111224 ms
Remap: 86.70 ms
Transform color: 18.05 ms
CAM#1: PART SEARCH: search_time:0.00 ms
Process time: 0.00 ms
Loop 304: trial=1, Duration=107826 ms
Remap: 92.14 ms
Transform color: 14.89 ms
CAM#1: PART SEARCH: search_time:0.00 ms
Process time: 0.00 ms
Loop 305: trial=1, Duration=139958 ms
Remap: 87.00 ms
Transform color: 17.87 ms
CAM#1: PART SEARCH: search_time:0.00 ms
Process time: 0.00 ms
Loop 306: trial=1, Duration=108302 ms
Remap: 75.66 ms
Transform color: 63.71 ms
CAM#1: PART SEARCH: search_time:0.00 ms
Process time: 0.00 ms
Loop 307: trial=1, Duration=279576 ms
Remap: 177.31 ms
Transform color: 3.30 ms
CAM#1: PART SEARCH: search_time:0.01 ms
Process time: 0.00 ms
Loop 308: trial=1, Duration=184513 ms
Remap: 200.59 ms
Transform color: 79.72 ms
CAM#1: PART SEARCH: search_time:0.00 ms
Process time: 0.00 ms
Loop 309: trial=1, Duration=286855 ms
Remap: 60.84 ms
Transform color: 4.82 ms
CAM#1: PART SEARCH: search_time:0.00 ms
Process time: 0.00 ms
Loop 310: trial=1, Duration=81061 ms
Remap: 114.09 ms
Transform color: 3.59 ms
CAM#1: PART SEARCH: search_time:0.01 ms
Process time: 0.00 ms
Loop 311: trial=1, Duration=215980 ms
Remap: 154.55 ms
Transform color: 2.99 ms
CAM#1: PART SEARCH: search_time:0.00 ms
Process time: 0.00 ms
Loop 312: trial=1, Duration=244530 ms
Remap: 92.86 ms
Transform color: 8.12 ms
CAM#1: PART SEARCH: search_time:0.00 ms
Process time: 0.00 ms
Loop 313: trial=1, Duration=106245 ms
Remap: 89.21 ms
Transform color: 5.86 ms
CAM#1: PART SEARCH: search_time:0.00 ms
Process time: 0.00 ms
Loop 314: trial=1, Duration=97447 ms
Remap: 68.46 ms
Transform color: 6.45 ms
CAM#1: PART SEARCH: search_time:0.00 ms
Process time: 0.00 ms
Loop 315: trial=1, Duration=77328 ms
Remap: 71.59 ms
Transform color: 7.11 ms
CAM#1: PART SEARCH: search_time:0.00 ms
Process time: 0.00 ms
Loop 316: trial=1, Duration=246681 ms
Remap: 88.78 ms
Transform color: 13.83 ms
CAM#1: PART SEARCH: search_time:0.00 ms
Process time: 0.00 ms
Loop 317: trial=1, Duration=104725 ms
Remap: 83.41 ms
Transform color: 9.03 ms
CAM#1: PART SEARCH: search_time:0.00 ms
Process time: 0.00 ms
Loop 318: trial=1, Duration=96109 ms
Remap: 90.13 ms
Transform color: 8.95 ms
CAM#1: PART SEARCH: search_time:0.00 ms
Process time: 0.00 ms
CAM#1: Using GLobal SEARCH ##############################################
CAM#1: GLOBAL SEARCH: search_time:0.00 ms
Loop 319: trial=1, Duration=101642 ms
Remap: 77.01 ms
Transform color: 4.91 ms
CAM#1: PART SEARCH: search_time:0.00 ms
Process time: 0.00 ms
Loop 320: trial=1, Duration=84031 ms
Remap: 85.14 ms
Transform color: 8.27 ms
CAM#1: PART SEARCH: search_time:0.00 ms
Process time: 0.00 ms
Loop 321: trial=1, Duration=95587 ms
Remap: 82.70 ms
Transform color: 6.17 ms
CAM#1: PART SEARCH: search_time:0.00 ms
Process time: 0.00 ms
Loop 322: trial=1, Duration=92466 ms
Remap: 90.55 ms
Transform color: 4.64 ms
CAM#1: PART SEARCH: search_time:0.00 ms
Process time: 0.00 ms
Loop 323: trial=1, Duration=273432 ms
Remap: 70.53 ms
Transform color: 4.44 ms
CAM#1: PART SEARCH: search_time:0.00 ms
Process time: 0.00 ms
Loop 324: trial=1, Duration=122756 ms
Remap: 68.90 ms
Transform color: 7.22 ms
CAM#1: PART SEARCH: search_time:0.01 ms
Process time: 0.00 ms
Loop 325: trial=1, Duration=79313 ms
Remap: 68.32 ms
Transform color: 2.69 ms
CAM#1: PART SEARCH: search_time:0.01 ms
Process time: 0.00 ms
Loop 326: trial=1, Duration=194766 ms
Remap: 83.40 ms
Transform color: 2.13 ms
CAM#1: PART SEARCH: search_time:0.00 ms
Process time: 0.00 ms
Loop 327: trial=1, Duration=90538 ms
Remap: 15.32 ms
Transform color: 1.60 ms
CAM#1: PART SEARCH: search_time:0.00 ms
Process time: 0.00 ms
Loop 328: trial=1, Duration=18726 ms
Remap: 256.40 ms
Transform color: 4.42 ms
CAM#1: PART SEARCH: search_time:0.00 ms
Process time: 0.00 ms
Loop 329: trial=1, Duration=332230 ms
Remap: 89.09 ms
Transform color: 6.68 ms
CAM#1: PART SEARCH: search_time:0.00 ms
Process time: 0.00 ms
Loop 330: trial=1, Duration=103846 ms
Remap: 79.00 ms
Transform color: 18.15 ms
CAM#1: PART SEARCH: search_time:0.00 ms
Process time: 0.00 ms
Loop 331: trial=1, Duration=100263 ms
Remap: 76.25 ms
Transform color: 20.09 ms
CAM#1: PART SEARCH: search_time:0.00 ms
Process time: 0.00 ms
Loop 332: trial=1, Duration=98879 ms
Remap: 83.38 ms
Transform color: 19.22 ms
CAM#1: PART SEARCH: search_time:0.00 ms
Process time: 0.00 ms
Loop 333: trial=1, Duration=106079 ms
Remap: 84.70 ms
Transform color: 20.40 ms
CAM#1: PART SEARCH: search_time:0.01 ms
Process time: 0.00 ms
Loop 334: trial=1, Duration=204124 ms
Remap: 26.70 ms
Transform color: 2.23 ms
CAM#1: PART SEARCH: search_time:0.00 ms
Process time: 0.00 ms
CAM#1: Using GLobal SEARCH ##############################################
CAM#1: GLOBAL SEARCH: search_time:0.00 ms
Loop 335: trial=1, Duration=30952 ms
Remap: 14.10 ms
Transform color: 1.79 ms
CAM#1: PART SEARCH: search_time:0.00 ms
Process time: 0.00 ms
Loop 336: trial=1, Duration=78063 ms
Remap: 86.83 ms
Transform color: 15.36 ms
CAM#1: PART SEARCH: search_time:0.00 ms
Process time: 0.00 ms
Loop 337: trial=1, Duration=106688 ms
Remap: 129.91 ms
Transform color: 2.50 ms
CAM#1: PART SEARCH: search_time:0.01 ms
Process time: 0.00 ms
Loop 338: trial=1, Duration=139177 ms
Remap: 95.33 ms
Transform color: 16.70 ms
CAM#1: PART SEARCH: search_time:0.00 ms
Process time: 0.00 ms
Loop 339: trial=1, Duration=114563 ms
Remap: 89.31 ms
Transform color: 17.75 ms
CAM#1: PART SEARCH: search_time:0.00 ms
Process time: 0.00 ms
Loop 340: trial=1, Duration=109723 ms
Remap: 87.39 ms
Transform color: 17.12 ms
CAM#1: PART SEARCH: search_time:0.00 ms
Process time: 0.00 ms
Loop 341: trial=1, Duration=107026 ms
Remap: 80.72 ms
Transform color: 6.64 ms
CAM#1: PART SEARCH: search_time:0.00 ms
Process time: 0.00 ms
Loop 342: trial=1, Duration=92119 ms
Remap: 73.09 ms
Transform color: 7.10 ms
CAM#1: PART SEARCH: search_time:0.00 ms
Process time: 0.00 ms
Loop 343: trial=1, Duration=83139 ms
Remap: 64.48 ms
Transform color: 6.24 ms
CAM#1: PART SEARCH: search_time:0.01 ms
Process time: 0.00 ms
Loop 344: trial=1, Duration=73211 ms
Remap: 78.56 ms
Transform color: 6.26 ms
CAM#1: PART SEARCH: search_time:0.00 ms
Process time: 0.00 ms
Loop 345: trial=1, Duration=109126 ms
Remap: 62.84 ms
Transform color: 8.95 ms
CAM#1: PART SEARCH: search_time:0.01 ms
Process time: 0.00 ms
Loop 346: trial=1, Duration=76123 ms
Remap: 76.76 ms
Transform color: 5.45 ms
CAM#1: PART SEARCH: search_time:0.01 ms
Process time: 0.00 ms
Loop 347: trial=1, Duration=84711 ms
Remap: 76.24 ms
Transform color: 5.37 ms
CAM#1: PART SEARCH: search_time:0.01 ms
Process time: 0.00 ms
Loop 348: trial=1, Duration=85490 ms
Remap: 78.92 ms
Transform color: 13.02 ms
CAM#1: PART SEARCH: search_time:0.00 ms
Process time: 0.00 ms
Loop 349: trial=1, Duration=95174 ms
Remap: 79.69 ms
Transform color: 5.49 ms
CAM#1: PART SEARCH: search_time:0.00 ms
Process time: 0.00 ms
Loop 350: trial=1, Duration=88110 ms
Remap: 78.63 ms
Transform color: 7.13 ms
CAM#1: PART SEARCH: search_time:0.00 ms
Process time: 0.00 ms
CAM#1: Using GLobal SEARCH ##############################################
CAM#1: GLOBAL SEARCH: search_time:0.00 ms
Loop 351: trial=1, Duration=94118 ms
Remap: 69.60 ms
Transform color: 5.15 ms
CAM#1: PART SEARCH: search_time:0.00 ms
Process time: 0.00 ms
Loop 352: trial=1, Duration=77415 ms
Remap: 69.14 ms
Transform color: 1.94 ms
CAM#1: PART SEARCH: search_time:0.00 ms
Process time: 0.00 ms
Loop 353: trial=1, Duration=372165 ms
Remap: 86.67 ms
Transform color: 4.72 ms
CAM#1: PART SEARCH: search_time:0.00 ms
Process time: 0.00 ms
Loop 354: trial=1, Duration=108940 ms
Remap: 77.39 ms
Transform color: 3.61 ms
CAM#1: PART SEARCH: search_time:0.00 ms
Process time: 0.00 ms
Loop 355: trial=1, Duration=84778 ms
Remap: 87.46 ms
Transform color: 6.25 ms
CAM#1: PART SEARCH: search_time:0.00 ms
Process time: 0.00 ms
Loop 356: trial=1, Duration=96454 ms
Remap: 81.23 ms
Transform color: 9.33 ms
CAM#1: PART SEARCH: search_time:0.00 ms
Process time: 0.00 ms
Loop 357: trial=1, Duration=93506 ms
Remap: 143.27 ms
Transform color: 21.21 ms
CAM#1: PART SEARCH: search_time:0.00 ms
Process time: 0.00 ms
Loop 358: trial=1, Duration=268263 ms
Remap: 203.62 ms
Transform color: 3.08 ms
CAM#1: PART SEARCH: search_time:0.01 ms
Process time: 0.00 ms
Loop 359: trial=1, Duration=212817 ms
Remap: 83.75 ms
Transform color: 4.51 ms
CAM#1: PART SEARCH: search_time:0.00 ms
Process time: 0.00 ms
CAM 1: -2147483648Hz
Loop 360: trial=1, Duration=90406 ms
Remap: 91.02 ms
Transform color: 2.04 ms
CAM#1: PART SEARCH: search_time:0.00 ms
Process time: 0.00 ms
Loop 361: trial=1, Duration=94866 ms
Remap: 65.26 ms
Transform color: 4.53 ms
CAM#1: PART SEARCH: search_time:0.00 ms
Process time: 0.00 ms
Loop 362: trial=1, Duration=87918 ms
Remap: 76.61 ms
Transform color: 4.64 ms
CAM#1: PART SEARCH: search_time:0.00 ms
Process time: 0.00 ms
Loop 363: trial=1, Duration=85648 ms
Remap: 53.23 ms
Transform color: 2.72 ms
CAM#1: PART SEARCH: search_time:0.00 ms
Process time: 0.00 ms
Loop 364: trial=1, Duration=58322 ms
Remap: 185.34 ms
Transform color: 2.24 ms
CAM#1: PART SEARCH: search_time:0.00 ms
Process time: 0.00 ms
Loop 365: trial=1, Duration=189640 ms
Remap: 18.45 ms
Transform color: 3.46 ms
CAM#1: PART SEARCH: search_time:0.00 ms
Process time: 0.00 ms
Loop 366: trial=1, Duration=24727 ms
Remap: 324.96 ms
Transform color: 2.50 ms
CAM#1: PART SEARCH: search_time:0.00 ms
Process time: 0.00 ms
CAM#1: Using GLobal SEARCH ##############################################
CAM#1: GLOBAL SEARCH: search_time:0.00 ms
Loop 367: trial=1, Duration=370750 ms
Remap: 135.66 ms
Transform color: 2.69 ms
CAM#1: PART SEARCH: search_time:0.00 ms
Process time: 0.00 ms
Loop 368: trial=1, Duration=141928 ms
Remap: 21.10 ms
Transform color: 2.91 ms
CAM#1: PART SEARCH: search_time:0.00 ms
Process time: 0.00 ms
Loop 369: trial=1, Duration=93485 ms
Remap: 80.25 ms
Transform color: 6.75 ms
CAM#1: PART SEARCH: search_time:0.00 ms
Process time: 0.00 ms
Loop 370: trial=1, Duration=113934 ms
Remap: 82.06 ms
Transform color: 7.95 ms
CAM#1: PART SEARCH: search_time:0.01 ms
Process time: 0.00 ms
Loop 371: trial=1, Duration=93387 ms
Remap: 79.33 ms
Transform color: 6.75 ms
CAM#1: PART SEARCH: search_time:0.00 ms
Process time: 0.00 ms
Loop 372: trial=1, Duration=88802 ms
Remap: 82.06 ms
Transform color: 7.89 ms
CAM#1: PART SEARCH: search_time:0.00 ms
Process time: 0.00 ms
Loop 373: trial=1, Duration=92798 ms
Remap: 75.63 ms
Transform color: 5.60 ms
CAM#1: PART SEARCH: search_time:0.01 ms
Process time: 0.00 ms
Loop 374: trial=1, Duration=202386 ms
Remap: 62.37 ms
Transform color: 4.60 ms
CAM#1: PART SEARCH: search_time:0.00 ms
Process time: 0.00 ms
Loop 375: trial=1, Duration=138721 ms
Remap: 56.17 ms
Transform color: 3.33 ms
CAM#1: PART SEARCH: search_time:0.01 ms
Process time: 0.00 ms
Loop 376: trial=1, Duration=62166 ms
Remap: 101.52 ms
Transform color: 4.97 ms
CAM#1: PART SEARCH: search_time:0.00 ms
Process time: 0.00 ms
Loop 377: trial=1, Duration=141249 ms
Remap: 85.09 ms
Transform color: 5.81 ms
CAM#1: PART SEARCH: search_time:0.00 ms
Process time: 0.00 ms
Loop 378: trial=1, Duration=93585 ms
Remap: 82.31 ms
Transform color: 2.74 ms
CAM#1: PART SEARCH: search_time:0.00 ms
Process time: 0.00 ms
Loop 379: trial=1, Duration=88805 ms
Remap: 129.79 ms
Transform color: 3.46 ms
CAM#1: PART SEARCH: search_time:0.00 ms
Process time: 0.00 ms
Loop 380: trial=1, Duration=136388 ms
Remap: 79.88 ms
Transform color: 4.33 ms
CAM#1: PART SEARCH: search_time:0.00 ms
Process time: 0.00 ms
Loop 381: trial=1, Duration=86542 ms
Remap: 77.01 ms
Transform color: 6.82 ms
CAM#1: PART SEARCH: search_time:0.01 ms
Process time: 0.00 ms
Loop 382: trial=1, Duration=86914 ms
Remap: 73.32 ms
Transform color: 6.16 ms
CAM#1: PART SEARCH: search_time:0.00 ms
Process time: 0.00 ms
CAM#1: Using GLobal SEARCH ##############################################
CAM#1: GLOBAL SEARCH: search_time:0.00 ms
Loop 383: trial=1, Duration=143935 ms
Remap: 92.00 ms
Transform color: 9.66 ms
CAM#1: PART SEARCH: search_time:0.00 ms
Process time: 0.00 ms
Loop 384: trial=1, Duration=105835 ms
Remap: 85.97 ms
Transform color: 5.62 ms
CAM#1: PART SEARCH: search_time:0.00 ms
Process time: 0.00 ms
Loop 385: trial=1, Duration=94157 ms
Remap: 64.63 ms
Transform color: 5.20 ms
CAM#1: PART SEARCH: search_time:0.00 ms
Process time: 0.00 ms
Loop 386: trial=1, Duration=72068 ms
Remap: 116.45 ms
Transform color: 6.48 ms
CAM#1: PART SEARCH: search_time:0.01 ms
Process time: 0.00 ms
Loop 387: trial=1, Duration=182571 ms
Remap: 82.78 ms
Transform color: 5.87 ms
CAM#1: PART SEARCH: search_time:0.01 ms
Process time: 0.00 ms
Loop 388: trial=1, Duration=92200 ms
Remap: 104.21 ms
Transform color: 9.48 ms
CAM#1: PART SEARCH: search_time:0.01 ms
Process time: 0.00 ms
Loop 389: trial=1, Duration=142094 ms
Remap: 98.10 ms
Transform color: 2.62 ms
CAM#1: PART SEARCH: search_time:0.00 ms
Process time: 0.00 ms
Loop 390: trial=1, Duration=102906 ms
Remap: 20.93 ms
Transform color: 5.54 ms
CAM#1: PART SEARCH: search_time:0.00 ms
Process time: 0.00 ms
Loop 391: trial=1, Duration=41294 ms
Remap: 81.35 ms
Transform color: 6.89 ms
CAM#1: PART SEARCH: search_time:0.00 ms
Process time: 0.00 ms
Loop 392: trial=1, Duration=114131 ms
Remap: 72.40 ms
Transform color: 4.94 ms
CAM#1: PART SEARCH: search_time:0.01 ms
Process time: 0.00 ms
Loop 393: trial=1, Duration=80373 ms
Remap: 77.94 ms
Transform color: 9.20 ms
CAM#1: PART SEARCH: search_time:0.01 ms
Process time: 0.00 ms
Loop 394: trial=1, Duration=90744 ms
Remap: 80.58 ms
Transform color: 5.04 ms
CAM#1: PART SEARCH: search_time:0.00 ms
Process time: 0.00 ms
Loop 395: trial=1, Duration=88103 ms
Remap: 79.94 ms
Transform color: 7.36 ms
CAM#1: PART SEARCH: search_time:0.01 ms
Process time: 0.00 ms
Loop 396: trial=1, Duration=90485 ms
Remap: 73.18 ms
Transform color: 2.32 ms
CAM#1: PART SEARCH: search_time:0.00 ms
Process time: 0.00 ms
Loop 397: trial=1, Duration=82783 ms
Remap: 80.85 ms
Transform color: 7.87 ms
CAM#1: PART SEARCH: search_time:0.01 ms
Process time: 0.00 ms
Loop 398: trial=1, Duration=99398 ms
Remap: 44.62 ms
Transform color: 2.46 ms
CAM#1: PART SEARCH: search_time:0.00 ms
Process time: 0.00 ms
CAM#1: Using GLobal SEARCH ##############################################
CAM#1: GLOBAL SEARCH: search_time:0.00 ms
CAM#1: Found when using GLOBAL_IMAGE. X: 2156.00 Y:1645.00
Loop 399: trial=1, Duration=106005 ms
Remap: 97.53 ms
Transform color: 11.30 ms
Get partial image time: 0.11 ms
Apriltag detector detect time: 31.46 ms
CAM#1: tag#5: FAST SEARCH: search_time:31.70 microseconds
CAM#1: tag#5 exceeded 17ms search time. Switching to exhaustive search.
CAM#1: PART SEARCH: search_time:31.73 ms
Tag#5 detected in the overlapping area. Time frame: 2025-Apr-24 12:17:07.228110
Process time: 0.09 ms
CAM#1: Using GLobal SEARCH ##############################################
CAM#1: GLOBAL SEARCH: search_time:40.24 ms
CAM#1: Found when using GLOBAL_IMAGE. X: 2203.00 Y:1540.00
Loop 400: trial=1, Duration=264309 ms
Remap: 85.08 ms
Transform color: 18.50 ms
Get partial image time: 0.11 ms
Apriltag detector detect time: 7.26 ms
Zarray time: 0.00 ms
CAM#1: tag#5: FAST SEARCH: search_time:7.48 microseconds
CAM#1: PART SEARCH: search_time:7.51 ms
Process time: 0.00 ms
Loop 401: trial=1, Duration=115376 ms
Remap: 86.47 ms
Transform color: 77.99 ms
Get partial image time: 0.19 ms
Apriltag detector detect time: 8.91 ms
Zarray time: 0.00 ms
CAM#1: tag#5: FAST SEARCH: search_time:9.19 microseconds
CAM#1: PART SEARCH: search_time:9.22 ms
Tags are missing.
Process time: 0.00 ms
CAM#1: Using GLobal SEARCH ##############################################
CAM#1: GLOBAL SEARCH: search_time:171.06 ms
CAM#1: Found when using GLOBAL_IMAGE. X: 2248.00 Y:1448.00
Loop 402: trial=1, Duration=349249 ms
Remap: 79.26 ms
Transform color: 13.36 ms
Get partial image time: 0.09 ms
Apriltag detector detect time: 6.41 ms
Zarray time: 0.00 ms
CAM#1: tag#5: FAST SEARCH: search_time:6.58 microseconds
CAM#1: PART SEARCH: search_time:6.60 ms
Process time: 0.00 ms
Loop 403: trial=1, Duration=105674 ms
Remap: 83.61 ms
Transform color: 14.39 ms
Get partial image time: 0.10 ms
Apriltag detector detect time: 7.98 ms
Zarray time: 0.00 ms
CAM#1: tag#5: FAST SEARCH: search_time:8.16 microseconds
CAM#1: PART SEARCH: search_time:8.18 ms
Tags are missing.
Process time: 0.00 ms
CAM#1: Using GLobal SEARCH ##############################################
CAM#1: GLOBAL SEARCH: search_time:266.18 ms
CAM#1: Found when using GLOBAL_IMAGE. X: 2315.00 Y:1314.00
Loop 404: trial=1, Duration=379637 ms
Remap: 83.49 ms
Transform color: 4.99 ms
Get partial image time: 0.06 ms
Apriltag detector detect time: 7.32 ms
Zarray time: 0.00 ms
CAM#1: tag#5: FAST SEARCH: search_time:7.52 microseconds
CAM#1: PART SEARCH: search_time:7.55 ms
Process time: 0.00 ms
Loop 405: trial=1, Duration=100809 ms
Remap: 87.79 ms
Transform color: 1.76 ms
Get partial image time: 0.10 ms
Apriltag detector detect time: 8.80 ms
Zarray time: 0.00 ms
CAM#1: tag#5: FAST SEARCH: search_time:9.05 microseconds
CAM#1: PART SEARCH: search_time:9.08 ms
Tags are missing.
Process time: 0.01 ms
CAM#1: Using GLobal SEARCH ##############################################
CAM#1: GLOBAL SEARCH: search_time:241.20 ms
CAM#1: Found when using GLOBAL_IMAGE. X: 2368.00 Y:1204.00
Loop 406: trial=1, Duration=344374 ms
Remap: 90.60 ms
Transform color: 4.85 ms
Get partial image time: 0.11 ms
Apriltag detector detect time: 6.38 ms
Zarray time: 0.00 ms
CAM#1: tag#5: FAST SEARCH: search_time:6.57 microseconds
CAM#1: PART SEARCH: search_time:6.60 ms
Process time: 0.00 ms
Loop 407: trial=1, Duration=104318 ms
Remap: 71.37 ms
Transform color: 5.76 ms
Get partial image time: 0.07 ms
Apriltag detector detect time: 5.79 ms
Zarray time: 0.00 ms
CAM#1: tag#5: FAST SEARCH: search_time:5.95 microseconds
CAM#1: PART SEARCH: search_time:5.98 ms
Tags are missing.
Process time: 0.00 ms
CAM#1: Using GLobal SEARCH ##############################################
CAM#1: GLOBAL SEARCH: search_time:225.98 ms
CAM#1: Found when using GLOBAL_IMAGE. X: 2425.00 Y:1086.00
Loop 408: trial=1, Duration=344378 ms
Remap: 100.68 ms
Transform color: 7.17 ms
Get partial image time: 0.08 ms
Apriltag detector detect time: 8.62 ms
Zarray time: 0.00 ms
CAM#1: tag#5: FAST SEARCH: search_time:8.79 microseconds
CAM#1: PART SEARCH: search_time:8.82 ms
Process time: 0.00 ms
Loop 409: trial=1, Duration=150815 ms
Remap: 92.84 ms
Transform color: 7.67 ms
Get partial image time: 0.08 ms
Apriltag detector detect time: 6.34 ms
Zarray time: 0.00 ms
CAM#1: tag#5: FAST SEARCH: search_time:6.48 microseconds
CAM#1: PART SEARCH: search_time:6.54 ms
Tags are missing.
Process time: 0.00 ms
CAM#1: Using GLobal SEARCH ##############################################
CAM#1: GLOBAL SEARCH: search_time:181.10 ms
CAM#1: Found when using GLOBAL_IMAGE. X: 2467.00 Y:1000.00
Loop 410: trial=1, Duration=292650 ms
Remap: 91.62 ms
Transform color: 16.02 ms
Get partial image time: 0.16 ms
Apriltag detector detect time: 8.28 ms
Zarray time: 0.00 ms
CAM#1: tag#5: FAST SEARCH: search_time:8.57 microseconds
CAM#1: PART SEARCH: search_time:8.63 ms
Process time: 0.00 ms
Loop 411: trial=1, Duration=120033 ms
Remap: 82.74 ms
Transform color: 15.45 ms
Get partial image time: 0.10 ms
Apriltag detector detect time: 7.67 ms
Zarray time: 0.00 ms
CAM#1: tag#5: FAST SEARCH: search_time:7.87 microseconds
CAM#1: PART SEARCH: search_time:7.89 ms
Tags are missing.
Process time: 0.00 ms
CAM#1: Using GLobal SEARCH ##############################################
CAM#1: GLOBAL SEARCH: search_time:251.47 ms
CAM#1: Found when using GLOBAL_IMAGE. X: 2532.00 Y:869.00
Loop 412: trial=1, Duration=362620 ms
Remap: 92.66 ms
Transform color: 17.32 ms
Get partial image time: 0.09 ms
Apriltag detector detect time: 7.33 ms
Zarray time: 0.00 ms
CAM#1: tag#5: FAST SEARCH: search_time:7.60 microseconds
CAM#1: PART SEARCH: search_time:7.63 ms
Process time: 0.00 ms
Loop 413: trial=1, Duration=125442 ms
Remap: 88.50 ms
Transform color: 4.45 ms
Get partial image time: 0.07 ms
Apriltag detector detect time: 7.10 ms
Zarray time: 0.00 ms
CAM#1: tag#5: FAST SEARCH: search_time:7.23 microseconds
CAM#1: PART SEARCH: search_time:7.26 ms
Tags are missing.
Process time: 0.00 ms
CAM#1: Using GLobal SEARCH ##############################################
CAM#1: GLOBAL SEARCH: search_time:271.59 ms
CAM#1: Found when using GLOBAL_IMAGE. X: 2590.00 Y:758.00
Loop 414: trial=1, Duration=375883 ms
Remap: 81.76 ms
Transform color: 18.78 ms
Get partial image time: 0.16 ms
Apriltag detector detect time: 8.18 ms
Zarray time: 0.00 ms
CAM#1: tag#5: FAST SEARCH: search_time:8.45 microseconds
CAM#1: PART SEARCH: search_time:8.48 ms
Process time: 0.00 ms
Loop 415: trial=1, Duration=112716 ms
Remap: 85.69 ms
Transform color: 11.18 ms
Get partial image time: 0.07 ms
Apriltag detector detect time: 8.02 ms
Zarray time: 0.00 ms
CAM#1: tag#5: FAST SEARCH: search_time:8.13 microseconds
CAM#1: PART SEARCH: search_time:8.17 ms
Tags are missing.
Process time: 0.01 ms
CAM#1: Using GLobal SEARCH ##############################################
CAM#1: GLOBAL SEARCH: search_time:271.50 ms
CAM#1: Found when using GLOBAL_IMAGE. X: 2649.00 Y:648.00
Loop 416: trial=1, Duration=382563 ms
Remap: 78.38 ms
Transform color: 15.78 ms
Get partial image time: 0.14 ms
Apriltag detector detect time: 7.65 ms
Zarray time: 0.00 ms
CAM#1: tag#5: FAST SEARCH: search_time:7.93 microseconds
CAM#1: PART SEARCH: search_time:7.96 ms
Process time: 0.00 ms
Loop 417: trial=1, Duration=105742 ms
Remap: 56.51 ms
Transform color: 2.42 ms
Get partial image time: 0.14 ms
Apriltag detector detect time: 7.84 ms
Zarray time: 0.00 ms
CAM#1: tag#5: FAST SEARCH: search_time:8.08 microseconds
CAM#1: PART SEARCH: search_time:8.12 ms
Tags are missing.
Process time: 0.00 ms
CAM#1: Using GLobal SEARCH ##############################################
CAM#1: GLOBAL SEARCH: search_time:321.57 ms
Loop 418: trial=1, Duration=395191 ms
Remap: 88.97 ms
Transform color: 2.78 ms
CAM#1: PART SEARCH: search_time:0.00 ms
Tag#5 detected in the overlapping area. Time frame: 2025-Apr-24 12:17:11.485218
Process time: 0.03 ms
Loop 419: trial=1, Duration=94873 ms
Remap: 82.24 ms
Transform color: 21.24 ms
CAM#1: PART SEARCH: search_time:0.00 ms
Process time: 0.00 ms
Loop 420: trial=1, Duration=111205 ms
Remap: 23.82 ms
Transform color: 2.25 ms
CAM#1: PART SEARCH: search_time:0.00 ms
Process time: 0.00 ms
Loop 421: trial=1, Duration=28199 ms
Remap: 90.55 ms
Transform color: 21.85 ms
CAM#1: PART SEARCH: search_time:0.01 ms
Process time: 0.00 ms
Loop 422: trial=1, Duration=175454 ms
Remap: 94.18 ms
Transform color: 14.69 ms
CAM#1: PART SEARCH: search_time:0.00 ms
Process time: 0.00 ms
Loop 423: trial=1, Duration=112122 ms
Remap: 84.28 ms
Transform color: 2.27 ms
CAM#1: PART SEARCH: search_time:0.00 ms
Process time: 0.00 ms
Loop 424: trial=1, Duration=103503 ms
Remap: 93.52 ms
Transform color: 14.68 ms
CAM#1: PART SEARCH: search_time:0.00 ms
Process time: 0.00 ms
Loop 425: trial=1, Duration=121795 ms
Remap: 178.23 ms
Transform color: 3.05 ms
CAM#1: PART SEARCH: search_time:0.00 ms
Process time: 0.00 ms
Loop 426: trial=1, Duration=271898 ms
Remap: 80.29 ms
Transform color: 16.98 ms
CAM#1: PART SEARCH: search_time:0.00 ms
Process time: 0.00 ms
Loop 427: trial=1, Duration=109624 ms
Remap: 88.91 ms
Transform color: 12.08 ms
CAM#1: PART SEARCH: search_time:0.00 ms
Process time: 0.00 ms
Loop 428: trial=1, Duration=103402 ms
Remap: 78.33 ms
Transform color: 2.20 ms
CAM#1: PART SEARCH: search_time:0.00 ms
Process time: 0.00 ms
Loop 429: trial=1, Duration=86543 ms
Remap: 98.55 ms
Transform color: 13.23 ms
CAM#1: PART SEARCH: search_time:0.00 ms
Process time: 0.00 ms
Loop 430: trial=1, Duration=184150 ms
Remap: 80.23 ms
Transform color: 22.75 ms
CAM#1: PART SEARCH: search_time:0.00 ms
Process time: 0.00 ms
Loop 431: trial=1, Duration=107142 ms
Remap: 86.57 ms
Transform color: 19.69 ms
CAM#1: PART SEARCH: search_time:0.00 ms
Process time: 0.00 ms
Loop 432: trial=1, Duration=112254 ms
Remap: 83.59 ms
Transform color: 21.92 ms
CAM#1: PART SEARCH: search_time:0.00 ms
Process time: 0.00 ms
Loop 433: trial=1, Duration=110512 ms
Remap: 91.64 ms
Transform color: 15.95 ms
CAM#1: PART SEARCH: search_time:0.00 ms
Process time: 0.00 ms
CAM#1: Using GLobal SEARCH ##############################################
CAM#1: GLOBAL SEARCH: search_time:0.00 ms
CAM#1: Found when using GLOBAL_IMAGE. X: 2921.00 Y:105.00
Loop 434: trial=1, Duration=110601 ms
Remap: 84.08 ms
Transform color: 19.91 ms
Get partial image time: 0.13 ms
Apriltag detector detect time: 7.48 ms
Zarray time: 0.00 ms
CAM#1: tag#5: FAST SEARCH: search_time:7.71 microseconds
CAM#1: PART SEARCH: search_time:7.77 ms
Tag#5 detected in the overlapping area. Time frame: 2025-Apr-24 12:17:13.870308
Process time: 0.08 ms
Loop 435: trial=1, Duration=115159 ms
Remap: 92.50 ms
Transform color: 13.50 ms
Get partial image time: 0.10 ms
Apriltag detector detect time: 8.83 ms
Zarray time: 0.00 ms
CAM#1: tag#5: FAST SEARCH: search_time:9.04 microseconds
CAM#1: PART SEARCH: search_time:9.09 ms
Tags are missing.
Process time: 0.01 ms
CAM#1: Using GLobal SEARCH ##############################################
CAM#1: GLOBAL SEARCH: search_time:180.90 ms
Loop 436: trial=1, Duration=300718 ms
Remap: 93.77 ms
Transform color: 14.01 ms
CAM#1: PART SEARCH: search_time:0.00 ms
Tag#5 detected in the overlapping area. Time frame: 2025-Apr-24 12:17:13.870308
Process time: 0.04 ms
Loop 437: trial=1, Duration=139409 ms
Remap: 92.25 ms
Transform color: 22.00 ms
CAM#1: PART SEARCH: search_time:0.00 ms
Process time: 0.00 ms
Loop 438: trial=1, Duration=117345 ms
Remap: 85.25 ms
Transform color: 17.42 ms
CAM#1: PART SEARCH: search_time:0.00 ms
Process time: 0.00 ms
Loop 439: trial=1, Duration=116321 ms
Remap: 94.45 ms
Transform color: 13.15 ms
CAM#1: PART SEARCH: search_time:0.00 ms
Process time: 0.00 ms
Loop 440: trial=1, Duration=132261 ms
Remap: 85.23 ms
Transform color: 22.57 ms
CAM#1: PART SEARCH: search_time:0.00 ms
Process time: 0.00 ms
Loop 441: trial=1, Duration=110739 ms
Remap: 87.43 ms
Transform color: 19.18 ms
CAM#1: PART SEARCH: search_time:0.00 ms
Process time: 0.00 ms
Loop 442: trial=1, Duration=109058 ms
Remap: 83.50 ms
Transform color: 19.26 ms
CAM#1: PART SEARCH: search_time:0.00 ms
Process time: 0.00 ms
Loop 443: trial=1, Duration=106973 ms
Remap: 76.39 ms
Transform color: 16.69 ms
CAM#1: PART SEARCH: search_time:0.00 ms
Process time: 0.00 ms
Loop 444: trial=1, Duration=96705 ms
Remap: 84.66 ms
Transform color: 17.98 ms
CAM#1: PART SEARCH: search_time:0.00 ms
Process time: 0.00 ms
Loop 445: trial=1, Duration=105422 ms
Remap: 89.21 ms
Transform color: 19.50 ms
CAM#1: PART SEARCH: search_time:0.00 ms
Process time: 0.00 ms
Loop 446: trial=1, Duration=166593 ms
Remap: 90.31 ms
Transform color: 19.52 ms
CAM#1: PART SEARCH: search_time:0.00 ms
Process time: 0.00 ms
Loop 447: trial=1, Duration=112969 ms
Remap: 88.38 ms
Transform color: 18.03 ms
CAM#1: PART SEARCH: search_time:0.00 ms
Process time: 0.00 ms
Loop 448: trial=1, Duration=110084 ms
Remap: 88.23 ms
Transform color: 20.62 ms
CAM#1: PART SEARCH: search_time:0.01 ms
Process time: 0.00 ms
Loop 449: trial=1, Duration=113318 ms
Remap: 86.54 ms
Transform color: 3.62 ms
CAM#1: PART SEARCH: search_time:0.00 ms
Process time: 0.00 ms
Loop 450: trial=1, Duration=123947 ms
Remap: 189.17 ms
Transform color: 3.03 ms
CAM#1: PART SEARCH: search_time:0.00 ms
Process time: 0.00 ms
Loop 451: trial=1, Duration=201193 ms
Remap: 114.92 ms
Transform color: 20.14 ms
CAM#1: PART SEARCH: search_time:0.01 ms
Process time: 0.00 ms
CAM#1: Using GLobal SEARCH ##############################################
CAM#1: GLOBAL SEARCH: search_time:0.00 ms
Loop 452: trial=1, Duration=233119 ms
Remap: 95.05 ms
Transform color: 18.75 ms
CAM#1: PART SEARCH: search_time:0.00 ms
Tag#5 detected in the overlapping area. Time frame: 2025-Apr-24 12:17:13.870308
Process time: 0.04 ms
Loop 453: trial=1, Duration=146385 ms
Remap: 80.80 ms
Transform color: 15.20 ms
CAM#1: PART SEARCH: search_time:0.00 ms
Process time: 0.00 ms
Loop 454: trial=1, Duration=226001 ms
Remap: 89.77 ms
Transform color: 16.51 ms
CAM#1: PART SEARCH: search_time:0.00 ms
Process time: 0.00 ms
Loop 455: trial=1, Duration=174075 ms
Remap: 96.43 ms
Transform color: 19.59 ms
CAM#1: PART SEARCH: search_time:0.00 ms
Process time: 0.00 ms
Loop 456: trial=1, Duration=119858 ms
Remap: 83.52 ms
Transform color: 12.71 ms
CAM#1: PART SEARCH: search_time:0.00 ms
Process time: 0.00 ms
Loop 457: trial=1, Duration=107695 ms
Remap: 85.42 ms
Transform color: 16.20 ms
CAM#1: PART SEARCH: search_time:0.00 ms
Process time: 0.00 ms
Loop 458: trial=1, Duration=104761 ms
Remap: 95.52 ms
Transform color: 16.71 ms
CAM#1: PART SEARCH: search_time:0.00 ms
Process time: 0.00 ms
Loop 459: trial=1, Duration=115678 ms
Remap: 91.16 ms
Transform color: 12.58 ms
CAM#1: PART SEARCH: search_time:0.00 ms
Process time: 0.00 ms
Loop 460: trial=1, Duration=108721 ms
Remap: 88.76 ms
Transform color: 12.31 ms
CAM#1: PART SEARCH: search_time:0.00 ms
Process time: 0.00 ms
Loop 461: trial=1, Duration=103960 ms
Remap: 88.55 ms
Transform color: 14.08 ms
CAM#1: PART SEARCH: search_time:0.00 ms
Process time: 0.00 ms
Loop 462: trial=1, Duration=105078 ms
Remap: 87.67 ms
Transform color: 15.71 ms
CAM#1: PART SEARCH: search_time:0.00 ms
Process time: 0.00 ms
Loop 463: trial=1, Duration=134042 ms
Remap: 78.15 ms
Transform color: 18.59 ms
CAM#1: PART SEARCH: search_time:0.00 ms
Process time: 0.00 ms
Loop 464: trial=1, Duration=101194 ms
Remap: 89.35 ms
Transform color: 17.71 ms
CAM#1: PART SEARCH: search_time:0.00 ms
Process time: 0.00 ms
Loop 465: trial=1, Duration=111676 ms
Remap: 83.97 ms
Transform color: 12.00 ms
CAM#1: PART SEARCH: search_time:0.00 ms
Process time: 0.00 ms
Loop 466: trial=1, Duration=142271 ms
Remap: 92.04 ms
Transform color: 164.36 ms
CAM#1: PART SEARCH: search_time:0.00 ms
Process time: 0.00 ms
Loop 467: trial=1, Duration=352066 ms
Remap: 89.72 ms
Transform color: 18.68 ms
CAM#1: PART SEARCH: search_time:0.00 ms
Process time: 0.00 ms
CAM#1: Using GLobal SEARCH ##############################################
CAM#1: GLOBAL SEARCH: search_time:0.00 ms
Loop 468: trial=1, Duration=111804 ms
Remap: 91.38 ms
Transform color: 16.37 ms
CAM#1: PART SEARCH: search_time:0.00 ms
Tag#5 detected in the overlapping area. Time frame: 2025-Apr-24 12:17:13.870308
Process time: 0.03 ms
Loop 469: trial=1, Duration=272750 ms
Remap: 94.10 ms
Transform color: 3.79 ms
CAM#1: PART SEARCH: search_time:0.00 ms
Process time: 0.00 ms
Loop 470: trial=1, Duration=102481 ms
Remap: 86.20 ms
Transform color: 12.47 ms
CAM#1: PART SEARCH: search_time:0.00 ms
Process time: 0.00 ms
Loop 471: trial=1, Duration=155138 ms
Remap: 84.23 ms
Transform color: 18.17 ms
CAM#1: PART SEARCH: search_time:0.00 ms
Process time: 0.00 ms
Loop 472: trial=1, Duration=126518 ms
Remap: 79.39 ms
Transform color: 10.40 ms
CAM#1: PART SEARCH: search_time:0.00 ms
Process time: 0.00 ms
Loop 473: trial=1, Duration=130304 ms
Remap: 13.93 ms
Transform color: 1.34 ms
CAM#1: PART SEARCH: search_time:0.00 ms
Process time: 0.00 ms
Loop 474: trial=1, Duration=17057 ms
Remap: 12.13 ms
Transform color: 1.91 ms
CAM#1: PART SEARCH: search_time:0.00 ms
Process time: 0.00 ms
Loop 475: trial=1, Duration=16230 ms
Remap: 11.81 ms
Transform color: 1.30 ms
CAM#1: PART SEARCH: search_time:0.00 ms
Process time: 0.00 ms
Loop 476: trial=1, Duration=20818 ms
Remap: 74.40 ms
Transform color: 13.82 ms
CAM#1: PART SEARCH: search_time:0.00 ms
Process time: 0.00 ms
Loop 477: trial=1, Duration=110817 ms
Remap: 74.03 ms
Transform color: 13.40 ms
CAM#1: PART SEARCH: search_time:0.00 ms
Process time: 0.00 ms
Loop 478: trial=1, Duration=103847 ms
Remap: 69.03 ms
Transform color: 9.84 ms
CAM#1: PART SEARCH: search_time:0.00 ms
Process time: 0.00 ms
Loop 479: trial=1, Duration=81323 ms
Remap: 15.37 ms
Transform color: 2.58 ms
CAM#1: PART SEARCH: search_time:0.01 ms
Process time: 0.00 ms
CAM 1: -2147483648Hz
Loop 480: trial=1, Duration=20469 ms
Remap: 11.43 ms
Transform color: 1.56 ms
CAM#1: PART SEARCH: search_time:0.00 ms
Process time: 0.00 ms
Loop 481: trial=1, Duration=15343 ms
Remap: 32.53 ms
Transform color: 1.42 ms
CAM#1: PART SEARCH: search_time:0.00 ms
Process time: 0.00 ms
Loop 482: trial=1, Duration=62976 ms
Remap: 81.55 ms
Transform color: 20.45 ms
CAM#1: PART SEARCH: search_time:0.00 ms
Process time: 0.00 ms
Loop 483: trial=1, Duration=104864 ms
Remap: 80.28 ms
Transform color: 10.43 ms
CAM#1: PART SEARCH: search_time:0.00 ms
Process time: 0.00 ms
CAM#1: Using GLobal SEARCH ##############################################
CAM#1: GLOBAL SEARCH: search_time:0.00 ms
Loop 484: trial=1, Duration=94512 ms
Remap: 71.81 ms
Transform color: 1.21 ms
CAM#1: PART SEARCH: search_time:0.00 ms
Tag#5 detected in the overlapping area. Time frame: 2025-Apr-24 12:17:13.870308
Process time: 0.03 ms
Loop 485: trial=1, Duration=74901 ms
Remap: 18.12 ms
Transform color: 2.19 ms
CAM#1: PART SEARCH: search_time:0.00 ms
Process time: 0.00 ms
Loop 486: trial=1, Duration=39644 ms
Remap: 12.97 ms
Transform color: 1.52 ms
CAM#1: PART SEARCH: search_time:0.00 ms
Process time: 0.00 ms
Loop 487: trial=1, Duration=16348 ms
Remap: 19.83 ms
Transform color: 1.84 ms
CAM#1: PART SEARCH: search_time:0.00 ms
Process time: 0.00 ms
Loop 488: trial=1, Duration=38941 ms
Remap: 77.56 ms
Transform color: 12.14 ms
CAM#1: PART SEARCH: search_time:0.00 ms
Process time: 0.00 ms
Loop 489: trial=1, Duration=113179 ms
Remap: 14.83 ms
Transform color: 116.83 ms
CAM#1: PART SEARCH: search_time:0.00 ms
Process time: 0.00 ms
Loop 490: trial=1, Duration=142559 ms
Remap: 15.13 ms
Transform color: 1.45 ms
CAM#1: PART SEARCH: search_time:0.00 ms
Process time: 0.00 ms
Loop 491: trial=1, Duration=18477 ms
Remap: 12.74 ms
Transform color: 1.96 ms
CAM#1: PART SEARCH: search_time:0.00 ms
Process time: 0.00 ms
Loop 492: trial=1, Duration=17179 ms
Remap: 11.26 ms
Transform color: 1.38 ms
CAM#1: PART SEARCH: search_time:0.00 ms
Process time: 0.00 ms
Loop 493: trial=1, Duration=29541 ms
Remap: 73.30 ms
Transform color: 1.70 ms
CAM#1: PART SEARCH: search_time:0.00 ms
Process time: 0.00 ms
Loop 494: trial=1, Duration=91291 ms
Remap: 68.58 ms
Transform color: 11.53 ms
CAM#1: PART SEARCH: search_time:0.00 ms
Process time: 0.00 ms
Loop 495: trial=1, Duration=99576 ms
Remap: 14.45 ms
Transform color: 2.03 ms
CAM#1: PART SEARCH: search_time:0.00 ms
Process time: 0.00 ms
Loop 496: trial=1, Duration=18908 ms
Remap: 39.59 ms
Transform color: 1.50 ms
CAM#1: PART SEARCH: search_time:0.00 ms
Process time: 0.00 ms
Loop 497: trial=1, Duration=53622 ms
Remap: 67.22 ms
Transform color: 1.28 ms
CAM#1: PART SEARCH: search_time:0.00 ms
Process time: 0.00 ms
Loop 498: trial=1, Duration=71764 ms
Remap: 77.19 ms
Transform color: 11.62 ms
CAM#1: PART SEARCH: search_time:0.00 ms
Process time: 0.00 ms
Loop 499: trial=1, Duration=91796 ms
Remap: 14.34 ms
Transform color: 1.35 ms
CAM#1: PART SEARCH: search_time:0.00 ms
Process time: 0.00 ms
CAM#1: Using GLobal SEARCH ##############################################
CAM#1: GLOBAL SEARCH: search_time:0.00 ms
Loop 500: trial=1, Duration=17490 ms
Remap: 20.89 ms
Transform color: 1.93 ms
CAM#1: PART SEARCH: search_time:0.00 ms
Tag#5 detected in the overlapping area. Time frame: 2025-Apr-24 12:17:13.870308
Process time: 0.04 ms
Loop 501: trial=1, Duration=25207 ms
Remap: 31.76 ms
Transform color: 1.82 ms
CAM#1: PART SEARCH: search_time:0.00 ms
Process time: 0.00 ms
Loop 502: trial=1, Duration=35993 ms
Remap: 28.54 ms
Transform color: 1.73 ms
CAM#1: PART SEARCH: search_time:0.00 ms
Process time: 0.00 ms
Loop 503: trial=1, Duration=32121 ms
Remap: 44.39 ms
Transform color: 1.57 ms
CAM#1: PART SEARCH: search_time:0.00 ms
Process time: 0.00 ms
Loop 504: trial=1, Duration=55744 ms
Remap: 73.94 ms
Transform color: 14.24 ms
CAM#1: PART SEARCH: search_time:0.00 ms
Process time: 0.00 ms
Loop 505: trial=1, Duration=116319 ms
Remap: 71.94 ms
Transform color: 15.73 ms
CAM#1: PART SEARCH: search_time:0.00 ms
Process time: 0.00 ms
Loop 506: trial=1, Duration=90075 ms
Remap: 30.99 ms
Transform color: 1.47 ms
CAM#1: PART SEARCH: search_time:0.00 ms
Process time: 0.00 ms
Loop 507: trial=1, Duration=34311 ms
Remap: 13.61 ms
Transform color: 1.54 ms
CAM#1: PART SEARCH: search_time:0.00 ms
Process time: 0.00 ms
Loop 508: trial=1, Duration=19152 ms
Remap: 70.62 ms
Transform color: 10.48 ms
CAM#1: PART SEARCH: search_time:0.00 ms
Process time: 0.00 ms
Loop 509: trial=1, Duration=93854 ms
Remap: 71.34 ms
Transform color: 14.28 ms
CAM#1: PART SEARCH: search_time:0.00 ms
Process time: 0.00 ms
Loop 510: trial=1, Duration=88881 ms
Remap: 73.27 ms
Transform color: 1.68 ms
CAM#1: PART SEARCH: search_time:0.00 ms
Process time: 0.00 ms
Loop 511: trial=1, Duration=76960 ms
Remap: 16.34 ms
Transform color: 1.59 ms
CAM#1: PART SEARCH: search_time:0.00 ms
Process time: 0.00 ms
Loop 512: trial=1, Duration=19771 ms
Remap: 13.53 ms
Transform color: 1.98 ms
CAM#1: PART SEARCH: search_time:0.00 ms
Process time: 0.00 ms
Loop 513: trial=1, Duration=17873 ms
Remap: 20.58 ms
Transform color: 2.03 ms
CAM#1: PART SEARCH: search_time:0.00 ms
Process time: 0.00 ms
Loop 514: trial=1, Duration=71246 ms
Remap: 32.09 ms
Transform color: 1.60 ms
CAM#1: PART SEARCH: search_time:0.00 ms
Process time: 0.00 ms
Loop 515: trial=1, Duration=35705 ms
Remap: 35.86 ms
Transform color: 1.54 ms
CAM#1: PART SEARCH: search_time:0.00 ms
Process time: 0.00 ms
CAM#1: Using GLobal SEARCH ##############################################
CAM#1: GLOBAL SEARCH: search_time:0.00 ms
Loop 516: trial=1, Duration=61724 ms
Remap: 71.35 ms
Transform color: 1.40 ms
CAM#1: PART SEARCH: search_time:0.00 ms
Tag#5 detected in the overlapping area. Time frame: 2025-Apr-24 12:17:13.870308
Process time: 0.03 ms
Loop 517: trial=1, Duration=74753 ms
Remap: 12.44 ms
Transform color: 1.30 ms
CAM#1: PART SEARCH: search_time:0.00 ms
Process time: 0.00 ms
Loop 518: trial=1, Duration=17042 ms
