Remap: 74.70 ms
Transform color: 6.22 ms
CAM#2: PART SEARCH: search_time:0.00 ms
Process time: 0.00 ms
Loop 0: trial=1, Duration=98525 ms
Remap: 71.65 ms
Transform color: 2.39 ms
CAM#2: PART SEARCH: search_time:0.00 ms
Process time: 0.00 ms
Loop 1: trial=1, Duration=140593 ms
Remap: 49.76 ms
Transform color: 1.51 ms
CAM#2: PART SEARCH: search_time:0.00 ms
Process time: 0.00 ms
Loop 2: trial=1, Duration=70106 ms
Remap: 62.87 ms
Transform color: 4.38 ms
CAM#2: PART SEARCH: search_time:0.00 ms
Process time: 0.00 ms
Loop 3: trial=1, Duration=140916 ms
Remap: 49.84 ms
Transform color: 1.53 ms
CAM#2: PART SEARCH: search_time:0.00 ms
Process time: 0.00 ms
Loop 4: trial=1, Duration=693859 ms
Remap: 36.82 ms
Transform color: 3.12 ms
CAM#2: PART SEARCH: search_time:0.01 ms
Process time: 0.00 ms
Loop 5: trial=1, Duration=259393 ms
Remap: 67.23 ms
Transform color: 3.83 ms
CAM#2: PART SEARCH: search_time:0.00 ms
Process time: 0.00 ms
Loop 6: trial=1, Duration=94392 ms
Remap: 67.64 ms
Transform color: 4.05 ms
CAM#2: PART SEARCH: search_time:0.00 ms
Process time: 0.00 ms
Loop 7: trial=1, Duration=73779 ms
Remap: 64.10 ms
Transform color: 5.95 ms
CAM#2: PART SEARCH: search_time:0.00 ms
Process time: 0.00 ms
Loop 8: trial=1, Duration=73593 ms
Remap: 68.59 ms
Transform color: 5.90 ms
CAM#2: PART SEARCH: search_time:0.00 ms
Process time: 0.00 ms
Loop 9: trial=1, Duration=76513 ms
Remap: 74.48 ms
Transform color: 4.91 ms
CAM#2: PART SEARCH: search_time:0.00 ms
Process time: 0.00 ms
Loop 10: trial=1, Duration=101942 ms
Remap: 68.73 ms
Transform color: 4.59 ms
CAM#2: PART SEARCH: search_time:0.00 ms
Process time: 0.00 ms
Loop 11: trial=1, Duration=169812 ms
Remap: 64.94 ms
Transform color: 6.52 ms
CAM#2: PART SEARCH: search_time:0.00 ms
Process time: 0.00 ms
Loop 12: trial=1, Duration=74555 ms
Remap: 65.96 ms
Transform color: 7.38 ms
CAM#2: PART SEARCH: search_time:0.01 ms
Process time: 0.00 ms
Loop 13: trial=1, Duration=76693 ms
Remap: 69.98 ms
Transform color: 4.74 ms
CAM#2: PART SEARCH: search_time:0.00 ms
Process time: 0.00 ms
Loop 14: trial=1, Duration=76884 ms
Remap: 65.82 ms
Transform color: 6.77 ms
CAM#2: PART SEARCH: search_time:0.00 ms
Process time: 0.00 ms
CAM#2: Using GLobal SEARCH ##############################################
CAM#2: GLOBAL SEARCH: search_time:0.00 ms
Loop 15: trial=1, Duration=75303 ms
Remap: 67.23 ms
Transform color: 5.69 ms
CAM#2: PART SEARCH: search_time:0.00 ms
Process time: 0.00 ms
Loop 16: trial=1, Duration=126081 ms
Remap: 61.75 ms
Transform color: 4.41 ms
CAM#2: PART SEARCH: search_time:0.00 ms
Process time: 0.00 ms
Loop 17: trial=1, Duration=68313 ms
Remap: 67.71 ms
Transform color: 5.77 ms
CAM#2: PART SEARCH: search_time:0.00 ms
Process time: 0.00 ms
Loop 18: trial=1, Duration=94825 ms
Remap: 65.32 ms
Transform color: 2.88 ms
CAM#2: PART SEARCH: search_time:0.00 ms
Process time: 0.00 ms
Loop 19: trial=1, Duration=70070 ms
Remap: 18.11 ms
Transform color: 2.43 ms
CAM#2: PART SEARCH: search_time:0.00 ms
Process time: 0.00 ms
Loop 20: trial=1, Duration=22388 ms
Remap: 64.22 ms
Transform color: 6.11 ms
CAM#2: PART SEARCH: search_time:0.00 ms
Process time: 0.00 ms
Loop 21: trial=1, Duration=148172 ms
Remap: 67.07 ms
Transform color: 5.89 ms
CAM#2: PART SEARCH: search_time:0.01 ms
Process time: 0.00 ms
Loop 22: trial=1, Duration=75917 ms
Remap: 66.00 ms
Transform color: 5.67 ms
CAM#2: PART SEARCH: search_time:0.00 ms
Process time: 0.00 ms
Loop 23: trial=1, Duration=85536 ms
Remap: 63.45 ms
Transform color: 4.88 ms
CAM#2: PART SEARCH: search_time:0.00 ms
Process time: 0.00 ms
Loop 24: trial=1, Duration=82578 ms
Remap: 69.91 ms
Transform color: 5.91 ms
CAM#2: PART SEARCH: search_time:0.00 ms
Process time: 0.00 ms
Loop 25: trial=1, Duration=319821 ms
Remap: 62.70 ms
Transform color: 6.67 ms
CAM#2: PART SEARCH: search_time:0.00 ms
Process time: 0.00 ms
Loop 26: trial=1, Duration=114825 ms
Remap: 127.85 ms
Transform color: 1.29 ms
CAM#2: PART SEARCH: search_time:0.00 ms
Process time: 0.00 ms
Loop 27: trial=1, Duration=365972 ms
Remap: 28.27 ms
Transform color: 2.90 ms
CAM#2: PART SEARCH: search_time:0.00 ms
Process time: 0.00 ms
Loop 28: trial=1, Duration=33476 ms
Remap: 103.44 ms
Transform color: 83.54 ms
CAM#2: PART SEARCH: search_time:0.00 ms
Process time: 0.00 ms
Loop 29: trial=1, Duration=321233 ms
Remap: 69.12 ms
Transform color: 6.29 ms
CAM#2: PART SEARCH: search_time:0.00 ms
Process time: 0.00 ms
Loop 30: trial=1, Duration=97762 ms
Remap: 68.99 ms
Transform color: 5.23 ms
CAM#2: PART SEARCH: search_time:0.00 ms
Process time: 0.00 ms
CAM#2: Using GLobal SEARCH ##############################################
CAM#2: GLOBAL SEARCH: search_time:0.00 ms
Loop 31: trial=1, Duration=130251 ms
Remap: 72.84 ms
Transform color: 5.06 ms
CAM#2: PART SEARCH: search_time:0.00 ms
Process time: 0.00 ms
Loop 32: trial=1, Duration=154657 ms
Remap: 73.34 ms
Transform color: 6.12 ms
CAM#2: PART SEARCH: search_time:0.01 ms
Process time: 0.00 ms
Loop 33: trial=1, Duration=105587 ms
Remap: 128.20 ms
Transform color: 2.40 ms
CAM#2: PART SEARCH: search_time:0.00 ms
Process time: 0.00 ms
Loop 34: trial=1, Duration=190927 ms
Remap: 92.24 ms
Transform color: 6.18 ms
CAM#2: PART SEARCH: search_time:0.00 ms
Process time: 0.00 ms
Loop 35: trial=1, Duration=236107 ms
Remap: 160.86 ms
Transform color: 1.82 ms
CAM#2: PART SEARCH: search_time:0.00 ms
Process time: 0.00 ms
Loop 36: trial=1, Duration=270249 ms
Remap: 69.83 ms
Transform color: 5.66 ms
CAM#2: PART SEARCH: search_time:0.00 ms
Process time: 0.00 ms
Loop 37: trial=1, Duration=81272 ms
Remap: 58.15 ms
Transform color: 2.09 ms
CAM#2: PART SEARCH: search_time:0.00 ms
Process time: 0.00 ms
Loop 38: trial=1, Duration=93435 ms
Remap: 63.63 ms
Transform color: 1.28 ms
CAM#2: PART SEARCH: search_time:0.00 ms
Process time: 0.00 ms
Loop 39: trial=1, Duration=290809 ms
Remap: 72.08 ms
Transform color: 4.36 ms
CAM#2: PART SEARCH: search_time:0.00 ms
Process time: 0.00 ms
Loop 40: trial=1, Duration=235779 ms
Remap: 66.87 ms
Transform color: 5.66 ms
CAM#2: PART SEARCH: search_time:0.00 ms
Process time: 0.00 ms
Loop 41: trial=1, Duration=74984 ms
Remap: 65.37 ms
Transform color: 5.54 ms
CAM#2: PART SEARCH: search_time:0.00 ms
Process time: 0.00 ms
Loop 42: trial=1, Duration=73641 ms
Remap: 71.67 ms
Transform color: 7.21 ms
CAM#2: PART SEARCH: search_time:0.00 ms
Process time: 0.00 ms
Loop 43: trial=1, Duration=241454 ms
Remap: 81.20 ms
Transform color: 8.37 ms
CAM#2: PART SEARCH: search_time:0.01 ms
Process time: 0.00 ms
Loop 44: trial=1, Duration=92830 ms
Remap: 61.42 ms
Transform color: 1.14 ms
CAM#2: PART SEARCH: search_time:0.00 ms
Process time: 0.00 ms
Loop 45: trial=1, Duration=76396 ms
Remap: 65.87 ms
Transform color: 5.45 ms
CAM#2: PART SEARCH: search_time:0.00 ms
Process time: 0.00 ms
Loop 46: trial=1, Duration=93099 ms
Remap: 75.53 ms
Transform color: 5.96 ms
CAM#2: PART SEARCH: search_time:0.00 ms
Process time: 0.00 ms
CAM#2: Using GLobal SEARCH ##############################################
CAM#2: GLOBAL SEARCH: search_time:0.00 ms
Loop 47: trial=1, Duration=173086 ms
Remap: 175.22 ms
Transform color: 3.04 ms
CAM#2: PART SEARCH: search_time:0.00 ms
Process time: 0.00 ms
Loop 48: trial=1, Duration=213413 ms
Remap: 124.38 ms
Transform color: 3.34 ms
CAM#2: PART SEARCH: search_time:0.01 ms
Process time: 0.00 ms
Loop 49: trial=1, Duration=161808 ms
Remap: 348.74 ms
Transform color: 1.44 ms
CAM#2: PART SEARCH: search_time:0.00 ms
Process time: 0.00 ms
Loop 50: trial=1, Duration=351947 ms
Remap: 17.06 ms
Transform color: 2.70 ms
CAM#2: PART SEARCH: search_time:0.00 ms
Process time: 0.00 ms
Loop 51: trial=1, Duration=21694 ms
Remap: 20.38 ms
Transform color: 2.60 ms
CAM#2: PART SEARCH: search_time:0.00 ms
Process time: 0.00 ms
Loop 52: trial=1, Duration=63863 ms
Remap: 71.74 ms
Transform color: 6.98 ms
CAM#2: PART SEARCH: search_time:0.00 ms
Process time: 0.00 ms
Loop 53: trial=1, Duration=139749 ms
Remap: 150.87 ms
Transform color: 3.54 ms
CAM#2: PART SEARCH: search_time:0.00 ms
Process time: 0.00 ms
Loop 54: trial=1, Duration=226671 ms
Remap: 76.47 ms
Transform color: 5.57 ms
CAM#2: PART SEARCH: search_time:0.01 ms
Process time: 0.00 ms
Loop 55: trial=1, Duration=90957 ms
Remap: 66.07 ms
Transform color: 5.15 ms
CAM#2: PART SEARCH: search_time:0.00 ms
Process time: 0.00 ms
Loop 56: trial=1, Duration=73161 ms
Remap: 68.52 ms
Transform color: 7.69 ms
CAM#2: PART SEARCH: search_time:0.01 ms
Process time: 0.00 ms
Loop 57: trial=1, Duration=79631 ms
Remap: 77.96 ms
Transform color: 5.83 ms
CAM#2: PART SEARCH: search_time:0.00 ms
Process time: 0.00 ms
Loop 58: trial=1, Duration=172225 ms
Remap: 71.08 ms
Transform color: 7.03 ms
CAM#2: PART SEARCH: search_time:0.00 ms
Process time: 0.00 ms
Loop 59: trial=1, Duration=80958 ms
Remap: 70.78 ms
Transform color: 6.36 ms
CAM#2: PART SEARCH: search_time:0.01 ms
Process time: 0.00 ms
Loop 60: trial=1, Duration=80434 ms
Remap: 67.39 ms
Transform color: 3.51 ms
CAM#2: PART SEARCH: search_time:0.00 ms
Process time: 0.00 ms
Loop 61: trial=1, Duration=73057 ms
Remap: 72.64 ms
Transform color: 7.64 ms
CAM#2: PART SEARCH: search_time:0.00 ms
Process time: 0.00 ms
Loop 62: trial=1, Duration=213571 ms
Remap: 77.03 ms
Transform color: 5.56 ms
CAM#2: PART SEARCH: search_time:0.00 ms
Process time: 0.00 ms
CAM#2: Using GLobal SEARCH ##############################################
CAM#2: GLOBAL SEARCH: search_time:0.00 ms
Loop 63: trial=1, Duration=85509 ms
Remap: 69.64 ms
Transform color: 6.46 ms
CAM#2: PART SEARCH: search_time:0.01 ms
Process time: 0.00 ms
Loop 64: trial=1, Duration=79679 ms
Remap: 64.58 ms
Transform color: 7.15 ms
CAM#2: PART SEARCH: search_time:0.01 ms
Process time: 0.00 ms
Loop 65: trial=1, Duration=74795 ms
Remap: 64.88 ms
Transform color: 4.78 ms
CAM#2: PART SEARCH: search_time:0.00 ms
Process time: 0.00 ms
Loop 66: trial=1, Duration=72204 ms
Remap: 68.71 ms
Transform color: 5.01 ms
CAM#2: PART SEARCH: search_time:0.00 ms
Process time: 0.00 ms
Loop 67: trial=1, Duration=76396 ms
Remap: 76.11 ms
Transform color: 6.23 ms
CAM#2: PART SEARCH: search_time:0.01 ms
Process time: 0.00 ms
Loop 68: trial=1, Duration=85515 ms
Remap: 73.83 ms
Transform color: 7.26 ms
CAM#2: PART SEARCH: search_time:0.01 ms
Process time: 0.00 ms
Loop 69: trial=1, Duration=84127 ms
Remap: 72.17 ms
Transform color: 1.83 ms
CAM#2: PART SEARCH: search_time:0.00 ms
Process time: 0.00 ms
Loop 70: trial=1, Duration=156699 ms
Remap: 73.86 ms
Transform color: 5.37 ms
CAM#2: PART SEARCH: search_time:0.00 ms
Process time: 0.00 ms
Loop 71: trial=1, Duration=81887 ms
Remap: 73.06 ms
Transform color: 7.06 ms
CAM#2: PART SEARCH: search_time:0.01 ms
Process time: 0.00 ms
Loop 72: trial=1, Duration=169881 ms
Remap: 180.29 ms
Transform color: 97.44 ms
CAM#2: PART SEARCH: search_time:0.00 ms
Process time: 0.00 ms
Loop 73: trial=1, Duration=280315 ms
Remap: 58.78 ms
Transform color: 3.29 ms
CAM#2: PART SEARCH: search_time:0.01 ms
Process time: 0.00 ms
Loop 74: trial=1, Duration=64694 ms
Remap: 66.79 ms
Transform color: 7.22 ms
CAM#2: PART SEARCH: search_time:0.01 ms
Process time: 0.00 ms
Loop 75: trial=1, Duration=82206 ms
Remap: 73.10 ms
Transform color: 3.74 ms
CAM#2: PART SEARCH: search_time:0.00 ms
Process time: 0.00 ms
Loop 76: trial=1, Duration=78810 ms
Remap: 72.09 ms
Transform color: 109.90 ms
CAM#2: PART SEARCH: search_time:0.00 ms
Process time: 0.00 ms
Loop 77: trial=1, Duration=184126 ms
Remap: 43.14 ms
Transform color: 6.54 ms
CAM#2: PART SEARCH: search_time:0.01 ms
Process time: 0.00 ms
Loop 78: trial=1, Duration=91436 ms
Remap: 72.50 ms
Transform color: 8.56 ms
CAM#2: PART SEARCH: search_time:0.00 ms
Process time: 0.00 ms
CAM#2: Using GLobal SEARCH ##############################################
CAM#2: GLOBAL SEARCH: search_time:0.00 ms
Loop 79: trial=1, Duration=85041 ms
Remap: 67.73 ms
Transform color: 3.63 ms
CAM#2: PART SEARCH: search_time:0.00 ms
Process time: 0.00 ms
Loop 80: trial=1, Duration=99100 ms
Remap: 68.33 ms
Transform color: 5.59 ms
CAM#2: PART SEARCH: search_time:0.00 ms
Process time: 0.00 ms
Loop 81: trial=1, Duration=136462 ms
Remap: 80.75 ms
Transform color: 7.81 ms
CAM#2: PART SEARCH: search_time:0.00 ms
Process time: 0.00 ms
Loop 82: trial=1, Duration=92222 ms
Remap: 75.70 ms
Transform color: 6.97 ms
CAM#2: PART SEARCH: search_time:0.00 ms
Process time: 0.00 ms
Loop 83: trial=1, Duration=85686 ms
Remap: 79.37 ms
Transform color: 7.41 ms
CAM#2: PART SEARCH: search_time:0.01 ms
Process time: 0.00 ms
Loop 84: trial=1, Duration=90528 ms
Remap: 73.40 ms
Transform color: 3.75 ms
CAM#2: PART SEARCH: search_time:0.00 ms
Process time: 0.00 ms
Loop 85: trial=1, Duration=79042 ms
Remap: 68.16 ms
Transform color: 5.36 ms
CAM#2: PART SEARCH: search_time:0.00 ms
Process time: 0.00 ms
Loop 86: trial=1, Duration=168346 ms
Remap: 105.98 ms
Transform color: 1.52 ms
CAM#2: PART SEARCH: search_time:0.00 ms
Process time: 0.00 ms
Loop 87: trial=1, Duration=109778 ms
Remap: 80.58 ms
Transform color: 2.68 ms
CAM#2: PART SEARCH: search_time:0.00 ms
Process time: 0.00 ms
Loop 88: trial=1, Duration=94100 ms
Remap: 85.81 ms
Transform color: 18.43 ms
CAM#2: PART SEARCH: search_time:0.00 ms
Process time: 0.00 ms
Loop 89: trial=1, Duration=106575 ms
Remap: 71.92 ms
Transform color: 2.03 ms
CAM#2: PART SEARCH: search_time:0.00 ms
Process time: 0.00 ms
Loop 90: trial=1, Duration=188786 ms
Remap: 92.96 ms
Transform color: 17.44 ms
CAM#2: PART SEARCH: search_time:0.00 ms
Process time: 0.00 ms
Loop 91: trial=1, Duration=113683 ms
Remap: 84.28 ms
Transform color: 20.87 ms
CAM#2: PART SEARCH: search_time:0.00 ms
Process time: 0.00 ms
Loop 92: trial=1, Duration=107661 ms
Remap: 85.30 ms
Transform color: 18.62 ms
CAM#2: PART SEARCH: search_time:0.00 ms
Process time: 0.00 ms
Loop 93: trial=1, Duration=106367 ms
Remap: 86.47 ms
Transform color: 15.16 ms
CAM#2: PART SEARCH: search_time:0.00 ms
Process time: 0.00 ms
Loop 94: trial=1, Duration=104925 ms
Remap: 84.04 ms
Transform color: 5.45 ms
CAM#2: PART SEARCH: search_time:0.01 ms
Process time: 0.00 ms
CAM#2: Using GLobal SEARCH ##############################################
CAM#2: GLOBAL SEARCH: search_time:0.00 ms
Loop 95: trial=1, Duration=92964 ms
Remap: 84.44 ms
Transform color: 11.23 ms
CAM#2: PART SEARCH: search_time:0.00 ms
Process time: 0.00 ms
Loop 96: trial=1, Duration=98101 ms
Remap: 81.88 ms
Transform color: 25.32 ms
CAM#2: PART SEARCH: search_time:0.00 ms
Process time: 0.00 ms
Loop 97: trial=1, Duration=110736 ms
Remap: 82.16 ms
Transform color: 20.89 ms
CAM#2: PART SEARCH: search_time:0.00 ms
Process time: 0.00 ms
Loop 98: trial=1, Duration=105419 ms
Remap: 78.43 ms
Transform color: 4.82 ms
CAM#2: PART SEARCH: search_time:0.01 ms
Process time: 0.00 ms
Loop 99: trial=1, Duration=86206 ms
Remap: 77.18 ms
Transform color: 2.47 ms
CAM#2: PART SEARCH: search_time:0.00 ms
Process time: 0.00 ms
Loop 100: trial=1, Duration=81822 ms
Remap: 88.33 ms
Transform color: 21.16 ms
CAM#2: PART SEARCH: search_time:0.00 ms
Process time: 0.00 ms
Loop 101: trial=1, Duration=112062 ms
Remap: 92.12 ms
Transform color: 17.20 ms
CAM#2: PART SEARCH: search_time:0.00 ms
Process time: 0.00 ms
Loop 102: trial=1, Duration=170111 ms
Remap: 97.03 ms
Transform color: 20.37 ms
CAM#2: PART SEARCH: search_time:0.00 ms
Process time: 0.00 ms
Loop 103: trial=1, Duration=119813 ms
Remap: 83.72 ms
Transform color: 15.09 ms
CAM#2: PART SEARCH: search_time:0.00 ms
Process time: 0.00 ms
Loop 104: trial=1, Duration=101233 ms
Remap: 124.04 ms
Transform color: 14.06 ms
CAM#2: PART SEARCH: search_time:0.01 ms
Process time: 0.00 ms
Loop 105: trial=1, Duration=201887 ms
Remap: 87.07 ms
Transform color: 20.21 ms
CAM#2: PART SEARCH: search_time:0.00 ms
Process time: 0.00 ms
Loop 106: trial=1, Duration=110715 ms
Remap: 94.85 ms
Transform color: 14.19 ms
CAM#2: PART SEARCH: search_time:0.00 ms
Process time: 0.00 ms
Loop 107: trial=1, Duration=113714 ms
Remap: 86.52 ms
Transform color: 17.09 ms
CAM#2: PART SEARCH: search_time:0.00 ms
Process time: 0.00 ms
Loop 108: trial=1, Duration=106799 ms
Remap: 313.66 ms
Transform color: 173.62 ms
CAM#2: PART SEARCH: search_time:0.00 ms
Process time: 0.00 ms
Loop 109: trial=1, Duration=489357 ms
Remap: 36.96 ms
Transform color: 44.03 ms
CAM#2: PART SEARCH: search_time:0.00 ms
Process time: 0.00 ms
Loop 110: trial=1, Duration=84121 ms
Remap: 258.18 ms
Transform color: 67.30 ms
CAM#2: PART SEARCH: search_time:0.00 ms
Process time: 0.00 ms
CAM#2: Using GLobal SEARCH ##############################################
CAM#2: GLOBAL SEARCH: search_time:0.00 ms
Loop 111: trial=1, Duration=406374 ms
Remap: 91.02 ms
Transform color: 219.10 ms
CAM#2: PART SEARCH: search_time:0.00 ms
Process time: 0.00 ms
Loop 112: trial=1, Duration=509615 ms
Remap: 83.70 ms
Transform color: 13.18 ms
CAM#2: PART SEARCH: search_time:0.00 ms
Process time: 0.00 ms
Loop 113: trial=1, Duration=290015 ms
Remap: 89.12 ms
Transform color: 21.07 ms
CAM#2: PART SEARCH: search_time:0.00 ms
Process time: 0.00 ms
Loop 114: trial=1, Duration=113382 ms
Remap: 86.00 ms
Transform color: 18.10 ms
CAM#2: PART SEARCH: search_time:0.00 ms
Process time: 0.00 ms
Loop 115: trial=1, Duration=106529 ms
Remap: 93.24 ms
Transform color: 20.39 ms
CAM#2: PART SEARCH: search_time:0.00 ms
Process time: 0.00 ms
Loop 116: trial=1, Duration=116739 ms
Remap: 87.05 ms
Transform color: 17.56 ms
CAM#2: PART SEARCH: search_time:0.00 ms
Process time: 0.00 ms
Loop 117: trial=1, Duration=107154 ms
Remap: 87.17 ms
Transform color: 18.99 ms
CAM#2: PART SEARCH: search_time:0.00 ms
Process time: 0.00 ms
Loop 118: trial=1, Duration=109695 ms
Remap: 90.06 ms
Transform color: 15.96 ms
CAM#2: PART SEARCH: search_time:0.00 ms
Process time: 0.00 ms
Loop 119: trial=1, Duration=108436 ms
Remap: 86.22 ms
Transform color: 10.73 ms
CAM#2: PART SEARCH: search_time:0.00 ms
Process time: 0.00 ms
CAM 2: -2147483648Hz
Loop 120: trial=1, Duration=99112 ms
Remap: 84.06 ms
Transform color: 18.00 ms
CAM#2: PART SEARCH: search_time:0.00 ms
Process time: 0.00 ms
Loop 121: trial=1, Duration=105892 ms
Remap: 90.85 ms
Transform color: 12.49 ms
CAM#2: PART SEARCH: search_time:0.00 ms
Process time: 0.00 ms
Loop 122: trial=1, Duration=105737 ms
Remap: 95.75 ms
Transform color: 18.76 ms
CAM#2: PART SEARCH: search_time:0.00 ms
Process time: 0.00 ms
Loop 123: trial=1, Duration=117649 ms
Remap: 95.02 ms
Transform color: 10.84 ms
CAM#2: PART SEARCH: search_time:0.00 ms
Process time: 0.00 ms
Loop 124: trial=1, Duration=108362 ms
Remap: 88.07 ms
Transform color: 2.02 ms
CAM#2: PART SEARCH: search_time:0.00 ms
Process time: 0.00 ms
Loop 125: trial=1, Duration=129234 ms
Remap: 92.90 ms
Transform color: 21.38 ms
CAM#2: PART SEARCH: search_time:0.01 ms
Process time: 0.00 ms
Loop 126: trial=1, Duration=118240 ms
Remap: 91.57 ms
Transform color: 18.11 ms
CAM#2: PART SEARCH: search_time:0.00 ms
Process time: 0.00 ms
CAM#2: Using GLobal SEARCH ##############################################
CAM#2: GLOBAL SEARCH: search_time:0.00 ms
Loop 127: trial=1, Duration=235450 ms
Remap: 81.72 ms
Transform color: 1.30 ms
CAM#2: PART SEARCH: search_time:0.00 ms
Process time: 0.00 ms
Loop 128: trial=1, Duration=97177 ms
Remap: 85.62 ms
Transform color: 15.23 ms
CAM#2: PART SEARCH: search_time:0.00 ms
Process time: 0.00 ms
Loop 129: trial=1, Duration=125395 ms
Remap: 91.83 ms
Transform color: 21.98 ms
CAM#2: PART SEARCH: search_time:0.00 ms
Process time: 0.00 ms
Loop 130: trial=1, Duration=116686 ms
Remap: 85.52 ms
Transform color: 20.01 ms
CAM#2: PART SEARCH: search_time:0.00 ms
Process time: 0.00 ms
Loop 131: trial=1, Duration=181139 ms
Remap: 92.94 ms
Transform color: 13.79 ms
CAM#2: PART SEARCH: search_time:0.00 ms
Process time: 0.00 ms
Loop 132: trial=1, Duration=109718 ms
Remap: 80.76 ms
Transform color: 17.49 ms
CAM#2: PART SEARCH: search_time:0.00 ms
Process time: 0.00 ms
Loop 133: trial=1, Duration=101266 ms
Remap: 85.61 ms
Transform color: 20.48 ms
CAM#2: PART SEARCH: search_time:0.00 ms
Process time: 0.00 ms
Loop 134: trial=1, Duration=184092 ms
Remap: 82.69 ms
Transform color: 14.88 ms
CAM#2: PART SEARCH: search_time:0.00 ms
Process time: 0.00 ms
Loop 135: trial=1, Duration=155320 ms
Remap: 76.08 ms
Transform color: 18.69 ms
CAM#2: PART SEARCH: search_time:0.00 ms
Process time: 0.00 ms
Loop 136: trial=1, Duration=389840 ms
Remap: 82.68 ms
Transform color: 339.41 ms
CAM#2: PART SEARCH: search_time:0.00 ms
Process time: 0.00 ms
Loop 137: trial=1, Duration=457591 ms
Remap: 87.67 ms
Transform color: 18.54 ms
CAM#2: PART SEARCH: search_time:0.01 ms
Process time: 0.00 ms
Loop 138: trial=1, Duration=149640 ms
Remap: 29.99 ms
Transform color: 1.93 ms
CAM#2: PART SEARCH: search_time:0.00 ms
Process time: 0.00 ms
Loop 139: trial=1, Duration=34086 ms
Remap: 93.24 ms
Transform color: 10.81 ms
CAM#2: PART SEARCH: search_time:0.00 ms
Process time: 0.00 ms
Loop 140: trial=1, Duration=142993 ms
Remap: 89.78 ms
Transform color: 17.29 ms
CAM#2: PART SEARCH: search_time:0.00 ms
Process time: 0.00 ms
Loop 141: trial=1, Duration=166763 ms
Remap: 80.65 ms
Transform color: 15.72 ms
CAM#2: PART SEARCH: search_time:0.00 ms
Process time: 0.00 ms
Loop 142: trial=1, Duration=99454 ms
Remap: 76.18 ms
Transform color: 18.90 ms
CAM#2: PART SEARCH: search_time:0.00 ms
Process time: 0.00 ms
CAM#2: Using GLobal SEARCH ##############################################
CAM#2: GLOBAL SEARCH: search_time:0.00 ms
Loop 143: trial=1, Duration=99153 ms
Remap: 86.73 ms
Transform color: 20.54 ms
CAM#2: PART SEARCH: search_time:0.00 ms
Process time: 0.00 ms
Loop 144: trial=1, Duration=110048 ms
Remap: 87.91 ms
Transform color: 18.71 ms
CAM#2: PART SEARCH: search_time:0.00 ms
Process time: 0.00 ms
Loop 145: trial=1, Duration=147656 ms
Remap: 70.79 ms
Transform color: 3.54 ms
CAM#2: PART SEARCH: search_time:0.00 ms
Process time: 0.00 ms
Loop 146: trial=1, Duration=76501 ms
Remap: 65.21 ms
Transform color: 5.38 ms
CAM#2: PART SEARCH: search_time:0.00 ms
Process time: 0.00 ms
Loop 147: trial=1, Duration=73980 ms
Remap: 68.38 ms
Transform color: 3.45 ms
CAM#2: PART SEARCH: search_time:0.00 ms
Process time: 0.00 ms
Loop 148: trial=1, Duration=205309 ms
Remap: 91.41 ms
Transform color: 7.77 ms
CAM#2: PART SEARCH: search_time:0.01 ms
Process time: 0.00 ms
Loop 149: trial=1, Duration=103110 ms
Remap: 67.96 ms
Transform color: 6.03 ms
CAM#2: PART SEARCH: search_time:0.00 ms
Process time: 0.00 ms
Loop 150: trial=1, Duration=75990 ms
Remap: 76.04 ms
Transform color: 4.79 ms
CAM#2: PART SEARCH: search_time:0.00 ms
Process time: 0.00 ms
Loop 151: trial=1, Duration=82789 ms
Remap: 357.00 ms
Transform color: 93.43 ms
CAM#2: PART SEARCH: search_time:0.00 ms
Process time: 0.00 ms
Loop 152: trial=1, Duration=453974 ms
Remap: 72.49 ms
Transform color: 6.06 ms
CAM#2: PART SEARCH: search_time:0.00 ms
Process time: 0.00 ms
Loop 153: trial=1, Duration=96539 ms
Remap: 68.52 ms
Transform color: 1.79 ms
CAM#2: PART SEARCH: search_time:0.00 ms
Process time: 0.00 ms
Loop 154: trial=1, Duration=159194 ms
Remap: 171.23 ms
Transform color: 3.57 ms
CAM#2: PART SEARCH: search_time:0.00 ms
Process time: 0.00 ms
Loop 155: trial=1, Duration=184137 ms
Remap: 116.20 ms
Transform color: 3.08 ms
CAM#2: PART SEARCH: search_time:0.00 ms
Process time: 0.00 ms
Loop 156: trial=1, Duration=214967 ms
Remap: 73.71 ms
Transform color: 5.11 ms
CAM#2: PART SEARCH: search_time:0.00 ms
Process time: 0.00 ms
Loop 157: trial=1, Duration=81775 ms
Remap: 77.98 ms
Transform color: 9.13 ms
CAM#2: PART SEARCH: search_time:0.01 ms
Process time: 0.00 ms
Loop 158: trial=1, Duration=104041 ms
Remap: 79.99 ms
Transform color: 7.81 ms
CAM#2: PART SEARCH: search_time:0.00 ms
Process time: 0.00 ms
CAM#2: Using GLobal SEARCH ##############################################
CAM#2: GLOBAL SEARCH: search_time:0.00 ms
Loop 159: trial=1, Duration=92400 ms
Remap: 75.61 ms
Transform color: 5.66 ms
CAM#2: PART SEARCH: search_time:0.00 ms
Process time: 0.00 ms
Loop 160: trial=1, Duration=83906 ms
Remap: 72.53 ms
Transform color: 5.91 ms
CAM#2: PART SEARCH: search_time:0.00 ms
Process time: 0.00 ms
Loop 161: trial=1, Duration=91246 ms
Remap: 67.79 ms
Transform color: 5.38 ms
CAM#2: PART SEARCH: search_time:0.00 ms
Process time: 0.00 ms
Loop 162: trial=1, Duration=76711 ms
Remap: 75.23 ms
Transform color: 6.96 ms
CAM#2: PART SEARCH: search_time:0.00 ms
Process time: 0.00 ms
Loop 163: trial=1, Duration=266100 ms
Remap: 74.74 ms
Transform color: 5.25 ms
CAM#2: PART SEARCH: search_time:0.00 ms
Process time: 0.00 ms
Loop 164: trial=1, Duration=83224 ms
Remap: 77.93 ms
Transform color: 6.20 ms
CAM#2: PART SEARCH: search_time:0.00 ms
Process time: 0.00 ms
Loop 165: trial=1, Duration=86114 ms
Remap: 75.09 ms
Transform color: 4.69 ms
CAM#2: PART SEARCH: search_time:0.00 ms
Process time: 0.00 ms
Loop 166: trial=1, Duration=120531 ms
Remap: 77.34 ms
Transform color: 8.85 ms
CAM#2: PART SEARCH: search_time:0.00 ms
Process time: 0.00 ms
Loop 167: trial=1, Duration=89205 ms
Remap: 82.00 ms
Transform color: 4.17 ms
CAM#2: PART SEARCH: search_time:0.00 ms
Process time: 0.00 ms
Loop 168: trial=1, Duration=146750 ms
Remap: 79.70 ms
Transform color: 7.21 ms
CAM#2: PART SEARCH: search_time:0.00 ms
Process time: 0.00 ms
Loop 169: trial=1, Duration=89636 ms
Remap: 72.98 ms
Transform color: 3.05 ms
CAM#2: PART SEARCH: search_time:0.00 ms
Process time: 0.00 ms
Loop 170: trial=1, Duration=92885 ms
Remap: 70.61 ms
Transform color: 4.66 ms
CAM#2: PART SEARCH: search_time:0.00 ms
Process time: 0.00 ms
Loop 171: trial=1, Duration=77739 ms
Remap: 77.16 ms
Transform color: 4.50 ms
CAM#2: PART SEARCH: search_time:0.00 ms
Process time: 0.00 ms
Loop 172: trial=1, Duration=221059 ms
Remap: 99.96 ms
Transform color: 7.08 ms
CAM#2: PART SEARCH: search_time:0.00 ms
Process time: 0.00 ms
Loop 173: trial=1, Duration=110363 ms
Remap: 79.90 ms
Transform color: 4.07 ms
CAM#2: PART SEARCH: search_time:0.00 ms
Process time: 0.00 ms
Loop 174: trial=1, Duration=86360 ms
Remap: 71.24 ms
Transform color: 4.32 ms
CAM#2: PART SEARCH: search_time:0.00 ms
Process time: 0.00 ms
CAM#2: Using GLobal SEARCH ##############################################
CAM#2: GLOBAL SEARCH: search_time:0.00 ms
Loop 175: trial=1, Duration=96898 ms
Remap: 77.56 ms
Transform color: 5.78 ms
CAM#2: PART SEARCH: search_time:0.00 ms
Process time: 0.00 ms
Loop 176: trial=1, Duration=86555 ms
Remap: 96.25 ms
Transform color: 4.78 ms
CAM#2: PART SEARCH: search_time:0.00 ms
Process time: 0.00 ms
Loop 177: trial=1, Duration=143337 ms
Remap: 101.88 ms
Transform color: 6.74 ms
CAM#2: PART SEARCH: search_time:0.01 ms
Process time: 0.00 ms
Loop 178: trial=1, Duration=112288 ms
Remap: 74.50 ms
Transform color: 6.70 ms
CAM#2: PART SEARCH: search_time:0.00 ms
Process time: 0.00 ms
Loop 179: trial=1, Duration=101874 ms
Remap: 79.77 ms
Transform color: 6.41 ms
CAM#2: PART SEARCH: search_time:0.00 ms
Process time: 0.00 ms
Loop 180: trial=1, Duration=104847 ms
Remap: 82.08 ms
Transform color: 7.06 ms
CAM#2: PART SEARCH: search_time:0.00 ms
Process time: 0.00 ms
Loop 181: trial=1, Duration=106965 ms
Remap: 349.04 ms
Transform color: 2.81 ms
CAM#2: PART SEARCH: search_time:0.00 ms
Process time: 0.00 ms
Loop 182: trial=1, Duration=354949 ms
Remap: 78.49 ms
Transform color: 6.97 ms
CAM#2: PART SEARCH: search_time:0.01 ms
Process time: 0.00 ms
Loop 183: trial=1, Duration=107740 ms
Remap: 69.81 ms
Transform color: 7.68 ms
CAM#2: PART SEARCH: search_time:0.01 ms
Process time: 0.00 ms
Loop 184: trial=1, Duration=81906 ms
Remap: 76.65 ms
Transform color: 87.83 ms
CAM#2: PART SEARCH: search_time:0.00 ms
Process time: 0.00 ms
Loop 185: trial=1, Duration=190268 ms
Remap: 92.32 ms
Transform color: 7.13 ms
CAM#2: PART SEARCH: search_time:0.01 ms
Process time: 0.00 ms
Loop 186: trial=1, Duration=102950 ms
Remap: 74.44 ms
Transform color: 6.35 ms
CAM#2: PART SEARCH: search_time:0.00 ms
Process time: 0.00 ms
Loop 187: trial=1, Duration=99540 ms
Remap: 79.96 ms
Transform color: 6.99 ms
CAM#2: PART SEARCH: search_time:0.00 ms
Process time: 0.00 ms
Loop 188: trial=1, Duration=89792 ms
Remap: 77.76 ms
Transform color: 8.08 ms
CAM#2: PART SEARCH: search_time:0.01 ms
Process time: 0.00 ms
Loop 189: trial=1, Duration=91564 ms
Remap: 77.71 ms
Transform color: 5.65 ms
CAM#2: PART SEARCH: search_time:0.00 ms
Process time: 0.00 ms
Loop 190: trial=1, Duration=143628 ms
Remap: 95.59 ms
Transform color: 4.61 ms
CAM#2: PART SEARCH: search_time:0.00 ms
Process time: 0.00 ms
CAM#2: Using GLobal SEARCH ##############################################
CAM#2: GLOBAL SEARCH: search_time:0.00 ms
Loop 191: trial=1, Duration=147070 ms
Remap: 74.17 ms
Transform color: 6.62 ms
CAM#2: PART SEARCH: search_time:0.00 ms
Process time: 0.00 ms
Loop 192: trial=1, Duration=83700 ms
Remap: 76.64 ms
Transform color: 6.03 ms
CAM#2: PART SEARCH: search_time:0.00 ms
Process time: 0.00 ms
Loop 193: trial=1, Duration=85542 ms
Remap: 84.11 ms
Transform color: 7.76 ms
CAM#2: PART SEARCH: search_time:0.01 ms
Process time: 0.00 ms
Loop 194: trial=1, Duration=95243 ms
Remap: 88.12 ms
Transform color: 4.53 ms
CAM#2: PART SEARCH: search_time:0.00 ms
Process time: 0.00 ms
Loop 195: trial=1, Duration=95811 ms
Remap: 77.96 ms
Transform color: 8.03 ms
CAM#2: PART SEARCH: search_time:0.01 ms
Process time: 0.00 ms
Loop 196: trial=1, Duration=134218 ms
Remap: 89.55 ms
Transform color: 10.43 ms
CAM#2: PART SEARCH: search_time:0.01 ms
Process time: 0.00 ms
Loop 197: trial=1, Duration=141505 ms
Remap: 74.28 ms
Transform color: 4.25 ms
CAM#2: PART SEARCH: search_time:0.00 ms
Process time: 0.00 ms
Loop 198: trial=1, Duration=80553 ms
Remap: 471.58 ms
Transform color: 3.63 ms
CAM#2: PART SEARCH: search_time:0.00 ms
Process time: 0.00 ms
Loop 199: trial=1, Duration=477503 ms
Remap: 26.38 ms
Transform color: 2.37 ms
CAM#2: PART SEARCH: search_time:0.00 ms
Process time: 0.00 ms
Loop 200: trial=1, Duration=31054 ms
Remap: 74.81 ms
Transform color: 47.98 ms
CAM#2: PART SEARCH: search_time:0.00 ms
Process time: 0.00 ms
Loop 201: trial=1, Duration=223366 ms
Remap: 33.81 ms
Transform color: 4.51 ms
CAM#2: PART SEARCH: search_time:0.00 ms
Process time: 0.00 ms
Loop 202: trial=1, Duration=40681 ms
Remap: 186.82 ms
Transform color: 6.51 ms
CAM#2: PART SEARCH: search_time:0.00 ms
Process time: 0.00 ms
Loop 203: trial=1, Duration=207689 ms
Remap: 143.15 ms
Transform color: 2.52 ms
CAM#2: PART SEARCH: search_time:0.00 ms
Process time: 0.00 ms
Loop 204: trial=1, Duration=148697 ms
Remap: 306.96 ms
Transform color: 3.02 ms
CAM#2: PART SEARCH: search_time:0.00 ms
Process time: 0.00 ms
Loop 205: trial=1, Duration=327699 ms
Remap: 80.29 ms
Transform color: 2.50 ms
CAM#2: PART SEARCH: search_time:0.00 ms
Process time: 0.00 ms
Loop 206: trial=1, Duration=139358 ms
Remap: 68.65 ms
Transform color: 4.56 ms
CAM#2: PART SEARCH: search_time:0.00 ms
Process time: 0.00 ms
CAM#2: Using GLobal SEARCH ##############################################
CAM#2: GLOBAL SEARCH: search_time:0.00 ms
Loop 207: trial=1, Duration=167829 ms
Remap: 102.67 ms
Transform color: 5.75 ms
CAM#2: PART SEARCH: search_time:0.00 ms
Process time: 0.00 ms
Loop 208: trial=1, Duration=110510 ms
Remap: 75.27 ms
Transform color: 5.20 ms
CAM#2: PART SEARCH: search_time:0.00 ms
Process time: 0.00 ms
Loop 209: trial=1, Duration=83179 ms
Remap: 82.55 ms
Transform color: 8.87 ms
CAM#2: PART SEARCH: search_time:0.00 ms
Process time: 0.00 ms
Loop 210: trial=1, Duration=95511 ms
Remap: 84.79 ms
Transform color: 6.57 ms
CAM#2: PART SEARCH: search_time:0.01 ms
Process time: 0.00 ms
Loop 211: trial=1, Duration=99852 ms
Remap: 74.15 ms
Transform color: 5.62 ms
CAM#2: PART SEARCH: search_time:0.01 ms
Process time: 0.00 ms
Loop 212: trial=1, Duration=82448 ms
Remap: 75.53 ms
Transform color: 4.92 ms
CAM#2: PART SEARCH: search_time:0.00 ms
Process time: 0.00 ms
Loop 213: trial=1, Duration=83424 ms
Remap: 60.46 ms
Transform color: 6.08 ms
CAM#2: PART SEARCH: search_time:0.01 ms
Process time: 0.00 ms
Loop 214: trial=1, Duration=70584 ms
Remap: 78.04 ms
Transform color: 7.88 ms
CAM#2: PART SEARCH: search_time:0.00 ms
Process time: 0.00 ms
Loop 215: trial=1, Duration=88817 ms
Remap: 74.72 ms
Transform color: 4.82 ms
CAM#2: PART SEARCH: search_time:0.00 ms
Process time: 0.00 ms
Loop 216: trial=1, Duration=82122 ms
Remap: 100.19 ms
Transform color: 5.93 ms
CAM#2: PART SEARCH: search_time:0.00 ms
Process time: 0.00 ms
Loop 217: trial=1, Duration=129180 ms
Remap: 70.57 ms
Transform color: 8.09 ms
CAM#2: PART SEARCH: search_time:0.00 ms
Process time: 0.00 ms
Loop 218: trial=1, Duration=82072 ms
Remap: 72.58 ms
Transform color: 6.17 ms
CAM#2: PART SEARCH: search_time:0.00 ms
Process time: 0.00 ms
Loop 219: trial=1, Duration=109746 ms
Remap: 103.45 ms
Transform color: 5.39 ms
CAM#2: PART SEARCH: search_time:0.00 ms
Process time: 0.00 ms
Loop 220: trial=1, Duration=112373 ms
Remap: 75.38 ms
Transform color: 11.50 ms
CAM#2: PART SEARCH: search_time:0.00 ms
Process time: 0.00 ms
Loop 221: trial=1, Duration=90963 ms
Remap: 96.59 ms
Transform color: 6.31 ms
CAM#2: PART SEARCH: search_time:0.00 ms
Process time: 0.00 ms
Loop 222: trial=1, Duration=110426 ms
Remap: 75.81 ms
Transform color: 2.26 ms
CAM#2: PART SEARCH: search_time:0.00 ms
Process time: 0.00 ms
CAM#2: Using GLobal SEARCH ##############################################
CAM#2: GLOBAL SEARCH: search_time:0.00 ms
Loop 223: trial=1, Duration=80372 ms
Remap: 75.97 ms
Transform color: 6.80 ms
CAM#2: PART SEARCH: search_time:0.00 ms
Process time: 0.00 ms
Loop 224: trial=1, Duration=168553 ms
Remap: 94.75 ms
Transform color: 5.65 ms
CAM#2: PART SEARCH: search_time:0.00 ms
Process time: 0.00 ms
Loop 225: trial=1, Duration=102500 ms
Remap: 69.11 ms
Transform color: 4.29 ms
CAM#2: PART SEARCH: search_time:0.00 ms
Process time: 0.00 ms
Loop 226: trial=1, Duration=92224 ms
Remap: 68.05 ms
Transform color: 4.97 ms
CAM#2: PART SEARCH: search_time:0.00 ms
Process time: 0.00 ms
Loop 227: trial=1, Duration=75751 ms
Remap: 69.11 ms
Transform color: 6.96 ms
CAM#2: PART SEARCH: search_time:0.00 ms
Process time: 0.00 ms
Loop 228: trial=1, Duration=78554 ms
Remap: 75.42 ms
Transform color: 4.08 ms
CAM#2: PART SEARCH: search_time:0.00 ms
Process time: 0.00 ms
Loop 229: trial=1, Duration=81607 ms
Remap: 71.06 ms
Transform color: 5.76 ms
CAM#2: PART SEARCH: search_time:0.00 ms
Process time: 0.00 ms
Loop 230: trial=1, Duration=79441 ms
Remap: 83.18 ms
Transform color: 7.63 ms
CAM#2: PART SEARCH: search_time:0.00 ms
Process time: 0.00 ms
Loop 231: trial=1, Duration=93424 ms
Remap: 78.31 ms
Transform color: 6.63 ms
CAM#2: PART SEARCH: search_time:0.01 ms
Process time: 0.00 ms
Loop 232: trial=1, Duration=201483 ms
Remap: 61.98 ms
Transform color: 6.70 ms
CAM#2: PART SEARCH: search_time:0.00 ms
Process time: 0.00 ms
Loop 233: trial=1, Duration=71348 ms
Remap: 79.45 ms
Transform color: 5.75 ms
CAM#2: PART SEARCH: search_time:0.00 ms
Process time: 0.00 ms
Loop 234: trial=1, Duration=87732 ms
Remap: 85.06 ms
Transform color: 7.85 ms
CAM#2: PART SEARCH: search_time:0.01 ms
Process time: 0.00 ms
Loop 235: trial=1, Duration=95507 ms
Remap: 133.60 ms
Transform color: 4.67 ms
CAM#2: PART SEARCH: search_time:0.00 ms
Process time: 0.00 ms
Loop 236: trial=1, Duration=235972 ms
Remap: 62.14 ms
Transform color: 6.48 ms
CAM#2: PART SEARCH: search_time:0.00 ms
Process time: 0.00 ms
Loop 237: trial=1, Duration=70600 ms
Remap: 67.62 ms
Transform color: 4.77 ms
CAM#2: PART SEARCH: search_time:0.01 ms
Process time: 0.00 ms
Loop 238: trial=1, Duration=88772 ms
Remap: 83.22 ms
Transform color: 7.76 ms
CAM#2: PART SEARCH: search_time:0.00 ms
Process time: 0.00 ms
CAM#2: Using GLobal SEARCH ##############################################
CAM#2: GLOBAL SEARCH: search_time:0.00 ms
Loop 239: trial=1, Duration=274976 ms
Remap: 75.73 ms
Transform color: 4.95 ms
CAM#2: PART SEARCH: search_time:0.00 ms
Process time: 0.00 ms
CAM 2: -2147483648Hz
Loop 240: trial=1, Duration=82835 ms
Remap: 74.48 ms
Transform color: 8.80 ms
CAM#2: PART SEARCH: search_time:0.01 ms
Process time: 0.00 ms
Loop 241: trial=1, Duration=87121 ms
Remap: 22.64 ms
Transform color: 2.88 ms
CAM#2: PART SEARCH: search_time:0.00 ms
Process time: 0.00 ms
Loop 242: trial=1, Duration=27842 ms
Remap: 80.18 ms
Transform color: 7.94 ms
CAM#2: PART SEARCH: search_time:0.00 ms
Process time: 0.00 ms
Loop 243: trial=1, Duration=91849 ms
Remap: 73.61 ms
Transform color: 4.95 ms
CAM#2: PART SEARCH: search_time:0.00 ms
Process time: 0.00 ms
Loop 244: trial=1, Duration=80983 ms
Remap: 90.80 ms
Transform color: 6.22 ms
CAM#2: PART SEARCH: search_time:0.00 ms
Process time: 0.00 ms
Loop 245: trial=1, Duration=183329 ms
Remap: 79.51 ms
Transform color: 6.10 ms
CAM#2: PART SEARCH: search_time:0.00 ms
Process time: 0.00 ms
Loop 246: trial=1, Duration=119385 ms
Remap: 282.78 ms
Transform color: 3.85 ms
CAM#2: PART SEARCH: search_time:0.00 ms
Process time: 0.00 ms
Loop 247: trial=1, Duration=289905 ms
Remap: 93.18 ms
Transform color: 6.14 ms
CAM#2: PART SEARCH: search_time:0.00 ms
Process time: 0.00 ms
Loop 248: trial=1, Duration=101804 ms
Remap: 74.97 ms
Transform color: 6.07 ms
CAM#2: PART SEARCH: search_time:0.00 ms
Process time: 0.00 ms
Loop 249: trial=1, Duration=83542 ms
Remap: 166.04 ms
Transform color: 3.44 ms
CAM#2: PART SEARCH: search_time:0.00 ms
Process time: 0.00 ms
Loop 250: trial=1, Duration=281724 ms
Remap: 81.08 ms
Transform color: 3.87 ms
CAM#2: PART SEARCH: search_time:0.00 ms
Process time: 0.00 ms
Loop 251: trial=1, Duration=90892 ms
Remap: 92.11 ms
Transform color: 5.50 ms
CAM#2: PART SEARCH: search_time:0.00 ms
Process time: 0.00 ms
Loop 252: trial=1, Duration=222823 ms
Remap: 77.91 ms
Transform color: 6.14 ms
CAM#2: PART SEARCH: search_time:0.01 ms
Process time: 0.00 ms
Loop 253: trial=1, Duration=87061 ms
Remap: 78.44 ms
Transform color: 7.00 ms
CAM#2: PART SEARCH: search_time:0.00 ms
Process time: 0.00 ms
Loop 254: trial=1, Duration=197852 ms
Remap: 74.79 ms
Transform color: 5.32 ms
CAM#2: PART SEARCH: search_time:0.00 ms
Process time: 0.00 ms
CAM#2: Using GLobal SEARCH ##############################################
CAM#2: GLOBAL SEARCH: search_time:0.00 ms
Loop 255: trial=1, Duration=101590 ms
Remap: 99.31 ms
Transform color: 7.09 ms
CAM#2: PART SEARCH: search_time:0.00 ms
Process time: 0.00 ms
Loop 256: trial=1, Duration=108702 ms
Remap: 75.77 ms
Transform color: 5.77 ms
CAM#2: PART SEARCH: search_time:0.00 ms
Process time: 0.00 ms
Loop 257: trial=1, Duration=84291 ms
Remap: 63.60 ms
Transform color: 5.30 ms
CAM#2: PART SEARCH: search_time:0.01 ms
Process time: 0.00 ms
Loop 258: trial=1, Duration=71687 ms
Remap: 68.62 ms
Transform color: 3.27 ms
CAM#2: PART SEARCH: search_time:0.01 ms
Process time: 0.00 ms
Loop 259: trial=1, Duration=74208 ms
Remap: 68.25 ms
Transform color: 5.21 ms
CAM#2: PART SEARCH: search_time:0.00 ms
Process time: 0.00 ms
Loop 260: trial=1, Duration=75963 ms
Remap: 76.57 ms
Transform color: 7.27 ms
CAM#2: PART SEARCH: search_time:0.00 ms
Process time: 0.00 ms
Loop 261: trial=1, Duration=111736 ms
Remap: 81.92 ms
Transform color: 6.90 ms
CAM#2: PART SEARCH: search_time:0.00 ms
Process time: 0.00 ms
Loop 262: trial=1, Duration=91868 ms
Remap: 81.68 ms
Transform color: 6.82 ms
CAM#2: PART SEARCH: search_time:0.01 ms
Process time: 0.00 ms
Loop 263: trial=1, Duration=181398 ms
Remap: 280.01 ms
Transform color: 3.69 ms
CAM#2: PART SEARCH: search_time:0.00 ms
Process time: 0.00 ms
Loop 264: trial=1, Duration=311387 ms
Remap: 79.69 ms
Transform color: 7.88 ms
CAM#2: PART SEARCH: search_time:0.01 ms
Process time: 0.00 ms
Loop 265: trial=1, Duration=91065 ms
Remap: 85.98 ms
Transform color: 8.59 ms
CAM#2: PART SEARCH: search_time:0.00 ms
Process time: 0.00 ms
Loop 266: trial=1, Duration=97838 ms
Remap: 83.48 ms
Transform color: 5.99 ms
CAM#2: PART SEARCH: search_time:0.01 ms
Process time: 0.00 ms
Loop 267: trial=1, Duration=119459 ms
Remap: 80.31 ms
Transform color: 7.93 ms
CAM#2: PART SEARCH: search_time:0.01 ms
Process time: 0.00 ms
Loop 268: trial=1, Duration=91977 ms
Remap: 56.06 ms
Transform color: 4.33 ms
CAM#2: PART SEARCH: search_time:0.00 ms
Process time: 0.00 ms
Loop 269: trial=1, Duration=63513 ms
Remap: 73.89 ms
Transform color: 6.80 ms
CAM#2: PART SEARCH: search_time:0.00 ms
Process time: 0.00 ms
Loop 270: trial=1, Duration=87446 ms
Remap: 73.36 ms
Transform color: 4.05 ms
CAM#2: PART SEARCH: search_time:0.00 ms
Process time: 0.00 ms
CAM#2: Using GLobal SEARCH ##############################################
CAM#2: GLOBAL SEARCH: search_time:0.00 ms
Loop 271: trial=1, Duration=79465 ms
Remap: 78.41 ms
Transform color: 6.90 ms
CAM#2: PART SEARCH: search_time:0.01 ms
Process time: 0.00 ms
Loop 272: trial=1, Duration=91779 ms
Remap: 82.03 ms
Transform color: 6.10 ms
CAM#2: PART SEARCH: search_time:0.01 ms
Process time: 0.00 ms
Loop 273: trial=1, Duration=90983 ms
Remap: 78.17 ms
Transform color: 7.86 ms
CAM#2: PART SEARCH: search_time:0.01 ms
Process time: 0.00 ms
Loop 274: trial=1, Duration=89837 ms
Remap: 82.48 ms
Transform color: 3.88 ms
CAM#2: PART SEARCH: search_time:0.00 ms
Process time: 0.00 ms
Loop 275: trial=1, Duration=88364 ms
Remap: 72.43 ms
Transform color: 5.96 ms
CAM#2: PART SEARCH: search_time:0.01 ms
Process time: 0.00 ms
Loop 276: trial=1, Duration=82233 ms
Remap: 59.47 ms
Transform color: 6.13 ms
CAM#2: PART SEARCH: search_time:0.01 ms
Process time: 0.00 ms
Loop 277: trial=1, Duration=69436 ms
Remap: 113.45 ms
Transform color: 8.00 ms
CAM#2: PART SEARCH: search_time:0.01 ms
Process time: 0.00 ms
Loop 278: trial=1, Duration=125434 ms
Remap: 102.18 ms
Transform color: 11.10 ms
CAM#2: PART SEARCH: search_time:0.01 ms
Process time: 0.00 ms
Loop 279: trial=1, Duration=182382 ms
Remap: 120.79 ms
Transform color: 1.72 ms
CAM#2: PART SEARCH: search_time:0.00 ms
Process time: 0.00 ms
Loop 280: trial=1, Duration=171711 ms
Remap: 75.61 ms
Transform color: 6.17 ms
CAM#2: PART SEARCH: search_time:0.00 ms
Process time: 0.00 ms
Loop 281: trial=1, Duration=83812 ms
Remap: 78.07 ms
Transform color: 7.68 ms
CAM#2: PART SEARCH: search_time:0.00 ms
Process time: 0.00 ms
Loop 282: trial=1, Duration=202834 ms
Remap: 32.58 ms
Transform color: 220.53 ms
CAM#2: PART SEARCH: search_time:0.00 ms
Process time: 0.00 ms
Loop 283: trial=1, Duration=259374 ms
Remap: 73.47 ms
Transform color: 5.16 ms
CAM#2: PART SEARCH: search_time:0.00 ms
Process time: 0.00 ms
Loop 284: trial=1, Duration=81130 ms
Remap: 75.29 ms
Transform color: 7.44 ms
CAM#2: PART SEARCH: search_time:0.00 ms
Process time: 0.00 ms
Loop 285: trial=1, Duration=94060 ms
Remap: 78.65 ms
Transform color: 5.74 ms
CAM#2: PART SEARCH: search_time:0.00 ms
Process time: 0.00 ms
Loop 286: trial=1, Duration=87572 ms
Remap: 99.88 ms
Transform color: 6.93 ms
CAM#2: PART SEARCH: search_time:0.00 ms
Process time: 0.00 ms
CAM#2: Using GLobal SEARCH ##############################################
CAM#2: GLOBAL SEARCH: search_time:0.00 ms
Loop 287: trial=1, Duration=110325 ms
Remap: 78.01 ms
Transform color: 5.33 ms
CAM#2: PART SEARCH: search_time:0.00 ms
Process time: 0.00 ms
Loop 288: trial=1, Duration=85863 ms
Remap: 62.73 ms
Transform color: 4.24 ms
CAM#2: PART SEARCH: search_time:0.00 ms
Process time: 0.00 ms
Loop 289: trial=1, Duration=69321 ms
Remap: 115.64 ms
Transform color: 113.40 ms
CAM#2: PART SEARCH: search_time:0.01 ms
Process time: 0.00 ms
Loop 290: trial=1, Duration=371436 ms
Remap: 80.09 ms
Transform color: 6.65 ms
CAM#2: PART SEARCH: search_time:0.01 ms
Process time: 0.00 ms
Loop 291: trial=1, Duration=90147 ms
Remap: 52.82 ms
Transform color: 2.22 ms
CAM#2: PART SEARCH: search_time:0.00 ms
Process time: 0.00 ms
Loop 292: trial=1, Duration=58063 ms
Remap: 78.86 ms
Transform color: 5.27 ms
CAM#2: PART SEARCH: search_time:0.00 ms
Process time: 0.00 ms
Loop 293: trial=1, Duration=170910 ms
Remap: 79.40 ms
Transform color: 7.34 ms
CAM#2: PART SEARCH: search_time:0.00 ms
Process time: 0.00 ms
Loop 294: trial=1, Duration=191517 ms
Remap: 83.61 ms
Transform color: 7.16 ms
CAM#2: PART SEARCH: search_time:0.01 ms
Process time: 0.00 ms
Loop 295: trial=1, Duration=187419 ms
Remap: 28.55 ms
Transform color: 2.78 ms
CAM#2: PART SEARCH: search_time:0.00 ms
Process time: 0.00 ms
Loop 296: trial=1, Duration=33222 ms
Remap: 23.20 ms
Transform color: 2.61 ms
CAM#2: PART SEARCH: search_time:0.00 ms
Process time: 0.00 ms
Loop 297: trial=1, Duration=97757 ms
Remap: 265.25 ms
Transform color: 1.89 ms
CAM#2: PART SEARCH: search_time:0.00 ms
Process time: 0.00 ms
Loop 298: trial=1, Duration=268827 ms
Remap: 20.85 ms
Transform color: 2.08 ms
CAM#2: PART SEARCH: search_time:0.00 ms
Process time: 0.00 ms
Loop 299: trial=1, Duration=24667 ms
Remap: 18.08 ms
Transform color: 4.42 ms
CAM#2: PART SEARCH: search_time:0.00 ms
Process time: 0.00 ms
Loop 300: trial=1, Duration=109781 ms
Remap: 79.71 ms
Transform color: 5.43 ms
CAM#2: PART SEARCH: search_time:0.00 ms
Process time: 0.00 ms
Loop 301: trial=1, Duration=88209 ms
Remap: 79.18 ms
Transform color: 7.48 ms
CAM#2: PART SEARCH: search_time:0.01 ms
Process time: 0.00 ms
Loop 302: trial=1, Duration=171340 ms
Remap: 84.10 ms
Transform color: 7.96 ms
CAM#2: PART SEARCH: search_time:0.00 ms
Process time: 0.00 ms
CAM#2: Using GLobal SEARCH ##############################################
CAM#2: GLOBAL SEARCH: search_time:0.00 ms
Loop 303: trial=1, Duration=98529 ms
Remap: 87.10 ms
Transform color: 8.54 ms
CAM#2: PART SEARCH: search_time:0.00 ms
Process time: 0.00 ms
Loop 304: trial=1, Duration=106805 ms
Remap: 74.55 ms
Transform color: 1.73 ms
CAM#2: PART SEARCH: search_time:0.00 ms
Process time: 0.00 ms
Loop 305: trial=1, Duration=124467 ms
Remap: 75.05 ms
Transform color: 6.58 ms
CAM#2: PART SEARCH: search_time:0.00 ms
Process time: 0.00 ms
Loop 306: trial=1, Duration=166514 ms
Remap: 76.53 ms
Transform color: 6.75 ms
CAM#2: PART SEARCH: search_time:0.00 ms
Process time: 0.00 ms
Loop 307: trial=1, Duration=112889 ms
Remap: 25.73 ms
Transform color: 2.59 ms
CAM#2: PART SEARCH: search_time:0.00 ms
Process time: 0.00 ms
Loop 308: trial=1, Duration=30032 ms
Remap: 58.60 ms
Transform color: 7.57 ms
CAM#2: PART SEARCH: search_time:0.01 ms
Process time: 0.00 ms
Loop 309: trial=1, Duration=121136 ms
Remap: 78.87 ms
Transform color: 7.04 ms
CAM#2: PART SEARCH: search_time:0.01 ms
Process time: 0.00 ms
Loop 310: trial=1, Duration=89191 ms
Remap: 80.23 ms
Transform color: 2.64 ms
CAM#2: PART SEARCH: search_time:0.01 ms
Process time: 0.00 ms
Loop 311: trial=1, Duration=143033 ms
Remap: 107.43 ms
Transform color: 6.52 ms
CAM#2: PART SEARCH: search_time:0.00 ms
Process time: 0.00 ms
Loop 312: trial=1, Duration=118254 ms
Remap: 80.86 ms
Transform color: 2.44 ms
CAM#2: PART SEARCH: search_time:0.00 ms
Process time: 0.00 ms
Loop 313: trial=1, Duration=100130 ms
Remap: 84.26 ms
Transform color: 168.01 ms
CAM#2: PART SEARCH: search_time:0.01 ms
Process time: 0.00 ms
Loop 314: trial=1, Duration=319927 ms
Remap: 86.76 ms
Transform color: 4.70 ms
CAM#2: PART SEARCH: search_time:0.00 ms
Process time: 0.00 ms
Loop 315: trial=1, Duration=213866 ms
Remap: 76.39 ms
Transform color: 6.15 ms
CAM#2: PART SEARCH: search_time:0.01 ms
Process time: 0.00 ms
Loop 316: trial=1, Duration=86118 ms
Remap: 78.54 ms
Transform color: 6.92 ms
CAM#2: PART SEARCH: search_time:0.01 ms
Process time: 0.00 ms
Loop 317: trial=1, Duration=87913 ms
Remap: 81.68 ms
Transform color: 5.36 ms
CAM#2: PART SEARCH: search_time:0.00 ms
Process time: 0.00 ms
Loop 318: trial=1, Duration=89431 ms
Remap: 77.97 ms
Transform color: 7.73 ms
CAM#2: PART SEARCH: search_time:0.01 ms
Process time: 0.00 ms
CAM#2: Using GLobal SEARCH ##############################################
CAM#2: GLOBAL SEARCH: search_time:0.00 ms
CAM#2: Found when using GLOBAL_IMAGE. X: 1239.00 Y:1866.00
Loop 319: trial=1, Duration=201080 ms
Remap: 76.24 ms
Transform color: 4.92 ms
Get partial image time: 0.09 ms
Apriltag detector detect time: 19.50 ms
CAM#2: tag#5: FAST SEARCH: search_time:19.73 microseconds
CAM#2: tag#5 exceeded 17ms search time. Switching to exhaustive search.
CAM#2: PART SEARCH: search_time:19.76 ms
Tag#5 detected in the overlapping area. Time frame: 2025-Apr-24 12:16:56.449125
Process time: 0.12 ms
CAM#2: Using GLobal SEARCH ##############################################
CAM#2: GLOBAL SEARCH: search_time:0.00 ms
CAM#2: Found when using GLOBAL_IMAGE. X: 1279.00 Y:1770.00
Loop 320: trial=1, Duration=105469 ms
Remap: 83.10 ms
Transform color: 18.41 ms
Get partial image time: 0.15 ms
Apriltag detector detect time: 7.51 ms
Zarray time: 0.00 ms
CAM#2: tag#5: FAST SEARCH: search_time:7.77 microseconds
CAM#2: PART SEARCH: search_time:7.81 ms
Tag#5 detected in the overlapping area. Time frame: 2025-Apr-24 12:16:56.862635
Process time: 0.04 ms
Loop 321: trial=1, Duration=197026 ms
Remap: 92.63 ms
Transform color: 13.19 ms
Get partial image time: 0.13 ms
Apriltag detector detect time: 38.17 ms
CAM#2: tag#5: FAST SEARCH: search_time:38.40 microseconds
CAM#2: tag#5 exceeded 17ms search time. Switching to exhaustive search.
CAM#2: PART SEARCH: search_time:38.43 ms
Tags are missing.
Process time: 0.01 ms
CAM#2: Using GLobal SEARCH ##############################################
CAM#2: GLOBAL SEARCH: search_time:20.64 ms
Loop 322: trial=1, Duration=245270 ms
Remap: 89.09 ms
Transform color: 8.27 ms
CAM#2: PART SEARCH: search_time:0.00 ms
Tag#5 detected in the overlapping area. Time frame: 2025-Apr-24 12:16:56.862635
Process time: 0.05 ms
Loop 323: trial=1, Duration=101491 ms
Remap: 238.09 ms
Transform color: 4.29 ms
CAM#2: PART SEARCH: search_time:0.01 ms
Process time: 0.00 ms
Loop 324: trial=1, Duration=417888 ms
Remap: 84.83 ms
Transform color: 8.71 ms
CAM#2: PART SEARCH: search_time:0.01 ms
Process time: 0.00 ms
Loop 325: trial=1, Duration=97588 ms
Remap: 87.53 ms
Transform color: 5.82 ms
CAM#2: PART SEARCH: search_time:0.00 ms
Process time: 0.00 ms
Loop 326: trial=1, Duration=95834 ms
Remap: 89.13 ms
Transform color: 9.48 ms
CAM#2: PART SEARCH: search_time:0.00 ms
Process time: 0.00 ms
Loop 327: trial=1, Duration=101978 ms
Remap: 76.53 ms
Transform color: 6.89 ms
CAM#2: PART SEARCH: search_time:0.00 ms
Process time: 0.00 ms
Loop 328: trial=1, Duration=86028 ms
Remap: 82.10 ms
Transform color: 5.01 ms
CAM#2: PART SEARCH: search_time:0.00 ms
Process time: 0.00 ms
Loop 329: trial=1, Duration=90232 ms
Remap: 82.73 ms
Transform color: 6.41 ms
CAM#2: PART SEARCH: search_time:0.00 ms
Process time: 0.00 ms
Loop 330: trial=1, Duration=91898 ms
Remap: 89.50 ms
Transform color: 9.45 ms
CAM#2: PART SEARCH: search_time:0.00 ms
Process time: 0.00 ms
Loop 331: trial=1, Duration=287179 ms
Remap: 119.52 ms
Transform color: 141.80 ms
CAM#2: PART SEARCH: search_time:0.01 ms
Process time: 0.00 ms
Loop 332: trial=1, Duration=278370 ms
Remap: 108.89 ms
Transform color: 2.42 ms
CAM#2: PART SEARCH: search_time:0.01 ms
Process time: 0.00 ms
Loop 333: trial=1, Duration=123703 ms
Remap: 82.40 ms
Transform color: 5.86 ms
CAM#2: PART SEARCH: search_time:0.00 ms
Process time: 0.00 ms
Loop 334: trial=1, Duration=92321 ms
Remap: 72.35 ms
Transform color: 9.17 ms
CAM#2: PART SEARCH: search_time:0.01 ms
Process time: 0.00 ms
Loop 335: trial=1, Duration=85945 ms
Remap: 71.53 ms
Transform color: 8.79 ms
CAM#2: PART SEARCH: search_time:0.00 ms
Process time: 0.00 ms
Loop 336: trial=1, Duration=87665 ms
Remap: 68.17 ms
Transform color: 4.00 ms
CAM#2: PART SEARCH: search_time:0.00 ms
Process time: 0.00 ms
Loop 337: trial=1, Duration=74177 ms
Remap: 67.20 ms
Transform color: 5.85 ms
CAM#2: PART SEARCH: search_time:0.00 ms
Process time: 0.00 ms
CAM#2: Using GLobal SEARCH ##############################################
CAM#2: GLOBAL SEARCH: search_time:0.00 ms
CAM#2: Found when using GLOBAL_IMAGE. X: 1539.00 Y:1191.00
Loop 338: trial=1, Duration=99753 ms
Remap: 85.76 ms
Transform color: 6.85 ms
Get partial image time: 0.09 ms
Apriltag detector detect time: 10.62 ms
Zarray time: 0.00 ms
CAM#2: tag#5: FAST SEARCH: search_time:10.85 microseconds
CAM#2: PART SEARCH: search_time:10.87 ms
Process time: 0.00 ms
Loop 339: trial=1, Duration=107683 ms
Remap: 76.39 ms
Transform color: 6.48 ms
Get partial image time: 0.10 ms
Apriltag detector detect time: 10.24 ms
Zarray time: 0.00 ms
CAM#2: tag#5: FAST SEARCH: search_time:10.42 microseconds
CAM#2: PART SEARCH: search_time:10.44 ms
Tags are missing.
Process time: 0.00 ms
CAM#2: Using GLobal SEARCH ##############################################
CAM#2: GLOBAL SEARCH: search_time:0.00 ms
CAM#2: Found when using GLOBAL_IMAGE. X: 1590.00 Y:1077.00
Loop 340: trial=1, Duration=96137 ms
Remap: 63.15 ms
Transform color: 4.71 ms
Get partial image time: 0.06 ms
Apriltag detector detect time: 8.27 ms
Zarray time: 0.00 ms
CAM#2: tag#5: FAST SEARCH: search_time:8.43 microseconds
CAM#2: PART SEARCH: search_time:8.46 ms
Process time: 0.00 ms
Loop 341: trial=1, Duration=80081 ms
Remap: 85.55 ms
Transform color: 6.51 ms
Get partial image time: 0.08 ms
Apriltag detector detect time: 8.09 ms
Zarray time: 0.00 ms
CAM#2: tag#5: FAST SEARCH: search_time:8.25 microseconds
CAM#2: PART SEARCH: search_time:8.28 ms
Tags are missing.
Process time: 0.00 ms
CAM#2: Using GLobal SEARCH ##############################################
CAM#2: GLOBAL SEARCH: search_time:241.02 ms
CAM#2: Found when using GLOBAL_IMAGE. X: 1650.00 Y:941.00
Loop 342: trial=1, Duration=344273 ms
Remap: 62.58 ms
Transform color: 7.79 ms
Get partial image time: 0.09 ms
Apriltag detector detect time: 7.86 ms
Zarray time: 0.00 ms
CAM#2: tag#5: FAST SEARCH: search_time:8.05 microseconds
CAM#2: PART SEARCH: search_time:8.09 ms
Process time: 0.00 ms
Loop 343: trial=1, Duration=94360 ms
Remap: 75.55 ms
Transform color: 8.38 ms
Get partial image time: 0.11 ms
Apriltag detector detect time: 8.40 ms
Zarray time: 0.00 ms
CAM#2: tag#5: FAST SEARCH: search_time:8.59 microseconds
CAM#2: PART SEARCH: search_time:8.63 ms
Tags are missing.
Process time: 0.00 ms
CAM#2: Using GLobal SEARCH ##############################################
CAM#2: GLOBAL SEARCH: search_time:331.55 ms
CAM#2: Found when using GLOBAL_IMAGE. X: 1713.00 Y:804.00
Loop 344: trial=1, Duration=428110 ms
Remap: 79.54 ms
Transform color: 4.86 ms
Get partial image time: 0.06 ms
Apriltag detector detect time: 7.54 ms
Zarray time: 0.00 ms
CAM#2: tag#5: FAST SEARCH: search_time:7.73 microseconds
CAM#2: PART SEARCH: search_time:7.76 ms
Process time: 0.00 ms
Loop 345: trial=1, Duration=104116 ms
Remap: 71.64 ms
Transform color: 4.42 ms
Get partial image time: 0.06 ms
Apriltag detector detect time: 6.54 ms
Zarray time: 0.00 ms
CAM#2: tag#5: FAST SEARCH: search_time:6.66 microseconds
CAM#2: PART SEARCH: search_time:6.67 ms
Tags are missing.
Process time: 0.00 ms
CAM#2: Using GLobal SEARCH ##############################################
CAM#2: GLOBAL SEARCH: search_time:382.31 ms
CAM#2: Found when using GLOBAL_IMAGE. X: 1764.00 Y:682.00
Loop 346: trial=1, Duration=469874 ms
Remap: 89.23 ms
Transform color: 12.38 ms
Get partial image time: 0.09 ms
Apriltag detector detect time: 9.20 ms
Zarray time: 0.00 ms
CAM#2: tag#5: FAST SEARCH: search_time:9.41 microseconds
CAM#2: PART SEARCH: search_time:9.44 ms
Process time: 0.00 ms
Loop 347: trial=1, Duration=142858 ms
Remap: 92.64 ms
Transform color: 10.98 ms
Get partial image time: 0.09 ms
Apriltag detector detect time: 9.32 ms
Zarray time: 0.00 ms
CAM#2: tag#5: FAST SEARCH: search_time:9.54 microseconds
CAM#2: PART SEARCH: search_time:9.58 ms
Tags are missing.
Process time: 0.00 ms
CAM#2: Using GLobal SEARCH ##############################################
CAM#2: GLOBAL SEARCH: search_time:211.25 ms
CAM#2: Found when using GLOBAL_IMAGE. X: 1830.00 Y:538.00
Loop 348: trial=1, Duration=328594 ms
Remap: 89.55 ms
Transform color: 12.89 ms
Get partial image time: 0.10 ms
Apriltag detector detect time: 6.64 ms
Zarray time: 0.00 ms
CAM#2: tag#5: FAST SEARCH: search_time:6.82 microseconds
CAM#2: PART SEARCH: search_time:6.84 ms
Tag#5 detected in the overlapping area. Time frame: 2025-Apr-24 12:17:01.773797
Process time: 0.03 ms
Loop 349: trial=1, Duration=427141 ms
Remap: 72.05 ms
Transform color: 6.17 ms
Get partial image time: 0.12 ms
Apriltag detector detect time: 13.52 ms
Zarray time: 0.00 ms
CAM#2: tag#5: FAST SEARCH: search_time:13.74 microseconds
CAM#2: PART SEARCH: search_time:13.78 ms
Tags are missing.
Process time: 0.00 ms
CAM#2: Using GLobal SEARCH ##############################################
CAM#2: GLOBAL SEARCH: search_time:0.00 ms
CAM#2: Found when using GLOBAL_IMAGE. X: 1882.00 Y:413.00
Loop 350: trial=1, Duration=112102 ms
Remap: 94.40 ms
Transform color: 13.27 ms
Get partial image time: 0.10 ms
Apriltag detector detect time: 8.36 ms
Zarray time: 0.00 ms
CAM#2: tag#5: FAST SEARCH: search_time:8.60 microseconds
CAM#2: PART SEARCH: search_time:8.63 ms
Tag#5 detected in the overlapping area. Time frame: 2025-Apr-24 12:17:02.271369
Process time: 0.06 ms
Loop 351: trial=1, Duration=120610 ms
Remap: 147.39 ms
Transform color: 5.75 ms
Get partial image time: 0.24 ms
Apriltag detector detect time: 11.84 ms
Zarray time: 0.00 ms
CAM#2: tag#5: FAST SEARCH: search_time:12.24 microseconds
CAM#2: PART SEARCH: search_time:12.29 ms
Tags are missing.
Process time: 0.00 ms
CAM#2: Using GLobal SEARCH ##############################################
CAM#2: GLOBAL SEARCH: search_time:90.36 ms
CAM#2: Found when using GLOBAL_IMAGE. X: 1942.00 Y:340.00
Loop 352: trial=1, Duration=259267 ms
Remap: 95.06 ms
Transform color: 9.14 ms
Get partial image time: 0.12 ms
Apriltag detector detect time: 7.31 ms
Zarray time: 0.00 ms
CAM#2: tag#5: FAST SEARCH: search_time:7.55 microseconds
CAM#2: PART SEARCH: search_time:7.59 ms
Tag#5 detected in the overlapping area. Time frame: 2025-Apr-24 12:17:02.644034
Process time: 0.05 ms
Loop 353: trial=1, Duration=172249 ms
Remap: 89.98 ms
Transform color: 15.27 ms
Get partial image time: 0.09 ms
Apriltag detector detect time: 8.99 ms
Zarray time: 0.00 ms
CAM#2: tag#5: FAST SEARCH: search_time:9.21 microseconds
CAM#2: PART SEARCH: search_time:9.23 ms
Tags are missing.
Process time: 0.00 ms
CAM#2: Using GLobal SEARCH ##############################################
CAM#2: GLOBAL SEARCH: search_time:246.05 ms
CAM#2: Found when using GLOBAL_IMAGE. X: 1996.00 Y:162.00
Loop 354: trial=1, Duration=370776 ms
Remap: 75.86 ms
Transform color: 7.06 ms
Get partial image time: 0.07 ms
Apriltag detector detect time: 6.25 ms
Zarray time: 0.00 ms
CAM#2: tag#5: FAST SEARCH: search_time:6.39 microseconds
CAM#2: PART SEARCH: search_time:6.43 ms
Tag#5 detected in the overlapping area. Time frame: 2025-Apr-24 12:17:03.168984
Process time: 0.03 ms
Loop 355: trial=1, Duration=106852 ms
Remap: 73.65 ms
Transform color: 2.23 ms
Get partial image time: 0.07 ms
Apriltag detector detect time: 7.30 ms
Zarray time: 0.00 ms
CAM#2: tag#5: FAST SEARCH: search_time:7.43 microseconds
CAM#2: PART SEARCH: search_time:7.46 ms
Tags are missing.
Process time: 0.00 ms
CAM#2: Using GLobal SEARCH ##############################################
CAM#2: GLOBAL SEARCH: search_time:402.63 ms
Loop 356: trial=1, Duration=489511 ms
Remap: 69.47 ms
Transform color: 3.96 ms
CAM#2: PART SEARCH: search_time:0.00 ms
Tag#5 detected in the overlapping area. Time frame: 2025-Apr-24 12:17:03.168984
Process time: 0.03 ms
Loop 357: trial=1, Duration=80017 ms
Remap: 81.21 ms
Transform color: 6.06 ms
CAM#2: PART SEARCH: search_time:0.00 ms
Process time: 0.00 ms
Loop 358: trial=1, Duration=89896 ms
Remap: 87.46 ms
Transform color: 12.96 ms
CAM#2: PART SEARCH: search_time:0.01 ms
Process time: 0.00 ms
Loop 359: trial=1, Duration=105352 ms
Remap: 85.57 ms
Transform color: 8.02 ms
CAM#2: PART SEARCH: search_time:0.00 ms
Process time: 0.00 ms
CAM 2: -2147483648Hz
Loop 360: trial=1, Duration=97407 ms
Remap: 71.75 ms
Transform color: 5.30 ms
CAM#2: PART SEARCH: search_time:0.00 ms
Process time: 0.00 ms
Loop 361: trial=1, Duration=106903 ms
Remap: 88.14 ms
Transform color: 8.30 ms
CAM#2: PART SEARCH: search_time:0.00 ms
Process time: 0.00 ms
Loop 362: trial=1, Duration=113493 ms
Remap: 84.41 ms
Transform color: 9.16 ms
CAM#2: PART SEARCH: search_time:0.00 ms
Process time: 0.00 ms
Loop 363: trial=1, Duration=96983 ms
Remap: 89.27 ms
Transform color: 9.79 ms
CAM#2: PART SEARCH: search_time:0.00 ms
Process time: 0.00 ms
Loop 364: trial=1, Duration=102827 ms
Remap: 88.30 ms
Transform color: 7.65 ms
CAM#2: PART SEARCH: search_time:0.01 ms
Process time: 0.00 ms
Loop 365: trial=1, Duration=99895 ms
Remap: 93.62 ms
Transform color: 5.43 ms
CAM#2: PART SEARCH: search_time:0.00 ms
Process time: 0.00 ms
Loop 366: trial=1, Duration=178116 ms
Remap: 88.52 ms
Transform color: 6.09 ms
CAM#2: PART SEARCH: search_time:0.00 ms
Process time: 0.00 ms
Loop 367: trial=1, Duration=141098 ms
Remap: 90.80 ms
Transform color: 8.63 ms
CAM#2: PART SEARCH: search_time:0.00 ms
Process time: 0.00 ms
Loop 368: trial=1, Duration=102259 ms
Remap: 87.04 ms
Transform color: 2.74 ms
CAM#2: PART SEARCH: search_time:0.00 ms
Process time: 0.00 ms
Loop 369: trial=1, Duration=98427 ms
Remap: 87.41 ms
Transform color: 7.43 ms
CAM#2: PART SEARCH: search_time:0.00 ms
Process time: 0.00 ms
Loop 370: trial=1, Duration=98379 ms
Remap: 93.16 ms
Transform color: 10.40 ms
CAM#2: PART SEARCH: search_time:0.00 ms
Process time: 0.00 ms
Loop 371: trial=1, Duration=106815 ms
Remap: 82.32 ms
Transform color: 9.21 ms
CAM#2: PART SEARCH: search_time:0.00 ms
Process time: 0.00 ms
CAM#2: Using GLobal SEARCH ##############################################
CAM#2: GLOBAL SEARCH: search_time:0.00 ms
Loop 372: trial=1, Duration=96217 ms
Remap: 85.61 ms
Transform color: 4.09 ms
CAM#2: PART SEARCH: search_time:0.00 ms
Tag#5 detected in the overlapping area. Time frame: 2025-Apr-24 12:17:03.168984
Process time: 0.03 ms
Loop 373: trial=1, Duration=91813 ms
Remap: 72.67 ms
Transform color: 5.85 ms
CAM#2: PART SEARCH: search_time:0.00 ms
Process time: 0.00 ms
Loop 374: trial=1, Duration=80934 ms
Remap: 70.53 ms
Transform color: 4.83 ms
CAM#2: PART SEARCH: search_time:0.00 ms
Process time: 0.00 ms
Loop 375: trial=1, Duration=157622 ms
Remap: 93.05 ms
Transform color: 7.75 ms
CAM#2: PART SEARCH: search_time:0.00 ms
Process time: 0.00 ms
Loop 376: trial=1, Duration=104640 ms
Remap: 88.31 ms
Transform color: 6.37 ms
CAM#2: PART SEARCH: search_time:0.00 ms
Process time: 0.00 ms
Loop 377: trial=1, Duration=98980 ms
Remap: 89.55 ms
Transform color: 5.74 ms
CAM#2: PART SEARCH: search_time:0.00 ms
Process time: 0.00 ms
Loop 378: trial=1, Duration=98171 ms
Remap: 121.48 ms
Transform color: 8.86 ms
CAM#2: PART SEARCH: search_time:0.00 ms
Process time: 0.00 ms
Loop 379: trial=1, Duration=156478 ms
Remap: 95.48 ms
Transform color: 8.71 ms
CAM#2: PART SEARCH: search_time:0.00 ms
Process time: 0.00 ms
Loop 380: trial=1, Duration=107303 ms
Remap: 85.54 ms
Transform color: 12.38 ms
CAM#2: PART SEARCH: search_time:0.00 ms
Process time: 0.00 ms
Loop 381: trial=1, Duration=128592 ms
Remap: 90.56 ms
Transform color: 8.17 ms
CAM#2: PART SEARCH: search_time:0.00 ms
Process time: 0.00 ms
Loop 382: trial=1, Duration=140047 ms
Remap: 81.16 ms
Transform color: 6.19 ms
CAM#2: PART SEARCH: search_time:0.00 ms
Process time: 0.00 ms
Loop 383: trial=1, Duration=116854 ms
Remap: 87.12 ms
Transform color: 8.97 ms
CAM#2: PART SEARCH: search_time:0.00 ms
Process time: 0.00 ms
Loop 384: trial=1, Duration=100089 ms
Remap: 90.64 ms
Transform color: 11.28 ms
CAM#2: PART SEARCH: search_time:0.00 ms
Process time: 0.00 ms
Loop 385: trial=1, Duration=106946 ms
Remap: 87.49 ms
Transform color: 6.52 ms
CAM#2: PART SEARCH: search_time:0.00 ms
Process time: 0.00 ms
Loop 386: trial=1, Duration=97245 ms
Remap: 90.55 ms
Transform color: 2.63 ms
CAM#2: PART SEARCH: search_time:0.00 ms
Process time: 0.00 ms
Loop 387: trial=1, Duration=122007 ms
Remap: 56.22 ms
Transform color: 3.32 ms
CAM#2: PART SEARCH: search_time:0.00 ms
Process time: 0.00 ms
CAM#2: Using GLobal SEARCH ##############################################
CAM#2: GLOBAL SEARCH: search_time:0.00 ms
Loop 388: trial=1, Duration=62000 ms
Remap: 30.56 ms
Transform color: 4.25 ms
CAM#2: PART SEARCH: search_time:0.00 ms
Tag#5 detected in the overlapping area. Time frame: 2025-Apr-24 12:17:03.168984
Process time: 0.04 ms
Loop 389: trial=1, Duration=44036 ms
Remap: 87.09 ms
Transform color: 9.65 ms
CAM#2: PART SEARCH: search_time:0.00 ms
Process time: 0.00 ms
Loop 390: trial=1, Duration=108197 ms
Remap: 88.38 ms
Transform color: 11.34 ms
CAM#2: PART SEARCH: search_time:0.00 ms
Process time: 0.00 ms
Loop 391: trial=1, Duration=105592 ms
Remap: 84.64 ms
Transform color: 6.84 ms
CAM#2: PART SEARCH: search_time:0.00 ms
Process time: 0.00 ms
Loop 392: trial=1, Duration=156247 ms
Remap: 192.84 ms
Transform color: 2.46 ms
CAM#2: PART SEARCH: search_time:0.01 ms
Process time: 0.00 ms
Loop 393: trial=1, Duration=202166 ms
Remap: 82.22 ms
Transform color: 5.88 ms
CAM#2: PART SEARCH: search_time:0.00 ms
Process time: 0.00 ms
Loop 394: trial=1, Duration=111479 ms
Remap: 75.56 ms
Transform color: 4.12 ms
CAM#2: PART SEARCH: search_time:0.00 ms
Process time: 0.00 ms
Loop 395: trial=1, Duration=123398 ms
Remap: 68.52 ms
Transform color: 18.52 ms
CAM#2: PART SEARCH: search_time:0.00 ms
Process time: 0.00 ms
Loop 396: trial=1, Duration=127607 ms
Remap: 101.75 ms
Transform color: 4.97 ms
CAM#2: PART SEARCH: search_time:0.00 ms
Process time: 0.00 ms
Loop 397: trial=1, Duration=109345 ms
Remap: 72.16 ms
Transform color: 6.47 ms
CAM#2: PART SEARCH: search_time:0.01 ms
Process time: 0.00 ms
Loop 398: trial=1, Duration=129394 ms
Remap: 81.86 ms
Transform color: 5.85 ms
CAM#2: PART SEARCH: search_time:0.00 ms
Process time: 0.00 ms
Loop 399: trial=1, Duration=90001 ms
Remap: 77.20 ms
Transform color: 8.43 ms
CAM#2: PART SEARCH: search_time:0.01 ms
Process time: 0.00 ms
Loop 400: trial=1, Duration=112828 ms
Remap: 81.73 ms
Transform color: 5.59 ms
CAM#2: PART SEARCH: search_time:0.00 ms
Process time: 0.00 ms
Loop 401: trial=1, Duration=89318 ms
Remap: 71.76 ms
Transform color: 4.47 ms
CAM#2: PART SEARCH: search_time:0.00 ms
Process time: 0.00 ms
Loop 402: trial=1, Duration=79059 ms
Remap: 74.97 ms
Transform color: 5.36 ms
CAM#2: PART SEARCH: search_time:0.01 ms
Process time: 0.00 ms
Loop 403: trial=1, Duration=194871 ms
Remap: 80.65 ms
Transform color: 5.66 ms
CAM#2: PART SEARCH: search_time:0.00 ms
Process time: 0.00 ms
CAM#2: Using GLobal SEARCH ##############################################
CAM#2: GLOBAL SEARCH: search_time:0.00 ms
Loop 404: trial=1, Duration=88573 ms
Remap: 84.06 ms
Transform color: 6.93 ms
CAM#2: PART SEARCH: search_time:0.00 ms
Tag#5 detected in the overlapping area. Time frame: 2025-Apr-24 12:17:03.168984
Process time: 0.05 ms
Loop 405: trial=1, Duration=124278 ms
Remap: 143.41 ms
Transform color: 3.40 ms
CAM#2: PART SEARCH: search_time:0.01 ms
Process time: 0.00 ms
Loop 406: trial=1, Duration=150106 ms
Remap: 104.25 ms
Transform color: 2.92 ms
CAM#2: PART SEARCH: search_time:0.00 ms
Process time: 0.00 ms
Loop 407: trial=1, Duration=113263 ms
Remap: 85.83 ms
Transform color: 7.65 ms
CAM#2: PART SEARCH: search_time:0.00 ms
Process time: 0.00 ms
Loop 408: trial=1, Duration=97248 ms
Remap: 86.89 ms
Transform color: 5.56 ms
CAM#2: PART SEARCH: search_time:0.01 ms
Process time: 0.00 ms
Loop 409: trial=1, Duration=95217 ms
Remap: 90.11 ms
Transform color: 6.44 ms
CAM#2: PART SEARCH: search_time:0.00 ms
Process time: 0.00 ms
Loop 410: trial=1, Duration=109988 ms
Remap: 89.97 ms
Transform color: 6.22 ms
CAM#2: PART SEARCH: search_time:0.00 ms
Process time: 0.00 ms
Loop 411: trial=1, Duration=98674 ms
Remap: 64.17 ms
Transform color: 6.65 ms
CAM#2: PART SEARCH: search_time:0.00 ms
Process time: 0.00 ms
Loop 412: trial=1, Duration=73772 ms
Remap: 66.21 ms
Transform color: 5.67 ms
CAM#2: PART SEARCH: search_time:0.01 ms
Process time: 0.00 ms
Loop 413: trial=1, Duration=75134 ms
Remap: 69.55 ms
Transform color: 6.77 ms
CAM#2: PART SEARCH: search_time:0.00 ms
Process time: 0.00 ms
Loop 414: trial=1, Duration=87613 ms
Remap: 40.11 ms
Transform color: 22.70 ms
CAM#2: PART SEARCH: search_time:0.01 ms
Process time: 0.00 ms
Loop 415: trial=1, Duration=140374 ms
Remap: 122.51 ms
Transform color: 12.34 ms
CAM#2: PART SEARCH: search_time:0.00 ms
Process time: 0.00 ms
Loop 416: trial=1, Duration=141193 ms
Remap: 75.83 ms
Transform color: 5.53 ms
CAM#2: PART SEARCH: search_time:0.00 ms
Process time: 0.00 ms
Loop 417: trial=1, Duration=85138 ms
Remap: 97.17 ms
Transform color: 4.99 ms
CAM#2: PART SEARCH: search_time:0.00 ms
Process time: 0.00 ms
Loop 418: trial=1, Duration=214655 ms
Remap: 77.94 ms
Transform color: 6.83 ms
CAM#2: PART SEARCH: search_time:0.01 ms
Process time: 0.00 ms
Loop 419: trial=1, Duration=88216 ms
Remap: 74.30 ms
Transform color: 6.78 ms
CAM#2: PART SEARCH: search_time:0.00 ms
Process time: 0.00 ms
CAM#2: Using GLobal SEARCH ##############################################
CAM#2: GLOBAL SEARCH: search_time:0.00 ms
Loop 420: trial=1, Duration=107597 ms
Remap: 69.81 ms
Transform color: 3.32 ms
CAM#2: PART SEARCH: search_time:0.00 ms
Tag#5 detected in the overlapping area. Time frame: 2025-Apr-24 12:17:03.168984
Process time: 0.05 ms
Loop 421: trial=1, Duration=107862 ms
Remap: 113.56 ms
Transform color: 2.31 ms
CAM#2: PART SEARCH: search_time:0.00 ms
Process time: 0.00 ms
Loop 422: trial=1, Duration=117974 ms
Remap: 49.80 ms
Transform color: 115.44 ms
CAM#2: PART SEARCH: search_time:0.00 ms
Process time: 0.00 ms
Loop 423: trial=1, Duration=172095 ms
Remap: 66.78 ms
Transform color: 6.54 ms
CAM#2: PART SEARCH: search_time:0.00 ms
Process time: 0.00 ms
Loop 424: trial=1, Duration=101540 ms
Remap: 84.58 ms
Transform color: 6.51 ms
CAM#2: PART SEARCH: search_time:0.00 ms
Process time: 0.00 ms
Loop 425: trial=1, Duration=93998 ms
Remap: 78.80 ms
Transform color: 238.37 ms
CAM#2: PART SEARCH: search_time:0.01 ms
Process time: 0.00 ms
Loop 426: trial=1, Duration=444122 ms
Remap: 79.66 ms
Transform color: 7.54 ms
CAM#2: PART SEARCH: search_time:0.00 ms
Process time: 0.00 ms
Loop 427: trial=1, Duration=91678 ms
Remap: 76.60 ms
Transform color: 2.27 ms
CAM#2: PART SEARCH: search_time:0.00 ms
Process time: 0.00 ms
Loop 428: trial=1, Duration=85843 ms
Remap: 108.75 ms
Transform color: 6.09 ms
CAM#2: PART SEARCH: search_time:0.00 ms
Process time: 0.00 ms
Loop 429: trial=1, Duration=117131 ms
Remap: 95.14 ms
Transform color: 10.45 ms
CAM#2: PART SEARCH: search_time:0.01 ms
Process time: 0.00 ms
Loop 430: trial=1, Duration=110225 ms
Remap: 83.47 ms
Transform color: 7.16 ms
CAM#2: PART SEARCH: search_time:0.00 ms
Process time: 0.00 ms
Loop 431: trial=1, Duration=93235 ms
Remap: 82.36 ms
Transform color: 1.86 ms
CAM#2: PART SEARCH: search_time:0.00 ms
Process time: 0.00 ms
Loop 432: trial=1, Duration=92825 ms
Remap: 83.10 ms
Transform color: 7.83 ms
CAM#2: PART SEARCH: search_time:0.00 ms
Process time: 0.00 ms
Loop 433: trial=1, Duration=94219 ms
Remap: 82.02 ms
Transform color: 5.95 ms
CAM#2: PART SEARCH: search_time:0.00 ms
Process time: 0.00 ms
Loop 434: trial=1, Duration=302324 ms
Remap: 65.34 ms
Transform color: 7.34 ms
CAM#2: PART SEARCH: search_time:0.00 ms
Process time: 0.00 ms
Loop 435: trial=1, Duration=75869 ms
Remap: 68.53 ms
Transform color: 7.50 ms
CAM#2: PART SEARCH: search_time:0.00 ms
Process time: 0.00 ms
CAM#2: Using GLobal SEARCH ##############################################
CAM#2: GLOBAL SEARCH: search_time:0.00 ms
Loop 436: trial=1, Duration=110546 ms
Remap: 92.19 ms
Transform color: 1.89 ms
CAM#2: PART SEARCH: search_time:0.00 ms
Tag#5 detected in the overlapping area. Time frame: 2025-Apr-24 12:17:03.168984
Process time: 0.04 ms
Loop 437: trial=1, Duration=110341 ms
Remap: 86.04 ms
Transform color: 8.74 ms
CAM#2: PART SEARCH: search_time:0.00 ms
Process time: 0.00 ms
Loop 438: trial=1, Duration=187584 ms
Remap: 73.26 ms
Transform color: 6.03 ms
CAM#2: PART SEARCH: search_time:0.00 ms
Process time: 0.00 ms
Loop 439: trial=1, Duration=82923 ms
Remap: 75.76 ms
Transform color: 8.22 ms
CAM#2: PART SEARCH: search_time:0.01 ms
Process time: 0.00 ms
Loop 440: trial=1, Duration=132416 ms
Remap: 90.46 ms
Transform color: 7.85 ms
CAM#2: PART SEARCH: search_time:0.00 ms
Process time: 0.00 ms
Loop 441: trial=1, Duration=106563 ms
Remap: 80.84 ms
Transform color: 5.67 ms
CAM#2: PART SEARCH: search_time:0.00 ms
Process time: 0.00 ms
Loop 442: trial=1, Duration=89522 ms
Remap: 78.66 ms
Transform color: 7.14 ms
CAM#2: PART SEARCH: search_time:0.00 ms
Process time: 0.00 ms
Loop 443: trial=1, Duration=88497 ms
Remap: 84.64 ms
Transform color: 5.42 ms
CAM#2: PART SEARCH: search_time:0.00 ms
Process time: 0.00 ms
Loop 444: trial=1, Duration=92535 ms
Remap: 75.39 ms
Transform color: 83.77 ms
CAM#2: PART SEARCH: search_time:0.00 ms
Process time: 0.00 ms
Loop 445: trial=1, Duration=215637 ms
Remap: 54.17 ms
Transform color: 4.21 ms
CAM#2: PART SEARCH: search_time:0.01 ms
Process time: 0.00 ms
Loop 446: trial=1, Duration=67807 ms
Remap: 37.84 ms
Transform color: 2.35 ms
CAM#2: PART SEARCH: search_time:0.00 ms
Process time: 0.00 ms
Loop 447: trial=1, Duration=115937 ms
Remap: 65.77 ms
Transform color: 3.45 ms
CAM#2: PART SEARCH: search_time:0.00 ms
Process time: 0.00 ms
Loop 448: trial=1, Duration=72105 ms
Remap: 115.88 ms
Transform color: 1.87 ms
CAM#2: PART SEARCH: search_time:0.00 ms
Process time: 0.00 ms
Loop 449: trial=1, Duration=164996 ms
Remap: 81.78 ms
Transform color: 7.82 ms
CAM#2: PART SEARCH: search_time:0.01 ms
Process time: 0.00 ms
Loop 450: trial=1, Duration=129568 ms
Remap: 90.25 ms
Transform color: 9.81 ms
CAM#2: PART SEARCH: search_time:0.01 ms
Process time: 0.00 ms
Loop 451: trial=1, Duration=104059 ms
Remap: 80.05 ms
Transform color: 4.38 ms
CAM#2: PART SEARCH: search_time:0.00 ms
Process time: 0.00 ms
CAM#2: Using GLobal SEARCH ##############################################
CAM#2: GLOBAL SEARCH: search_time:0.00 ms
Loop 452: trial=1, Duration=86611 ms
Remap: 97.66 ms
Transform color: 10.28 ms
CAM#2: PART SEARCH: search_time:0.00 ms
Tag#5 detected in the overlapping area. Time frame: 2025-Apr-24 12:17:03.168984
Process time: 0.04 ms
Loop 453: trial=1, Duration=111407 ms
Remap: 71.40 ms
Transform color: 2.22 ms
CAM#2: PART SEARCH: search_time:0.00 ms
Process time: 0.00 ms
Loop 454: trial=1, Duration=75437 ms
Remap: 132.82 ms
Transform color: 2.33 ms
CAM#2: PART SEARCH: search_time:0.00 ms
Process time: 0.00 ms
Loop 455: trial=1, Duration=141543 ms
Remap: 71.43 ms
Transform color: 4.87 ms
CAM#2: PART SEARCH: search_time:0.00 ms
Process time: 0.00 ms
Loop 456: trial=1, Duration=80144 ms
Remap: 79.88 ms
Transform color: 6.31 ms
CAM#2: PART SEARCH: search_time:0.00 ms
Process time: 0.00 ms
Loop 457: trial=1, Duration=98980 ms
Remap: 81.59 ms
Transform color: 4.25 ms
CAM#2: PART SEARCH: search_time:0.00 ms
Process time: 0.00 ms
Loop 458: trial=1, Duration=87974 ms
Remap: 78.26 ms
Transform color: 8.45 ms
CAM#2: PART SEARCH: search_time:0.01 ms
Process time: 0.00 ms
Loop 459: trial=1, Duration=94423 ms
Remap: 78.31 ms
Transform color: 5.25 ms
CAM#2: PART SEARCH: search_time:0.00 ms
Process time: 0.00 ms
Loop 460: trial=1, Duration=90518 ms
Remap: 25.59 ms
Transform color: 2.15 ms
CAM#2: PART SEARCH: search_time:0.00 ms
Process time: 0.00 ms
Loop 461: trial=1, Duration=29834 ms
Remap: 33.55 ms
Transform color: 2.44 ms
CAM#2: PART SEARCH: search_time:0.00 ms
Process time: 0.00 ms
Loop 462: trial=1, Duration=38562 ms
Remap: 76.21 ms
Transform color: 6.29 ms
CAM#2: PART SEARCH: search_time:0.01 ms
Process time: 0.00 ms
Loop 463: trial=1, Duration=115301 ms
Remap: 76.66 ms
Transform color: 5.37 ms
CAM#2: PART SEARCH: search_time:0.00 ms
Process time: 0.00 ms
Loop 464: trial=1, Duration=85036 ms
Remap: 91.81 ms
Transform color: 5.70 ms
CAM#2: PART SEARCH: search_time:0.00 ms
Process time: 0.00 ms
Loop 465: trial=1, Duration=100695 ms
Remap: 84.22 ms
Transform color: 7.23 ms
CAM#2: PART SEARCH: search_time:0.01 ms
Process time: 0.00 ms
Loop 466: trial=1, Duration=103672 ms
Remap: 91.53 ms
Transform color: 5.00 ms
CAM#2: PART SEARCH: search_time:0.00 ms
Process time: 0.00 ms
Loop 467: trial=1, Duration=144924 ms
Remap: 85.03 ms
Transform color: 5.97 ms
CAM#2: PART SEARCH: search_time:0.00 ms
Process time: 0.00 ms
CAM#2: Using GLobal SEARCH ##############################################
CAM#2: GLOBAL SEARCH: search_time:0.00 ms
Loop 468: trial=1, Duration=146343 ms
Remap: 86.91 ms
Transform color: 2.84 ms
CAM#2: PART SEARCH: search_time:0.00 ms
Tag#5 detected in the overlapping area. Time frame: 2025-Apr-24 12:17:03.168984
Process time: 0.05 ms
Loop 469: trial=1, Duration=222274 ms
Remap: 142.22 ms
Transform color: 2.51 ms
CAM#2: PART SEARCH: search_time:0.01 ms
Process time: 0.00 ms
Loop 470: trial=1, Duration=178524 ms
Remap: 95.53 ms
Transform color: 5.83 ms
CAM#2: PART SEARCH: search_time:0.00 ms
Process time: 0.00 ms
Loop 471: trial=1, Duration=103689 ms
Remap: 75.03 ms
Transform color: 5.47 ms
CAM#2: PART SEARCH: search_time:0.01 ms
Process time: 0.00 ms
Loop 472: trial=1, Duration=83412 ms
Remap: 60.55 ms
Transform color: 7.79 ms
CAM#2: PART SEARCH: search_time:0.00 ms
Process time: 0.00 ms
Loop 473: trial=1, Duration=71562 ms
Remap: 106.50 ms
Transform color: 2.21 ms
CAM#2: PART SEARCH: search_time:0.00 ms
Process time: 0.00 ms
Loop 474: trial=1, Duration=128620 ms
Remap: 684.07 ms
Transform color: 135.30 ms
CAM#2: PART SEARCH: search_time:0.00 ms
Process time: 0.00 ms
Loop 475: trial=1, Duration=847783 ms
Remap: 80.49 ms
Transform color: 4.86 ms
CAM#2: PART SEARCH: search_time:0.00 ms
Process time: 0.00 ms
Loop 476: trial=1, Duration=88345 ms
Remap: 86.31 ms
Transform color: 8.50 ms
CAM#2: PART SEARCH: search_time:0.00 ms
Process time: 0.00 ms
Loop 477: trial=1, Duration=98699 ms
Remap: 77.67 ms
Transform color: 5.41 ms
CAM#2: PART SEARCH: search_time:0.00 ms
Process time: 0.00 ms
Loop 478: trial=1, Duration=180838 ms
Remap: 174.57 ms
Transform color: 121.82 ms
CAM#2: PART SEARCH: search_time:0.01 ms
Process time: 0.00 ms
Loop 479: trial=1, Duration=399895 ms
Remap: 78.07 ms
Transform color: 7.14 ms
CAM#2: PART SEARCH: search_time:0.01 ms
Process time: 0.00 ms
CAM 2: -2147483648Hz
Loop 480: trial=1, Duration=91694 ms
Remap: 88.10 ms
Transform color: 7.42 ms
CAM#2: PART SEARCH: search_time:0.00 ms
Process time: 0.00 ms
Loop 481: trial=1, Duration=153424 ms
