Remap: 60.35 ms
Transform color: 5.08 ms
CAM#0: PART SEARCH: search_time:0.01 ms
Process time: 0.00 ms
Loop 0: trial=1, Duration=134192 ms
Remap: 25.10 ms
Transform color: 2.08 ms
CAM#0: PART SEARCH: search_time:0.00 ms
Process time: 0.00 ms
Loop 1: trial=1, Duration=67944 ms
Remap: 63.48 ms
Transform color: 1.67 ms
CAM#0: PART SEARCH: search_time:0.00 ms
Process time: 0.00 ms
Loop 2: trial=1, Duration=102653 ms
Remap: 12.52 ms
Transform color: 1.80 ms
CAM#0: PART SEARCH: search_time:0.00 ms
Process time: 0.00 ms
Loop 3: trial=1, Duration=32059 ms
Remap: 63.13 ms
Transform color: 4.44 ms
CAM#0: PART SEARCH: search_time:0.00 ms
Process time: 0.00 ms
Loop 4: trial=1, Duration=126175 ms
Remap: 57.39 ms
Transform color: 3.86 ms
CAM#0: PART SEARCH: search_time:0.00 ms
Process time: 0.00 ms
Loop 5: trial=1, Duration=338745 ms
Remap: 33.60 ms
Transform color: 41.25 ms
CAM#0: PART SEARCH: search_time:0.00 ms
Process time: 0.00 ms
Loop 6: trial=1, Duration=643235 ms
Remap: 56.30 ms
Transform color: 5.85 ms
CAM#0: PART SEARCH: search_time:0.00 ms
Process time: 0.00 ms
Loop 7: trial=1, Duration=90819 ms
Remap: 155.44 ms
Transform color: 1.61 ms
CAM#0: PART SEARCH: search_time:0.00 ms
Process time: 0.00 ms
Loop 8: trial=1, Duration=190341 ms
Remap: 218.92 ms
Transform color: 3.03 ms
CAM#0: PART SEARCH: search_time:0.00 ms
Process time: 0.00 ms
Loop 9: trial=1, Duration=310225 ms
Remap: 57.76 ms
Transform color: 6.11 ms
CAM#0: PART SEARCH: search_time:0.00 ms
Process time: 0.00 ms
Loop 10: trial=1, Duration=66968 ms
Remap: 57.12 ms
Transform color: 3.78 ms
CAM#0: PART SEARCH: search_time:0.00 ms
Process time: 0.00 ms
Loop 11: trial=1, Duration=62861 ms
Remap: 61.60 ms
Transform color: 8.39 ms
CAM#0: PART SEARCH: search_time:0.00 ms
Process time: 0.00 ms
Loop 12: trial=1, Duration=73603 ms
Remap: 72.59 ms
Transform color: 4.10 ms
CAM#0: PART SEARCH: search_time:0.00 ms
Process time: 0.00 ms
Loop 13: trial=1, Duration=78685 ms
Remap: 80.45 ms
Transform color: 5.35 ms
CAM#0: PART SEARCH: search_time:0.01 ms
Process time: 0.00 ms
Loop 14: trial=1, Duration=123382 ms
Remap: 241.67 ms
Transform color: 2.64 ms
CAM#0: PART SEARCH: search_time:0.00 ms
Process time: 0.00 ms
CAM#0: Using GLobal SEARCH ##############################################
CAM#0: GLOBAL SEARCH: search_time:0.00 ms
Loop 15: trial=1, Duration=246891 ms
Remap: 70.05 ms
Transform color: 5.41 ms
CAM#0: PART SEARCH: search_time:0.00 ms
Process time: 0.00 ms
Loop 16: trial=1, Duration=176315 ms
Remap: 70.96 ms
Transform color: 6.05 ms
CAM#0: PART SEARCH: search_time:0.00 ms
Process time: 0.00 ms
Loop 17: trial=1, Duration=80178 ms
Remap: 68.02 ms
Transform color: 4.47 ms
CAM#0: PART SEARCH: search_time:0.00 ms
Process time: 0.00 ms
Loop 18: trial=1, Duration=161186 ms
Remap: 39.79 ms
Transform color: 1.94 ms
CAM#0: PART SEARCH: search_time:0.00 ms
Process time: 0.00 ms
Loop 19: trial=1, Duration=44164 ms
Remap: 23.96 ms
Transform color: 7.25 ms
CAM#0: PART SEARCH: search_time:0.01 ms
Process time: 0.00 ms
Loop 20: trial=1, Duration=242698 ms
Remap: 100.74 ms
Transform color: 3.02 ms
CAM#0: PART SEARCH: search_time:0.01 ms
Process time: 0.00 ms
Loop 21: trial=1, Duration=126770 ms
Remap: 77.06 ms
Transform color: 6.40 ms
CAM#0: PART SEARCH: search_time:0.00 ms
Process time: 0.00 ms
Loop 22: trial=1, Duration=86340 ms
Remap: 61.27 ms
Transform color: 4.47 ms
CAM#0: PART SEARCH: search_time:0.01 ms
Process time: 0.00 ms
Loop 23: trial=1, Duration=307542 ms
Remap: 75.40 ms
Transform color: 4.67 ms
CAM#0: PART SEARCH: search_time:0.00 ms
Process time: 0.00 ms
Loop 24: trial=1, Duration=138131 ms
Remap: 66.83 ms
Transform color: 6.26 ms
CAM#0: PART SEARCH: search_time:0.00 ms
Process time: 0.00 ms
Loop 25: trial=1, Duration=122878 ms
Remap: 57.55 ms
Transform color: 5.32 ms
CAM#0: PART SEARCH: search_time:0.00 ms
Process time: 0.00 ms
Loop 26: trial=1, Duration=312503 ms
Remap: 63.92 ms
Transform color: 4.92 ms
CAM#0: PART SEARCH: search_time:0.00 ms
Process time: 0.00 ms
Loop 27: trial=1, Duration=157424 ms
Remap: 78.11 ms
Transform color: 6.02 ms
CAM#0: PART SEARCH: search_time:0.00 ms
Process time: 0.00 ms
Loop 28: trial=1, Duration=123650 ms
Remap: 67.23 ms
Transform color: 5.70 ms
CAM#0: PART SEARCH: search_time:0.00 ms
Process time: 0.00 ms
Loop 29: trial=1, Duration=90365 ms
Remap: 67.16 ms
Transform color: 166.26 ms
CAM#0: PART SEARCH: search_time:0.00 ms
Process time: 0.00 ms
Loop 30: trial=1, Duration=336862 ms
Remap: 69.55 ms
Transform color: 4.89 ms
CAM#0: PART SEARCH: search_time:0.00 ms
Process time: 0.00 ms
CAM#0: Using GLobal SEARCH ##############################################
CAM#0: GLOBAL SEARCH: search_time:0.00 ms
Loop 31: trial=1, Duration=77021 ms
Remap: 61.58 ms
Transform color: 5.29 ms
CAM#0: PART SEARCH: search_time:0.00 ms
Process time: 0.00 ms
Loop 32: trial=1, Duration=179763 ms
Remap: 68.15 ms
Transform color: 6.22 ms
CAM#0: PART SEARCH: search_time:0.00 ms
Process time: 0.00 ms
Loop 33: trial=1, Duration=83018 ms
Remap: 69.55 ms
Transform color: 3.00 ms
CAM#0: PART SEARCH: search_time:0.00 ms
Process time: 0.00 ms
Loop 34: trial=1, Duration=128039 ms
Remap: 25.89 ms
Transform color: 3.73 ms
CAM#0: PART SEARCH: search_time:0.00 ms
Process time: 0.00 ms
Loop 35: trial=1, Duration=246812 ms
Remap: 150.47 ms
Transform color: 481.43 ms
CAM#0: PART SEARCH: search_time:0.00 ms
Process time: 0.00 ms
Loop 36: trial=1, Duration=639898 ms
Remap: 66.36 ms
Transform color: 4.98 ms
CAM#0: PART SEARCH: search_time:0.00 ms
Process time: 0.00 ms
Loop 37: trial=1, Duration=74140 ms
Remap: 69.27 ms
Transform color: 1.31 ms
CAM#0: PART SEARCH: search_time:0.00 ms
Process time: 0.00 ms
Loop 38: trial=1, Duration=88503 ms
Remap: 74.21 ms
Transform color: 7.30 ms
CAM#0: PART SEARCH: search_time:0.00 ms
Process time: 0.00 ms
Loop 39: trial=1, Duration=95037 ms
Remap: 85.31 ms
Transform color: 7.78 ms
CAM#0: PART SEARCH: search_time:0.01 ms
Process time: 0.00 ms
Loop 40: trial=1, Duration=171955 ms
Remap: 88.34 ms
Transform color: 9.01 ms
CAM#0: PART SEARCH: search_time:0.01 ms
Process time: 0.00 ms
Loop 41: trial=1, Duration=101159 ms
Remap: 78.94 ms
Transform color: 5.64 ms
CAM#0: PART SEARCH: search_time:0.00 ms
Process time: 0.00 ms
Loop 42: trial=1, Duration=113982 ms
Remap: 79.93 ms
Transform color: 9.25 ms
CAM#0: PART SEARCH: search_time:0.01 ms
Process time: 0.00 ms
Loop 43: trial=1, Duration=92583 ms
Remap: 81.08 ms
Transform color: 10.14 ms
CAM#0: PART SEARCH: search_time:0.01 ms
Process time: 0.00 ms
Loop 44: trial=1, Duration=96824 ms
Remap: 86.73 ms
Transform color: 6.85 ms
CAM#0: PART SEARCH: search_time:0.00 ms
Process time: 0.00 ms
Loop 45: trial=1, Duration=97008 ms
Remap: 82.77 ms
Transform color: 8.29 ms
CAM#0: PART SEARCH: search_time:0.00 ms
Process time: 0.00 ms
Loop 46: trial=1, Duration=94362 ms
Remap: 81.29 ms
Transform color: 6.41 ms
CAM#0: PART SEARCH: search_time:0.00 ms
Process time: 0.00 ms
CAM#0: Using GLobal SEARCH ##############################################
CAM#0: GLOBAL SEARCH: search_time:0.00 ms
Loop 47: trial=1, Duration=90816 ms
Remap: 68.79 ms
Transform color: 2.15 ms
CAM#0: PART SEARCH: search_time:0.01 ms
Process time: 0.00 ms
Loop 48: trial=1, Duration=81410 ms
Remap: 71.98 ms
Transform color: 6.71 ms
CAM#0: PART SEARCH: search_time:0.00 ms
Process time: 0.00 ms
Loop 49: trial=1, Duration=82266 ms
Remap: 61.09 ms
Transform color: 6.71 ms
CAM#0: PART SEARCH: search_time:0.00 ms
Process time: 0.00 ms
Loop 50: trial=1, Duration=101341 ms
Remap: 89.21 ms
Transform color: 8.97 ms
CAM#0: PART SEARCH: search_time:0.01 ms
Process time: 0.00 ms
Loop 51: trial=1, Duration=101833 ms
Remap: 85.55 ms
Transform color: 7.15 ms
CAM#0: PART SEARCH: search_time:0.00 ms
Process time: 0.00 ms
Loop 52: trial=1, Duration=125140 ms
Remap: 72.04 ms
Transform color: 6.51 ms
CAM#0: PART SEARCH: search_time:0.01 ms
Process time: 0.00 ms
Loop 53: trial=1, Duration=86817 ms
Remap: 75.53 ms
Transform color: 7.29 ms
CAM#0: PART SEARCH: search_time:0.00 ms
Process time: 0.00 ms
Loop 54: trial=1, Duration=86194 ms
Remap: 74.33 ms
Transform color: 6.49 ms
CAM#0: PART SEARCH: search_time:0.00 ms
Process time: 0.00 ms
Loop 55: trial=1, Duration=82848 ms
Remap: 68.23 ms
Transform color: 4.30 ms
CAM#0: PART SEARCH: search_time:0.00 ms
Process time: 0.00 ms
Loop 56: trial=1, Duration=159940 ms
Remap: 69.60 ms
Transform color: 7.04 ms
CAM#0: PART SEARCH: search_time:0.00 ms
Process time: 0.00 ms
Loop 57: trial=1, Duration=80390 ms
Remap: 85.77 ms
Transform color: 5.17 ms
CAM#0: PART SEARCH: search_time:0.00 ms
Process time: 0.00 ms
Loop 58: trial=1, Duration=93347 ms
Remap: 65.03 ms
Transform color: 7.13 ms
CAM#0: PART SEARCH: search_time:0.00 ms
Process time: 0.00 ms
Loop 59: trial=1, Duration=75629 ms
Remap: 73.97 ms
Transform color: 4.05 ms
CAM#0: PART SEARCH: search_time:0.00 ms
Process time: 0.00 ms
Loop 60: trial=1, Duration=200622 ms
Remap: 79.07 ms
Transform color: 5.98 ms
CAM#0: PART SEARCH: search_time:0.00 ms
Process time: 0.00 ms
Loop 61: trial=1, Duration=87859 ms
Remap: 59.61 ms
Transform color: 5.13 ms
CAM#0: PART SEARCH: search_time:0.00 ms
Process time: 0.00 ms
Loop 62: trial=1, Duration=67554 ms
Remap: 59.90 ms
Transform color: 6.34 ms
CAM#0: PART SEARCH: search_time:0.00 ms
Process time: 0.00 ms
CAM#0: Using GLobal SEARCH ##############################################
CAM#0: GLOBAL SEARCH: search_time:0.00 ms
Loop 63: trial=1, Duration=68538 ms
Remap: 58.41 ms
Transform color: 5.15 ms
CAM#0: PART SEARCH: search_time:0.00 ms
Process time: 0.00 ms
Loop 64: trial=1, Duration=66797 ms
Remap: 59.10 ms
Transform color: 6.46 ms
CAM#0: PART SEARCH: search_time:0.00 ms
Process time: 0.00 ms
Loop 65: trial=1, Duration=68717 ms
Remap: 68.52 ms
Transform color: 7.50 ms
CAM#0: PART SEARCH: search_time:0.00 ms
Process time: 0.00 ms
Loop 66: trial=1, Duration=79382 ms
Remap: 69.08 ms
Transform color: 7.57 ms
CAM#0: PART SEARCH: search_time:0.01 ms
Process time: 0.00 ms
Loop 67: trial=1, Duration=79856 ms
Remap: 71.03 ms
Transform color: 3.92 ms
CAM#0: PART SEARCH: search_time:0.00 ms
Process time: 0.00 ms
Loop 68: trial=1, Duration=76925 ms
Remap: 101.40 ms
Transform color: 109.85 ms
CAM#0: PART SEARCH: search_time:0.01 ms
Process time: 0.00 ms
Loop 69: trial=1, Duration=228884 ms
Remap: 72.29 ms
Transform color: 4.02 ms
CAM#0: PART SEARCH: search_time:0.00 ms
Process time: 0.00 ms
Loop 70: trial=1, Duration=139772 ms
Remap: 76.96 ms
Transform color: 5.43 ms
CAM#0: PART SEARCH: search_time:0.00 ms
Process time: 0.00 ms
Loop 71: trial=1, Duration=85684 ms
Remap: 70.41 ms
Transform color: 9.12 ms
CAM#0: PART SEARCH: search_time:0.00 ms
Process time: 0.00 ms
Loop 72: trial=1, Duration=82075 ms
Remap: 79.29 ms
Transform color: 6.82 ms
CAM#0: PART SEARCH: search_time:0.00 ms
Process time: 0.00 ms
Loop 73: trial=1, Duration=88991 ms
Remap: 84.79 ms
Transform color: 5.87 ms
CAM#0: PART SEARCH: search_time:0.00 ms
Process time: 0.00 ms
Loop 74: trial=1, Duration=92787 ms
Remap: 23.86 ms
Transform color: 3.67 ms
CAM#0: PART SEARCH: search_time:0.00 ms
Process time: 0.00 ms
Loop 75: trial=1, Duration=29901 ms
Remap: 163.50 ms
Transform color: 6.07 ms
CAM#0: PART SEARCH: search_time:0.01 ms
Process time: 0.00 ms
Loop 76: trial=1, Duration=196773 ms
Remap: 78.44 ms
Transform color: 6.25 ms
CAM#0: PART SEARCH: search_time:0.00 ms
Process time: 0.00 ms
Loop 77: trial=1, Duration=89135 ms
Remap: 74.42 ms
Transform color: 6.69 ms
CAM#0: PART SEARCH: search_time:0.00 ms
Process time: 0.00 ms
Loop 78: trial=1, Duration=120394 ms
Remap: 78.34 ms
Transform color: 8.12 ms
CAM#0: PART SEARCH: search_time:0.00 ms
Process time: 0.00 ms
CAM#0: Using GLobal SEARCH ##############################################
CAM#0: GLOBAL SEARCH: search_time:0.00 ms
Loop 79: trial=1, Duration=174820 ms
Remap: 70.58 ms
Transform color: 4.71 ms
CAM#0: PART SEARCH: search_time:0.01 ms
Process time: 0.00 ms
Loop 80: trial=1, Duration=137519 ms
Remap: 80.76 ms
Transform color: 6.58 ms
CAM#0: PART SEARCH: search_time:0.00 ms
Process time: 0.00 ms
Loop 81: trial=1, Duration=91109 ms
Remap: 75.53 ms
Transform color: 7.71 ms
CAM#0: PART SEARCH: search_time:0.00 ms
Process time: 0.00 ms
Loop 82: trial=1, Duration=86365 ms
Remap: 68.93 ms
Transform color: 4.63 ms
CAM#0: PART SEARCH: search_time:0.00 ms
Process time: 0.00 ms
Loop 83: trial=1, Duration=75695 ms
Remap: 66.26 ms
Transform color: 3.96 ms
CAM#0: PART SEARCH: search_time:0.00 ms
Process time: 0.00 ms
Loop 84: trial=1, Duration=72368 ms
Remap: 58.77 ms
Transform color: 6.32 ms
CAM#0: PART SEARCH: search_time:0.00 ms
Process time: 0.00 ms
Loop 85: trial=1, Duration=195223 ms
Remap: 72.48 ms
Transform color: 3.89 ms
CAM#0: PART SEARCH: search_time:0.00 ms
Process time: 0.00 ms
Loop 86: trial=1, Duration=82599 ms
Remap: 72.53 ms
Transform color: 4.29 ms
CAM#0: PART SEARCH: search_time:0.00 ms
Process time: 0.00 ms
Loop 87: trial=1, Duration=113563 ms
Remap: 172.62 ms
Transform color: 2.74 ms
CAM#0: PART SEARCH: search_time:0.00 ms
Process time: 0.00 ms
Loop 88: trial=1, Duration=299754 ms
Remap: 76.73 ms
Transform color: 6.40 ms
CAM#0: PART SEARCH: search_time:0.00 ms
Process time: 0.00 ms
Loop 89: trial=1, Duration=85910 ms
Remap: 76.50 ms
Transform color: 8.49 ms
CAM#0: PART SEARCH: search_time:0.01 ms
Process time: 0.00 ms
Loop 90: trial=1, Duration=89058 ms
Remap: 62.25 ms
Transform color: 7.47 ms
CAM#0: PART SEARCH: search_time:0.00 ms
Process time: 0.00 ms
Loop 91: trial=1, Duration=72997 ms
Remap: 53.20 ms
Transform color: 4.81 ms
CAM#0: PART SEARCH: search_time:0.00 ms
Process time: 0.00 ms
Loop 92: trial=1, Duration=60477 ms
Remap: 68.74 ms
Transform color: 7.80 ms
CAM#0: PART SEARCH: search_time:0.01 ms
Process time: 0.00 ms
Loop 93: trial=1, Duration=79726 ms
Remap: 122.38 ms
Transform color: 4.06 ms
CAM#0: PART SEARCH: search_time:0.01 ms
Process time: 0.00 ms
Loop 94: trial=1, Duration=129455 ms
Remap: 148.08 ms
Transform color: 3.66 ms
CAM#0: PART SEARCH: search_time:0.01 ms
Process time: 0.00 ms
CAM#0: Using GLobal SEARCH ##############################################
CAM#0: GLOBAL SEARCH: search_time:0.00 ms
Loop 95: trial=1, Duration=205366 ms
Remap: 86.55 ms
Transform color: 7.30 ms
CAM#0: PART SEARCH: search_time:0.00 ms
Process time: 0.00 ms
Loop 96: trial=1, Duration=96691 ms
Remap: 59.96 ms
Transform color: 4.13 ms
CAM#0: PART SEARCH: search_time:0.01 ms
Process time: 0.00 ms
Loop 97: trial=1, Duration=68083 ms
Remap: 24.19 ms
Transform color: 2.23 ms
CAM#0: PART SEARCH: search_time:0.00 ms
Process time: 0.00 ms
Loop 98: trial=1, Duration=28233 ms
Remap: 64.16 ms
Transform color: 5.48 ms
CAM#0: PART SEARCH: search_time:0.00 ms
Process time: 0.00 ms
Loop 99: trial=1, Duration=72458 ms
Remap: 69.09 ms
Transform color: 6.33 ms
CAM#0: PART SEARCH: search_time:0.00 ms
Process time: 0.00 ms
Loop 100: trial=1, Duration=79293 ms
Remap: 76.92 ms
Transform color: 8.10 ms
CAM#0: PART SEARCH: search_time:0.00 ms
Process time: 0.00 ms
Loop 101: trial=1, Duration=220492 ms
Remap: 57.31 ms
Transform color: 2.65 ms
CAM#0: PART SEARCH: search_time:0.00 ms
Process time: 0.00 ms
Loop 102: trial=1, Duration=62624 ms
Remap: 119.09 ms
Transform color: 2.49 ms
CAM#0: PART SEARCH: search_time:0.00 ms
Process time: 0.00 ms
Loop 103: trial=1, Duration=132488 ms
Remap: 77.08 ms
Transform color: 6.39 ms
CAM#0: PART SEARCH: search_time:0.00 ms
Process time: 0.00 ms
Loop 104: trial=1, Duration=87673 ms
Remap: 57.63 ms
Transform color: 6.73 ms
CAM#0: PART SEARCH: search_time:0.00 ms
Process time: 0.00 ms
Loop 105: trial=1, Duration=140046 ms
Remap: 78.30 ms
Transform color: 7.03 ms
CAM#0: PART SEARCH: search_time:0.01 ms
Process time: 0.00 ms
Loop 106: trial=1, Duration=88902 ms
Remap: 69.48 ms
Transform color: 6.18 ms
CAM#0: PART SEARCH: search_time:0.00 ms
Process time: 0.00 ms
Loop 107: trial=1, Duration=135726 ms
Remap: 76.72 ms
Transform color: 3.51 ms
CAM#0: PART SEARCH: search_time:0.01 ms
Process time: 0.00 ms
Loop 108: trial=1, Duration=102830 ms
Remap: 71.72 ms
Transform color: 4.68 ms
CAM#0: PART SEARCH: search_time:0.00 ms
Process time: 0.00 ms
Loop 109: trial=1, Duration=78986 ms
Remap: 69.91 ms
Transform color: 6.62 ms
CAM#0: PART SEARCH: search_time:0.01 ms
Process time: 0.00 ms
Loop 110: trial=1, Duration=79680 ms
Remap: 73.80 ms
Transform color: 7.18 ms
CAM#0: PART SEARCH: search_time:0.00 ms
Process time: 0.00 ms
CAM#0: Using GLobal SEARCH ##############################################
CAM#0: GLOBAL SEARCH: search_time:0.00 ms
Loop 111: trial=1, Duration=84018 ms
Remap: 67.08 ms
Transform color: 7.07 ms
CAM#0: PART SEARCH: search_time:0.00 ms
Process time: 0.00 ms
Loop 112: trial=1, Duration=101100 ms
Remap: 82.46 ms
Transform color: 4.61 ms
CAM#0: PART SEARCH: search_time:0.00 ms
Process time: 0.00 ms
Loop 113: trial=1, Duration=89224 ms
Remap: 77.52 ms
Transform color: 8.77 ms
CAM#0: PART SEARCH: search_time:0.00 ms
Process time: 0.00 ms
Loop 114: trial=1, Duration=90271 ms
Remap: 66.48 ms
Transform color: 4.59 ms
CAM#0: PART SEARCH: search_time:0.00 ms
Process time: 0.00 ms
Loop 115: trial=1, Duration=73492 ms
Remap: 77.79 ms
Transform color: 8.08 ms
CAM#0: PART SEARCH: search_time:0.01 ms
Process time: 0.00 ms
Loop 116: trial=1, Duration=89518 ms
Remap: 72.87 ms
Transform color: 4.14 ms
CAM#0: PART SEARCH: search_time:0.00 ms
Process time: 0.00 ms
Loop 117: trial=1, Duration=79009 ms
Remap: 79.20 ms
Transform color: 8.22 ms
CAM#0: PART SEARCH: search_time:0.00 ms
Process time: 0.00 ms
Loop 118: trial=1, Duration=90982 ms
Remap: 71.04 ms
Transform color: 5.69 ms
CAM#0: PART SEARCH: search_time:0.00 ms
Process time: 0.00 ms
Loop 119: trial=1, Duration=134444 ms
Remap: 82.98 ms
Transform color: 2.18 ms
CAM#0: PART SEARCH: search_time:0.00 ms
Process time: 0.00 ms
CAM 0: -2147483648Hz
Loop 120: trial=1, Duration=137177 ms
Remap: 77.83 ms
Transform color: 7.73 ms
CAM#0: PART SEARCH: search_time:0.01 ms
Process time: 0.00 ms
Loop 121: trial=1, Duration=364287 ms
Remap: 35.79 ms
Transform color: 1.55 ms
CAM#0: PART SEARCH: search_time:0.00 ms
Process time: 0.00 ms
Loop 122: trial=1, Duration=290161 ms
Remap: 237.33 ms
Transform color: 7.96 ms
CAM#0: PART SEARCH: search_time:0.01 ms
Process time: 0.00 ms
Loop 123: trial=1, Duration=249022 ms
Remap: 33.08 ms
Transform color: 3.05 ms
CAM#0: PART SEARCH: search_time:0.00 ms
Process time: 0.00 ms
Loop 124: trial=1, Duration=38777 ms
Remap: 90.39 ms
Transform color: 7.49 ms
CAM#0: PART SEARCH: search_time:0.00 ms
Process time: 0.00 ms
Loop 125: trial=1, Duration=100408 ms
Remap: 80.16 ms
Transform color: 37.05 ms
CAM#0: PART SEARCH: search_time:0.00 ms
Process time: 0.00 ms
Loop 126: trial=1, Duration=125929 ms
Remap: 88.98 ms
Transform color: 10.88 ms
CAM#0: PART SEARCH: search_time:0.00 ms
Process time: 0.00 ms
CAM#0: Using GLobal SEARCH ##############################################
CAM#0: GLOBAL SEARCH: search_time:0.00 ms
Loop 127: trial=1, Duration=111620 ms
Remap: 77.49 ms
Transform color: 5.06 ms
CAM#0: PART SEARCH: search_time:0.01 ms
Process time: 0.00 ms
Loop 128: trial=1, Duration=91211 ms
Remap: 66.75 ms
Transform color: 4.60 ms
CAM#0: PART SEARCH: search_time:0.00 ms
Process time: 0.00 ms
Loop 129: trial=1, Duration=102046 ms
Remap: 163.89 ms
Transform color: 3.41 ms
CAM#0: PART SEARCH: search_time:0.00 ms
Process time: 0.00 ms
Loop 130: trial=1, Duration=175567 ms
Remap: 82.60 ms
Transform color: 5.95 ms
CAM#0: PART SEARCH: search_time:0.00 ms
Process time: 0.00 ms
Loop 131: trial=1, Duration=91225 ms
Remap: 69.91 ms
Transform color: 4.50 ms
CAM#0: PART SEARCH: search_time:0.00 ms
Process time: 0.00 ms
Loop 132: trial=1, Duration=79207 ms
Remap: 76.36 ms
Transform color: 7.40 ms
CAM#0: PART SEARCH: search_time:0.00 ms
Process time: 0.00 ms
Loop 133: trial=1, Duration=165046 ms
Remap: 73.15 ms
Transform color: 4.84 ms
CAM#0: PART SEARCH: search_time:0.00 ms
Process time: 0.00 ms
Loop 134: trial=1, Duration=110997 ms
Remap: 75.22 ms
Transform color: 6.43 ms
CAM#0: PART SEARCH: search_time:0.00 ms
Process time: 0.00 ms
Loop 135: trial=1, Duration=223838 ms
Remap: 84.19 ms
Transform color: 2.40 ms
CAM#0: PART SEARCH: search_time:0.00 ms
Process time: 0.00 ms
Loop 136: trial=1, Duration=113374 ms
Remap: 117.22 ms
Transform color: 2.30 ms
CAM#0: PART SEARCH: search_time:0.01 ms
Process time: 0.00 ms
Loop 137: trial=1, Duration=127974 ms
Remap: 82.47 ms
Transform color: 5.12 ms
CAM#0: PART SEARCH: search_time:0.00 ms
Process time: 0.00 ms
Loop 138: trial=1, Duration=89972 ms
Remap: 75.34 ms
Transform color: 6.34 ms
CAM#0: PART SEARCH: search_time:0.00 ms
Process time: 0.00 ms
Loop 139: trial=1, Duration=85030 ms
Remap: 68.13 ms
Transform color: 5.39 ms
CAM#0: PART SEARCH: search_time:0.00 ms
Process time: 0.00 ms
Loop 140: trial=1, Duration=127051 ms
Remap: 67.60 ms
Transform color: 4.99 ms
CAM#0: PART SEARCH: search_time:0.00 ms
Process time: 0.00 ms
Loop 141: trial=1, Duration=75304 ms
Remap: 70.81 ms
Transform color: 7.90 ms
CAM#0: PART SEARCH: search_time:0.01 ms
Process time: 0.00 ms
Loop 142: trial=1, Duration=82728 ms
Remap: 71.98 ms
Transform color: 7.13 ms
CAM#0: PART SEARCH: search_time:0.00 ms
Process time: 0.00 ms
CAM#0: Using GLobal SEARCH ##############################################
CAM#0: GLOBAL SEARCH: search_time:0.00 ms
Loop 143: trial=1, Duration=81856 ms
Remap: 63.08 ms
Transform color: 6.33 ms
CAM#0: PART SEARCH: search_time:0.00 ms
Process time: 0.00 ms
Loop 144: trial=1, Duration=149081 ms
Remap: 73.12 ms
Transform color: 6.00 ms
CAM#0: PART SEARCH: search_time:0.01 ms
Process time: 0.00 ms
Loop 145: trial=1, Duration=156441 ms
Remap: 46.66 ms
Transform color: 2.55 ms
CAM#0: PART SEARCH: search_time:0.00 ms
Process time: 0.00 ms
Loop 146: trial=1, Duration=51201 ms
Remap: 71.93 ms
Transform color: 3.88 ms
CAM#0: PART SEARCH: search_time:0.00 ms
Process time: 0.00 ms
Loop 147: trial=1, Duration=345708 ms
Remap: 65.56 ms
Transform color: 6.12 ms
CAM#0: PART SEARCH: search_time:0.00 ms
Process time: 0.00 ms
Loop 148: trial=1, Duration=116755 ms
Remap: 71.13 ms
Transform color: 6.13 ms
CAM#0: PART SEARCH: search_time:0.00 ms
Process time: 0.00 ms
Loop 149: trial=1, Duration=332588 ms
Remap: 19.72 ms
Transform color: 2.91 ms
CAM#0: PART SEARCH: search_time:0.00 ms
Process time: 0.00 ms
Loop 150: trial=1, Duration=25138 ms
Remap: 18.43 ms
Transform color: 2.04 ms
CAM#0: PART SEARCH: search_time:0.00 ms
Process time: 0.00 ms
Loop 151: trial=1, Duration=32932 ms
Remap: 85.91 ms
Transform color: 2.04 ms
CAM#0: PART SEARCH: search_time:0.00 ms
Process time: 0.00 ms
Loop 152: trial=1, Duration=99541 ms
Remap: 68.99 ms
Transform color: 6.65 ms
CAM#0: PART SEARCH: search_time:0.01 ms
Process time: 0.00 ms
Loop 153: trial=1, Duration=166289 ms
Remap: 86.69 ms
Transform color: 6.11 ms
CAM#0: PART SEARCH: search_time:0.00 ms
Process time: 0.00 ms
Loop 154: trial=1, Duration=169010 ms
Remap: 82.75 ms
Transform color: 9.15 ms
CAM#0: PART SEARCH: search_time:0.00 ms
Process time: 0.00 ms
Loop 155: trial=1, Duration=94257 ms
Remap: 69.15 ms
Transform color: 5.52 ms
CAM#0: PART SEARCH: search_time:0.00 ms
Process time: 0.00 ms
Loop 156: trial=1, Duration=77552 ms
Remap: 85.20 ms
Transform color: 10.96 ms
CAM#0: PART SEARCH: search_time:0.00 ms
Process time: 0.00 ms
Loop 157: trial=1, Duration=99161 ms
Remap: 72.54 ms
Transform color: 4.33 ms
CAM#0: PART SEARCH: search_time:0.00 ms
Process time: 0.00 ms
Loop 158: trial=1, Duration=78924 ms
Remap: 67.33 ms
Transform color: 5.15 ms
CAM#0: PART SEARCH: search_time:0.00 ms
Process time: 0.00 ms
CAM#0: Using GLobal SEARCH ##############################################
CAM#0: GLOBAL SEARCH: search_time:0.00 ms
Loop 159: trial=1, Duration=112730 ms
Remap: 84.76 ms
Transform color: 12.88 ms
CAM#0: PART SEARCH: search_time:0.00 ms
Process time: 0.00 ms
Loop 160: trial=1, Duration=99946 ms
Remap: 86.62 ms
Transform color: 3.66 ms
CAM#0: PART SEARCH: search_time:0.00 ms
Process time: 0.00 ms
Loop 161: trial=1, Duration=92348 ms
Remap: 71.89 ms
Transform color: 18.77 ms
CAM#0: PART SEARCH: search_time:0.00 ms
Process time: 0.00 ms
Loop 162: trial=1, Duration=168846 ms
Remap: 81.09 ms
Transform color: 20.86 ms
CAM#0: PART SEARCH: search_time:0.00 ms
Process time: 0.00 ms
Loop 163: trial=1, Duration=104313 ms
Remap: 81.07 ms
Transform color: 18.50 ms
CAM#0: PART SEARCH: search_time:0.00 ms
Process time: 0.00 ms
Loop 164: trial=1, Duration=102136 ms
Remap: 84.62 ms
Transform color: 16.80 ms
CAM#0: PART SEARCH: search_time:0.00 ms
Process time: 0.00 ms
Loop 165: trial=1, Duration=105465 ms
Remap: 87.65 ms
Transform color: 19.50 ms
CAM#0: PART SEARCH: search_time:0.01 ms
Process time: 0.00 ms
Loop 166: trial=1, Duration=111192 ms
Remap: 88.80 ms
Transform color: 17.49 ms
CAM#0: PART SEARCH: search_time:0.00 ms
Process time: 0.00 ms
Loop 167: trial=1, Duration=110373 ms
Remap: 87.88 ms
Transform color: 17.08 ms
CAM#0: PART SEARCH: search_time:0.00 ms
Process time: 0.00 ms
Loop 168: trial=1, Duration=109098 ms
Remap: 84.90 ms
Transform color: 18.88 ms
CAM#0: PART SEARCH: search_time:0.00 ms
Process time: 0.00 ms
Loop 169: trial=1, Duration=160579 ms
Remap: 117.12 ms
Transform color: 10.52 ms
CAM#0: PART SEARCH: search_time:0.00 ms
Process time: 0.00 ms
Loop 170: trial=1, Duration=147995 ms
Remap: 87.47 ms
Transform color: 15.25 ms
CAM#0: PART SEARCH: search_time:0.01 ms
Process time: 0.00 ms
Loop 171: trial=1, Duration=106729 ms
Remap: 85.71 ms
Transform color: 2.32 ms
CAM#0: PART SEARCH: search_time:0.00 ms
Process time: 0.00 ms
Loop 172: trial=1, Duration=92927 ms
Remap: 91.84 ms
Transform color: 12.18 ms
CAM#0: PART SEARCH: search_time:0.00 ms
Process time: 0.00 ms
Loop 173: trial=1, Duration=106679 ms
Remap: 84.48 ms
Transform color: 13.93 ms
CAM#0: PART SEARCH: search_time:0.00 ms
Process time: 0.00 ms
Loop 174: trial=1, Duration=109658 ms
Remap: 90.52 ms
Transform color: 14.13 ms
CAM#0: PART SEARCH: search_time:0.00 ms
Process time: 0.00 ms
CAM#0: Using GLobal SEARCH ##############################################
CAM#0: GLOBAL SEARCH: search_time:0.00 ms
Loop 175: trial=1, Duration=107067 ms
Remap: 90.99 ms
Transform color: 18.80 ms
CAM#0: PART SEARCH: search_time:0.00 ms
Process time: 0.00 ms
Loop 176: trial=1, Duration=112268 ms
Remap: 85.15 ms
Transform color: 17.89 ms
CAM#0: PART SEARCH: search_time:0.00 ms
Process time: 0.00 ms
Loop 177: trial=1, Duration=106516 ms
Remap: 85.61 ms
Transform color: 17.36 ms
CAM#0: PART SEARCH: search_time:0.00 ms
Process time: 0.00 ms
Loop 178: trial=1, Duration=105584 ms
Remap: 104.74 ms
Transform color: 14.92 ms
CAM#0: PART SEARCH: search_time:0.00 ms
Process time: 0.00 ms
Loop 179: trial=1, Duration=122554 ms
Remap: 80.91 ms
Transform color: 18.10 ms
CAM#0: PART SEARCH: search_time:0.01 ms
Process time: 0.00 ms
Loop 180: trial=1, Duration=240918 ms
Remap: 77.69 ms
Transform color: 19.79 ms
CAM#0: PART SEARCH: search_time:0.00 ms
Process time: 0.00 ms
Loop 181: trial=1, Duration=100047 ms
Remap: 80.26 ms
Transform color: 17.36 ms
CAM#0: PART SEARCH: search_time:0.00 ms
Process time: 0.00 ms
Loop 182: trial=1, Duration=118120 ms
Remap: 86.89 ms
Transform color: 11.18 ms
CAM#0: PART SEARCH: search_time:0.00 ms
Process time: 0.00 ms
Loop 183: trial=1, Duration=100497 ms
Remap: 85.02 ms
Transform color: 21.19 ms
CAM#0: PART SEARCH: search_time:0.00 ms
Process time: 0.00 ms
Loop 184: trial=1, Duration=198355 ms
Remap: 147.79 ms
Transform color: 3.29 ms
CAM#0: PART SEARCH: search_time:0.00 ms
Process time: 0.00 ms
Loop 185: trial=1, Duration=185296 ms
Remap: 117.23 ms
Transform color: 3.98 ms
CAM#0: PART SEARCH: search_time:0.00 ms
Process time: 0.00 ms
Loop 186: trial=1, Duration=299246 ms
Remap: 175.35 ms
Transform color: 5.43 ms
CAM#0: PART SEARCH: search_time:0.01 ms
Process time: 0.00 ms
Loop 187: trial=1, Duration=188488 ms
Remap: 80.15 ms
Transform color: 12.86 ms
CAM#0: PART SEARCH: search_time:0.00 ms
Process time: 0.00 ms
Loop 188: trial=1, Duration=110366 ms
Remap: 81.82 ms
Transform color: 20.80 ms
CAM#0: PART SEARCH: search_time:0.01 ms
Process time: 0.00 ms
Loop 189: trial=1, Duration=225909 ms
Remap: 88.72 ms
Transform color: 14.75 ms
CAM#0: PART SEARCH: search_time:0.00 ms
Process time: 0.00 ms
Loop 190: trial=1, Duration=106935 ms
Remap: 74.00 ms
Transform color: 1.58 ms
CAM#0: PART SEARCH: search_time:0.00 ms
Process time: 0.00 ms
CAM#0: Using GLobal SEARCH ##############################################
CAM#0: GLOBAL SEARCH: search_time:0.00 ms
Loop 191: trial=1, Duration=107127 ms
Remap: 77.94 ms
Transform color: 5.61 ms
CAM#0: PART SEARCH: search_time:0.01 ms
Process time: 0.00 ms
Loop 192: trial=1, Duration=104352 ms
Remap: 106.30 ms
Transform color: 1.97 ms
CAM#0: PART SEARCH: search_time:0.00 ms
Process time: 0.00 ms
Loop 193: trial=1, Duration=142882 ms
Remap: 85.10 ms
Transform color: 9.37 ms
CAM#0: PART SEARCH: search_time:0.00 ms
Process time: 0.00 ms
Loop 194: trial=1, Duration=97763 ms
Remap: 87.71 ms
Transform color: 7.48 ms
CAM#0: PART SEARCH: search_time:0.00 ms
Process time: 0.00 ms
Loop 195: trial=1, Duration=219878 ms
Remap: 74.22 ms
Transform color: 5.64 ms
CAM#0: PART SEARCH: search_time:0.00 ms
Process time: 0.00 ms
Loop 196: trial=1, Duration=109259 ms
Remap: 60.48 ms
Transform color: 4.40 ms
CAM#0: PART SEARCH: search_time:0.00 ms
Process time: 0.00 ms
Loop 197: trial=1, Duration=70028 ms
Remap: 67.37 ms
Transform color: 5.93 ms
CAM#0: PART SEARCH: search_time:0.00 ms
Process time: 0.00 ms
Loop 198: trial=1, Duration=76827 ms
Remap: 75.78 ms
Transform color: 5.21 ms
CAM#0: PART SEARCH: search_time:0.00 ms
Process time: 0.00 ms
Loop 199: trial=1, Duration=128570 ms
Remap: 76.37 ms
Transform color: 5.64 ms
CAM#0: PART SEARCH: search_time:0.00 ms
Process time: 0.00 ms
Loop 200: trial=1, Duration=84304 ms
Remap: 72.44 ms
Transform color: 6.59 ms
CAM#0: PART SEARCH: search_time:0.01 ms
Process time: 0.00 ms
Loop 201: trial=1, Duration=112791 ms
Remap: 87.31 ms
Transform color: 6.00 ms
CAM#0: PART SEARCH: search_time:0.00 ms
Process time: 0.00 ms
Loop 202: trial=1, Duration=95654 ms
Remap: 67.02 ms
Transform color: 5.36 ms
CAM#0: PART SEARCH: search_time:0.00 ms
Process time: 0.00 ms
Loop 203: trial=1, Duration=75282 ms
Remap: 71.56 ms
Transform color: 4.83 ms
CAM#0: PART SEARCH: search_time:0.00 ms
Process time: 0.00 ms
Loop 204: trial=1, Duration=156628 ms
Remap: 70.44 ms
Transform color: 7.06 ms
CAM#0: PART SEARCH: search_time:0.00 ms
Process time: 0.00 ms
Loop 205: trial=1, Duration=147104 ms
Remap: 91.52 ms
Transform color: 7.02 ms
CAM#0: PART SEARCH: search_time:0.01 ms
Process time: 0.00 ms
Loop 206: trial=1, Duration=101559 ms
Remap: 28.45 ms
Transform color: 2.41 ms
CAM#0: PART SEARCH: search_time:0.00 ms
Process time: 0.00 ms
CAM#0: Using GLobal SEARCH ##############################################
CAM#0: GLOBAL SEARCH: search_time:0.00 ms
Loop 207: trial=1, Duration=48460 ms
Remap: 76.23 ms
Transform color: 2.23 ms
CAM#0: PART SEARCH: search_time:0.01 ms
Process time: 0.00 ms
Loop 208: trial=1, Duration=90740 ms
Remap: 78.66 ms
Transform color: 4.01 ms
CAM#0: PART SEARCH: search_time:0.00 ms
Process time: 0.00 ms
Loop 209: trial=1, Duration=84621 ms
Remap: 91.07 ms
Transform color: 6.84 ms
CAM#0: PART SEARCH: search_time:0.00 ms
Process time: 0.00 ms
Loop 210: trial=1, Duration=169076 ms
Remap: 118.74 ms
Transform color: 2.04 ms
CAM#0: PART SEARCH: search_time:0.00 ms
Process time: 0.00 ms
Loop 211: trial=1, Duration=146611 ms
Remap: 76.98 ms
Transform color: 5.50 ms
CAM#0: PART SEARCH: search_time:0.00 ms
Process time: 0.00 ms
Loop 212: trial=1, Duration=84794 ms
Remap: 76.12 ms
Transform color: 8.17 ms
CAM#0: PART SEARCH: search_time:0.01 ms
Process time: 0.00 ms
Loop 213: trial=1, Duration=89494 ms
Remap: 86.22 ms
Transform color: 6.30 ms
CAM#0: PART SEARCH: search_time:0.00 ms
Process time: 0.00 ms
Loop 214: trial=1, Duration=95012 ms
Remap: 100.95 ms
Transform color: 5.54 ms
CAM#0: PART SEARCH: search_time:0.00 ms
Process time: 0.00 ms
Loop 215: trial=1, Duration=109169 ms
Remap: 77.29 ms
Transform color: 7.99 ms
CAM#0: PART SEARCH: search_time:0.00 ms
Process time: 0.00 ms
Loop 216: trial=1, Duration=88317 ms
Remap: 75.58 ms
Transform color: 4.11 ms
CAM#0: PART SEARCH: search_time:0.00 ms
Process time: 0.00 ms
Loop 217: trial=1, Duration=81756 ms
Remap: 73.99 ms
Transform color: 4.57 ms
CAM#0: PART SEARCH: search_time:0.00 ms
Process time: 0.00 ms
Loop 218: trial=1, Duration=81388 ms
Remap: 100.41 ms
Transform color: 5.82 ms
CAM#0: PART SEARCH: search_time:0.00 ms
Process time: 0.00 ms
Loop 219: trial=1, Duration=181020 ms
Remap: 89.97 ms
Transform color: 8.04 ms
CAM#0: PART SEARCH: search_time:0.00 ms
Process time: 0.00 ms
Loop 220: trial=1, Duration=101569 ms
Remap: 74.50 ms
Transform color: 4.92 ms
CAM#0: PART SEARCH: search_time:0.00 ms
Process time: 0.00 ms
Loop 221: trial=1, Duration=81206 ms
Remap: 73.65 ms
Transform color: 8.57 ms
CAM#0: PART SEARCH: search_time:0.01 ms
Process time: 0.00 ms
Loop 222: trial=1, Duration=86006 ms
Remap: 77.10 ms
Transform color: 4.19 ms
CAM#0: PART SEARCH: search_time:0.00 ms
Process time: 0.00 ms
CAM#0: Using GLobal SEARCH ##############################################
CAM#0: GLOBAL SEARCH: search_time:0.00 ms
Loop 223: trial=1, Duration=83856 ms
Remap: 68.18 ms
Transform color: 4.79 ms
CAM#0: PART SEARCH: search_time:0.00 ms
Process time: 0.00 ms
Loop 224: trial=1, Duration=75188 ms
Remap: 77.84 ms
Transform color: 7.08 ms
CAM#0: PART SEARCH: search_time:0.00 ms
Process time: 0.00 ms
Loop 225: trial=1, Duration=87811 ms
Remap: 73.33 ms
Transform color: 5.78 ms
CAM#0: PART SEARCH: search_time:0.00 ms
Process time: 0.00 ms
Loop 226: trial=1, Duration=201043 ms
Remap: 77.14 ms
Transform color: 8.29 ms
CAM#0: PART SEARCH: search_time:0.00 ms
Process time: 0.00 ms
Loop 227: trial=1, Duration=143134 ms
Remap: 20.98 ms
Transform color: 1.37 ms
CAM#0: PART SEARCH: search_time:0.00 ms
Process time: 0.00 ms
Loop 228: trial=1, Duration=166631 ms
Remap: 86.63 ms
Transform color: 5.99 ms
CAM#0: PART SEARCH: search_time:0.00 ms
Process time: 0.00 ms
Loop 229: trial=1, Duration=95168 ms
Remap: 76.62 ms
Transform color: 6.96 ms
CAM#0: PART SEARCH: search_time:0.00 ms
Process time: 0.00 ms
Loop 230: trial=1, Duration=86151 ms
Remap: 64.86 ms
Transform color: 5.81 ms
CAM#0: PART SEARCH: search_time:0.00 ms
Process time: 0.00 ms
Loop 231: trial=1, Duration=91502 ms
Remap: 72.09 ms
Transform color: 6.59 ms
CAM#0: PART SEARCH: search_time:0.00 ms
Process time: 0.00 ms
Loop 232: trial=1, Duration=81814 ms
Remap: 78.41 ms
Transform color: 6.34 ms
CAM#0: PART SEARCH: search_time:0.00 ms
Process time: 0.00 ms
Loop 233: trial=1, Duration=88478 ms
Remap: 77.53 ms
Transform color: 6.63 ms
CAM#0: PART SEARCH: search_time:0.00 ms
Process time: 0.00 ms
Loop 234: trial=1, Duration=87137 ms
Remap: 80.10 ms
Transform color: 7.07 ms
CAM#0: PART SEARCH: search_time:0.00 ms
Process time: 0.00 ms
Loop 235: trial=1, Duration=90223 ms
Remap: 87.79 ms
Transform color: 7.62 ms
CAM#0: PART SEARCH: search_time:0.00 ms
Process time: 0.00 ms
Loop 236: trial=1, Duration=98064 ms
Remap: 74.42 ms
Transform color: 4.95 ms
CAM#0: PART SEARCH: search_time:0.00 ms
Process time: 0.00 ms
Loop 237: trial=1, Duration=83417 ms
Remap: 96.67 ms
Transform color: 5.89 ms
CAM#0: PART SEARCH: search_time:0.00 ms
Process time: 0.00 ms
Loop 238: trial=1, Duration=123855 ms
Remap: 73.29 ms
Transform color: 8.23 ms
CAM#0: PART SEARCH: search_time:0.00 ms
Process time: 0.00 ms
CAM#0: Using GLobal SEARCH ##############################################
CAM#0: GLOBAL SEARCH: search_time:0.00 ms
Loop 239: trial=1, Duration=190087 ms
Remap: 195.29 ms
Transform color: 4.54 ms
CAM#0: PART SEARCH: search_time:0.01 ms
Process time: 0.00 ms
CAM 0: -2147483648Hz
Loop 240: trial=1, Duration=203097 ms
Remap: 62.14 ms
Transform color: 47.61 ms
CAM#0: PART SEARCH: search_time:0.00 ms
Process time: 0.00 ms
Loop 241: trial=1, Duration=117200 ms
Remap: 58.63 ms
Transform color: 3.26 ms
CAM#0: PART SEARCH: search_time:0.00 ms
Process time: 0.00 ms
Loop 242: trial=1, Duration=63664 ms
Remap: 70.49 ms
Transform color: 3.43 ms
CAM#0: PART SEARCH: search_time:0.00 ms
Process time: 0.00 ms
Loop 243: trial=1, Duration=180544 ms
Remap: 82.36 ms
Transform color: 5.64 ms
CAM#0: PART SEARCH: search_time:0.00 ms
Process time: 0.00 ms
Loop 244: trial=1, Duration=90447 ms
Remap: 72.24 ms
Transform color: 5.91 ms
CAM#0: PART SEARCH: search_time:0.00 ms
Process time: 0.00 ms
Loop 245: trial=1, Duration=105094 ms
Remap: 192.26 ms
Transform color: 105.35 ms
CAM#0: PART SEARCH: search_time:0.00 ms
Process time: 0.00 ms
Loop 246: trial=1, Duration=605989 ms
Remap: 78.97 ms
Transform color: 6.81 ms
CAM#0: PART SEARCH: search_time:0.00 ms
Process time: 0.01 ms
Loop 247: trial=1, Duration=89960 ms
Remap: 27.64 ms
Transform color: 2.73 ms
CAM#0: PART SEARCH: search_time:0.00 ms
Process time: 0.00 ms
Loop 248: trial=1, Duration=60816 ms
Remap: 192.04 ms
Transform color: 2.28 ms
CAM#0: PART SEARCH: search_time:0.00 ms
Process time: 0.00 ms
Loop 249: trial=1, Duration=339097 ms
Remap: 55.51 ms
Transform color: 5.80 ms
CAM#0: PART SEARCH: search_time:0.01 ms
Process time: 0.00 ms
Loop 250: trial=1, Duration=64771 ms
Remap: 73.99 ms
Transform color: 5.91 ms
CAM#0: PART SEARCH: search_time:0.00 ms
Process time: 0.00 ms
Loop 251: trial=1, Duration=102876 ms
Remap: 79.64 ms
Transform color: 8.78 ms
CAM#0: PART SEARCH: search_time:0.00 ms
Process time: 0.00 ms
Loop 252: trial=1, Duration=270016 ms
Remap: 69.45 ms
Transform color: 5.36 ms
CAM#0: PART SEARCH: search_time:0.00 ms
Process time: 0.00 ms
Loop 253: trial=1, Duration=77029 ms
Remap: 77.55 ms
Transform color: 4.62 ms
CAM#0: PART SEARCH: search_time:0.00 ms
Process time: 0.00 ms
Loop 254: trial=1, Duration=84231 ms
Remap: 83.67 ms
Transform color: 8.67 ms
CAM#0: PART SEARCH: search_time:0.01 ms
Process time: 0.00 ms
CAM#0: Using GLobal SEARCH ##############################################
CAM#0: GLOBAL SEARCH: search_time:0.00 ms
Loop 255: trial=1, Duration=95793 ms
Remap: 74.38 ms
Transform color: 4.45 ms
CAM#0: PART SEARCH: search_time:0.00 ms
Process time: 0.00 ms
Loop 256: trial=1, Duration=81281 ms
Remap: 79.75 ms
Transform color: 2.29 ms
CAM#0: PART SEARCH: search_time:0.00 ms
Process time: 0.00 ms
Loop 257: trial=1, Duration=83941 ms
Remap: 15.50 ms
Transform color: 15.96 ms
CAM#0: PART SEARCH: search_time:0.00 ms
Process time: 0.00 ms
Loop 258: trial=1, Duration=139537 ms
Remap: 82.81 ms
Transform color: 5.42 ms
CAM#0: PART SEARCH: search_time:0.00 ms
Process time: 0.00 ms
Loop 259: trial=1, Duration=120795 ms
Remap: 95.44 ms
Transform color: 4.25 ms
CAM#0: PART SEARCH: search_time:0.00 ms
Process time: 0.00 ms
Loop 260: trial=1, Duration=112741 ms
Remap: 68.26 ms
Transform color: 5.64 ms
CAM#0: PART SEARCH: search_time:0.01 ms
Process time: 0.00 ms
Loop 261: trial=1, Duration=77318 ms
Remap: 79.02 ms
Transform color: 6.05 ms
CAM#0: PART SEARCH: search_time:0.00 ms
Process time: 0.00 ms
Loop 262: trial=1, Duration=87525 ms
Remap: 173.22 ms
Transform color: 19.26 ms
CAM#0: PART SEARCH: search_time:0.00 ms
Process time: 0.00 ms
Loop 263: trial=1, Duration=195455 ms
Remap: 80.85 ms
Transform color: 6.71 ms
CAM#0: PART SEARCH: search_time:0.00 ms
Process time: 0.00 ms
Loop 264: trial=1, Duration=89923 ms
Remap: 54.65 ms
Transform color: 6.42 ms
CAM#0: PART SEARCH: search_time:0.01 ms
Process time: 0.00 ms
Loop 265: trial=1, Duration=63911 ms
Remap: 63.54 ms
Transform color: 85.52 ms
CAM#0: PART SEARCH: search_time:0.01 ms
Process time: 0.00 ms
Loop 266: trial=1, Duration=211585 ms
Remap: 70.33 ms
Transform color: 7.97 ms
CAM#0: PART SEARCH: search_time:0.01 ms
Process time: 0.00 ms
Loop 267: trial=1, Duration=225200 ms
Remap: 103.21 ms
Transform color: 6.55 ms
CAM#0: PART SEARCH: search_time:0.00 ms
Process time: 0.00 ms
Loop 268: trial=1, Duration=112380 ms
Remap: 69.46 ms
Transform color: 37.68 ms
CAM#0: PART SEARCH: search_time:0.00 ms
Process time: 0.00 ms
Loop 269: trial=1, Duration=273809 ms
Remap: 116.69 ms
Transform color: 6.60 ms
CAM#0: PART SEARCH: search_time:0.00 ms
Process time: 0.00 ms
Loop 270: trial=1, Duration=125950 ms
Remap: 76.21 ms
Transform color: 6.69 ms
CAM#0: PART SEARCH: search_time:0.01 ms
Process time: 0.00 ms
CAM#0: Using GLobal SEARCH ##############################################
CAM#0: GLOBAL SEARCH: search_time:0.00 ms
Loop 271: trial=1, Duration=87195 ms
Remap: 83.14 ms
Transform color: 5.08 ms
CAM#0: PART SEARCH: search_time:0.00 ms
Process time: 0.00 ms
Loop 272: trial=1, Duration=91104 ms
Remap: 70.00 ms
Transform color: 1.95 ms
CAM#0: PART SEARCH: search_time:0.00 ms
Process time: 0.00 ms
Loop 273: trial=1, Duration=79380 ms
Remap: 65.68 ms
Transform color: 6.45 ms
CAM#0: PART SEARCH: search_time:0.01 ms
Process time: 0.00 ms
Loop 274: trial=1, Duration=141661 ms
Remap: 82.30 ms
Transform color: 6.69 ms
CAM#0: PART SEARCH: search_time:0.01 ms
Process time: 0.00 ms
Loop 275: trial=1, Duration=92089 ms
Remap: 92.64 ms
Transform color: 6.99 ms
CAM#0: PART SEARCH: search_time:0.00 ms
Process time: 0.00 ms
Loop 276: trial=1, Duration=185687 ms
Remap: 77.74 ms
Transform color: 7.18 ms
CAM#0: PART SEARCH: search_time:0.01 ms
Process time: 0.00 ms
Loop 277: trial=1, Duration=125531 ms
Remap: 64.25 ms
Transform color: 3.87 ms
CAM#0: PART SEARCH: search_time:0.00 ms
Process time: 0.00 ms
Loop 278: trial=1, Duration=83143 ms
Remap: 68.20 ms
Transform color: 7.52 ms
CAM#0: PART SEARCH: search_time:0.00 ms
Process time: 0.00 ms
Loop 279: trial=1, Duration=102720 ms
Remap: 72.25 ms
Transform color: 6.99 ms
CAM#0: PART SEARCH: search_time:0.01 ms
Process time: 0.00 ms
Loop 280: trial=1, Duration=82692 ms
Remap: 72.60 ms
Transform color: 6.76 ms
CAM#0: PART SEARCH: search_time:0.00 ms
Process time: 0.00 ms
Loop 281: trial=1, Duration=83493 ms
Remap: 79.30 ms
Transform color: 6.07 ms
CAM#0: PART SEARCH: search_time:0.00 ms
Process time: 0.00 ms
Loop 282: trial=1, Duration=135257 ms
Remap: 44.69 ms
Transform color: 3.05 ms
CAM#0: PART SEARCH: search_time:0.00 ms
Process time: 0.00 ms
Loop 283: trial=1, Duration=50719 ms
Remap: 66.28 ms
Transform color: 792.39 ms
CAM#0: PART SEARCH: search_time:0.00 ms
Process time: 0.00 ms
Loop 284: trial=1, Duration=861484 ms
Remap: 231.84 ms
Transform color: 3.09 ms
CAM#0: PART SEARCH: search_time:0.00 ms
Process time: 0.00 ms
Loop 285: trial=1, Duration=255052 ms
Remap: 79.87 ms
Transform color: 6.89 ms
CAM#0: PART SEARCH: search_time:0.00 ms
Process time: 0.00 ms
Loop 286: trial=1, Duration=148866 ms
Remap: 38.40 ms
Transform color: 2.30 ms
CAM#0: PART SEARCH: search_time:0.00 ms
Process time: 0.00 ms
CAM#0: Using GLobal SEARCH ##############################################
CAM#0: GLOBAL SEARCH: search_time:0.00 ms
Loop 287: trial=1, Duration=42912 ms
Remap: 226.03 ms
Transform color: 2.71 ms
CAM#0: PART SEARCH: search_time:0.01 ms
Process time: 0.00 ms
Loop 288: trial=1, Duration=252845 ms
Remap: 92.07 ms
Transform color: 6.38 ms
CAM#0: PART SEARCH: search_time:0.00 ms
Process time: 0.00 ms
Loop 289: trial=1, Duration=101080 ms
Remap: 70.61 ms
Transform color: 8.82 ms
CAM#0: PART SEARCH: search_time:0.00 ms
Process time: 0.00 ms
Loop 290: trial=1, Duration=82604 ms
Remap: 82.55 ms
Transform color: 1.72 ms
CAM#0: PART SEARCH: search_time:0.00 ms
Process time: 0.00 ms
Loop 291: trial=1, Duration=86452 ms
Remap: 13.09 ms
Transform color: 1.78 ms
CAM#0: PART SEARCH: search_time:0.00 ms
Process time: 0.00 ms
Loop 292: trial=1, Duration=16506 ms
Remap: 79.47 ms
Transform color: 7.54 ms
CAM#0: PART SEARCH: search_time:0.00 ms
Process time: 0.00 ms
Loop 293: trial=1, Duration=144040 ms
Remap: 78.38 ms
Transform color: 6.34 ms
CAM#0: PART SEARCH: search_time:0.00 ms
Process time: 0.00 ms
Loop 294: trial=1, Duration=87857 ms
Remap: 73.59 ms
Transform color: 6.37 ms
CAM#0: PART SEARCH: search_time:0.01 ms
Process time: 0.00 ms
Loop 295: trial=1, Duration=86796 ms
Remap: 77.10 ms
Transform color: 7.62 ms
CAM#0: PART SEARCH: search_time:0.00 ms
Process time: 0.00 ms
Loop 296: trial=1, Duration=87459 ms
Remap: 67.03 ms
Transform color: 21.60 ms
CAM#0: PART SEARCH: search_time:0.00 ms
Process time: 0.00 ms
Loop 297: trial=1, Duration=91089 ms
Remap: 75.81 ms
Transform color: 4.24 ms
CAM#0: PART SEARCH: search_time:0.00 ms
Process time: 0.00 ms
Loop 298: trial=1, Duration=100093 ms
Remap: 73.77 ms
Transform color: 5.84 ms
CAM#0: PART SEARCH: search_time:0.00 ms
Process time: 0.00 ms
Loop 299: trial=1, Duration=82364 ms
Remap: 81.10 ms
Transform color: 7.09 ms
CAM#0: PART SEARCH: search_time:0.00 ms
Process time: 0.00 ms
Loop 300: trial=1, Duration=190975 ms
Remap: 82.31 ms
Transform color: 6.84 ms
CAM#0: PART SEARCH: search_time:0.00 ms
Process time: 0.00 ms
Loop 301: trial=1, Duration=130155 ms
Remap: 75.56 ms
Transform color: 4.71 ms
CAM#0: PART SEARCH: search_time:0.00 ms
Process time: 0.00 ms
Loop 302: trial=1, Duration=82504 ms
Remap: 74.11 ms
Transform color: 4.89 ms
CAM#0: PART SEARCH: search_time:0.01 ms
Process time: 0.00 ms
CAM#0: Using GLobal SEARCH ##############################################
CAM#0: GLOBAL SEARCH: search_time:0.00 ms
Loop 303: trial=1, Duration=106219 ms
Remap: 84.41 ms
Transform color: 7.26 ms
CAM#0: PART SEARCH: search_time:0.01 ms
Process time: 0.00 ms
Loop 304: trial=1, Duration=191040 ms
Remap: 81.73 ms
Transform color: 7.31 ms
CAM#0: PART SEARCH: search_time:0.00 ms
Process time: 0.00 ms
Loop 305: trial=1, Duration=186395 ms
Remap: 82.70 ms
Transform color: 6.80 ms
CAM#0: PART SEARCH: search_time:0.00 ms
Process time: 0.00 ms
Loop 306: trial=1, Duration=130825 ms
Remap: 78.74 ms
Transform color: 6.83 ms
CAM#0: PART SEARCH: search_time:0.01 ms
Process time: 0.00 ms
Loop 307: trial=1, Duration=89917 ms
Remap: 100.17 ms
Transform color: 7.68 ms
CAM#0: PART SEARCH: search_time:0.01 ms
Process time: 0.00 ms
Loop 308: trial=1, Duration=111511 ms
Remap: 74.15 ms
Transform color: 5.98 ms
CAM#0: PART SEARCH: search_time:0.00 ms
Process time: 0.00 ms
Loop 309: trial=1, Duration=82282 ms
Remap: 73.02 ms
Transform color: 6.90 ms
CAM#0: PART SEARCH: search_time:0.00 ms
Process time: 0.00 ms
Loop 310: trial=1, Duration=119017 ms
Remap: 62.29 ms
Transform color: 7.40 ms
CAM#0: PART SEARCH: search_time:0.01 ms
Process time: 0.00 ms
Loop 311: trial=1, Duration=72395 ms
Remap: 74.59 ms
Transform color: 4.92 ms
CAM#0: PART SEARCH: search_time:0.00 ms
Process time: 0.00 ms
Loop 312: trial=1, Duration=184513 ms
Remap: 76.67 ms
Transform color: 6.96 ms
CAM#0: PART SEARCH: search_time:0.01 ms
Process time: 0.00 ms
Loop 313: trial=1, Duration=86752 ms
Remap: 75.09 ms
Transform color: 5.43 ms
CAM#0: PART SEARCH: search_time:0.00 ms
Process time: 0.00 ms
Loop 314: trial=1, Duration=82461 ms
Remap: 57.73 ms
Transform color: 8.84 ms
CAM#0: PART SEARCH: search_time:0.00 ms
Process time: 0.00 ms
Loop 315: trial=1, Duration=125302 ms
Remap: 308.24 ms
Transform color: 1.95 ms
CAM#0: PART SEARCH: search_time:0.00 ms
Process time: 0.00 ms
Loop 316: trial=1, Duration=319250 ms
Remap: 87.92 ms
Transform color: 8.70 ms
CAM#0: PART SEARCH: search_time:0.00 ms
Process time: 0.00 ms
Loop 317: trial=1, Duration=144558 ms
Remap: 25.90 ms
Transform color: 2.57 ms
CAM#0: PART SEARCH: search_time:0.01 ms
Process time: 0.00 ms
Loop 318: trial=1, Duration=30921 ms
Remap: 33.18 ms
Transform color: 2.28 ms
CAM#0: PART SEARCH: search_time:0.00 ms
Process time: 0.00 ms
CAM#0: Using GLobal SEARCH ##############################################
CAM#0: GLOBAL SEARCH: search_time:0.00 ms
Loop 319: trial=1, Duration=37278 ms
Remap: 55.81 ms
Transform color: 5.66 ms
CAM#0: PART SEARCH: search_time:0.00 ms
Process time: 0.00 ms
Loop 320: trial=1, Duration=163345 ms
Remap: 197.85 ms
Transform color: 2.87 ms
CAM#0: PART SEARCH: search_time:0.00 ms
Process time: 0.00 ms
Loop 321: trial=1, Duration=220618 ms
Remap: 42.63 ms
Transform color: 4.78 ms
CAM#0: PART SEARCH: search_time:0.00 ms
Process time: 0.00 ms
Loop 322: trial=1, Duration=142049 ms
Remap: 72.31 ms
Transform color: 6.57 ms
CAM#0: PART SEARCH: search_time:0.01 ms
Process time: 0.00 ms
Loop 323: trial=1, Duration=82005 ms
Remap: 75.51 ms
Transform color: 7.20 ms
CAM#0: PART SEARCH: search_time:0.00 ms
Process time: 0.00 ms
Loop 324: trial=1, Duration=99593 ms
Remap: 68.94 ms
Transform color: 4.21 ms
CAM#0: PART SEARCH: search_time:0.00 ms
Process time: 0.00 ms
Loop 325: trial=1, Duration=210305 ms
Remap: 86.32 ms
Transform color: 8.76 ms
CAM#0: PART SEARCH: search_time:0.01 ms
Process time: 0.00 ms
Loop 326: trial=1, Duration=98384 ms
Remap: 80.17 ms
Transform color: 3.34 ms
CAM#0: PART SEARCH: search_time:0.00 ms
Process time: 0.00 ms
Loop 327: trial=1, Duration=86100 ms
Remap: 82.63 ms
Transform color: 8.41 ms
CAM#0: PART SEARCH: search_time:0.01 ms
Process time: 0.00 ms
Loop 328: trial=1, Duration=94966 ms
Remap: 71.05 ms
Transform color: 7.70 ms
CAM#0: PART SEARCH: search_time:0.00 ms
Process time: 0.00 ms
Loop 329: trial=1, Duration=188464 ms
Remap: 75.11 ms
Transform color: 4.95 ms
CAM#0: PART SEARCH: search_time:0.00 ms
Process time: 0.00 ms
Loop 330: trial=1, Duration=86760 ms
Remap: 77.44 ms
Transform color: 7.20 ms
CAM#0: PART SEARCH: search_time:0.01 ms
Process time: 0.00 ms
Loop 331: trial=1, Duration=87781 ms
Remap: 76.66 ms
Transform color: 5.57 ms
CAM#0: PART SEARCH: search_time:0.00 ms
Process time: 0.00 ms
Loop 332: trial=1, Duration=127657 ms
Remap: 93.33 ms
Transform color: 4.83 ms
CAM#0: PART SEARCH: search_time:0.00 ms
Process time: 0.00 ms
Loop 333: trial=1, Duration=100439 ms
Remap: 64.47 ms
Transform color: 8.85 ms
CAM#0: PART SEARCH: search_time:0.01 ms
Process time: 0.00 ms
Loop 334: trial=1, Duration=144815 ms
Remap: 78.45 ms
Transform color: 5.13 ms
CAM#0: PART SEARCH: search_time:0.00 ms
Process time: 0.00 ms
CAM#0: Using GLobal SEARCH ##############################################
CAM#0: GLOBAL SEARCH: search_time:0.00 ms
Loop 335: trial=1, Duration=85920 ms
Remap: 81.02 ms
Transform color: 7.13 ms
CAM#0: PART SEARCH: search_time:0.00 ms
Process time: 0.00 ms
Loop 336: trial=1, Duration=91780 ms
Remap: 81.46 ms
Transform color: 6.20 ms
CAM#0: PART SEARCH: search_time:0.00 ms
Process time: 0.00 ms
Loop 337: trial=1, Duration=90082 ms
Remap: 91.97 ms
Transform color: 11.72 ms
CAM#0: PART SEARCH: search_time:0.00 ms
Process time: 0.00 ms
Loop 338: trial=1, Duration=253886 ms
Remap: 408.80 ms
Transform color: 2.75 ms
CAM#0: PART SEARCH: search_time:0.00 ms
Process time: 0.00 ms
Loop 339: trial=1, Duration=442424 ms
Remap: 74.68 ms
Transform color: 3.78 ms
CAM#0: PART SEARCH: search_time:0.00 ms
Process time: 0.00 ms
Loop 340: trial=1, Duration=84404 ms
Remap: 72.47 ms
Transform color: 4.27 ms
CAM#0: PART SEARCH: search_time:0.00 ms
Process time: 0.00 ms
Loop 341: trial=1, Duration=78833 ms
Remap: 95.60 ms
Transform color: 4.56 ms
CAM#0: PART SEARCH: search_time:0.00 ms
Process time: 0.00 ms
Loop 342: trial=1, Duration=244978 ms
Remap: 73.53 ms
Transform color: 5.57 ms
CAM#0: PART SEARCH: search_time:0.00 ms
Process time: 0.00 ms
Loop 343: trial=1, Duration=123809 ms
Remap: 80.42 ms
Transform color: 7.42 ms
CAM#0: PART SEARCH: search_time:0.00 ms
Process time: 0.00 ms
Loop 344: trial=1, Duration=90671 ms
Remap: 74.93 ms
Transform color: 6.68 ms
CAM#0: PART SEARCH: search_time:0.01 ms
Process time: 0.00 ms
Loop 345: trial=1, Duration=182619 ms
Remap: 85.67 ms
Transform color: 2.64 ms
CAM#0: PART SEARCH: search_time:0.00 ms
Process time: 0.00 ms
Loop 346: trial=1, Duration=92175 ms
Remap: 70.46 ms
Transform color: 5.83 ms
CAM#0: PART SEARCH: search_time:0.01 ms
Process time: 0.00 ms
Loop 347: trial=1, Duration=79944 ms
Remap: 80.10 ms
Transform color: 8.82 ms
CAM#0: PART SEARCH: search_time:0.00 ms
Process time: 0.00 ms
Loop 348: trial=1, Duration=97686 ms
Remap: 89.54 ms
Transform color: 7.89 ms
CAM#0: PART SEARCH: search_time:0.01 ms
Process time: 0.00 ms
Loop 349: trial=1, Duration=100973 ms
Remap: 79.36 ms
Transform color: 4.26 ms
CAM#0: PART SEARCH: search_time:0.00 ms
Process time: 0.00 ms
Loop 350: trial=1, Duration=85755 ms
Remap: 75.88 ms
Transform color: 5.54 ms
CAM#0: PART SEARCH: search_time:0.00 ms
Process time: 0.00 ms
CAM#0: Using GLobal SEARCH ##############################################
CAM#0: GLOBAL SEARCH: search_time:0.00 ms
Loop 351: trial=1, Duration=89222 ms
Remap: 83.95 ms
Transform color: 5.14 ms
CAM#0: PART SEARCH: search_time:0.00 ms
Process time: 0.00 ms
Loop 352: trial=1, Duration=91471 ms
Remap: 69.47 ms
Transform color: 4.63 ms
CAM#0: PART SEARCH: search_time:0.00 ms
Process time: 0.00 ms
Loop 353: trial=1, Duration=76449 ms
Remap: 50.11 ms
Transform color: 3.33 ms
CAM#0: PART SEARCH: search_time:0.00 ms
Process time: 0.00 ms
Loop 354: trial=1, Duration=72633 ms
Remap: 258.69 ms
Transform color: 3.36 ms
CAM#0: PART SEARCH: search_time:0.00 ms
Process time: 0.00 ms
Loop 355: trial=1, Duration=271977 ms
Remap: 96.61 ms
Transform color: 96.20 ms
CAM#0: PART SEARCH: search_time:0.01 ms
Process time: 0.00 ms
Loop 356: trial=1, Duration=203756 ms
Remap: 77.85 ms
Transform color: 5.47 ms
CAM#0: PART SEARCH: search_time:0.00 ms
Process time: 0.00 ms
Loop 357: trial=1, Duration=142091 ms
Remap: 37.81 ms
Transform color: 2.38 ms
CAM#0: PART SEARCH: search_time:0.01 ms
Process time: 0.00 ms
Loop 358: trial=1, Duration=43293 ms
Remap: 113.37 ms
Transform color: 1.95 ms
CAM#0: PART SEARCH: search_time:0.00 ms
Process time: 0.00 ms
Loop 359: trial=1, Duration=124826 ms
Remap: 27.51 ms
Transform color: 2.54 ms
CAM#0: PART SEARCH: search_time:0.00 ms
Process time: 0.00 ms
CAM 0: -2147483648Hz
Loop 360: trial=1, Duration=32524 ms
Remap: 55.29 ms
Transform color: 2.27 ms
CAM#0: PART SEARCH: search_time:0.00 ms
Process time: 0.00 ms
Loop 361: trial=1, Duration=85830 ms
Remap: 93.13 ms
Transform color: 3.07 ms
CAM#0: PART SEARCH: search_time:0.01 ms
Process time: 0.00 ms
Loop 362: trial=1, Duration=104977 ms
Remap: 193.15 ms
Transform color: 5.04 ms
CAM#0: PART SEARCH: search_time:0.00 ms
Process time: 0.00 ms
Loop 363: trial=1, Duration=300294 ms
Remap: 84.34 ms
Transform color: 6.62 ms
CAM#0: PART SEARCH: search_time:0.00 ms
Process time: 0.00 ms
Loop 364: trial=1, Duration=93614 ms
Remap: 74.81 ms
Transform color: 4.07 ms
CAM#0: PART SEARCH: search_time:0.00 ms
Process time: 0.00 ms
Loop 365: trial=1, Duration=80899 ms
Remap: 80.62 ms
Transform color: 8.37 ms
CAM#0: PART SEARCH: search_time:0.00 ms
Process time: 0.00 ms
Loop 366: trial=1, Duration=91740 ms
Remap: 75.19 ms
Transform color: 7.02 ms
CAM#0: PART SEARCH: search_time:0.00 ms
Process time: 0.00 ms
CAM#0: Using GLobal SEARCH ##############################################
CAM#0: GLOBAL SEARCH: search_time:0.00 ms
Loop 367: trial=1, Duration=84775 ms
Remap: 76.95 ms
Transform color: 6.85 ms
CAM#0: PART SEARCH: search_time:0.00 ms
Process time: 0.00 ms
Loop 368: trial=1, Duration=87255 ms
Remap: 80.84 ms
Transform color: 5.55 ms
CAM#0: PART SEARCH: search_time:0.00 ms
Process time: 0.00 ms
Loop 369: trial=1, Duration=89186 ms
Remap: 71.87 ms
Transform color: 4.87 ms
CAM#0: PART SEARCH: search_time:0.00 ms
Process time: 0.00 ms
Loop 370: trial=1, Duration=79275 ms
Remap: 59.22 ms
Transform color: 3.79 ms
CAM#0: PART SEARCH: search_time:0.00 ms
Process time: 0.00 ms
Loop 371: trial=1, Duration=364365 ms
Remap: 76.37 ms
Transform color: 8.56 ms
CAM#0: PART SEARCH: search_time:0.01 ms
Process time: 0.00 ms
Loop 372: trial=1, Duration=106590 ms
Remap: 63.25 ms
Transform color: 4.33 ms
CAM#0: PART SEARCH: search_time:0.00 ms
Process time: 0.00 ms
Loop 373: trial=1, Duration=69659 ms
Remap: 77.63 ms
Transform color: 6.31 ms
CAM#0: PART SEARCH: search_time:0.01 ms
Process time: 0.00 ms
Loop 374: trial=1, Duration=86882 ms
Remap: 82.88 ms
Transform color: 7.84 ms
CAM#0: PART SEARCH: search_time:0.00 ms
Process time: 0.00 ms
Loop 375: trial=1, Duration=94084 ms
Remap: 104.10 ms
Transform color: 7.67 ms
CAM#0: PART SEARCH: search_time:0.01 ms
Process time: 0.00 ms
Loop 376: trial=1, Duration=115173 ms
Remap: 72.56 ms
Transform color: 4.73 ms
CAM#0: PART SEARCH: search_time:0.00 ms
Process time: 0.00 ms
Loop 377: trial=1, Duration=103826 ms
Remap: 16.24 ms
Transform color: 2.91 ms
CAM#0: PART SEARCH: search_time:0.00 ms
Process time: 0.00 ms
Loop 378: trial=1, Duration=84188 ms
Remap: 79.14 ms
Transform color: 6.38 ms
CAM#0: PART SEARCH: search_time:0.01 ms
Process time: 0.00 ms
Loop 379: trial=1, Duration=88977 ms
Remap: 78.35 ms
Transform color: 7.00 ms
CAM#0: PART SEARCH: search_time:0.01 ms
Process time: 0.00 ms
Loop 380: trial=1, Duration=116204 ms
Remap: 140.81 ms
Transform color: 10.82 ms
CAM#0: PART SEARCH: search_time:0.00 ms
Process time: 0.00 ms
Loop 381: trial=1, Duration=164391 ms
Remap: 13.22 ms
Transform color: 1.59 ms
CAM#0: PART SEARCH: search_time:0.00 ms
Process time: 0.00 ms
Loop 382: trial=1, Duration=16761 ms
Remap: 63.96 ms
Transform color: 6.90 ms
CAM#0: PART SEARCH: search_time:0.01 ms
Process time: 0.00 ms
CAM#0: Using GLobal SEARCH ##############################################
CAM#0: GLOBAL SEARCH: search_time:0.00 ms
Loop 383: trial=1, Duration=114744 ms
Remap: 71.57 ms
Transform color: 7.54 ms
CAM#0: PART SEARCH: search_time:0.00 ms
Process time: 0.00 ms
Loop 384: trial=1, Duration=81791 ms
Remap: 75.94 ms
Transform color: 7.64 ms
CAM#0: PART SEARCH: search_time:0.01 ms
Process time: 0.00 ms
Loop 385: trial=1, Duration=86559 ms
Remap: 74.31 ms
Transform color: 4.39 ms
CAM#0: PART SEARCH: search_time:0.00 ms
Process time: 0.00 ms
Loop 386: trial=1, Duration=80752 ms
Remap: 79.67 ms
Transform color: 9.19 ms
CAM#0: PART SEARCH: search_time:0.00 ms
Process time: 0.00 ms
Loop 387: trial=1, Duration=100816 ms
Remap: 77.61 ms
Transform color: 5.72 ms
CAM#0: PART SEARCH: search_time:0.00 ms
Process time: 0.00 ms
Loop 388: trial=1, Duration=86031 ms
Remap: 77.53 ms
Transform color: 6.55 ms
CAM#0: PART SEARCH: search_time:0.01 ms
Process time: 0.00 ms
Loop 389: trial=1, Duration=108498 ms
Remap: 83.22 ms
Transform color: 6.12 ms
CAM#0: PART SEARCH: search_time:0.00 ms
Process time: 0.00 ms
Loop 390: trial=1, Duration=91505 ms
Remap: 86.95 ms
Transform color: 12.32 ms
CAM#0: PART SEARCH: search_time:0.01 ms
Process time: 0.00 ms
Loop 391: trial=1, Duration=103777 ms
Remap: 87.39 ms
Transform color: 7.84 ms
CAM#0: PART SEARCH: search_time:0.00 ms
Process time: 0.00 ms
Loop 392: trial=1, Duration=98687 ms
Remap: 101.71 ms
Transform color: 8.26 ms
CAM#0: PART SEARCH: search_time:0.01 ms
Process time: 0.00 ms
Loop 393: trial=1, Duration=115567 ms
Remap: 85.94 ms
Transform color: 7.32 ms
CAM#0: PART SEARCH: search_time:0.00 ms
Process time: 0.00 ms
Loop 394: trial=1, Duration=107654 ms
Remap: 85.61 ms
Transform color: 9.58 ms
CAM#0: PART SEARCH: search_time:0.00 ms
Process time: 0.00 ms
Loop 395: trial=1, Duration=100439 ms
Remap: 88.82 ms
Transform color: 11.41 ms
CAM#0: PART SEARCH: search_time:0.00 ms
Process time: 0.00 ms
Loop 396: trial=1, Duration=105045 ms
Remap: 86.47 ms
Transform color: 15.17 ms
CAM#0: PART SEARCH: search_time:0.00 ms
Process time: 0.00 ms
Loop 397: trial=1, Duration=104437 ms
Remap: 88.39 ms
Transform color: 5.82 ms
CAM#0: PART SEARCH: search_time:0.00 ms
Process time: 0.00 ms
Loop 398: trial=1, Duration=169768 ms
Remap: 87.01 ms
Transform color: 5.96 ms
CAM#0: PART SEARCH: search_time:0.00 ms
Process time: 0.00 ms
CAM#0: Using GLobal SEARCH ##############################################
CAM#0: GLOBAL SEARCH: search_time:0.00 ms
Loop 399: trial=1, Duration=136368 ms
Remap: 93.01 ms
Transform color: 8.59 ms
CAM#0: PART SEARCH: search_time:0.00 ms
Process time: 0.00 ms
Loop 400: trial=1, Duration=105227 ms
Remap: 86.69 ms
Transform color: 5.99 ms
CAM#0: PART SEARCH: search_time:0.00 ms
Process time: 0.00 ms
Loop 401: trial=1, Duration=99849 ms
Remap: 86.10 ms
Transform color: 8.65 ms
CAM#0: PART SEARCH: search_time:0.00 ms
Process time: 0.00 ms
Loop 402: trial=1, Duration=99011 ms
Remap: 92.70 ms
Transform color: 10.02 ms
CAM#0: PART SEARCH: search_time:0.00 ms
Process time: 0.00 ms
Loop 403: trial=1, Duration=106442 ms
Remap: 81.69 ms
Transform color: 12.89 ms
CAM#0: PART SEARCH: search_time:0.01 ms
Process time: 0.00 ms
Loop 404: trial=1, Duration=105860 ms
Remap: 48.07 ms
Transform color: 79.16 ms
CAM#0: PART SEARCH: search_time:0.01 ms
Process time: 0.00 ms
Loop 405: trial=1, Duration=129942 ms
Remap: 29.27 ms
Transform color: 15.81 ms
CAM#0: PART SEARCH: search_time:0.00 ms
Process time: 0.00 ms
Loop 406: trial=1, Duration=191674 ms
Remap: 91.57 ms
Transform color: 9.05 ms
CAM#0: PART SEARCH: search_time:0.00 ms
Process time: 0.00 ms
Loop 407: trial=1, Duration=106895 ms
Remap: 85.04 ms
Transform color: 9.62 ms
CAM#0: PART SEARCH: search_time:0.00 ms
Process time: 0.00 ms
Loop 408: trial=1, Duration=101128 ms
Remap: 85.81 ms
Transform color: 9.58 ms
CAM#0: PART SEARCH: search_time:0.00 ms
Process time: 0.00 ms
Loop 409: trial=1, Duration=97789 ms
Remap: 112.41 ms
Transform color: 7.97 ms
CAM#0: PART SEARCH: search_time:0.00 ms
Process time: 0.00 ms
Loop 410: trial=1, Duration=149843 ms
Remap: 95.36 ms
Transform color: 8.63 ms
CAM#0: PART SEARCH: search_time:0.00 ms
Process time: 0.00 ms
Loop 411: trial=1, Duration=107171 ms
Remap: 85.92 ms
Transform color: 13.02 ms
CAM#0: PART SEARCH: search_time:0.00 ms
Process time: 0.00 ms
Loop 412: trial=1, Duration=125902 ms
Remap: 91.65 ms
Transform color: 8.21 ms
CAM#0: PART SEARCH: search_time:0.00 ms
Process time: 0.00 ms
Loop 413: trial=1, Duration=139160 ms
Remap: 23.20 ms
Transform color: 3.45 ms
CAM#0: PART SEARCH: search_time:0.01 ms
Process time: 0.00 ms
Loop 414: trial=1, Duration=116404 ms
Remap: 89.52 ms
Transform color: 9.16 ms
CAM#0: PART SEARCH: search_time:0.00 ms
Process time: 0.00 ms
CAM#0: Using GLobal SEARCH ##############################################
CAM#0: GLOBAL SEARCH: search_time:0.00 ms
Loop 415: trial=1, Duration=101595 ms
Remap: 91.63 ms
Transform color: 10.92 ms
CAM#0: PART SEARCH: search_time:0.00 ms
Process time: 0.00 ms
Loop 416: trial=1, Duration=106773 ms
Remap: 88.93 ms
Transform color: 6.55 ms
CAM#0: PART SEARCH: search_time:0.00 ms
Process time: 0.00 ms
Loop 417: trial=1, Duration=100141 ms
Remap: 89.62 ms
Transform color: 5.76 ms
CAM#0: PART SEARCH: search_time:0.00 ms
Process time: 0.00 ms
Loop 418: trial=1, Duration=124112 ms
Remap: 83.88 ms
Transform color: 9.16 ms
CAM#0: PART SEARCH: search_time:0.00 ms
Process time: 0.00 ms
Loop 419: trial=1, Duration=103917 ms
Remap: 86.81 ms
Transform color: 10.11 ms
CAM#0: PART SEARCH: search_time:0.00 ms
Process time: 0.00 ms
Loop 420: trial=1, Duration=104642 ms
Remap: 90.41 ms
Transform color: 11.17 ms
CAM#0: PART SEARCH: search_time:0.00 ms
Process time: 0.00 ms
Loop 421: trial=1, Duration=106242 ms
Remap: 86.19 ms
Transform color: 6.95 ms
CAM#0: PART SEARCH: search_time:0.00 ms
Process time: 0.00 ms
Loop 422: trial=1, Duration=160702 ms
Remap: 77.76 ms
Transform color: 4.99 ms
CAM#0: PART SEARCH: search_time:0.00 ms
Process time: 0.00 ms
Loop 423: trial=1, Duration=85935 ms
Remap: 65.84 ms
Transform color: 7.22 ms
CAM#0: PART SEARCH: search_time:0.00 ms
Process time: 0.00 ms
Loop 424: trial=1, Duration=106683 ms
Remap: 86.38 ms
Transform color: 6.04 ms
CAM#0: PART SEARCH: search_time:0.00 ms
Process time: 0.00 ms
Loop 425: trial=1, Duration=115382 ms
Remap: 127.60 ms
Transform color: 51.66 ms
CAM#0: PART SEARCH: search_time:0.00 ms
Process time: 0.00 ms
Loop 426: trial=1, Duration=183388 ms
Remap: 17.25 ms
Transform color: 1.80 ms
CAM#0: PART SEARCH: search_time:0.00 ms
Process time: 0.00 ms
Loop 427: trial=1, Duration=21339 ms
Remap: 69.04 ms
Transform color: 3.93 ms
CAM#0: PART SEARCH: search_time:0.01 ms
Process time: 0.00 ms
Loop 428: trial=1, Duration=101692 ms
Remap: 79.74 ms
Transform color: 7.85 ms
CAM#0: PART SEARCH: search_time:0.00 ms
Process time: 0.00 ms
Loop 429: trial=1, Duration=184385 ms
Remap: 242.72 ms
Transform color: 47.15 ms
CAM#0: PART SEARCH: search_time:0.00 ms
Process time: 0.00 ms
Loop 430: trial=1, Duration=292758 ms
Remap: 21.52 ms
Transform color: 3.73 ms
CAM#0: PART SEARCH: search_time:0.00 ms
Process time: 0.00 ms
CAM#0: Using GLobal SEARCH ##############################################
CAM#0: GLOBAL SEARCH: search_time:0.00 ms
Loop 431: trial=1, Duration=47738 ms
Remap: 332.62 ms
Transform color: 2.06 ms
CAM#0: PART SEARCH: search_time:0.00 ms
Process time: 0.00 ms
Loop 432: trial=1, Duration=340947 ms
Remap: 84.51 ms
Transform color: 5.23 ms
CAM#0: PART SEARCH: search_time:0.00 ms
Process time: 0.00 ms
Loop 433: trial=1, Duration=101557 ms
Remap: 77.12 ms
Transform color: 6.13 ms
CAM#0: PART SEARCH: search_time:0.01 ms
Process time: 0.00 ms
Loop 434: trial=1, Duration=125433 ms
Remap: 79.18 ms
Transform color: 4.85 ms
CAM#0: PART SEARCH: search_time:0.00 ms
Process time: 0.00 ms
Loop 435: trial=1, Duration=129994 ms
Remap: 114.05 ms
Transform color: 5.75 ms
CAM#0: PART SEARCH: search_time:0.00 ms
Process time: 0.00 ms
Loop 436: trial=1, Duration=154564 ms
Remap: 77.16 ms
Transform color: 8.64 ms
CAM#0: PART SEARCH: search_time:0.00 ms
Process time: 0.00 ms
Loop 437: trial=1, Duration=149726 ms
Remap: 23.50 ms
Transform color: 2.61 ms
CAM#0: PART SEARCH: search_time:0.00 ms
Process time: 0.00 ms
Loop 438: trial=1, Duration=28430 ms
Remap: 124.68 ms
Transform color: 2.38 ms
CAM#0: PART SEARCH: search_time:0.00 ms
Process time: 0.00 ms
Loop 439: trial=1, Duration=129388 ms
Remap: 174.20 ms
Transform color: 2.11 ms
CAM#0: PART SEARCH: search_time:0.00 ms
Process time: 0.00 ms
Loop 440: trial=1, Duration=183735 ms
Remap: 64.66 ms
Transform color: 2.53 ms
CAM#0: PART SEARCH: search_time:0.00 ms
Process time: 0.00 ms
Loop 441: trial=1, Duration=139244 ms
Remap: 63.94 ms
Transform color: 4.75 ms
CAM#0: PART SEARCH: search_time:0.00 ms
Process time: 0.00 ms
Loop 442: trial=1, Duration=136214 ms
Remap: 76.59 ms
Transform color: 4.82 ms
CAM#0: PART SEARCH: search_time:0.00 ms
Process time: 0.00 ms
Loop 443: trial=1, Duration=84211 ms
Remap: 28.95 ms
Transform color: 2.39 ms
CAM#0: PART SEARCH: search_time:0.00 ms
Process time: 0.00 ms
Loop 444: trial=1, Duration=44547 ms
Remap: 86.72 ms
Transform color: 11.54 ms
CAM#0: PART SEARCH: search_time:0.00 ms
Process time: 0.00 ms
Loop 445: trial=1, Duration=176385 ms
Remap: 95.07 ms
Transform color: 17.49 ms
CAM#0: PART SEARCH: search_time:0.00 ms
Process time: 0.00 ms
Loop 446: trial=1, Duration=116319 ms
Remap: 91.30 ms
Transform color: 12.58 ms
CAM#0: PART SEARCH: search_time:0.00 ms
Process time: 0.00 ms
CAM#0: Using GLobal SEARCH ##############################################
CAM#0: GLOBAL SEARCH: search_time:0.00 ms
CAM#0: Found when using GLOBAL_IMAGE. X: 2943.00 Y:1627.00
Loop 447: trial=1, Duration=107095 ms
Remap: 84.94 ms
Transform color: 17.92 ms
Get partial image time: 0.15 ms
Apriltag detector detect time: 11.14 ms
Zarray time: 0.00 ms
CAM#0: tag#5: FAST SEARCH: search_time:11.40 microseconds
CAM#0: PART SEARCH: search_time:11.45 ms
Process time: 0.00 ms
Loop 448: trial=1, Duration=116965 ms
Remap: 79.47 ms
Transform color: 2.37 ms
Get partial image time: 0.08 ms
Apriltag detector detect time: 9.43 ms
Zarray time: 0.00 ms
CAM#0: tag#5: FAST SEARCH: search_time:9.61 microseconds
CAM#0: PART SEARCH: search_time:9.64 ms
Tags are missing.
Process time: 0.00 ms
CAM#0: Using GLobal SEARCH ##############################################
CAM#0: GLOBAL SEARCH: search_time:180.69 ms
CAM#0: Found when using GLOBAL_IMAGE. X: 2996.00 Y:1507.00
Loop 449: trial=1, Duration=275418 ms
Remap: 71.43 ms
Transform color: 3.86 ms
Get partial image time: 0.08 ms
Apriltag detector detect time: 12.43 ms
Zarray time: 0.00 ms
CAM#0: tag#5: FAST SEARCH: search_time:12.65 microseconds
CAM#0: PART SEARCH: search_time:12.67 ms
Process time: 0.00 ms
Loop 450: trial=1, Duration=91723 ms
Remap: 79.44 ms
Transform color: 7.02 ms
Get partial image time: 0.06 ms
Apriltag detector detect time: 10.08 ms
Zarray time: 0.00 ms
CAM#0: tag#5: FAST SEARCH: search_time:10.23 microseconds
CAM#0: PART SEARCH: search_time:10.25 ms
Tags are missing.
Process time: 0.01 ms
CAM#0: Using GLobal SEARCH ##############################################
CAM#0: GLOBAL SEARCH: search_time:316.99 ms
Loop 451: trial=1, Duration=417891 ms
Remap: 74.36 ms
Transform color: 8.20 ms
CAM#0: PART SEARCH: search_time:0.00 ms
Process time: 0.00 ms
Loop 452: trial=1, Duration=86935 ms
Remap: 82.28 ms
Transform color: 101.75 ms
CAM#0: PART SEARCH: search_time:0.01 ms
Process time: 0.00 ms
Loop 453: trial=1, Duration=190213 ms
Remap: 72.86 ms
Transform color: 8.71 ms
CAM#0: PART SEARCH: search_time:0.01 ms
Process time: 0.00 ms
Loop 454: trial=1, Duration=84960 ms
Remap: 75.54 ms
Transform color: 6.61 ms
CAM#0: PART SEARCH: search_time:0.00 ms
Process time: 0.00 ms
Loop 455: trial=1, Duration=89953 ms
Remap: 86.98 ms
Transform color: 7.18 ms
CAM#0: PART SEARCH: search_time:0.01 ms
Process time: 0.00 ms
Loop 456: trial=1, Duration=97032 ms
Remap: 74.61 ms
Transform color: 5.69 ms
CAM#0: PART SEARCH: search_time:0.01 ms
Process time: 0.00 ms
Loop 457: trial=1, Duration=145191 ms
Remap: 26.23 ms
Transform color: 2.56 ms
CAM#0: PART SEARCH: search_time:0.00 ms
Process time: 0.00 ms
Loop 458: trial=1, Duration=45880 ms
Remap: 73.96 ms
Transform color: 3.75 ms
CAM#0: PART SEARCH: search_time:0.01 ms
Process time: 0.00 ms
Loop 459: trial=1, Duration=348161 ms
Remap: 63.71 ms
Transform color: 4.90 ms
CAM#0: PART SEARCH: search_time:0.00 ms
Process time: 0.00 ms
Loop 460: trial=1, Duration=71712 ms
Remap: 82.34 ms
Transform color: 8.54 ms
CAM#0: PART SEARCH: search_time:0.00 ms
Process time: 0.00 ms
Loop 461: trial=1, Duration=122070 ms
Remap: 70.70 ms
Transform color: 6.47 ms
CAM#0: PART SEARCH: search_time:0.00 ms
Process time: 0.00 ms
Loop 462: trial=1, Duration=104053 ms
Remap: 86.43 ms
Transform color: 7.45 ms
CAM#0: PART SEARCH: search_time:0.01 ms
Process time: 0.00 ms
Loop 463: trial=1, Duration=186729 ms
Remap: 77.46 ms
Transform color: 5.72 ms
CAM#0: PART SEARCH: search_time:0.01 ms
Process time: 0.00 ms
Loop 464: trial=1, Duration=86664 ms
Remap: 72.44 ms
Transform color: 5.93 ms
CAM#0: PART SEARCH: search_time:0.01 ms
Process time: 0.00 ms
Loop 465: trial=1, Duration=132215 ms
Remap: 269.83 ms
Transform color: 4.09 ms
CAM#0: PART SEARCH: search_time:0.01 ms
Process time: 0.00 ms
Loop 466: trial=1, Duration=279037 ms
Remap: 32.33 ms
Transform color: 22.43 ms
CAM#0: PART SEARCH: search_time:0.00 ms
Process time: 0.00 ms
CAM#0: Using GLobal SEARCH ##############################################
CAM#0: GLOBAL SEARCH: search_time:0.00 ms
CAM#0: Found when using GLOBAL_IMAGE. X: 3257.00 Y:902.00
Loop 467: trial=1, Duration=57323 ms
Remap: 101.27 ms
Transform color: 2.38 ms
Get partial image time: 0.06 ms
Apriltag detector detect time: 8.93 ms
Zarray time: 0.00 ms
CAM#0: tag#5: FAST SEARCH: search_time:9.03 microseconds
CAM#0: PART SEARCH: search_time:9.06 ms
Process time: 0.00 ms
Loop 468: trial=1, Duration=159097 ms
Remap: 76.22 ms
Transform color: 19.26 ms
Get partial image time: 0.09 ms
Apriltag detector detect time: 14.05 ms
Zarray time: 0.00 ms
CAM#0: tag#5: FAST SEARCH: search_time:14.23 microseconds
CAM#0: PART SEARCH: search_time:14.26 ms
Tags are missing.
Process time: 0.00 ms
CAM#0: Using GLobal SEARCH ##############################################
CAM#0: GLOBAL SEARCH: search_time:186.09 ms
CAM#0: Found when using GLOBAL_IMAGE. X: 3315.00 Y:764.00
Loop 469: trial=1, Duration=300486 ms
Remap: 93.00 ms
Transform color: 17.51 ms
Get partial image time: 0.14 ms
Apriltag detector detect time: 9.90 ms
Zarray time: 0.00 ms
CAM#0: tag#5: FAST SEARCH: search_time:10.17 microseconds
CAM#0: PART SEARCH: search_time:10.21 ms
Process time: 0.00 ms
Loop 470: trial=1, Duration=214632 ms
Remap: 42.29 ms
Transform color: 3.18 ms
Get partial image time: 0.14 ms
Apriltag detector detect time: 12.54 ms
Zarray time: 0.00 ms
CAM#0: tag#5: FAST SEARCH: search_time:12.85 microseconds
CAM#0: PART SEARCH: search_time:12.89 ms
Tags are missing.
Process time: 0.01 ms
CAM#0: Using GLobal SEARCH ##############################################
CAM#0: GLOBAL SEARCH: search_time:190.93 ms
CAM#0: Found when using GLOBAL_IMAGE. X: 3358.00 Y:662.00
Loop 471: trial=1, Duration=253416 ms
Remap: 90.40 ms
Transform color: 16.08 ms
Get partial image time: 0.08 ms
Apriltag detector detect time: 7.76 ms
Zarray time: 0.00 ms
CAM#0: tag#5: FAST SEARCH: search_time:7.93 microseconds
CAM#0: PART SEARCH: search_time:7.97 ms
Process time: 0.00 ms
Loop 472: trial=1, Duration=120831 ms
Remap: 105.17 ms
Transform color: 4.90 ms
Get partial image time: 0.07 ms
Apriltag detector detect time: 6.79 ms
Zarray time: 0.00 ms
CAM#0: tag#5: FAST SEARCH: search_time:6.93 microseconds
CAM#0: PART SEARCH: search_time:6.96 ms
Tags are missing.
Process time: 0.00 ms
CAM#0: Using GLobal SEARCH ##############################################
CAM#0: GLOBAL SEARCH: search_time:361.89 ms
CAM#0: Found when using GLOBAL_IMAGE. X: 3409.00 Y:547.00
Loop 473: trial=1, Duration=483528 ms
Remap: 88.40 ms
Transform color: 13.43 ms
Get partial image time: 0.09 ms
Apriltag detector detect time: 10.61 ms
Zarray time: 0.00 ms
CAM#0: tag#5: FAST SEARCH: search_time:10.76 microseconds
CAM#0: PART SEARCH: search_time:10.79 ms
Process time: 0.00 ms
Loop 474: trial=1, Duration=151556 ms
Remap: 79.17 ms
Transform color: 5.72 ms
Get partial image time: 0.06 ms
Apriltag detector detect time: 9.17 ms
Zarray time: 0.00 ms
CAM#0: tag#5: FAST SEARCH: search_time:9.30 microseconds
CAM#0: PART SEARCH: search_time:9.32 ms
Tags are missing.
Process time: 0.00 ms
CAM#0: Using GLobal SEARCH ##############################################
CAM#0: GLOBAL SEARCH: search_time:296.42 ms
CAM#0: Found when using GLOBAL_IMAGE. X: 3464.00 Y:411.00
Loop 475: trial=1, Duration=396836 ms
Remap: 90.49 ms
Transform color: 5.18 ms
Get partial image time: 0.06 ms
Apriltag detector detect time: 7.23 ms
Zarray time: 0.00 ms
CAM#0: tag#5: FAST SEARCH: search_time:7.36 microseconds
CAM#0: PART SEARCH: search_time:7.39 ms
Process time: 0.00 ms
Loop 476: trial=1, Duration=105161 ms
Remap: 82.26 ms
Transform color: 9.30 ms
Get partial image time: 0.12 ms
Apriltag detector detect time: 15.29 ms
Zarray time: 0.00 ms
CAM#0: tag#5: FAST SEARCH: search_time:15.56 microseconds
CAM#0: PART SEARCH: search_time:15.60 ms
Tags are missing.
Process time: 0.00 ms
CAM#0: Using GLobal SEARCH ##############################################
CAM#0: GLOBAL SEARCH: search_time:271.26 ms
CAM#0: Found when using GLOBAL_IMAGE. X: 3514.00 Y:297.00
Loop 477: trial=1, Duration=382954 ms
Remap: 88.08 ms
Transform color: 13.01 ms
Get partial image time: 0.09 ms
Apriltag detector detect time: 8.03 ms
Zarray time: 0.00 ms
CAM#0: tag#5: FAST SEARCH: search_time:8.26 microseconds
CAM#0: PART SEARCH: search_time:8.29 ms
CAM#0: Found when using PART_IMAGE. X: 3513.52 Y:299.41
tag->x: 3514 tag->y: 297 detection->x: 3513.52 detection->y: 299.41
Process time: 1.25 ms
Tag ID: 5, AprilTag Size: 128.21, Search Area Size: 2950.36, Ratio: 23.01
Loop 478: trial=1, Duration=201749 ms
Remap: 78.12 ms
Transform color: 4.62 ms
Get partial image time: 0.04 ms
Apriltag detector detect time: 7.97 ms
Zarray time: 0.00 ms
CAM#0: tag#5: FAST SEARCH: search_time:8.16 microseconds
CAM#0: PART SEARCH: search_time:8.18 ms
CAM#0: Found when using PART_IMAGE. X: 3513.83 Y:298.57
tag->x: 3513 tag->y: 299 detection->x: 3513.83 detection->y: 298.57
Previous velocity: 4.48 Current velocity: 5.45 time s: 0.18 acceleration: 5.33
Process time: 1.11 ms
Tag ID: 5, AprilTag Size: 128.08, Search Area Size: 1686.12, Ratio: 13.16
Loop 479: trial=1, Duration=172511 ms
Remap: 96.73 ms
Transform color: 5.75 ms
Get partial image time: 0.05 ms
Apriltag detector detect time: 4.62 ms
Zarray time: 0.00 ms
CAM#0: tag#5: FAST SEARCH: search_time:4.78 microseconds
CAM#0: PART SEARCH: search_time:4.81 ms
CAM#0: Found when using PART_IMAGE. X: 3514.85 Y:296.77
tag->x: 3513 tag->y: 298 detection->x: 3514.85 detection->y: 296.77
Previous velocity: 5.45 Current velocity: 11.62 time s: 0.19 acceleration: 32.07
Process time: 1.06 ms
Tag ID: 5, AprilTag Size: 127.95, Search Area Size: 1691.27, Ratio: 13.22
CAM 0: -2147483648Hz
Loop 480: trial=1, Duration=112793 ms
Remap: 79.25 ms
Transform color: 13.74 ms
Get partial image time: 0.07 ms
Apriltag detector detect time: 4.91 ms
Zarray time: 0.00 ms
CAM#0: tag#5: FAST SEARCH: search_time:5.05 microseconds
CAM#0: PART SEARCH: search_time:5.08 ms
CAM#0: Found when using PART_IMAGE. X: 3514.08 Y:298.26
tag->x: 3514 tag->y: 296 detection->x: 3514.08 detection->y: 298.26
Previous velocity: 11.62 Current velocity: 19.34 time s: 0.10 acceleration: 74.67
Process time: 0.91 ms
Tag ID: 5, AprilTag Size: 128.15, Search Area Size: 1691.27, Ratio: 13.20
Loop 481: trial=1, Duration=117211 ms
Remap: 75.85 ms
Transform color: 7.58 ms
Get partial image time: 0.04 ms
Apriltag detector detect time: 4.57 ms
Zarray time: 0.00 ms
CAM#0: tag#5: FAST SEARCH: search_time:4.71 microseconds
CAM#0: PART SEARCH: search_time:4.75 ms
CAM#0: Found when using PART_IMAGE. X: 3514.72 Y:297.09
tag->x: 3514 tag->y: 298 detection->x: 3514.72 detection->y: 297.09
Previous velocity: 19.34 Current velocity: 9.28 time s: 0.11 acceleration: 93.40
Process time: 1.21 ms
Tag ID: 5, AprilTag Size: 128.00, Search Area Size: 1696.41, Ratio: 13.25
Loop 482: trial=1, Duration=91805 ms
Remap: 69.52 ms
Transform color: 4.47 ms
Get partial image time: 0.04 ms
Apriltag detector detect time: 4.77 ms
Zarray time: 0.00 ms
CAM#0: tag#5: FAST SEARCH: search_time:4.92 microseconds
CAM#0: PART SEARCH: search_time:4.95 ms
CAM#0: Found when using PART_IMAGE. X: 3513.92 Y:298.14
tag->x: 3514 tag->y: 297 detection->x: 3513.92 detection->y: 298.14
Previous velocity: 9.28 Current velocity: 17.18 time s: 0.08 acceleration: 95.92
Process time: 1.09 ms
Tag ID: 5, AprilTag Size: 128.15, Search Area Size: 1691.27, Ratio: 13.20
Loop 483: trial=1, Duration=83275 ms
Remap: 90.92 ms
Transform color: 9.42 ms
Get partial image time: 0.05 ms
Apriltag detector detect time: 3.94 ms
Zarray time: 0.00 ms
CAM#0: tag#5: FAST SEARCH: search_time:4.08 microseconds
CAM#0: PART SEARCH: search_time:4.11 ms
CAM#0: Found when using PART_IMAGE. X: 3514.65 Y:297.29
tag->x: 3513 tag->y: 298 detection->x: 3514.65 detection->y: 297.29
Previous velocity: 17.18 Current velocity: 12.89 time s: 0.11 acceleration: 39.10
Process time: 0.99 ms
Tag ID: 5, AprilTag Size: 128.05, Search Area Size: 1696.41, Ratio: 13.25
Loop 484: trial=1, Duration=140219 ms
Remap: 66.86 ms
Transform color: 4.60 ms
Get partial image time: 0.04 ms
Apriltag detector detect time: 3.50 ms
Zarray time: 0.00 ms
CAM#0: tag#5: FAST SEARCH: search_time:3.62 microseconds
CAM#0: PART SEARCH: search_time:3.64 ms
CAM#0: Found when using PART_IMAGE. X: 3514.13 Y:298.06
tag->x: 3514 tag->y: 297 detection->x: 3514.13 detection->y: 298.06
Previous velocity: 12.89 Current velocity: 8.98 time s: 0.11 acceleration: 35.08
Process time: 1.01 ms
Tag ID: 5, AprilTag Size: 128.13, Search Area Size: 1696.41, Ratio: 13.24
Loop 485: trial=1, Duration=78509 ms
Remap: 85.28 ms
Transform color: 17.40 ms
Get partial image time: 0.06 ms
Apriltag detector detect time: 4.32 ms
Zarray time: 0.00 ms
CAM#0: tag#5: FAST SEARCH: search_time:4.45 microseconds
CAM#0: PART SEARCH: search_time:4.49 ms
CAM#0: Found when using PART_IMAGE. X: 3514.44 Y:297.36
tag->x: 3514 tag->y: 298 detection->x: 3514.44 detection->y: 297.36
Previous velocity: 8.98 Current velocity: 9.11 time s: 0.11 acceleration: 1.12
Process time: 1.12 ms
Tag ID: 5, AprilTag Size: 127.98, Search Area Size: 1691.27, Ratio: 13.22
Loop 486: trial=1, Duration=110495 ms
Remap: 75.60 ms
Transform color: 7.64 ms
Get partial image time: 0.07 ms
Apriltag detector detect time: 5.66 ms
Zarray time: 0.00 ms
CAM#0: tag#5: FAST SEARCH: search_time:5.89 microseconds
CAM#0: PART SEARCH: search_time:5.96 ms
CAM#0: Found when using PART_IMAGE. X: 3514.25 Y:298.00
tag->x: 3514 tag->y: 297 detection->x: 3514.25 detection->y: 298.00
Previous velocity: 9.11 Current velocity: 10.98 time s: 0.09 acceleration: 20.56
Process time: 1.20 ms
Tag ID: 5, AprilTag Size: 128.11, Search Area Size: 1691.27, Ratio: 13.20
Loop 487: trial=1, Duration=164017 ms
Remap: 85.57 ms
Transform color: 6.08 ms
Get partial image time: 0.05 ms
Apriltag detector detect time: 5.47 ms
Zarray time: 0.00 ms
CAM#0: tag#5: FAST SEARCH: search_time:5.61 microseconds
CAM#0: PART SEARCH: search_time:5.66 ms
CAM#0: Found when using PART_IMAGE. X: 3514.36 Y:297.74
tag->x: 3514 tag->y: 298 detection->x: 3514.36 detection->y: 297.74
Previous velocity: 10.98 Current velocity: 5.80 time s: 0.17 acceleration: 30.04
Process time: 1.04 ms
Tag ID: 5, AprilTag Size: 128.11, Search Area Size: 1701.55, Ratio: 13.28
Loop 488: trial=1, Duration=101641 ms
Remap: 65.26 ms
Transform color: 7.67 ms
Get partial image time: 0.06 ms
Apriltag detector detect time: 6.09 ms
Zarray time: 0.00 ms
CAM#0: tag#5: FAST SEARCH: search_time:6.29 microseconds
CAM#0: PART SEARCH: search_time:6.34 ms
CAM#0: Found when using PART_IMAGE. X: 3514.35 Y:297.66
tag->x: 3514 tag->y: 297 detection->x: 3514.35 detection->y: 297.66
Previous velocity: 5.80 Current velocity: 0.00 time s: 0.08 acceleration: 69.90
Process time: 1.07 ms
Tag ID: 5, AprilTag Size: 128.03, Search Area Size: 1686.12, Ratio: 13.17
Loop 489: trial=1, Duration=83364 ms
Remap: 66.77 ms
Transform color: 6.56 ms
Get partial image time: 0.04 ms
Apriltag detector detect time: 4.16 ms
Zarray time: 0.00 ms
CAM#0: tag#5: FAST SEARCH: search_time:4.32 microseconds
CAM#0: PART SEARCH: search_time:4.36 ms
CAM#0: Found when using PART_IMAGE. X: 3514.40 Y:297.78
tag->x: 3514 tag->y: 297 detection->x: 3514.40 detection->y: 297.78
Previous velocity: 0.00 Current velocity: 0.00 time s: 0.08 acceleration: 0.00
Process time: 1.07 ms
Tag ID: 5, AprilTag Size: 128.11, Search Area Size: 1691.27, Ratio: 13.20
Loop 490: trial=1, Duration=81334 ms
Remap: 70.41 ms
Transform color: 13.56 ms
Get partial image time: 0.06 ms
Apriltag detector detect time: 4.38 ms
Zarray time: 0.00 ms
CAM#0: tag#5: FAST SEARCH: search_time:4.50 microseconds
CAM#0: PART SEARCH: search_time:4.53 ms
CAM#0: Found when using PART_IMAGE. X: 3514.35 Y:297.82
tag->x: 3514 tag->y: 297 detection->x: 3514.35 detection->y: 297.82
Previous velocity: 0.00 Current velocity: 0.00 time s: 0.09 acceleration: 0.00
Process time: 1.04 ms
Tag ID: 5, AprilTag Size: 128.12, Search Area Size: 1691.27, Ratio: 13.20
Loop 491: trial=1, Duration=92035 ms
Remap: 75.87 ms
Transform color: 2.58 ms
Get partial image time: 0.09 ms
Apriltag detector detect time: 5.48 ms
Zarray time: 0.00 ms
CAM#0: tag#5: FAST SEARCH: search_time:5.70 microseconds
CAM#0: PART SEARCH: search_time:5.73 ms
CAM#0: Found when using PART_IMAGE. X: 3514.31 Y:297.61
tag->x: 3514 tag->y: 297 detection->x: 3514.31 detection->y: 297.61
Previous velocity: 0.00 Current velocity: 0.00 time s: 0.09 acceleration: 0.00
Process time: 1.10 ms
Tag ID: 5, AprilTag Size: 128.06, Search Area Size: 1691.27, Ratio: 13.21
Loop 492: trial=1, Duration=97382 ms
Remap: 86.32 ms
Transform color: 16.90 ms
Get partial image time: 0.12 ms
Apriltag detector detect time: 5.30 ms
Zarray time: 0.00 ms
CAM#0: tag#5: FAST SEARCH: search_time:5.50 microseconds
CAM#0: PART SEARCH: search_time:5.53 ms
CAM#0: Found when using PART_IMAGE. X: 3514.25 Y:297.78
tag->x: 3514 tag->y: 297 detection->x: 3514.25 detection->y: 297.78
Previous velocity: 0.00 Current velocity: 0.00 time s: 0.12 acceleration: 0.00
Process time: 1.02 ms
CAM#0: Using GLobal SEARCH ##############################################
CAM#0: GLOBAL SEARCH: search_time:0.00 ms
CAM#0: Found when using GLOBAL_IMAGE. X: 3514.00 Y:297.00
Loop 493: trial=1, Duration=112210 ms
Remap: 76.54 ms
Transform color: 15.83 ms
Get partial image time: 0.14 ms
Apriltag detector detect time: 10.02 ms
Zarray time: 0.00 ms
CAM#0: tag#5: FAST SEARCH: search_time:10.24 microseconds
CAM#0: PART SEARCH: search_time:10.29 ms
CAM#0: Found when using PART_IMAGE. X: 3514.43 Y:297.65
tag->x: 3514 tag->y: 297 detection->x: 3514.43 detection->y: 297.65
Process time: 1.10 ms
Tag ID: 5, AprilTag Size: 128.08, Search Area Size: 3349.61, Ratio: 26.15
Loop 494: trial=1, Duration=142296 ms
Remap: 80.43 ms
Transform color: 5.19 ms
Get partial image time: 0.04 ms
Apriltag detector detect time: 4.55 ms
Zarray time: 0.00 ms
CAM#0: tag#5: FAST SEARCH: search_time:4.72 microseconds
CAM#0: PART SEARCH: search_time:4.75 ms
CAM#0: Found when using PART_IMAGE. X: 3514.28 Y:297.75
tag->x: 3514 tag->y: 297 detection->x: 3514.28 detection->y: 297.75
Previous velocity: 0.00 Current velocity: 0.00 time s: 0.14 acceleration: 0.00
Process time: 1.24 ms
Tag ID: 5, AprilTag Size: 128.10, Search Area Size: 1691.27, Ratio: 13.20
Loop 495: trial=1, Duration=94631 ms
Remap: 66.87 ms
Transform color: 6.41 ms
Get partial image time: 0.06 ms
Apriltag detector detect time: 5.49 ms
Zarray time: 0.00 ms
CAM#0: tag#5: FAST SEARCH: search_time:5.71 microseconds
CAM#0: PART SEARCH: search_time:5.75 ms
CAM#0: Found when using PART_IMAGE. X: 3514.48 Y:297.69
tag->x: 3514 tag->y: 297 detection->x: 3514.48 detection->y: 297.69
Previous velocity: 0.00 Current velocity: 0.00 time s: 0.08 acceleration: 0.00
Process time: 1.18 ms
Tag ID: 5, AprilTag Size: 128.09, Search Area Size: 1691.27, Ratio: 13.20
Loop 496: trial=1, Duration=290840 ms
Remap: 81.53 ms
Transform color: 4.36 ms
Get partial image time: 0.04 ms
Apriltag detector detect time: 4.48 ms
Zarray time: 0.00 ms
CAM#0: tag#5: FAST SEARCH: search_time:4.60 microseconds
CAM#0: PART SEARCH: search_time:4.63 ms
CAM#0: Found when using PART_IMAGE. X: 3514.21 Y:297.81
tag->x: 3514 tag->y: 297 detection->x: 3514.21 detection->y: 297.81
Previous velocity: 0.00 Current velocity: 0.00 time s: 0.30 acceleration: 0.00
Process time: 1.19 ms
Tag ID: 5, AprilTag Size: 128.09, Search Area Size: 1732.39, Ratio: 13.53
Loop 497: trial=1, Duration=101065 ms
Remap: 89.63 ms
Transform color: 7.53 ms
Get partial image time: 0.06 ms
Apriltag detector detect time: 5.23 ms
Zarray time: 0.00 ms
CAM#0: tag#5: FAST SEARCH: search_time:5.35 microseconds
CAM#0: PART SEARCH: search_time:5.37 ms
CAM#0: Found when using PART_IMAGE. X: 3514.35 Y:297.79
tag->x: 3514 tag->y: 297 detection->x: 3514.35 detection->y: 297.79
Previous velocity: 0.00 Current velocity: 0.00 time s: 0.11 acceleration: 0.00
Process time: 1.03 ms
Tag ID: 5, AprilTag Size: 128.01, Search Area Size: 1691.27, Ratio: 13.21
Loop 498: trial=1, Duration=156793 ms
Remap: 84.31 ms
Transform color: 18.21 ms
Get partial image time: 0.10 ms
Apriltag detector detect time: 5.47 ms
Zarray time: 0.00 ms
CAM#0: tag#5: FAST SEARCH: search_time:5.66 microseconds
CAM#0: PART SEARCH: search_time:5.69 ms
CAM#0: Found when using PART_IMAGE. X: 3514.31 Y:297.74
tag->x: 3514 tag->y: 297 detection->x: 3514.31 detection->y: 297.74
Previous velocity: 0.00 Current velocity: 0.00 time s: 0.16 acceleration: 0.00
Process time: 1.30 ms
Tag ID: 5, AprilTag Size: 128.06, Search Area Size: 1701.55, Ratio: 13.29
Loop 499: trial=1, Duration=129636 ms
