Core number: 0
Remap: 0.003 ms
Transform color: 53.533 ms
Core number: 0
Remap: 0.001 ms
Transform color: 1.547 ms
Core number: 0
Remap: 0.001 ms
Transform color: 1.667 ms
Core number: 0
Remap: 0 ms
Transform color: 1.533 ms
Core number: 0
Remap: 0 ms
Transform color: 1.38 ms
Core number: 0
Remap: 0.001 ms
Transform color: 1.425 ms
Core number: 0
Remap: 0 ms
Transform color: 1.35 ms
Core number: 0
Remap: 0.001 ms
Transform color: 1.932 ms
Core number: 0
Remap: 0.001 ms
Transform color: 1.067 ms
Core number: 0
Remap: 0 ms
Transform color: 1.998 ms
Core number: 0
Remap: 0.001 ms
Transform color: 1.859 ms
Core number: 0
Remap: 0.001 ms
Transform color: 1.79 ms
Core number: 0
Remap: 0.001 ms
Transform color: 1.857 ms
Core number: 0
Remap: 0.001 ms
Transform color: 1.747 ms
Core number: 0
Remap: 0 ms
Transform color: 1.598 ms
Core number: 0
Remap: 0 ms
Transform color: 5.918 ms
Core number: 0
Remap: 0.001 ms
Transform color: 1.898 ms
Core number: 0
Remap: 0 ms
Transform color: 1.558 ms
Core number: 0
Remap: 0.001 ms
Transform color: 2.46 ms
Core number: 0
Remap: 0 ms
Transform color: 5.965 ms
Core number: 0
Remap: 0.001 ms
Transform color: 1.777 ms
Core number: 0
Remap: 0 ms
Transform color: 3.985 ms
Core number: 0
Remap: 0 ms
Transform color: 4.13 ms
Core number: 0
Remap: 0 ms
Transform color: 1.58 ms
Core number: 0
Remap: 0 ms
Transform color: 5.145 ms
Core number: 0
Remap: 0.001 ms
Transform color: 1.393 ms
Core number: 0
Remap: 0.001 ms
Transform color: 1.842 ms
Core number: 0
Remap: 0.001 ms
Transform color: 1.736 ms
Core number: 0
Remap: 0.002 ms
Transform color: 6.616 ms
Core number: 0
Remap: 0.001 ms
Transform color: 2.095 ms
Core number: 0
Remap: 0.001 ms
Transform color: 1.551 ms
Core number: 0
Remap: 0 ms
Transform color: 1.74 ms
Core number: 0
Remap: 0 ms
Transform color: 1.579 ms
Core number: 0
Remap: 0.001 ms
Transform color: 2.021 ms
Core number: 0
Remap: 0.001 ms
Transform color: 2.014 ms
Core number: 0
Remap: 0.001 ms
Transform color: 5.308 ms
Core number: 0
Remap: 0.001 ms
Transform color: 1.794 ms
Core number: 0
Remap: 0.001 ms
Transform color: 1.545 ms
Core number: 0
Remap: 0 ms
Transform color: 1.948 ms
Core number: 0
Remap: 0.001 ms
Transform color: 2.024 ms
Core number: 0
Remap: 0.001 ms
Transform color: 1.287 ms
Core number: 0
Remap: 0.001 ms
Transform color: 1.624 ms
Core number: 0
Remap: 0.001 ms
Transform color: 2.325 ms
Core number: 0
Remap: 0.001 ms
Transform color: 2.188 ms
Core number: 0
Remap: 0.001 ms
Transform color: 1.881 ms
Core number: 0
Remap: 0 ms
Transform color: 1.395 ms
Core number: 0
Remap: 0 ms
Transform color: 1.814 ms
Core number: 0
Remap: 0.001 ms
Transform color: 1.78 ms
Core number: 0
Remap: 0 ms
Transform color: 1.764 ms
Core number: 0
Remap: 0 ms
Transform color: 1.911 ms
Core number: 0
Remap: 0.001 ms
Transform color: 1.854 ms
Core number: 0
Remap: 0.001 ms
Transform color: 5.754 ms
Core number: 0
Remap: 0.001 ms
Transform color: 2.005 ms
Core number: 0
Remap: 0.001 ms
Transform color: 1.389 ms
Core number: 0
Remap: 0 ms
Transform color: 1.813 ms
Core number: 0
Remap: 0 ms
Transform color: 1.659 ms
Core number: 0
Remap: 0.001 ms
Transform color: 1.828 ms
Core number: 0
Remap: 0.001 ms
Transform color: 2.017 ms
Core number: 0
Remap: 0.001 ms
Transform color: 1.799 ms
Core number: 0
Remap: 0.001 ms
Transform color: 1.818 ms
Core number: 0
Remap: 0.001 ms
Transform color: 1.52 ms
Core number: 0
Remap: 0 ms
Transform color: 1.956 ms
Core number: 0
Remap: 0.001 ms
Transform color: 2.54 ms
Core number: 0
Remap: 0.001 ms
Transform color: 2.024 ms
Core number: 0
Remap: 0.001 ms
Transform color: 1.907 ms
Core number: 0
Remap: 0.001 ms
Transform color: 2.243 ms
Core number: 0
Remap: 0.001 ms
Transform color: 3.486 ms
Core number: 0
Remap: 0.001 ms
Transform color: 2.108 ms
Core number: 0
Remap: 0 ms
Transform color: 1.772 ms
Core number: 0
Remap: 0.001 ms
Transform color: 1.68 ms
Core number: 0
Remap: 0 ms
Transform color: 4.027 ms
Core number: 0
Remap: 0.001 ms
Transform color: 1.75 ms
Core number: 0
Remap: 0.001 ms
Transform color: 1.987 ms
Core number: 0
Remap: 0 ms
Transform color: 1.937 ms
Core number: 0
Remap: 0.001 ms
Transform color: 2.817 ms
Core number: 0
Remap: 0.001 ms
Transform color: 5.41 ms
Core number: 0
Remap: 0.001 ms
Transform color: 1.937 ms
Core number: 0
Remap: 0.001 ms
Transform color: 1.641 ms
Core number: 0
Remap: 0.001 ms
Transform color: 1.803 ms
Core number: 0
Remap: 0.001 ms
Transform color: 2.623 ms
Core number: 0
Remap: 0 ms
Transform color: 5.543 ms
Core number: 0
Remap: 0.001 ms
Transform color: 2.059 ms
Core number: 0
-------
Thread: nice_thread, Loop time exceeded: 671.70 ms
Reason: consumer time, Value: 0.00, Counter: 8, Timestamp: 1745495813
Reason: transform time, Value: 0.00, Counter: 8, Timestamp: 1745495813
Reason: global search time, Value: 669.77, Counter: 8, Timestamp: 1745495814
Reason: process time, Value: 0.00, Counter: 8, Timestamp: 1745495814
Reason: loop time, Value: 671.70, Counter: 8, Timestamp: 1745495814
----------------------------------------
Thread: nice_thread, Loop time exceeded: 719.10 ms
Reason: consumer time, Value: 0.00, Counter: 30, Timestamp: 1745495814
Reason: transform time, Value: 0.00, Counter: 30, Timestamp: 1745495814
Reason: global search time, Value: 717.25, Counter: 30, Timestamp: 1745495815
Reason: process time, Value: 0.00, Counter: 30, Timestamp: 1745495815
Reason: loop time, Value: 719.10, Counter: 30, Timestamp: 1745495815
----------------------------------------
Thread: nice_thread, Loop time exceeded: 721.80 ms
Reason: consumer time, Value: 0.00, Counter: 52, Timestamp: 1745495815
Reason: transform time, Value: 0.00, Counter: 52, Timestamp: 1745495815
Reason: global search time, Value: 719.89, Counter: 52, Timestamp: 1745495816
Reason: process time, Value: 0.00, Counter: 52, Timestamp: 1745495816
Reason: loop time, Value: 721.80, Counter: 52, Timestamp: 1745495816
----------------------------------------
Thread: nice_thread, Loop time exceeded: 737.85 ms
Reason: consumer time, Value: 0.00, Counter: 74, Timestamp: 1745495816
Reason: transform time, Value: 0.00, Counter: 74, Timestamp: 1745495816
Reason: global search time, Value: 736.03, Counter: 74, Timestamp: 1745495816
Reason: process time, Value: 0.00, Counter: 74, Timestamp: 1745495816
Reason: loop time, Value: 737.85, Counter: 74, Timestamp: 1745495816
----------------------------------------
Thread: nice_thread, Loop time exceeded: 678.22 ms
Reason: consumer time, Value: 0.00, Counter: 97, Timestamp: 1745495816
Reason: transform time, Value: 0.00, Counter: 97, Timestamp: 1745495816
Reason: global search time, Value: 676.57, Counter: 97, Timestamp: 1745495817
Reason: process time, Value: 0.00, Counter: 97, Timestamp: 1745495817
Reason: loop time, Value: 678.22, Counter: 97, Timestamp: 1745495817
----------------------------------------
Thread: nice_thread, Loop time exceeded: 738.70 ms
Reason: consumer time, Value: 0.00, Counter: 119, Timestamp: 1745495817
Reason: transform time, Value: 0.01, Counter: 119, Timestamp: 1745495817
Reason: global search time, Value: 732.72, Counter: 119, Timestamp: 1745495818
Reason: process time, Value: 0.00, Counter: 119, Timestamp: 1745495818
Reason: loop time, Value: 738.70, Counter: 119, Timestamp: 1745495818
----------------------------------------
Thread: nice_thread, Loop time exceeded: 732.94 ms
Reason: consumer time, Value: 0.00, Counter: 14, Timestamp: 1745495818
Reason: transform time, Value: 0.00, Counter: 14, Timestamp: 1745495818
Reason: global search time, Value: 730.99, Counter: 14, Timestamp: 1745495818
Reason: process time, Value: 0.00, Counter: 14, Timestamp: 1745495818
Reason: loop time, Value: 732.94, Counter: 14, Timestamp: 1745495818
----------------------------------------
Thread: nice_thread, Loop time exceeded: 756.35 ms
Reason: consumer time, Value: 0.00, Counter: 37, Timestamp: 1745495818
Reason: transform time, Value: 0.00, Counter: 37, Timestamp: 1745495818
Reason: global search time, Value: 754.74, Counter: 37, Timestamp: 1745495819
Reason: process time, Value: 0.00, Counter: 37, Timestamp: 1745495819
Reason: loop time, Value: 756.35, Counter: 37, Timestamp: 1745495819
----------------------------------------
Thread: nice_thread, Loop time exceeded: 695.33 ms
Reason: consumer time, Value: 0.00, Counter: 60, Timestamp: 1745495819
Reason: transform time, Value: 0.00, Counter: 60, Timestamp: 1745495819
Reason: global search time, Value: 692.79, Counter: 60, Timestamp: 1745495820
Reason: process time, Value: 0.00, Counter: 60, Timestamp: 1745495820
Reason: loop time, Value: 695.33, Counter: 60, Timestamp: 1745495820
----------------------------------------
Thread: nice_thread, Loop time exceeded: 756.76 ms
Reason: consumer time, Value: 0.00, Counter: 83, Timestamp: 1745495820
Reason: transform time, Value: 0.01, Counter: 83, Timestamp: 1745495820
Reason: global search time, Value: 750.75, Counter: 83, Timestamp: 1745495821
Reason: process time, Value: 0.00, Counter: 83, Timestamp: 1745495821
Reason: loop time, Value: 756.76, Counter: 83, Timestamp: 1745495821
----------------------------------------
Thread: nice_thread, Loop time exceeded: 766.32 ms
Reason: consumer time, Value: 0.00, Counter: 106, Timestamp: 1745495821
Reason: transform time, Value: 0.00, Counter: 106, Timestamp: 1745495821
Reason: global search time, Value: 764.46, Counter: 106, Timestamp: 1745495821
Reason: process time, Value: 0.00, Counter: 106, Timestamp: 1745495821
Reason: loop time, Value: 766.32, Counter: 106, Timestamp: 1745495821
----------------------------------------
Thread: nice_thread, Loop time exceeded: 775.76 ms
Reason: consumer time, Value: 0.00, Counter: 2, Timestamp: 1745495821
Reason: transform time, Value: 0.00, Counter: 2, Timestamp: 1745495821
Reason: global search time, Value: 771.71, Counter: 2, Timestamp: 1745495822
Reason: process time, Value: 0.00, Counter: 2, Timestamp: 1745495822
Reason: loop time, Value: 775.76, Counter: 2, Timestamp: 1745495822
----------------------------------------
Thread: nice_thread, Loop time exceeded: 730.85 ms
Reason: consumer time, Value: 0.00, Counter: 26, Timestamp: 1745495822
Reason: transform time, Value: 0.01, Counter: 26, Timestamp: 1745495822
Reason: global search time, Value: 717.86, Counter: 26, Timestamp: 1745495823
Reason: process time, Value: 0.00, Counter: 26, Timestamp: 1745495823
Reason: loop time, Value: 730.85, Counter: 26, Timestamp: 1745495823
----------------------------------------
Thread: nice_thread, Loop time exceeded: 733.11 ms
Reason: consumer time, Value: 0.00, Counter: 51, Timestamp: 1745495823
Reason: transform time, Value: 0.00, Counter: 51, Timestamp: 1745495823
Reason: global search time, Value: 731.47, Counter: 51, Timestamp: 1745495824
Reason: process time, Value: 0.00, Counter: 51, Timestamp: 1745495824
Reason: loop time, Value: 733.11, Counter: 51, Timestamp: 1745495824
----------------------------------------
Thread: nice_thread, Loop time exceeded: 767.86 ms
Reason: consumer time, Value: 0.00, Counter: 74, Timestamp: 1745495824
Reason: transform time, Value: 0.01, Counter: 74, Timestamp: 1745495824
Reason: global search time, Value: 762.68, Counter: 74, Timestamp: 1745495824
Reason: process time, Value: 0.00, Counter: 74, Timestamp: 1745495824
Reason: loop time, Value: 767.86, Counter: 74, Timestamp: 1745495824
----------------------------------------
Thread: nice_thread, Loop time exceeded: 772.58 ms
Reason: consumer time, Value: 0.00, Counter: 98, Timestamp: 1745495824
Reason: transform time, Value: 0.00, Counter: 98, Timestamp: 1745495824
Reason: global search time, Value: 771.15, Counter: 98, Timestamp: 1745495825
Reason: process time, Value: 0.00, Counter: 98, Timestamp: 1745495825
Reason: loop time, Value: 772.58, Counter: 98, Timestamp: 1745495825
----------------------------------------
Thread: nice_thread, Loop time exceeded: 701.01 ms
Reason: consumer time, Value: 0.00, Counter: 122, Timestamp: 1745495825
Reason: transform time, Value: 0.00, Counter: 122, Timestamp: 1745495825
Reason: global search time, Value: 699.12, Counter: 122, Timestamp: 1745495826
Reason: process time, Value: 0.00, Counter: 122, Timestamp: 1745495826
Reason: loop time, Value: 701.01, Counter: 122, Timestamp: 1745495826
----------------------------------------
Thread: nice_thread, Loop time exceeded: 746.67 ms
Reason: consumer time, Value: 0.00, Counter: 17, Timestamp: 1745495826
Reason: transform time, Value: 0.00, Counter: 17, Timestamp: 1745495826
Reason: global search time, Value: 744.86, Counter: 17, Timestamp: 1745495827
Reason: process time, Value: 0.00, Counter: 17, Timestamp: 1745495827
Reason: loop time, Value: 746.67, Counter: 17, Timestamp: 1745495827
----------------------------------------
Thread: nice_thread, Loop time exceeded: 761.48 ms
Reason: consumer time, Value: 0.00, Counter: 40, Timestamp: 1745495827
Reason: transform time, Value: 0.01, Counter: 40, Timestamp: 1745495827
Reason: global search time, Value: 754.78, Counter: 40, Timestamp: 1745495827
Reason: process time, Value: 0.00, Counter: 40, Timestamp: 1745495827
Reason: loop time, Value: 761.48, Counter: 40, Timestamp: 1745495827
----------------------------------------
Thread: nice_thread, Loop time exceeded: 707.53 ms
Reason: consumer time, Value: 0.00, Counter: 64, Timestamp: 1745495827
Reason: transform time, Value: 0.00, Counter: 64, Timestamp: 1745495827
Reason: global search time, Value: 705.38, Counter: 64, Timestamp: 1745495828
Reason: process time, Value: 0.00, Counter: 64, Timestamp: 1745495828
Reason: loop time, Value: 707.53, Counter: 64, Timestamp: 1745495828
----------------------------------------
Thread: nice_thread, Loop time exceeded: 745.45 ms
Reason: consumer time, Value: 0.00, Counter: 88, Timestamp: 1745495828
Reason: transform time, Value: 0.00, Counter: 88, Timestamp: 1745495828
Reason: global search time, Value: 743.85, Counter: 88, Timestamp: 1745495829
Reason: process time, Value: 0.00, Counter: 88, Timestamp: 1745495829
Reason: loop time, Value: 745.45, Counter: 88, Timestamp: 1745495829
----------------------------------------
Thread: nice_thread, Loop time exceeded: 755.36 ms
Reason: consumer time, Value: 0.00, Counter: 110, Timestamp: 1745495829
Reason: transform time, Value: 0.00, Counter: 110, Timestamp: 1745495829
Reason: global search time, Value: 753.57, Counter: 110, Timestamp: 1745495830
Reason: process time, Value: 0.00, Counter: 110, Timestamp: 1745495830
Reason: loop time, Value: 755.36, Counter: 110, Timestamp: 1745495830
----------------------------------------
Thread: nice_thread, Loop time exceeded: 771.00 ms
Reason: consumer time, Value: 0.00, Counter: 5, Timestamp: 1745495830
Reason: transform time, Value: 0.00, Counter: 5, Timestamp: 1745495830
Reason: global search time, Value: 769.36, Counter: 5, Timestamp: 1745495830
Reason: process time, Value: 0.00, Counter: 5, Timestamp: 1745495830
Reason: loop time, Value: 771.00, Counter: 5, Timestamp: 1745495830
----------------------------------------
Thread: nice_thread, Loop time exceeded: 697.02 ms
Reason: consumer time, Value: 0.00, Counter: 28, Timestamp: 1745495830
Reason: transform time, Value: 0.00, Counter: 28, Timestamp: 1745495830
Reason: global search time, Value: 694.91, Counter: 28, Timestamp: 1745495831
Reason: process time, Value: 0.00, Counter: 28, Timestamp: 1745495831
Reason: loop time, Value: 697.02, Counter: 28, Timestamp: 1745495831
----------------------------------------
Thread: nice_thread, Loop time exceeded: 733.58 ms
Reason: consumer time, Value: 0.00, Counter: 52, Timestamp: 1745495831
Reason: transform time, Value: 0.00, Counter: 52, Timestamp: 1745495831
Reason: global search time, Value: 731.48, Counter: 52, Timestamp: 1745495832
Reason: process time, Value: 0.00, Counter: 52, Timestamp: 1745495832
Reason: loop time, Value: 733.58, Counter: 52, Timestamp: 1745495832
----------------------------------------
Thread: nice_thread, Loop time exceeded: 742.01 ms
Reason: consumer time, Value: 0.00, Counter: 75, Timestamp: 1745495832
Reason: transform time, Value: 0.01, Counter: 75, Timestamp: 1745495832
Reason: global search time, Value: 736.65, Counter: 75, Timestamp: 1745495833
Reason: process time, Value: 0.00, Counter: 75, Timestamp: 1745495833
Reason: loop time, Value: 742.01, Counter: 75, Timestamp: 1745495833
----------------------------------------
Thread: nice_thread, Loop time exceeded: 735.53 ms
Reason: consumer time, Value: 0.00, Counter: 98, Timestamp: 1745495833
Reason: transform time, Value: 0.00, Counter: 98, Timestamp: 1745495833
Reason: global search time, Value: 733.69, Counter: 98, Timestamp: 1745495833
Reason: process time, Value: 0.00, Counter: 98, Timestamp: 1745495833
Reason: loop time, Value: 735.53, Counter: 98, Timestamp: 1745495833
----------------------------------------
Thread: nice_thread, Loop time exceeded: 672.29 ms
Reason: consumer time, Value: 0.00, Counter: 121, Timestamp: 1745495833
Reason: transform time, Value: 0.00, Counter: 121, Timestamp: 1745495833
Reason: global search time, Value: 670.69, Counter: 121, Timestamp: 1745495834
Reason: process time, Value: 0.00, Counter: 121, Timestamp: 1745495834
Reason: loop time, Value: 672.29, Counter: 121, Timestamp: 1745495834
----------------------------------------
Thread: nice_thread, Loop time exceeded: 747.36 ms
Reason: consumer time, Value: 0.00, Counter: 15, Timestamp: 1745495834
Reason: transform time, Value: 0.00, Counter: 15, Timestamp: 1745495834
Reason: global search time, Value: 745.37, Counter: 15, Timestamp: 1745495835
Reason: process time, Value: 0.00, Counter: 15, Timestamp: 1745495835
Reason: loop time, Value: 747.36, Counter: 15, Timestamp: 1745495835
----------------------------------------
Thread: nice_thread, Loop time exceeded: 751.92 ms
Reason: consumer time, Value: 0.00, Counter: 39, Timestamp: 1745495835
Reason: transform time, Value: 0.00, Counter: 39, Timestamp: 1745495835
Reason: global search time, Value: 749.83, Counter: 39, Timestamp: 1745495835
Reason: process time, Value: 0.00, Counter: 39, Timestamp: 1745495835
Reason: loop time, Value: 751.92, Counter: 39, Timestamp: 1745495835
----------------------------------------
Thread: nice_thread, Loop time exceeded: 756.28 ms
Reason: consumer time, Value: 0.00, Counter: 62, Timestamp: 1745495835
Reason: transform time, Value: 0.00, Counter: 62, Timestamp: 1745495835
Reason: global search time, Value: 754.94, Counter: 62, Timestamp: 1745495836
Reason: process time, Value: 0.00, Counter: 62, Timestamp: 1745495836
Reason: loop time, Value: 756.28, Counter: 62, Timestamp: 1745495836
----------------------------------------
Thread: nice_thread, Loop time exceeded: 692.39 ms
Reason: consumer time, Value: 0.00, Counter: 86, Timestamp: 1745495836
Reason: transform time, Value: 0.00, Counter: 86, Timestamp: 1745495836
Reason: global search time, Value: 690.71, Counter: 86, Timestamp: 1745495837
Reason: process time, Value: 0.00, Counter: 86, Timestamp: 1745495837
Reason: loop time, Value: 692.39, Counter: 86, Timestamp: 1745495837
----------------------------------------
Thread: nice_thread, Loop time exceeded: 742.96 ms
Reason: consumer time, Value: 0.00, Counter: 109, Timestamp: 1745495837
Reason: transform time, Value: 0.00, Counter: 109, Timestamp: 1745495837
Reason: global search time, Value: 740.57, Counter: 109, Timestamp: 1745495838
Reason: process time, Value: 0.00, Counter: 109, Timestamp: 1745495838
Reason: loop time, Value: 742.96, Counter: 109, Timestamp: 1745495838
----------------------------------------
Thread: nice_thread, Loop time exceeded: 743.10 ms
Reason: consumer time, Value: 0.00, Counter: 4, Timestamp: 1745495838
Reason: transform time, Value: 0.00, Counter: 4, Timestamp: 1745495838
Reason: global search time, Value: 740.84, Counter: 4, Timestamp: 1745495838
Reason: process time, Value: 0.00, Counter: 4, Timestamp: 1745495838
Reason: loop time, Value: 743.10, Counter: 4, Timestamp: 1745495838
----------------------------------------
Thread: nice_thread, Loop time exceeded: 694.61 ms
Reason: consumer time, Value: 0.00, Counter: 27, Timestamp: 1745495838
Reason: transform time, Value: 0.00, Counter: 27, Timestamp: 1745495838
Reason: global search time, Value: 692.67, Counter: 27, Timestamp: 1745495839
Reason: process time, Value: 0.00, Counter: 27, Timestamp: 1745495839
Reason: loop time, Value: 694.61, Counter: 27, Timestamp: 1745495839
----------------------------------------
Thread: nice_thread, Loop time exceeded: 749.27 ms
Reason: consumer time, Value: 0.00, Counter: 49, Timestamp: 1745495839
Reason: transform time, Value: 0.00, Counter: 49, Timestamp: 1745495839
Reason: global search time, Value: 747.84, Counter: 49, Timestamp: 1745495840
Reason: process time, Value: 0.00, Counter: 49, Timestamp: 1745495840
Reason: loop time, Value: 749.27, Counter: 49, Timestamp: 1745495840
----------------------------------------
Thread: nice_thread, Loop time exceeded: 803.52 ms
Reason: consumer time, Value: 0.00, Counter: 72, Timestamp: 1745495840
Reason: transform time, Value: 0.00, Counter: 72, Timestamp: 1745495840
Reason: global search time, Value: 801.67, Counter: 72, Timestamp: 1745495841
Reason: process time, Value: 0.00, Counter: 72, Timestamp: 1745495841
Reason: loop time, Value: 803.52, Counter: 72, Timestamp: 1745495841
----------------------------------------
Thread: nice_thread, Loop time exceeded: 768.68 ms
Reason: consumer time, Value: 0.00, Counter: 98, Timestamp: 1745495841
Reason: transform time, Value: 0.00, Counter: 98, Timestamp: 1745495841
Reason: global search time, Value: 766.86, Counter: 98, Timestamp: 1745495841
Reason: process time, Value: 0.00, Counter: 98, Timestamp: 1745495841
Reason: loop time, Value: 768.68, Counter: 98, Timestamp: 1745495841
----------------------------------------
Thread: nice_thread, Loop time exceeded: 695.80 ms
Reason: consumer time, Value: 0.00, Counter: 122, Timestamp: 1745495841
Reason: transform time, Value: 0.00, Counter: 122, Timestamp: 1745495841
Reason: global search time, Value: 693.98, Counter: 122, Timestamp: 1745495842
Reason: process time, Value: 0.00, Counter: 122, Timestamp: 1745495842
Reason: loop time, Value: 695.80, Counter: 122, Timestamp: 1745495842
----------------------------------------
Thread: nice_thread, Loop time exceeded: 740.66 ms
Reason: consumer time, Value: 0.00, Counter: 16, Timestamp: 1745495842
Reason: transform time, Value: 0.00, Counter: 16, Timestamp: 1745495842
Reason: global search time, Value: 738.68, Counter: 16, Timestamp: 1745495843
Reason: process time, Value: 0.00, Counter: 16, Timestamp: 1745495843
Reason: loop time, Value: 740.66, Counter: 16, Timestamp: 1745495843
----------------------------------------
Thread: nice_thread, Loop time exceeded: 734.65 ms
Reason: consumer time, Value: 0.00, Counter: 38, Timestamp: 1745495843
Reason: transform time, Value: 0.00, Counter: 38, Timestamp: 1745495843
Reason: global search time, Value: 732.72, Counter: 38, Timestamp: 1745495844
Reason: process time, Value: 0.00, Counter: 38, Timestamp: 1745495844
Reason: loop time, Value: 734.65, Counter: 38, Timestamp: 1745495844
----------------------------------------
Thread: nice_thread, Loop time exceeded: 743.47 ms
Reason: consumer time, Value: 0.00, Counter: 61, Timestamp: 1745495844
Reason: transform time, Value: 0.01, Counter: 61, Timestamp: 1745495844
Reason: global search time, Value: 737.63, Counter: 61, Timestamp: 1745495844
Reason: process time, Value: 0.00, Counter: 61, Timestamp: 1745495844
Reason: loop time, Value: 743.47, Counter: 61, Timestamp: 1745495844
----------------------------------------
Thread: nice_thread, Loop time exceeded: 694.05 ms
Reason: consumer time, Value: 0.00, Counter: 84, Timestamp: 1745495844
Reason: transform time, Value: 0.00, Counter: 84, Timestamp: 1745495844
Reason: global search time, Value: 692.00, Counter: 84, Timestamp: 1745495845
Reason: process time, Value: 0.00, Counter: 84, Timestamp: 1745495845
Reason: loop time, Value: 694.05, Counter: 84, Timestamp: 1745495845
----------------------------------------
Thread: nice_thread, Loop time exceeded: 736.72 ms
Reason: consumer time, Value: 0.00, Counter: 107, Timestamp: 1745495845
Reason: transform time, Value: 0.00, Counter: 107, Timestamp: 1745495845
Reason: global search time, Value: 735.30, Counter: 107, Timestamp: 1745495846
Reason: process time, Value: 0.00, Counter: 107, Timestamp: 1745495846
Reason: loop time, Value: 736.72, Counter: 107, Timestamp: 1745495846
----------------------------------------
Thread: nice_thread, Loop time exceeded: 725.50 ms
Reason: consumer time, Value: 0.00, Counter: 1, Timestamp: 1745495846
Reason: transform time, Value: 0.00, Counter: 1, Timestamp: 1745495846
Reason: global search time, Value: 723.65, Counter: 1, Timestamp: 1745495846
Reason: process time, Value: 0.00, Counter: 1, Timestamp: 1745495846
Reason: loop time, Value: 725.50, Counter: 1, Timestamp: 1745495846
----------------------------------------
Thread: nice_thread, Loop time exceeded: 722.85 ms
Reason: consumer time, Value: 0.00, Counter: 24, Timestamp: 1745495846
Reason: transform time, Value: 0.00, Counter: 24, Timestamp: 1745495846
Reason: global search time, Value: 721.12, Counter: 24, Timestamp: 1745495847
Reason: process time, Value: 0.00, Counter: 24, Timestamp: 1745495847
Reason: loop time, Value: 722.85, Counter: 24, Timestamp: 1745495847
----------------------------------------
Thread: nice_thread, Loop time exceeded: 688.21 ms
Reason: consumer time, Value: 0.00, Counter: 45, Timestamp: 1745495847
Reason: transform time, Value: 0.00, Counter: 45, Timestamp: 1745495847
Reason: global search time, Value: 686.32, Counter: 45, Timestamp: 1745495848
Reason: process time, Value: 0.00, Counter: 45, Timestamp: 1745495848
Reason: loop time, Value: 688.21, Counter: 45, Timestamp: 1745495848
----------------------------------------
Thread: nice_thread, Loop time exceeded: 745.13 ms
Reason: consumer time, Value: 0.00, Counter: 68, Timestamp: 1745495848
Reason: transform time, Value: 0.00, Counter: 68, Timestamp: 1745495848
Reason: global search time, Value: 743.04, Counter: 68, Timestamp: 1745495849
Reason: process time, Value: 0.00, Counter: 68, Timestamp: 1745495849
Reason: loop time, Value: 745.13, Counter: 68, Timestamp: 1745495849
----------------------------------------
Thread: nice_thread, Loop time exceeded: 744.32 ms
Reason: consumer time, Value: 0.00, Counter: 91, Timestamp: 1745495849
Reason: transform time, Value: 0.00, Counter: 91, Timestamp: 1745495849
Reason: global search time, Value: 742.45, Counter: 91, Timestamp: 1745495849
Reason: process time, Value: 0.00, Counter: 91, Timestamp: 1745495849
Reason: loop time, Value: 744.32, Counter: 91, Timestamp: 1745495849
----------------------------------------
Thread: nice_thread, Loop time exceeded: 698.01 ms
Reason: consumer time, Value: 0.00, Counter: 114, Timestamp: 1745495849
Reason: transform time, Value: 0.00, Counter: 114, Timestamp: 1745495849
Reason: global search time, Value: 696.14, Counter: 114, Timestamp: 1745495850
Reason: process time, Value: 0.00, Counter: 114, Timestamp: 1745495850
Reason: loop time, Value: 698.01, Counter: 114, Timestamp: 1745495850
----------------------------------------
Thread: nice_thread, Loop time exceeded: 746.56 ms
Reason: consumer time, Value: 0.00, Counter: 9, Timestamp: 1745495850
Reason: transform time, Value: 0.00, Counter: 9, Timestamp: 1745495850
Reason: global search time, Value: 745.00, Counter: 9, Timestamp: 1745495851
Reason: process time, Value: 0.00, Counter: 9, Timestamp: 1745495851
Reason: loop time, Value: 746.56, Counter: 9, Timestamp: 1745495851
----------------------------------------
Thread: nice_thread, Loop time exceeded: 756.49 ms
Reason: consumer time, Value: 0.00, Counter: 31, Timestamp: 1745495851
Reason: transform time, Value: 0.00, Counter: 31, Timestamp: 1745495851
Reason: global search time, Value: 754.48, Counter: 31, Timestamp: 1745495852
Reason: process time, Value: 0.00, Counter: 31, Timestamp: 1745495852
Reason: loop time, Value: 756.49, Counter: 31, Timestamp: 1745495852
----------------------------------------
Thread: nice_thread, Loop time exceeded: 739.61 ms
Reason: consumer time, Value: 0.00, Counter: 55, Timestamp: 1745495852
Reason: transform time, Value: 0.00, Counter: 55, Timestamp: 1745495852
Reason: global search time, Value: 737.00, Counter: 55, Timestamp: 1745495852
Reason: process time, Value: 0.00, Counter: 55, Timestamp: 1745495852
Reason: loop time, Value: 739.61, Counter: 55, Timestamp: 1745495852
----------------------------------------
Thread: nice_thread, Loop time exceeded: 691.95 ms
Reason: consumer time, Value: 0.00, Counter: 77, Timestamp: 1745495852
Reason: transform time, Value: 0.00, Counter: 77, Timestamp: 1745495852
Reason: global search time, Value: 689.85, Counter: 77, Timestamp: 1745495853
Reason: process time, Value: 0.00, Counter: 77, Timestamp: 1745495853
Reason: loop time, Value: 691.95, Counter: 77, Timestamp: 1745495853
----------------------------------------
Thread: nice_thread, Loop time exceeded: 742.90 ms
Reason: consumer time, Value: 0.00, Counter: 101, Timestamp: 1745495853
Reason: transform time, Value: 0.00, Counter: 101, Timestamp: 1745495853
Reason: global search time, Value: 740.92, Counter: 101, Timestamp: 1745495854
Reason: process time, Value: 0.00, Counter: 101, Timestamp: 1745495854
Reason: loop time, Value: 742.90, Counter: 101, Timestamp: 1745495854
----------------------------------------
Thread: nice_thread, Loop time exceeded: 750.42 ms
Reason: consumer time, Value: 0.00, Counter: 124, Timestamp: 1745495854
Reason: transform time, Value: 0.00, Counter: 124, Timestamp: 1745495854
Reason: global search time, Value: 748.10, Counter: 124, Timestamp: 1745495855
Reason: process time, Value: 0.00, Counter: 124, Timestamp: 1745495855
Reason: loop time, Value: 750.42, Counter: 124, Timestamp: 1745495855
----------------------------------------
Thread: nice_thread, Loop time exceeded: 757.24 ms
Reason: consumer time, Value: 0.00, Counter: 20, Timestamp: 1745495855
Reason: transform time, Value: 0.00, Counter: 20, Timestamp: 1745495855
Reason: global search time, Value: 753.67, Counter: 20, Timestamp: 1745495855
Reason: process time, Value: 0.00, Counter: 20, Timestamp: 1745495855
Reason: loop time, Value: 757.24, Counter: 20, Timestamp: 1745495855
----------------------------------------
Thread: nice_thread, Loop time exceeded: 697.73 ms
Reason: consumer time, Value: 0.00, Counter: 44, Timestamp: 1745495855
Reason: transform time, Value: 0.00, Counter: 44, Timestamp: 1745495855
Reason: global search time, Value: 695.56, Counter: 44, Timestamp: 1745495856
Reason: process time, Value: 0.00, Counter: 44, Timestamp: 1745495856
Reason: loop time, Value: 697.73, Counter: 44, Timestamp: 1745495856
----------------------------------------
Thread: nice_thread, Loop time exceeded: 745.40 ms
Reason: consumer time, Value: 0.00, Counter: 67, Timestamp: 1745495856
Reason: transform time, Value: 0.00, Counter: 67, Timestamp: 1745495856
Reason: global search time, Value: 743.57, Counter: 67, Timestamp: 1745495857
Reason: process time, Value: 0.00, Counter: 67, Timestamp: 1745495857
Reason: loop time, Value: 745.40, Counter: 67, Timestamp: 1745495857
----------------------------------------
Thread: nice_thread, Loop time exceeded: 745.66 ms
Reason: consumer time, Value: 0.00, Counter: 90, Timestamp: 1745495857
Reason: transform time, Value: 0.00, Counter: 90, Timestamp: 1745495857
Reason: global search time, Value: 743.94, Counter: 90, Timestamp: 1745495857
Reason: process time, Value: 0.00, Counter: 90, Timestamp: 1745495857
Reason: loop time, Value: 745.66, Counter: 90, Timestamp: 1745495857
----------------------------------------
Thread: nice_thread, Loop time exceeded: 752.44 ms
Reason: consumer time, Value: 0.00, Counter: 114, Timestamp: 1745495857
Reason: transform time, Value: 0.00, Counter: 114, Timestamp: 1745495857
Reason: global search time, Value: 748.37, Counter: 114, Timestamp: 1745495858
Reason: process time, Value: 0.00, Counter: 114, Timestamp: 1745495858
Reason: loop time, Value: 752.44, Counter: 114, Timestamp: 1745495858
----------------------------------------
Thread: nice_thread, Loop time exceeded: 711.13 ms
Reason: consumer time, Value: 0.00, Counter: 9, Timestamp: 1745495858
Reason: transform time, Value: 0.00, Counter: 9, Timestamp: 1745495858
Reason: global search time, Value: 709.35, Counter: 9, Timestamp: 1745495859
Reason: process time, Value: 0.00, Counter: 9, Timestamp: 1745495859
Reason: loop time, Value: 711.13, Counter: 9, Timestamp: 1745495859
----------------------------------------
Thread: nice_thread, Loop time exceeded: 764.34 ms
Reason: consumer time, Value: 0.00, Counter: 33, Timestamp: 1745495859
Reason: transform time, Value: 0.00, Counter: 33, Timestamp: 1745495859
Reason: global search time, Value: 762.29, Counter: 33, Timestamp: 1745495860
Reason: process time, Value: 0.00, Counter: 33, Timestamp: 1745495860
Reason: loop time, Value: 764.34, Counter: 33, Timestamp: 1745495860
----------------------------------------
Thread: nice_thread, Loop time exceeded: 740.86 ms
Reason: consumer time, Value: 0.00, Counter: 57, Timestamp: 1745495860
Reason: transform time, Value: 0.00, Counter: 57, Timestamp: 1745495860
Reason: global search time, Value: 738.87, Counter: 57, Timestamp: 1745495860
Reason: process time, Value: 0.00, Counter: 57, Timestamp: 1745495860
Reason: loop time, Value: 740.86, Counter: 57, Timestamp: 1745495860
----------------------------------------
Thread: nice_thread, Loop time exceeded: 755.38 ms
Reason: consumer time, Value: 0.00, Counter: 80, Timestamp: 1745495860
Reason: transform time, Value: 0.00, Counter: 80, Timestamp: 1745495860
Reason: global search time, Value: 752.48, Counter: 80, Timestamp: 1745495861
Reason: process time, Value: 0.00, Counter: 80, Timestamp: 1745495861
Reason: loop time, Value: 755.38, Counter: 80, Timestamp: 1745495861
----------------------------------------
Thread: nice_thread, Loop time exceeded: 713.55 ms
Reason: consumer time, Value: 0.00, Counter: 104, Timestamp: 1745495861
Reason: transform time, Value: 0.01, Counter: 104, Timestamp: 1745495861
Reason: global search time, Value: 708.11, Counter: 104, Timestamp: 1745495862
Reason: process time, Value: 0.00, Counter: 104, Timestamp: 1745495862
Reason: loop time, Value: 713.55, Counter: 104, Timestamp: 1745495862
----------------------------------------
Thread: nice_thread, Loop time exceeded: 749.91 ms
Reason: consumer time, Value: 0.00, Counter: 127, Timestamp: 1745495862
Reason: transform time, Value: 0.00, Counter: 127, Timestamp: 1745495862
Reason: global search time, Value: 747.92, Counter: 127, Timestamp: 1745495863
Reason: process time, Value: 0.00, Counter: 127, Timestamp: 1745495863
Reason: loop time, Value: 749.91, Counter: 127, Timestamp: 1745495863
----------------------------------------
Thread: nice_thread, Loop time exceeded: 739.59 ms
Reason: consumer time, Value: 0.00, Counter: 23, Timestamp: 1745495863
Reason: transform time, Value: 0.00, Counter: 23, Timestamp: 1745495863
Reason: global search time, Value: 737.89, Counter: 23, Timestamp: 1745495863
Reason: process time, Value: 0.00, Counter: 23, Timestamp: 1745495863
Reason: loop time, Value: 739.59, Counter: 23, Timestamp: 1745495863
----------------------------------------
Thread: nice_thread, Loop time exceeded: 686.63 ms
Reason: consumer time, Value: 0.00, Counter: 46, Timestamp: 1745495863
Reason: transform time, Value: 0.00, Counter: 46, Timestamp: 1745495863
Reason: global search time, Value: 684.77, Counter: 46, Timestamp: 1745495864
Reason: process time, Value: 0.00, Counter: 46, Timestamp: 1745495864
Reason: loop time, Value: 686.63, Counter: 46, Timestamp: 1745495864
----------------------------------------
Thread: nice_thread, Loop time exceeded: 741.27 ms
Reason: consumer time, Value: 0.00, Counter: 69, Timestamp: 1745495864
Reason: transform time, Value: 0.00, Counter: 69, Timestamp: 1745495864
Reason: global search time, Value: 738.60, Counter: 69, Timestamp: 1745495865
Reason: process time, Value: 0.00, Counter: 69, Timestamp: 1745495865
Reason: loop time, Value: 741.27, Counter: 69, Timestamp: 1745495865
----------------------------------------
Thread: nice_thread, Loop time exceeded: 775.28 ms
Reason: consumer time, Value: 0.00, Counter: 92, Timestamp: 1745495865
Reason: transform time, Value: 0.01, Counter: 92, Timestamp: 1745495865
Reason: global search time, Value: 769.68, Counter: 92, Timestamp: 1745495866
Reason: process time, Value: 0.00, Counter: 92, Timestamp: 1745495866
Reason: loop time, Value: 775.28, Counter: 92, Timestamp: 1745495866
----------------------------------------
Thread: nice_thread, Loop time exceeded: 733.53 ms
Reason: consumer time, Value: 0.00, Counter: 117, Timestamp: 1745495866
Reason: transform time, Value: 0.00, Counter: 117, Timestamp: 1745495866
Reason: global search time, Value: 731.41, Counter: 117, Timestamp: 1745495866
Reason: process time, Value: 0.00, Counter: 117, Timestamp: 1745495866
Reason: loop time, Value: 733.53, Counter: 117, Timestamp: 1745495866
----------------------------------------
