Core number: 2
Remap: 0.001 ms
Transform color: 7.306 ms
Core number: 2
Remap: 0.001 ms
Transform color: 1.623 ms
Core number: 2
Remap: 0.001 ms
Transform color: 4.811 ms
Core number: 2
Remap: 0.001 ms
Transform color: 1.822 ms
Core number: 2
Remap: 0.001 ms
Transform color: 2.035 ms
Core number: 2
Remap: 0.001 ms
Transform color: 2.129 ms
Core number: 2
Remap: 0.001 ms
Transform color: 1.965 ms
Core number: 2
Remap: 0 ms
Transform color: 4.734 ms
Core number: 2
Remap: 0.002 ms
Transform color: 5.536 ms
Core number: 2
Remap: 0.001 ms
Transform color: 2.053 ms
Core number: 2
Remap: 0.001 ms
Transform color: 4.44 ms
Core number: 2
Remap: 0.001 ms
Transform color: 1.829 ms
Core number: 2
Remap: 0.001 ms
Transform color: 1.981 ms
Core number: 2
Remap: 0 ms
Transform color: 4.668 ms
Core number: 2
Remap: 0 ms
Transform color: 5.868 ms
Core number: 2
Remap: 0 ms
Transform color: 2.237 ms
Core number: 2
Remap: 0.001 ms
Transform color: 1.761 ms
Core number: 2
Remap: 0.001 ms
Transform color: 2.654 ms
Core number: 2
Remap: 0.001 ms
Transform color: 1.991 ms
Core number: 2
Remap: 0.001 ms
Transform color: 2.031 ms
Core number: 2
Remap: 0 ms
Transform color: 1.583 ms
Core number: 2
Remap: 0.001 ms
Transform color: 1.875 ms
Core number: 2
Remap: 0.001 ms
Transform color: 5.937 ms
Core number: 2
Remap: 0.001 ms
Transform color: 1.569 ms
Core number: 2
Remap: 0 ms
Transform color: 2.291 ms
Core number: 2
Remap: 0.001 ms
Transform color: 2.059 ms
Core number: 2
Remap: 0 ms
Transform color: 1.847 ms
Core number: 2
Remap: 0.001 ms
Transform color: 1.84 ms
Core number: 2
Remap: 0.001 ms
Transform color: 1.935 ms
Core number: 2
Remap: 0.001 ms
Transform color: 2.132 ms
Core number: 2
Remap: 0.001 ms
Transform color: 1.436 ms
Core number: 2
Remap: 0.001 ms
Transform color: 4.809 ms
Core number: 2
Remap: 0.001 ms
Transform color: 1.866 ms
Core number: 2
Remap: 0.001 ms
Transform color: 2.119 ms
Core number: 2
Remap: 0.001 ms
Transform color: 1.684 ms
Core number: 2
Remap: 0.001 ms
Transform color: 2.441 ms
Core number: 2
Remap: 0.001 ms
Transform color: 1.646 ms
Core number: 2
Remap: 0.001 ms
Transform color: 9.165 ms
Core number: 2
Remap: 0.001 ms
Transform color: 1.994 ms
Core number: 2
Remap: 0.001 ms
Transform color: 1.319 ms
Core number: 2
Remap: 0.001 ms
Transform color: 1.793 ms
Core number: 2
Remap: 0 ms
Transform color: 1.74 ms
Core number: 2
Remap: 0.001 ms
Transform color: 2.853 ms
Core number: 2
Remap: 0.001 ms
Transform color: 2.442 ms
Core number: 2
Remap: 0.001 ms
Transform color: 2.126 ms
Core number: 2
Remap: 0.001 ms
Transform color: 1.773 ms
Core number: 2
Remap: 0.001 ms
Transform color: 1.57 ms
Core number: 2
Remap: 0.001 ms
Transform color: 1.974 ms
Core number: 2
Remap: 0.001 ms
Transform color: 2.279 ms
Core number: 2
Remap: 0.001 ms
Transform color: 1.695 ms
Core number: 2
Remap: 0 ms
Transform color: 2.026 ms
Core number: 2
Remap: 0.001 ms
Transform color: 1.596 ms
Core number: 2
Remap: 0.001 ms
Transform color: 2.702 ms
Core number: 2
Remap: 0.001 ms
Transform color: 2.459 ms
Core number: 2
Remap: 0 ms
Transform color: 1.715 ms
Core number: 2
Remap: 0 ms
Transform color: 5.836 ms
Core number: 2
Remap: 0.001 ms
Transform color: 2.617 ms
Core number: 2
Remap: 0.001 ms
Transform color: 1.749 ms
Core number: 2
Remap: 0 ms
Transform color: 1.307 ms
Core number: 2
Remap: 0 ms
Transform color: 1.628 ms
Core number: 2
Remap: 0.001 ms
Transform color: 2.535 ms
Core number: 2
Remap: 0.001 ms
Transform color: 2.224 ms
Core number: 2
Remap: 0.001 ms
Transform color: 1.748 ms
Core number: 2
Remap: 0.001 ms
Transform color: 1.657 ms
Core number: 2
Remap: 0.001 ms
Transform color: 2.096 ms
Core number: 2
Remap: 0.001 ms
Transform color: 2.056 ms
Core number: 2
Remap: 0.001 ms
Transform color: 1.763 ms
Core number: 2
Remap: 0.001 ms
Transform color: 2.051 ms
Core number: 2
Remap: 0 ms
Transform color: 2.224 ms
Core number: 2
Remap: 0 ms
Transform color: 2.081 ms
Core number: 2
Remap: 0 ms
Transform color: 51.675 ms
Core number: 2
Remap: 0 ms
Transform color: 2.393 ms
Core number: 2
Remap: 0.001 ms
Transform color: 1.791 ms
Core number: 2
Remap: 0 ms
Transform color: 2.409 ms
Core number: 2
Remap: 0.001 ms
Transform color: 1.88 ms
Core number: 2
Remap: 0.001 ms
Transform color: 1.984 ms
Core number: 2
Remap: 0.001 ms
Transform color: 1.803 ms
Core number: 2
Remap: 0 ms
Transform color: 3.577 ms
Core number: 2
Remap: 0.001 ms
Transform color: 1.994 ms
Core number: 2
Remap: 0.001 ms
Transform color: 2.154 ms
Core number: 2
Remap: 0 ms
Transform color: 1.562 ms
Core number: 2
Remap: 0.001 ms
Transform color: 1.471 ms
Core number: 2
Remap: 0.001 ms
Transform color: 1.834 ms
Core number: 2
Remap: 0.001 ms
Transform color: 2.056 ms
Core number: 2
, Value: 0.00, Counter: 4, Timestamp: 1745495813
Reason: global search time, Value: 678.51, Counter: 4, Timestamp: 1745495814
Reason: process time, Value: 0.00, Counter: 4, Timestamp: 1745495814
Reason: loop time, Value: 683.01, Counter: 4, Timestamp: 1745495814
----------------------------------------
Thread: nice_thread, Loop time exceeded: 738.66 ms
Reason: consumer time, Value: 0.00, Counter: 26, Timestamp: 1745495814
Reason: transform time, Value: 0.00, Counter: 26, Timestamp: 1745495814
Reason: global search time, Value: 736.76, Counter: 26, Timestamp: 1745495815
Reason: process time, Value: 0.00, Counter: 26, Timestamp: 1745495815
Reason: loop time, Value: 738.66, Counter: 26, Timestamp: 1745495815
----------------------------------------
Thread: nice_thread, Loop time exceeded: 710.33 ms
Reason: consumer time, Value: 0.00, Counter: 48, Timestamp: 1745495815
Reason: transform time, Value: 0.00, Counter: 48, Timestamp: 1745495815
Reason: global search time, Value: 708.29, Counter: 48, Timestamp: 1745495815
Reason: process time, Value: 0.00, Counter: 48, Timestamp: 1745495815
Reason: loop time, Value: 710.33, Counter: 48, Timestamp: 1745495815
----------------------------------------
Thread: nice_thread, Loop time exceeded: 671.27 ms
Reason: consumer time, Value: 0.00, Counter: 70, Timestamp: 1745495815
Reason: transform time, Value: 0.00, Counter: 70, Timestamp: 1745495815
Reason: global search time, Value: 666.56, Counter: 70, Timestamp: 1745495816
Reason: process time, Value: 0.00, Counter: 70, Timestamp: 1745495816
Reason: loop time, Value: 671.27, Counter: 70, Timestamp: 1745495816
----------------------------------------
Thread: nice_thread, Loop time exceeded: 723.25 ms
Reason: consumer time, Value: 0.00, Counter: 92, Timestamp: 1745495816
Reason: transform time, Value: 0.01, Counter: 92, Timestamp: 1745495816
Reason: global search time, Value: 717.32, Counter: 92, Timestamp: 1745495817
Reason: process time, Value: 0.00, Counter: 92, Timestamp: 1745495817
Reason: loop time, Value: 723.25, Counter: 92, Timestamp: 1745495817
----------------------------------------
Thread: nice_thread, Loop time exceeded: 725.70 ms
Reason: consumer time, Value: 0.00, Counter: 114, Timestamp: 1745495817
Reason: transform time, Value: 0.00, Counter: 114, Timestamp: 1745495817
Reason: global search time, Value: 723.41, Counter: 114, Timestamp: 1745495818
Reason: process time, Value: 0.00, Counter: 114, Timestamp: 1745495818
Reason: loop time, Value: 725.70, Counter: 114, Timestamp: 1745495818
----------------------------------------
Thread: nice_thread, Loop time exceeded: 739.63 ms
Reason: consumer time, Value: 0.00, Counter: 9, Timestamp: 1745495818
Reason: transform time, Value: 0.00, Counter: 9, Timestamp: 1745495818
Reason: global search time, Value: 737.83, Counter: 9, Timestamp: 1745495818
Reason: process time, Value: 0.00, Counter: 9, Timestamp: 1745495818
Reason: loop time, Value: 739.63, Counter: 9, Timestamp: 1745495818
----------------------------------------
Thread: nice_thread, Loop time exceeded: 686.43 ms
Reason: consumer time, Value: 0.00, Counter: 32, Timestamp: 1745495818
Reason: transform time, Value: 0.00, Counter: 32, Timestamp: 1745495818
Reason: global search time, Value: 683.71, Counter: 32, Timestamp: 1745495819
Reason: process time, Value: 0.00, Counter: 32, Timestamp: 1745495819
Reason: loop time, Value: 686.43, Counter: 32, Timestamp: 1745495819
----------------------------------------
Thread: nice_thread, Loop time exceeded: 747.54 ms
Reason: consumer time, Value: 0.00, Counter: 55, Timestamp: 1745495819
Reason: transform time, Value: 0.00, Counter: 55, Timestamp: 1745495819
Reason: global search time, Value: 745.47, Counter: 55, Timestamp: 1745495820
Reason: process time, Value: 0.00, Counter: 55, Timestamp: 1745495820
Reason: loop time, Value: 747.54, Counter: 55, Timestamp: 1745495820
----------------------------------------
Thread: nice_thread, Loop time exceeded: 730.10 ms
Reason: consumer time, Value: 0.00, Counter: 78, Timestamp: 1745495820
Reason: transform time, Value: 0.00, Counter: 78, Timestamp: 1745495820
Reason: global search time, Value: 728.01, Counter: 78, Timestamp: 1745495820
Reason: process time, Value: 0.00, Counter: 78, Timestamp: 1745495820
Reason: loop time, Value: 730.10, Counter: 78, Timestamp: 1745495820
----------------------------------------
Thread: nice_thread, Loop time exceeded: 724.55 ms
Reason: consumer time, Value: 0.00, Counter: 100, Timestamp: 1745495820
Reason: transform time, Value: 0.00, Counter: 100, Timestamp: 1745495820
Reason: global search time, Value: 722.92, Counter: 100, Timestamp: 1745495821
Reason: process time, Value: 0.00, Counter: 100, Timestamp: 1745495821
Reason: loop time, Value: 724.55, Counter: 100, Timestamp: 1745495821
----------------------------------------
Thread: nice_thread, Loop time exceeded: 690.76 ms
Reason: consumer time, Value: 0.00, Counter: 123, Timestamp: 1745495821
Reason: transform time, Value: 0.00, Counter: 123, Timestamp: 1745495821
Reason: global search time, Value: 688.84, Counter: 123, Timestamp: 1745495822
Reason: process time, Value: 0.00, Counter: 123, Timestamp: 1745495822
Reason: loop time, Value: 690.76, Counter: 123, Timestamp: 1745495822
----------------------------------------
Thread: nice_thread, Loop time exceeded: 727.35 ms
Reason: consumer time, Value: 0.00, Counter: 17, Timestamp: 1745495822
Reason: transform time, Value: 0.01, Counter: 17, Timestamp: 1745495822
Reason: global search time, Value: 721.34, Counter: 17, Timestamp: 1745495823
Reason: process time, Value: 0.00, Counter: 17, Timestamp: 1745495823
Reason: loop time, Value: 727.35, Counter: 17, Timestamp: 1745495823
----------------------------------------
Thread: nice_thread, Loop time exceeded: 744.64 ms
Reason: consumer time, Value: 0.00, Counter: 41, Timestamp: 1745495823
Reason: transform time, Value: 0.00, Counter: 41, Timestamp: 1745495823
Reason: global search time, Value: 743.04, Counter: 41, Timestamp: 1745495823
Reason: process time, Value: 0.00, Counter: 41, Timestamp: 1745495823
Reason: loop time, Value: 744.64, Counter: 41, Timestamp: 1745495823
----------------------------------------
Thread: nice_thread, Loop time exceeded: 687.00 ms
Reason: consumer time, Value: 0.00, Counter: 64, Timestamp: 1745495823
Reason: transform time, Value: 0.00, Counter: 64, Timestamp: 1745495823
Reason: global search time, Value: 684.65, Counter: 64, Timestamp: 1745495824
Reason: process time, Value: 0.00, Counter: 64, Timestamp: 1745495824
Reason: loop time, Value: 687.00, Counter: 64, Timestamp: 1745495824
----------------------------------------
Thread: nice_thread, Loop time exceeded: 754.92 ms
Reason: consumer time, Value: 0.00, Counter: 87, Timestamp: 1745495824
Reason: transform time, Value: 0.00, Counter: 87, Timestamp: 1745495824
Reason: global search time, Value: 752.82, Counter: 87, Timestamp: 1745495825
Reason: process time, Value: 0.00, Counter: 87, Timestamp: 1745495825
Reason: loop time, Value: 754.92, Counter: 87, Timestamp: 1745495825
----------------------------------------
Thread: nice_thread, Loop time exceeded: 723.57 ms
Reason: consumer time, Value: 0.00, Counter: 110, Timestamp: 1745495825
Reason: transform time, Value: 0.00, Counter: 110, Timestamp: 1745495825
Reason: global search time, Value: 721.68, Counter: 110, Timestamp: 1745495825
Reason: process time, Value: 0.00, Counter: 110, Timestamp: 1745495825
Reason: loop time, Value: 723.57, Counter: 110, Timestamp: 1745495825
----------------------------------------
Thread: nice_thread, Loop time exceeded: 704.57 ms
Reason: consumer time, Value: 0.00, Counter: 4, Timestamp: 1745495825
Reason: transform time, Value: 0.00, Counter: 4, Timestamp: 1745495825
Reason: global search time, Value: 702.67, Counter: 4, Timestamp: 1745495826
Reason: process time, Value: 0.00, Counter: 4, Timestamp: 1745495826
Reason: loop time, Value: 704.57, Counter: 4, Timestamp: 1745495826
----------------------------------------
Thread: nice_thread, Loop time exceeded: 669.35 ms
Reason: consumer time, Value: 0.00, Counter: 26, Timestamp: 1745495826
Reason: transform time, Value: 0.00, Counter: 26, Timestamp: 1745495826
Reason: global search time, Value: 667.35, Counter: 26, Timestamp: 1745495827
Reason: process time, Value: 0.00, Counter: 26, Timestamp: 1745495827
Reason: loop time, Value: 669.35, Counter: 26, Timestamp: 1745495827
----------------------------------------
Thread: nice_thread, Loop time exceeded: 729.33 ms
Reason: consumer time, Value: 0.00, Counter: 49, Timestamp: 1745495827
Reason: transform time, Value: 0.00, Counter: 49, Timestamp: 1745495827
Reason: global search time, Value: 727.16, Counter: 49, Timestamp: 1745495828
Reason: process time, Value: 0.00, Counter: 49, Timestamp: 1745495828
Reason: loop time, Value: 729.33, Counter: 49, Timestamp: 1745495828
----------------------------------------
Thread: nice_thread, Loop time exceeded: 729.33 ms
Reason: consumer time, Value: 0.00, Counter: 72, Timestamp: 1745495828
Reason: transform time, Value: 0.00, Counter: 72, Timestamp: 1745495828
Reason: global search time, Value: 727.86, Counter: 72, Timestamp: 1745495828
Reason: process time, Value: 0.00, Counter: 72, Timestamp: 1745495828
Reason: loop time, Value: 729.33, Counter: 72, Timestamp: 1745495828
----------------------------------------
Thread: nice_thread, Loop time exceeded: 700.86 ms
Reason: consumer time, Value: 0.00, Counter: 94, Timestamp: 1745495828
Reason: transform time, Value: 0.00, Counter: 94, Timestamp: 1745495828
Reason: global search time, Value: 696.01, Counter: 94, Timestamp: 1745495829
Reason: process time, Value: 0.00, Counter: 94, Timestamp: 1745495829
Reason: loop time, Value: 700.86, Counter: 94, Timestamp: 1745495829
----------------------------------------
Thread: nice_thread, Loop time exceeded: 758.98 ms
Reason: consumer time, Value: 0.00, Counter: 117, Timestamp: 1745495829
Reason: transform time, Value: 0.00, Counter: 117, Timestamp: 1745495829
Reason: global search time, Value: 757.06, Counter: 117, Timestamp: 1745495830
Reason: process time, Value: 0.00, Counter: 117, Timestamp: 1745495830
Reason: loop time, Value: 758.98, Counter: 117, Timestamp: 1745495830
----------------------------------------
Thread: nice_thread, Loop time exceeded: 740.64 ms
Reason: consumer time, Value: 0.00, Counter: 13, Timestamp: 1745495830
Reason: transform time, Value: 0.00, Counter: 13, Timestamp: 1745495830
Reason: global search time, Value: 738.46, Counter: 13, Timestamp: 1745495831
Reason: process time, Value: 0.00, Counter: 13, Timestamp: 1745495831
Reason: loop time, Value: 740.64, Counter: 13, Timestamp: 1745495831
----------------------------------------
Thread: nice_thread, Loop time exceeded: 711.27 ms
Reason: consumer time, Value: 0.00, Counter: 35, Timestamp: 1745495831
Reason: transform time, Value: 0.00, Counter: 35, Timestamp: 1745495831
Reason: global search time, Value: 709.54, Counter: 35, Timestamp: 1745495831
Reason: process time, Value: 0.00, Counter: 35, Timestamp: 1745495831
Reason: loop time, Value: 711.27, Counter: 35, Timestamp: 1745495831
----------------------------------------
Thread: nice_thread, Loop time exceeded: 659.48 ms
Reason: consumer time, Value: 0.00, Counter: 57, Timestamp: 1745495831
Reason: transform time, Value: 0.00, Counter: 57, Timestamp: 1745495831
Reason: global search time, Value: 656.96, Counter: 57, Timestamp: 1745495832
Reason: process time, Value: 0.00, Counter: 57, Timestamp: 1745495832
Reason: loop time, Value: 659.48, Counter: 57, Timestamp: 1745495832
----------------------------------------
Thread: nice_thread, Loop time exceeded: 723.03 ms
Reason: consumer time, Value: 0.00, Counter: 80, Timestamp: 1745495832
Reason: transform time, Value: 0.00, Counter: 80, Timestamp: 1745495832
Reason: global search time, Value: 721.34, Counter: 80, Timestamp: 1745495833
Reason: process time, Value: 0.00, Counter: 80, Timestamp: 1745495833
Reason: loop time, Value: 723.03, Counter: 80, Timestamp: 1745495833
----------------------------------------
Thread: nice_thread, Loop time exceeded: 739.35 ms
Reason: consumer time, Value: 0.00, Counter: 102, Timestamp: 1745495833
Reason: transform time, Value: 0.01, Counter: 102, Timestamp: 1745495833
Reason: global search time, Value: 730.14, Counter: 102, Timestamp: 1745495833
Reason: process time, Value: 0.00, Counter: 102, Timestamp: 1745495833
Reason: loop time, Value: 739.35, Counter: 102, Timestamp: 1745495833
----------------------------------------
Thread: nice_thread, Loop time exceeded: 673.34 ms
Reason: consumer time, Value: 0.00, Counter: 125, Timestamp: 1745495833
Reason: transform time, Value: 0.00, Counter: 125, Timestamp: 1745495833
Reason: global search time, Value: 671.30, Counter: 125, Timestamp: 1745495834
Reason: process time, Value: 0.00, Counter: 125, Timestamp: 1745495834
Reason: loop time, Value: 673.34, Counter: 125, Timestamp: 1745495834
----------------------------------------
Thread: nice_thread, Loop time exceeded: 743.65 ms
Reason: consumer time, Value: 0.00, Counter: 20, Timestamp: 1745495834
Reason: transform time, Value: 0.00, Counter: 20, Timestamp: 1745495834
Reason: global search time, Value: 742.29, Counter: 20, Timestamp: 1745495835
Reason: process time, Value: 0.00, Counter: 20, Timestamp: 1745495835
Reason: loop time, Value: 743.65, Counter: 20, Timestamp: 1745495835
----------------------------------------
Thread: nice_thread, Loop time exceeded: 727.73 ms
Reason: consumer time, Value: 0.00, Counter: 43, Timestamp: 1745495835
Reason: transform time, Value: 0.00, Counter: 43, Timestamp: 1745495835
Reason: global search time, Value: 725.89, Counter: 43, Timestamp: 1745495836
Reason: process time, Value: 0.00, Counter: 43, Timestamp: 1745495836
Reason: loop time, Value: 727.73, Counter: 43, Timestamp: 1745495836
----------------------------------------
Thread: nice_thread, Loop time exceeded: 709.32 ms
Reason: consumer time, Value: 0.00, Counter: 66, Timestamp: 1745495836
Reason: transform time, Value: 0.00, Counter: 66, Timestamp: 1745495836
Reason: global search time, Value: 707.54, Counter: 66, Timestamp: 1745495836
Reason: process time, Value: 0.00, Counter: 66, Timestamp: 1745495836
Reason: loop time, Value: 709.32, Counter: 66, Timestamp: 1745495836
----------------------------------------
Thread: nice_thread, Loop time exceeded: 670.39 ms
Reason: consumer time, Value: 0.00, Counter: 87, Timestamp: 1745495836
Reason: transform time, Value: 0.00, Counter: 87, Timestamp: 1745495836
Reason: global search time, Value: 667.47, Counter: 87, Timestamp: 1745495837
Reason: process time, Value: 0.00, Counter: 87, Timestamp: 1745495837
Reason: loop time, Value: 670.39, Counter: 87, Timestamp: 1745495837
----------------------------------------
Thread: nice_thread, Loop time exceeded: 724.22 ms
Reason: consumer time, Value: 0.00, Counter: 110, Timestamp: 1745495837
Reason: transform time, Value: 0.00, Counter: 110, Timestamp: 1745495837
Reason: global search time, Value: 721.73, Counter: 110, Timestamp: 1745495838
Reason: process time, Value: 0.00, Counter: 110, Timestamp: 1745495838
Reason: loop time, Value: 724.22, Counter: 110, Timestamp: 1745495838
----------------------------------------
Thread: nice_thread, Loop time exceeded: 721.54 ms
Reason: consumer time, Value: 0.00, Counter: 4, Timestamp: 1745495838
Reason: transform time, Value: 0.00, Counter: 4, Timestamp: 1745495838
Reason: global search time, Value: 719.36, Counter: 4, Timestamp: 1745495838
Reason: process time, Value: 0.00, Counter: 4, Timestamp: 1745495838
Reason: loop time, Value: 721.54, Counter: 4, Timestamp: 1745495838
----------------------------------------
Thread: nice_thread, Loop time exceeded: 683.44 ms
Reason: consumer time, Value: 0.00, Counter: 27, Timestamp: 1745495838
Reason: transform time, Value: 0.00, Counter: 27, Timestamp: 1745495838
Reason: global search time, Value: 681.63, Counter: 27, Timestamp: 1745495839
Reason: process time, Value: 0.00, Counter: 27, Timestamp: 1745495839
Reason: loop time, Value: 683.44, Counter: 27, Timestamp: 1745495839
----------------------------------------
Thread: nice_thread, Loop time exceeded: 750.48 ms
Reason: consumer time, Value: 0.00, Counter: 49, Timestamp: 1745495839
Reason: transform time, Value: 0.00, Counter: 49, Timestamp: 1745495839
Reason: global search time, Value: 748.86, Counter: 49, Timestamp: 1745495840
Reason: process time, Value: 0.00, Counter: 49, Timestamp: 1745495840
Reason: loop time, Value: 750.48, Counter: 49, Timestamp: 1745495840
----------------------------------------
Thread: nice_thread, Loop time exceeded: 729.86 ms
Reason: consumer time, Value: 0.00, Counter: 72, Timestamp: 1745495840
Reason: transform time, Value: 0.00, Counter: 72, Timestamp: 1745495840
Reason: global search time, Value: 727.80, Counter: 72, Timestamp: 1745495840
Reason: process time, Value: 0.00, Counter: 72, Timestamp: 1745495840
Reason: loop time, Value: 729.86, Counter: 72, Timestamp: 1745495840
----------------------------------------
Thread: nice_thread, Loop time exceeded: 708.03 ms
Reason: consumer time, Value: 0.00, Counter: 95, Timestamp: 1745495840
Reason: transform time, Value: 0.00, Counter: 95, Timestamp: 1745495840
Reason: global search time, Value: 705.68, Counter: 95, Timestamp: 1745495841
Reason: process time, Value: 0.00, Counter: 95, Timestamp: 1745495841
Reason: loop time, Value: 708.03, Counter: 95, Timestamp: 1745495841
----------------------------------------
Thread: nice_thread, Loop time exceeded: 651.93 ms
Reason: consumer time, Value: 0.00, Counter: 118, Timestamp: 1745495841
Reason: transform time, Value: 0.00, Counter: 118, Timestamp: 1745495841
Reason: global search time, Value: 650.20, Counter: 118, Timestamp: 1745495842
Reason: process time, Value: 0.00, Counter: 118, Timestamp: 1745495842
Reason: loop time, Value: 651.93, Counter: 118, Timestamp: 1745495842
----------------------------------------
Thread: nice_thread, Loop time exceeded: 725.02 ms
Reason: consumer time, Value: 0.00, Counter: 11, Timestamp: 1745495842
Reason: transform time, Value: 0.00, Counter: 11, Timestamp: 1745495842
Reason: global search time, Value: 722.93, Counter: 11, Timestamp: 1745495843
Reason: process time, Value: 0.00, Counter: 11, Timestamp: 1745495843
Reason: loop time, Value: 725.02, Counter: 11, Timestamp: 1745495843
----------------------------------------
Thread: nice_thread, Loop time exceeded: 735.71 ms
Reason: consumer time, Value: 0.00, Counter: 33, Timestamp: 1745495843
Reason: transform time, Value: 0.00, Counter: 33, Timestamp: 1745495843
Reason: global search time, Value: 734.07, Counter: 33, Timestamp: 1745495843
Reason: process time, Value: 0.00, Counter: 33, Timestamp: 1745495843
Reason: loop time, Value: 735.71, Counter: 33, Timestamp: 1745495843
----------------------------------------
Thread: nice_thread, Loop time exceeded: 667.87 ms
Reason: consumer time, Value: 0.00, Counter: 55, Timestamp: 1745495843
Reason: transform time, Value: 0.00, Counter: 55, Timestamp: 1745495843
Reason: global search time, Value: 665.09, Counter: 55, Timestamp: 1745495844
Reason: process time, Value: 0.00, Counter: 55, Timestamp: 1745495844
Reason: loop time, Value: 667.87, Counter: 55, Timestamp: 1745495844
----------------------------------------
Thread: nice_thread, Loop time exceeded: 747.79 ms
Reason: consumer time, Value: 0.00, Counter: 77, Timestamp: 1745495844
Reason: transform time, Value: 0.00, Counter: 77, Timestamp: 1745495844
Reason: global search time, Value: 745.27, Counter: 77, Timestamp: 1745495845
Reason: process time, Value: 0.00, Counter: 77, Timestamp: 1745495845
Reason: loop time, Value: 747.79, Counter: 77, Timestamp: 1745495845
----------------------------------------
Thread: nice_thread, Loop time exceeded: 710.57 ms
Reason: consumer time, Value: 0.00, Counter: 101, Timestamp: 1745495845
Reason: transform time, Value: 0.00, Counter: 101, Timestamp: 1745495845
Reason: global search time, Value: 708.81, Counter: 101, Timestamp: 1745495845
Reason: process time, Value: 0.00, Counter: 101, Timestamp: 1745495845
Reason: loop time, Value: 710.57, Counter: 101, Timestamp: 1745495845
----------------------------------------
Thread: nice_thread, Loop time exceeded: 653.73 ms
Reason: consumer time, Value: 0.00, Counter: 123, Timestamp: 1745495845
Reason: transform time, Value: 0.01, Counter: 123, Timestamp: 1745495845
Reason: global search time, Value: 647.84, Counter: 123, Timestamp: 1745495846
Reason: process time, Value: 0.00, Counter: 123, Timestamp: 1745495846
Reason: loop time, Value: 653.73, Counter: 123, Timestamp: 1745495846
----------------------------------------
Thread: nice_thread, Loop time exceeded: 703.48 ms
Reason: consumer time, Value: 0.00, Counter: 17, Timestamp: 1745495846
Reason: transform time, Value: 0.00, Counter: 17, Timestamp: 1745495846
Reason: global search time, Value: 700.81, Counter: 17, Timestamp: 1745495847
Reason: process time, Value: 0.00, Counter: 17, Timestamp: 1745495847
Reason: loop time, Value: 703.48, Counter: 17, Timestamp: 1745495847
----------------------------------------
Thread: nice_thread, Loop time exceeded: 723.04 ms
Reason: consumer time, Value: 0.00, Counter: 38, Timestamp: 1745495847
Reason: transform time, Value: 0.00, Counter: 38, Timestamp: 1745495847
Reason: global search time, Value: 721.24, Counter: 38, Timestamp: 1745495848
Reason: process time, Value: 0.00, Counter: 38, Timestamp: 1745495848
Reason: loop time, Value: 723.04, Counter: 38, Timestamp: 1745495848
----------------------------------------
Thread: nice_thread, Loop time exceeded: 722.10 ms
Reason: consumer time, Value: 0.00, Counter: 60, Timestamp: 1745495848
Reason: transform time, Value: 0.00, Counter: 60, Timestamp: 1745495848
Reason: global search time, Value: 720.76, Counter: 60, Timestamp: 1745495848
Reason: process time, Value: 0.00, Counter: 60, Timestamp: 1745495848
Reason: loop time, Value: 722.10, Counter: 60, Timestamp: 1745495848
----------------------------------------
Thread: nice_thread, Loop time exceeded: 683.45 ms
Reason: consumer time, Value: 0.00, Counter: 83, Timestamp: 1745495848
Reason: transform time, Value: 0.00, Counter: 83, Timestamp: 1745495848
Reason: global search time, Value: 681.78, Counter: 83, Timestamp: 1745495849
Reason: process time, Value: 0.00, Counter: 83, Timestamp: 1745495849
Reason: loop time, Value: 683.45, Counter: 83, Timestamp: 1745495849
----------------------------------------
Thread: nice_thread, Loop time exceeded: 781.99 ms
Reason: consumer time, Value: 0.00, Counter: 105, Timestamp: 1745495849
Reason: transform time, Value: 0.00, Counter: 105, Timestamp: 1745495849
Reason: global search time, Value: 779.37, Counter: 105, Timestamp: 1745495850
Reason: process time, Value: 0.00, Counter: 105, Timestamp: 1745495850
Reason: loop time, Value: 781.99, Counter: 105, Timestamp: 1745495850
----------------------------------------
Thread: nice_thread, Loop time exceeded: 721.82 ms
Reason: consumer time, Value: 0.00, Counter: 1, Timestamp: 1745495850
Reason: transform time, Value: 0.00, Counter: 1, Timestamp: 1745495850
Reason: global search time, Value: 719.52, Counter: 1, Timestamp: 1745495850
Reason: process time, Value: 0.00, Counter: 1, Timestamp: 1745495850
Reason: loop time, Value: 721.82, Counter: 1, Timestamp: 1745495850
----------------------------------------
Thread: nice_thread, Loop time exceeded: 734.95 ms
Reason: consumer time, Value: 0.00, Counter: 23, Timestamp: 1745495850
Reason: transform time, Value: 0.00, Counter: 23, Timestamp: 1745495850
Reason: global search time, Value: 733.16, Counter: 23, Timestamp: 1745495851
Reason: process time, Value: 0.00, Counter: 23, Timestamp: 1745495851
Reason: loop time, Value: 734.95, Counter: 23, Timestamp: 1745495851
----------------------------------------
Thread: nice_thread, Loop time exceeded: 672.13 ms
Reason: consumer time, Value: 0.00, Counter: 45, Timestamp: 1745495851
Reason: transform time, Value: 0.00, Counter: 45, Timestamp: 1745495851
Reason: global search time, Value: 670.43, Counter: 45, Timestamp: 1745495852
Reason: process time, Value: 0.00, Counter: 45, Timestamp: 1745495852
Reason: loop time, Value: 672.13, Counter: 45, Timestamp: 1745495852
----------------------------------------
Thread: nice_thread, Loop time exceeded: 725.82 ms
Reason: consumer time, Value: 0.00, Counter: 67, Timestamp: 1745495852
Reason: transform time, Value: 0.00, Counter: 67, Timestamp: 1745495852
Reason: global search time, Value: 723.64, Counter: 67, Timestamp: 1745495853
Reason: process time, Value: 0.00, Counter: 67, Timestamp: 1745495853
Reason: loop time, Value: 725.82, Counter: 67, Timestamp: 1745495853
----------------------------------------
Thread: nice_thread, Loop time exceeded: 724.58 ms
Reason: consumer time, Value: 0.00, Counter: 89, Timestamp: 1745495853
Reason: transform time, Value: 0.00, Counter: 89, Timestamp: 1745495853
Reason: global search time, Value: 722.46, Counter: 89, Timestamp: 1745495853
Reason: process time, Value: 0.00, Counter: 89, Timestamp: 1745495853
Reason: loop time, Value: 724.58, Counter: 89, Timestamp: 1745495853
----------------------------------------
Thread: nice_thread, Loop time exceeded: 680.54 ms
Reason: consumer time, Value: 0.00, Counter: 112, Timestamp: 1745495853
Reason: transform time, Value: 0.00, Counter: 112, Timestamp: 1745495853
Reason: global search time, Value: 678.70, Counter: 112, Timestamp: 1745495854
Reason: process time, Value: 0.00, Counter: 112, Timestamp: 1745495854
Reason: loop time, Value: 680.54, Counter: 112, Timestamp: 1745495854
----------------------------------------
Thread: nice_thread, Loop time exceeded: 730.45 ms
Reason: consumer time, Value: 0.00, Counter: 7, Timestamp: 1745495854
Reason: transform time, Value: 0.00, Counter: 7, Timestamp: 1745495854
Reason: global search time, Value: 728.31, Counter: 7, Timestamp: 1745495855
Reason: process time, Value: 0.00, Counter: 7, Timestamp: 1745495855
Reason: loop time, Value: 730.45, Counter: 7, Timestamp: 1745495855
----------------------------------------
Thread: nice_thread, Loop time exceeded: 739.01 ms
Reason: consumer time, Value: 0.00, Counter: 30, Timestamp: 1745495855
Reason: transform time, Value: 0.00, Counter: 30, Timestamp: 1745495855
Reason: global search time, Value: 736.71, Counter: 30, Timestamp: 1745495855
Reason: process time, Value: 0.00, Counter: 30, Timestamp: 1745495855
Reason: loop time, Value: 739.01, Counter: 30, Timestamp: 1745495855
----------------------------------------
Thread: nice_thread, Loop time exceeded: 665.77 ms
Reason: consumer time, Value: 0.00, Counter: 53, Timestamp: 1745495855
Reason: transform time, Value: 0.00, Counter: 53, Timestamp: 1745495855
Reason: global search time, Value: 663.65, Counter: 53, Timestamp: 1745495856
Reason: process time, Value: 0.00, Counter: 53, Timestamp: 1745495856
Reason: loop time, Value: 665.77, Counter: 53, Timestamp: 1745495856
----------------------------------------
Thread: nice_thread, Loop time exceeded: 702.09 ms
Reason: consumer time, Value: 0.00, Counter: 75, Timestamp: 1745495856
Reason: transform time, Value: 0.05, Counter: 75, Timestamp: 1745495856
Reason: global search time, Value: 650.37, Counter: 75, Timestamp: 1745495857
Reason: process time, Value: 0.00, Counter: 75, Timestamp: 1745495857
Reason: loop time, Value: 702.09, Counter: 75, Timestamp: 1745495857
----------------------------------------
Thread: nice_thread, Loop time exceeded: 708.95 ms
Reason: consumer time, Value: 0.00, Counter: 96, Timestamp: 1745495857
Reason: transform time, Value: 0.00, Counter: 96, Timestamp: 1745495857
Reason: global search time, Value: 706.47, Counter: 96, Timestamp: 1745495858
Reason: process time, Value: 0.00, Counter: 96, Timestamp: 1745495858
Reason: loop time, Value: 708.95, Counter: 96, Timestamp: 1745495858
----------------------------------------
Thread: nice_thread, Loop time exceeded: 708.10 ms
Reason: consumer time, Value: 0.00, Counter: 118, Timestamp: 1745495858
Reason: transform time, Value: 0.00, Counter: 118, Timestamp: 1745495858
Reason: global search time, Value: 706.24, Counter: 118, Timestamp: 1745495858
Reason: process time, Value: 0.00, Counter: 118, Timestamp: 1745495858
Reason: loop time, Value: 708.10, Counter: 118, Timestamp: 1745495858
----------------------------------------
Thread: nice_thread, Loop time exceeded: 671.93 ms
Reason: consumer time, Value: 0.00, Counter: 13, Timestamp: 1745495858
Reason: transform time, Value: 0.00, Counter: 13, Timestamp: 1745495858
Reason: global search time, Value: 669.46, Counter: 13, Timestamp: 1745495859
Reason: process time, Value: 0.00, Counter: 13, Timestamp: 1745495859
Reason: loop time, Value: 671.93, Counter: 13, Timestamp: 1745495859
----------------------------------------
Thread: nice_thread, Loop time exceeded: 739.54 ms
Reason: consumer time, Value: 0.00, Counter: 35, Timestamp: 1745495859
Reason: transform time, Value: 0.00, Counter: 35, Timestamp: 1745495859
Reason: global search time, Value: 737.61, Counter: 35, Timestamp: 1745495860
Reason: process time, Value: 0.00, Counter: 35, Timestamp: 1745495860
Reason: loop time, Value: 739.54, Counter: 35, Timestamp: 1745495860
----------------------------------------
Thread: nice_thread, Loop time exceeded: 718.64 ms
Reason: consumer time, Value: 0.00, Counter: 58, Timestamp: 1745495860
Reason: transform time, Value: 0.00, Counter: 58, Timestamp: 1745495860
Reason: global search time, Value: 716.61, Counter: 58, Timestamp: 1745495860
Reason: process time, Value: 0.00, Counter: 58, Timestamp: 1745495860
Reason: loop time, Value: 718.64, Counter: 58, Timestamp: 1745495860
----------------------------------------
Thread: nice_thread, Loop time exceeded: 674.45 ms
Reason: consumer time, Value: 0.00, Counter: 81, Timestamp: 1745495860
Reason: transform time, Value: 0.00, Counter: 81, Timestamp: 1745495860
Reason: global search time, Value: 672.57, Counter: 81, Timestamp: 1745495861
Reason: process time, Value: 0.00, Counter: 81, Timestamp: 1745495861
Reason: loop time, Value: 674.45, Counter: 81, Timestamp: 1745495861
----------------------------------------
Thread: nice_thread, Loop time exceeded: 741.16 ms
Reason: consumer time, Value: 0.00, Counter: 103, Timestamp: 1745495861
Reason: transform time, Value: 0.00, Counter: 103, Timestamp: 1745495861
Reason: global search time, Value: 737.55, Counter: 103, Timestamp: 1745495862
Reason: process time, Value: 0.00, Counter: 103, Timestamp: 1745495862
Reason: loop time, Value: 741.16, Counter: 103, Timestamp: 1745495862
----------------------------------------
Thread: nice_thread, Loop time exceeded: 711.45 ms
Reason: consumer time, Value: 0.00, Counter: 126, Timestamp: 1745495862
Reason: transform time, Value: 0.00, Counter: 126, Timestamp: 1745495862
Reason: global search time, Value: 709.39, Counter: 126, Timestamp: 1745495862
Reason: process time, Value: 0.00, Counter: 126, Timestamp: 1745495862
Reason: loop time, Value: 711.45, Counter: 126, Timestamp: 1745495862
----------------------------------------
Thread: nice_thread, Loop time exceeded: 718.38 ms
Reason: consumer time, Value: 0.00, Counter: 20, Timestamp: 1745495862
Reason: transform time, Value: 0.00, Counter: 20, Timestamp: 1745495862
Reason: global search time, Value: 716.16, Counter: 20, Timestamp: 1745495863
Reason: process time, Value: 0.00, Counter: 20, Timestamp: 1745495863
Reason: loop time, Value: 718.38, Counter: 20, Timestamp: 1745495863
----------------------------------------
Thread: nice_thread, Loop time exceeded: 673.96 ms
Reason: consumer time, Value: 0.00, Counter: 43, Timestamp: 1745495863
Reason: transform time, Value: 0.00, Counter: 43, Timestamp: 1745495863
Reason: global search time, Value: 672.37, Counter: 43, Timestamp: 1745495864
Reason: process time, Value: 0.00, Counter: 43, Timestamp: 1745495864
Reason: loop time, Value: 673.96, Counter: 43, Timestamp: 1745495864
----------------------------------------
Thread: nice_thread, Loop time exceeded: 732.61 ms
Reason: consumer time, Value: 0.00, Counter: 65, Timestamp: 1745495864
Reason: transform time, Value: 0.00, Counter: 65, Timestamp: 1745495864
Reason: global search time, Value: 731.11, Counter: 65, Timestamp: 1745495865
Reason: process time, Value: 0.00, Counter: 65, Timestamp: 1745495865
Reason: loop time, Value: 732.61, Counter: 65, Timestamp: 1745495865
----------------------------------------
Thread: nice_thread, Loop time exceeded: 746.97 ms
Reason: consumer time, Value: 0.00, Counter: 88, Timestamp: 1745495865
Reason: transform time, Value: 0.00, Counter: 88, Timestamp: 1745495865
Reason: global search time, Value: 745.09, Counter: 88, Timestamp: 1745495865
Reason: process time, Value: 0.00, Counter: 88, Timestamp: 1745495865
Reason: loop time, Value: 746.97, Counter: 88, Timestamp: 1745495865
----------------------------------------
Thread: nice_thread, Loop time exceeded: 710.14 ms
Reason: consumer time, Value: 0.00, Counter: 111, Timestamp: 1745495865
Reason: transform time, Value: 0.00, Counter: 111, Timestamp: 1745495865
Reason: global search time, Value: 708.02, Counter: 111, Timestamp: 1745495866
Reason: process time, Value: 0.00, Counter: 111, Timestamp: 1745495866
Reason: loop time, Value: 710.14, Counter: 111, Timestamp: 1745495866
----------------------------------------
