Core number: 1
Remap: 0.005 ms
Transform color: 3.138 ms
Core number: 1
Remap: 0.001 ms
Transform color: 1.55 ms
Core number: 1
Remap: 0.001 ms
Transform color: 1.887 ms
Core number: 1
Remap: 0.001 ms
Transform color: 1.669 ms
Core number: 1
Remap: 0 ms
Transform color: 1.634 ms
Core number: 1
Remap: 0.001 ms
Transform color: 1.729 ms
Core number: 1
Remap: 0.001 ms
Transform color: 1.374 ms
Core number: 1
Remap: 0.001 ms
Transform color: 1.619 ms
Core number: 1
Remap: 0 ms
Transform color: 2.051 ms
Core number: 1
Remap: 0.001 ms
Transform color: 1.709 ms
Core number: 1
Remap: 0.001 ms
Transform color: 5.656 ms
Core number: 1
Remap: 0.001 ms
Transform color: 5.92 ms
Core number: 1
Remap: 0.001 ms
Transform color: 2.103 ms
Core number: 1
Remap: 0.001 ms
Transform color: 1.75 ms
Core number: 1
Remap: 0.001 ms
Transform color: 18.038 ms
Core number: 1
Remap: 0.001 ms
Transform color: 1.981 ms
Core number: 1
Remap: 0.001 ms
Transform color: 1.334 ms
Core number: 1
Remap: 0.001 ms
Transform color: 1.948 ms
Core number: 1
Remap: 0.001 ms
Transform color: 10.609 ms
Core number: 1
Remap: 0.001 ms
Transform color: 2.221 ms
Core number: 1
Remap: 0.001 ms
Transform color: 1.738 ms
Core number: 1
Remap: 0.001 ms
Transform color: 2.393 ms
Core number: 1
Remap: 0.001 ms
Transform color: 1.893 ms
Core number: 1
Remap: 0 ms
Transform color: 1.687 ms
Core number: 1
Remap: 0.001 ms
Transform color: 1.778 ms
Core number: 1
Remap: 0 ms
Transform color: 1.594 ms
Core number: 1
Remap: 0.001 ms
Transform color: 1.894 ms
Core number: 1
Remap: 0.001 ms
Transform color: 1.852 ms
Core number: 1
Remap: 0.001 ms
Transform color: 16.84 ms
Core number: 1
Remap: 0.001 ms
Transform color: 1.742 ms
Core number: 1
Remap: 0 ms
Transform color: 6.318 ms
Core number: 1
Remap: 0 ms
Transform color: 1.751 ms
Core number: 1
Remap: 0.001 ms
Transform color: 5.533 ms
Core number: 1
Remap: 0 ms
Transform color: 5.689 ms
Core number: 1
Remap: 0.001 ms
Transform color: 2.084 ms
Core number: 1
Remap: 0.001 ms
Transform color: 1.758 ms
Core number: 1
Remap: 0.001 ms
Transform color: 1.786 ms
Core number: 1
Remap: 0 ms
Transform color: 1.89 ms
Core number: 1
Remap: 0.001 ms
Transform color: 1.863 ms
Core number: 1
Remap: 0 ms
Transform color: 1.621 ms
Core number: 1
Remap: 0.001 ms
Transform color: 1.542 ms
Core number: 1
Remap: 0 ms
Transform color: 4.104 ms
Core number: 1
Remap: 0 ms
Transform color: 1.554 ms
Core number: 1
Remap: 0 ms
Transform color: 1.836 ms
Core number: 1
Remap: 0.001 ms
Transform color: 1.549 ms
Core number: 1
Remap: 0.001 ms
Transform color: 2.015 ms
Core number: 1
Remap: 0 ms
Transform color: 1.406 ms
Core number: 1
Remap: 0.001 ms
Transform color: 5.327 ms
Core number: 1
Remap: 0.001 ms
Transform color: 2.129 ms
Core number: 1
Remap: 0.001 ms
Transform color: 1.947 ms
Core number: 1
Remap: 0 ms
Transform color: 4.877 ms
Core number: 1
Remap: 0.001 ms
Transform color: 2.452 ms
Core number: 1
Remap: 0.001 ms
Transform color: 1.738 ms
Core number: 1
Remap: 0 ms
Transform color: 1.805 ms
Core number: 1
Remap: 0 ms
Transform color: 1.476 ms
Core number: 1
Remap: 0.001 ms
Transform color: 1.605 ms
Core number: 1
Remap: 0 ms
Transform color: 3.433 ms
Core number: 1
Remap: 0.001 ms
Transform color: 1.934 ms
Core number: 1
Remap: 0.001 ms
Transform color: 5.02 ms
Core number: 1
Remap: 0.001 ms
Transform color: 2.259 ms
Core number: 1
Remap: 0.001 ms
Transform color: 2.081 ms
Core number: 1
Remap: 0.001 ms
Transform color: 2.484 ms
Core number: 1
Remap: 0 ms
Transform color: 1.743 ms
Core number: 1
Remap: 0 ms
Transform color: 4.545 ms
Core number: 1
Remap: 0 ms
Transform color: 1.74 ms
Core number: 1
Remap: 0 ms
Transform color: 1.399 ms
Core number: 1
Remap: 0 ms
Transform color: 1.674 ms
Core number: 1
Remap: 0.001 ms
Transform color: 2.107 ms
Core number: 1
Remap: 0.001 ms
Transform color: 1.866 ms
Core number: 1
Remap: 0 ms
Transform color: 1.363 ms
Core number: 1
Remap: 0 ms
Transform color: 1.902 ms
Core number: 1
Remap: 0.001 ms
Transform color: 1.892 ms
Core number: 1
Remap: 0.001 ms
Transform color: 1.476 ms
Core number: 1
Remap: 0 ms
Transform color: 2.235 ms
Core number: 1
Remap: 0 ms
Transform color: 4.675 ms
Core number: 1
Remap: 0.001 ms
Transform color: 11.422 ms
Core number: 1
Remap: 0.001 ms
Transform color: 1.893 ms
Core number: 1
Remap: 0.001 ms
Transform color: 1.539 ms
Core number: 1
Remap: 0.001 ms
Transform color: 1.855 ms
Core number: 1
Remap: 0.001 ms
Transform color: 1.61 ms
Core number: 1
Remap: 0 ms
Transform color: 1.145 ms
Core number: 1
estamp: 1745495814
----------------------------------------
Thread: nice_thread, Loop time exceeded: 793.59 ms
Reason: consumer time, Value: 0.00, Counter: 13, Timestamp: 1745495814
Reason: transform time, Value: 0.01, Counter: 13, Timestamp: 1745495814
Reason: global search time, Value: 787.87, Counter: 13, Timestamp: 1745495814
Reason: process time, Value: 0.00, Counter: 13, Timestamp: 1745495814
Reason: loop time, Value: 793.59, Counter: 13, Timestamp: 1745495814
----------------------------------------
Thread: nice_thread, Loop time exceeded: 780.58 ms
Reason: consumer time, Value: 0.00, Counter: 37, Timestamp: 1745495814
Reason: transform time, Value: 0.01, Counter: 37, Timestamp: 1745495814
Reason: global search time, Value: 774.60, Counter: 37, Timestamp: 1745495815
Reason: process time, Value: 0.00, Counter: 37, Timestamp: 1745495815
Reason: loop time, Value: 780.58, Counter: 37, Timestamp: 1745495815
----------------------------------------
Thread: nice_thread, Loop time exceeded: 726.36 ms
Reason: consumer time, Value: 0.00, Counter: 61, Timestamp: 1745495815
Reason: transform time, Value: 0.00, Counter: 61, Timestamp: 1745495815
Reason: global search time, Value: 724.20, Counter: 61, Timestamp: 1745495816
Reason: process time, Value: 0.00, Counter: 61, Timestamp: 1745495816
Reason: loop time, Value: 726.36, Counter: 61, Timestamp: 1745495816
----------------------------------------
Thread: nice_thread, Loop time exceeded: 780.90 ms
Reason: consumer time, Value: 0.00, Counter: 85, Timestamp: 1745495816
Reason: transform time, Value: 0.00, Counter: 85, Timestamp: 1745495816
Reason: global search time, Value: 779.09, Counter: 85, Timestamp: 1745495817
Reason: process time, Value: 0.00, Counter: 85, Timestamp: 1745495817
Reason: loop time, Value: 780.90, Counter: 85, Timestamp: 1745495817
----------------------------------------
Thread: nice_thread, Loop time exceeded: 791.94 ms
Reason: consumer time, Value: 0.00, Counter: 109, Timestamp: 1745495817
Reason: transform time, Value: 0.02, Counter: 109, Timestamp: 1745495817
Reason: global search time, Value: 773.85, Counter: 109, Timestamp: 1745495817
Reason: process time, Value: 0.00, Counter: 109, Timestamp: 1745495817
Reason: loop time, Value: 791.94, Counter: 109, Timestamp: 1745495817
----------------------------------------
Thread: nice_thread, Loop time exceeded: 767.93 ms
Reason: consumer time, Value: 0.00, Counter: 5, Timestamp: 1745495817
Reason: transform time, Value: 0.00, Counter: 5, Timestamp: 1745495817
Reason: global search time, Value: 765.89, Counter: 5, Timestamp: 1745495818
Reason: process time, Value: 0.00, Counter: 5, Timestamp: 1745495818
Reason: loop time, Value: 767.93, Counter: 5, Timestamp: 1745495818
----------------------------------------
Thread: nice_thread, Loop time exceeded: 733.44 ms
Reason: consumer time, Value: 0.00, Counter: 29, Timestamp: 1745495818
Reason: transform time, Value: 0.00, Counter: 29, Timestamp: 1745495818
Reason: global search time, Value: 732.07, Counter: 29, Timestamp: 1745495819
Reason: process time, Value: 0.00, Counter: 29, Timestamp: 1745495819
Reason: loop time, Value: 733.44, Counter: 29, Timestamp: 1745495819
----------------------------------------
Thread: nice_thread, Loop time exceeded: 770.26 ms
Reason: consumer time, Value: 0.00, Counter: 52, Timestamp: 1745495819
Reason: transform time, Value: 0.00, Counter: 52, Timestamp: 1745495819
Reason: global search time, Value: 768.24, Counter: 52, Timestamp: 1745495820
Reason: process time, Value: 0.00, Counter: 52, Timestamp: 1745495820
Reason: loop time, Value: 770.26, Counter: 52, Timestamp: 1745495820
----------------------------------------
Thread: nice_thread, Loop time exceeded: 792.59 ms
Reason: consumer time, Value: 0.00, Counter: 75, Timestamp: 1745495820
Reason: transform time, Value: 0.01, Counter: 75, Timestamp: 1745495820
Reason: global search time, Value: 781.91, Counter: 75, Timestamp: 1745495821
Reason: process time, Value: 0.00, Counter: 75, Timestamp: 1745495821
Reason: loop time, Value: 792.59, Counter: 75, Timestamp: 1745495821
----------------------------------------
Thread: nice_thread, Loop time exceeded: 784.97 ms
Reason: consumer time, Value: 0.00, Counter: 98, Timestamp: 1745495821
Reason: transform time, Value: 0.00, Counter: 98, Timestamp: 1745495821
Reason: global search time, Value: 782.68, Counter: 98, Timestamp: 1745495821
Reason: process time, Value: 0.00, Counter: 98, Timestamp: 1745495821
Reason: loop time, Value: 784.97, Counter: 98, Timestamp: 1745495821
----------------------------------------
Thread: nice_thread, Loop time exceeded: 716.25 ms
Reason: consumer time, Value: 0.00, Counter: 122, Timestamp: 1745495821
Reason: transform time, Value: 0.00, Counter: 122, Timestamp: 1745495821
Reason: global search time, Value: 714.48, Counter: 122, Timestamp: 1745495822
Reason: process time, Value: 0.00, Counter: 122, Timestamp: 1745495822
Reason: loop time, Value: 716.25, Counter: 122, Timestamp: 1745495822
----------------------------------------
Thread: nice_thread, Loop time exceeded: 779.91 ms
Reason: consumer time, Value: 0.00, Counter: 17, Timestamp: 1745495822
Reason: transform time, Value: 0.00, Counter: 17, Timestamp: 1745495822
Reason: global search time, Value: 777.46, Counter: 17, Timestamp: 1745495823
Reason: process time, Value: 0.00, Counter: 17, Timestamp: 1745495823
Reason: loop time, Value: 779.91, Counter: 17, Timestamp: 1745495823
----------------------------------------
Thread: nice_thread, Loop time exceeded: 770.73 ms
Reason: consumer time, Value: 0.00, Counter: 41, Timestamp: 1745495823
Reason: transform time, Value: 0.00, Counter: 41, Timestamp: 1745495823
Reason: global search time, Value: 768.78, Counter: 41, Timestamp: 1745495824
Reason: process time, Value: 0.00, Counter: 41, Timestamp: 1745495824
Reason: loop time, Value: 770.73, Counter: 41, Timestamp: 1745495824
----------------------------------------
Thread: nice_thread, Loop time exceeded: 813.25 ms
Reason: consumer time, Value: 0.00, Counter: 64, Timestamp: 1745495824
Reason: transform time, Value: 0.00, Counter: 64, Timestamp: 1745495824
Reason: global search time, Value: 811.52, Counter: 64, Timestamp: 1745495824
Reason: process time, Value: 0.00, Counter: 64, Timestamp: 1745495824
Reason: loop time, Value: 813.25, Counter: 64, Timestamp: 1745495824
----------------------------------------
Thread: nice_thread, Loop time exceeded: 804.72 ms
Reason: consumer time, Value: 0.00, Counter: 88, Timestamp: 1745495824
Reason: transform time, Value: 0.00, Counter: 88, Timestamp: 1745495824
Reason: global search time, Value: 802.88, Counter: 88, Timestamp: 1745495825
Reason: process time, Value: 0.00, Counter: 88, Timestamp: 1745495825
Reason: loop time, Value: 804.72, Counter: 88, Timestamp: 1745495825
----------------------------------------
Thread: nice_thread, Loop time exceeded: 739.03 ms
Reason: consumer time, Value: 0.00, Counter: 113, Timestamp: 1745495825
Reason: transform time, Value: 0.00, Counter: 113, Timestamp: 1745495825
Reason: global search time, Value: 737.41, Counter: 113, Timestamp: 1745495826
Reason: process time, Value: 0.00, Counter: 113, Timestamp: 1745495826
Reason: loop time, Value: 739.03, Counter: 113, Timestamp: 1745495826
----------------------------------------
Thread: nice_thread, Loop time exceeded: 785.04 ms
Reason: consumer time, Value: 0.00, Counter: 8, Timestamp: 1745495826
Reason: transform time, Value: 0.00, Counter: 8, Timestamp: 1745495826
Reason: global search time, Value: 783.09, Counter: 8, Timestamp: 1745495827
Reason: process time, Value: 0.00, Counter: 8, Timestamp: 1745495827
Reason: loop time, Value: 785.04, Counter: 8, Timestamp: 1745495827
----------------------------------------
Thread: nice_thread, Loop time exceeded: 777.14 ms
Reason: consumer time, Value: 0.00, Counter: 32, Timestamp: 1745495827
Reason: transform time, Value: 0.00, Counter: 32, Timestamp: 1745495827
Reason: global search time, Value: 775.23, Counter: 32, Timestamp: 1745495828
Reason: process time, Value: 0.00, Counter: 32, Timestamp: 1745495828
Reason: loop time, Value: 777.14, Counter: 32, Timestamp: 1745495828
----------------------------------------
Thread: nice_thread, Loop time exceeded: 785.77 ms
Reason: consumer time, Value: 0.00, Counter: 55, Timestamp: 1745495828
Reason: transform time, Value: 0.02, Counter: 55, Timestamp: 1745495828
Reason: global search time, Value: 768.89, Counter: 55, Timestamp: 1745495828
Reason: process time, Value: 0.00, Counter: 55, Timestamp: 1745495828
Reason: loop time, Value: 785.77, Counter: 55, Timestamp: 1745495828
----------------------------------------
Thread: nice_thread, Loop time exceeded: 729.53 ms
Reason: consumer time, Value: 0.00, Counter: 79, Timestamp: 1745495828
Reason: transform time, Value: 0.00, Counter: 79, Timestamp: 1745495828
Reason: global search time, Value: 727.75, Counter: 79, Timestamp: 1745495829
Reason: process time, Value: 0.00, Counter: 79, Timestamp: 1745495829
Reason: loop time, Value: 729.53, Counter: 79, Timestamp: 1745495829
----------------------------------------
Thread: nice_thread, Loop time exceeded: 786.46 ms
Reason: consumer time, Value: 0.00, Counter: 102, Timestamp: 1745495829
Reason: transform time, Value: 0.01, Counter: 102, Timestamp: 1745495829
Reason: global search time, Value: 780.10, Counter: 102, Timestamp: 1745495830
Reason: process time, Value: 0.00, Counter: 102, Timestamp: 1745495830
Reason: loop time, Value: 786.46, Counter: 102, Timestamp: 1745495830
----------------------------------------
Thread: nice_thread, Loop time exceeded: 797.46 ms
Reason: consumer time, Value: 0.00, Counter: 127, Timestamp: 1745495830
Reason: transform time, Value: 0.00, Counter: 127, Timestamp: 1745495830
Reason: global search time, Value: 795.67, Counter: 127, Timestamp: 1745495831
Reason: process time, Value: 0.00, Counter: 127, Timestamp: 1745495831
Reason: loop time, Value: 797.46, Counter: 127, Timestamp: 1745495831
----------------------------------------
Thread: nice_thread, Loop time exceeded: 783.93 ms
Reason: consumer time, Value: 0.00, Counter: 22, Timestamp: 1745495831
Reason: transform time, Value: 0.01, Counter: 22, Timestamp: 1745495831
Reason: global search time, Value: 778.33, Counter: 22, Timestamp: 1745495831
Reason: process time, Value: 0.00, Counter: 22, Timestamp: 1745495831
Reason: loop time, Value: 783.93, Counter: 22, Timestamp: 1745495831
----------------------------------------
Thread: nice_thread, Loop time exceeded: 787.38 ms
Reason: consumer time, Value: 0.00, Counter: 46, Timestamp: 1745495831
Reason: transform time, Value: 0.01, Counter: 46, Timestamp: 1745495831
Reason: global search time, Value: 781.65, Counter: 46, Timestamp: 1745495832
Reason: process time, Value: 0.00, Counter: 46, Timestamp: 1745495832
Reason: loop time, Value: 787.38, Counter: 46, Timestamp: 1745495832
----------------------------------------
Thread: nice_thread, Loop time exceeded: 735.64 ms
Reason: consumer time, Value: 0.00, Counter: 70, Timestamp: 1745495832
Reason: transform time, Value: 0.00, Counter: 70, Timestamp: 1745495832
Reason: global search time, Value: 733.51, Counter: 70, Timestamp: 1745495833
Reason: process time, Value: 0.00, Counter: 70, Timestamp: 1745495833
Reason: loop time, Value: 735.64, Counter: 70, Timestamp: 1745495833
----------------------------------------
Thread: nice_thread, Loop time exceeded: 813.61 ms
Reason: consumer time, Value: 0.00, Counter: 93, Timestamp: 1745495833
Reason: transform time, Value: 0.00, Counter: 93, Timestamp: 1745495833
Reason: global search time, Value: 811.81, Counter: 93, Timestamp: 1745495834
Reason: process time, Value: 0.00, Counter: 93, Timestamp: 1745495834
Reason: loop time, Value: 813.61, Counter: 93, Timestamp: 1745495834
----------------------------------------
Thread: nice_thread, Loop time exceeded: 776.05 ms
Reason: consumer time, Value: 0.00, Counter: 117, Timestamp: 1745495834
Reason: transform time, Value: 0.00, Counter: 117, Timestamp: 1745495834
Reason: global search time, Value: 774.19, Counter: 117, Timestamp: 1745495835
Reason: process time, Value: 0.00, Counter: 117, Timestamp: 1745495835
Reason: loop time, Value: 776.05, Counter: 117, Timestamp: 1745495835
----------------------------------------
Thread: nice_thread, Loop time exceeded: 768.70 ms
Reason: consumer time, Value: 0.00, Counter: 12, Timestamp: 1745495835
Reason: transform time, Value: 0.00, Counter: 12, Timestamp: 1745495835
Reason: global search time, Value: 766.76, Counter: 12, Timestamp: 1745495835
Reason: process time, Value: 0.00, Counter: 12, Timestamp: 1745495835
Reason: loop time, Value: 768.70, Counter: 12, Timestamp: 1745495835
----------------------------------------
Thread: nice_thread, Loop time exceeded: 724.13 ms
Reason: consumer time, Value: 0.00, Counter: 35, Timestamp: 1745495835
Reason: transform time, Value: 0.00, Counter: 35, Timestamp: 1745495835
Reason: global search time, Value: 722.21, Counter: 35, Timestamp: 1745495836
Reason: process time, Value: 0.00, Counter: 35, Timestamp: 1745495836
Reason: loop time, Value: 724.13, Counter: 35, Timestamp: 1745495836
----------------------------------------
Thread: nice_thread, Loop time exceeded: 760.36 ms
Reason: consumer time, Value: 0.00, Counter: 58, Timestamp: 1745495836
Reason: transform time, Value: 0.00, Counter: 58, Timestamp: 1745495836
Reason: global search time, Value: 758.70, Counter: 58, Timestamp: 1745495837
Reason: process time, Value: 0.00, Counter: 58, Timestamp: 1745495837
Reason: loop time, Value: 760.36, Counter: 58, Timestamp: 1745495837
----------------------------------------
Thread: nice_thread, Loop time exceeded: 770.32 ms
Reason: consumer time, Value: 0.00, Counter: 82, Timestamp: 1745495837
Reason: transform time, Value: 0.00, Counter: 82, Timestamp: 1745495837
Reason: global search time, Value: 768.73, Counter: 82, Timestamp: 1745495838
Reason: process time, Value: 0.00, Counter: 82, Timestamp: 1745495838
Reason: loop time, Value: 770.32, Counter: 82, Timestamp: 1745495838
----------------------------------------
Thread: nice_thread, Loop time exceeded: 764.21 ms
Reason: consumer time, Value: 0.00, Counter: 105, Timestamp: 1745495838
Reason: transform time, Value: 0.00, Counter: 105, Timestamp: 1745495838
Reason: global search time, Value: 760.07, Counter: 105, Timestamp: 1745495838
Reason: process time, Value: 0.00, Counter: 105, Timestamp: 1745495838
Reason: loop time, Value: 764.21, Counter: 105, Timestamp: 1745495838
----------------------------------------
Thread: nice_thread, Loop time exceeded: 721.07 ms
Reason: consumer time, Value: 0.00, Counter: 0, Timestamp: 1745495838
Reason: transform time, Value: 0.00, Counter: 0, Timestamp: 1745495838
Reason: global search time, Value: 719.47, Counter: 0, Timestamp: 1745495839
Reason: process time, Value: 0.00, Counter: 0, Timestamp: 1745495839
Reason: loop time, Value: 721.07, Counter: 0, Timestamp: 1745495839
----------------------------------------
Thread: nice_thread, Loop time exceeded: 794.85 ms
Reason: consumer time, Value: 0.00, Counter: 23, Timestamp: 1745495839
Reason: transform time, Value: 0.00, Counter: 23, Timestamp: 1745495839
Reason: global search time, Value: 792.97, Counter: 23, Timestamp: 1745495840
Reason: process time, Value: 0.00, Counter: 23, Timestamp: 1745495840
Reason: loop time, Value: 794.85, Counter: 23, Timestamp: 1745495840
----------------------------------------
Thread: nice_thread, Loop time exceeded: 809.95 ms
Reason: consumer time, Value: 0.00, Counter: 47, Timestamp: 1745495840
Reason: transform time, Value: 0.00, Counter: 47, Timestamp: 1745495840
Reason: global search time, Value: 808.37, Counter: 47, Timestamp: 1745495841
Reason: process time, Value: 0.00, Counter: 47, Timestamp: 1745495841
Reason: loop time, Value: 809.95, Counter: 47, Timestamp: 1745495841
----------------------------------------
Thread: nice_thread, Loop time exceeded: 794.09 ms
Reason: consumer time, Value: 0.00, Counter: 72, Timestamp: 1745495841
Reason: transform time, Value: 0.00, Counter: 72, Timestamp: 1745495841
Reason: global search time, Value: 792.03, Counter: 72, Timestamp: 1745495841
Reason: process time, Value: 0.00, Counter: 72, Timestamp: 1745495841
Reason: loop time, Value: 794.09, Counter: 72, Timestamp: 1745495841
----------------------------------------
Thread: nice_thread, Loop time exceeded: 775.22 ms
Reason: consumer time, Value: 0.00, Counter: 97, Timestamp: 1745495841
Reason: transform time, Value: 0.00, Counter: 97, Timestamp: 1745495841
Reason: global search time, Value: 773.78, Counter: 97, Timestamp: 1745495842
Reason: process time, Value: 0.00, Counter: 97, Timestamp: 1745495842
Reason: loop time, Value: 775.22, Counter: 97, Timestamp: 1745495842
----------------------------------------
Thread: nice_thread, Loop time exceeded: 716.80 ms
Reason: consumer time, Value: 0.00, Counter: 120, Timestamp: 1745495842
Reason: transform time, Value: 0.01, Counter: 120, Timestamp: 1745495842
Reason: global search time, Value: 711.42, Counter: 120, Timestamp: 1745495843
Reason: process time, Value: 0.00, Counter: 120, Timestamp: 1745495843
Reason: loop time, Value: 716.80, Counter: 120, Timestamp: 1745495843
----------------------------------------
Thread: nice_thread, Loop time exceeded: 788.14 ms
Reason: consumer time, Value: 0.00, Counter: 16, Timestamp: 1745495843
Reason: transform time, Value: 0.00, Counter: 16, Timestamp: 1745495843
Reason: global search time, Value: 785.95, Counter: 16, Timestamp: 1745495844
Reason: process time, Value: 0.00, Counter: 16, Timestamp: 1745495844
Reason: loop time, Value: 788.14, Counter: 16, Timestamp: 1745495844
----------------------------------------
Thread: nice_thread, Loop time exceeded: 783.94 ms
Reason: consumer time, Value: 0.00, Counter: 40, Timestamp: 1745495844
Reason: transform time, Value: 0.00, Counter: 40, Timestamp: 1745495844
Reason: global search time, Value: 781.93, Counter: 40, Timestamp: 1745495844
Reason: process time, Value: 0.00, Counter: 40, Timestamp: 1745495844
Reason: loop time, Value: 783.94, Counter: 40, Timestamp: 1745495844
----------------------------------------
Thread: nice_thread, Loop time exceeded: 778.59 ms
Reason: consumer time, Value: 0.00, Counter: 64, Timestamp: 1745495844
Reason: transform time, Value: 0.00, Counter: 64, Timestamp: 1745495845
Reason: global search time, Value: 773.66, Counter: 64, Timestamp: 1745495845
Reason: process time, Value: 0.00, Counter: 64, Timestamp: 1745495845
Reason: loop time, Value: 778.59, Counter: 64, Timestamp: 1745495845
----------------------------------------
Thread: nice_thread, Loop time exceeded: 726.97 ms
Reason: consumer time, Value: 0.00, Counter: 88, Timestamp: 1745495845
Reason: transform time, Value: 0.00, Counter: 88, Timestamp: 1745495845
Reason: global search time, Value: 724.43, Counter: 88, Timestamp: 1745495846
Reason: process time, Value: 0.00, Counter: 88, Timestamp: 1745495846
Reason: loop time, Value: 726.97, Counter: 88, Timestamp: 1745495846
----------------------------------------
Thread: nice_thread, Loop time exceeded: 761.42 ms
Reason: consumer time, Value: 0.00, Counter: 112, Timestamp: 1745495846
Reason: transform time, Value: 0.00, Counter: 112, Timestamp: 1745495846
Reason: global search time, Value: 759.61, Counter: 112, Timestamp: 1745495847
Reason: process time, Value: 0.00, Counter: 112, Timestamp: 1745495847
Reason: loop time, Value: 761.42, Counter: 112, Timestamp: 1745495847
----------------------------------------
Thread: nice_thread, Loop time exceeded: 761.87 ms
Reason: consumer time, Value: 0.00, Counter: 7, Timestamp: 1745495847
Reason: transform time, Value: 0.00, Counter: 7, Timestamp: 1745495847
Reason: global search time, Value: 760.02, Counter: 7, Timestamp: 1745495848
Reason: process time, Value: 0.00, Counter: 7, Timestamp: 1745495848
Reason: loop time, Value: 761.87, Counter: 7, Timestamp: 1745495848
----------------------------------------
Thread: nice_thread, Loop time exceeded: 760.04 ms
Reason: consumer time, Value: 0.00, Counter: 31, Timestamp: 1745495848
Reason: transform time, Value: 0.00, Counter: 31, Timestamp: 1745495848
Reason: global search time, Value: 758.52, Counter: 31, Timestamp: 1745495848
Reason: process time, Value: 0.00, Counter: 31, Timestamp: 1745495848
Reason: loop time, Value: 760.04, Counter: 31, Timestamp: 1745495848
----------------------------------------
Thread: nice_thread, Loop time exceeded: 699.91 ms
Reason: consumer time, Value: 0.00, Counter: 55, Timestamp: 1745495848
Reason: transform time, Value: 0.00, Counter: 55, Timestamp: 1745495848
Reason: global search time, Value: 698.27, Counter: 55, Timestamp: 1745495849
Reason: process time, Value: 0.00, Counter: 55, Timestamp: 1745495849
Reason: loop time, Value: 699.91, Counter: 55, Timestamp: 1745495849
----------------------------------------
Thread: nice_thread, Loop time exceeded: 768.00 ms
Reason: consumer time, Value: 0.00, Counter: 78, Timestamp: 1745495849
Reason: transform time, Value: 0.00, Counter: 78, Timestamp: 1745495849
Reason: global search time, Value: 764.52, Counter: 78, Timestamp: 1745495850
Reason: process time, Value: 0.00, Counter: 78, Timestamp: 1745495850
Reason: loop time, Value: 768.00, Counter: 78, Timestamp: 1745495850
----------------------------------------
Thread: nice_thread, Loop time exceeded: 758.39 ms
Reason: consumer time, Value: 0.00, Counter: 101, Timestamp: 1745495850
Reason: transform time, Value: 0.00, Counter: 101, Timestamp: 1745495850
Reason: global search time, Value: 756.40, Counter: 101, Timestamp: 1745495851
Reason: process time, Value: 0.00, Counter: 101, Timestamp: 1745495851
Reason: loop time, Value: 758.39, Counter: 101, Timestamp: 1745495851
----------------------------------------
Thread: nice_thread, Loop time exceeded: 758.01 ms
Reason: consumer time, Value: 0.00, Counter: 124, Timestamp: 1745495851
Reason: transform time, Value: 0.01, Counter: 124, Timestamp: 1745495851
Reason: global search time, Value: 752.94, Counter: 124, Timestamp: 1745495851
Reason: process time, Value: 0.00, Counter: 124, Timestamp: 1745495851
Reason: loop time, Value: 758.01, Counter: 124, Timestamp: 1745495851
----------------------------------------
Thread: nice_thread, Loop time exceeded: 705.63 ms
Reason: consumer time, Value: 0.00, Counter: 19, Timestamp: 1745495851
Reason: transform time, Value: 0.00, Counter: 19, Timestamp: 1745495851
Reason: global search time, Value: 703.31, Counter: 19, Timestamp: 1745495852
Reason: process time, Value: 0.00, Counter: 19, Timestamp: 1745495852
Reason: loop time, Value: 705.63, Counter: 19, Timestamp: 1745495852
----------------------------------------
Thread: nice_thread, Loop time exceeded: 762.51 ms
Reason: consumer time, Value: 0.00, Counter: 42, Timestamp: 1745495852
Reason: transform time, Value: 0.00, Counter: 42, Timestamp: 1745495852
Reason: global search time, Value: 760.38, Counter: 42, Timestamp: 1745495853
Reason: process time, Value: 0.00, Counter: 42, Timestamp: 1745495853
Reason: loop time, Value: 762.51, Counter: 42, Timestamp: 1745495853
----------------------------------------
Thread: nice_thread, Loop time exceeded: 754.68 ms
Reason: consumer time, Value: 0.00, Counter: 65, Timestamp: 1745495853
Reason: transform time, Value: 0.00, Counter: 65, Timestamp: 1745495853
Reason: global search time, Value: 752.14, Counter: 65, Timestamp: 1745495853
Reason: process time, Value: 0.00, Counter: 65, Timestamp: 1745495853
Reason: loop time, Value: 754.68, Counter: 65, Timestamp: 1745495853
----------------------------------------
Thread: nice_thread, Loop time exceeded: 774.12 ms
Reason: consumer time, Value: 0.00, Counter: 89, Timestamp: 1745495853
Reason: transform time, Value: 0.00, Counter: 89, Timestamp: 1745495853
Reason: global search time, Value: 772.33, Counter: 89, Timestamp: 1745495854
Reason: process time, Value: 0.00, Counter: 89, Timestamp: 1745495854
Reason: loop time, Value: 774.12, Counter: 89, Timestamp: 1745495854
----------------------------------------
Thread: nice_thread, Loop time exceeded: 715.63 ms
Reason: consumer time, Value: 0.00, Counter: 112, Timestamp: 1745495854
Reason: transform time, Value: 0.00, Counter: 112, Timestamp: 1745495854
Reason: global search time, Value: 711.05, Counter: 112, Timestamp: 1745495855
Reason: process time, Value: 0.00, Counter: 112, Timestamp: 1745495855
Reason: loop time, Value: 715.63, Counter: 112, Timestamp: 1745495855
----------------------------------------
Thread: nice_thread, Loop time exceeded: 774.99 ms
Reason: consumer time, Value: 0.00, Counter: 8, Timestamp: 1745495855
Reason: transform time, Value: 0.00, Counter: 8, Timestamp: 1745495855
Reason: global search time, Value: 773.21, Counter: 8, Timestamp: 1745495856
Reason: process time, Value: 0.00, Counter: 8, Timestamp: 1745495856
Reason: loop time, Value: 774.99, Counter: 8, Timestamp: 1745495856
----------------------------------------
Thread: nice_thread, Loop time exceeded: 760.63 ms
Reason: consumer time, Value: 0.00, Counter: 32, Timestamp: 1745495856
Reason: transform time, Value: 0.00, Counter: 32, Timestamp: 1745495856
Reason: global search time, Value: 759.20, Counter: 32, Timestamp: 1745495857
Reason: process time, Value: 0.00, Counter: 32, Timestamp: 1745495857
Reason: loop time, Value: 760.63, Counter: 32, Timestamp: 1745495857
----------------------------------------
Thread: nice_thread, Loop time exceeded: 767.94 ms
Reason: consumer time, Value: 0.00, Counter: 55, Timestamp: 1745495857
Reason: transform time, Value: 0.00, Counter: 55, Timestamp: 1745495857
Reason: global search time, Value: 766.21, Counter: 55, Timestamp: 1745495857
Reason: process time, Value: 0.00, Counter: 55, Timestamp: 1745495857
Reason: loop time, Value: 767.94, Counter: 55, Timestamp: 1745495857
----------------------------------------
Thread: nice_thread, Loop time exceeded: 715.22 ms
Reason: consumer time, Value: 0.00, Counter: 79, Timestamp: 1745495857
Reason: transform time, Value: 0.00, Counter: 79, Timestamp: 1745495857
Reason: global search time, Value: 713.07, Counter: 79, Timestamp: 1745495858
Reason: process time, Value: 0.00, Counter: 79, Timestamp: 1745495858
Reason: loop time, Value: 715.22, Counter: 79, Timestamp: 1745495858
----------------------------------------
Thread: nice_thread, Loop time exceeded: 761.56 ms
Reason: consumer time, Value: 0.00, Counter: 103, Timestamp: 1745495858
Reason: transform time, Value: 0.00, Counter: 103, Timestamp: 1745495858
Reason: global search time, Value: 759.62, Counter: 103, Timestamp: 1745495859
Reason: process time, Value: 0.00, Counter: 103, Timestamp: 1745495859
Reason: loop time, Value: 761.56, Counter: 103, Timestamp: 1745495859
----------------------------------------
Thread: nice_thread, Loop time exceeded: 768.06 ms
Reason: consumer time, Value: 0.00, Counter: 126, Timestamp: 1745495859
Reason: transform time, Value: 0.00, Counter: 126, Timestamp: 1745495859
Reason: global search time, Value: 766.67, Counter: 126, Timestamp: 1745495860
Reason: process time, Value: 0.00, Counter: 126, Timestamp: 1745495860
Reason: loop time, Value: 768.06, Counter: 126, Timestamp: 1745495860
----------------------------------------
Thread: nice_thread, Loop time exceeded: 764.40 ms
Reason: consumer time, Value: 0.00, Counter: 21, Timestamp: 1745495860
Reason: transform time, Value: 0.00, Counter: 21, Timestamp: 1745495860
Reason: global search time, Value: 762.45, Counter: 21, Timestamp: 1745495860
Reason: process time, Value: 0.00, Counter: 21, Timestamp: 1745495860
Reason: loop time, Value: 764.40, Counter: 21, Timestamp: 1745495860
----------------------------------------
Thread: nice_thread, Loop time exceeded: 709.41 ms
Reason: consumer time, Value: 0.00, Counter: 44, Timestamp: 1745495860
Reason: transform time, Value: 0.00, Counter: 44, Timestamp: 1745495860
Reason: global search time, Value: 707.46, Counter: 44, Timestamp: 1745495861
Reason: process time, Value: 0.00, Counter: 44, Timestamp: 1745495861
Reason: loop time, Value: 709.41, Counter: 44, Timestamp: 1745495861
----------------------------------------
Thread: nice_thread, Loop time exceeded: 779.45 ms
Reason: consumer time, Value: 0.00, Counter: 67, Timestamp: 1745495861
Reason: transform time, Value: 0.00, Counter: 67, Timestamp: 1745495861
Reason: global search time, Value: 777.94, Counter: 67, Timestamp: 1745495862
Reason: process time, Value: 0.00, Counter: 67, Timestamp: 1745495862
Reason: loop time, Value: 779.45, Counter: 67, Timestamp: 1745495862
----------------------------------------
Thread: nice_thread, Loop time exceeded: 772.57 ms
Reason: consumer time, Value: 0.00, Counter: 90, Timestamp: 1745495862
Reason: transform time, Value: 0.00, Counter: 90, Timestamp: 1745495862
Reason: global search time, Value: 770.27, Counter: 90, Timestamp: 1745495863
Reason: process time, Value: 0.00, Counter: 90, Timestamp: 1745495863
Reason: loop time, Value: 772.57, Counter: 90, Timestamp: 1745495863
----------------------------------------
Thread: nice_thread, Loop time exceeded: 747.25 ms
Reason: consumer time, Value: 0.00, Counter: 114, Timestamp: 1745495863
Reason: transform time, Value: 0.00, Counter: 114, Timestamp: 1745495863
Reason: global search time, Value: 742.53, Counter: 114, Timestamp: 1745495863
Reason: process time, Value: 0.00, Counter: 114, Timestamp: 1745495863
Reason: loop time, Value: 747.25, Counter: 114, Timestamp: 1745495863
----------------------------------------
Thread: nice_thread, Loop time exceeded: 726.84 ms
Reason: consumer time, Value: 0.00, Counter: 8, Timestamp: 1745495863
Reason: transform time, Value: 0.01, Counter: 8, Timestamp: 1745495863
Reason: global search time, Value: 715.37, Counter: 8, Timestamp: 1745495864
Reason: process time, Value: 0.00, Counter: 8, Timestamp: 1745495864
Reason: loop time, Value: 726.84, Counter: 8, Timestamp: 1745495864
----------------------------------------
Thread: nice_thread, Loop time exceeded: 763.77 ms
Reason: consumer time, Value: 0.00, Counter: 31, Timestamp: 1745495864
Reason: transform time, Value: 0.00, Counter: 31, Timestamp: 1745495864
Reason: global search time, Value: 761.82, Counter: 31, Timestamp: 1745495865
Reason: process time, Value: 0.00, Counter: 31, Timestamp: 1745495865
Reason: loop time, Value: 763.77, Counter: 31, Timestamp: 1745495865
----------------------------------------
Thread: nice_thread, Loop time exceeded: 807.44 ms
Reason: consumer time, Value: 0.00, Counter: 54, Timestamp: 1745495865
Reason: transform time, Value: 0.00, Counter: 54, Timestamp: 1745495865
Reason: global search time, Value: 805.86, Counter: 54, Timestamp: 1745495866
Reason: process time, Value: 0.00, Counter: 54, Timestamp: 1745495866
Reason: loop time, Value: 807.44, Counter: 54, Timestamp: 1745495866
----------------------------------------
Thread: nice_thread, Loop time exceeded: 743.11 ms
Reason: consumer time, Value: 0.00, Counter: 79, Timestamp: 1745495866
Reason: transform time, Value: 0.00, Counter: 79, Timestamp: 1745495866
Reason: global search time, Value: 741.22, Counter: 79, Timestamp: 1745495866
Reason: process time, Value: 0.00, Counter: 79, Timestamp: 1745495866
Reason: loop time, Value: 743.11, Counter: 79, Timestamp: 1745495866
----------------------------------------
Thread: nice_thread, Loop time exceeded: 473.94 ms
Reason: consumer time, Value: 0.00, Counter: 102, Timestamp: 1745495866
Reason: transform time, Value: 0.00, Counter: 102, Timestamp: 1745495866
Reason: global search time, Value: 472.30, Counter: 102, Timestamp: 1745495867
Reason: process time, Value: 0.00, Counter: 102, Timestamp: 1745495867
Reason: loop time, Value: 473.94, Counter: 102, Timestamp: 1745495867
----------------------------------------
Thread: nice_thread, Loop time exceeded: 513.94 ms
Reason: consumer time, Value: 0.00, Counter: 120, Timestamp: 1745495867
Reason: transform time, Value: 0.00, Counter: 120, Timestamp: 1745495867
Reason: global search time, Value: 512.77, Counter: 120, Timestamp: 1745495867
Reason: process time, Value: 0.00, Counter: 120, Timestamp: 1745495867
Reason: loop time, Value: 513.94, Counter: 120, Timestamp: 1745495867
----------------------------------------
