Core number: 3
Remap: 0.005 ms
Transform color: 6.34 ms
Core number: 3
Remap: 0.001 ms
Transform color: 1.742 ms
Core number: 3
Remap: 0 ms
Transform color: 4.504 ms
Core number: 3
Remap: 0.001 ms
Transform color: 4.125 ms
Core number: 3
Remap: 0 ms
Transform color: 3.882 ms
Core number: 3
Remap: 0 ms
Transform color: 1.747 ms
Core number: 3
Remap: 0 ms
Transform color: 1.375 ms
Core number: 3
Remap: 0 ms
Transform color: 1.42 ms
Core number: 3
Remap: 0.001 ms
Transform color: 2.198 ms
Core number: 3
Remap: 0.001 ms
Transform color: 1.705 ms
Core number: 3
Remap: 0.001 ms
Transform color: 2.502 ms
Core number: 3
Remap: 0.001 ms
Transform color: 2.426 ms
Core number: 3
Remap: 0.001 ms
Transform color: 3.154 ms
Core number: 3
Remap: 0.001 ms
Transform color: 2.169 ms
Core number: 3
Remap: 0.005 ms
Transform color: 2.085 ms
Core number: 3
Remap: 0.001 ms
Transform color: 1.937 ms
Core number: 3
Remap: 0.001 ms
Transform color: 2.197 ms
Core number: 3
Remap: 0.001 ms
Transform color: 6.009 ms
Core number: 3
Remap: 0.001 ms
Transform color: 4.131 ms
Core number: 3
Remap: 0.001 ms
Transform color: 2.447 ms
Core number: 3
Remap: 0.001 ms
Transform color: 1.746 ms
Core number: 3
Remap: 0.001 ms
Transform color: 1.688 ms
Core number: 3
Remap: 0 ms
Transform color: 9.255 ms
Core number: 3
Remap: 0.002 ms
Transform color: 2.697 ms
Core number: 3
Remap: 0.001 ms
Transform color: 1.722 ms
Core number: 3
Remap: 0 ms
Transform color: 5.957 ms
Core number: 3
Remap: 0.001 ms
Transform color: 4.509 ms
Core number: 3
Remap: 0 ms
Transform color: 4.24 ms
Core number: 3
Remap: 0.001 ms
Transform color: 4.774 ms
Core number: 3
Remap: 0.001 ms
Transform color: 1.904 ms
Core number: 3
Remap: 0.001 ms
Transform color: 5.541 ms
Core number: 3
Remap: 0.001 ms
Transform color: 1.865 ms
Core number: 3
Remap: 0 ms
Transform color: 1.902 ms
Core number: 3
Remap: 0 ms
Transform color: 1.657 ms
Core number: 3
Remap: 0.001 ms
Transform color: 4.458 ms
Core number: 3
Remap: 0.001 ms
Transform color: 1.401 ms
Core number: 3
Remap: 0 ms
Transform color: 2.156 ms
Core number: 3
Remap: 0.001 ms
Transform color: 1.814 ms
Core number: 3
Remap: 0.001 ms
Transform color: 1.683 ms
Core number: 3
Remap: 0 ms
Transform color: 1.429 ms
Core number: 3
Remap: 0.001 ms
Transform color: 1.462 ms
Core number: 3
Remap: 0.001 ms
Transform color: 2.138 ms
Core number: 3
Remap: 0.001 ms
Transform color: 1.88 ms
Core number: 3
Remap: 0.001 ms
Transform color: 2.275 ms
Core number: 3
Remap: 0.001 ms
Transform color: 1.848 ms
Core number: 3
Remap: 0.001 ms
Transform color: 2.762 ms
Core number: 3
Remap: 0.001 ms
Transform color: 1.844 ms
Core number: 3
Remap: 0.001 ms
Transform color: 5.76 ms
Core number: 3
Remap: 0.001 ms
Transform color: 1.523 ms
Core number: 3
Remap: 0.001 ms
Transform color: 2.964 ms
Core number: 3
Remap: 0.001 ms
Transform color: 2.328 ms
Core number: 3
Remap: 0 ms
Transform color: 5.317 ms
Core number: 3
Remap: 0.001 ms
Transform color: 1.516 ms
Core number: 3
Remap: 0.002 ms
Transform color: 1.907 ms
Core number: 3
Remap: 0.001 ms
Transform color: 1.569 ms
Core number: 3
Remap: 0.001 ms
Transform color: 1.913 ms
Core number: 3
Remap: 0 ms
Transform color: 5.48 ms
Core number: 3
Remap: 0 ms
Transform color: 1.446 ms
Core number: 3
Remap: 0.001 ms
Transform color: 6.819 ms
Core number: 3
Remap: 0 ms
Transform color: 3.679 ms
Core number: 3
Remap: 0 ms
Transform color: 1.808 ms
Core number: 3
Remap: 0.001 ms
Transform color: 2.056 ms
Core number: 3
Remap: 0.001 ms
Transform color: 1.783 ms
Core number: 3
Remap: 0.001 ms
Transform color: 2.087 ms
Core number: 3
Remap: 0.009 ms
Transform color: 1.352 ms
Core number: 3
Remap: 0.001 ms
Transform color: 1.879 ms
Core number: 3
Remap: 0.001 ms
Transform color: 1.87 ms
Core number: 3
Remap: 0.001 ms
Transform color: 1.8 ms
Core number: 3
Remap: 0 ms
Transform color: 1.552 ms
Core number: 3
Remap: 0.001 ms
Transform color: 7.13 ms
Core number: 3
Remap: 0 ms
Transform color: 5.077 ms
Core number: 3
Remap: 0.001 ms
Transform color: 1.653 ms
Core number: 3
Remap: 0.001 ms
Transform color: 1.83 ms
Core number: 3
Remap: 0 ms
Transform color: 1.185 ms
Core number: 3
Remap: 0 ms
Transform color: 1.323 ms
Core number: 3
Remap: 0 ms
Transform color: 1.411 ms
Core number: 3
Remap: 0 ms
Transform color: 1.254 ms
Core number: 3
stamp: 1745495813
Reason: global search time, Value: 810.83, Counter: 125, Timestamp: 1745495814
Reason: process time, Value: 0.00, Counter: 125, Timestamp: 1745495814
Reason: loop time, Value: 812.60, Counter: 125, Timestamp: 1745495814
----------------------------------------
Thread: nice_thread, Loop time exceeded: 833.13 ms
Reason: consumer time, Value: 0.00, Counter: 22, Timestamp: 1745495814
Reason: transform time, Value: 0.00, Counter: 22, Timestamp: 1745495814
Reason: global search time, Value: 830.58, Counter: 22, Timestamp: 1745495815
Reason: process time, Value: 0.00, Counter: 22, Timestamp: 1745495815
Reason: loop time, Value: 833.13, Counter: 22, Timestamp: 1745495815
----------------------------------------
Thread: nice_thread, Loop time exceeded: 843.48 ms
Reason: consumer time, Value: 0.00, Counter: 47, Timestamp: 1745495815
Reason: transform time, Value: 0.00, Counter: 47, Timestamp: 1745495815
Reason: global search time, Value: 841.01, Counter: 47, Timestamp: 1745495816
Reason: process time, Value: 0.00, Counter: 47, Timestamp: 1745495816
Reason: loop time, Value: 843.48, Counter: 47, Timestamp: 1745495816
----------------------------------------
Thread: nice_thread, Loop time exceeded: 859.51 ms
Reason: consumer time, Value: 0.00, Counter: 74, Timestamp: 1745495816
Reason: transform time, Value: 0.00, Counter: 74, Timestamp: 1745495816
Reason: global search time, Value: 856.27, Counter: 74, Timestamp: 1745495817
Reason: process time, Value: 0.00, Counter: 74, Timestamp: 1745495817
Reason: loop time, Value: 859.51, Counter: 74, Timestamp: 1745495817
----------------------------------------
Thread: nice_thread, Loop time exceeded: 833.47 ms
Reason: consumer time, Value: 0.00, Counter: 100, Timestamp: 1745495817
Reason: transform time, Value: 0.00, Counter: 100, Timestamp: 1745495817
Reason: global search time, Value: 831.22, Counter: 100, Timestamp: 1745495817
Reason: process time, Value: 0.00, Counter: 100, Timestamp: 1745495817
Reason: loop time, Value: 833.47, Counter: 100, Timestamp: 1745495817
----------------------------------------
Thread: nice_thread, Loop time exceeded: 845.47 ms
Reason: consumer time, Value: 0.00, Counter: 126, Timestamp: 1745495817
Reason: transform time, Value: 0.00, Counter: 126, Timestamp: 1745495817
Reason: global search time, Value: 843.32, Counter: 126, Timestamp: 1745495818
Reason: process time, Value: 0.00, Counter: 126, Timestamp: 1745495818
Reason: loop time, Value: 845.47, Counter: 126, Timestamp: 1745495818
----------------------------------------
Thread: nice_thread, Loop time exceeded: 786.96 ms
Reason: consumer time, Value: 0.00, Counter: 23, Timestamp: 1745495818
Reason: transform time, Value: 0.00, Counter: 23, Timestamp: 1745495818
Reason: global search time, Value: 784.96, Counter: 23, Timestamp: 1745495819
Reason: process time, Value: 0.00, Counter: 23, Timestamp: 1745495819
Reason: loop time, Value: 786.96, Counter: 23, Timestamp: 1745495819
----------------------------------------
Thread: nice_thread, Loop time exceeded: 846.50 ms
Reason: consumer time, Value: 0.00, Counter: 48, Timestamp: 1745495819
Reason: transform time, Value: 0.00, Counter: 48, Timestamp: 1745495819
Reason: global search time, Value: 844.25, Counter: 48, Timestamp: 1745495820
Reason: process time, Value: 0.00, Counter: 48, Timestamp: 1745495820
Reason: loop time, Value: 846.50, Counter: 48, Timestamp: 1745495820
----------------------------------------
Thread: nice_thread, Loop time exceeded: 871.76 ms
Reason: consumer time, Value: 0.00, Counter: 73, Timestamp: 1745495820
Reason: transform time, Value: 0.01, Counter: 73, Timestamp: 1745495820
Reason: global search time, Value: 865.70, Counter: 73, Timestamp: 1745495821
Reason: process time, Value: 0.00, Counter: 73, Timestamp: 1745495821
Reason: loop time, Value: 871.76, Counter: 73, Timestamp: 1745495821
----------------------------------------
Thread: nice_thread, Loop time exceeded: 824.34 ms
Reason: consumer time, Value: 0.00, Counter: 98, Timestamp: 1745495821
Reason: transform time, Value: 0.00, Counter: 98, Timestamp: 1745495821
Reason: global search time, Value: 820.15, Counter: 98, Timestamp: 1745495822
Reason: process time, Value: 0.00, Counter: 98, Timestamp: 1745495822
Reason: loop time, Value: 824.34, Counter: 98, Timestamp: 1745495822
----------------------------------------
Thread: nice_thread, Loop time exceeded: 854.03 ms
Reason: consumer time, Value: 0.00, Counter: 122, Timestamp: 1745495822
Reason: transform time, Value: 0.00, Counter: 122, Timestamp: 1745495822
Reason: global search time, Value: 851.51, Counter: 122, Timestamp: 1745495822
Reason: process time, Value: 0.00, Counter: 122, Timestamp: 1745495822
Reason: loop time, Value: 854.03, Counter: 122, Timestamp: 1745495822
----------------------------------------
Thread: nice_thread, Loop time exceeded: 824.35 ms
Reason: consumer time, Value: 0.00, Counter: 21, Timestamp: 1745495822
Reason: transform time, Value: 0.00, Counter: 21, Timestamp: 1745495822
Reason: global search time, Value: 822.55, Counter: 21, Timestamp: 1745495823
Reason: process time, Value: 0.00, Counter: 21, Timestamp: 1745495823
Reason: loop time, Value: 824.35, Counter: 21, Timestamp: 1745495823
----------------------------------------
Thread: nice_thread, Loop time exceeded: 801.49 ms
Reason: consumer time, Value: 0.00, Counter: 46, Timestamp: 1745495823
Reason: transform time, Value: 0.00, Counter: 46, Timestamp: 1745495823
Reason: global search time, Value: 799.76, Counter: 46, Timestamp: 1745495824
Reason: process time, Value: 0.00, Counter: 46, Timestamp: 1745495824
Reason: loop time, Value: 801.49, Counter: 46, Timestamp: 1745495824
----------------------------------------
Thread: nice_thread, Loop time exceeded: 875.64 ms
Reason: consumer time, Value: 0.00, Counter: 72, Timestamp: 1745495824
Reason: transform time, Value: 0.01, Counter: 72, Timestamp: 1745495824
Reason: global search time, Value: 866.34, Counter: 72, Timestamp: 1745495825
Reason: process time, Value: 0.00, Counter: 72, Timestamp: 1745495825
Reason: loop time, Value: 875.64, Counter: 72, Timestamp: 1745495825
----------------------------------------
Thread: nice_thread, Loop time exceeded: 840.32 ms
Reason: consumer time, Value: 0.00, Counter: 97, Timestamp: 1745495825
Reason: transform time, Value: 0.00, Counter: 97, Timestamp: 1745495825
Reason: global search time, Value: 837.52, Counter: 97, Timestamp: 1745495826
Reason: process time, Value: 0.00, Counter: 97, Timestamp: 1745495826
Reason: loop time, Value: 840.32, Counter: 97, Timestamp: 1745495826
----------------------------------------
Thread: nice_thread, Loop time exceeded: 848.52 ms
Reason: consumer time, Value: 0.00, Counter: 122, Timestamp: 1745495826
Reason: transform time, Value: 0.00, Counter: 122, Timestamp: 1745495826
Reason: global search time, Value: 846.75, Counter: 122, Timestamp: 1745495827
Reason: process time, Value: 0.00, Counter: 122, Timestamp: 1745495827
Reason: loop time, Value: 848.52, Counter: 122, Timestamp: 1745495827
----------------------------------------
Thread: nice_thread, Loop time exceeded: 855.07 ms
Reason: consumer time, Value: 0.00, Counter: 20, Timestamp: 1745495827
Reason: transform time, Value: 0.01, Counter: 20, Timestamp: 1745495827
Reason: global search time, Value: 849.06, Counter: 20, Timestamp: 1745495827
Reason: process time, Value: 0.00, Counter: 20, Timestamp: 1745495827
Reason: loop time, Value: 855.07, Counter: 20, Timestamp: 1745495827
----------------------------------------
Thread: nice_thread, Loop time exceeded: 824.57 ms
Reason: consumer time, Value: 0.00, Counter: 46, Timestamp: 1745495827
Reason: transform time, Value: 0.00, Counter: 46, Timestamp: 1745495827
Reason: global search time, Value: 820.01, Counter: 46, Timestamp: 1745495828
Reason: process time, Value: 0.00, Counter: 46, Timestamp: 1745495828
Reason: loop time, Value: 824.57, Counter: 46, Timestamp: 1745495828
----------------------------------------
Thread: nice_thread, Loop time exceeded: 772.28 ms
Reason: consumer time, Value: 0.00, Counter: 71, Timestamp: 1745495828
Reason: transform time, Value: 0.00, Counter: 71, Timestamp: 1745495828
Reason: global search time, Value: 768.01, Counter: 71, Timestamp: 1745495829
Reason: process time, Value: 0.00, Counter: 71, Timestamp: 1745495829
Reason: loop time, Value: 772.28, Counter: 71, Timestamp: 1745495829
----------------------------------------
Thread: nice_thread, Loop time exceeded: 873.75 ms
Reason: consumer time, Value: 0.00, Counter: 96, Timestamp: 1745495829
Reason: transform time, Value: 0.00, Counter: 96, Timestamp: 1745495829
Reason: global search time, Value: 868.93, Counter: 96, Timestamp: 1745495830
Reason: process time, Value: 0.00, Counter: 96, Timestamp: 1745495830
Reason: loop time, Value: 873.75, Counter: 96, Timestamp: 1745495830
----------------------------------------
Thread: nice_thread, Loop time exceeded: 844.42 ms
Reason: consumer time, Value: 0.00, Counter: 123, Timestamp: 1745495830
Reason: transform time, Value: 0.00, Counter: 123, Timestamp: 1745495830
Reason: global search time, Value: 842.46, Counter: 123, Timestamp: 1745495831
Reason: process time, Value: 0.00, Counter: 123, Timestamp: 1745495831
Reason: loop time, Value: 844.42, Counter: 123, Timestamp: 1745495831
----------------------------------------
Thread: nice_thread, Loop time exceeded: 846.59 ms
Reason: consumer time, Value: 0.00, Counter: 19, Timestamp: 1745495831
Reason: transform time, Value: 0.01, Counter: 19, Timestamp: 1745495831
Reason: global search time, Value: 841.00, Counter: 19, Timestamp: 1745495832
Reason: process time, Value: 0.00, Counter: 19, Timestamp: 1745495832
Reason: loop time, Value: 846.59, Counter: 19, Timestamp: 1745495832
----------------------------------------
Thread: nice_thread, Loop time exceeded: 849.53 ms
Reason: consumer time, Value: 0.00, Counter: 44, Timestamp: 1745495832
Reason: transform time, Value: 0.00, Counter: 44, Timestamp: 1745495832
Reason: global search time, Value: 847.60, Counter: 44, Timestamp: 1745495832
Reason: process time, Value: 0.00, Counter: 44, Timestamp: 1745495832
Reason: loop time, Value: 849.53, Counter: 44, Timestamp: 1745495832
----------------------------------------
Thread: nice_thread, Loop time exceeded: 832.25 ms
Reason: consumer time, Value: 0.00, Counter: 70, Timestamp: 1745495832
Reason: transform time, Value: 0.00, Counter: 70, Timestamp: 1745495832
Reason: global search time, Value: 830.29, Counter: 70, Timestamp: 1745495833
Reason: process time, Value: 0.00, Counter: 70, Timestamp: 1745495833
Reason: loop time, Value: 832.25, Counter: 70, Timestamp: 1745495833
----------------------------------------
Thread: nice_thread, Loop time exceeded: 780.17 ms
Reason: consumer time, Value: 0.00, Counter: 94, Timestamp: 1745495833
Reason: transform time, Value: 0.00, Counter: 94, Timestamp: 1745495833
Reason: global search time, Value: 778.48, Counter: 94, Timestamp: 1745495834
Reason: process time, Value: 0.00, Counter: 94, Timestamp: 1745495834
Reason: loop time, Value: 780.17, Counter: 94, Timestamp: 1745495834
----------------------------------------
Thread: nice_thread, Loop time exceeded: 836.09 ms
Reason: consumer time, Value: 0.00, Counter: 119, Timestamp: 1745495834
Reason: transform time, Value: 0.00, Counter: 119, Timestamp: 1745495834
Reason: global search time, Value: 831.58, Counter: 119, Timestamp: 1745495835
Reason: process time, Value: 0.00, Counter: 119, Timestamp: 1745495835
Reason: loop time, Value: 836.09, Counter: 119, Timestamp: 1745495835
----------------------------------------
Thread: nice_thread, Loop time exceeded: 839.97 ms
Reason: consumer time, Value: 0.00, Counter: 16, Timestamp: 1745495835
Reason: transform time, Value: 0.00, Counter: 16, Timestamp: 1745495835
Reason: global search time, Value: 838.53, Counter: 16, Timestamp: 1745495836
Reason: process time, Value: 0.00, Counter: 16, Timestamp: 1745495836
Reason: loop time, Value: 839.97, Counter: 16, Timestamp: 1745495836
----------------------------------------
Thread: nice_thread, Loop time exceeded: 861.09 ms
Reason: consumer time, Value: 0.00, Counter: 41, Timestamp: 1745495836
Reason: transform time, Value: 0.00, Counter: 41, Timestamp: 1745495836
Reason: global search time, Value: 858.88, Counter: 41, Timestamp: 1745495837
Reason: process time, Value: 0.00, Counter: 41, Timestamp: 1745495837
Reason: loop time, Value: 861.09, Counter: 41, Timestamp: 1745495837
----------------------------------------
Thread: nice_thread, Loop time exceeded: 845.32 ms
Reason: consumer time, Value: 0.00, Counter: 66, Timestamp: 1745495837
Reason: transform time, Value: 0.00, Counter: 66, Timestamp: 1745495837
Reason: global search time, Value: 843.46, Counter: 66, Timestamp: 1745495837
Reason: process time, Value: 0.00, Counter: 66, Timestamp: 1745495837
Reason: loop time, Value: 845.32, Counter: 66, Timestamp: 1745495837
----------------------------------------
Thread: nice_thread, Loop time exceeded: 811.14 ms
Reason: consumer time, Value: 0.00, Counter: 92, Timestamp: 1745495837
Reason: transform time, Value: 0.00, Counter: 92, Timestamp: 1745495837
Reason: global search time, Value: 809.41, Counter: 92, Timestamp: 1745495838
Reason: process time, Value: 0.00, Counter: 92, Timestamp: 1745495838
Reason: loop time, Value: 811.14, Counter: 92, Timestamp: 1745495838
----------------------------------------
Thread: nice_thread, Loop time exceeded: 792.79 ms
Reason: consumer time, Value: 0.00, Counter: 115, Timestamp: 1745495838
Reason: transform time, Value: 0.00, Counter: 115, Timestamp: 1745495838
Reason: global search time, Value: 791.33, Counter: 115, Timestamp: 1745495839
Reason: process time, Value: 0.00, Counter: 115, Timestamp: 1745495839
Reason: loop time, Value: 792.79, Counter: 115, Timestamp: 1745495839
----------------------------------------
Thread: nice_thread, Loop time exceeded: 856.90 ms
Reason: consumer time, Value: 0.00, Counter: 11, Timestamp: 1745495839
Reason: transform time, Value: 0.00, Counter: 11, Timestamp: 1745495839
Reason: global search time, Value: 855.39, Counter: 11, Timestamp: 1745495840
Reason: process time, Value: 0.00, Counter: 11, Timestamp: 1745495840
Reason: loop time, Value: 856.90, Counter: 11, Timestamp: 1745495840
----------------------------------------
Thread: nice_thread, Loop time exceeded: 831.04 ms
Reason: consumer time, Value: 0.00, Counter: 36, Timestamp: 1745495840
Reason: transform time, Value: 0.00, Counter: 36, Timestamp: 1745495840
Reason: global search time, Value: 828.83, Counter: 36, Timestamp: 1745495841
Reason: process time, Value: 0.00, Counter: 36, Timestamp: 1745495841
Reason: loop time, Value: 831.04, Counter: 36, Timestamp: 1745495841
----------------------------------------
Thread: nice_thread, Loop time exceeded: 830.72 ms
Reason: consumer time, Value: 0.00, Counter: 62, Timestamp: 1745495841
Reason: transform time, Value: 0.00, Counter: 62, Timestamp: 1745495841
Reason: global search time, Value: 828.78, Counter: 62, Timestamp: 1745495842
Reason: process time, Value: 0.00, Counter: 62, Timestamp: 1745495842
Reason: loop time, Value: 830.72, Counter: 62, Timestamp: 1745495842
----------------------------------------
Thread: nice_thread, Loop time exceeded: 826.86 ms
Reason: consumer time, Value: 0.00, Counter: 87, Timestamp: 1745495842
Reason: transform time, Value: 0.00, Counter: 87, Timestamp: 1745495842
Reason: global search time, Value: 824.51, Counter: 87, Timestamp: 1745495842
Reason: process time, Value: 0.00, Counter: 87, Timestamp: 1745495842
Reason: loop time, Value: 826.86, Counter: 87, Timestamp: 1745495842
----------------------------------------
Thread: nice_thread, Loop time exceeded: 823.67 ms
Reason: consumer time, Value: 0.00, Counter: 112, Timestamp: 1745495842
Reason: transform time, Value: 0.00, Counter: 112, Timestamp: 1745495842
Reason: global search time, Value: 821.79, Counter: 112, Timestamp: 1745495843
Reason: process time, Value: 0.00, Counter: 112, Timestamp: 1745495843
Reason: loop time, Value: 823.67, Counter: 112, Timestamp: 1745495843
----------------------------------------
Thread: nice_thread, Loop time exceeded: 784.75 ms
Reason: consumer time, Value: 0.00, Counter: 9, Timestamp: 1745495843
Reason: transform time, Value: 0.00, Counter: 9, Timestamp: 1745495843
Reason: global search time, Value: 781.93, Counter: 9, Timestamp: 1745495844
Reason: process time, Value: 0.00, Counter: 9, Timestamp: 1745495844
Reason: loop time, Value: 784.75, Counter: 9, Timestamp: 1745495844
----------------------------------------
Thread: nice_thread, Loop time exceeded: 844.62 ms
Reason: consumer time, Value: 0.00, Counter: 34, Timestamp: 1745495844
Reason: transform time, Value: 0.00, Counter: 34, Timestamp: 1745495844
Reason: global search time, Value: 842.74, Counter: 34, Timestamp: 1745495845
Reason: process time, Value: 0.00, Counter: 34, Timestamp: 1745495845
Reason: loop time, Value: 844.62, Counter: 34, Timestamp: 1745495845
----------------------------------------
Thread: nice_thread, Loop time exceeded: 827.86 ms
Reason: consumer time, Value: 0.00, Counter: 61, Timestamp: 1745495845
Reason: transform time, Value: 0.01, Counter: 61, Timestamp: 1745495845
Reason: global search time, Value: 822.06, Counter: 61, Timestamp: 1745495846
Reason: process time, Value: 0.00, Counter: 61, Timestamp: 1745495846
Reason: loop time, Value: 827.86, Counter: 61, Timestamp: 1745495846
----------------------------------------
Thread: nice_thread, Loop time exceeded: 835.57 ms
Reason: consumer time, Value: 0.00, Counter: 86, Timestamp: 1745495846
Reason: transform time, Value: 0.00, Counter: 86, Timestamp: 1745495846
Reason: global search time, Value: 834.01, Counter: 86, Timestamp: 1745495847
Reason: process time, Value: 0.00, Counter: 86, Timestamp: 1745495847
Reason: loop time, Value: 835.57, Counter: 86, Timestamp: 1745495847
----------------------------------------
Thread: nice_thread, Loop time exceeded: 824.92 ms
Reason: consumer time, Value: 0.00, Counter: 111, Timestamp: 1745495847
Reason: transform time, Value: 0.00, Counter: 111, Timestamp: 1745495847
Reason: global search time, Value: 821.91, Counter: 111, Timestamp: 1745495847
Reason: process time, Value: 0.00, Counter: 111, Timestamp: 1745495847
Reason: loop time, Value: 824.92, Counter: 111, Timestamp: 1745495847
----------------------------------------
Thread: nice_thread, Loop time exceeded: 766.65 ms
Reason: consumer time, Value: 0.00, Counter: 8, Timestamp: 1745495847
Reason: transform time, Value: 0.00, Counter: 8, Timestamp: 1745495847
Reason: global search time, Value: 764.25, Counter: 8, Timestamp: 1745495848
Reason: process time, Value: 0.00, Counter: 8, Timestamp: 1745495848
Reason: loop time, Value: 766.65, Counter: 8, Timestamp: 1745495848
----------------------------------------
Thread: nice_thread, Loop time exceeded: 819.83 ms
Reason: consumer time, Value: 0.00, Counter: 34, Timestamp: 1745495848
Reason: transform time, Value: 0.01, Counter: 34, Timestamp: 1745495848
Reason: global search time, Value: 814.45, Counter: 34, Timestamp: 1745495849
Reason: process time, Value: 0.00, Counter: 34, Timestamp: 1745495849
Reason: loop time, Value: 819.83, Counter: 34, Timestamp: 1745495849
----------------------------------------
Thread: nice_thread, Loop time exceeded: 876.88 ms
Reason: consumer time, Value: 0.00, Counter: 58, Timestamp: 1745495849
Reason: transform time, Value: 0.00, Counter: 58, Timestamp: 1745495849
Reason: global search time, Value: 875.33, Counter: 58, Timestamp: 1745495850
Reason: process time, Value: 0.00, Counter: 58, Timestamp: 1745495850
Reason: loop time, Value: 876.88, Counter: 58, Timestamp: 1745495850
----------------------------------------
Thread: nice_thread, Loop time exceeded: 810.19 ms
Reason: consumer time, Value: 0.00, Counter: 84, Timestamp: 1745495850
Reason: transform time, Value: 0.00, Counter: 84, Timestamp: 1745495850
Reason: global search time, Value: 808.23, Counter: 84, Timestamp: 1745495851
Reason: process time, Value: 0.00, Counter: 84, Timestamp: 1745495851
Reason: loop time, Value: 810.19, Counter: 84, Timestamp: 1745495851
----------------------------------------
Thread: nice_thread, Loop time exceeded: 850.70 ms
Reason: consumer time, Value: 0.00, Counter: 108, Timestamp: 1745495851
Reason: transform time, Value: 0.00, Counter: 108, Timestamp: 1745495851
Reason: global search time, Value: 849.10, Counter: 108, Timestamp: 1745495851
Reason: process time, Value: 0.00, Counter: 108, Timestamp: 1745495851
Reason: loop time, Value: 850.70, Counter: 108, Timestamp: 1745495851
----------------------------------------
Thread: nice_thread, Loop time exceeded: 820.57 ms
Reason: consumer time, Value: 0.00, Counter: 6, Timestamp: 1745495851
Reason: transform time, Value: 0.00, Counter: 6, Timestamp: 1745495851
Reason: global search time, Value: 818.60, Counter: 6, Timestamp: 1745495852
Reason: process time, Value: 0.00, Counter: 6, Timestamp: 1745495852
Reason: loop time, Value: 820.57, Counter: 6, Timestamp: 1745495852
----------------------------------------
Thread: nice_thread, Loop time exceeded: 791.06 ms
Reason: consumer time, Value: 0.00, Counter: 29, Timestamp: 1745495852
Reason: transform time, Value: 0.01, Counter: 29, Timestamp: 1745495852
Reason: global search time, Value: 785.54, Counter: 29, Timestamp: 1745495853
Reason: process time, Value: 0.00, Counter: 29, Timestamp: 1745495853
Reason: loop time, Value: 791.06, Counter: 29, Timestamp: 1745495853
----------------------------------------
Thread: nice_thread, Loop time exceeded: 832.16 ms
Reason: consumer time, Value: 0.00, Counter: 55, Timestamp: 1745495853
Reason: transform time, Value: 0.00, Counter: 55, Timestamp: 1745495853
Reason: global search time, Value: 830.67, Counter: 55, Timestamp: 1745495854
Reason: process time, Value: 0.00, Counter: 55, Timestamp: 1745495854
Reason: loop time, Value: 832.16, Counter: 55, Timestamp: 1745495854
----------------------------------------
Thread: nice_thread, Loop time exceeded: 838.88 ms
Reason: consumer time, Value: 0.00, Counter: 80, Timestamp: 1745495854
Reason: transform time, Value: 0.01, Counter: 80, Timestamp: 1745495854
Reason: global search time, Value: 831.98, Counter: 80, Timestamp: 1745495855
Reason: process time, Value: 0.00, Counter: 80, Timestamp: 1745495855
Reason: loop time, Value: 838.88, Counter: 80, Timestamp: 1745495855
----------------------------------------
Thread: nice_thread, Loop time exceeded: 847.10 ms
Reason: consumer time, Value: 0.00, Counter: 105, Timestamp: 1745495855
Reason: transform time, Value: 0.00, Counter: 105, Timestamp: 1745495855
Reason: global search time, Value: 843.36, Counter: 105, Timestamp: 1745495856
Reason: process time, Value: 0.00, Counter: 105, Timestamp: 1745495856
Reason: loop time, Value: 847.10, Counter: 105, Timestamp: 1745495856
----------------------------------------
Thread: nice_thread, Loop time exceeded: 825.11 ms
Reason: consumer time, Value: 0.00, Counter: 3, Timestamp: 1745495856
Reason: transform time, Value: 0.00, Counter: 3, Timestamp: 1745495856
Reason: global search time, Value: 823.26, Counter: 3, Timestamp: 1745495856
Reason: process time, Value: 0.00, Counter: 3, Timestamp: 1745495856
Reason: loop time, Value: 825.11, Counter: 3, Timestamp: 1745495856
----------------------------------------
Thread: nice_thread, Loop time exceeded: 840.09 ms
Reason: consumer time, Value: 0.00, Counter: 28, Timestamp: 1745495856
Reason: transform time, Value: 0.00, Counter: 28, Timestamp: 1745495856
Reason: global search time, Value: 837.97, Counter: 28, Timestamp: 1745495857
Reason: process time, Value: 0.00, Counter: 28, Timestamp: 1745495857
Reason: loop time, Value: 840.09, Counter: 28, Timestamp: 1745495857
----------------------------------------
Thread: nice_thread, Loop time exceeded: 785.77 ms
Reason: consumer time, Value: 0.00, Counter: 54, Timestamp: 1745495857
Reason: transform time, Value: 0.00, Counter: 54, Timestamp: 1745495857
Reason: global search time, Value: 783.92, Counter: 54, Timestamp: 1745495858
Reason: process time, Value: 0.00, Counter: 54, Timestamp: 1745495858
Reason: loop time, Value: 785.77, Counter: 54, Timestamp: 1745495858
----------------------------------------
Thread: nice_thread, Loop time exceeded: 821.77 ms
Reason: consumer time, Value: 0.00, Counter: 79, Timestamp: 1745495858
Reason: transform time, Value: 0.00, Counter: 79, Timestamp: 1745495858
Reason: global search time, Value: 819.61, Counter: 79, Timestamp: 1745495859
Reason: process time, Value: 0.00, Counter: 79, Timestamp: 1745495859
Reason: loop time, Value: 821.77, Counter: 79, Timestamp: 1745495859
----------------------------------------
Thread: nice_thread, Loop time exceeded: 821.49 ms
Reason: consumer time, Value: 0.00, Counter: 103, Timestamp: 1745495859
Reason: transform time, Value: 0.00, Counter: 103, Timestamp: 1745495859
Reason: global search time, Value: 820.09, Counter: 103, Timestamp: 1745495860
Reason: process time, Value: 0.00, Counter: 103, Timestamp: 1745495860
Reason: loop time, Value: 821.49, Counter: 103, Timestamp: 1745495860
----------------------------------------
Thread: nice_thread, Loop time exceeded: 785.59 ms
Reason: consumer time, Value: 0.00, Counter: 0, Timestamp: 1745495860
Reason: transform time, Value: 0.00, Counter: 0, Timestamp: 1745495860
Reason: global search time, Value: 783.65, Counter: 0, Timestamp: 1745495860
Reason: process time, Value: 0.00, Counter: 0, Timestamp: 1745495860
Reason: loop time, Value: 785.59, Counter: 0, Timestamp: 1745495860
----------------------------------------
Thread: nice_thread, Loop time exceeded: 796.68 ms
Reason: consumer time, Value: 0.00, Counter: 23, Timestamp: 1745495860
Reason: transform time, Value: 0.00, Counter: 23, Timestamp: 1745495860
Reason: global search time, Value: 794.74, Counter: 23, Timestamp: 1745495861
Reason: process time, Value: 0.00, Counter: 23, Timestamp: 1745495861
Reason: loop time, Value: 796.68, Counter: 23, Timestamp: 1745495861
----------------------------------------
Thread: nice_thread, Loop time exceeded: 788.29 ms
Reason: consumer time, Value: 0.00, Counter: 46, Timestamp: 1745495861
Reason: transform time, Value: 0.00, Counter: 46, Timestamp: 1745495861
Reason: global search time, Value: 786.41, Counter: 46, Timestamp: 1745495862
Reason: process time, Value: 0.00, Counter: 46, Timestamp: 1745495862
Reason: loop time, Value: 788.29, Counter: 46, Timestamp: 1745495862
----------------------------------------
Thread: nice_thread, Loop time exceeded: 842.15 ms
Reason: consumer time, Value: 0.00, Counter: 71, Timestamp: 1745495862
Reason: transform time, Value: 0.00, Counter: 71, Timestamp: 1745495862
Reason: global search time, Value: 840.54, Counter: 71, Timestamp: 1745495863
Reason: process time, Value: 0.00, Counter: 71, Timestamp: 1745495863
Reason: loop time, Value: 842.15, Counter: 71, Timestamp: 1745495863
----------------------------------------
Thread: nice_thread, Loop time exceeded: 810.47 ms
Reason: consumer time, Value: 0.00, Counter: 96, Timestamp: 1745495863
Reason: transform time, Value: 0.01, Counter: 96, Timestamp: 1745495863
Reason: global search time, Value: 803.26, Counter: 96, Timestamp: 1745495864
Reason: process time, Value: 0.00, Counter: 96, Timestamp: 1745495864
Reason: loop time, Value: 810.47, Counter: 96, Timestamp: 1745495864
----------------------------------------
Thread: nice_thread, Loop time exceeded: 825.01 ms
Reason: consumer time, Value: 0.00, Counter: 121, Timestamp: 1745495864
Reason: transform time, Value: 0.01, Counter: 121, Timestamp: 1745495864
Reason: global search time, Value: 819.89, Counter: 121, Timestamp: 1745495865
Reason: process time, Value: 0.00, Counter: 121, Timestamp: 1745495865
Reason: loop time, Value: 825.01, Counter: 121, Timestamp: 1745495865
----------------------------------------
Thread: nice_thread, Loop time exceeded: 817.73 ms
Reason: consumer time, Value: 0.00, Counter: 16, Timestamp: 1745495865
Reason: transform time, Value: 0.00, Counter: 16, Timestamp: 1745495865
Reason: global search time, Value: 816.02, Counter: 16, Timestamp: 1745495865
Reason: process time, Value: 0.00, Counter: 16, Timestamp: 1745495865
Reason: loop time, Value: 817.73, Counter: 16, Timestamp: 1745495865
----------------------------------------
Thread: nice_thread, Loop time exceeded: 816.17 ms
Reason: consumer time, Value: 0.00, Counter: 39, Timestamp: 1745495865
Reason: transform time, Value: 0.00, Counter: 39, Timestamp: 1745495865
Reason: global search time, Value: 814.28, Counter: 39, Timestamp: 1745495866
Reason: process time, Value: 0.00, Counter: 39, Timestamp: 1745495866
Reason: loop time, Value: 816.17, Counter: 39, Timestamp: 1745495866
----------------------------------------
Thread: nice_thread, Loop time exceeded: 507.08 ms
Reason: consumer time, Value: 0.00, Counter: 64, Timestamp: 1745495866
Reason: transform time, Value: 0.00, Counter: 64, Timestamp: 1745495866
Reason: global search time, Value: 505.87, Counter: 64, Timestamp: 1745495867
Reason: process time, Value: 0.00, Counter: 64, Timestamp: 1745495867
Reason: loop time, Value: 507.08, Counter: 64, Timestamp: 1745495867
----------------------------------------
Thread: nice_thread, Loop time exceeded: 564.52 ms
Reason: consumer time, Value: 0.00, Counter: 81, Timestamp: 1745495867
Reason: transform time, Value: 0.00, Counter: 81, Timestamp: 1745495867
Reason: global search time, Value: 563.17, Counter: 81, Timestamp: 1745495867
Reason: process time, Value: 0.00, Counter: 81, Timestamp: 1745495867
Reason: loop time, Value: 564.52, Counter: 81, Timestamp: 1745495867
----------------------------------------
Thread: nice_thread, Loop time exceeded: 482.73 ms
Reason: consumer time, Value: 0.00, Counter: 99, Timestamp: 1745495867
Reason: transform time, Value: 0.00, Counter: 99, Timestamp: 1745495867
Reason: global search time, Value: 481.29, Counter: 99, Timestamp: 1745495868
Reason: process time, Value: 0.00, Counter: 99, Timestamp: 1745495868
Reason: loop time, Value: 482.73, Counter: 99, Timestamp: 1745495868
----------------------------------------
Thread: nice_thread, Loop time exceeded: 535.93 ms
Reason: consumer time, Value: 0.00, Counter: 116, Timestamp: 1745495868
Reason: transform time, Value: 0.00, Counter: 116, Timestamp: 1745495868
Reason: global search time, Value: 534.65, Counter: 116, Timestamp: 1745495868
Reason: process time, Value: 0.00, Counter: 116, Timestamp: 1745495868
Reason: loop time, Value: 535.93, Counter: 116, Timestamp: 1745495868
----------------------------------------
