Core number: 2
Remap: 71.128 ms
Transform color: 5.209 ms
Core number: 2
Remap: 88.216 ms
Transform color: 2.05 ms
Core number: 2
Remap: 8.36 ms
Transform color: 2.731 ms
Core number: 2
Remap: 11.657 ms
Transform color: 1.573 ms
Core number: 2
Remap: 61.2 ms
Transform color: 3.47 ms
Core number: 2
Remap: 72.812 ms
Transform color: 6.548 ms
Core number: 2
Remap: 70.819 ms
Transform color: 3.9 ms
Core number: 2
Remap: 509.6 ms
Transform color: 3.128 ms
Core number: 2
Remap: 69.909 ms
Transform color: 4.425 ms
Core number: 2
Remap: 74.468 ms
Transform color: 6.987 ms
Core number: 2
Remap: 78.531 ms
Transform color: 7.033 ms
Core number: 2
Remap: 68.588 ms
Transform color: 7.462 ms
Core number: 2
Remap: 20.866 ms
Transform color: 3.319 ms
Core number: 2
Remap: 67.717 ms
Transform color: 5.341 ms
Core number: 2
Remap: 63.412 ms
Transform color: 1.928 ms
Core number: 2
Remap: 73.447 ms
Transform color: 7.332 ms
Core number: 2
Remap: 14.378 ms
Transform color: 1.918 ms
Core number: 2
Remap: 26.45 ms
Transform color: 2.556 ms
Core number: 2
Remap: 87.151 ms
Transform color: 9.653 ms
Core number: 2
Remap: 72.057 ms
Transform color: 6.278 ms
Core number: 2
Remap: 74.137 ms
Transform color: 4.679 ms
Core number: 2
Remap: 63.72 ms
Transform color: 5.134 ms
Core number: 2
Remap: 67.117 ms
Transform color: 5.86 ms
Core number: 2
Remap: 69.135 ms
Transform color: 6.614 ms
Core number: 2
Remap: 77.255 ms
Transform color: 6.115 ms
Core number: 2
Remap: 22.066 ms
Transform color: 2.448 ms
Core number: 2
Remap: 71.235 ms
Transform color: 6.175 ms
Core number: 2
Remap: 124.221 ms
Transform color: 2.496 ms
Core number: 2
Remap: 23.812 ms
Transform color: 3.2 ms
Core number: 2
Remap: 23.643 ms
Transform color: 2.899 ms
Core number: 2
Remap: 74.203 ms
Transform color: 6.656 ms
Core number: 2
Remap: 76.613 ms
Transform color: 6.371 ms
Core number: 2
Remap: 17.323 ms
Transform color: 3.148 ms
Core number: 2
Remap: 70.814 ms
Transform color: 3.34 ms
Core number: 2
Remap: 22.909 ms
Transform color: 3.579 ms
Core number: 2
Remap: 74.233 ms
Transform color: 4.476 ms
Core number: 2
Remap: 63.762 ms
Transform color: 4.449 ms
Core number: 2
Remap: 72.562 ms
Transform color: 5.654 ms
Core number: 2
Remap: 81.076 ms
Transform color: 3.895 ms
Core number: 2
Remap: 21.6 ms
Transform color: 27.825 ms
Core number: 2
Remap: 78.93 ms
Transform color: 50.734 ms
Core number: 2
Remap: 75.143 ms
Transform color: 6.014 ms
Core number: 2
Remap: 20.119 ms
Transform color: 3.112 ms
Core number: 2
Remap: 70.769 ms
Transform color: 5.059 ms
Core number: 2
Remap: 71.57 ms
Transform color: 2.688 ms
Core number: 2
Remap: 89.143 ms
Transform color: 6.043 ms
Core number: 2
Remap: 69.902 ms
Transform color: 3.17 ms
Core number: 2
Remap: 69.71 ms
Transform color: 7.193 ms
Core number: 2
Remap: 116.872 ms
Transform color: 7.402 ms
Core number: 2
Remap: 67.525 ms
Transform color: 4.485 ms
Core number: 2
Remap: 22.131 ms
Transform color: 3.987 ms
Core number: 2
Remap: 70.724 ms
Transform color: 4.357 ms
Core number: 2
Remap: 85.965 ms
Transform color: 58.211 ms
Core number: 2
Remap: 71.764 ms
Transform color: 5.649 ms
Core number: 2
Remap: 16.401 ms
Transform color: 86.619 ms
Core number: 2
Remap: 71.505 ms
Transform color: 4.901 ms
Core number: 2
Remap: 79.236 ms
Transform color: 63.951 ms
Core number: 2
Remap: 72.809 ms
Transform color: 5.372 ms
Core number: 2
Remap: 90.099 ms
Transform color: 85.624 ms
Core number: 2
Remap: 99.206 ms
Transform color: 3.924 ms
Core number: 2
Remap: 93.213 ms
Transform color: 11.956 ms
Core number: 2
Remap: 74.284 ms
Transform color: 7.551 ms
Core number: 2
Remap: 70.906 ms
Transform color: 6.091 ms
Core number: 2
Remap: 66.737 ms
Transform color: 5.707 ms
Core number: 2
Remap: 62.704 ms
Transform color: 4.473 ms
Core number: 2
Remap: 79.01 ms
Transform color: 7.122 ms
Core number: 2
Remap: 69.299 ms
Transform color: 5.589 ms
Core number: 2
Remap: 71.216 ms
Transform color: 6.485 ms
Core number: 2
Remap: 76.021 ms
Transform color: 9.591 ms
Core number: 2
Remap: 79.823 ms
Transform color: 4.069 ms
Core number: 2
Remap: 71.39 ms
Transform color: 6.049 ms
Core number: 2
Remap: 80.791 ms
Transform color: 4.371 ms
Core number: 2
Remap: 132.465 ms
Transform color: 7.267 ms
Core number: 2
Remap: 84.645 ms
Transform color: 6.476 ms
Core number: 2
Remap: 83.492 ms
Transform color: 3.762 ms
Core number: 2
Remap: 63.161 ms
Transform color: 5.793 ms
Core number: 2
Remap: 72.717 ms
Transform color: 4.414 ms
Core number: 2
Remap: 77.327 ms
Transform color: 4.597 ms
Core number: 2
Remap: 78.746 ms
Transform color: 8.005 ms
Core number: 2
e_thread, Loop time exceeded: 841.77 ms
Reason: consumer time, Value: 0.00, Counter: 27, Timestamp: 1745500699
Reason: transform time, Value: 0.09, Counter: 27, Timestamp: 1745500699
Reason: global search time, Value: 756.08, Counter: 27, Timestamp: 1745500700
Reason: process time, Value: 0.00, Counter: 27, Timestamp: 1745500700
Reason: loop time, Value: 841.77, Counter: 27, Timestamp: 1745500700
----------------------------------------
Thread: nice_thread, Loop time exceeded: 766.27 ms
Reason: consumer time, Value: 0.00, Counter: 50, Timestamp: 1745500700
Reason: transform time, Value: 0.08, Counter: 50, Timestamp: 1745500700
Reason: global search time, Value: 690.09, Counter: 50, Timestamp: 1745500701
Reason: process time, Value: 0.00, Counter: 50, Timestamp: 1745500701
Reason: loop time, Value: 766.27, Counter: 50, Timestamp: 1745500701
----------------------------------------
Thread: nice_thread, Loop time exceeded: 775.47 ms
Reason: consumer time, Value: 0.00, Counter: 73, Timestamp: 1745500701
Reason: transform time, Value: 0.02, Counter: 73, Timestamp: 1745500701
Reason: global search time, Value: 751.17, Counter: 73, Timestamp: 1745500702
Reason: process time, Value: 0.00, Counter: 73, Timestamp: 1745500702
Reason: loop time, Value: 775.47, Counter: 73, Timestamp: 1745500702
----------------------------------------
Thread: nice_thread, Loop time exceeded: 808.45 ms
Reason: consumer time, Value: 0.00, Counter: 96, Timestamp: 1745500702
Reason: transform time, Value: 0.07, Counter: 96, Timestamp: 1745500702
Reason: global search time, Value: 735.27, Counter: 96, Timestamp: 1745500703
Reason: process time, Value: 0.00, Counter: 96, Timestamp: 1745500703
Reason: loop time, Value: 808.45, Counter: 96, Timestamp: 1745500703
----------------------------------------
Thread: nice_thread, Loop time exceeded: 846.37 ms
Reason: consumer time, Value: 0.00, Counter: 119, Timestamp: 1745500703
Reason: transform time, Value: 0.07, Counter: 119, Timestamp: 1745500703
Reason: global search time, Value: 780.96, Counter: 119, Timestamp: 1745500703
Reason: process time, Value: 0.00, Counter: 119, Timestamp: 1745500703
Reason: loop time, Value: 846.37, Counter: 119, Timestamp: 1745500703
----------------------------------------
Thread: nice_thread, Loop time exceeded: 871.10 ms
Reason: consumer time, Value: 0.00, Counter: 15, Timestamp: 1745500703
Reason: transform time, Value: 0.08, Counter: 15, Timestamp: 1745500703
Reason: global search time, Value: 790.20, Counter: 15, Timestamp: 1745500704
Reason: process time, Value: 0.00, Counter: 15, Timestamp: 1745500704
Reason: loop time, Value: 871.10, Counter: 15, Timestamp: 1745500704
----------------------------------------
Thread: nice_thread, Loop time exceeded: 699.48 ms
Reason: consumer time, Value: 0.00, Counter: 40, Timestamp: 1745500704
Reason: transform time, Value: 0.02, Counter: 40, Timestamp: 1745500704
Reason: global search time, Value: 683.08, Counter: 40, Timestamp: 1745500705
Reason: process time, Value: 0.00, Counter: 40, Timestamp: 1745500705
Reason: loop time, Value: 699.48, Counter: 40, Timestamp: 1745500705
----------------------------------------
Thread: nice_thread, Loop time exceeded: 781.08 ms
Reason: consumer time, Value: 0.00, Counter: 61, Timestamp: 1745500705
Reason: transform time, Value: 0.03, Counter: 61, Timestamp: 1745500705
Reason: global search time, Value: 751.95, Counter: 61, Timestamp: 1745500706
Reason: process time, Value: 0.00, Counter: 61, Timestamp: 1745500706
Reason: loop time, Value: 781.08, Counter: 61, Timestamp: 1745500706
----------------------------------------
Thread: nice_thread, Loop time exceeded: 811.21 ms
Reason: consumer time, Value: 0.00, Counter: 83, Timestamp: 1745500706
Reason: transform time, Value: 0.10, Counter: 83, Timestamp: 1745500706
Reason: global search time, Value: 714.32, Counter: 83, Timestamp: 1745500707
Reason: process time, Value: 0.00, Counter: 83, Timestamp: 1745500707
Reason: loop time, Value: 811.21, Counter: 83, Timestamp: 1745500707
----------------------------------------
Thread: nice_thread, Loop time exceeded: 844.19 ms
Reason: consumer time, Value: 0.00, Counter: 106, Timestamp: 1745500707
Reason: transform time, Value: 0.08, Counter: 106, Timestamp: 1745500707
Reason: global search time, Value: 765.68, Counter: 106, Timestamp: 1745500707
Reason: process time, Value: 0.00, Counter: 106, Timestamp: 1745500707
Reason: loop time, Value: 844.19, Counter: 106, Timestamp: 1745500707
----------------------------------------
Thread: nice_thread, Loop time exceeded: 814.01 ms
Reason: consumer time, Value: 0.00, Counter: 3, Timestamp: 1745500707
Reason: transform time, Value: 0.08, Counter: 3, Timestamp: 1745500707
Reason: global search time, Value: 735.04, Counter: 3, Timestamp: 1745500708
Reason: process time, Value: 0.00, Counter: 3, Timestamp: 1745500708
Reason: loop time, Value: 814.01, Counter: 3, Timestamp: 1745500708
----------------------------------------
Thread: nice_thread, Loop time exceeded: 739.26 ms
Reason: consumer time, Value: 0.00, Counter: 27, Timestamp: 1745500708
Reason: transform time, Value: 0.07, Counter: 27, Timestamp: 1745500708
Reason: global search time, Value: 670.30, Counter: 27, Timestamp: 1745500709
Reason: process time, Value: 0.00, Counter: 27, Timestamp: 1745500709
Reason: loop time, Value: 739.26, Counter: 27, Timestamp: 1745500709
----------------------------------------
Thread: nice_thread, Loop time exceeded: 846.99 ms
Reason: consumer time, Value: 0.00, Counter: 51, Timestamp: 1745500709
Reason: transform time, Value: 0.07, Counter: 51, Timestamp: 1745500709
Reason: global search time, Value: 773.91, Counter: 51, Timestamp: 1745500710
Reason: process time, Value: 0.00, Counter: 51, Timestamp: 1745500710
Reason: loop time, Value: 846.99, Counter: 51, Timestamp: 1745500710
----------------------------------------
Thread: nice_thread, Loop time exceeded: 827.03 ms
Reason: consumer time, Value: 0.00, Counter: 74, Timestamp: 1745500710
Reason: transform time, Value: 0.07, Counter: 74, Timestamp: 1745500710
Reason: global search time, Value: 751.16, Counter: 74, Timestamp: 1745500711
Reason: process time, Value: 0.00, Counter: 74, Timestamp: 1745500711
Reason: loop time, Value: 827.03, Counter: 74, Timestamp: 1745500711
----------------------------------------
Thread: nice_thread, Loop time exceeded: 833.24 ms
Reason: consumer time, Value: 0.00, Counter: 98, Timestamp: 1745500711
Reason: transform time, Value: 0.08, Counter: 98, Timestamp: 1745500711
Reason: global search time, Value: 749.76, Counter: 98, Timestamp: 1745500711
Reason: process time, Value: 0.00, Counter: 98, Timestamp: 1745500711
Reason: loop time, Value: 833.24, Counter: 98, Timestamp: 1745500711
----------------------------------------
Thread: nice_thread, Loop time exceeded: 797.91 ms
Reason: consumer time, Value: 0.00, Counter: 121, Timestamp: 1745500711
Reason: transform time, Value: 0.02, Counter: 121, Timestamp: 1745500711
Reason: global search time, Value: 773.30, Counter: 121, Timestamp: 1745500712
Reason: process time, Value: 0.00, Counter: 121, Timestamp: 1745500712
Reason: loop time, Value: 797.91, Counter: 121, Timestamp: 1745500712
----------------------------------------
Thread: nice_thread, Loop time exceeded: 796.80 ms
Reason: consumer time, Value: 0.00, Counter: 16, Timestamp: 1745500712
Reason: transform time, Value: 0.08, Counter: 16, Timestamp: 1745500712
Reason: global search time, Value: 719.24, Counter: 16, Timestamp: 1745500713
Reason: process time, Value: 0.00, Counter: 16, Timestamp: 1745500713
Reason: loop time, Value: 796.80, Counter: 16, Timestamp: 1745500713
----------------------------------------
Thread: nice_thread, Loop time exceeded: 830.76 ms
Reason: consumer time, Value: 0.00, Counter: 40, Timestamp: 1745500713
Reason: transform time, Value: 0.13, Counter: 40, Timestamp: 1745500713
Reason: global search time, Value: 703.89, Counter: 40, Timestamp: 1745500714
Reason: process time, Value: 0.00, Counter: 40, Timestamp: 1745500714
Reason: loop time, Value: 830.76, Counter: 40, Timestamp: 1745500714
----------------------------------------
Thread: nice_thread, Loop time exceeded: 766.73 ms
Reason: consumer time, Value: 0.00, Counter: 63, Timestamp: 1745500714
Reason: transform time, Value: 0.03, Counter: 63, Timestamp: 1745500714
Reason: global search time, Value: 739.62, Counter: 63, Timestamp: 1745500715
Reason: process time, Value: 0.00, Counter: 63, Timestamp: 1745500715
Reason: loop time, Value: 766.73, Counter: 63, Timestamp: 1745500715
----------------------------------------
Thread: nice_thread, Loop time exceeded: 752.73 ms
Reason: consumer time, Value: 0.00, Counter: 85, Timestamp: 1745500715
Reason: transform time, Value: 0.03, Counter: 85, Timestamp: 1745500715
Reason: global search time, Value: 726.06, Counter: 85, Timestamp: 1745500715
Reason: process time, Value: 0.00, Counter: 85, Timestamp: 1745500715
Reason: loop time, Value: 752.73, Counter: 85, Timestamp: 1745500715
----------------------------------------
Thread: nice_thread, Loop time exceeded: 857.02 ms
Reason: consumer time, Value: 0.00, Counter: 106, Timestamp: 1745500715
Reason: transform time, Value: 0.08, Counter: 106, Timestamp: 1745500715
Reason: global search time, Value: 776.05, Counter: 106, Timestamp: 1745500716
Reason: process time, Value: 0.00, Counter: 106, Timestamp: 1745500716
Reason: loop time, Value: 857.02, Counter: 106, Timestamp: 1745500716
----------------------------------------
Thread: nice_thread, Loop time exceeded: 825.74 ms
Reason: consumer time, Value: 0.00, Counter: 3, Timestamp: 1745500716
Reason: transform time, Value: 0.08, Counter: 3, Timestamp: 1745500716
Reason: global search time, Value: 742.62, Counter: 3, Timestamp: 1745500717
Reason: process time, Value: 0.00, Counter: 3, Timestamp: 1745500717
Reason: loop time, Value: 825.74, Counter: 3, Timestamp: 1745500717
----------------------------------------
Thread: nice_thread, Loop time exceeded: 787.91 ms
Reason: consumer time, Value: 0.00, Counter: 27, Timestamp: 1745500717
Reason: transform time, Value: 0.02, Counter: 27, Timestamp: 1745500717
Reason: global search time, Value: 767.31, Counter: 27, Timestamp: 1745500718
Reason: process time, Value: 0.00, Counter: 27, Timestamp: 1745500718
Reason: loop time, Value: 787.91, Counter: 27, Timestamp: 1745500718
----------------------------------------
Thread: nice_thread, Loop time exceeded: 820.42 ms
Reason: consumer time, Value: 0.00, Counter: 49, Timestamp: 1745500718
Reason: transform time, Value: 0.07, Counter: 49, Timestamp: 1745500718
Reason: global search time, Value: 746.15, Counter: 49, Timestamp: 1745500719
Reason: process time, Value: 0.00, Counter: 49, Timestamp: 1745500719
Reason: loop time, Value: 820.42, Counter: 49, Timestamp: 1745500719
----------------------------------------
Thread: nice_thread, Loop time exceeded: 755.25 ms
Reason: consumer time, Value: 0.00, Counter: 72, Timestamp: 1745500719
Reason: transform time, Value: 0.03, Counter: 72, Timestamp: 1745500719
Reason: global search time, Value: 728.63, Counter: 72, Timestamp: 1745500719
Reason: process time, Value: 0.00, Counter: 72, Timestamp: 1745500719
Reason: loop time, Value: 755.25, Counter: 72, Timestamp: 1745500719
----------------------------------------
Thread: nice_thread, Loop time exceeded: 815.97 ms
Reason: consumer time, Value: 0.00, Counter: 93, Timestamp: 1745500719
Reason: transform time, Value: 0.08, Counter: 93, Timestamp: 1745500720
Reason: global search time, Value: 737.12, Counter: 93, Timestamp: 1745500720
Reason: process time, Value: 0.00, Counter: 93, Timestamp: 1745500720
Reason: loop time, Value: 815.97, Counter: 93, Timestamp: 1745500720
----------------------------------------
Thread: nice_thread, Loop time exceeded: 761.02 ms
Reason: consumer time, Value: 0.00, Counter: 116, Timestamp: 1745500720
Reason: transform time, Value: 0.07, Counter: 116, Timestamp: 1745500720
Reason: global search time, Value: 692.70, Counter: 116, Timestamp: 1745500721
Reason: process time, Value: 0.00, Counter: 116, Timestamp: 1745500721
Reason: loop time, Value: 761.02, Counter: 116, Timestamp: 1745500721
----------------------------------------
Thread: nice_thread, Loop time exceeded: 842.18 ms
Reason: consumer time, Value: 0.00, Counter: 13, Timestamp: 1745500721
Reason: transform time, Value: 0.08, Counter: 13, Timestamp: 1745500721
Reason: global search time, Value: 763.85, Counter: 13, Timestamp: 1745500722
Reason: process time, Value: 0.00, Counter: 13, Timestamp: 1745500722
Reason: loop time, Value: 842.18, Counter: 13, Timestamp: 1745500722
----------------------------------------
Thread: nice_thread, Loop time exceeded: 859.73 ms
Reason: consumer time, Value: 0.00, Counter: 36, Timestamp: 1745500722
Reason: transform time, Value: 0.09, Counter: 36, Timestamp: 1745500722
Reason: global search time, Value: 774.60, Counter: 36, Timestamp: 1745500723
Reason: process time, Value: 0.00, Counter: 36, Timestamp: 1745500723
Reason: loop time, Value: 859.73, Counter: 36, Timestamp: 1745500723
----------------------------------------
Thread: nice_thread, Loop time exceeded: 828.67 ms
Reason: consumer time, Value: 0.00, Counter: 60, Timestamp: 1745500723
Reason: transform time, Value: 0.05, Counter: 60, Timestamp: 1745500723
Reason: global search time, Value: 779.16, Counter: 60, Timestamp: 1745500724
Reason: process time, Value: 0.00, Counter: 60, Timestamp: 1745500724
Reason: loop time, Value: 828.67, Counter: 60, Timestamp: 1745500724
----------------------------------------
Thread: nice_thread, Loop time exceeded: 881.67 ms
Reason: consumer time, Value: 0.00, Counter: 83, Timestamp: 1745500724
Reason: transform time, Value: 0.13, Counter: 83, Timestamp: 1745500724
Reason: global search time, Value: 751.92, Counter: 83, Timestamp: 1745500724
Reason: process time, Value: 0.00, Counter: 83, Timestamp: 1745500724
Reason: loop time, Value: 881.67, Counter: 83, Timestamp: 1745500724
----------------------------------------
Thread: nice_thread, Loop time exceeded: 862.75 ms
Reason: consumer time, Value: 0.00, Counter: 108, Timestamp: 1745500724
Reason: transform time, Value: 0.08, Counter: 108, Timestamp: 1745500725
Reason: global search time, Value: 781.49, Counter: 108, Timestamp: 1745500725
Reason: process time, Value: 0.00, Counter: 108, Timestamp: 1745500725
Reason: loop time, Value: 862.75, Counter: 108, Timestamp: 1745500725
----------------------------------------
Thread: nice_thread, Loop time exceeded: 717.34 ms
Reason: consumer time, Value: 0.00, Counter: 5, Timestamp: 1745500725
Reason: transform time, Value: 0.02, Counter: 5, Timestamp: 1745500725
Reason: global search time, Value: 693.98, Counter: 5, Timestamp: 1745500726
Reason: process time, Value: 0.00, Counter: 5, Timestamp: 1745500726
Reason: loop time, Value: 717.34, Counter: 5, Timestamp: 1745500726
----------------------------------------
Thread: nice_thread, Loop time exceeded: 834.82 ms
Reason: consumer time, Value: 0.00, Counter: 27, Timestamp: 1745500726
Reason: transform time, Value: 0.07, Counter: 27, Timestamp: 1745500726
Reason: global search time, Value: 758.88, Counter: 27, Timestamp: 1745500727
Reason: process time, Value: 0.00, Counter: 27, Timestamp: 1745500727
Reason: loop time, Value: 834.82, Counter: 27, Timestamp: 1745500727
----------------------------------------
Thread: nice_thread, Loop time exceeded: 802.48 ms
Reason: consumer time, Value: 0.00, Counter: 49, Timestamp: 1745500727
Reason: transform time, Value: 0.07, Counter: 49, Timestamp: 1745500727
Reason: global search time, Value: 728.12, Counter: 49, Timestamp: 1745500728
Reason: process time, Value: 0.00, Counter: 49, Timestamp: 1745500728
Reason: loop time, Value: 802.48, Counter: 49, Timestamp: 1745500728
----------------------------------------
Thread: nice_thread, Loop time exceeded: 831.63 ms
Reason: consumer time, Value: 0.00, Counter: 72, Timestamp: 1745500728
Reason: transform time, Value: 0.10, Counter: 72, Timestamp: 1745500728
Reason: global search time, Value: 736.38, Counter: 72, Timestamp: 1745500728
Reason: process time, Value: 0.00, Counter: 72, Timestamp: 1745500728
Reason: loop time, Value: 831.63, Counter: 72, Timestamp: 1745500728
----------------------------------------
Thread: nice_thread, Loop time exceeded: 829.01 ms
Reason: consumer time, Value: 0.00, Counter: 95, Timestamp: 1745500728
Reason: transform time, Value: 0.07, Counter: 95, Timestamp: 1745500729
Reason: global search time, Value: 755.79, Counter: 95, Timestamp: 1745500729
Reason: process time, Value: 0.00, Counter: 95, Timestamp: 1745500729
Reason: loop time, Value: 829.01, Counter: 95, Timestamp: 1745500729
----------------------------------------
Thread: nice_thread, Loop time exceeded: 773.48 ms
Reason: consumer time, Value: 0.00, Counter: 119, Timestamp: 1745500729
Reason: transform time, Value: 0.08, Counter: 119, Timestamp: 1745500729
Reason: global search time, Value: 696.40, Counter: 119, Timestamp: 1745500730
Reason: process time, Value: 0.00, Counter: 119, Timestamp: 1745500730
Reason: loop time, Value: 773.48, Counter: 119, Timestamp: 1745500730
----------------------------------------
Thread: nice_thread, Loop time exceeded: 833.82 ms
Reason: consumer time, Value: 0.00, Counter: 14, Timestamp: 1745500730
Reason: transform time, Value: 0.12, Counter: 14, Timestamp: 1745500730
Reason: global search time, Value: 709.42, Counter: 14, Timestamp: 1745500731
Reason: process time, Value: 0.00, Counter: 14, Timestamp: 1745500731
Reason: loop time, Value: 833.82, Counter: 14, Timestamp: 1745500731
----------------------------------------
Thread: nice_thread, Loop time exceeded: 848.37 ms
Reason: consumer time, Value: 0.00, Counter: 37, Timestamp: 1745500731
Reason: transform time, Value: 0.07, Counter: 37, Timestamp: 1745500731
Reason: global search time, Value: 776.26, Counter: 37, Timestamp: 1745500732
Reason: process time, Value: 0.00, Counter: 37, Timestamp: 1745500732
Reason: loop time, Value: 848.37, Counter: 37, Timestamp: 1745500732
----------------------------------------
Thread: nice_thread, Loop time exceeded: 798.05 ms
Reason: consumer time, Value: 0.00, Counter: 62, Timestamp: 1745500732
Reason: transform time, Value: 0.03, Counter: 62, Timestamp: 1745500732
Reason: global search time, Value: 771.82, Counter: 62, Timestamp: 1745500733
Reason: process time, Value: 0.00, Counter: 62, Timestamp: 1745500733
Reason: loop time, Value: 798.05, Counter: 62, Timestamp: 1745500733
----------------------------------------
Thread: nice_thread, Loop time exceeded: 813.50 ms
Reason: consumer time, Value: 0.00, Counter: 84, Timestamp: 1745500733
Reason: transform time, Value: 0.07, Counter: 84, Timestamp: 1745500733
Reason: global search time, Value: 738.27, Counter: 84, Timestamp: 1745500733
Reason: process time, Value: 0.00, Counter: 84, Timestamp: 1745500733
Reason: loop time, Value: 813.50, Counter: 84, Timestamp: 1745500733
----------------------------------------
Thread: nice_thread, Loop time exceeded: 909.15 ms
Reason: consumer time, Value: 0.00, Counter: 107, Timestamp: 1745500733
Reason: transform time, Value: 0.14, Counter: 107, Timestamp: 1745500734
Reason: global search time, Value: 764.85, Counter: 107, Timestamp: 1745500734
Reason: process time, Value: 0.00, Counter: 107, Timestamp: 1745500734
Reason: loop time, Value: 909.15, Counter: 107, Timestamp: 1745500734
----------------------------------------
Thread: nice_thread, Loop time exceeded: 872.62 ms
Reason: consumer time, Value: 0.00, Counter: 5, Timestamp: 1745500734
Reason: transform time, Value: 0.08, Counter: 5, Timestamp: 1745500734
Reason: global search time, Value: 795.05, Counter: 5, Timestamp: 1745500735
Reason: process time, Value: 0.00, Counter: 5, Timestamp: 1745500735
Reason: loop time, Value: 872.62, Counter: 5, Timestamp: 1745500735
----------------------------------------
Thread: nice_thread, Loop time exceeded: 834.07 ms
Reason: consumer time, Value: 0.00, Counter: 31, Timestamp: 1745500735
Reason: transform time, Value: 0.10, Counter: 31, Timestamp: 1745500735
Reason: global search time, Value: 730.94, Counter: 31, Timestamp: 1745500736
Reason: process time, Value: 0.00, Counter: 31, Timestamp: 1745500736
Reason: loop time, Value: 834.07, Counter: 31, Timestamp: 1745500736
----------------------------------------
Thread: nice_thread, Loop time exceeded: 895.14 ms
Reason: consumer time, Value: 0.00, Counter: 57, Timestamp: 1745500736
Reason: transform time, Value: 0.08, Counter: 57, Timestamp: 1745500736
Reason: global search time, Value: 818.62, Counter: 57, Timestamp: 1745500737
Reason: process time, Value: 0.00, Counter: 57, Timestamp: 1745500737
Reason: loop time, Value: 895.14, Counter: 57, Timestamp: 1745500737
----------------------------------------
Thread: nice_thread, Loop time exceeded: 906.79 ms
Reason: consumer time, Value: 0.00, Counter: 83, Timestamp: 1745500737
Reason: transform time, Value: 0.14, Counter: 83, Timestamp: 1745500737
Reason: global search time, Value: 763.48, Counter: 83, Timestamp: 1745500738
Reason: process time, Value: 0.00, Counter: 83, Timestamp: 1745500738
Reason: loop time, Value: 906.79, Counter: 83, Timestamp: 1745500738
----------------------------------------
Thread: nice_thread, Loop time exceeded: 873.72 ms
Reason: consumer time, Value: 0.00, Counter: 109, Timestamp: 1745500738
Reason: transform time, Value: 0.08, Counter: 109, Timestamp: 1745500738
Reason: global search time, Value: 795.46, Counter: 109, Timestamp: 1745500739
Reason: process time, Value: 0.00, Counter: 109, Timestamp: 1745500739
Reason: loop time, Value: 873.72, Counter: 109, Timestamp: 1745500739
----------------------------------------
Thread: nice_thread, Loop time exceeded: 958.84 ms
Reason: consumer time, Value: 0.00, Counter: 5, Timestamp: 1745500739
Reason: transform time, Value: 0.17, Counter: 5, Timestamp: 1745500739
Reason: global search time, Value: 783.01, Counter: 5, Timestamp: 1745500740
Reason: process time, Value: 0.00, Counter: 5, Timestamp: 1745500740
Reason: loop time, Value: 958.84, Counter: 5, Timestamp: 1745500740
----------------------------------------
Thread: nice_thread, Loop time exceeded: 895.83 ms
Reason: consumer time, Value: 0.00, Counter: 33, Timestamp: 1745500740
Reason: transform time, Value: 0.10, Counter: 33, Timestamp: 1745500740
Reason: global search time, Value: 792.54, Counter: 33, Timestamp: 1745500741
Reason: process time, Value: 0.00, Counter: 33, Timestamp: 1745500741
Reason: loop time, Value: 895.83, Counter: 33, Timestamp: 1745500741
----------------------------------------
Thread: nice_thread, Loop time exceeded: 863.73 ms
Reason: consumer time, Value: 0.00, Counter: 58, Timestamp: 1745500741
Reason: transform time, Value: 0.10, Counter: 58, Timestamp: 1745500741
Reason: global search time, Value: 758.42, Counter: 58, Timestamp: 1745500741
Reason: process time, Value: 0.00, Counter: 58, Timestamp: 1745500741
Reason: loop time, Value: 863.73, Counter: 58, Timestamp: 1745500741
----------------------------------------
Thread: nice_thread, Loop time exceeded: 915.63 ms
Reason: consumer time, Value: 0.00, Counter: 82, Timestamp: 1745500741
Reason: transform time, Value: 0.08, Counter: 82, Timestamp: 1745500741
Reason: global search time, Value: 833.62, Counter: 82, Timestamp: 1745500742
Reason: process time, Value: 0.00, Counter: 82, Timestamp: 1745500742
Reason: loop time, Value: 915.63, Counter: 82, Timestamp: 1745500742
----------------------------------------
Thread: nice_thread, Loop time exceeded: 879.96 ms
Reason: consumer time, Value: 0.00, Counter: 107, Timestamp: 1745500742
Reason: transform time, Value: 0.08, Counter: 107, Timestamp: 1745500742
Reason: global search time, Value: 802.86, Counter: 107, Timestamp: 1745500743
Reason: process time, Value: 0.00, Counter: 107, Timestamp: 1745500743
Reason: loop time, Value: 879.96, Counter: 107, Timestamp: 1745500743
----------------------------------------
Thread: nice_thread, Loop time exceeded: 835.33 ms
Reason: consumer time, Value: 0.00, Counter: 5, Timestamp: 1745500743
Reason: transform time, Value: 0.07, Counter: 5, Timestamp: 1745500743
Reason: global search time, Value: 762.78, Counter: 5, Timestamp: 1745500744
Reason: process time, Value: 0.00, Counter: 5, Timestamp: 1745500744
Reason: loop time, Value: 835.33, Counter: 5, Timestamp: 1745500744
----------------------------------------
Thread: nice_thread, Loop time exceeded: 899.76 ms
Reason: consumer time, Value: 0.00, Counter: 30, Timestamp: 1745500744
Reason: transform time, Value: 0.07, Counter: 30, Timestamp: 1745500744
Reason: global search time, Value: 832.48, Counter: 30, Timestamp: 1745500745
Reason: process time, Value: 0.00, Counter: 30, Timestamp: 1745500745
Reason: loop time, Value: 899.76, Counter: 30, Timestamp: 1745500745
----------------------------------------
Thread: nice_thread, Loop time exceeded: 892.15 ms
Reason: consumer time, Value: 0.00, Counter: 55, Timestamp: 1745500745
Reason: transform time, Value: 0.09, Counter: 55, Timestamp: 1745500745
Reason: global search time, Value: 805.85, Counter: 55, Timestamp: 1745500746
Reason: process time, Value: 0.00, Counter: 55, Timestamp: 1745500746
Reason: loop time, Value: 892.15, Counter: 55, Timestamp: 1745500746
----------------------------------------
Thread: nice_thread, Loop time exceeded: 880.08 ms
Reason: consumer time, Value: 0.00, Counter: 80, Timestamp: 1745500746
Reason: transform time, Value: 0.07, Counter: 80, Timestamp: 1745500746
Reason: global search time, Value: 805.07, Counter: 80, Timestamp: 1745500747
Reason: process time, Value: 0.00, Counter: 80, Timestamp: 1745500747
Reason: loop time, Value: 880.08, Counter: 80, Timestamp: 1745500747
----------------------------------------
Thread: nice_thread, Loop time exceeded: 843.26 ms
Reason: consumer time, Value: 0.00, Counter: 104, Timestamp: 1745500747
Reason: transform time, Value: 0.08, Counter: 104, Timestamp: 1745500747
Reason: global search time, Value: 765.38, Counter: 104, Timestamp: 1745500748
Reason: process time, Value: 0.00, Counter: 104, Timestamp: 1745500748
Reason: loop time, Value: 843.26, Counter: 104, Timestamp: 1745500748
----------------------------------------
Thread: nice_thread, Loop time exceeded: 875.17 ms
Reason: consumer time, Value: 0.00, Counter: 0, Timestamp: 1745500748
Reason: transform time, Value: 0.09, Counter: 0, Timestamp: 1745500748
Reason: global search time, Value: 789.40, Counter: 0, Timestamp: 1745500748
Reason: process time, Value: 0.00, Counter: 0, Timestamp: 1745500748
Reason: loop time, Value: 875.17, Counter: 0, Timestamp: 1745500748
----------------------------------------
Thread: nice_thread, Loop time exceeded: 892.03 ms
Reason: consumer time, Value: 0.00, Counter: 25, Timestamp: 1745500748
Reason: transform time, Value: 0.08, Counter: 25, Timestamp: 1745500749
Reason: global search time, Value: 808.04, Counter: 25, Timestamp: 1745500749
Reason: process time, Value: 0.00, Counter: 25, Timestamp: 1745500749
Reason: loop time, Value: 892.03, Counter: 25, Timestamp: 1745500749
----------------------------------------
Thread: nice_thread, Loop time exceeded: 876.43 ms
Reason: consumer time, Value: 0.00, Counter: 50, Timestamp: 1745500749
Reason: transform time, Value: 0.08, Counter: 50, Timestamp: 1745500749
Reason: global search time, Value: 798.84, Counter: 50, Timestamp: 1745500750
Reason: process time, Value: 0.00, Counter: 50, Timestamp: 1745500750
Reason: loop time, Value: 876.43, Counter: 50, Timestamp: 1745500750
----------------------------------------
Thread: nice_thread, Loop time exceeded: 872.15 ms
Reason: consumer time, Value: 0.00, Counter: 75, Timestamp: 1745500750
Reason: transform time, Value: 0.09, Counter: 75, Timestamp: 1745500750
Reason: global search time, Value: 786.90, Counter: 75, Timestamp: 1745500751
Reason: process time, Value: 0.00, Counter: 75, Timestamp: 1745500751
Reason: loop time, Value: 872.15, Counter: 75, Timestamp: 1745500751
----------------------------------------
Thread: nice_thread, Loop time exceeded: 903.43 ms
Reason: consumer time, Value: 0.00, Counter: 100, Timestamp: 1745500751
Reason: transform time, Value: 0.14, Counter: 100, Timestamp: 1745500751
Reason: global search time, Value: 763.50, Counter: 100, Timestamp: 1745500752
Reason: process time, Value: 0.00, Counter: 100, Timestamp: 1745500752
Reason: loop time, Value: 903.43, Counter: 100, Timestamp: 1745500752
----------------------------------------
Thread: nice_thread, Loop time exceeded: 901.21 ms
Reason: consumer time, Value: 0.00, Counter: 123, Timestamp: 1745500752
Reason: transform time, Value: 0.09, Counter: 123, Timestamp: 1745500752
Reason: global search time, Value: 809.99, Counter: 123, Timestamp: 1745500753
Reason: process time, Value: 0.00, Counter: 123, Timestamp: 1745500753
Reason: loop time, Value: 901.21, Counter: 123, Timestamp: 1745500753
----------------------------------------
Thread: nice_thread, Loop time exceeded: 912.54 ms
Reason: consumer time, Value: 0.00, Counter: 20, Timestamp: 1745500753
Reason: transform time, Value: 0.09, Counter: 20, Timestamp: 1745500753
Reason: global search time, Value: 825.13, Counter: 20, Timestamp: 1745500754
Reason: process time, Value: 0.00, Counter: 20, Timestamp: 1745500754
Reason: loop time, Value: 912.54, Counter: 20, Timestamp: 1745500754
----------------------------------------
Thread: nice_thread, Loop time exceeded: 902.71 ms
Reason: consumer time, Value: 0.00, Counter: 45, Timestamp: 1745500754
Reason: transform time, Value: 0.07, Counter: 45, Timestamp: 1745500754
Reason: global search time, Value: 833.65, Counter: 45, Timestamp: 1745500755
Reason: process time, Value: 0.00, Counter: 45, Timestamp: 1745500755
Reason: loop time, Value: 902.71, Counter: 45, Timestamp: 1745500755
----------------------------------------
Thread: nice_thread, Loop time exceeded: 893.83 ms
Reason: consumer time, Value: 0.00, Counter: 71, Timestamp: 1745500755
Reason: transform time, Value: 0.08, Counter: 71, Timestamp: 1745500755
Reason: global search time, Value: 816.57, Counter: 71, Timestamp: 1745500756
Reason: process time, Value: 0.00, Counter: 71, Timestamp: 1745500756
Reason: loop time, Value: 893.83, Counter: 71, Timestamp: 1745500756
----------------------------------------
Thread: nice_thread, Loop time exceeded: 900.29 ms
Reason: consumer time, Value: 0.00, Counter: 96, Timestamp: 1745500756
Reason: transform time, Value: 0.08, Counter: 96, Timestamp: 1745500756
Reason: global search time, Value: 818.20, Counter: 96, Timestamp: 1745500756
Reason: process time, Value: 0.00, Counter: 96, Timestamp: 1745500756
Reason: loop time, Value: 900.29, Counter: 96, Timestamp: 1745500756
----------------------------------------
Thread: nice_thread, Loop time exceeded: 848.09 ms
Reason: consumer time, Value: 0.00, Counter: 121, Timestamp: 1745500756
Reason: transform time, Value: 0.09, Counter: 121, Timestamp: 1745500757
Reason: global search time, Value: 761.19, Counter: 121, Timestamp: 1745500757
Reason: process time, Value: 0.00, Counter: 121, Timestamp: 1745500757
Reason: loop time, Value: 848.09, Counter: 121, Timestamp: 1745500757
----------------------------------------
