Core number: 0
Remap: 80.883 ms
Transform color: 5.194 ms
Core number: 0
Remap: 71.177 ms
Transform color: 5.229 ms
Core number: 0
Remap: 60.873 ms
Transform color: 6.193 ms
Core number: 0
Remap: 68.813 ms
Transform color: 5.773 ms
Core number: 0
Remap: 67.051 ms
Transform color: 4.351 ms
Core number: 0
Remap: 64.655 ms
Transform color: 5.823 ms
Core number: 0
Remap: 70.302 ms
Transform color: 6.269 ms
Core number: 0
Remap: 65.485 ms
Transform color: 5.771 ms
Core number: 0
Remap: 62.488 ms
Transform color: 3.406 ms
Core number: 0
Remap: 66.744 ms
Transform color: 5.223 ms
Core number: 0
Remap: 77.408 ms
Transform color: 6.258 ms
Core number: 0
Remap: 70.688 ms
Transform color: 5.73 ms
Core number: 0
Remap: 126.699 ms
Transform color: 2.498 ms
Core number: 0
Remap: 65.878 ms
Transform color: 7.998 ms
Core number: 0
Remap: 74.872 ms
Transform color: 6.531 ms
Core number: 0
Remap: 73.258 ms
Transform color: 4.529 ms
Core number: 0
Remap: 71.779 ms
Transform color: 83.365 ms
Core number: 0
Remap: 23.495 ms
Transform color: 87.83 ms
Core number: 0
Remap: 71.403 ms
Transform color: 5.5 ms
Core number: 0
Remap: 71.755 ms
Transform color: 6.992 ms
Core number: 0
Remap: 62.024 ms
Transform color: 5.961 ms
Core number: 0
Remap: 68.314 ms
Transform color: 6.306 ms
Core number: 0
Remap: 72.774 ms
Transform color: 7.576 ms
Core number: 0
Remap: 73.817 ms
Transform color: 2.849 ms
Core number: 0
Remap: 26.95 ms
Transform color: 2.282 ms
Core number: 0
Remap: 88.062 ms
Transform color: 7.697 ms
Core number: 0
Remap: 104.069 ms
Transform color: 3.156 ms
Core number: 0
Remap: 103.716 ms
Transform color: 4.382 ms
Core number: 0
Remap: 107.019 ms
Transform color: 73.375 ms
Core number: 0
Remap: 75.954 ms
Transform color: 7.154 ms
Core number: 0
Remap: 148.419 ms
Transform color: 3.635 ms
Core number: 0
Remap: 82.644 ms
Transform color: 2.841 ms
Core number: 0
Remap: 66.037 ms
Transform color: 4.359 ms
Core number: 0
Remap: 24.175 ms
Transform color: 3.288 ms
Core number: 0
Remap: 69.84 ms
Transform color: 3.703 ms
Core number: 0
Remap: 123.8 ms
Transform color: 6.243 ms
Core number: 0
Remap: 22.49 ms
Transform color: 3.284 ms
Core number: 0
Remap: 24.811 ms
Transform color: 3.013 ms
Core number: 0
Remap: 17.253 ms
Transform color: 3.941 ms
Core number: 0
Remap: 28.331 ms
Transform color: 3.664 ms
Core number: 0
Remap: 152.386 ms
Transform color: 4.493 ms
Core number: 0
Remap: 74.631 ms
Transform color: 8.028 ms
Core number: 0
Remap: 25.806 ms
Transform color: 4.526 ms
Core number: 0
Remap: 75.697 ms
Transform color: 5.629 ms
Core number: 0
Remap: 65.96 ms
Transform color: 5.632 ms
Core number: 0
Remap: 118.21 ms
Transform color: 6.714 ms
Core number: 0
Remap: 71.569 ms
Transform color: 6.328 ms
Core number: 0
Remap: 77.842 ms
Transform color: 4.439 ms
Core number: 0
Remap: 71.819 ms
Transform color: 5.35 ms
Core number: 0
Remap: 73.997 ms
Transform color: 4.792 ms
Core number: 0
Remap: 73.129 ms
Transform color: 2.63 ms
Core number: 0
Remap: 71.498 ms
Transform color: 6.508 ms
Core number: 0
Remap: 78.617 ms
Transform color: 2.675 ms
Core number: 0
Remap: 77.399 ms
Transform color: 3.823 ms
Core number: 0
Remap: 75.17 ms
Transform color: 5.576 ms
Core number: 0
Remap: 84.207 ms
Transform color: 6.335 ms
Core number: 0
Remap: 80.727 ms
Transform color: 7.94 ms
Core number: 0
Remap: 15.536 ms
Transform color: 2.635 ms
Core number: 0
Remap: 22.614 ms
Transform color: 84.183 ms
Core number: 0
Remap: 22.239 ms
Transform color: 3.179 ms
Core number: 0
Remap: 124.794 ms
Transform color: 4.915 ms
Core number: 0
Remap: 20.247 ms
Transform color: 1.65 ms
Core number: 0
Remap: 91.949 ms
Transform color: 11.92 ms
Core number: 0
Remap: 70.16 ms
Transform color: 4.637 ms
Core number: 0
Remap: 80.671 ms
Transform color: 4.761 ms
Core number: 0
Remap: 23.557 ms
Transform color: 2.996 ms
Core number: 0
Remap: 76.465 ms
Transform color: 76.955 ms
Core number: 0
Remap: 78.75 ms
Transform color: 6.501 ms
Core number: 0
Remap: 19.542 ms
Transform color: 2.49 ms
Core number: 0
Remap: 74.952 ms
Transform color: 6.497 ms
Core number: 0
Remap: 74.765 ms
Transform color: 4.783 ms
Core number: 0
Remap: 74.591 ms
Transform color: 7.397 ms
Core number: 0
Remap: 22.034 ms
Transform color: 2.662 ms
Core number: 0
Remap: 77.301 ms
Transform color: 2.448 ms
Core number: 0
Remap: 74.826 ms
Transform color: 7.592 ms
Core number: 0
Remap: 73.941 ms
Transform color: 6.714 ms
Core number: 0
Remap: 23.416 ms
Transform color: 4.168 ms
Core number: 0
Remap: 77.116 ms
Transform color: 7.472 ms
Core number: 0
Remap: 71.675 ms
Transform color: 3.062 ms
Core number: 0
ead, Loop time exceeded: 908.33 ms
Reason: consumer time, Value: 0.00, Counter: 24, Timestamp: 1745500699
Reason: transform time, Value: 0.08, Counter: 24, Timestamp: 1745500699
Reason: global search time, Value: 824.50, Counter: 24, Timestamp: 1745500700
Reason: process time, Value: 0.00, Counter: 24, Timestamp: 1745500700
Reason: loop time, Value: 908.33, Counter: 24, Timestamp: 1745500700
----------------------------------------
Thread: nice_thread, Loop time exceeded: 811.14 ms
Reason: consumer time, Value: 0.00, Counter: 49, Timestamp: 1745500700
Reason: transform time, Value: 0.08, Counter: 49, Timestamp: 1745500700
Reason: global search time, Value: 734.55, Counter: 49, Timestamp: 1745500701
Reason: process time, Value: 0.00, Counter: 49, Timestamp: 1745500701
Reason: loop time, Value: 811.14, Counter: 49, Timestamp: 1745500701
----------------------------------------
Thread: nice_thread, Loop time exceeded: 848.57 ms
Reason: consumer time, Value: 0.00, Counter: 73, Timestamp: 1745500701
Reason: transform time, Value: 0.13, Counter: 73, Timestamp: 1745500701
Reason: global search time, Value: 719.24, Counter: 73, Timestamp: 1745500702
Reason: process time, Value: 0.00, Counter: 73, Timestamp: 1745500702
Reason: loop time, Value: 848.57, Counter: 73, Timestamp: 1745500702
----------------------------------------
Thread: nice_thread, Loop time exceeded: 795.92 ms
Reason: consumer time, Value: 0.00, Counter: 98, Timestamp: 1745500702
Reason: transform time, Value: 0.07, Counter: 98, Timestamp: 1745500702
Reason: global search time, Value: 721.91, Counter: 98, Timestamp: 1745500703
Reason: process time, Value: 0.00, Counter: 98, Timestamp: 1745500703
Reason: loop time, Value: 795.92, Counter: 98, Timestamp: 1745500703
----------------------------------------
Thread: nice_thread, Loop time exceeded: 854.04 ms
Reason: consumer time, Value: 0.00, Counter: 120, Timestamp: 1745500703
Reason: transform time, Value: 0.08, Counter: 120, Timestamp: 1745500703
Reason: global search time, Value: 772.50, Counter: 120, Timestamp: 1745500704
Reason: process time, Value: 0.00, Counter: 120, Timestamp: 1745500704
Reason: loop time, Value: 854.04, Counter: 120, Timestamp: 1745500704
----------------------------------------
Thread: nice_thread, Loop time exceeded: 806.61 ms
Reason: consumer time, Value: 0.00, Counter: 16, Timestamp: 1745500704
Reason: transform time, Value: 0.08, Counter: 16, Timestamp: 1745500704
Reason: global search time, Value: 728.70, Counter: 16, Timestamp: 1745500704
Reason: process time, Value: 0.00, Counter: 16, Timestamp: 1745500704
Reason: loop time, Value: 806.61, Counter: 16, Timestamp: 1745500704
----------------------------------------
Thread: nice_thread, Loop time exceeded: 941.84 ms
Reason: consumer time, Value: 0.00, Counter: 39, Timestamp: 1745500704
Reason: transform time, Value: 0.15, Counter: 39, Timestamp: 1745500705
Reason: global search time, Value: 786.56, Counter: 39, Timestamp: 1745500705
Reason: process time, Value: 0.00, Counter: 39, Timestamp: 1745500705
Reason: loop time, Value: 941.84, Counter: 39, Timestamp: 1745500705
----------------------------------------
Thread: nice_thread, Loop time exceeded: 890.76 ms
Reason: consumer time, Value: 0.00, Counter: 65, Timestamp: 1745500705
Reason: transform time, Value: 0.11, Counter: 65, Timestamp: 1745500705
Reason: global search time, Value: 779.34, Counter: 65, Timestamp: 1745500706
Reason: process time, Value: 0.00, Counter: 65, Timestamp: 1745500706
Reason: loop time, Value: 890.76, Counter: 65, Timestamp: 1745500706
----------------------------------------
Thread: nice_thread, Loop time exceeded: 799.97 ms
Reason: consumer time, Value: 0.00, Counter: 91, Timestamp: 1745500706
Reason: transform time, Value: 0.08, Counter: 91, Timestamp: 1745500706
Reason: global search time, Value: 722.96, Counter: 91, Timestamp: 1745500707
Reason: process time, Value: 0.00, Counter: 91, Timestamp: 1745500707
Reason: loop time, Value: 799.97, Counter: 91, Timestamp: 1745500707
----------------------------------------
Thread: nice_thread, Loop time exceeded: 836.12 ms
Reason: consumer time, Value: 0.00, Counter: 115, Timestamp: 1745500707
Reason: transform time, Value: 0.08, Counter: 115, Timestamp: 1745500707
Reason: global search time, Value: 757.21, Counter: 115, Timestamp: 1745500708
Reason: process time, Value: 0.00, Counter: 115, Timestamp: 1745500708
Reason: loop time, Value: 836.12, Counter: 115, Timestamp: 1745500708
----------------------------------------
Thread: nice_thread, Loop time exceeded: 797.22 ms
Reason: consumer time, Value: 0.00, Counter: 12, Timestamp: 1745500708
Reason: transform time, Value: 0.07, Counter: 12, Timestamp: 1745500708
Reason: global search time, Value: 729.14, Counter: 12, Timestamp: 1745500709
Reason: process time, Value: 0.00, Counter: 12, Timestamp: 1745500709
Reason: loop time, Value: 797.22, Counter: 12, Timestamp: 1745500709
----------------------------------------
Thread: nice_thread, Loop time exceeded: 814.99 ms
Reason: consumer time, Value: 0.00, Counter: 35, Timestamp: 1745500709
Reason: transform time, Value: 0.07, Counter: 35, Timestamp: 1745500709
Reason: global search time, Value: 740.21, Counter: 35, Timestamp: 1745500709
Reason: process time, Value: 0.00, Counter: 35, Timestamp: 1745500709
Reason: loop time, Value: 814.99, Counter: 35, Timestamp: 1745500709
----------------------------------------
Thread: nice_thread, Loop time exceeded: 843.66 ms
Reason: consumer time, Value: 0.00, Counter: 58, Timestamp: 1745500709
Reason: transform time, Value: 0.08, Counter: 58, Timestamp: 1745500710
Reason: global search time, Value: 763.14, Counter: 58, Timestamp: 1745500710
Reason: process time, Value: 0.00, Counter: 58, Timestamp: 1745500710
Reason: loop time, Value: 843.66, Counter: 58, Timestamp: 1745500710
----------------------------------------
Thread: nice_thread, Loop time exceeded: 764.65 ms
Reason: consumer time, Value: 0.00, Counter: 82, Timestamp: 1745500710
Reason: transform time, Value: 0.08, Counter: 82, Timestamp: 1745500710
Reason: global search time, Value: 687.85, Counter: 82, Timestamp: 1745500711
Reason: process time, Value: 0.00, Counter: 82, Timestamp: 1745500711
Reason: loop time, Value: 764.65, Counter: 82, Timestamp: 1745500711
----------------------------------------
Thread: nice_thread, Loop time exceeded: 770.55 ms
Reason: consumer time, Value: 0.00, Counter: 105, Timestamp: 1745500711
Reason: transform time, Value: 0.03, Counter: 105, Timestamp: 1745500711
Reason: global search time, Value: 741.21, Counter: 105, Timestamp: 1745500712
Reason: process time, Value: 0.00, Counter: 105, Timestamp: 1745500712
Reason: loop time, Value: 770.55, Counter: 105, Timestamp: 1745500712
----------------------------------------
Thread: nice_thread, Loop time exceeded: 846.79 ms
Reason: consumer time, Value: 0.00, Counter: 126, Timestamp: 1745500712
Reason: transform time, Value: 0.10, Counter: 126, Timestamp: 1745500712
Reason: global search time, Value: 750.81, Counter: 126, Timestamp: 1745500713
Reason: process time, Value: 0.00, Counter: 126, Timestamp: 1745500713
Reason: loop time, Value: 846.79, Counter: 126, Timestamp: 1745500713
----------------------------------------
Thread: nice_thread, Loop time exceeded: 845.68 ms
Reason: consumer time, Value: 0.00, Counter: 21, Timestamp: 1745500713
Reason: transform time, Value: 0.11, Counter: 21, Timestamp: 1745500713
Reason: global search time, Value: 738.33, Counter: 21, Timestamp: 1745500714
Reason: process time, Value: 0.00, Counter: 21, Timestamp: 1745500714
Reason: loop time, Value: 845.68, Counter: 21, Timestamp: 1745500714
----------------------------------------
Thread: nice_thread, Loop time exceeded: 862.82 ms
Reason: consumer time, Value: 0.00, Counter: 45, Timestamp: 1745500714
Reason: transform time, Value: 0.11, Counter: 45, Timestamp: 1745500714
Reason: global search time, Value: 754.58, Counter: 45, Timestamp: 1745500714
Reason: process time, Value: 0.00, Counter: 45, Timestamp: 1745500714
Reason: loop time, Value: 862.82, Counter: 45, Timestamp: 1745500714
----------------------------------------
Thread: nice_thread, Loop time exceeded: 934.09 ms
Reason: consumer time, Value: 0.00, Counter: 70, Timestamp: 1745500714
Reason: transform time, Value: 0.18, Counter: 70, Timestamp: 1745500715
Reason: global search time, Value: 753.55, Counter: 70, Timestamp: 1745500715
Reason: process time, Value: 0.00, Counter: 70, Timestamp: 1745500715
Reason: loop time, Value: 934.09, Counter: 70, Timestamp: 1745500715
----------------------------------------
Thread: nice_thread, Loop time exceeded: 769.05 ms
Reason: consumer time, Value: 0.00, Counter: 96, Timestamp: 1745500715
Reason: transform time, Value: 0.08, Counter: 96, Timestamp: 1745500715
Reason: global search time, Value: 685.76, Counter: 96, Timestamp: 1745500716
Reason: process time, Value: 0.00, Counter: 96, Timestamp: 1745500716
Reason: loop time, Value: 769.05, Counter: 96, Timestamp: 1745500716
----------------------------------------
Thread: nice_thread, Loop time exceeded: 868.76 ms
Reason: consumer time, Value: 0.00, Counter: 120, Timestamp: 1745500716
Reason: transform time, Value: 0.15, Counter: 120, Timestamp: 1745500716
Reason: global search time, Value: 716.54, Counter: 120, Timestamp: 1745500717
Reason: process time, Value: 0.00, Counter: 120, Timestamp: 1745500717
Reason: loop time, Value: 868.76, Counter: 120, Timestamp: 1745500717
----------------------------------------
Thread: nice_thread, Loop time exceeded: 815.86 ms
Reason: consumer time, Value: 0.00, Counter: 16, Timestamp: 1745500717
Reason: transform time, Value: 0.09, Counter: 16, Timestamp: 1745500717
Reason: global search time, Value: 730.24, Counter: 16, Timestamp: 1745500718
Reason: process time, Value: 0.00, Counter: 16, Timestamp: 1745500718
Reason: loop time, Value: 815.86, Counter: 16, Timestamp: 1745500718
----------------------------------------
Thread: nice_thread, Loop time exceeded: 807.68 ms
Reason: consumer time, Value: 0.00, Counter: 39, Timestamp: 1745500718
Reason: transform time, Value: 0.07, Counter: 39, Timestamp: 1745500718
Reason: global search time, Value: 737.16, Counter: 39, Timestamp: 1745500719
Reason: process time, Value: 0.00, Counter: 39, Timestamp: 1745500719
Reason: loop time, Value: 807.68, Counter: 39, Timestamp: 1745500719
----------------------------------------
Thread: nice_thread, Loop time exceeded: 742.43 ms
Reason: consumer time, Value: 0.00, Counter: 61, Timestamp: 1745500719
Reason: transform time, Value: 0.03, Counter: 61, Timestamp: 1745500719
Reason: global search time, Value: 714.83, Counter: 61, Timestamp: 1745500719
Reason: process time, Value: 0.00, Counter: 61, Timestamp: 1745500719
Reason: loop time, Value: 742.43, Counter: 61, Timestamp: 1745500719
----------------------------------------
Thread: nice_thread, Loop time exceeded: 773.84 ms
Reason: consumer time, Value: 0.00, Counter: 81, Timestamp: 1745500719
Reason: transform time, Value: 0.07, Counter: 81, Timestamp: 1745500719
Reason: global search time, Value: 700.17, Counter: 81, Timestamp: 1745500720
Reason: process time, Value: 0.00, Counter: 81, Timestamp: 1745500720
Reason: loop time, Value: 773.84, Counter: 81, Timestamp: 1745500720
----------------------------------------
Thread: nice_thread, Loop time exceeded: 841.78 ms
Reason: consumer time, Value: 0.00, Counter: 105, Timestamp: 1745500720
Reason: transform time, Value: 0.13, Counter: 105, Timestamp: 1745500720
Reason: global search time, Value: 711.61, Counter: 105, Timestamp: 1745500721
Reason: process time, Value: 0.00, Counter: 105, Timestamp: 1745500721
Reason: loop time, Value: 841.78, Counter: 105, Timestamp: 1745500721
----------------------------------------
Thread: nice_thread, Loop time exceeded: 784.36 ms
Reason: consumer time, Value: 0.00, Counter: 2, Timestamp: 1745500721
Reason: transform time, Value: 0.03, Counter: 2, Timestamp: 1745500721
Reason: global search time, Value: 758.46, Counter: 2, Timestamp: 1745500722
Reason: process time, Value: 0.00, Counter: 2, Timestamp: 1745500722
Reason: loop time, Value: 784.36, Counter: 2, Timestamp: 1745500722
----------------------------------------
Thread: nice_thread, Loop time exceeded: 797.95 ms
Reason: consumer time, Value: 0.00, Counter: 23, Timestamp: 1745500722
Reason: transform time, Value: 0.03, Counter: 23, Timestamp: 1745500722
Reason: global search time, Value: 770.01, Counter: 23, Timestamp: 1745500723
Reason: process time, Value: 0.00, Counter: 23, Timestamp: 1745500723
Reason: loop time, Value: 797.95, Counter: 23, Timestamp: 1745500723
----------------------------------------
Thread: nice_thread, Loop time exceeded: 788.83 ms
Reason: consumer time, Value: 0.00, Counter: 45, Timestamp: 1745500723
Reason: transform time, Value: 0.02, Counter: 45, Timestamp: 1745500723
Reason: global search time, Value: 767.53, Counter: 45, Timestamp: 1745500723
Reason: process time, Value: 0.00, Counter: 45, Timestamp: 1745500723
Reason: loop time, Value: 788.83, Counter: 45, Timestamp: 1745500723
----------------------------------------
Thread: nice_thread, Loop time exceeded: 745.44 ms
Reason: consumer time, Value: 0.00, Counter: 66, Timestamp: 1745500723
Reason: transform time, Value: 0.03, Counter: 66, Timestamp: 1745500723
Reason: global search time, Value: 713.30, Counter: 66, Timestamp: 1745500724
Reason: process time, Value: 0.00, Counter: 66, Timestamp: 1745500724
Reason: loop time, Value: 745.44, Counter: 66, Timestamp: 1745500724
----------------------------------------
Thread: nice_thread, Loop time exceeded: 815.86 ms
Reason: consumer time, Value: 0.00, Counter: 89, Timestamp: 1745500724
Reason: transform time, Value: 0.16, Counter: 89, Timestamp: 1745500724
Reason: global search time, Value: 658.85, Counter: 89, Timestamp: 1745500725
Reason: process time, Value: 0.00, Counter: 89, Timestamp: 1745500725
Reason: loop time, Value: 815.86, Counter: 89, Timestamp: 1745500725
----------------------------------------
Thread: nice_thread, Loop time exceeded: 833.99 ms
Reason: consumer time, Value: 0.00, Counter: 112, Timestamp: 1745500725
Reason: transform time, Value: 0.08, Counter: 112, Timestamp: 1745500725
Reason: global search time, Value: 751.18, Counter: 112, Timestamp: 1745500726
Reason: process time, Value: 0.00, Counter: 112, Timestamp: 1745500726
Reason: loop time, Value: 833.99, Counter: 112, Timestamp: 1745500726
----------------------------------------
Thread: nice_thread, Loop time exceeded: 783.32 ms
Reason: consumer time, Value: 0.00, Counter: 8, Timestamp: 1745500726
Reason: transform time, Value: 0.03, Counter: 8, Timestamp: 1745500726
Reason: global search time, Value: 752.81, Counter: 8, Timestamp: 1745500727
Reason: process time, Value: 0.00, Counter: 8, Timestamp: 1745500727
Reason: loop time, Value: 783.32, Counter: 8, Timestamp: 1745500727
----------------------------------------
Thread: nice_thread, Loop time exceeded: 823.34 ms
Reason: consumer time, Value: 0.00, Counter: 30, Timestamp: 1745500727
Reason: transform time, Value: 0.08, Counter: 30, Timestamp: 1745500727
Reason: global search time, Value: 741.91, Counter: 30, Timestamp: 1745500727
Reason: process time, Value: 0.00, Counter: 30, Timestamp: 1745500727
Reason: loop time, Value: 823.34, Counter: 30, Timestamp: 1745500727
----------------------------------------
Thread: nice_thread, Loop time exceeded: 780.13 ms
Reason: consumer time, Value: 0.00, Counter: 53, Timestamp: 1745500727
Reason: transform time, Value: 0.07, Counter: 53, Timestamp: 1745500727
Reason: global search time, Value: 708.41, Counter: 53, Timestamp: 1745500728
Reason: process time, Value: 0.00, Counter: 53, Timestamp: 1745500728
Reason: loop time, Value: 780.13, Counter: 53, Timestamp: 1745500728
----------------------------------------
Thread: nice_thread, Loop time exceeded: 835.45 ms
Reason: consumer time, Value: 0.00, Counter: 75, Timestamp: 1745500728
Reason: transform time, Value: 0.12, Counter: 75, Timestamp: 1745500728
Reason: global search time, Value: 710.35, Counter: 75, Timestamp: 1745500729
Reason: process time, Value: 0.00, Counter: 75, Timestamp: 1745500729
Reason: loop time, Value: 835.45, Counter: 75, Timestamp: 1745500729
----------------------------------------
Thread: nice_thread, Loop time exceeded: 842.55 ms
Reason: consumer time, Value: 0.00, Counter: 98, Timestamp: 1745500729
Reason: transform time, Value: 0.08, Counter: 98, Timestamp: 1745500729
Reason: global search time, Value: 764.49, Counter: 98, Timestamp: 1745500730
Reason: process time, Value: 0.00, Counter: 98, Timestamp: 1745500730
Reason: loop time, Value: 842.55, Counter: 98, Timestamp: 1745500730
----------------------------------------
Thread: nice_thread, Loop time exceeded: 847.19 ms
Reason: consumer time, Value: 0.00, Counter: 122, Timestamp: 1745500730
Reason: transform time, Value: 0.08, Counter: 122, Timestamp: 1745500730
Reason: global search time, Value: 764.78, Counter: 122, Timestamp: 1745500731
Reason: process time, Value: 0.00, Counter: 122, Timestamp: 1745500731
Reason: loop time, Value: 847.19, Counter: 122, Timestamp: 1745500731
----------------------------------------
Thread: nice_thread, Loop time exceeded: 844.25 ms
Reason: consumer time, Value: 0.00, Counter: 18, Timestamp: 1745500731
Reason: transform time, Value: 0.08, Counter: 18, Timestamp: 1745500731
Reason: global search time, Value: 766.95, Counter: 18, Timestamp: 1745500731
Reason: process time, Value: 0.00, Counter: 18, Timestamp: 1745500731
Reason: loop time, Value: 844.25, Counter: 18, Timestamp: 1745500731
----------------------------------------
Thread: nice_thread, Loop time exceeded: 846.36 ms
Reason: consumer time, Value: 0.00, Counter: 41, Timestamp: 1745500731
Reason: transform time, Value: 0.08, Counter: 41, Timestamp: 1745500732
Reason: global search time, Value: 767.43, Counter: 41, Timestamp: 1745500732
Reason: process time, Value: 0.00, Counter: 41, Timestamp: 1745500732
Reason: loop time, Value: 846.36, Counter: 41, Timestamp: 1745500732
----------------------------------------
Thread: nice_thread, Loop time exceeded: 876.83 ms
Reason: consumer time, Value: 0.00, Counter: 65, Timestamp: 1745500732
Reason: transform time, Value: 0.07, Counter: 65, Timestamp: 1745500732
Reason: global search time, Value: 800.94, Counter: 65, Timestamp: 1745500733
Reason: process time, Value: 0.00, Counter: 65, Timestamp: 1745500733
Reason: loop time, Value: 876.83, Counter: 65, Timestamp: 1745500733
----------------------------------------
Thread: nice_thread, Loop time exceeded: 815.66 ms
Reason: consumer time, Value: 0.00, Counter: 89, Timestamp: 1745500733
Reason: transform time, Value: 0.08, Counter: 89, Timestamp: 1745500733
Reason: global search time, Value: 737.52, Counter: 89, Timestamp: 1745500734
Reason: process time, Value: 0.00, Counter: 89, Timestamp: 1745500734
Reason: loop time, Value: 815.66, Counter: 89, Timestamp: 1745500734
----------------------------------------
Thread: nice_thread, Loop time exceeded: 868.74 ms
Reason: consumer time, Value: 0.00, Counter: 114, Timestamp: 1745500734
Reason: transform time, Value: 0.08, Counter: 114, Timestamp: 1745500734
Reason: global search time, Value: 787.35, Counter: 114, Timestamp: 1745500735
Reason: process time, Value: 0.00, Counter: 114, Timestamp: 1745500735
Reason: loop time, Value: 868.74, Counter: 114, Timestamp: 1745500735
----------------------------------------
Thread: nice_thread, Loop time exceeded: 886.40 ms
Reason: consumer time, Value: 0.00, Counter: 11, Timestamp: 1745500735
Reason: transform time, Value: 0.09, Counter: 11, Timestamp: 1745500735
Reason: global search time, Value: 798.87, Counter: 11, Timestamp: 1745500736
Reason: process time, Value: 0.00, Counter: 11, Timestamp: 1745500736
Reason: loop time, Value: 886.40, Counter: 11, Timestamp: 1745500736
----------------------------------------
Thread: nice_thread, Loop time exceeded: 896.52 ms
Reason: consumer time, Value: 0.00, Counter: 37, Timestamp: 1745500736
Reason: transform time, Value: 0.08, Counter: 37, Timestamp: 1745500736
Reason: global search time, Value: 815.66, Counter: 37, Timestamp: 1745500737
Reason: process time, Value: 0.00, Counter: 37, Timestamp: 1745500737
Reason: loop time, Value: 896.52, Counter: 37, Timestamp: 1745500737
----------------------------------------
Thread: nice_thread, Loop time exceeded: 933.06 ms
Reason: consumer time, Value: 0.00, Counter: 63, Timestamp: 1745500737
Reason: transform time, Value: 0.09, Counter: 63, Timestamp: 1745500737
Reason: global search time, Value: 842.38, Counter: 63, Timestamp: 1745500738
Reason: process time, Value: 0.00, Counter: 63, Timestamp: 1745500738
Reason: loop time, Value: 933.06, Counter: 63, Timestamp: 1745500738
----------------------------------------
Thread: nice_thread, Loop time exceeded: 961.68 ms
Reason: consumer time, Value: 0.00, Counter: 89, Timestamp: 1745500738
Reason: transform time, Value: 0.09, Counter: 89, Timestamp: 1745500738
Reason: global search time, Value: 872.88, Counter: 89, Timestamp: 1745500739
Reason: process time, Value: 0.00, Counter: 89, Timestamp: 1745500739
Reason: loop time, Value: 961.68, Counter: 89, Timestamp: 1745500739
----------------------------------------
Thread: nice_thread, Loop time exceeded: 823.25 ms
Reason: consumer time, Value: 0.00, Counter: 116, Timestamp: 1745500739
Reason: transform time, Value: 0.02, Counter: 116, Timestamp: 1745500739
Reason: global search time, Value: 804.96, Counter: 116, Timestamp: 1745500739
Reason: process time, Value: 0.00, Counter: 116, Timestamp: 1745500739
Reason: loop time, Value: 823.25, Counter: 116, Timestamp: 1745500739
----------------------------------------
Thread: nice_thread, Loop time exceeded: 871.10 ms
Reason: consumer time, Value: 0.00, Counter: 11, Timestamp: 1745500739
Reason: transform time, Value: 0.11, Counter: 11, Timestamp: 1745500739
Reason: global search time, Value: 764.20, Counter: 11, Timestamp: 1745500740
Reason: process time, Value: 0.00, Counter: 11, Timestamp: 1745500740
Reason: loop time, Value: 871.10, Counter: 11, Timestamp: 1745500740
----------------------------------------
Thread: nice_thread, Loop time exceeded: 824.53 ms
Reason: consumer time, Value: 0.00, Counter: 36, Timestamp: 1745500740
Reason: transform time, Value: 0.03, Counter: 36, Timestamp: 1745500740
Reason: global search time, Value: 798.96, Counter: 36, Timestamp: 1745500741
Reason: process time, Value: 0.00, Counter: 36, Timestamp: 1745500741
Reason: loop time, Value: 824.53, Counter: 36, Timestamp: 1745500741
----------------------------------------
Thread: nice_thread, Loop time exceeded: 918.62 ms
Reason: consumer time, Value: 0.00, Counter: 61, Timestamp: 1745500741
Reason: transform time, Value: 0.13, Counter: 61, Timestamp: 1745500741
Reason: global search time, Value: 788.80, Counter: 61, Timestamp: 1745500742
Reason: process time, Value: 0.00, Counter: 61, Timestamp: 1745500742
Reason: loop time, Value: 918.62, Counter: 61, Timestamp: 1745500742
----------------------------------------
Thread: nice_thread, Loop time exceeded: 805.07 ms
Reason: consumer time, Value: 0.00, Counter: 86, Timestamp: 1745500742
Reason: transform time, Value: 0.02, Counter: 86, Timestamp: 1745500742
Reason: global search time, Value: 783.09, Counter: 86, Timestamp: 1745500743
Reason: process time, Value: 0.00, Counter: 86, Timestamp: 1745500743
Reason: loop time, Value: 805.07, Counter: 86, Timestamp: 1745500743
----------------------------------------
Thread: nice_thread, Loop time exceeded: 890.47 ms
Reason: consumer time, Value: 0.00, Counter: 109, Timestamp: 1745500743
Reason: transform time, Value: 0.10, Counter: 109, Timestamp: 1745500743
Reason: global search time, Value: 786.38, Counter: 109, Timestamp: 1745500744
Reason: process time, Value: 0.00, Counter: 109, Timestamp: 1745500744
Reason: loop time, Value: 890.47, Counter: 109, Timestamp: 1745500744
----------------------------------------
Thread: nice_thread, Loop time exceeded: 893.55 ms
Reason: consumer time, Value: 0.00, Counter: 6, Timestamp: 1745500744
Reason: transform time, Value: 0.07, Counter: 6, Timestamp: 1745500744
Reason: global search time, Value: 818.63, Counter: 6, Timestamp: 1745500745
Reason: process time, Value: 0.00, Counter: 6, Timestamp: 1745500745
Reason: loop time, Value: 893.55, Counter: 6, Timestamp: 1745500745
----------------------------------------
Thread: nice_thread, Loop time exceeded: 907.14 ms
Reason: consumer time, Value: 0.00, Counter: 31, Timestamp: 1745500745
Reason: transform time, Value: 0.09, Counter: 31, Timestamp: 1745500745
Reason: global search time, Value: 821.57, Counter: 31, Timestamp: 1745500745
Reason: process time, Value: 0.00, Counter: 31, Timestamp: 1745500745
Reason: loop time, Value: 907.14, Counter: 31, Timestamp: 1745500745
----------------------------------------
Thread: nice_thread, Loop time exceeded: 838.59 ms
Reason: consumer time, Value: 0.00, Counter: 57, Timestamp: 1745500745
Reason: transform time, Value: 0.03, Counter: 57, Timestamp: 1745500746
Reason: global search time, Value: 811.90, Counter: 57, Timestamp: 1745500746
Reason: process time, Value: 0.00, Counter: 57, Timestamp: 1745500746
Reason: loop time, Value: 838.59, Counter: 57, Timestamp: 1745500746
----------------------------------------
Thread: nice_thread, Loop time exceeded: 945.03 ms
Reason: consumer time, Value: 0.00, Counter: 79, Timestamp: 1745500746
Reason: transform time, Value: 0.15, Counter: 79, Timestamp: 1745500746
Reason: global search time, Value: 791.46, Counter: 79, Timestamp: 1745500747
Reason: process time, Value: 0.00, Counter: 79, Timestamp: 1745500747
Reason: loop time, Value: 945.03, Counter: 79, Timestamp: 1745500747
----------------------------------------
Thread: nice_thread, Loop time exceeded: 919.87 ms
Reason: consumer time, Value: 0.00, Counter: 106, Timestamp: 1745500747
Reason: transform time, Value: 0.09, Counter: 106, Timestamp: 1745500747
Reason: global search time, Value: 834.48, Counter: 106, Timestamp: 1745500748
Reason: process time, Value: 0.00, Counter: 106, Timestamp: 1745500748
Reason: loop time, Value: 919.87, Counter: 106, Timestamp: 1745500748
----------------------------------------
Thread: nice_thread, Loop time exceeded: 813.21 ms
Reason: consumer time, Value: 0.00, Counter: 4, Timestamp: 1745500748
Reason: transform time, Value: 0.02, Counter: 4, Timestamp: 1745500748
Reason: global search time, Value: 791.07, Counter: 4, Timestamp: 1745500749
Reason: process time, Value: 0.00, Counter: 4, Timestamp: 1745500749
Reason: loop time, Value: 813.21, Counter: 4, Timestamp: 1745500749
----------------------------------------
Thread: nice_thread, Loop time exceeded: 919.98 ms
Reason: consumer time, Value: 0.00, Counter: 27, Timestamp: 1745500749
Reason: transform time, Value: 0.08, Counter: 27, Timestamp: 1745500749
Reason: global search time, Value: 838.39, Counter: 27, Timestamp: 1745500750
Reason: process time, Value: 0.00, Counter: 27, Timestamp: 1745500750
Reason: loop time, Value: 919.98, Counter: 27, Timestamp: 1745500750
----------------------------------------
Thread: nice_thread, Loop time exceeded: 912.78 ms
Reason: consumer time, Value: 0.00, Counter: 54, Timestamp: 1745500750
Reason: transform time, Value: 0.08, Counter: 54, Timestamp: 1745500750
Reason: global search time, Value: 833.11, Counter: 54, Timestamp: 1745500751
Reason: process time, Value: 0.00, Counter: 54, Timestamp: 1745500751
Reason: loop time, Value: 912.78, Counter: 54, Timestamp: 1745500751
----------------------------------------
Thread: nice_thread, Loop time exceeded: 943.60 ms
Reason: consumer time, Value: 0.00, Counter: 79, Timestamp: 1745500751
Reason: transform time, Value: 0.08, Counter: 79, Timestamp: 1745500751
Reason: global search time, Value: 861.48, Counter: 79, Timestamp: 1745500752
Reason: process time, Value: 0.00, Counter: 79, Timestamp: 1745500752
Reason: loop time, Value: 943.60, Counter: 79, Timestamp: 1745500752
----------------------------------------
Thread: nice_thread, Loop time exceeded: 879.67 ms
Reason: consumer time, Value: 0.00, Counter: 104, Timestamp: 1745500752
Reason: transform time, Value: 0.02, Counter: 104, Timestamp: 1745500752
Reason: global search time, Value: 854.87, Counter: 104, Timestamp: 1745500753
Reason: process time, Value: 0.00, Counter: 104, Timestamp: 1745500753
Reason: loop time, Value: 879.67, Counter: 104, Timestamp: 1745500753
----------------------------------------
Thread: nice_thread, Loop time exceeded: 918.37 ms
Reason: consumer time, Value: 0.00, Counter: 0, Timestamp: 1745500753
Reason: transform time, Value: 0.08, Counter: 0, Timestamp: 1745500753
Reason: global search time, Value: 838.53, Counter: 0, Timestamp: 1745500754
Reason: process time, Value: 0.00, Counter: 0, Timestamp: 1745500754
Reason: loop time, Value: 918.37, Counter: 0, Timestamp: 1745500754
----------------------------------------
Thread: nice_thread, Loop time exceeded: 907.33 ms
Reason: consumer time, Value: 0.00, Counter: 24, Timestamp: 1745500754
Reason: transform time, Value: 0.08, Counter: 24, Timestamp: 1745500754
Reason: global search time, Value: 824.75, Counter: 24, Timestamp: 1745500754
Reason: process time, Value: 0.00, Counter: 24, Timestamp: 1745500754
Reason: loop time, Value: 907.33, Counter: 24, Timestamp: 1745500754
----------------------------------------
Thread: nice_thread, Loop time exceeded: 908.46 ms
Reason: consumer time, Value: 0.00, Counter: 50, Timestamp: 1745500754
Reason: transform time, Value: 0.08, Counter: 50, Timestamp: 1745500755
Reason: global search time, Value: 827.64, Counter: 50, Timestamp: 1745500755
Reason: process time, Value: 0.00, Counter: 50, Timestamp: 1745500755
Reason: loop time, Value: 908.46, Counter: 50, Timestamp: 1745500755
----------------------------------------
Thread: nice_thread, Loop time exceeded: 866.69 ms
Reason: consumer time, Value: 0.00, Counter: 76, Timestamp: 1745500755
Reason: transform time, Value: 0.03, Counter: 76, Timestamp: 1745500755
Reason: global search time, Value: 838.96, Counter: 76, Timestamp: 1745500756
Reason: process time, Value: 0.00, Counter: 76, Timestamp: 1745500756
Reason: loop time, Value: 866.69, Counter: 76, Timestamp: 1745500756
----------------------------------------
Thread: nice_thread, Loop time exceeded: 893.36 ms
Reason: consumer time, Value: 0.00, Counter: 100, Timestamp: 1745500756
Reason: transform time, Value: 0.08, Counter: 100, Timestamp: 1745500756
Reason: global search time, Value: 808.60, Counter: 100, Timestamp: 1745500757
Reason: process time, Value: 0.00, Counter: 100, Timestamp: 1745500757
Reason: loop time, Value: 893.36, Counter: 100, Timestamp: 1745500757
----------------------------------------
Thread: nice_thread, Loop time exceeded: 762.16 ms
Reason: consumer time, Value: 0.00, Counter: 126, Timestamp: 1745500757
Reason: transform time, Value: 0.07, Counter: 126, Timestamp: 1745500757
Reason: global search time, Value: 687.32, Counter: 126, Timestamp: 1745500758
Reason: process time, Value: 0.00, Counter: 126, Timestamp: 1745500758
Reason: loop time, Value: 762.16, Counter: 126, Timestamp: 1745500758
----------------------------------------
