Core number: 1
Remap: 80.207 ms
Transform color: 6.158 ms
Core number: 1
Remap: 84.61 ms
Transform color: 66.029 ms
Core number: 1
Remap: 59.852 ms
Transform color: 1.803 ms
Core number: 1
Remap: 81.507 ms
Transform color: 3.924 ms
Core number: 1
Remap: 57.688 ms
Transform color: 3.567 ms
Core number: 1
Remap: 13.501 ms
Transform color: 2.593 ms
Core number: 1
Remap: 18.887 ms
Transform color: 1.937 ms
Core number: 1
Remap: 60.406 ms
Transform color: 5.331 ms
Core number: 1
Remap: 59.633 ms
Transform color: 4.058 ms
Core number: 1
Remap: 69.699 ms
Transform color: 7.587 ms
Core number: 1
Remap: 81.515 ms
Transform color: 4.679 ms
Core number: 1
Remap: 19.258 ms
Transform color: 3.243 ms
Core number: 1
Remap: 122.703 ms
Transform color: 5.948 ms
Core number: 1
Remap: 63.889 ms
Transform color: 3.832 ms
Core number: 1
Remap: 24.66 ms
Transform color: 2.27 ms
Core number: 1
Remap: 73.622 ms
Transform color: 6.758 ms
Core number: 1
Remap: 53.774 ms
Transform color: 2.464 ms
Core number: 1
Remap: 53.608 ms
Transform color: 6.008 ms
Core number: 1
Remap: 69.929 ms
Transform color: 3.74 ms
Core number: 1
Remap: 118.488 ms
Transform color: 4.347 ms
Core number: 1
Remap: 69.453 ms
Transform color: 5.869 ms
Core number: 1
Remap: 65.388 ms
Transform color: 3.313 ms
Core number: 1
Remap: 16.343 ms
Transform color: 2.03 ms
Core number: 1
Remap: 20.065 ms
Transform color: 2.74 ms
Core number: 1
Remap: 66.492 ms
Transform color: 4.307 ms
Core number: 1
Remap: 72.498 ms
Transform color: 6.687 ms
Core number: 1
Remap: 24.913 ms
Transform color: 3.019 ms
Core number: 1
Remap: 74.079 ms
Transform color: 4.062 ms
Core number: 1
Remap: 69.77 ms
Transform color: 5.808 ms
Core number: 1
Remap: 96.553 ms
Transform color: 2.409 ms
Core number: 1
Remap: 72.852 ms
Transform color: 3.698 ms
Core number: 1
Remap: 72.001 ms
Transform color: 3.152 ms
Core number: 1
Remap: 81.019 ms
Transform color: 11.36 ms
Core number: 1
Remap: 100.681 ms
Transform color: 84.788 ms
Core number: 1
Remap: 126.236 ms
Transform color: 5.282 ms
Core number: 1
Remap: 18.769 ms
Transform color: 2.211 ms
Core number: 1
Remap: 74.228 ms
Transform color: 6.531 ms
Core number: 1
Remap: 68.402 ms
Transform color: 3.736 ms
Core number: 1
Remap: 70.991 ms
Transform color: 4.213 ms
Core number: 1
Remap: 64.332 ms
Transform color: 6.409 ms
Core number: 1
Remap: 70.924 ms
Transform color: 5.885 ms
Core number: 1
Remap: 84.733 ms
Transform color: 4.588 ms
Core number: 1
Remap: 81.361 ms
Transform color: 1.802 ms
Core number: 1
Remap: 71.606 ms
Transform color: 3.405 ms
Core number: 1
Remap: 71.692 ms
Transform color: 5.973 ms
Core number: 1
Remap: 71.694 ms
Transform color: 70.488 ms
Core number: 1
Remap: 66.52 ms
Transform color: 3.725 ms
Core number: 1
Remap: 71.607 ms
Transform color: 4.768 ms
Core number: 1
Remap: 78.354 ms
Transform color: 2.042 ms
Core number: 1
Remap: 17.372 ms
Transform color: 2.581 ms
Core number: 1
Remap: 74.106 ms
Transform color: 3.629 ms
Core number: 1
Remap: 70.41 ms
Transform color: 3.986 ms
Core number: 1
Remap: 72.7 ms
Transform color: 6.282 ms
Core number: 1
Remap: 84.012 ms
Transform color: 7.236 ms
Core number: 1
Remap: 79.972 ms
Transform color: 8.641 ms
Core number: 1
Remap: 78.3 ms
Transform color: 6.9 ms
Core number: 1
Remap: 120.378 ms
Transform color: 2.632 ms
Core number: 1
Remap: 73.012 ms
Transform color: 5.645 ms
Core number: 1
Remap: 69.269 ms
Transform color: 5.944 ms
Core number: 1
Remap: 74.309 ms
Transform color: 6.458 ms
Core number: 1
Remap: 68.841 ms
Transform color: 6.492 ms
Core number: 1
Remap: 67.285 ms
Transform color: 5.223 ms
Core number: 1
Remap: 76.558 ms
Transform color: 53.835 ms
Core number: 1
Remap: 19.179 ms
Transform color: 160.81 ms
Core number: 1
Remap: 95.79 ms
Transform color: 4.483 ms
Core number: 1
Remap: 88.134 ms
Transform color: 4.818 ms
Core number: 1
Remap: 72.795 ms
Transform color: 2.25 ms
Core number: 1
Remap: 74.949 ms
Transform color: 7.052 ms
Core number: 1
Remap: 80.392 ms
Transform color: 6.737 ms
Core number: 1
Remap: 76.116 ms
Transform color: 2.885 ms
Core number: 1
Remap: 72.685 ms
Transform color: 7.902 ms
Core number: 1
Remap: 76.908 ms
Transform color: 36.195 ms
Core number: 1
Remap: 75.543 ms
Transform color: 5.303 ms
Core number: 1
Remap: 80.879 ms
Transform color: 7.525 ms
Core number: 1
Remap: 82.524 ms
Transform color: 3.045 ms
Core number: 1
Remap: 77.517 ms
Transform color: 5.087 ms
Core number: 1
Remap: 12.004 ms
Transform color: 1.293 ms
Core number: 1
: loop time, Value: 872.89, Counter: 126, Timestamp: 1745500699
----------------------------------------
Thread: nice_thread, Loop time exceeded: 953.40 ms
Reason: consumer time, Value: 0.00, Counter: 21, Timestamp: 1745500699
Reason: transform time, Value: 0.09, Counter: 21, Timestamp: 1745500699
Reason: global search time, Value: 867.12, Counter: 21, Timestamp: 1745500700
Reason: process time, Value: 0.00, Counter: 21, Timestamp: 1745500700
Reason: loop time, Value: 953.40, Counter: 21, Timestamp: 1745500700
----------------------------------------
Thread: nice_thread, Loop time exceeded: 810.27 ms
Reason: consumer time, Value: 0.00, Counter: 47, Timestamp: 1745500700
Reason: transform time, Value: 0.02, Counter: 47, Timestamp: 1745500700
Reason: global search time, Value: 787.64, Counter: 47, Timestamp: 1745500701
Reason: process time, Value: 0.00, Counter: 47, Timestamp: 1745500701
Reason: loop time, Value: 810.27, Counter: 47, Timestamp: 1745500701
----------------------------------------
Thread: nice_thread, Loop time exceeded: 885.33 ms
Reason: consumer time, Value: 0.00, Counter: 70, Timestamp: 1745500701
Reason: transform time, Value: 0.13, Counter: 70, Timestamp: 1745500701
Reason: global search time, Value: 756.54, Counter: 70, Timestamp: 1745500702
Reason: process time, Value: 0.00, Counter: 70, Timestamp: 1745500702
Reason: loop time, Value: 885.33, Counter: 70, Timestamp: 1745500702
----------------------------------------
Thread: nice_thread, Loop time exceeded: 846.65 ms
Reason: consumer time, Value: 0.00, Counter: 96, Timestamp: 1745500702
Reason: transform time, Value: 0.07, Counter: 96, Timestamp: 1745500702
Reason: global search time, Value: 778.88, Counter: 96, Timestamp: 1745500703
Reason: process time, Value: 0.00, Counter: 96, Timestamp: 1745500703
Reason: loop time, Value: 846.65, Counter: 96, Timestamp: 1745500703
----------------------------------------
Thread: nice_thread, Loop time exceeded: 820.45 ms
Reason: consumer time, Value: 0.00, Counter: 119, Timestamp: 1745500703
Reason: transform time, Value: 0.03, Counter: 119, Timestamp: 1745500703
Reason: global search time, Value: 793.44, Counter: 119, Timestamp: 1745500704
Reason: process time, Value: 0.00, Counter: 119, Timestamp: 1745500704
Reason: loop time, Value: 820.45, Counter: 119, Timestamp: 1745500704
----------------------------------------
Thread: nice_thread, Loop time exceeded: 835.71 ms
Reason: consumer time, Value: 0.00, Counter: 13, Timestamp: 1745500704
Reason: transform time, Value: 0.08, Counter: 13, Timestamp: 1745500704
Reason: global search time, Value: 755.20, Counter: 13, Timestamp: 1745500704
Reason: process time, Value: 0.00, Counter: 13, Timestamp: 1745500704
Reason: loop time, Value: 835.71, Counter: 13, Timestamp: 1745500704
----------------------------------------
Thread: nice_thread, Loop time exceeded: 877.10 ms
Reason: consumer time, Value: 0.00, Counter: 37, Timestamp: 1745500704
Reason: transform time, Value: 0.06, Counter: 37, Timestamp: 1745500705
Reason: global search time, Value: 820.76, Counter: 37, Timestamp: 1745500705
Reason: process time, Value: 0.00, Counter: 37, Timestamp: 1745500705
Reason: loop time, Value: 877.10, Counter: 37, Timestamp: 1745500705
----------------------------------------
Thread: nice_thread, Loop time exceeded: 882.35 ms
Reason: consumer time, Value: 0.00, Counter: 61, Timestamp: 1745500705
Reason: transform time, Value: 0.06, Counter: 61, Timestamp: 1745500705
Reason: global search time, Value: 822.64, Counter: 61, Timestamp: 1745500706
Reason: process time, Value: 0.00, Counter: 61, Timestamp: 1745500706
Reason: loop time, Value: 882.35, Counter: 61, Timestamp: 1745500706
----------------------------------------
Thread: nice_thread, Loop time exceeded: 855.25 ms
Reason: consumer time, Value: 0.00, Counter: 86, Timestamp: 1745500706
Reason: transform time, Value: 0.07, Counter: 86, Timestamp: 1745500706
Reason: global search time, Value: 781.52, Counter: 86, Timestamp: 1745500707
Reason: process time, Value: 0.00, Counter: 86, Timestamp: 1745500707
Reason: loop time, Value: 855.25, Counter: 86, Timestamp: 1745500707
----------------------------------------
Thread: nice_thread, Loop time exceeded: 833.07 ms
Reason: consumer time, Value: 0.00, Counter: 111, Timestamp: 1745500707
Reason: transform time, Value: 0.12, Counter: 111, Timestamp: 1745500707
Reason: global search time, Value: 710.13, Counter: 111, Timestamp: 1745500708
Reason: process time, Value: 0.00, Counter: 111, Timestamp: 1745500708
Reason: loop time, Value: 833.07, Counter: 111, Timestamp: 1745500708
----------------------------------------
Thread: nice_thread, Loop time exceeded: 857.85 ms
Reason: consumer time, Value: 0.00, Counter: 6, Timestamp: 1745500708
Reason: transform time, Value: 0.07, Counter: 6, Timestamp: 1745500708
Reason: global search time, Value: 782.41, Counter: 6, Timestamp: 1745500709
Reason: process time, Value: 0.00, Counter: 6, Timestamp: 1745500709
Reason: loop time, Value: 857.85, Counter: 6, Timestamp: 1745500709
----------------------------------------
Thread: nice_thread, Loop time exceeded: 875.25 ms
Reason: consumer time, Value: 0.00, Counter: 32, Timestamp: 1745500709
Reason: transform time, Value: 0.07, Counter: 32, Timestamp: 1745500709
Reason: global search time, Value: 806.49, Counter: 32, Timestamp: 1745500710
Reason: process time, Value: 0.00, Counter: 32, Timestamp: 1745500710
Reason: loop time, Value: 875.25, Counter: 32, Timestamp: 1745500710
----------------------------------------
Thread: nice_thread, Loop time exceeded: 820.74 ms
Reason: consumer time, Value: 0.00, Counter: 57, Timestamp: 1745500710
Reason: transform time, Value: 0.02, Counter: 57, Timestamp: 1745500710
Reason: global search time, Value: 802.24, Counter: 57, Timestamp: 1745500710
Reason: process time, Value: 0.00, Counter: 57, Timestamp: 1745500710
Reason: loop time, Value: 820.74, Counter: 57, Timestamp: 1745500710
----------------------------------------
Thread: nice_thread, Loop time exceeded: 815.27 ms
Reason: consumer time, Value: 0.00, Counter: 79, Timestamp: 1745500710
Reason: transform time, Value: 0.02, Counter: 79, Timestamp: 1745500711
Reason: global search time, Value: 792.34, Counter: 79, Timestamp: 1745500711
Reason: process time, Value: 0.00, Counter: 79, Timestamp: 1745500711
Reason: loop time, Value: 815.27, Counter: 79, Timestamp: 1745500711
----------------------------------------
Thread: nice_thread, Loop time exceeded: 878.47 ms
Reason: consumer time, Value: 0.00, Counter: 101, Timestamp: 1745500711
Reason: transform time, Value: 0.07, Counter: 101, Timestamp: 1745500711
Reason: global search time, Value: 807.56, Counter: 101, Timestamp: 1745500712
Reason: process time, Value: 0.00, Counter: 101, Timestamp: 1745500712
Reason: loop time, Value: 878.47, Counter: 101, Timestamp: 1745500712
----------------------------------------
Thread: nice_thread, Loop time exceeded: 834.10 ms
Reason: consumer time, Value: 0.00, Counter: 125, Timestamp: 1745500712
Reason: transform time, Value: 0.08, Counter: 125, Timestamp: 1745500712
Reason: global search time, Value: 754.79, Counter: 125, Timestamp: 1745500713
Reason: process time, Value: 0.00, Counter: 125, Timestamp: 1745500713
Reason: loop time, Value: 834.10, Counter: 125, Timestamp: 1745500713
----------------------------------------
Thread: nice_thread, Loop time exceeded: 821.30 ms
Reason: consumer time, Value: 0.00, Counter: 21, Timestamp: 1745500713
Reason: transform time, Value: 0.03, Counter: 21, Timestamp: 1745500713
Reason: global search time, Value: 793.26, Counter: 21, Timestamp: 1745500714
Reason: process time, Value: 0.00, Counter: 21, Timestamp: 1745500714
Reason: loop time, Value: 821.30, Counter: 21, Timestamp: 1745500714
----------------------------------------
Thread: nice_thread, Loop time exceeded: 889.35 ms
Reason: consumer time, Value: 0.00, Counter: 44, Timestamp: 1745500714
Reason: transform time, Value: 0.08, Counter: 44, Timestamp: 1745500714
Reason: global search time, Value: 811.05, Counter: 44, Timestamp: 1745500715
Reason: process time, Value: 0.00, Counter: 44, Timestamp: 1745500715
Reason: loop time, Value: 889.35, Counter: 44, Timestamp: 1745500715
----------------------------------------
Thread: nice_thread, Loop time exceeded: 861.70 ms
Reason: consumer time, Value: 0.00, Counter: 69, Timestamp: 1745500715
Reason: transform time, Value: 0.07, Counter: 69, Timestamp: 1745500715
Reason: global search time, Value: 786.00, Counter: 69, Timestamp: 1745500716
Reason: process time, Value: 0.00, Counter: 69, Timestamp: 1745500716
Reason: loop time, Value: 861.70, Counter: 69, Timestamp: 1745500716
----------------------------------------
Thread: nice_thread, Loop time exceeded: 909.44 ms
Reason: consumer time, Value: 0.00, Counter: 92, Timestamp: 1745500716
Reason: transform time, Value: 0.10, Counter: 92, Timestamp: 1745500716
Reason: global search time, Value: 810.38, Counter: 92, Timestamp: 1745500717
Reason: process time, Value: 0.00, Counter: 92, Timestamp: 1745500717
Reason: loop time, Value: 909.44, Counter: 92, Timestamp: 1745500717
----------------------------------------
Thread: nice_thread, Loop time exceeded: 868.36 ms
Reason: consumer time, Value: 0.00, Counter: 118, Timestamp: 1745500717
Reason: transform time, Value: 0.08, Counter: 118, Timestamp: 1745500717
Reason: global search time, Value: 791.71, Counter: 118, Timestamp: 1745500717
Reason: process time, Value: 0.00, Counter: 118, Timestamp: 1745500717
Reason: loop time, Value: 868.36, Counter: 118, Timestamp: 1745500717
----------------------------------------
Thread: nice_thread, Loop time exceeded: 887.13 ms
Reason: consumer time, Value: 0.00, Counter: 13, Timestamp: 1745500717
Reason: transform time, Value: 0.07, Counter: 13, Timestamp: 1745500717
Reason: global search time, Value: 811.87, Counter: 13, Timestamp: 1745500718
Reason: process time, Value: 0.00, Counter: 13, Timestamp: 1745500718
Reason: loop time, Value: 887.13, Counter: 13, Timestamp: 1745500718
----------------------------------------
Thread: nice_thread, Loop time exceeded: 903.43 ms
Reason: consumer time, Value: 0.00, Counter: 38, Timestamp: 1745500718
Reason: transform time, Value: 0.09, Counter: 38, Timestamp: 1745500718
Reason: global search time, Value: 810.85, Counter: 38, Timestamp: 1745500719
Reason: process time, Value: 0.00, Counter: 38, Timestamp: 1745500719
Reason: loop time, Value: 903.43, Counter: 38, Timestamp: 1745500719
----------------------------------------
Thread: nice_thread, Loop time exceeded: 930.50 ms
Reason: consumer time, Value: 0.00, Counter: 62, Timestamp: 1745500719
Reason: transform time, Value: 0.18, Counter: 62, Timestamp: 1745500719
Reason: global search time, Value: 744.93, Counter: 62, Timestamp: 1745500720
Reason: process time, Value: 0.00, Counter: 62, Timestamp: 1745500720
Reason: loop time, Value: 930.50, Counter: 62, Timestamp: 1745500720
----------------------------------------
Thread: nice_thread, Loop time exceeded: 912.00 ms
Reason: consumer time, Value: 0.00, Counter: 90, Timestamp: 1745500720
Reason: transform time, Value: 0.13, Counter: 90, Timestamp: 1745500720
Reason: global search time, Value: 780.35, Counter: 90, Timestamp: 1745500721
Reason: process time, Value: 0.00, Counter: 90, Timestamp: 1745500721
Reason: loop time, Value: 912.00, Counter: 90, Timestamp: 1745500721
----------------------------------------
Thread: nice_thread, Loop time exceeded: 826.06 ms
Reason: consumer time, Value: 0.00, Counter: 116, Timestamp: 1745500721
Reason: transform time, Value: 0.02, Counter: 116, Timestamp: 1745500721
Reason: global search time, Value: 805.01, Counter: 116, Timestamp: 1745500722
Reason: process time, Value: 0.00, Counter: 116, Timestamp: 1745500722
Reason: loop time, Value: 826.06, Counter: 116, Timestamp: 1745500722
----------------------------------------
Thread: nice_thread, Loop time exceeded: 896.38 ms
Reason: consumer time, Value: 0.00, Counter: 10, Timestamp: 1745500722
Reason: transform time, Value: 0.08, Counter: 10, Timestamp: 1745500722
Reason: global search time, Value: 815.47, Counter: 10, Timestamp: 1745500723
Reason: process time, Value: 0.00, Counter: 10, Timestamp: 1745500723
Reason: loop time, Value: 896.38, Counter: 10, Timestamp: 1745500723
----------------------------------------
Thread: nice_thread, Loop time exceeded: 865.18 ms
Reason: consumer time, Value: 0.00, Counter: 35, Timestamp: 1745500723
Reason: transform time, Value: 0.07, Counter: 35, Timestamp: 1745500723
Reason: global search time, Value: 792.94, Counter: 35, Timestamp: 1745500724
Reason: process time, Value: 0.00, Counter: 35, Timestamp: 1745500724
Reason: loop time, Value: 865.18, Counter: 35, Timestamp: 1745500724
----------------------------------------
Thread: nice_thread, Loop time exceeded: 857.10 ms
Reason: consumer time, Value: 0.00, Counter: 59, Timestamp: 1745500724
Reason: transform time, Value: 0.07, Counter: 59, Timestamp: 1745500724
Reason: global search time, Value: 781.79, Counter: 59, Timestamp: 1745500724
Reason: process time, Value: 0.00, Counter: 59, Timestamp: 1745500724
Reason: loop time, Value: 857.10, Counter: 59, Timestamp: 1745500724
----------------------------------------
Thread: nice_thread, Loop time exceeded: 873.20 ms
Reason: consumer time, Value: 0.00, Counter: 82, Timestamp: 1745500724
Reason: transform time, Value: 0.07, Counter: 82, Timestamp: 1745500725
Reason: global search time, Value: 802.31, Counter: 82, Timestamp: 1745500725
Reason: process time, Value: 0.00, Counter: 82, Timestamp: 1745500725
Reason: loop time, Value: 873.20, Counter: 82, Timestamp: 1745500725
----------------------------------------
Thread: nice_thread, Loop time exceeded: 854.52 ms
Reason: consumer time, Value: 0.00, Counter: 108, Timestamp: 1745500725
Reason: transform time, Value: 0.08, Counter: 108, Timestamp: 1745500725
Reason: global search time, Value: 777.52, Counter: 108, Timestamp: 1745500726
Reason: process time, Value: 0.00, Counter: 108, Timestamp: 1745500726
Reason: loop time, Value: 854.52, Counter: 108, Timestamp: 1745500726
----------------------------------------
Thread: nice_thread, Loop time exceeded: 848.64 ms
Reason: consumer time, Value: 0.00, Counter: 4, Timestamp: 1745500726
Reason: transform time, Value: 0.09, Counter: 4, Timestamp: 1745500726
Reason: global search time, Value: 759.17, Counter: 4, Timestamp: 1745500727
Reason: process time, Value: 0.00, Counter: 4, Timestamp: 1745500727
Reason: loop time, Value: 848.64, Counter: 4, Timestamp: 1745500727
----------------------------------------
Thread: nice_thread, Loop time exceeded: 839.86 ms
Reason: consumer time, Value: 0.00, Counter: 28, Timestamp: 1745500727
Reason: transform time, Value: 0.08, Counter: 28, Timestamp: 1745500727
Reason: global search time, Value: 756.59, Counter: 28, Timestamp: 1745500728
Reason: process time, Value: 0.00, Counter: 28, Timestamp: 1745500728
Reason: loop time, Value: 839.86, Counter: 28, Timestamp: 1745500728
----------------------------------------
Thread: nice_thread, Loop time exceeded: 866.87 ms
Reason: consumer time, Value: 0.00, Counter: 52, Timestamp: 1745500728
Reason: transform time, Value: 0.07, Counter: 52, Timestamp: 1745500728
Reason: global search time, Value: 791.74, Counter: 52, Timestamp: 1745500729
Reason: process time, Value: 0.00, Counter: 52, Timestamp: 1745500729
Reason: loop time, Value: 866.87, Counter: 52, Timestamp: 1745500729
----------------------------------------
Thread: nice_thread, Loop time exceeded: 890.72 ms
Reason: consumer time, Value: 0.00, Counter: 76, Timestamp: 1745500729
Reason: transform time, Value: 0.08, Counter: 76, Timestamp: 1745500729
Reason: global search time, Value: 812.90, Counter: 76, Timestamp: 1745500730
Reason: process time, Value: 0.00, Counter: 76, Timestamp: 1745500730
Reason: loop time, Value: 890.72, Counter: 76, Timestamp: 1745500730
----------------------------------------
Thread: nice_thread, Loop time exceeded: 927.04 ms
Reason: consumer time, Value: 0.00, Counter: 101, Timestamp: 1745500730
Reason: transform time, Value: 0.14, Counter: 101, Timestamp: 1745500730
Reason: global search time, Value: 784.77, Counter: 101, Timestamp: 1745500731
Reason: process time, Value: 0.00, Counter: 101, Timestamp: 1745500731
Reason: loop time, Value: 927.04, Counter: 101, Timestamp: 1745500731
----------------------------------------
Thread: nice_thread, Loop time exceeded: 856.67 ms
Reason: consumer time, Value: 0.00, Counter: 126, Timestamp: 1745500731
Reason: transform time, Value: 0.07, Counter: 126, Timestamp: 1745500731
Reason: global search time, Value: 786.33, Counter: 126, Timestamp: 1745500731
Reason: process time, Value: 0.00, Counter: 126, Timestamp: 1745500731
Reason: loop time, Value: 856.67, Counter: 126, Timestamp: 1745500731
----------------------------------------
Thread: nice_thread, Loop time exceeded: 866.84 ms
Reason: consumer time, Value: 0.00, Counter: 21, Timestamp: 1745500731
Reason: transform time, Value: 0.08, Counter: 21, Timestamp: 1745500731
Reason: global search time, Value: 790.30, Counter: 21, Timestamp: 1745500732
Reason: process time, Value: 0.00, Counter: 21, Timestamp: 1745500732
Reason: loop time, Value: 866.84, Counter: 21, Timestamp: 1745500732
----------------------------------------
Thread: nice_thread, Loop time exceeded: 887.52 ms
Reason: consumer time, Value: 0.00, Counter: 44, Timestamp: 1745500732
Reason: transform time, Value: 0.08, Counter: 44, Timestamp: 1745500732
Reason: global search time, Value: 807.01, Counter: 44, Timestamp: 1745500733
Reason: process time, Value: 0.00, Counter: 44, Timestamp: 1745500733
Reason: loop time, Value: 887.52, Counter: 44, Timestamp: 1745500733
----------------------------------------
Thread: nice_thread, Loop time exceeded: 745.34 ms
Reason: consumer time, Value: 0.00, Counter: 69, Timestamp: 1745500733
Reason: transform time, Value: 0.02, Counter: 69, Timestamp: 1745500733
Reason: global search time, Value: 725.27, Counter: 69, Timestamp: 1745500734
Reason: process time, Value: 0.00, Counter: 69, Timestamp: 1745500734
Reason: loop time, Value: 745.34, Counter: 69, Timestamp: 1745500734
----------------------------------------
Thread: nice_thread, Loop time exceeded: 903.56 ms
Reason: consumer time, Value: 0.00, Counter: 91, Timestamp: 1745500734
Reason: transform time, Value: 0.08, Counter: 91, Timestamp: 1745500734
Reason: global search time, Value: 825.67, Counter: 91, Timestamp: 1745500735
Reason: process time, Value: 0.00, Counter: 91, Timestamp: 1745500735
Reason: loop time, Value: 903.56, Counter: 91, Timestamp: 1745500735
----------------------------------------
Thread: nice_thread, Loop time exceeded: 911.02 ms
Reason: consumer time, Value: 0.00, Counter: 116, Timestamp: 1745500735
Reason: transform time, Value: 0.07, Counter: 116, Timestamp: 1745500735
Reason: global search time, Value: 836.51, Counter: 116, Timestamp: 1745500736
Reason: process time, Value: 0.00, Counter: 116, Timestamp: 1745500736
Reason: loop time, Value: 911.02, Counter: 116, Timestamp: 1745500736
----------------------------------------
Thread: nice_thread, Loop time exceeded: 908.59 ms
Reason: consumer time, Value: 0.00, Counter: 15, Timestamp: 1745500736
Reason: transform time, Value: 0.08, Counter: 15, Timestamp: 1745500736
Reason: global search time, Value: 829.48, Counter: 15, Timestamp: 1745500737
Reason: process time, Value: 0.00, Counter: 15, Timestamp: 1745500737
Reason: loop time, Value: 908.59, Counter: 15, Timestamp: 1745500737
----------------------------------------
Thread: nice_thread, Loop time exceeded: 962.05 ms
Reason: consumer time, Value: 0.00, Counter: 42, Timestamp: 1745500737
Reason: transform time, Value: 0.09, Counter: 42, Timestamp: 1745500737
Reason: global search time, Value: 870.67, Counter: 42, Timestamp: 1745500738
Reason: process time, Value: 0.00, Counter: 42, Timestamp: 1745500738
Reason: loop time, Value: 962.05, Counter: 42, Timestamp: 1745500738
----------------------------------------
Thread: nice_thread, Loop time exceeded: 983.94 ms
Reason: consumer time, Value: 0.00, Counter: 68, Timestamp: 1745500738
Reason: transform time, Value: 0.09, Counter: 68, Timestamp: 1745500738
Reason: global search time, Value: 895.18, Counter: 68, Timestamp: 1745500739
Reason: process time, Value: 0.00, Counter: 68, Timestamp: 1745500739
Reason: loop time, Value: 983.94, Counter: 68, Timestamp: 1745500739
----------------------------------------
Thread: nice_thread, Loop time exceeded: 910.34 ms
Reason: consumer time, Value: 0.00, Counter: 94, Timestamp: 1745500739
Reason: transform time, Value: 0.09, Counter: 94, Timestamp: 1745500739
Reason: global search time, Value: 825.01, Counter: 94, Timestamp: 1745500739
Reason: process time, Value: 0.00, Counter: 94, Timestamp: 1745500739
Reason: loop time, Value: 910.34, Counter: 94, Timestamp: 1745500739
----------------------------------------
Thread: nice_thread, Loop time exceeded: 945.37 ms
Reason: consumer time, Value: 0.00, Counter: 119, Timestamp: 1745500739
Reason: transform time, Value: 0.12, Counter: 119, Timestamp: 1745500740
Reason: global search time, Value: 822.25, Counter: 119, Timestamp: 1745500740
Reason: process time, Value: 0.00, Counter: 119, Timestamp: 1745500740
Reason: loop time, Value: 945.37, Counter: 119, Timestamp: 1745500740
----------------------------------------
Thread: nice_thread, Loop time exceeded: 920.29 ms
Reason: consumer time, Value: 0.00, Counter: 17, Timestamp: 1745500740
Reason: transform time, Value: 0.08, Counter: 17, Timestamp: 1745500741
Reason: global search time, Value: 841.48, Counter: 17, Timestamp: 1745500741
Reason: process time, Value: 0.00, Counter: 17, Timestamp: 1745500741
Reason: loop time, Value: 920.29, Counter: 17, Timestamp: 1745500741
----------------------------------------
Thread: nice_thread, Loop time exceeded: 950.37 ms
Reason: consumer time, Value: 0.00, Counter: 42, Timestamp: 1745500741
Reason: transform time, Value: 0.07, Counter: 42, Timestamp: 1745500741
Reason: global search time, Value: 875.00, Counter: 42, Timestamp: 1745500742
Reason: process time, Value: 0.00, Counter: 42, Timestamp: 1745500742
Reason: loop time, Value: 950.37, Counter: 42, Timestamp: 1745500742
----------------------------------------
Thread: nice_thread, Loop time exceeded: 924.48 ms
Reason: consumer time, Value: 0.00, Counter: 67, Timestamp: 1745500742
Reason: transform time, Value: 0.08, Counter: 67, Timestamp: 1745500742
Reason: global search time, Value: 843.58, Counter: 67, Timestamp: 1745500743
Reason: process time, Value: 0.00, Counter: 67, Timestamp: 1745500743
Reason: loop time, Value: 924.48, Counter: 67, Timestamp: 1745500743
----------------------------------------
Thread: nice_thread, Loop time exceeded: 938.79 ms
Reason: consumer time, Value: 0.00, Counter: 94, Timestamp: 1745500743
Reason: transform time, Value: 0.07, Counter: 94, Timestamp: 1745500743
Reason: global search time, Value: 863.33, Counter: 94, Timestamp: 1745500744
Reason: process time, Value: 0.00, Counter: 94, Timestamp: 1745500744
Reason: loop time, Value: 938.79, Counter: 94, Timestamp: 1745500744
----------------------------------------
Thread: nice_thread, Loop time exceeded: 864.29 ms
Reason: consumer time, Value: 0.00, Counter: 121, Timestamp: 1745500744
Reason: transform time, Value: 0.07, Counter: 121, Timestamp: 1745500744
Reason: global search time, Value: 791.67, Counter: 121, Timestamp: 1745500745
Reason: process time, Value: 0.00, Counter: 121, Timestamp: 1745500745
Reason: loop time, Value: 864.29, Counter: 121, Timestamp: 1745500745
----------------------------------------
Thread: nice_thread, Loop time exceeded: 945.73 ms
Reason: consumer time, Value: 0.00, Counter: 19, Timestamp: 1745500745
Reason: transform time, Value: 0.13, Counter: 19, Timestamp: 1745500745
Reason: global search time, Value: 815.18, Counter: 19, Timestamp: 1745500746
Reason: process time, Value: 0.00, Counter: 19, Timestamp: 1745500746
Reason: loop time, Value: 945.73, Counter: 19, Timestamp: 1745500746
----------------------------------------
Thread: nice_thread, Loop time exceeded: 937.43 ms
Reason: consumer time, Value: 0.00, Counter: 45, Timestamp: 1745500746
Reason: transform time, Value: 0.18, Counter: 45, Timestamp: 1745500746
Reason: global search time, Value: 757.34, Counter: 45, Timestamp: 1745500747
Reason: process time, Value: 0.00, Counter: 45, Timestamp: 1745500747
Reason: loop time, Value: 937.43, Counter: 45, Timestamp: 1745500747
----------------------------------------
Thread: nice_thread, Loop time exceeded: 909.38 ms
Reason: consumer time, Value: 0.00, Counter: 71, Timestamp: 1745500747
Reason: transform time, Value: 0.10, Counter: 71, Timestamp: 1745500747
Reason: global search time, Value: 809.01, Counter: 71, Timestamp: 1745500748
Reason: process time, Value: 0.00, Counter: 71, Timestamp: 1745500748
Reason: loop time, Value: 909.38, Counter: 71, Timestamp: 1745500748
----------------------------------------
Thread: nice_thread, Loop time exceeded: 944.85 ms
Reason: consumer time, Value: 0.00, Counter: 96, Timestamp: 1745500748
Reason: transform time, Value: 0.09, Counter: 96, Timestamp: 1745500748
Reason: global search time, Value: 851.82, Counter: 96, Timestamp: 1745500749
Reason: process time, Value: 0.00, Counter: 96, Timestamp: 1745500749
Reason: loop time, Value: 944.85, Counter: 96, Timestamp: 1745500749
----------------------------------------
Thread: nice_thread, Loop time exceeded: 907.81 ms
Reason: consumer time, Value: 0.00, Counter: 123, Timestamp: 1745500749
Reason: transform time, Value: 0.07, Counter: 123, Timestamp: 1745500749
Reason: global search time, Value: 832.68, Counter: 123, Timestamp: 1745500750
Reason: process time, Value: 0.00, Counter: 123, Timestamp: 1745500750
Reason: loop time, Value: 907.81, Counter: 123, Timestamp: 1745500750
----------------------------------------
Thread: nice_thread, Loop time exceeded: 936.58 ms
Reason: consumer time, Value: 0.00, Counter: 21, Timestamp: 1745500750
Reason: transform time, Value: 0.08, Counter: 21, Timestamp: 1745500750
Reason: global search time, Value: 854.43, Counter: 21, Timestamp: 1745500751
Reason: process time, Value: 0.00, Counter: 21, Timestamp: 1745500751
Reason: loop time, Value: 936.58, Counter: 21, Timestamp: 1745500751
----------------------------------------
Thread: nice_thread, Loop time exceeded: 965.42 ms
Reason: consumer time, Value: 0.00, Counter: 45, Timestamp: 1745500751
Reason: transform time, Value: 0.09, Counter: 45, Timestamp: 1745500751
Reason: global search time, Value: 878.12, Counter: 45, Timestamp: 1745500752
Reason: process time, Value: 0.00, Counter: 45, Timestamp: 1745500752
Reason: loop time, Value: 965.42, Counter: 45, Timestamp: 1745500752
----------------------------------------
Thread: nice_thread, Loop time exceeded: 951.43 ms
Reason: consumer time, Value: 0.00, Counter: 70, Timestamp: 1745500752
Reason: transform time, Value: 0.08, Counter: 70, Timestamp: 1745500752
Reason: global search time, Value: 872.32, Counter: 70, Timestamp: 1745500753
Reason: process time, Value: 0.00, Counter: 70, Timestamp: 1745500753
Reason: loop time, Value: 951.43, Counter: 70, Timestamp: 1745500753
----------------------------------------
Thread: nice_thread, Loop time exceeded: 948.12 ms
Reason: consumer time, Value: 0.00, Counter: 96, Timestamp: 1745500753
Reason: transform time, Value: 0.08, Counter: 96, Timestamp: 1745500753
Reason: global search time, Value: 867.36, Counter: 96, Timestamp: 1745500753
Reason: process time, Value: 0.00, Counter: 96, Timestamp: 1745500753
Reason: loop time, Value: 948.12, Counter: 96, Timestamp: 1745500753
----------------------------------------
Thread: nice_thread, Loop time exceeded: 972.93 ms
Reason: consumer time, Value: 0.00, Counter: 122, Timestamp: 1745500753
Reason: transform time, Value: 0.11, Counter: 122, Timestamp: 1745500754
Reason: global search time, Value: 859.68, Counter: 122, Timestamp: 1745500754
Reason: process time, Value: 0.00, Counter: 122, Timestamp: 1745500754
Reason: loop time, Value: 972.93, Counter: 122, Timestamp: 1745500754
----------------------------------------
Thread: nice_thread, Loop time exceeded: 928.23 ms
Reason: consumer time, Value: 0.00, Counter: 21, Timestamp: 1745500754
Reason: transform time, Value: 0.08, Counter: 21, Timestamp: 1745500755
Reason: global search time, Value: 847.25, Counter: 21, Timestamp: 1745500755
Reason: process time, Value: 0.00, Counter: 21, Timestamp: 1745500755
Reason: loop time, Value: 928.23, Counter: 21, Timestamp: 1745500755
----------------------------------------
Thread: nice_thread, Loop time exceeded: 953.56 ms
Reason: consumer time, Value: 0.00, Counter: 47, Timestamp: 1745500755
Reason: transform time, Value: 0.09, Counter: 47, Timestamp: 1745500755
Reason: global search time, Value: 865.03, Counter: 47, Timestamp: 1745500756
Reason: process time, Value: 0.00, Counter: 47, Timestamp: 1745500756
Reason: loop time, Value: 953.56, Counter: 47, Timestamp: 1745500756
----------------------------------------
Thread: nice_thread, Loop time exceeded: 913.54 ms
Reason: consumer time, Value: 0.00, Counter: 72, Timestamp: 1745500756
Reason: transform time, Value: 0.09, Counter: 72, Timestamp: 1745500756
Reason: global search time, Value: 827.84, Counter: 72, Timestamp: 1745500757
Reason: process time, Value: 0.00, Counter: 72, Timestamp: 1745500757
Reason: loop time, Value: 913.54, Counter: 72, Timestamp: 1745500757
----------------------------------------
Thread: nice_thread, Loop time exceeded: 784.43 ms
Reason: consumer time, Value: 0.00, Counter: 99, Timestamp: 1745500757
Reason: transform time, Value: 0.08, Counter: 99, Timestamp: 1745500757
Reason: global search time, Value: 701.75, Counter: 99, Timestamp: 1745500758
Reason: process time, Value: 0.00, Counter: 99, Timestamp: 1745500758
Reason: loop time, Value: 784.43, Counter: 99, Timestamp: 1745500758
----------------------------------------
Thread: nice_thread, Loop time exceeded: 513.73 ms
Reason: consumer time, Value: 0.00, Counter: 127, Timestamp: 1745500758
Reason: transform time, Value: 0.01, Counter: 127, Timestamp: 1745500758
Reason: global search time, Value: 500.39, Counter: 127, Timestamp: 1745500759
Reason: process time, Value: 0.00, Counter: 127, Timestamp: 1745500759
Reason: loop time, Value: 513.73, Counter: 127, Timestamp: 1745500759
----------------------------------------
