Core number: 3
Remap: 74.013 ms
Transform color: 5.2 ms
Core number: 3
Remap: 70.464 ms
Transform color: 4.86 ms
Core number: 3
Remap: 63.524 ms
Transform color: 6.412 ms
Core number: 3
Remap: 66.388 ms
Transform color: 5.975 ms
Core number: 3
Remap: 65.843 ms
Transform color: 3.2 ms
Core number: 3
Remap: 71.512 ms
Transform color: 4.829 ms
Core number: 3
Remap: 49.805 ms
Transform color: 3.284 ms
Core number: 3
Remap: 36.908 ms
Transform color: 3.144 ms
Core number: 3
Remap: 70.654 ms
Transform color: 1.949 ms
Core number: 3
Remap: 16.633 ms
Transform color: 3.337 ms
Core number: 3
Remap: 73.245 ms
Transform color: 3.839 ms
Core number: 3
Remap: 85.048 ms
Transform color: 6.954 ms
Core number: 3
Remap: 72.92 ms
Transform color: 5.871 ms
Core number: 3
Remap: 69.58 ms
Transform color: 5.359 ms
Core number: 3
Remap: 18.349 ms
Transform color: 3.909 ms
Core number: 3
Remap: 70.381 ms
Transform color: 2.082 ms
Core number: 3
Remap: 71.586 ms
Transform color: 5.802 ms
Core number: 3
Remap: 68.796 ms
Transform color: 4.05 ms
Core number: 3
Remap: 24.934 ms
Transform color: 2.863 ms
Core number: 3
Remap: 69.565 ms
Transform color: 4.523 ms
Core number: 3
Remap: 64.886 ms
Transform color: 4.305 ms
Core number: 3
Remap: 67.522 ms
Transform color: 5.672 ms
Core number: 3
Remap: 73.78 ms
Transform color: 5.195 ms
Core number: 3
Remap: 24.707 ms
Transform color: 3.872 ms
Core number: 3
Remap: 70.43 ms
Transform color: 6.765 ms
Core number: 3
Remap: 67.384 ms
Transform color: 5.489 ms
Core number: 3
Remap: 90.897 ms
Transform color: 7.687 ms
Core number: 3
Remap: 33.339 ms
Transform color: 82.452 ms
Core number: 3
Remap: 83.509 ms
Transform color: 6.746 ms
Core number: 3
Remap: 68.009 ms
Transform color: 5.314 ms
Core number: 3
Remap: 118.35 ms
Transform color: 2.176 ms
Core number: 3
Remap: 69.393 ms
Transform color: 5.063 ms
Core number: 3
Remap: 91.243 ms
Transform color: 5.48 ms
Core number: 3
Remap: 68.423 ms
Transform color: 3.342 ms
Core number: 3
Remap: 71.545 ms
Transform color: 7.094 ms
Core number: 3
Remap: 19.563 ms
Transform color: 2.556 ms
Core number: 3
Remap: 75.855 ms
Transform color: 6.874 ms
Core number: 3
Remap: 74.632 ms
Transform color: 6.917 ms
Core number: 3
Remap: 75.079 ms
Transform color: 2.892 ms
Core number: 3
Remap: 21.905 ms
Transform color: 18.752 ms
Core number: 3
Remap: 72.219 ms
Transform color: 6.187 ms
Core number: 3
Remap: 69.544 ms
Transform color: 7.654 ms
Core number: 3
Remap: 23.074 ms
Transform color: 4.001 ms
Core number: 3
Remap: 90.015 ms
Transform color: 7.638 ms
Core number: 3
Remap: 66.857 ms
Transform color: 7.046 ms
Core number: 3
Remap: 23.406 ms
Transform color: 5.558 ms
Core number: 3
Remap: 68.693 ms
Transform color: 10.856 ms
Core number: 3
Remap: 57.65 ms
Transform color: 5.254 ms
Core number: 3
Remap: 18.249 ms
Transform color: 2.066 ms
Core number: 3
Remap: 61.988 ms
Transform color: 6.821 ms
Core number: 3
Remap: 72.351 ms
Transform color: 5.685 ms
Core number: 3
Remap: 68.429 ms
Transform color: 6.445 ms
Core number: 3
Remap: 76.683 ms
Transform color: 7.253 ms
Core number: 3
Remap: 122.099 ms
Transform color: 6.186 ms
Core number: 3
Remap: 72.526 ms
Transform color: 5.383 ms
Core number: 3
Remap: 173.908 ms
Transform color: 3.144 ms
Core number: 3
Remap: 122.105 ms
Transform color: 3.042 ms
Core number: 3
Remap: 75.032 ms
Transform color: 2.563 ms
Core number: 3
Remap: 77.45 ms
Transform color: 91.109 ms
Core number: 3
Remap: 80.086 ms
Transform color: 4.661 ms
Core number: 3
Remap: 70.653 ms
Transform color: 6.647 ms
Core number: 3
Remap: 102.704 ms
Transform color: 65.748 ms
Core number: 3
Remap: 141.684 ms
Transform color: 7.793 ms
Core number: 3
Remap: 75.606 ms
Transform color: 6.388 ms
Core number: 3
Remap: 145.142 ms
Transform color: 2.146 ms
Core number: 3
Remap: 24.095 ms
Transform color: 3.271 ms
Core number: 3
Remap: 72.943 ms
Transform color: 5.855 ms
Core number: 3
Remap: 21.227 ms
Transform color: 1.724 ms
Core number: 3
Remap: 105.121 ms
Transform color: 2.086 ms
Core number: 3
Remap: 75.531 ms
Transform color: 5.899 ms
Core number: 3
Remap: 75.003 ms
Transform color: 6.479 ms
Core number: 3
Remap: 73.125 ms
Transform color: 6.168 ms
Core number: 3
Remap: 55.771 ms
Transform color: 5.162 ms
Core number: 3
Remap: 10.718 ms
Transform color: 1.436 ms
Core number: 3
Remap: 44.211 ms
Transform color: 1.512 ms
Core number: 3
Remap: 8.281 ms
Transform color: 1.371 ms
Core number: 3
Remap: 9.753 ms
Transform color: 1.688 ms
Core number: 3
 time, Value: 848.50, Counter: 6, Timestamp: 1745500700
----------------------------------------
Thread: nice_thread, Loop time exceeded: 900.01 ms
Reason: consumer time, Value: 0.00, Counter: 30, Timestamp: 1745500700
Reason: transform time, Value: 0.08, Counter: 30, Timestamp: 1745500700
Reason: global search time, Value: 822.77, Counter: 30, Timestamp: 1745500701
Reason: process time, Value: 0.00, Counter: 30, Timestamp: 1745500701
Reason: loop time, Value: 900.01, Counter: 30, Timestamp: 1745500701
----------------------------------------
Thread: nice_thread, Loop time exceeded: 914.05 ms
Reason: consumer time, Value: 0.00, Counter: 52, Timestamp: 1745500701
Reason: transform time, Value: 0.09, Counter: 52, Timestamp: 1745500701
Reason: global search time, Value: 821.93, Counter: 52, Timestamp: 1745500702
Reason: process time, Value: 0.00, Counter: 52, Timestamp: 1745500702
Reason: loop time, Value: 914.05, Counter: 52, Timestamp: 1745500702
----------------------------------------
Thread: nice_thread, Loop time exceeded: 916.32 ms
Reason: consumer time, Value: 0.00, Counter: 78, Timestamp: 1745500702
Reason: transform time, Value: 0.08, Counter: 78, Timestamp: 1745500702
Reason: global search time, Value: 837.40, Counter: 78, Timestamp: 1745500702
Reason: process time, Value: 0.00, Counter: 78, Timestamp: 1745500702
Reason: loop time, Value: 916.32, Counter: 78, Timestamp: 1745500702
----------------------------------------
Thread: nice_thread, Loop time exceeded: 946.41 ms
Reason: consumer time, Value: 0.00, Counter: 103, Timestamp: 1745500702
Reason: transform time, Value: 0.07, Counter: 103, Timestamp: 1745500703
Reason: global search time, Value: 871.38, Counter: 103, Timestamp: 1745500703
Reason: process time, Value: 0.00, Counter: 103, Timestamp: 1745500703
Reason: loop time, Value: 946.41, Counter: 103, Timestamp: 1745500703
----------------------------------------
Thread: nice_thread, Loop time exceeded: 902.50 ms
Reason: consumer time, Value: 0.00, Counter: 1, Timestamp: 1745500703
Reason: transform time, Value: 0.02, Counter: 1, Timestamp: 1745500703
Reason: global search time, Value: 880.13, Counter: 1, Timestamp: 1745500704
Reason: process time, Value: 0.00, Counter: 1, Timestamp: 1745500704
Reason: loop time, Value: 902.50, Counter: 1, Timestamp: 1745500704
----------------------------------------
Thread: nice_thread, Loop time exceeded: 933.46 ms
Reason: consumer time, Value: 0.00, Counter: 24, Timestamp: 1745500704
Reason: transform time, Value: 0.07, Counter: 24, Timestamp: 1745500704
Reason: global search time, Value: 860.92, Counter: 24, Timestamp: 1745500705
Reason: process time, Value: 0.00, Counter: 24, Timestamp: 1745500705
Reason: loop time, Value: 933.46, Counter: 24, Timestamp: 1745500705
----------------------------------------
Thread: nice_thread, Loop time exceeded: 912.03 ms
Reason: consumer time, Value: 0.00, Counter: 49, Timestamp: 1745500705
Reason: transform time, Value: 0.08, Counter: 49, Timestamp: 1745500705
Reason: global search time, Value: 834.50, Counter: 49, Timestamp: 1745500706
Reason: process time, Value: 0.00, Counter: 49, Timestamp: 1745500706
Reason: loop time, Value: 912.03, Counter: 49, Timestamp: 1745500706
----------------------------------------
Thread: nice_thread, Loop time exceeded: 880.92 ms
Reason: consumer time, Value: 0.00, Counter: 74, Timestamp: 1745500706
Reason: transform time, Value: 0.07, Counter: 74, Timestamp: 1745500706
Reason: global search time, Value: 807.97, Counter: 74, Timestamp: 1745500707
Reason: process time, Value: 0.00, Counter: 74, Timestamp: 1745500707
Reason: loop time, Value: 880.92, Counter: 74, Timestamp: 1745500707
----------------------------------------
Thread: nice_thread, Loop time exceeded: 849.66 ms
Reason: consumer time, Value: 0.00, Counter: 99, Timestamp: 1745500707
Reason: transform time, Value: 0.03, Counter: 99, Timestamp: 1745500707
Reason: global search time, Value: 821.71, Counter: 99, Timestamp: 1745500708
Reason: process time, Value: 0.00, Counter: 99, Timestamp: 1745500708
Reason: loop time, Value: 849.66, Counter: 99, Timestamp: 1745500708
----------------------------------------
Thread: nice_thread, Loop time exceeded: 870.08 ms
Reason: consumer time, Value: 0.00, Counter: 123, Timestamp: 1745500708
Reason: transform time, Value: 0.07, Counter: 123, Timestamp: 1745500708
Reason: global search time, Value: 795.92, Counter: 123, Timestamp: 1745500709
Reason: process time, Value: 0.00, Counter: 123, Timestamp: 1745500709
Reason: loop time, Value: 870.08, Counter: 123, Timestamp: 1745500709
----------------------------------------
Thread: nice_thread, Loop time exceeded: 915.48 ms
Reason: consumer time, Value: 0.00, Counter: 19, Timestamp: 1745500709
Reason: transform time, Value: 0.07, Counter: 19, Timestamp: 1745500709
Reason: global search time, Value: 846.18, Counter: 19, Timestamp: 1745500710
Reason: process time, Value: 0.00, Counter: 19, Timestamp: 1745500710
Reason: loop time, Value: 915.48, Counter: 19, Timestamp: 1745500710
----------------------------------------
Thread: nice_thread, Loop time exceeded: 919.52 ms
Reason: consumer time, Value: 0.00, Counter: 43, Timestamp: 1745500710
Reason: transform time, Value: 0.07, Counter: 43, Timestamp: 1745500710
Reason: global search time, Value: 846.21, Counter: 43, Timestamp: 1745500711
Reason: process time, Value: 0.00, Counter: 43, Timestamp: 1745500711
Reason: loop time, Value: 919.52, Counter: 43, Timestamp: 1745500711
----------------------------------------
Thread: nice_thread, Loop time exceeded: 952.73 ms
Reason: consumer time, Value: 0.00, Counter: 68, Timestamp: 1745500711
Reason: transform time, Value: 0.08, Counter: 68, Timestamp: 1745500711
Reason: global search time, Value: 873.67, Counter: 68, Timestamp: 1745500712
Reason: process time, Value: 0.00, Counter: 68, Timestamp: 1745500712
Reason: loop time, Value: 952.73, Counter: 68, Timestamp: 1745500712
----------------------------------------
Thread: nice_thread, Loop time exceeded: 911.00 ms
Reason: consumer time, Value: 0.00, Counter: 93, Timestamp: 1745500712
Reason: transform time, Value: 0.03, Counter: 93, Timestamp: 1745500712
Reason: global search time, Value: 882.28, Counter: 93, Timestamp: 1745500712
Reason: process time, Value: 0.00, Counter: 93, Timestamp: 1745500712
Reason: loop time, Value: 911.00, Counter: 93, Timestamp: 1745500712
----------------------------------------
Thread: nice_thread, Loop time exceeded: 896.62 ms
Reason: consumer time, Value: 0.00, Counter: 117, Timestamp: 1745500712
Reason: transform time, Value: 0.08, Counter: 117, Timestamp: 1745500713
Reason: global search time, Value: 819.26, Counter: 117, Timestamp: 1745500713
Reason: process time, Value: 0.00, Counter: 117, Timestamp: 1745500713
Reason: loop time, Value: 896.62, Counter: 117, Timestamp: 1745500713
----------------------------------------
Thread: nice_thread, Loop time exceeded: 946.93 ms
Reason: consumer time, Value: 0.00, Counter: 12, Timestamp: 1745500713
Reason: transform time, Value: 0.07, Counter: 12, Timestamp: 1745500713
Reason: global search time, Value: 873.94, Counter: 12, Timestamp: 1745500714
Reason: process time, Value: 0.00, Counter: 12, Timestamp: 1745500714
Reason: loop time, Value: 946.93, Counter: 12, Timestamp: 1745500714
----------------------------------------
Thread: nice_thread, Loop time exceeded: 924.84 ms
Reason: consumer time, Value: 0.00, Counter: 39, Timestamp: 1745500714
Reason: transform time, Value: 0.10, Counter: 39, Timestamp: 1745500714
Reason: global search time, Value: 826.11, Counter: 39, Timestamp: 1745500715
Reason: process time, Value: 0.00, Counter: 39, Timestamp: 1745500715
Reason: loop time, Value: 924.84, Counter: 39, Timestamp: 1745500715
----------------------------------------
Thread: nice_thread, Loop time exceeded: 959.50 ms
Reason: consumer time, Value: 0.00, Counter: 64, Timestamp: 1745500715
Reason: transform time, Value: 0.12, Counter: 64, Timestamp: 1745500715
Reason: global search time, Value: 843.61, Counter: 64, Timestamp: 1745500716
Reason: process time, Value: 0.00, Counter: 64, Timestamp: 1745500716
Reason: loop time, Value: 959.50, Counter: 64, Timestamp: 1745500716
----------------------------------------
Thread: nice_thread, Loop time exceeded: 976.01 ms
Reason: consumer time, Value: 0.00, Counter: 91, Timestamp: 1745500716
Reason: transform time, Value: 0.09, Counter: 91, Timestamp: 1745500716
Reason: global search time, Value: 885.61, Counter: 91, Timestamp: 1745500717
Reason: process time, Value: 0.00, Counter: 91, Timestamp: 1745500717
Reason: loop time, Value: 976.01, Counter: 91, Timestamp: 1745500717
----------------------------------------
Thread: nice_thread, Loop time exceeded: 857.00 ms
Reason: consumer time, Value: 0.00, Counter: 117, Timestamp: 1745500717
Reason: transform time, Value: 0.07, Counter: 117, Timestamp: 1745500717
Reason: global search time, Value: 783.57, Counter: 117, Timestamp: 1745500718
Reason: process time, Value: 0.00, Counter: 117, Timestamp: 1745500718
Reason: loop time, Value: 857.00, Counter: 117, Timestamp: 1745500718
----------------------------------------
Thread: nice_thread, Loop time exceeded: 932.14 ms
Reason: consumer time, Value: 0.00, Counter: 12, Timestamp: 1745500718
Reason: transform time, Value: 0.12, Counter: 12, Timestamp: 1745500718
Reason: global search time, Value: 811.51, Counter: 12, Timestamp: 1745500719
Reason: process time, Value: 0.00, Counter: 12, Timestamp: 1745500719
Reason: loop time, Value: 932.14, Counter: 12, Timestamp: 1745500719
----------------------------------------
Thread: nice_thread, Loop time exceeded: 933.37 ms
Reason: consumer time, Value: 0.00, Counter: 36, Timestamp: 1745500719
Reason: transform time, Value: 0.07, Counter: 36, Timestamp: 1745500719
Reason: global search time, Value: 858.81, Counter: 36, Timestamp: 1745500720
Reason: process time, Value: 0.00, Counter: 36, Timestamp: 1745500720
Reason: loop time, Value: 933.37, Counter: 36, Timestamp: 1745500720
----------------------------------------
Thread: nice_thread, Loop time exceeded: 919.47 ms
Reason: consumer time, Value: 0.00, Counter: 62, Timestamp: 1745500720
Reason: transform time, Value: 0.10, Counter: 62, Timestamp: 1745500720
Reason: global search time, Value: 822.60, Counter: 62, Timestamp: 1745500721
Reason: process time, Value: 0.00, Counter: 62, Timestamp: 1745500721
Reason: loop time, Value: 919.47, Counter: 62, Timestamp: 1745500721
----------------------------------------
Thread: nice_thread, Loop time exceeded: 914.32 ms
Reason: consumer time, Value: 0.00, Counter: 88, Timestamp: 1745500721
Reason: transform time, Value: 0.07, Counter: 88, Timestamp: 1745500721
Reason: global search time, Value: 842.38, Counter: 88, Timestamp: 1745500722
Reason: process time, Value: 0.00, Counter: 88, Timestamp: 1745500722
Reason: loop time, Value: 914.32, Counter: 88, Timestamp: 1745500722
----------------------------------------
Thread: nice_thread, Loop time exceeded: 926.21 ms
Reason: consumer time, Value: 0.00, Counter: 111, Timestamp: 1745500722
Reason: transform time, Value: 0.08, Counter: 111, Timestamp: 1745500722
Reason: global search time, Value: 847.45, Counter: 111, Timestamp: 1745500723
Reason: process time, Value: 0.00, Counter: 111, Timestamp: 1745500723
Reason: loop time, Value: 926.21, Counter: 111, Timestamp: 1745500723
----------------------------------------
Thread: nice_thread, Loop time exceeded: 868.82 ms
Reason: consumer time, Value: 0.00, Counter: 9, Timestamp: 1745500723
Reason: transform time, Value: 0.02, Counter: 9, Timestamp: 1745500723
Reason: global search time, Value: 846.60, Counter: 9, Timestamp: 1745500724
Reason: process time, Value: 0.00, Counter: 9, Timestamp: 1745500724
Reason: loop time, Value: 868.82, Counter: 9, Timestamp: 1745500724
----------------------------------------
Thread: nice_thread, Loop time exceeded: 897.38 ms
Reason: consumer time, Value: 0.00, Counter: 32, Timestamp: 1745500724
Reason: transform time, Value: 0.08, Counter: 32, Timestamp: 1745500724
Reason: global search time, Value: 814.51, Counter: 32, Timestamp: 1745500724
Reason: process time, Value: 0.00, Counter: 32, Timestamp: 1745500724
Reason: loop time, Value: 897.38, Counter: 32, Timestamp: 1745500724
----------------------------------------
Thread: nice_thread, Loop time exceeded: 945.76 ms
Reason: consumer time, Value: 0.00, Counter: 56, Timestamp: 1745500724
Reason: transform time, Value: 0.08, Counter: 56, Timestamp: 1745500725
Reason: global search time, Value: 864.10, Counter: 56, Timestamp: 1745500725
Reason: process time, Value: 0.00, Counter: 56, Timestamp: 1745500725
Reason: loop time, Value: 945.76, Counter: 56, Timestamp: 1745500725
----------------------------------------
Thread: nice_thread, Loop time exceeded: 904.39 ms
Reason: consumer time, Value: 0.00, Counter: 82, Timestamp: 1745500725
Reason: transform time, Value: 0.08, Counter: 82, Timestamp: 1745500725
Reason: global search time, Value: 826.29, Counter: 82, Timestamp: 1745500726
Reason: process time, Value: 0.00, Counter: 82, Timestamp: 1745500726
Reason: loop time, Value: 904.39, Counter: 82, Timestamp: 1745500726
----------------------------------------
Thread: nice_thread, Loop time exceeded: 884.55 ms
Reason: consumer time, Value: 0.00, Counter: 105, Timestamp: 1745500726
Reason: transform time, Value: 0.04, Counter: 105, Timestamp: 1745500726
Reason: global search time, Value: 843.77, Counter: 105, Timestamp: 1745500727
Reason: process time, Value: 0.00, Counter: 105, Timestamp: 1745500727
Reason: loop time, Value: 884.55, Counter: 105, Timestamp: 1745500727
----------------------------------------
Thread: nice_thread, Loop time exceeded: 820.74 ms
Reason: consumer time, Value: 0.00, Counter: 0, Timestamp: 1745500727
Reason: transform time, Value: 0.08, Counter: 0, Timestamp: 1745500727
Reason: global search time, Value: 742.15, Counter: 0, Timestamp: 1745500728
Reason: process time, Value: 0.00, Counter: 0, Timestamp: 1745500728
Reason: loop time, Value: 820.74, Counter: 0, Timestamp: 1745500728
----------------------------------------
Thread: nice_thread, Loop time exceeded: 931.10 ms
Reason: consumer time, Value: 0.00, Counter: 23, Timestamp: 1745500728
Reason: transform time, Value: 0.08, Counter: 23, Timestamp: 1745500728
Reason: global search time, Value: 853.74, Counter: 23, Timestamp: 1745500729
Reason: process time, Value: 0.00, Counter: 23, Timestamp: 1745500729
Reason: loop time, Value: 931.10, Counter: 23, Timestamp: 1745500729
----------------------------------------
Thread: nice_thread, Loop time exceeded: 844.86 ms
Reason: consumer time, Value: 0.00, Counter: 48, Timestamp: 1745500729
Reason: transform time, Value: 0.03, Counter: 48, Timestamp: 1745500729
Reason: global search time, Value: 817.67, Counter: 48, Timestamp: 1745500730
Reason: process time, Value: 0.00, Counter: 48, Timestamp: 1745500730
Reason: loop time, Value: 844.86, Counter: 48, Timestamp: 1745500730
----------------------------------------
Thread: nice_thread, Loop time exceeded: 945.41 ms
Reason: consumer time, Value: 0.00, Counter: 70, Timestamp: 1745500730
Reason: transform time, Value: 0.10, Counter: 70, Timestamp: 1745500730
Reason: global search time, Value: 847.61, Counter: 70, Timestamp: 1745500731
Reason: process time, Value: 0.00, Counter: 70, Timestamp: 1745500731
Reason: loop time, Value: 945.41, Counter: 70, Timestamp: 1745500731
----------------------------------------
Thread: nice_thread, Loop time exceeded: 894.04 ms
Reason: consumer time, Value: 0.00, Counter: 96, Timestamp: 1745500731
Reason: transform time, Value: 0.07, Counter: 96, Timestamp: 1745500731
Reason: global search time, Value: 819.99, Counter: 96, Timestamp: 1745500732
Reason: process time, Value: 0.00, Counter: 96, Timestamp: 1745500732
Reason: loop time, Value: 894.04, Counter: 96, Timestamp: 1745500732
----------------------------------------
Thread: nice_thread, Loop time exceeded: 882.41 ms
Reason: consumer time, Value: 0.00, Counter: 120, Timestamp: 1745500732
Reason: transform time, Value: 0.03, Counter: 120, Timestamp: 1745500732
Reason: global search time, Value: 853.34, Counter: 120, Timestamp: 1745500732
Reason: process time, Value: 0.00, Counter: 120, Timestamp: 1745500732
Reason: loop time, Value: 882.41, Counter: 120, Timestamp: 1745500732
----------------------------------------
Thread: nice_thread, Loop time exceeded: 922.83 ms
Reason: consumer time, Value: 0.00, Counter: 15, Timestamp: 1745500732
Reason: transform time, Value: 0.08, Counter: 15, Timestamp: 1745500733
Reason: global search time, Value: 843.09, Counter: 15, Timestamp: 1745500733
Reason: process time, Value: 0.00, Counter: 15, Timestamp: 1745500733
Reason: loop time, Value: 922.83, Counter: 15, Timestamp: 1745500733
----------------------------------------
Thread: nice_thread, Loop time exceeded: 902.26 ms
Reason: consumer time, Value: 0.00, Counter: 39, Timestamp: 1745500733
Reason: transform time, Value: 0.06, Counter: 39, Timestamp: 1745500733
Reason: global search time, Value: 839.26, Counter: 39, Timestamp: 1745500734
Reason: process time, Value: 0.00, Counter: 39, Timestamp: 1745500734
Reason: loop time, Value: 902.26, Counter: 39, Timestamp: 1745500734
----------------------------------------
Thread: nice_thread, Loop time exceeded: 904.68 ms
Reason: consumer time, Value: 0.00, Counter: 64, Timestamp: 1745500734
Reason: transform time, Value: 0.02, Counter: 64, Timestamp: 1745500734
Reason: global search time, Value: 884.24, Counter: 64, Timestamp: 1745500735
Reason: process time, Value: 0.00, Counter: 64, Timestamp: 1745500735
Reason: loop time, Value: 904.68, Counter: 64, Timestamp: 1745500735
----------------------------------------
Thread: nice_thread, Loop time exceeded: 972.60 ms
Reason: consumer time, Value: 0.00, Counter: 90, Timestamp: 1745500735
Reason: transform time, Value: 0.07, Counter: 90, Timestamp: 1745500735
Reason: global search time, Value: 903.69, Counter: 90, Timestamp: 1745500736
Reason: process time, Value: 0.00, Counter: 90, Timestamp: 1745500736
Reason: loop time, Value: 972.60, Counter: 90, Timestamp: 1745500736
----------------------------------------
Thread: nice_thread, Loop time exceeded: 997.32 ms
Reason: consumer time, Value: 0.00, Counter: 118, Timestamp: 1745500736
Reason: transform time, Value: 0.08, Counter: 118, Timestamp: 1745500736
Reason: global search time, Value: 919.17, Counter: 118, Timestamp: 1745500737
Reason: process time, Value: 0.00, Counter: 118, Timestamp: 1745500737
Reason: loop time, Value: 997.32, Counter: 118, Timestamp: 1745500737
----------------------------------------
Thread: nice_thread, Loop time exceeded: 967.04 ms
Reason: consumer time, Value: 0.00, Counter: 17, Timestamp: 1745500737
Reason: transform time, Value: 0.07, Counter: 17, Timestamp: 1745500737
Reason: global search time, Value: 892.01, Counter: 17, Timestamp: 1745500738
Reason: process time, Value: 0.00, Counter: 17, Timestamp: 1745500738
Reason: loop time, Value: 967.04, Counter: 17, Timestamp: 1745500738
----------------------------------------
Thread: nice_thread, Loop time exceeded: 885.96 ms
Reason: consumer time, Value: 0.00, Counter: 42, Timestamp: 1745500738
Reason: transform time, Value: 0.08, Counter: 42, Timestamp: 1745500738
Reason: global search time, Value: 801.89, Counter: 42, Timestamp: 1745500739
Reason: process time, Value: 0.00, Counter: 42, Timestamp: 1745500739
Reason: loop time, Value: 885.96, Counter: 42, Timestamp: 1745500739
----------------------------------------
Thread: nice_thread, Loop time exceeded: 939.07 ms
Reason: consumer time, Value: 0.00, Counter: 67, Timestamp: 1745500739
Reason: transform time, Value: 0.13, Counter: 67, Timestamp: 1745500739
Reason: global search time, Value: 810.56, Counter: 67, Timestamp: 1745500740
Reason: process time, Value: 0.00, Counter: 67, Timestamp: 1745500740
Reason: loop time, Value: 939.07, Counter: 67, Timestamp: 1745500740
----------------------------------------
Thread: nice_thread, Loop time exceeded: 994.22 ms
Reason: consumer time, Value: 0.00, Counter: 92, Timestamp: 1745500740
Reason: transform time, Value: 0.08, Counter: 92, Timestamp: 1745500740
Reason: global search time, Value: 916.22, Counter: 92, Timestamp: 1745500741
Reason: process time, Value: 0.00, Counter: 92, Timestamp: 1745500741
Reason: loop time, Value: 994.22, Counter: 92, Timestamp: 1745500741
----------------------------------------
Thread: nice_thread, Loop time exceeded: 1055.72 ms
Reason: consumer time, Value: 0.00, Counter: 119, Timestamp: 1745500741
Reason: transform time, Value: 0.18, Counter: 119, Timestamp: 1745500741
Reason: global search time, Value: 878.53, Counter: 119, Timestamp: 1745500742
Reason: process time, Value: 0.00, Counter: 119, Timestamp: 1745500742
Reason: loop time, Value: 1055.72, Counter: 119, Timestamp: 1745500742
----------------------------------------
Thread: nice_thread, Loop time exceeded: 932.57 ms
Reason: consumer time, Value: 0.00, Counter: 19, Timestamp: 1745500742
Reason: transform time, Value: 0.12, Counter: 19, Timestamp: 1745500742
Reason: global search time, Value: 807.21, Counter: 19, Timestamp: 1745500743
Reason: process time, Value: 0.00, Counter: 19, Timestamp: 1745500743
Reason: loop time, Value: 932.57, Counter: 19, Timestamp: 1745500743
----------------------------------------
Thread: nice_thread, Loop time exceeded: 957.50 ms
Reason: consumer time, Value: 0.00, Counter: 44, Timestamp: 1745500743
Reason: transform time, Value: 0.08, Counter: 44, Timestamp: 1745500743
Reason: global search time, Value: 879.80, Counter: 44, Timestamp: 1745500744
Reason: process time, Value: 0.00, Counter: 44, Timestamp: 1745500744
Reason: loop time, Value: 957.50, Counter: 44, Timestamp: 1745500744
----------------------------------------
Thread: nice_thread, Loop time exceeded: 1086.50 ms
Reason: consumer time, Value: 0.00, Counter: 69, Timestamp: 1745500744
Reason: transform time, Value: 0.17, Counter: 69, Timestamp: 1745500744
Reason: global search time, Value: 917.82, Counter: 69, Timestamp: 1745500745
Reason: process time, Value: 0.00, Counter: 69, Timestamp: 1745500745
Reason: loop time, Value: 1086.50, Counter: 69, Timestamp: 1745500745
----------------------------------------
Thread: nice_thread, Loop time exceeded: 998.16 ms
Reason: consumer time, Value: 0.00, Counter: 98, Timestamp: 1745500745
Reason: transform time, Value: 0.08, Counter: 98, Timestamp: 1745500745
Reason: global search time, Value: 913.29, Counter: 98, Timestamp: 1745500746
Reason: process time, Value: 0.00, Counter: 98, Timestamp: 1745500746
Reason: loop time, Value: 998.16, Counter: 98, Timestamp: 1745500746
----------------------------------------
Thread: nice_thread, Loop time exceeded: 973.72 ms
Reason: consumer time, Value: 0.00, Counter: 123, Timestamp: 1745500746
Reason: transform time, Value: 0.08, Counter: 123, Timestamp: 1745500746
Reason: global search time, Value: 896.28, Counter: 123, Timestamp: 1745500747
Reason: process time, Value: 0.00, Counter: 123, Timestamp: 1745500747
Reason: loop time, Value: 973.72, Counter: 123, Timestamp: 1745500747
----------------------------------------
Thread: nice_thread, Loop time exceeded: 1026.92 ms
Reason: consumer time, Value: 0.00, Counter: 21, Timestamp: 1745500747
Reason: transform time, Value: 0.17, Counter: 21, Timestamp: 1745500747
Reason: global search time, Value: 858.36, Counter: 21, Timestamp: 1745500748
Reason: process time, Value: 0.00, Counter: 21, Timestamp: 1745500748
Reason: loop time, Value: 1026.92, Counter: 21, Timestamp: 1745500748
----------------------------------------
Thread: nice_thread, Loop time exceeded: 1007.92 ms
Reason: consumer time, Value: 0.00, Counter: 48, Timestamp: 1745500748
Reason: transform time, Value: 0.15, Counter: 48, Timestamp: 1745500748
Reason: global search time, Value: 858.30, Counter: 48, Timestamp: 1745500749
Reason: process time, Value: 0.00, Counter: 48, Timestamp: 1745500749
Reason: loop time, Value: 1007.92, Counter: 48, Timestamp: 1745500749
----------------------------------------
Thread: nice_thread, Loop time exceeded: 987.93 ms
Reason: consumer time, Value: 0.00, Counter: 75, Timestamp: 1745500749
Reason: transform time, Value: 0.08, Counter: 75, Timestamp: 1745500749
Reason: global search time, Value: 905.85, Counter: 75, Timestamp: 1745500750
Reason: process time, Value: 0.00, Counter: 75, Timestamp: 1745500750
Reason: loop time, Value: 987.93, Counter: 75, Timestamp: 1745500750
----------------------------------------
Thread: nice_thread, Loop time exceeded: 986.66 ms
Reason: consumer time, Value: 0.00, Counter: 101, Timestamp: 1745500750
Reason: transform time, Value: 0.15, Counter: 101, Timestamp: 1745500750
Reason: global search time, Value: 839.27, Counter: 101, Timestamp: 1745500751
Reason: process time, Value: 0.00, Counter: 101, Timestamp: 1745500751
Reason: loop time, Value: 986.66, Counter: 101, Timestamp: 1745500751
----------------------------------------
Thread: nice_thread, Loop time exceeded: 875.44 ms
Reason: consumer time, Value: 0.00, Counter: 127, Timestamp: 1745500751
Reason: transform time, Value: 0.03, Counter: 127, Timestamp: 1745500751
Reason: global search time, Value: 847.93, Counter: 127, Timestamp: 1745500752
Reason: process time, Value: 0.00, Counter: 127, Timestamp: 1745500752
Reason: loop time, Value: 875.44, Counter: 127, Timestamp: 1745500752
----------------------------------------
Thread: nice_thread, Loop time exceeded: 950.83 ms
Reason: consumer time, Value: 0.00, Counter: 22, Timestamp: 1745500752
Reason: transform time, Value: 0.08, Counter: 22, Timestamp: 1745500752
Reason: global search time, Value: 871.87, Counter: 22, Timestamp: 1745500753
Reason: process time, Value: 0.00, Counter: 22, Timestamp: 1745500753
Reason: loop time, Value: 950.83, Counter: 22, Timestamp: 1745500753
----------------------------------------
Thread: nice_thread, Loop time exceeded: 916.24 ms
Reason: consumer time, Value: 0.00, Counter: 46, Timestamp: 1745500753
Reason: transform time, Value: 0.02, Counter: 46, Timestamp: 1745500753
Reason: global search time, Value: 893.20, Counter: 46, Timestamp: 1745500754
Reason: process time, Value: 0.00, Counter: 46, Timestamp: 1745500754
Reason: loop time, Value: 916.24, Counter: 46, Timestamp: 1745500754
----------------------------------------
Thread: nice_thread, Loop time exceeded: 1050.19 ms
Reason: consumer time, Value: 0.00, Counter: 69, Timestamp: 1745500754
Reason: transform time, Value: 0.11, Counter: 69, Timestamp: 1745500754
Reason: global search time, Value: 942.86, Counter: 69, Timestamp: 1745500755
Reason: process time, Value: 0.00, Counter: 69, Timestamp: 1745500755
Reason: loop time, Value: 1050.19, Counter: 69, Timestamp: 1745500755
----------------------------------------
Thread: nice_thread, Loop time exceeded: 978.41 ms
Reason: consumer time, Value: 0.00, Counter: 97, Timestamp: 1745500755
Reason: transform time, Value: 0.08, Counter: 97, Timestamp: 1745500755
Reason: global search time, Value: 896.84, Counter: 97, Timestamp: 1745500756
Reason: process time, Value: 0.00, Counter: 97, Timestamp: 1745500756
Reason: loop time, Value: 978.41, Counter: 97, Timestamp: 1745500756
----------------------------------------
Thread: nice_thread, Loop time exceeded: 963.31 ms
Reason: consumer time, Value: 0.00, Counter: 123, Timestamp: 1745500756
Reason: transform time, Value: 0.08, Counter: 123, Timestamp: 1745500756
Reason: global search time, Value: 881.68, Counter: 123, Timestamp: 1745500757
Reason: process time, Value: 0.00, Counter: 123, Timestamp: 1745500757
Reason: loop time, Value: 963.31, Counter: 123, Timestamp: 1745500757
----------------------------------------
Thread: nice_thread, Loop time exceeded: 885.72 ms
Reason: consumer time, Value: 0.00, Counter: 20, Timestamp: 1745500757
Reason: transform time, Value: 0.08, Counter: 20, Timestamp: 1745500757
Reason: global search time, Value: 806.27, Counter: 20, Timestamp: 1745500758
Reason: process time, Value: 0.00, Counter: 20, Timestamp: 1745500758
Reason: loop time, Value: 885.72, Counter: 20, Timestamp: 1745500758
----------------------------------------
Thread: nice_thread, Loop time exceeded: 671.54 ms
Reason: consumer time, Value: 0.00, Counter: 46, Timestamp: 1745500758
Reason: transform time, Value: 0.06, Counter: 46, Timestamp: 1745500758
Reason: global search time, Value: 610.50, Counter: 46, Timestamp: 1745500758
Reason: process time, Value: 0.00, Counter: 46, Timestamp: 1745500758
Reason: loop time, Value: 671.54, Counter: 46, Timestamp: 1745500758
----------------------------------------
Thread: nice_thread, Loop time exceeded: 479.64 ms
Reason: consumer time, Value: 0.00, Counter: 67, Timestamp: 1745500758
Reason: transform time, Value: 0.01, Counter: 67, Timestamp: 1745500758
Reason: global search time, Value: 467.43, Counter: 67, Timestamp: 1745500759
Reason: process time, Value: 0.00, Counter: 67, Timestamp: 1745500759
Reason: loop time, Value: 479.64, Counter: 67, Timestamp: 1745500759
----------------------------------------
Thread: nice_thread, Loop time exceeded: 584.40 ms
Reason: consumer time, Value: 0.00, Counter: 84, Timestamp: 1745500759
Reason: transform time, Value: 0.04, Counter: 84, Timestamp: 1745500759
Reason: global search time, Value: 538.61, Counter: 84, Timestamp: 1745500759
Reason: process time, Value: 0.00, Counter: 84, Timestamp: 1745500759
Reason: loop time, Value: 584.40, Counter: 84, Timestamp: 1745500759
----------------------------------------
Thread: nice_thread, Loop time exceeded: 513.28 ms
Reason: consumer time, Value: 0.00, Counter: 103, Timestamp: 1745500759
Reason: transform time, Value: 0.01, Counter: 103, Timestamp: 1745500759
Reason: global search time, Value: 503.56, Counter: 103, Timestamp: 1745500760
Reason: process time, Value: 0.00, Counter: 103, Timestamp: 1745500760
Reason: loop time, Value: 513.28, Counter: 103, Timestamp: 1745500760
----------------------------------------
Thread: nice_thread, Loop time exceeded: 541.76 ms
Reason: consumer time, Value: 0.00, Counter: 121, Timestamp: 1745500760
Reason: transform time, Value: 0.01, Counter: 121, Timestamp: 1745500760
Reason: global search time, Value: 530.24, Counter: 121, Timestamp: 1745500760
Reason: process time, Value: 0.00, Counter: 121, Timestamp: 1745500760
Reason: loop time, Value: 541.76, Counter: 121, Timestamp: 1745500760
----------------------------------------
