Core number: 4
Execution time for the consumer: 161.50 ms
Remap: 0.00 ms
Transform color: 7.47 ms
CAM#3 PART SEARCH time: 0.00 ms
Process time: 0.00 ms
Loop: count=0, trial=1, Duration=310470.57 us
Core number: 4
Execution time for the consumer: 5.01 ms
Remap: 0.00 ms
Transform color: 1.99 ms
CAM#3 PART SEARCH time: 0.00 ms
Process time: 0.00 ms
Loop: count=1, trial=1, Duration=41665.28 us
Core number: 4
Execution time for the consumer: 10.02 ms
Remap: 0.00 ms
Transform color: 1.71 ms
CAM#3 PART SEARCH time: 0.00 ms
Process time: 0.00 ms
Loop: count=2, trial=1, Duration=55539.41 us
Core number: 4
Execution time for the consumer: 255.14 ms
Remap: 0.00 ms
Transform color: 5.20 ms
CAM#3 PART SEARCH time: 0.00 ms
Process time: 0.00 ms
Loop: count=3, trial=1, Duration=446473.51 us
Core number: 4
Execution time for the consumer: 0.00 ms
Remap: 0.00 ms
Transform color: 2.97 ms
CAM#3 PART SEARCH time: 0.00 ms
Process time: 0.00 ms
Loop: count=4, trial=1, Duration=108700.45 us
Core number: 4
Execution time for the consumer: 0.00 ms
Remap: 0.00 ms
Transform color: 2.17 ms
CAM#3 PART SEARCH time: 0.00 ms
Process time: 0.00 ms
Loop: count=5, trial=1, Duration=4615.70 us
Core number: 4
Execution time for the consumer: 15.03 ms
Remap: 0.00 ms
Transform color: 3.92 ms
CAM#3 PART SEARCH time: 0.00 ms
Process time: 0.00 ms
Loop: count=6, trial=1, Duration=20691.87 us
Core number: 4
Execution time for the consumer: 35.05 ms
Remap: 0.00 ms
Transform color: 1.80 ms
CAM#3 PART SEARCH time: 0.00 ms
Process time: 0.00 ms
Loop: count=7, trial=1, Duration=38737.54 us
Core number: 4
Execution time for the consumer: 40.05 ms
Remap: 0.00 ms
Transform color: 5.11 ms
CAM#3 PART SEARCH time: 0.00 ms
Process time: 0.00 ms
Loop: count=8, trial=1, Duration=141452.03 us
Core number: 4
Execution time for the consumer: 45.05 ms
Remap: 0.00 ms
Transform color: 1.78 ms
CAM#3 PART SEARCH time: 0.00 ms
Process time: 0.00 ms
Loop: count=9, trial=1, Duration=49231.96 us
Core number: 4
Execution time for the consumer: 175.09 ms
Remap: 0.00 ms
Transform color: 1.70 ms
CAM#3 PART SEARCH time: 0.00 ms
Process time: 0.00 ms
Loop: count=10, trial=1, Duration=178845.40 us
Core number: 4
Execution time for the consumer: 35.43 ms
Remap: 0.00 ms
Transform color: 2.04 ms
CAM#3 PART SEARCH time: 0.00 ms
Process time: 0.00 ms
Loop: count=11, trial=1, Duration=39217.79 us
Core number: 4
Execution time for the consumer: 35.04 ms
Remap: 0.00 ms
Transform color: 3.70 ms
CAM#3 PART SEARCH time: 0.00 ms
Process time: 0.00 ms
Loop: count=12, trial=1, Duration=41016.57 us
Core number: 4
Execution time for the consumer: 35.49 ms
Remap: 0.00 ms
Transform color: 2.35 ms
CAM#3 PART SEARCH time: 0.01 ms
Process time: 0.00 ms
Loop: count=13, trial=1, Duration=40225.51 us
Core number: 4
Execution time for the consumer: 40.42 ms
Remap: 0.00 ms
Transform color: 5.36 ms
CAM#3 PART SEARCH time: 0.00 ms
Process time: 0.00 ms
Loop: count=14, trial=1, Duration=47673.00 us
Core number: 4
Execution time for the consumer: 35.60 ms
Remap: 0.00 ms
Transform color: 2.23 ms
CAM#3 PART SEARCH time: 0.00 ms
Process time: 0.00 ms
CAM#3 Using GLOBAL SEARCH ##############################################
CAM#3 GLOBAL SEARCH time: 0.00 ms
Loop: count=15, trial=1, Duration=39939.45 us
Core number: 4
Execution time for the consumer: 132.44 ms
Remap: 0.00 ms
Transform color: 1.93 ms
CAM#3 PART SEARCH time: 0.00 ms
Process time: 0.00 ms
Loop: count=16, trial=1, Duration=137228.06 us
Core number: 4
Execution time for the consumer: 185.12 ms
Remap: 0.00 ms
Transform color: 4.86 ms
CAM#3 PART SEARCH time: 0.00 ms
Process time: 0.00 ms
Loop: count=17, trial=1, Duration=192130.73 us
Core number: 4
Execution time for the consumer: 35.54 ms
Remap: 0.00 ms
Transform color: 5.96 ms
CAM#3 PART SEARCH time: 0.00 ms
Process time: 0.00 ms
Loop: count=18, trial=1, Duration=49398.32 us
Core number: 4
Execution time for the consumer: 25.38 ms
Remap: 0.00 ms
Transform color: 1.91 ms
CAM#3 PART SEARCH time: 0.00 ms
Process time: 0.00 ms
Loop: count=19, trial=1, Duration=29061.81 us
Core number: 4
Execution time for the consumer: 35.04 ms
Remap: 0.00 ms
Transform color: 1.58 ms
CAM#3 PART SEARCH time: 0.00 ms
Process time: 0.00 ms
Loop: count=20, trial=1, Duration=38956.24 us
Core number: 4
Execution time for the consumer: 40.06 ms
Remap: 0.00 ms
Transform color: 5.23 ms
CAM#3 PART SEARCH time: 0.00 ms
Process time: 0.00 ms
Loop: count=21, trial=1, Duration=47349.11 us
Core number: 4
Execution time for the consumer: 35.04 ms
Remap: 0.00 ms
Transform color: 1.67 ms
CAM#3 PART SEARCH time: 0.00 ms
Process time: 0.00 ms
Loop: count=22, trial=1, Duration=38508.77 us
Core number: 4
Execution time for the consumer: 40.71 ms
Remap: 0.00 ms
Transform color: 4.25 ms
CAM#3 PART SEARCH time: 0.00 ms
Process time: 0.00 ms
Loop: count=23, trial=1, Duration=48617.37 us
Core number: 4
Execution time for the consumer: 95.07 ms
Remap: 0.00 ms
Transform color: 6.87 ms
CAM#3 PART SEARCH time: 0.00 ms
Process time: 0.00 ms
Loop: count=24, trial=1, Duration=105578.02 us
Core number: 4
Execution time for the consumer: 172.90 ms
Remap: 0.00 ms
Transform color: 6.99 ms
CAM#3 PART SEARCH time: 0.00 ms
Process time: 0.00 ms
Loop: count=25, trial=1, Duration=183526.36 us
Core number: 4
Execution time for the consumer: 30.24 ms
Remap: 0.00 ms
Transform color: 4.67 ms
CAM#3 PART SEARCH time: 0.00 ms
Process time: 0.00 ms
Loop: count=26, trial=1, Duration=37542.53 us
Core number: 4
Execution time for the consumer: 30.50 ms
Remap: 0.00 ms
Transform color: 1.60 ms
CAM#3 PART SEARCH time: 0.00 ms
Process time: 0.00 ms
Loop: count=27, trial=1, Duration=56148.02 us
Core number: 4
Execution time for the consumer: 15.02 ms
Remap: 0.00 ms
Transform color: 1.54 ms
CAM#3 PART SEARCH time: 0.00 ms
Process time: 0.00 ms
Loop: count=28, trial=1, Duration=18487.20 us
Core number: 4
Execution time for the consumer: 40.03 ms
Remap: 0.00 ms
Transform color: 177.64 ms
CAM#3 PART SEARCH time: 0.00 ms
Process time: 0.00 ms
Loop: count=29, trial=1, Duration=221330.73 us
Core number: 4
Execution time for the consumer: 0.00 ms
Remap: 0.00 ms
Transform color: 1.66 ms
CAM#3 PART SEARCH time: 0.00 ms
Process time: 0.00 ms
Loop: count=30, trial=1, Duration=3494.75 us
Core number: 4
Execution time for the consumer: 81.50 ms
Remap: 0.00 ms
Transform color: 5.14 ms
CAM#3 PART SEARCH time: 0.00 ms
Process time: 0.00 ms
CAM#3 Using GLOBAL SEARCH ##############################################
CAM#3 GLOBAL SEARCH time: 0.00 ms
Loop: count=31, trial=1, Duration=88318.19 us
Core number: 4
Execution time for the consumer: 155.10 ms
Remap: 0.00 ms
Transform color: 4.57 ms
CAM#3 PART SEARCH time: 0.00 ms
Process time: 0.00 ms
Loop: count=32, trial=1, Duration=161616.14 us
Core number: 4
Execution time for the consumer: 35.63 ms
Remap: 0.00 ms
Transform color: 1.88 ms
CAM#3 PART SEARCH time: 0.00 ms
Process time: 0.00 ms
Loop: count=33, trial=1, Duration=40322.74 us
Core number: 4
Execution time for the consumer: 35.04 ms
Remap: 0.00 ms
Transform color: 1.43 ms
CAM#3 PART SEARCH time: 0.00 ms
Process time: 0.00 ms
Loop: count=34, trial=1, Duration=38971.70 us
Core number: 4
Execution time for the consumer: 35.04 ms
Remap: 0.00 ms
Transform color: 1.88 ms
CAM#3 PART SEARCH time: 0.00 ms
Process time: 0.00 ms
Loop: count=35, trial=1, Duration=39396.89 us
Core number: 4
Execution time for the consumer: 40.04 ms
Remap: 0.00 ms
Transform color: 1.92 ms
CAM#3 PART SEARCH time: 0.00 ms
Process time: 0.00 ms
Loop: count=36, trial=1, Duration=44534.27 us
Core number: 4
Execution time for the consumer: 40.03 ms
Remap: 0.00 ms
Transform color: 1.92 ms
CAM#3 PART SEARCH time: 0.00 ms
Process time: 0.00 ms
Loop: count=37, trial=1, Duration=44256.50 us
Core number: 4
Execution time for the consumer: 35.42 ms
Remap: 0.00 ms
Transform color: 1.96 ms
CAM#3 PART SEARCH time: 0.00 ms
Process time: 0.00 ms
Loop: count=38, trial=1, Duration=39753.57 us
Core number: 4
Execution time for the consumer: 40.04 ms
Remap: 0.00 ms
Transform color: 1.76 ms
CAM#3 PART SEARCH time: 0.00 ms
Process time: 0.00 ms
Loop: count=39, trial=1, Duration=44426.14 us
Core number: 4
Execution time for the consumer: 35.55 ms
Remap: 0.00 ms
Transform color: 1.84 ms
CAM#3 PART SEARCH time: 0.00 ms
Process time: 0.00 ms
Loop: count=40, trial=1, Duration=40020.63 us
Core number: 4
Execution time for the consumer: 100.08 ms
Remap: 0.00 ms
Transform color: 1.83 ms
CAM#3 PART SEARCH time: 0.00 ms
Process time: 0.00 ms
Loop: count=41, trial=1, Duration=104792.93 us
Core number: 4
Execution time for the consumer: 35.05 ms
Remap: 0.00 ms
Transform color: 1.20 ms
CAM#3 PART SEARCH time: 0.00 ms
Process time: 0.00 ms
Loop: count=42, trial=1, Duration=45882.85 us
Core number: 4
Execution time for the consumer: 95.06 ms
Remap: 0.00 ms
Transform color: 4.10 ms
CAM#3 PART SEARCH time: 0.00 ms
Process time: 0.00 ms
Loop: count=43, trial=1, Duration=101157.34 us
Core number: 4
Execution time for the consumer: 35.38 ms
Remap: 0.00 ms
Transform color: 3.66 ms
CAM#3 PART SEARCH time: 0.00 ms
Process time: 0.00 ms
Loop: count=44, trial=1, Duration=42822.42 us
Core number: 4
Execution time for the consumer: 35.03 ms
Remap: 0.00 ms
Transform color: 4.28 ms
CAM#3 PART SEARCH time: 0.00 ms
Process time: 0.00 ms
Loop: count=45, trial=1, Duration=59592.32 us
Core number: 4
Execution time for the consumer: 15.01 ms
Remap: 0.00 ms
Transform color: 3.28 ms
CAM#3 PART SEARCH time: 0.00 ms
Process time: 0.00 ms
Loop: count=46, trial=1, Duration=19940.06 us
Core number: 4
Execution time for the consumer: 40.08 ms
Remap: 0.00 ms
Transform color: 4.93 ms
CAM#3 PART SEARCH time: 0.01 ms
Process time: 0.00 ms
CAM#3 Using GLOBAL SEARCH ##############################################
CAM#3 GLOBAL SEARCH time: 0.00 ms
