Core number: 3
Remap: 0.003 ms
Transform color: 56.908 ms
Core number: 3
Remap: 0.001 ms
Transform color: 1.295 ms
Core number: 3
Remap: 0.001 ms
Transform color: 2.123 ms
Core number: 3
Remap: 0.001 ms
Transform color: 2.22 ms
Core number: 3
Remap: 0.001 ms
Transform color: 1.771 ms
Core number: 3
Remap: 0.001 ms
Transform color: 1.864 ms
Core number: 3
Remap: 0.001 ms
Transform color: 2.15 ms
Core number: 3
Remap: 0.001 ms
Transform color: 1.496 ms
Core number: 3
Remap: 0.001 ms
Transform color: 2.024 ms
Core number: 3
Remap: 0 ms
Transform color: 1.618 ms
Core number: 3
Remap: 0.001 ms
Transform color: 4.37 ms
Core number: 3
Remap: 0 ms
Transform color: 2.006 ms
Core number: 3
Remap: 0.001 ms
Transform color: 1.706 ms
Core number: 3
Remap: 0.001 ms
Transform color: 2.047 ms
Core number: 3
Remap: 0.002 ms
Transform color: 2.413 ms
Core number: 3
Remap: 0.001 ms
Transform color: 1.931 ms
Core number: 3
Remap: 0.001 ms
Transform color: 1.896 ms
Core number: 3
Remap: 0 ms
Transform color: 1.316 ms
Core number: 3
Remap: 0.001 ms
Transform color: 1.953 ms
Core number: 3
Remap: 0.001 ms
Transform color: 1.275 ms
Core number: 3
Remap: 0.001 ms
Transform color: 5.798 ms
Core number: 3
Remap: 0 ms
Transform color: 5.014 ms
Core number: 3
Remap: 0.001 ms
Transform color: 1.608 ms
Core number: 3
Remap: 0 ms
Transform color: 1.777 ms
Core number: 3
Remap: 0.001 ms
Transform color: 5.923 ms
Core number: 3
Remap: 0 ms
Transform color: 7.066 ms
Core number: 3
Remap: 0 ms
Transform color: 1.687 ms
Core number: 3
Remap: 0.001 ms
Transform color: 2.333 ms
Core number: 3
Remap: 0 ms
Transform color: 4.595 ms
Core number: 3
Remap: 0 ms
Transform color: 2.001 ms
Core number: 3
Remap: 0.001 ms
Transform color: 4.883 ms
Core number: 3
Remap: 0.001 ms
Transform color: 1.875 ms
Core number: 3
Remap: 0.001 ms
Transform color: 2.153 ms
Core number: 3
Remap: 0 ms
Transform color: 1.874 ms
Core number: 3
Remap: 0 ms
Transform color: 1.48 ms
Core number: 3
Remap: 0 ms
Transform color: 1.474 ms
Core number: 3
Remap: 0 ms
Transform color: 2.082 ms
Core number: 3
Remap: 0.001 ms
Transform color: 2.703 ms
Core number: 3
Remap: 0 ms
Transform color: 2.082 ms
Core number: 3
Remap: 0 ms
Transform color: 1.791 ms
Core number: 3
Remap: 0 ms
Transform color: 1.764 ms
Core number: 3
Remap: 0 ms
Transform color: 2.332 ms
Core number: 3
Remap: 0.001 ms
Transform color: 1.794 ms
Core number: 3
Remap: 0 ms
Transform color: 3.57 ms
Core number: 3
Remap: 0 ms
Transform color: 1.363 ms
Core number: 3
Remap: 0.002 ms
Transform color: 5.574 ms
Core number: 3
Remap: 0 ms
Transform color: 1.295 ms
Core number: 3
Remap: 0.001 ms
Transform color: 4.069 ms
Core number: 3
Remap: 0.001 ms
Transform color: 1.931 ms
Core number: 3
Remap: 0 ms
Transform color: 2.061 ms
Core number: 3
Remap: 0 ms
Transform color: 2.259 ms
Core number: 3
Remap: 0.001 ms
Transform color: 1.641 ms
Core number: 3
Remap: 0.001 ms
Transform color: 2.241 ms
Core number: 3
Remap: 0.001 ms
Transform color: 2.604 ms
Core number: 3
Remap: 0 ms
Transform color: 2.165 ms
Core number: 3
Remap: 0.001 ms
Transform color: 4.387 ms
Core number: 3
Remap: 0 ms
Transform color: 1.419 ms
Core number: 3
Remap: 0 ms
Transform color: 1.363 ms
Core number: 3
Remap: 0.001 ms
Transform color: 1.866 ms
Core number: 3
Remap: 0 ms
Transform color: 4.112 ms
Core number: 3
Remap: 0 ms
Transform color: 1.74 ms
Core number: 3
Remap: 0.001 ms
Transform color: 1.77 ms
Core number: 3
Remap: 0.001 ms
Transform color: 2.276 ms
Core number: 3
Remap: 0.001 ms
Transform color: 6.205 ms
Core number: 3
Remap: 0.001 ms
Transform color: 3.375 ms
Core number: 3
Remap: 0 ms
Transform color: 2.892 ms
Core number: 3
Remap: 0 ms
Transform color: 4.012 ms
Core number: 3
Remap: 0.001 ms
Transform color: 2.399 ms
Core number: 3
Remap: 0.001 ms
Transform color: 4.72 ms
Core number: 3
Remap: 0.001 ms
Transform color: 5.653 ms
Core number: 3
Remap: 0.001 ms
Transform color: 1.735 ms
Core number: 3
Remap: 0 ms
Transform color: 1.836 ms
Core number: 3
Remap: 0.001 ms
Transform color: 1.52 ms
Core number: 3
Remap: 0 ms
Transform color: 1.714 ms
Core number: 3
Remap: 0.001 ms
Transform color: 5.116 ms
Core number: 3
Remap: 0 ms
Transform color: 3.27 ms
Core number: 3
Remap: 0 ms
Transform color: 3.238 ms
Core number: 3
Remap: 0 ms
Transform color: 1.621 ms
Core number: 3
Remap: 0 ms
Transform color: 2.256 ms
Core number: 3
Remap: 0 ms
Transform color: 1.299 ms
Core number: 3
Remap: 0 ms
Transform color: 1.406 ms
Core number: 3
Remap: 0.001 ms
Transform color: 2.271 ms
Core number: 3
Remap: 0.001 ms
Transform color: 1.901 ms
Core number: 3
Remap: 0.001 ms
Transform color: 2.306 ms
Core number: 3
Remap: 0.001 ms
Transform color: 7.051 ms
Core number: 3
Remap: 0 ms
Transform color: 3.699 ms
Core number: 3
Remap: 0.001 ms
Transform color: 4.345 ms
Core number: 3
Remap: 0.001 ms
Transform color: 2.149 ms
Core number: 3
Remap: 0.001 ms
Transform color: 1.888 ms
Core number: 3
Remap: 0.001 ms
Transform color: 1.37 ms
Core number: 3
Remap: 0 ms
Transform color: 1.308 ms
Core number: 3
Remap: 0.001 ms
Transform color: 2.03 ms
Core number: 3
Remap: 0 ms
Transform color: 53.186 ms
Core number: 3
Remap: 0 ms
Transform color: 1.557 ms
Core number: 3
Remap: 0 ms
Transform color: 1.405 ms
Core number: 3
Remap: 0.001 ms
Transform color: 2.42 ms
Core number: 3
Remap: 0 ms
Transform color: 2.697 ms
Core number: 3
Remap: 0.001 ms
Transform color: 2.032 ms
Core number: 3
Remap: 0 ms
Transform color: 2.393 ms
Core number: 3
Remap: 0 ms
Transform color: 1.304 ms
Core number: 3
Remap: 0.001 ms
Transform color: 2.117 ms
Core number: 3
Remap: 0 ms
Transform color: 1.699 ms
Core number: 3
Remap: 0.001 ms
Transform color: 3.345 ms
Core number: 3
Remap: 0.001 ms
Transform color: 6.086 ms
Core number: 3
Remap: 0.001 ms
Transform color: 2.078 ms
Core number: 3
Remap: 0 ms
Transform color: 1.704 ms
Core number: 3
Remap: 0.001 ms
Transform color: 5.905 ms
Core number: 3
Remap: 0 ms
Transform color: 1.736 ms
Core number: 3
Remap: 0 ms
Transform color: 1.629 ms
Core number: 3
Remap: 0 ms
Transform color: 2.464 ms
Core number: 3
Remap: 0.001 ms
Transform color: 6.633 ms
Core number: 3
Remap: 0.001 ms
Transform color: 1.912 ms
Core number: 3
Remap: 0.001 ms
Transform color: 1.66 ms
Core number: 3
Remap: 0.001 ms
Transform color: 1.972 ms
Core number: 3
Remap: 0 ms
Transform color: 6.103 ms
Core number: 3
Remap: 0 ms
Transform color: 1.883 ms
Core number: 3
d: 498.19ms
Reason: consumer time, Value: 0.00, Counter: 125, Timestamp: 1744637430
Reason: transform time, Value: 0.00, Counter: 125, Timestamp: 1744637430
Reason: global search time, Value: 495.72, Counter: 125, Timestamp: 1744637430
Reason: process time, Value: 0.00, Counter: 125, Timestamp: 1744637430
Reason: loop time, Value: 498.19, Counter: 125, Timestamp: 1744637430
----------------------------------------
Thread: nice_thread, Loop time exceeded: 560.93ms
Reason: consumer time, Value: 0.00, Counter: 13, Timestamp: 1744637430
Reason: transform time, Value: 0.00, Counter: 13, Timestamp: 1744637430
Reason: global search time, Value: 558.95, Counter: 13, Timestamp: 1744637431
Reason: process time, Value: 0.00, Counter: 13, Timestamp: 1744637431
Reason: loop time, Value: 560.93, Counter: 13, Timestamp: 1744637431
----------------------------------------
Thread: nice_thread, Loop time exceeded: 501.85ms
Reason: consumer time, Value: 0.00, Counter: 30, Timestamp: 1744637431
Reason: transform time, Value: 0.00, Counter: 30, Timestamp: 1744637431
Reason: global search time, Value: 499.91, Counter: 30, Timestamp: 1744637431
Reason: process time, Value: 0.00, Counter: 30, Timestamp: 1744637431
Reason: loop time, Value: 501.85, Counter: 30, Timestamp: 1744637431
----------------------------------------
Thread: nice_thread, Loop time exceeded: 562.39ms
Reason: consumer time, Value: 0.00, Counter: 46, Timestamp: 1744637431
Reason: transform time, Value: 0.00, Counter: 46, Timestamp: 1744637431
Reason: global search time, Value: 561.05, Counter: 46, Timestamp: 1744637432
Reason: process time, Value: 0.00, Counter: 46, Timestamp: 1744637432
Reason: loop time, Value: 562.39, Counter: 46, Timestamp: 1744637432
----------------------------------------
Thread: nice_thread, Loop time exceeded: 522.91ms
Reason: consumer time, Value: 0.00, Counter: 63, Timestamp: 1744637432
Reason: transform time, Value: 0.00, Counter: 63, Timestamp: 1744637432
Reason: global search time, Value: 520.92, Counter: 63, Timestamp: 1744637432
Reason: process time, Value: 0.00, Counter: 63, Timestamp: 1744637432
Reason: loop time, Value: 522.91, Counter: 63, Timestamp: 1744637432
----------------------------------------
Thread: nice_thread, Loop time exceeded: 576.00ms
Reason: consumer time, Value: 0.00, Counter: 80, Timestamp: 1744637432
Reason: transform time, Value: 0.00, Counter: 80, Timestamp: 1744637432
Reason: global search time, Value: 574.70, Counter: 80, Timestamp: 1744637433
Reason: process time, Value: 0.00, Counter: 80, Timestamp: 1744637433
Reason: loop time, Value: 576.00, Counter: 80, Timestamp: 1744637433
----------------------------------------
Thread: nice_thread, Loop time exceeded: 532.44ms
Reason: consumer time, Value: 0.00, Counter: 97, Timestamp: 1744637433
Reason: transform time, Value: 0.01, Counter: 97, Timestamp: 1744637433
Reason: global search time, Value: 526.60, Counter: 97, Timestamp: 1744637433
Reason: process time, Value: 0.00, Counter: 97, Timestamp: 1744637433
Reason: loop time, Value: 532.44, Counter: 97, Timestamp: 1744637433
----------------------------------------
Thread: nice_thread, Loop time exceeded: 578.80ms
Reason: consumer time, Value: 0.00, Counter: 115, Timestamp: 1744637433
Reason: transform time, Value: 0.01, Counter: 115, Timestamp: 1744637433
Reason: global search time, Value: 573.73, Counter: 115, Timestamp: 1744637434
Reason: process time, Value: 0.00, Counter: 115, Timestamp: 1744637434
Reason: loop time, Value: 578.80, Counter: 115, Timestamp: 1744637434
----------------------------------------
Thread: nice_thread, Loop time exceeded: 590.83ms
Reason: consumer time, Value: 0.00, Counter: 4, Timestamp: 1744637434
Reason: transform time, Value: 0.00, Counter: 4, Timestamp: 1744637434
Reason: global search time, Value: 589.17, Counter: 4, Timestamp: 1744637434
Reason: process time, Value: 0.00, Counter: 4, Timestamp: 1744637434
Reason: loop time, Value: 590.83, Counter: 4, Timestamp: 1744637434
----------------------------------------
Thread: nice_thread, Loop time exceeded: 538.29ms
Reason: consumer time, Value: 0.00, Counter: 22, Timestamp: 1744637434
Reason: transform time, Value: 0.00, Counter: 22, Timestamp: 1744637434
Reason: global search time, Value: 536.46, Counter: 22, Timestamp: 1744637435
Reason: process time, Value: 0.00, Counter: 22, Timestamp: 1744637435
Reason: loop time, Value: 538.29, Counter: 22, Timestamp: 1744637435
----------------------------------------
Thread: nice_thread, Loop time exceeded: 580.03ms
Reason: consumer time, Value: 0.00, Counter: 39, Timestamp: 1744637435
Reason: transform time, Value: 0.01, Counter: 39, Timestamp: 1744637435
Reason: global search time, Value: 574.08, Counter: 39, Timestamp: 1744637436
Reason: process time, Value: 0.00, Counter: 39, Timestamp: 1744637436
Reason: loop time, Value: 580.03, Counter: 39, Timestamp: 1744637436
----------------------------------------
Thread: nice_thread, Loop time exceeded: 529.23ms
Reason: consumer time, Value: 0.00, Counter: 57, Timestamp: 1744637436
Reason: transform time, Value: 0.01, Counter: 57, Timestamp: 1744637436
Reason: global search time, Value: 522.12, Counter: 57, Timestamp: 1744637436
Reason: process time, Value: 0.00, Counter: 57, Timestamp: 1744637436
Reason: loop time, Value: 529.23, Counter: 57, Timestamp: 1744637436
----------------------------------------
Thread: nice_thread, Loop time exceeded: 580.53ms
Reason: consumer time, Value: 0.00, Counter: 74, Timestamp: 1744637436
Reason: transform time, Value: 0.00, Counter: 74, Timestamp: 1744637436
Reason: global search time, Value: 578.80, Counter: 74, Timestamp: 1744637437
Reason: process time, Value: 0.00, Counter: 74, Timestamp: 1744637437
Reason: loop time, Value: 580.53, Counter: 74, Timestamp: 1744637437
----------------------------------------
Thread: nice_thread, Loop time exceeded: 525.27ms
Reason: consumer time, Value: 0.00, Counter: 91, Timestamp: 1744637437
Reason: transform time, Value: 0.00, Counter: 91, Timestamp: 1744637437
Reason: global search time, Value: 522.88, Counter: 91, Timestamp: 1744637437
Reason: process time, Value: 0.00, Counter: 91, Timestamp: 1744637437
Reason: loop time, Value: 525.27, Counter: 91, Timestamp: 1744637437
----------------------------------------
Thread: nice_thread, Loop time exceeded: 573.59ms
Reason: consumer time, Value: 0.00, Counter: 108, Timestamp: 1744637437
Reason: transform time, Value: 0.00, Counter: 108, Timestamp: 1744637437
Reason: global search time, Value: 568.94, Counter: 108, Timestamp: 1744637438
Reason: process time, Value: 0.00, Counter: 108, Timestamp: 1744637438
Reason: loop time, Value: 573.59, Counter: 108, Timestamp: 1744637438
----------------------------------------
Thread: nice_thread, Loop time exceeded: 524.64ms
Reason: consumer time, Value: 0.00, Counter: 126, Timestamp: 1744637438
Reason: transform time, Value: 0.00, Counter: 126, Timestamp: 1744637438
Reason: global search time, Value: 522.59, Counter: 126, Timestamp: 1744637438
Reason: process time, Value: 0.00, Counter: 126, Timestamp: 1744637438
Reason: loop time, Value: 524.64, Counter: 126, Timestamp: 1744637438
----------------------------------------
Thread: nice_thread, Loop time exceeded: 562.10ms
Reason: consumer time, Value: 0.00, Counter: 15, Timestamp: 1744637438
Reason: transform time, Value: 0.00, Counter: 15, Timestamp: 1744637438
Reason: global search time, Value: 557.18, Counter: 15, Timestamp: 1744637439
Reason: process time, Value: 0.00, Counter: 15, Timestamp: 1744637439
Reason: loop time, Value: 562.10, Counter: 15, Timestamp: 1744637439
----------------------------------------
Thread: nice_thread, Loop time exceeded: 566.18ms
Reason: consumer time, Value: 0.00, Counter: 32, Timestamp: 1744637439
Reason: transform time, Value: 0.00, Counter: 32, Timestamp: 1744637439
Reason: global search time, Value: 564.25, Counter: 32, Timestamp: 1744637439
Reason: process time, Value: 0.00, Counter: 32, Timestamp: 1744637439
Reason: loop time, Value: 566.18, Counter: 32, Timestamp: 1744637439
----------------------------------------
Thread: nice_thread, Loop time exceeded: 521.54ms
Reason: consumer time, Value: 0.00, Counter: 49, Timestamp: 1744637439
Reason: transform time, Value: 0.00, Counter: 49, Timestamp: 1744637439
Reason: global search time, Value: 519.32, Counter: 49, Timestamp: 1744637440
Reason: process time, Value: 0.00, Counter: 49, Timestamp: 1744637440
Reason: loop time, Value: 521.54, Counter: 49, Timestamp: 1744637440
----------------------------------------
Thread: nice_thread, Loop time exceeded: 580.88ms
Reason: consumer time, Value: 0.00, Counter: 66, Timestamp: 1744637440
Reason: transform time, Value: 0.00, Counter: 66, Timestamp: 1744637440
Reason: global search time, Value: 578.96, Counter: 66, Timestamp: 1744637441
Reason: process time, Value: 0.00, Counter: 66, Timestamp: 1744637441
Reason: loop time, Value: 580.88, Counter: 66, Timestamp: 1744637441
----------------------------------------
Thread: nice_thread, Loop time exceeded: 522.40ms
Reason: consumer time, Value: 0.00, Counter: 83, Timestamp: 1744637441
Reason: transform time, Value: 0.00, Counter: 83, Timestamp: 1744637441
Reason: global search time, Value: 520.88, Counter: 83, Timestamp: 1744637441
Reason: process time, Value: 0.00, Counter: 83, Timestamp: 1744637441
Reason: loop time, Value: 522.40, Counter: 83, Timestamp: 1744637441
----------------------------------------
Thread: nice_thread, Loop time exceeded: 575.24ms
Reason: consumer time, Value: 0.00, Counter: 100, Timestamp: 1744637441
Reason: transform time, Value: 0.00, Counter: 100, Timestamp: 1744637441
Reason: global search time, Value: 573.72, Counter: 100, Timestamp: 1744637442
Reason: process time, Value: 0.00, Counter: 100, Timestamp: 1744637442
Reason: loop time, Value: 575.24, Counter: 100, Timestamp: 1744637442
----------------------------------------
Thread: nice_thread, Loop time exceeded: 517.80ms
Reason: consumer time, Value: 0.00, Counter: 117, Timestamp: 1744637442
Reason: transform time, Value: 0.00, Counter: 117, Timestamp: 1744637442
Reason: global search time, Value: 515.66, Counter: 117, Timestamp: 1744637442
Reason: process time, Value: 0.00, Counter: 117, Timestamp: 1744637442
Reason: loop time, Value: 517.80, Counter: 117, Timestamp: 1744637442
----------------------------------------
Thread: nice_thread, Loop time exceeded: 560.63ms
Reason: consumer time, Value: 0.00, Counter: 6, Timestamp: 1744637442
Reason: transform time, Value: 0.00, Counter: 6, Timestamp: 1744637442
Reason: global search time, Value: 557.86, Counter: 6, Timestamp: 1744637443
Reason: process time, Value: 0.00, Counter: 6, Timestamp: 1744637443
Reason: loop time, Value: 560.63, Counter: 6, Timestamp: 1744637443
----------------------------------------
Thread: nice_thread, Loop time exceeded: 510.29ms
Reason: consumer time, Value: 0.00, Counter: 23, Timestamp: 1744637443
Reason: transform time, Value: 0.00, Counter: 23, Timestamp: 1744637443
Reason: global search time, Value: 508.16, Counter: 23, Timestamp: 1744637443
Reason: process time, Value: 0.00, Counter: 23, Timestamp: 1744637443
Reason: loop time, Value: 510.29, Counter: 23, Timestamp: 1744637443
----------------------------------------
Thread: nice_thread, Loop time exceeded: 550.14ms
Reason: consumer time, Value: 0.00, Counter: 39, Timestamp: 1744637443
Reason: transform time, Value: 0.00, Counter: 39, Timestamp: 1744637443
Reason: global search time, Value: 548.31, Counter: 39, Timestamp: 1744637444
Reason: process time, Value: 0.00, Counter: 39, Timestamp: 1744637444
Reason: loop time, Value: 550.14, Counter: 39, Timestamp: 1744637444
----------------------------------------
Thread: nice_thread, Loop time exceeded: 502.04ms
Reason: consumer time, Value: 0.00, Counter: 56, Timestamp: 1744637444
Reason: transform time, Value: 0.00, Counter: 56, Timestamp: 1744637444
Reason: global search time, Value: 500.24, Counter: 56, Timestamp: 1744637444
Reason: process time, Value: 0.00, Counter: 56, Timestamp: 1744637444
Reason: loop time, Value: 502.04, Counter: 56, Timestamp: 1744637444
----------------------------------------
Thread: nice_thread, Loop time exceeded: 553.01ms
Reason: consumer time, Value: 0.00, Counter: 72, Timestamp: 1744637444
Reason: transform time, Value: 0.00, Counter: 72, Timestamp: 1744637444
Reason: global search time, Value: 550.63, Counter: 72, Timestamp: 1744637445
Reason: process time, Value: 0.00, Counter: 72, Timestamp: 1744637445
Reason: loop time, Value: 553.01, Counter: 72, Timestamp: 1744637445
----------------------------------------
Thread: nice_thread, Loop time exceeded: 504.54ms
Reason: consumer time, Value: 0.00, Counter: 88, Timestamp: 1744637445
Reason: transform time, Value: 0.00, Counter: 88, Timestamp: 1744637445
Reason: global search time, Value: 502.71, Counter: 88, Timestamp: 1744637445
Reason: process time, Value: 0.00, Counter: 88, Timestamp: 1744637445
Reason: loop time, Value: 504.54, Counter: 88, Timestamp: 1744637445
----------------------------------------
Thread: nice_thread, Loop time exceeded: 547.28ms
Reason: consumer time, Value: 0.00, Counter: 105, Timestamp: 1744637445
Reason: transform time, Value: 0.00, Counter: 105, Timestamp: 1744637445
Reason: global search time, Value: 543.66, Counter: 105, Timestamp: 1744637446
Reason: process time, Value: 0.00, Counter: 105, Timestamp: 1744637446
Reason: loop time, Value: 547.28, Counter: 105, Timestamp: 1744637446
----------------------------------------
Thread: nice_thread, Loop time exceeded: 555.26ms
Reason: consumer time, Value: 0.00, Counter: 121, Timestamp: 1744637446
Reason: transform time, Value: 0.00, Counter: 121, Timestamp: 1744637446
Reason: global search time, Value: 553.85, Counter: 121, Timestamp: 1744637446
Reason: process time, Value: 0.00, Counter: 121, Timestamp: 1744637446
Reason: loop time, Value: 555.26, Counter: 121, Timestamp: 1744637446
----------------------------------------
Thread: nice_thread, Loop time exceeded: 511.52ms
Reason: consumer time, Value: 0.00, Counter: 10, Timestamp: 1744637446
Reason: transform time, Value: 0.01, Counter: 10, Timestamp: 1744637446
Reason: global search time, Value: 505.87, Counter: 10, Timestamp: 1744637447
Reason: process time, Value: 0.00, Counter: 10, Timestamp: 1744637447
Reason: loop time, Value: 511.52, Counter: 10, Timestamp: 1744637447
----------------------------------------
Thread: nice_thread, Loop time exceeded: 557.63ms
Reason: consumer time, Value: 0.00, Counter: 27, Timestamp: 1744637447
Reason: transform time, Value: 0.00, Counter: 27, Timestamp: 1744637447
Reason: global search time, Value: 556.29, Counter: 27, Timestamp: 1744637448
Reason: process time, Value: 0.00, Counter: 27, Timestamp: 1744637448
Reason: loop time, Value: 557.63, Counter: 27, Timestamp: 1744637448
----------------------------------------
Thread: nice_thread, Loop time exceeded: 507.48ms
Reason: consumer time, Value: 0.00, Counter: 43, Timestamp: 1744637448
Reason: transform time, Value: 0.00, Counter: 43, Timestamp: 1744637448
Reason: global search time, Value: 503.37, Counter: 43, Timestamp: 1744637448
Reason: process time, Value: 0.00, Counter: 43, Timestamp: 1744637448
Reason: loop time, Value: 507.48, Counter: 43, Timestamp: 1744637448
----------------------------------------
Thread: nice_thread, Loop time exceeded: 569.93ms
Reason: consumer time, Value: 0.00, Counter: 60, Timestamp: 1744637448
Reason: transform time, Value: 0.00, Counter: 60, Timestamp: 1744637448
Reason: global search time, Value: 567.95, Counter: 60, Timestamp: 1744637449
Reason: process time, Value: 0.00, Counter: 60, Timestamp: 1744637449
Reason: loop time, Value: 569.93, Counter: 60, Timestamp: 1744637449
----------------------------------------
Thread: nice_thread, Loop time exceeded: 504.90ms
Reason: consumer time, Value: 0.00, Counter: 76, Timestamp: 1744637449
Reason: transform time, Value: 0.00, Counter: 76, Timestamp: 1744637449
Reason: global search time, Value: 502.78, Counter: 76, Timestamp: 1744637449
Reason: process time, Value: 0.00, Counter: 76, Timestamp: 1744637449
Reason: loop time, Value: 504.90, Counter: 76, Timestamp: 1744637449
----------------------------------------
Thread: nice_thread, Loop time exceeded: 554.63ms
Reason: consumer time, Value: 0.00, Counter: 93, Timestamp: 1744637449
Reason: transform time, Value: 0.00, Counter: 93, Timestamp: 1744637449
Reason: global search time, Value: 552.34, Counter: 93, Timestamp: 1744637450
Reason: process time, Value: 0.00, Counter: 93, Timestamp: 1744637450
Reason: loop time, Value: 554.63, Counter: 93, Timestamp: 1744637450
----------------------------------------
Thread: nice_thread, Loop time exceeded: 502.45ms
Reason: consumer time, Value: 0.00, Counter: 109, Timestamp: 1744637450
Reason: transform time, Value: 0.00, Counter: 109, Timestamp: 1744637450
Reason: global search time, Value: 500.75, Counter: 109, Timestamp: 1744637450
Reason: process time, Value: 0.00, Counter: 109, Timestamp: 1744637450
Reason: loop time, Value: 502.45, Counter: 109, Timestamp: 1744637450
----------------------------------------
Thread: nice_thread, Loop time exceeded: 559.07ms
Reason: consumer time, Value: 0.00, Counter: 125, Timestamp: 1744637450
Reason: transform time, Value: 0.00, Counter: 125, Timestamp: 1744637450
Reason: global search time, Value: 556.77, Counter: 125, Timestamp: 1744637451
Reason: process time, Value: 0.00, Counter: 125, Timestamp: 1744637451
Reason: loop time, Value: 559.07, Counter: 125, Timestamp: 1744637451
----------------------------------------
Thread: nice_thread, Loop time exceeded: 509.24ms
Reason: consumer time, Value: 0.00, Counter: 13, Timestamp: 1744637451
Reason: transform time, Value: 0.00, Counter: 13, Timestamp: 1744637451
Reason: global search time, Value: 506.58, Counter: 13, Timestamp: 1744637451
Reason: process time, Value: 0.00, Counter: 13, Timestamp: 1744637451
Reason: loop time, Value: 509.24, Counter: 13, Timestamp: 1744637451
----------------------------------------
Thread: nice_thread, Loop time exceeded: 552.61ms
Reason: consumer time, Value: 0.00, Counter: 29, Timestamp: 1744637451
Reason: transform time, Value: 0.00, Counter: 29, Timestamp: 1744637451
Reason: global search time, Value: 550.38, Counter: 29, Timestamp: 1744637452
Reason: process time, Value: 0.00, Counter: 29, Timestamp: 1744637452
Reason: loop time, Value: 552.61, Counter: 29, Timestamp: 1744637452
----------------------------------------
Thread: nice_thread, Loop time exceeded: 504.08ms
Reason: consumer time, Value: 0.00, Counter: 45, Timestamp: 1744637452
Reason: transform time, Value: 0.00, Counter: 45, Timestamp: 1744637452
Reason: global search time, Value: 499.66, Counter: 45, Timestamp: 1744637452
Reason: process time, Value: 0.00, Counter: 45, Timestamp: 1744637452
Reason: loop time, Value: 504.08, Counter: 45, Timestamp: 1744637452
----------------------------------------
Thread: nice_thread, Loop time exceeded: 547.14ms
Reason: consumer time, Value: 0.00, Counter: 62, Timestamp: 1744637452
Reason: transform time, Value: 0.00, Counter: 62, Timestamp: 1744637452
Reason: global search time, Value: 545.70, Counter: 62, Timestamp: 1744637453
Reason: process time, Value: 0.00, Counter: 62, Timestamp: 1744637453
Reason: loop time, Value: 547.14, Counter: 62, Timestamp: 1744637453
----------------------------------------
Thread: nice_thread, Loop time exceeded: 490.52ms
Reason: consumer time, Value: 0.00, Counter: 77, Timestamp: 1744637453
Reason: transform time, Value: 0.00, Counter: 77, Timestamp: 1744637453
Reason: global search time, Value: 489.13, Counter: 77, Timestamp: 1744637453
Reason: process time, Value: 0.00, Counter: 77, Timestamp: 1744637453
Reason: loop time, Value: 490.52, Counter: 77, Timestamp: 1744637453
----------------------------------------
Thread: nice_thread, Loop time exceeded: 542.13ms
Reason: consumer time, Value: 0.00, Counter: 92, Timestamp: 1744637453
Reason: transform time, Value: 0.00, Counter: 92, Timestamp: 1744637453
Reason: global search time, Value: 540.21, Counter: 92, Timestamp: 1744637454
Reason: process time, Value: 0.00, Counter: 92, Timestamp: 1744637454
Reason: loop time, Value: 542.13, Counter: 92, Timestamp: 1744637454
----------------------------------------
Thread: nice_thread, Loop time exceeded: 492.53ms
Reason: consumer time, Value: 0.00, Counter: 108, Timestamp: 1744637454
Reason: transform time, Value: 0.00, Counter: 108, Timestamp: 1744637454
Reason: global search time, Value: 488.40, Counter: 108, Timestamp: 1744637454
Reason: process time, Value: 0.00, Counter: 108, Timestamp: 1744637454
Reason: loop time, Value: 492.53, Counter: 108, Timestamp: 1744637454
----------------------------------------
Thread: nice_thread, Loop time exceeded: 554.78ms
Reason: consumer time, Value: 0.00, Counter: 124, Timestamp: 1744637454
Reason: transform time, Value: 0.00, Counter: 124, Timestamp: 1744637454
Reason: global search time, Value: 552.99, Counter: 124, Timestamp: 1744637455
Reason: process time, Value: 0.00, Counter: 124, Timestamp: 1744637455
Reason: loop time, Value: 554.78, Counter: 124, Timestamp: 1744637455
----------------------------------------
Thread: nice_thread, Loop time exceeded: 553.15ms
Reason: consumer time, Value: 0.00, Counter: 13, Timestamp: 1744637455
Reason: transform time, Value: 0.00, Counter: 13, Timestamp: 1744637455
Reason: global search time, Value: 551.32, Counter: 13, Timestamp: 1744637455
Reason: process time, Value: 0.00, Counter: 13, Timestamp: 1744637455
Reason: loop time, Value: 553.15, Counter: 13, Timestamp: 1744637455
----------------------------------------
Thread: nice_thread, Loop time exceeded: 504.22ms
Reason: consumer time, Value: 0.00, Counter: 29, Timestamp: 1744637455
Reason: transform time, Value: 0.00, Counter: 29, Timestamp: 1744637455
Reason: global search time, Value: 501.87, Counter: 29, Timestamp: 1744637456
Reason: process time, Value: 0.00, Counter: 29, Timestamp: 1744637456
Reason: loop time, Value: 504.22, Counter: 29, Timestamp: 1744637456
----------------------------------------
Thread: nice_thread, Loop time exceeded: 555.24ms
Reason: consumer time, Value: 0.00, Counter: 46, Timestamp: 1744637456
Reason: transform time, Value: 0.01, Counter: 46, Timestamp: 1744637456
Reason: global search time, Value: 548.92, Counter: 46, Timestamp: 1744637457
Reason: process time, Value: 0.00, Counter: 46, Timestamp: 1744637457
Reason: loop time, Value: 555.24, Counter: 46, Timestamp: 1744637457
----------------------------------------
Thread: nice_thread, Loop time exceeded: 503.48ms
Reason: consumer time, Value: 0.00, Counter: 62, Timestamp: 1744637457
Reason: transform time, Value: 0.00, Counter: 62, Timestamp: 1744637457
Reason: global search time, Value: 500.05, Counter: 62, Timestamp: 1744637457
Reason: process time, Value: 0.00, Counter: 62, Timestamp: 1744637457
Reason: loop time, Value: 503.48, Counter: 62, Timestamp: 1744637457
----------------------------------------
Thread: nice_thread, Loop time exceeded: 552.10ms
Reason: consumer time, Value: 0.00, Counter: 79, Timestamp: 1744637457
Reason: transform time, Value: 0.00, Counter: 79, Timestamp: 1744637457
Reason: global search time, Value: 549.16, Counter: 79, Timestamp: 1744637458
Reason: process time, Value: 0.00, Counter: 79, Timestamp: 1744637458
Reason: loop time, Value: 552.10, Counter: 79, Timestamp: 1744637458
----------------------------------------
Thread: nice_thread, Loop time exceeded: 502.06ms
Reason: consumer time, Value: 0.00, Counter: 95, Timestamp: 1744637458
Reason: transform time, Value: 0.00, Counter: 95, Timestamp: 1744637458
Reason: global search time, Value: 498.00, Counter: 95, Timestamp: 1744637458
Reason: process time, Value: 0.00, Counter: 95, Timestamp: 1744637458
Reason: loop time, Value: 502.06, Counter: 95, Timestamp: 1744637458
----------------------------------------
Thread: nice_thread, Loop time exceeded: 550.54ms
Reason: consumer time, Value: 0.00, Counter: 111, Timestamp: 1744637458
Reason: transform time, Value: 0.00, Counter: 111, Timestamp: 1744637458
Reason: global search time, Value: 548.08, Counter: 111, Timestamp: 1744637459
Reason: process time, Value: 0.00, Counter: 111, Timestamp: 1744637459
Reason: loop time, Value: 550.54, Counter: 111, Timestamp: 1744637459
----------------------------------------
Thread: nice_thread, Loop time exceeded: 501.43ms
Reason: consumer time, Value: 0.00, Counter: 0, Timestamp: 1744637459
Reason: transform time, Value: 0.00, Counter: 0, Timestamp: 1744637459
Reason: global search time, Value: 496.66, Counter: 0, Timestamp: 1744637459
Reason: process time, Value: 0.00, Counter: 0, Timestamp: 1744637459
Reason: loop time, Value: 501.43, Counter: 0, Timestamp: 1744637459
----------------------------------------
Thread: nice_thread, Loop time exceeded: 551.77ms
Reason: consumer time, Value: 0.00, Counter: 17, Timestamp: 1744637459
Reason: transform time, Value: 0.01, Counter: 17, Timestamp: 1744637459
Reason: global search time, Value: 546.06, Counter: 17, Timestamp: 1744637460
Reason: process time, Value: 0.00, Counter: 17, Timestamp: 1744637460
Reason: loop time, Value: 551.77, Counter: 17, Timestamp: 1744637460
----------------------------------------
Thread: nice_thread, Loop time exceeded: 502.58ms
Reason: consumer time, Value: 0.00, Counter: 33, Timestamp: 1744637460
Reason: transform time, Value: 0.00, Counter: 33, Timestamp: 1744637460
Reason: global search time, Value: 500.81, Counter: 33, Timestamp: 1744637460
Reason: process time, Value: 0.00, Counter: 33, Timestamp: 1744637460
Reason: loop time, Value: 502.58, Counter: 33, Timestamp: 1744637460
----------------------------------------
Thread: nice_thread, Loop time exceeded: 554.35ms
Reason: consumer time, Value: 0.00, Counter: 49, Timestamp: 1744637460
Reason: transform time, Value: 0.00, Counter: 49, Timestamp: 1744637460
Reason: global search time, Value: 552.46, Counter: 49, Timestamp: 1744637461
Reason: process time, Value: 0.00, Counter: 49, Timestamp: 1744637461
Reason: loop time, Value: 554.35, Counter: 49, Timestamp: 1744637461
----------------------------------------
Thread: nice_thread, Loop time exceeded: 504.20ms
Reason: consumer time, Value: 0.00, Counter: 65, Timestamp: 1744637461
Reason: transform time, Value: 0.00, Counter: 65, Timestamp: 1744637461
Reason: global search time, Value: 502.64, Counter: 65, Timestamp: 1744637461
Reason: process time, Value: 0.00, Counter: 65, Timestamp: 1744637461
Reason: loop time, Value: 504.20, Counter: 65, Timestamp: 1744637461
----------------------------------------
Thread: nice_thread, Loop time exceeded: 554.21ms
Reason: consumer time, Value: 0.00, Counter: 82, Timestamp: 1744637461
Reason: transform time, Value: 0.00, Counter: 82, Timestamp: 1744637461
Reason: global search time, Value: 552.43, Counter: 82, Timestamp: 1744637462
Reason: process time, Value: 0.00, Counter: 82, Timestamp: 1744637462
Reason: loop time, Value: 554.21, Counter: 82, Timestamp: 1744637462
----------------------------------------
Thread: nice_thread, Loop time exceeded: 505.82ms
Reason: consumer time, Value: 0.00, Counter: 98, Timestamp: 1744637462
Reason: transform time, Value: 0.01, Counter: 98, Timestamp: 1744637462
Reason: global search time, Value: 500.62, Counter: 98, Timestamp: 1744637462
Reason: process time, Value: 0.00, Counter: 98, Timestamp: 1744637462
Reason: loop time, Value: 505.82, Counter: 98, Timestamp: 1744637462
----------------------------------------
Thread: nice_thread, Loop time exceeded: 554.20ms
Reason: consumer time, Value: 0.00, Counter: 115, Timestamp: 1744637462
Reason: transform time, Value: 0.00, Counter: 115, Timestamp: 1744637462
Reason: global search time, Value: 550.85, Counter: 115, Timestamp: 1744637463
Reason: process time, Value: 0.00, Counter: 115, Timestamp: 1744637463
Reason: loop time, Value: 554.20, Counter: 115, Timestamp: 1744637463
----------------------------------------
Thread: nice_thread, Loop time exceeded: 493.94ms
Reason: consumer time, Value: 0.00, Counter: 3, Timestamp: 1744637463
Reason: transform time, Value: 0.00, Counter: 3, Timestamp: 1744637463
Reason: global search time, Value: 490.64, Counter: 3, Timestamp: 1744637463
Reason: process time, Value: 0.00, Counter: 3, Timestamp: 1744637463
Reason: loop time, Value: 493.94, Counter: 3, Timestamp: 1744637463
----------------------------------------
Thread: nice_thread, Loop time exceeded: 541.20ms
Reason: consumer time, Value: 0.00, Counter: 19, Timestamp: 1744637463
Reason: transform time, Value: 0.00, Counter: 19, Timestamp: 1744637463
Reason: global search time, Value: 539.53, Counter: 19, Timestamp: 1744637464
Reason: process time, Value: 0.00, Counter: 19, Timestamp: 1744637464
Reason: loop time, Value: 541.20, Counter: 19, Timestamp: 1744637464
----------------------------------------
Thread: nice_thread, Loop time exceeded: 542.78ms
Reason: consumer time, Value: 0.00, Counter: 35, Timestamp: 1744637464
Reason: transform time, Value: 0.00, Counter: 35, Timestamp: 1744637464
Reason: global search time, Value: 540.48, Counter: 35, Timestamp: 1744637464
Reason: process time, Value: 0.00, Counter: 35, Timestamp: 1744637464
Reason: loop time, Value: 542.78, Counter: 35, Timestamp: 1744637464
----------------------------------------
Thread: nice_thread, Loop time exceeded: 507.73ms
Reason: consumer time, Value: 0.00, Counter: 51, Timestamp: 1744637464
Reason: transform time, Value: 0.00, Counter: 51, Timestamp: 1744637464
Reason: global search time, Value: 506.40, Counter: 51, Timestamp: 1744637465
Reason: process time, Value: 0.00, Counter: 51, Timestamp: 1744637465
Reason: loop time, Value: 507.73, Counter: 51, Timestamp: 1744637465
----------------------------------------
Thread: nice_thread, Loop time exceeded: 551.91ms
Reason: consumer time, Value: 0.00, Counter: 68, Timestamp: 1744637465
Reason: transform time, Value: 0.00, Counter: 68, Timestamp: 1744637465
Reason: global search time, Value: 550.47, Counter: 68, Timestamp: 1744637466
Reason: process time, Value: 0.00, Counter: 68, Timestamp: 1744637466
Reason: loop time, Value: 551.91, Counter: 68, Timestamp: 1744637466
----------------------------------------
Thread: nice_thread, Loop time exceeded: 504.73ms
Reason: consumer time, Value: 0.00, Counter: 84, Timestamp: 1744637466
Reason: transform time, Value: 0.00, Counter: 84, Timestamp: 1744637466
Reason: global search time, Value: 502.38, Counter: 84, Timestamp: 1744637466
Reason: process time, Value: 0.00, Counter: 84, Timestamp: 1744637466
Reason: loop time, Value: 504.73, Counter: 84, Timestamp: 1744637466
----------------------------------------
Thread: nice_thread, Loop time exceeded: 555.62ms
Reason: consumer time, Value: 0.00, Counter: 100, Timestamp: 1744637466
Reason: transform time, Value: 0.00, Counter: 100, Timestamp: 1744637466
Reason: global search time, Value: 553.64, Counter: 100, Timestamp: 1744637467
Reason: process time, Value: 0.00, Counter: 100, Timestamp: 1744637467
Reason: loop time, Value: 555.62, Counter: 100, Timestamp: 1744637467
----------------------------------------
Thread: nice_thread, Loop time exceeded: 498.95ms
Reason: consumer time, Value: 0.00, Counter: 117, Timestamp: 1744637467
Reason: transform time, Value: 0.00, Counter: 117, Timestamp: 1744637467
Reason: global search time, Value: 496.56, Counter: 117, Timestamp: 1744637467
Reason: process time, Value: 0.00, Counter: 117, Timestamp: 1744637467
Reason: loop time, Value: 498.95, Counter: 117, Timestamp: 1744637467
----------------------------------------
Thread: nice_thread, Loop time exceeded: 558.26ms
Reason: consumer time, Value: 0.00, Counter: 5, Timestamp: 1744637467
Reason: transform time, Value: 0.01, Counter: 5, Timestamp: 1744637467
Reason: global search time, Value: 551.13, Counter: 5, Timestamp: 1744637468
Reason: process time, Value: 0.00, Counter: 5, Timestamp: 1744637468
Reason: loop time, Value: 558.26, Counter: 5, Timestamp: 1744637468
----------------------------------------
Thread: nice_thread, Loop time exceeded: 495.62ms
Reason: consumer time, Value: 0.00, Counter: 21, Timestamp: 1744637468
Reason: transform time, Value: 0.00, Counter: 21, Timestamp: 1744637468
Reason: global search time, Value: 491.87, Counter: 21, Timestamp: 1744637468
Reason: process time, Value: 0.00, Counter: 21, Timestamp: 1744637468
Reason: loop time, Value: 495.62, Counter: 21, Timestamp: 1744637468
----------------------------------------
Thread: nice_thread, Loop time exceeded: 552.86ms
Reason: consumer time, Value: 0.00, Counter: 38, Timestamp: 1744637468
Reason: transform time, Value: 0.00, Counter: 38, Timestamp: 1744637468
Reason: global search time, Value: 548.46, Counter: 38, Timestamp: 1744637469
Reason: process time, Value: 0.00, Counter: 38, Timestamp: 1744637469
Reason: loop time, Value: 552.86, Counter: 38, Timestamp: 1744637469
----------------------------------------
Thread: nice_thread, Loop time exceeded: 501.57ms
Reason: consumer time, Value: 0.00, Counter: 54, Timestamp: 1744637469
Reason: transform time, Value: 0.00, Counter: 54, Timestamp: 1744637469
Reason: global search time, Value: 499.37, Counter: 54, Timestamp: 1744637469
Reason: process time, Value: 0.00, Counter: 54, Timestamp: 1744637469
Reason: loop time, Value: 501.57, Counter: 54, Timestamp: 1744637469
----------------------------------------
Thread: nice_thread, Loop time exceeded: 572.57ms
Reason: consumer time, Value: 0.00, Counter: 70, Timestamp: 1744637469
Reason: transform time, Value: 0.00, Counter: 70, Timestamp: 1744637469
Reason: global search time, Value: 570.62, Counter: 70, Timestamp: 1744637470
Reason: process time, Value: 0.00, Counter: 70, Timestamp: 1744637470
Reason: loop time, Value: 572.57, Counter: 70, Timestamp: 1744637470
----------------------------------------
Thread: nice_thread, Loop time exceeded: 524.37ms
Reason: consumer time, Value: 0.00, Counter: 87, Timestamp: 1744637470
Reason: transform time, Value: 0.00, Counter: 87, Timestamp: 1744637470
Reason: global search time, Value: 522.97, Counter: 87, Timestamp: 1744637470
Reason: process time, Value: 0.00, Counter: 87, Timestamp: 1744637470
Reason: loop time, Value: 524.37, Counter: 87, Timestamp: 1744637470
----------------------------------------
Thread: nice_thread, Loop time exceeded: 590.55ms
Reason: consumer time, Value: 0.00, Counter: 104, Timestamp: 1744637470
Reason: transform time, Value: 0.00, Counter: 104, Timestamp: 1744637470
Reason: global search time, Value: 589.20, Counter: 104, Timestamp: 1744637471
Reason: process time, Value: 0.00, Counter: 104, Timestamp: 1744637471
Reason: loop time, Value: 590.55, Counter: 104, Timestamp: 1744637471
----------------------------------------
Thread: nice_thread, Loop time exceeded: 515.62ms
Reason: consumer time, Value: 0.00, Counter: 121, Timestamp: 1744637471
Reason: transform time, Value: 0.00, Counter: 121, Timestamp: 1744637471
Reason: global search time, Value: 513.54, Counter: 121, Timestamp: 1744637471
Reason: process time, Value: 0.00, Counter: 121, Timestamp: 1744637471
Reason: loop time, Value: 515.62, Counter: 121, Timestamp: 1744637471
----------------------------------------
Thread: nice_thread, Loop time exceeded: 562.89ms
Reason: consumer time, Value: 0.00, Counter: 9, Timestamp: 1744637471
Reason: transform time, Value: 0.05, Counter: 9, Timestamp: 1744637471
Reason: global search time, Value: 509.66, Counter: 9, Timestamp: 1744637472
Reason: process time, Value: 0.00, Counter: 9, Timestamp: 1744637472
Reason: loop time, Value: 562.89, Counter: 9, Timestamp: 1744637472
----------------------------------------
Thread: nice_thread, Loop time exceeded: 555.09ms
Reason: consumer time, Value: 0.00, Counter: 25, Timestamp: 1744637472
Reason: transform time, Value: 0.00, Counter: 25, Timestamp: 1744637472
Reason: global search time, Value: 553.50, Counter: 25, Timestamp: 1744637473
Reason: process time, Value: 0.00, Counter: 25, Timestamp: 1744637473
Reason: loop time, Value: 555.09, Counter: 25, Timestamp: 1744637473
----------------------------------------
Thread: nice_thread, Loop time exceeded: 503.25ms
Reason: consumer time, Value: 0.00, Counter: 42, Timestamp: 1744637473
Reason: transform time, Value: 0.00, Counter: 42, Timestamp: 1744637473
Reason: global search time, Value: 501.80, Counter: 42, Timestamp: 1744637473
Reason: process time, Value: 0.00, Counter: 42, Timestamp: 1744637473
Reason: loop time, Value: 503.25, Counter: 42, Timestamp: 1744637473
----------------------------------------
Thread: nice_thread, Loop time exceeded: 558.59ms
Reason: consumer time, Value: 0.00, Counter: 58, Timestamp: 1744637473
Reason: transform time, Value: 0.00, Counter: 58, Timestamp: 1744637473
Reason: global search time, Value: 556.11, Counter: 58, Timestamp: 1744637474
Reason: process time, Value: 0.00, Counter: 58, Timestamp: 1744637474
Reason: loop time, Value: 558.59, Counter: 58, Timestamp: 1744637474
----------------------------------------
Thread: nice_thread, Loop time exceeded: 505.12ms
Reason: consumer time, Value: 0.00, Counter: 74, Timestamp: 1744637474
Reason: transform time, Value: 0.00, Counter: 74, Timestamp: 1744637474
Reason: global search time, Value: 502.35, Counter: 74, Timestamp: 1744637474
Reason: process time, Value: 0.00, Counter: 74, Timestamp: 1744637474
Reason: loop time, Value: 505.12, Counter: 74, Timestamp: 1744637474
----------------------------------------
Thread: nice_thread, Loop time exceeded: 555.97ms
Reason: consumer time, Value: 0.00, Counter: 90, Timestamp: 1744637474
Reason: transform time, Value: 0.00, Counter: 90, Timestamp: 1744637474
Reason: global search time, Value: 553.86, Counter: 90, Timestamp: 1744637475
Reason: process time, Value: 0.00, Counter: 90, Timestamp: 1744637475
Reason: loop time, Value: 555.97, Counter: 90, Timestamp: 1744637475
----------------------------------------
Thread: nice_thread, Loop time exceeded: 511.33ms
Reason: consumer time, Value: 0.00, Counter: 106, Timestamp: 1744637475
Reason: transform time, Value: 0.00, Counter: 106, Timestamp: 1744637475
Reason: global search time, Value: 508.89, Counter: 106, Timestamp: 1744637475
Reason: process time, Value: 0.00, Counter: 106, Timestamp: 1744637475
Reason: loop time, Value: 511.33, Counter: 106, Timestamp: 1744637475
----------------------------------------
Thread: nice_thread, Loop time exceeded: 566.60ms
Reason: consumer time, Value: 0.00, Counter: 122, Timestamp: 1744637475
Reason: transform time, Value: 0.00, Counter: 122, Timestamp: 1744637475
Reason: global search time, Value: 565.25, Counter: 122, Timestamp: 1744637476
Reason: process time, Value: 0.00, Counter: 122, Timestamp: 1744637476
Reason: loop time, Value: 566.60, Counter: 122, Timestamp: 1744637476
----------------------------------------
Thread: nice_thread, Loop time exceeded: 503.76ms
Reason: consumer time, Value: 0.00, Counter: 10, Timestamp: 1744637476
Reason: transform time, Value: 0.00, Counter: 10, Timestamp: 1744637476
Reason: global search time, Value: 501.59, Counter: 10, Timestamp: 1744637476
Reason: process time, Value: 0.00, Counter: 10, Timestamp: 1744637476
Reason: loop time, Value: 503.76, Counter: 10, Timestamp: 1744637476
----------------------------------------
Thread: nice_thread, Loop time exceeded: 566.20ms
Reason: consumer time, Value: 0.00, Counter: 26, Timestamp: 1744637476
Reason: transform time, Value: 0.00, Counter: 26, Timestamp: 1744637476
Reason: global search time, Value: 564.45, Counter: 26, Timestamp: 1744637477
Reason: process time, Value: 0.00, Counter: 26, Timestamp: 1744637477
Reason: loop time, Value: 566.20, Counter: 26, Timestamp: 1744637477
----------------------------------------
Thread: nice_thread, Loop time exceeded: 510.55ms
Reason: consumer time, Value: 0.00, Counter: 42, Timestamp: 1744637477
Reason: transform time, Value: 0.00, Counter: 42, Timestamp: 1744637477
Reason: global search time, Value: 507.13, Counter: 42, Timestamp: 1744637477
Reason: process time, Value: 0.00, Counter: 42, Timestamp: 1744637477
Reason: loop time, Value: 510.55, Counter: 42, Timestamp: 1744637477
----------------------------------------
Thread: nice_thread, Loop time exceeded: 559.57ms
Reason: consumer time, Value: 0.00, Counter: 58, Timestamp: 1744637477
Reason: transform time, Value: 0.01, Counter: 58, Timestamp: 1744637477
Reason: global search time, Value: 553.43, Counter: 58, Timestamp: 1744637478
Reason: process time, Value: 0.00, Counter: 58, Timestamp: 1744637478
Reason: loop time, Value: 559.57, Counter: 58, Timestamp: 1744637478
----------------------------------------
Thread: nice_thread, Loop time exceeded: 510.96ms
Reason: consumer time, Value: 0.00, Counter: 75, Timestamp: 1744637478
Reason: transform time, Value: 0.00, Counter: 75, Timestamp: 1744637478
Reason: global search time, Value: 508.81, Counter: 75, Timestamp: 1744637478
Reason: process time, Value: 0.00, Counter: 75, Timestamp: 1744637478
Reason: loop time, Value: 510.96, Counter: 75, Timestamp: 1744637478
----------------------------------------
Thread: nice_thread, Loop time exceeded: 562.00ms
Reason: consumer time, Value: 0.00, Counter: 91, Timestamp: 1744637478
Reason: transform time, Value: 0.00, Counter: 91, Timestamp: 1744637478
Reason: global search time, Value: 560.25, Counter: 91, Timestamp: 1744637479
Reason: process time, Value: 0.00, Counter: 91, Timestamp: 1744637479
Reason: loop time, Value: 562.00, Counter: 91, Timestamp: 1744637479
----------------------------------------
Thread: nice_thread, Loop time exceeded: 564.69ms
Reason: consumer time, Value: 0.00, Counter: 107, Timestamp: 1744637479
Reason: transform time, Value: 0.01, Counter: 107, Timestamp: 1744637479
Reason: global search time, Value: 558.74, Counter: 107, Timestamp: 1744637479
Reason: process time, Value: 0.00, Counter: 107, Timestamp: 1744637479
Reason: loop time, Value: 564.69, Counter: 107, Timestamp: 1744637479
----------------------------------------
Thread: nice_thread, Loop time exceeded: 506.46ms
Reason: consumer time, Value: 0.00, Counter: 124, Timestamp: 1744637479
Reason: transform time, Value: 0.00, Counter: 124, Timestamp: 1744637479
Reason: global search time, Value: 504.69, Counter: 124, Timestamp: 1744637480
Reason: process time, Value: 0.00, Counter: 124, Timestamp: 1744637480
Reason: loop time, Value: 506.46, Counter: 124, Timestamp: 1744637480
----------------------------------------
Thread: nice_thread, Loop time exceeded: 568.97ms
Reason: consumer time, Value: 0.00, Counter: 12, Timestamp: 1744637480
Reason: transform time, Value: 0.00, Counter: 12, Timestamp: 1744637480
Reason: global search time, Value: 567.30, Counter: 12, Timestamp: 1744637481
Reason: process time, Value: 0.00, Counter: 12, Timestamp: 1744637481
Reason: loop time, Value: 568.97, Counter: 12, Timestamp: 1744637481
----------------------------------------
Thread: nice_thread, Loop time exceeded: 505.12ms
Reason: consumer time, Value: 0.00, Counter: 27, Timestamp: 1744637481
Reason: transform time, Value: 0.00, Counter: 27, Timestamp: 1744637481
Reason: global search time, Value: 502.60, Counter: 27, Timestamp: 1744637481
Reason: process time, Value: 0.00, Counter: 27, Timestamp: 1744637481
Reason: loop time, Value: 505.12, Counter: 27, Timestamp: 1744637481
----------------------------------------
Thread: nice_thread, Loop time exceeded: 557.32ms
Reason: consumer time, Value: 0.00, Counter: 43, Timestamp: 1744637481
Reason: transform time, Value: 0.01, Counter: 43, Timestamp: 1744637481
Reason: global search time, Value: 550.59, Counter: 43, Timestamp: 1744637482
Reason: process time, Value: 0.00, Counter: 43, Timestamp: 1744637482
Reason: loop time, Value: 557.32, Counter: 43, Timestamp: 1744637482
----------------------------------------
Thread: nice_thread, Loop time exceeded: 500.30ms
Reason: consumer time, Value: 0.00, Counter: 59, Timestamp: 1744637482
Reason: transform time, Value: 0.00, Counter: 59, Timestamp: 1744637482
Reason: global search time, Value: 498.30, Counter: 59, Timestamp: 1744637482
Reason: process time, Value: 0.00, Counter: 59, Timestamp: 1744637482
Reason: loop time, Value: 500.30, Counter: 59, Timestamp: 1744637482
----------------------------------------
Thread: nice_thread, Loop time exceeded: 552.44ms
Reason: consumer time, Value: 0.00, Counter: 75, Timestamp: 1744637482
Reason: transform time, Value: 0.00, Counter: 75, Timestamp: 1744637482
Reason: global search time, Value: 550.69, Counter: 75, Timestamp: 1744637483
Reason: process time, Value: 0.00, Counter: 75, Timestamp: 1744637483
Reason: loop time, Value: 552.44, Counter: 75, Timestamp: 1744637483
----------------------------------------
Thread: nice_thread, Loop time exceeded: 498.50ms
Reason: consumer time, Value: 0.00, Counter: 91, Timestamp: 1744637483
Reason: transform time, Value: 0.00, Counter: 91, Timestamp: 1744637483
Reason: global search time, Value: 496.45, Counter: 91, Timestamp: 1744637483
Reason: process time, Value: 0.00, Counter: 91, Timestamp: 1744637483
Reason: loop time, Value: 498.50, Counter: 91, Timestamp: 1744637483
----------------------------------------
Thread: nice_thread, Loop time exceeded: 565.12ms
Reason: consumer time, Value: 0.00, Counter: 107, Timestamp: 1744637483
Reason: transform time, Value: 0.01, Counter: 107, Timestamp: 1744637483
Reason: global search time, Value: 558.94, Counter: 107, Timestamp: 1744637484
Reason: process time, Value: 0.00, Counter: 107, Timestamp: 1744637484
Reason: loop time, Value: 565.12, Counter: 107, Timestamp: 1744637484
----------------------------------------
Thread: nice_thread, Loop time exceeded: 469.97ms
Reason: consumer time, Value: 0.00, Counter: 123, Timestamp: 1744637484
Reason: transform time, Value: 0.00, Counter: 123, Timestamp: 1744637484
Reason: global search time, Value: 468.05, Counter: 123, Timestamp: 1744637484
Reason: process time, Value: 0.00, Counter: 123, Timestamp: 1744637484
Reason: loop time, Value: 469.97, Counter: 123, Timestamp: 1744637484
----------------------------------------
