Core number: 1
Remap: 0.005 ms
Transform color: 6.686 ms
Core number: 1
Remap: 0 ms
Transform color: 2.841 ms
Core number: 1
Remap: 0.001 ms
Transform color: 3.41 ms
Core number: 1
Remap: 0 ms
Transform color: 5.193 ms
Core number: 1
Remap: 0.001 ms
Transform color: 5.649 ms
Core number: 1
Remap: 0.001 ms
Transform color: 1.378 ms
Core number: 1
Remap: 0.001 ms
Transform color: 1.599 ms
Core number: 1
Remap: 0 ms
Transform color: 1.597 ms
Core number: 1
Remap: 0.001 ms
Transform color: 1.658 ms
Core number: 1
Remap: 0 ms
Transform color: 4.023 ms
Core number: 1
Remap: 0.001 ms
Transform color: 1.895 ms
Core number: 1
Remap: 0.001 ms
Transform color: 1.42 ms
Core number: 1
Remap: 0.001 ms
Transform color: 1.591 ms
Core number: 1
Remap: 0.001 ms
Transform color: 2.051 ms
Core number: 1
Remap: 0 ms
Transform color: 5.567 ms
Core number: 1
Remap: 0.001 ms
Transform color: 5.676 ms
Core number: 1
Remap: 0.001 ms
Transform color: 1.259 ms
Core number: 1
Remap: 0.001 ms
Transform color: 1.86 ms
Core number: 1
Remap: 0.001 ms
Transform color: 1.858 ms
Core number: 1
Remap: 0.001 ms
Transform color: 1.887 ms
Core number: 1
Remap: 0 ms
Transform color: 1.845 ms
Core number: 1
Remap: 0.001 ms
Transform color: 1.991 ms
Core number: 1
Remap: 0.001 ms
Transform color: 2.162 ms
Core number: 1
Remap: 0 ms
Transform color: 1.979 ms
Core number: 1
Remap: 0.001 ms
Transform color: 2.165 ms
Core number: 1
Remap: 0 ms
Transform color: 1.586 ms
Core number: 1
Remap: 0 ms
Transform color: 1.497 ms
Core number: 1
Remap: 0 ms
Transform color: 1.369 ms
Core number: 1
Remap: 0 ms
Transform color: 2.065 ms
Core number: 1
Remap: 0 ms
Transform color: 1.861 ms
Core number: 1
Remap: 0 ms
Transform color: 4.479 ms
Core number: 1
Remap: 0.001 ms
Transform color: 2.06 ms
Core number: 1
Remap: 0.001 ms
Transform color: 2.128 ms
Core number: 1
Remap: 0 ms
Transform color: 2.213 ms
Core number: 1
Remap: 0.001 ms
Transform color: 1.657 ms
Core number: 1
Remap: 0.001 ms
Transform color: 2.035 ms
Core number: 1
Remap: 0.001 ms
Transform color: 1.791 ms
Core number: 1
Remap: 0 ms
Transform color: 1.53 ms
Core number: 1
Remap: 0 ms
Transform color: 1.738 ms
Core number: 1
Remap: 0 ms
Transform color: 2.076 ms
Core number: 1
Remap: 0.001 ms
Transform color: 5.883 ms
Core number: 1
Remap: 0.001 ms
Transform color: 1.509 ms
Core number: 1
Remap: 0 ms
Transform color: 3.396 ms
Core number: 1
Remap: 0.001 ms
Transform color: 1.334 ms
Core number: 1
Remap: 0.001 ms
Transform color: 2.012 ms
Core number: 1
Remap: 0 ms
Transform color: 1.809 ms
Core number: 1
Remap: 0 ms
Transform color: 1.537 ms
Core number: 1
Remap: 0.001 ms
Transform color: 1.945 ms
Core number: 1
Remap: 0.001 ms
Transform color: 2.25 ms
Core number: 1
Remap: 0.001 ms
Transform color: 2.224 ms
Core number: 1
Remap: 0.001 ms
Transform color: 6.13 ms
Core number: 1
Remap: 0 ms
Transform color: 1.395 ms
Core number: 1
Remap: 0.001 ms
Transform color: 1.939 ms
Core number: 1
Remap: 0 ms
Transform color: 1.976 ms
Core number: 1
Remap: 0 ms
Transform color: 1.534 ms
Core number: 1
Remap: 0.001 ms
Transform color: 1.384 ms
Core number: 1
Remap: 0 ms
Transform color: 1.639 ms
Core number: 1
Remap: 0 ms
Transform color: 1.447 ms
Core number: 1
Remap: 0 ms
Transform color: 1.794 ms
Core number: 1
Remap: 0.001 ms
Transform color: 1.844 ms
Core number: 1
Remap: 0 ms
Transform color: 5.038 ms
Core number: 1
Remap: 0 ms
Transform color: 4.878 ms
Core number: 1
Remap: 0.001 ms
Transform color: 1.91 ms
Core number: 1
Remap: 0 ms
Transform color: 2.384 ms
Core number: 1
Remap: 0.001 ms
Transform color: 2.03 ms
Core number: 1
Remap: 0.001 ms
Transform color: 3.784 ms
Core number: 1
Remap: 0.001 ms
Transform color: 1.679 ms
Core number: 1
Remap: 0.001 ms
Transform color: 2.103 ms
Core number: 1
Remap: 0.001 ms
Transform color: 1.507 ms
Core number: 1
Remap: 0.001 ms
Transform color: 3.005 ms
Core number: 1
Remap: 0.001 ms
Transform color: 1.619 ms
Core number: 1
Remap: 0.001 ms
Transform color: 3.638 ms
Core number: 1
Remap: 0.001 ms
Transform color: 1.809 ms
Core number: 1
Remap: 0.001 ms
Transform color: 1.533 ms
Core number: 1
Remap: 0.001 ms
Transform color: 2.246 ms
Core number: 1
Remap: 0.001 ms
Transform color: 1.937 ms
Core number: 1
Remap: 0 ms
Transform color: 3.686 ms
Core number: 1
Remap: 0.001 ms
Transform color: 2.075 ms
Core number: 1
Remap: 0.001 ms
Transform color: 1.974 ms
Core number: 1
Remap: 0.001 ms
Transform color: 5.099 ms
Core number: 1
Remap: 0.001 ms
Transform color: 6.339 ms
Core number: 1
Remap: 0.001 ms
Transform color: 2.628 ms
Core number: 1
Remap: 0.001 ms
Transform color: 2.063 ms
Core number: 1
Remap: 0 ms
Transform color: 1.837 ms
Core number: 1
Remap: 0 ms
Transform color: 2.383 ms
Core number: 1
Remap: 0 ms
Transform color: 1.814 ms
Core number: 1
Remap: 0 ms
Transform color: 1.453 ms
Core number: 1
Remap: 0.001 ms
Transform color: 2.298 ms
Core number: 1
Remap: 0 ms
Transform color: 7.579 ms
Core number: 1
Remap: 0 ms
Transform color: 1.291 ms
Core number: 1
Remap: 0 ms
Transform color: 1.713 ms
Core number: 1
Remap: 0 ms
Transform color: 3.982 ms
Core number: 1
Remap: 0.001 ms
Transform color: 1.97 ms
Core number: 1
Remap: 0.001 ms
Transform color: 5.416 ms
Core number: 1
Remap: 0.001 ms
Transform color: 2.002 ms
Core number: 1
Remap: 0.001 ms
Transform color: 1.596 ms
Core number: 1
Remap: 0.001 ms
Transform color: 2.08 ms
Core number: 1
Remap: 0.001 ms
Transform color: 2.983 ms
Core number: 1
Remap: 0.001 ms
Transform color: 3.475 ms
Core number: 1
Remap: 0.001 ms
Transform color: 6.158 ms
Core number: 1
Remap: 0 ms
Transform color: 2.091 ms
Core number: 1
Remap: 0 ms
Transform color: 1.67 ms
Core number: 1
Remap: 0.001 ms
Transform color: 2.067 ms
Core number: 1
Remap: 0.001 ms
Transform color: 2.042 ms
Core number: 1
Remap: 0.001 ms
Transform color: 1.918 ms
Core number: 1
Remap: 0.001 ms
Transform color: 1.72 ms
Core number: 1
Remap: 0.001 ms
Transform color: 2.082 ms
Core number: 1
Remap: 0 ms
Transform color: 1.348 ms
Core number: 1
Remap: 0 ms
Transform color: 1.14 ms
Core number: 1
transform time, Value: 0.00, Counter: 126, Timestamp: 1744637430
Reason: global search time, Value: 545.64, Counter: 126, Timestamp: 1744637430
Reason: process time, Value: 0.00, Counter: 126, Timestamp: 1744637430
Reason: loop time, Value: 547.74, Counter: 126, Timestamp: 1744637430
----------------------------------------
Thread: nice_thread, Loop time exceeded: 601.25ms
Reason: consumer time, Value: 0.00, Counter: 15, Timestamp: 1744637430
Reason: transform time, Value: 0.01, Counter: 15, Timestamp: 1744637430
Reason: global search time, Value: 595.64, Counter: 15, Timestamp: 1744637431
Reason: process time, Value: 0.00, Counter: 15, Timestamp: 1744637431
Reason: loop time, Value: 601.25, Counter: 15, Timestamp: 1744637431
----------------------------------------
Thread: nice_thread, Loop time exceeded: 583.68ms
Reason: consumer time, Value: 0.00, Counter: 32, Timestamp: 1744637431
Reason: transform time, Value: 0.01, Counter: 32, Timestamp: 1744637431
Reason: global search time, Value: 577.96, Counter: 32, Timestamp: 1744637431
Reason: process time, Value: 0.00, Counter: 32, Timestamp: 1744637431
Reason: loop time, Value: 583.68, Counter: 32, Timestamp: 1744637431
----------------------------------------
Thread: nice_thread, Loop time exceeded: 566.20ms
Reason: consumer time, Value: 0.00, Counter: 51, Timestamp: 1744637431
Reason: transform time, Value: 0.00, Counter: 51, Timestamp: 1744637431
Reason: global search time, Value: 564.90, Counter: 51, Timestamp: 1744637432
Reason: process time, Value: 0.00, Counter: 51, Timestamp: 1744637432
Reason: loop time, Value: 566.20, Counter: 51, Timestamp: 1744637432
----------------------------------------
Thread: nice_thread, Loop time exceeded: 595.28ms
Reason: consumer time, Value: 0.00, Counter: 68, Timestamp: 1744637432
Reason: transform time, Value: 0.00, Counter: 68, Timestamp: 1744637432
Reason: global search time, Value: 593.38, Counter: 68, Timestamp: 1744637433
Reason: process time, Value: 0.00, Counter: 68, Timestamp: 1744637433
Reason: loop time, Value: 595.28, Counter: 68, Timestamp: 1744637433
----------------------------------------
Thread: nice_thread, Loop time exceeded: 545.71ms
Reason: consumer time, Value: 0.00, Counter: 86, Timestamp: 1744637433
Reason: transform time, Value: 0.00, Counter: 86, Timestamp: 1744637433
Reason: global search time, Value: 543.80, Counter: 86, Timestamp: 1744637433
Reason: process time, Value: 0.00, Counter: 86, Timestamp: 1744637433
Reason: loop time, Value: 545.71, Counter: 86, Timestamp: 1744637433
----------------------------------------
Thread: nice_thread, Loop time exceeded: 594.16ms
Reason: consumer time, Value: 0.00, Counter: 103, Timestamp: 1744637433
Reason: transform time, Value: 0.00, Counter: 103, Timestamp: 1744637433
Reason: global search time, Value: 592.22, Counter: 103, Timestamp: 1744637434
Reason: process time, Value: 0.00, Counter: 103, Timestamp: 1744637434
Reason: loop time, Value: 594.16, Counter: 103, Timestamp: 1744637434
----------------------------------------
Thread: nice_thread, Loop time exceeded: 553.58ms
Reason: consumer time, Value: 0.00, Counter: 121, Timestamp: 1744637434
Reason: transform time, Value: 0.00, Counter: 121, Timestamp: 1744637434
Reason: global search time, Value: 551.69, Counter: 121, Timestamp: 1744637434
Reason: process time, Value: 0.00, Counter: 121, Timestamp: 1744637434
Reason: loop time, Value: 553.58, Counter: 121, Timestamp: 1744637434
----------------------------------------
Thread: nice_thread, Loop time exceeded: 596.88ms
Reason: consumer time, Value: 0.00, Counter: 11, Timestamp: 1744637434
Reason: transform time, Value: 0.00, Counter: 11, Timestamp: 1744637434
Reason: global search time, Value: 594.84, Counter: 11, Timestamp: 1744637435
Reason: process time, Value: 0.00, Counter: 11, Timestamp: 1744637435
Reason: loop time, Value: 596.88, Counter: 11, Timestamp: 1744637435
----------------------------------------
Thread: nice_thread, Loop time exceeded: 605.81ms
Reason: consumer time, Value: 0.00, Counter: 28, Timestamp: 1744637435
Reason: transform time, Value: 0.00, Counter: 28, Timestamp: 1744637435
Reason: global search time, Value: 603.59, Counter: 28, Timestamp: 1744637435
Reason: process time, Value: 0.00, Counter: 28, Timestamp: 1744637435
Reason: loop time, Value: 605.81, Counter: 28, Timestamp: 1744637435
----------------------------------------
Thread: nice_thread, Loop time exceeded: 567.75ms
Reason: consumer time, Value: 0.00, Counter: 46, Timestamp: 1744637435
Reason: transform time, Value: 0.00, Counter: 46, Timestamp: 1744637435
Reason: global search time, Value: 565.72, Counter: 46, Timestamp: 1744637436
Reason: process time, Value: 0.00, Counter: 46, Timestamp: 1744637436
Reason: loop time, Value: 567.75, Counter: 46, Timestamp: 1744637436
----------------------------------------
Thread: nice_thread, Loop time exceeded: 590.63ms
Reason: consumer time, Value: 0.00, Counter: 65, Timestamp: 1744637436
Reason: transform time, Value: 0.00, Counter: 65, Timestamp: 1744637436
Reason: global search time, Value: 588.41, Counter: 65, Timestamp: 1744637437
Reason: process time, Value: 0.00, Counter: 65, Timestamp: 1744637437
Reason: loop time, Value: 590.63, Counter: 65, Timestamp: 1744637437
----------------------------------------
Thread: nice_thread, Loop time exceeded: 545.97ms
Reason: consumer time, Value: 0.00, Counter: 82, Timestamp: 1744637437
Reason: transform time, Value: 0.00, Counter: 82, Timestamp: 1744637437
Reason: global search time, Value: 544.36, Counter: 82, Timestamp: 1744637437
Reason: process time, Value: 0.00, Counter: 82, Timestamp: 1744637437
Reason: loop time, Value: 545.97, Counter: 82, Timestamp: 1744637437
----------------------------------------
Thread: nice_thread, Loop time exceeded: 594.94ms
Reason: consumer time, Value: 0.00, Counter: 100, Timestamp: 1744637437
Reason: transform time, Value: 0.00, Counter: 100, Timestamp: 1744637437
Reason: global search time, Value: 593.40, Counter: 100, Timestamp: 1744637438
Reason: process time, Value: 0.00, Counter: 100, Timestamp: 1744637438
Reason: loop time, Value: 594.94, Counter: 100, Timestamp: 1744637438
----------------------------------------
Thread: nice_thread, Loop time exceeded: 542.04ms
Reason: consumer time, Value: 0.00, Counter: 117, Timestamp: 1744637438
Reason: transform time, Value: 0.00, Counter: 117, Timestamp: 1744637438
Reason: global search time, Value: 540.64, Counter: 117, Timestamp: 1744637438
Reason: process time, Value: 0.00, Counter: 117, Timestamp: 1744637438
Reason: loop time, Value: 542.04, Counter: 117, Timestamp: 1744637438
----------------------------------------
Thread: nice_thread, Loop time exceeded: 602.22ms
Reason: consumer time, Value: 0.00, Counter: 7, Timestamp: 1744637438
Reason: transform time, Value: 0.00, Counter: 7, Timestamp: 1744637438
Reason: global search time, Value: 600.08, Counter: 7, Timestamp: 1744637439
Reason: process time, Value: 0.00, Counter: 7, Timestamp: 1744637439
Reason: loop time, Value: 602.22, Counter: 7, Timestamp: 1744637439
----------------------------------------
Thread: nice_thread, Loop time exceeded: 595.53ms
Reason: consumer time, Value: 0.00, Counter: 25, Timestamp: 1744637439
Reason: transform time, Value: 0.00, Counter: 25, Timestamp: 1744637439
Reason: global search time, Value: 593.60, Counter: 25, Timestamp: 1744637439
Reason: process time, Value: 0.00, Counter: 25, Timestamp: 1744637439
Reason: loop time, Value: 595.53, Counter: 25, Timestamp: 1744637439
----------------------------------------
Thread: nice_thread, Loop time exceeded: 576.09ms
Reason: consumer time, Value: 0.00, Counter: 43, Timestamp: 1744637439
Reason: transform time, Value: 0.00, Counter: 43, Timestamp: 1744637440
Reason: global search time, Value: 571.58, Counter: 43, Timestamp: 1744637440
Reason: process time, Value: 0.00, Counter: 43, Timestamp: 1744637440
Reason: loop time, Value: 576.09, Counter: 43, Timestamp: 1744637440
----------------------------------------
Thread: nice_thread, Loop time exceeded: 589.30ms
Reason: consumer time, Value: 0.00, Counter: 61, Timestamp: 1744637440
Reason: transform time, Value: 0.00, Counter: 61, Timestamp: 1744637440
Reason: global search time, Value: 587.20, Counter: 61, Timestamp: 1744637441
Reason: process time, Value: 0.00, Counter: 61, Timestamp: 1744637441
Reason: loop time, Value: 589.30, Counter: 61, Timestamp: 1744637441
----------------------------------------
Thread: nice_thread, Loop time exceeded: 545.57ms
Reason: consumer time, Value: 0.00, Counter: 79, Timestamp: 1744637441
Reason: transform time, Value: 0.00, Counter: 79, Timestamp: 1744637441
Reason: global search time, Value: 543.37, Counter: 79, Timestamp: 1744637441
Reason: process time, Value: 0.00, Counter: 79, Timestamp: 1744637441
Reason: loop time, Value: 545.57, Counter: 79, Timestamp: 1744637441
----------------------------------------
Thread: nice_thread, Loop time exceeded: 599.92ms
Reason: consumer time, Value: 0.00, Counter: 96, Timestamp: 1744637441
Reason: transform time, Value: 0.00, Counter: 96, Timestamp: 1744637441
Reason: global search time, Value: 597.66, Counter: 96, Timestamp: 1744637442
Reason: process time, Value: 0.00, Counter: 96, Timestamp: 1744637442
Reason: loop time, Value: 599.92, Counter: 96, Timestamp: 1744637442
----------------------------------------
Thread: nice_thread, Loop time exceeded: 537.46ms
Reason: consumer time, Value: 0.00, Counter: 114, Timestamp: 1744637442
Reason: transform time, Value: 0.00, Counter: 114, Timestamp: 1744637442
Reason: global search time, Value: 535.75, Counter: 114, Timestamp: 1744637442
Reason: process time, Value: 0.00, Counter: 114, Timestamp: 1744637442
Reason: loop time, Value: 537.46, Counter: 114, Timestamp: 1744637442
----------------------------------------
Thread: nice_thread, Loop time exceeded: 574.60ms
Reason: consumer time, Value: 0.00, Counter: 3, Timestamp: 1744637442
Reason: transform time, Value: 0.00, Counter: 3, Timestamp: 1744637442
Reason: global search time, Value: 572.49, Counter: 3, Timestamp: 1744637443
Reason: process time, Value: 0.00, Counter: 3, Timestamp: 1744637443
Reason: loop time, Value: 574.60, Counter: 3, Timestamp: 1744637443
----------------------------------------
Thread: nice_thread, Loop time exceeded: 595.37ms
Reason: consumer time, Value: 0.00, Counter: 20, Timestamp: 1744637443
Reason: transform time, Value: 0.00, Counter: 20, Timestamp: 1744637443
Reason: global search time, Value: 593.51, Counter: 20, Timestamp: 1744637444
Reason: process time, Value: 0.00, Counter: 20, Timestamp: 1744637444
Reason: loop time, Value: 595.37, Counter: 20, Timestamp: 1744637444
----------------------------------------
Thread: nice_thread, Loop time exceeded: 536.88ms
Reason: consumer time, Value: 0.00, Counter: 37, Timestamp: 1744637444
Reason: transform time, Value: 0.00, Counter: 37, Timestamp: 1744637444
Reason: global search time, Value: 535.30, Counter: 37, Timestamp: 1744637444
Reason: process time, Value: 0.00, Counter: 37, Timestamp: 1744637444
Reason: loop time, Value: 536.88, Counter: 37, Timestamp: 1744637444
----------------------------------------
Thread: nice_thread, Loop time exceeded: 599.46ms
Reason: consumer time, Value: 0.00, Counter: 54, Timestamp: 1744637444
Reason: transform time, Value: 0.00, Counter: 54, Timestamp: 1744637444
Reason: global search time, Value: 597.68, Counter: 54, Timestamp: 1744637445
Reason: process time, Value: 0.00, Counter: 54, Timestamp: 1744637445
Reason: loop time, Value: 599.46, Counter: 54, Timestamp: 1744637445
----------------------------------------
Thread: nice_thread, Loop time exceeded: 561.09ms
Reason: consumer time, Value: 0.00, Counter: 72, Timestamp: 1744637445
Reason: transform time, Value: 0.00, Counter: 72, Timestamp: 1744637445
Reason: global search time, Value: 558.97, Counter: 72, Timestamp: 1744637445
Reason: process time, Value: 0.00, Counter: 72, Timestamp: 1744637445
Reason: loop time, Value: 561.09, Counter: 72, Timestamp: 1744637445
----------------------------------------
Thread: nice_thread, Loop time exceeded: 598.98ms
Reason: consumer time, Value: 0.00, Counter: 90, Timestamp: 1744637445
Reason: transform time, Value: 0.01, Counter: 90, Timestamp: 1744637445
Reason: global search time, Value: 593.05, Counter: 90, Timestamp: 1744637446
Reason: process time, Value: 0.00, Counter: 90, Timestamp: 1744637446
Reason: loop time, Value: 598.98, Counter: 90, Timestamp: 1744637446
----------------------------------------
Thread: nice_thread, Loop time exceeded: 542.04ms
Reason: consumer time, Value: 0.00, Counter: 108, Timestamp: 1744637446
Reason: transform time, Value: 0.00, Counter: 108, Timestamp: 1744637446
Reason: global search time, Value: 540.49, Counter: 108, Timestamp: 1744637446
Reason: process time, Value: 0.00, Counter: 108, Timestamp: 1744637446
Reason: loop time, Value: 542.04, Counter: 108, Timestamp: 1744637446
----------------------------------------
Thread: nice_thread, Loop time exceeded: 585.80ms
Reason: consumer time, Value: 0.00, Counter: 125, Timestamp: 1744637446
Reason: transform time, Value: 0.00, Counter: 125, Timestamp: 1744637446
Reason: global search time, Value: 582.37, Counter: 125, Timestamp: 1744637447
Reason: process time, Value: 0.00, Counter: 125, Timestamp: 1744637447
Reason: loop time, Value: 585.80, Counter: 125, Timestamp: 1744637447
----------------------------------------
Thread: nice_thread, Loop time exceeded: 597.57ms
Reason: consumer time, Value: 0.00, Counter: 14, Timestamp: 1744637447
Reason: transform time, Value: 0.00, Counter: 14, Timestamp: 1744637447
Reason: global search time, Value: 596.19, Counter: 14, Timestamp: 1744637448
Reason: process time, Value: 0.00, Counter: 14, Timestamp: 1744637448
Reason: loop time, Value: 597.57, Counter: 14, Timestamp: 1744637448
----------------------------------------
Thread: nice_thread, Loop time exceeded: 548.51ms
Reason: consumer time, Value: 0.00, Counter: 32, Timestamp: 1744637448
Reason: transform time, Value: 0.00, Counter: 32, Timestamp: 1744637448
Reason: global search time, Value: 546.42, Counter: 32, Timestamp: 1744637448
Reason: process time, Value: 0.00, Counter: 32, Timestamp: 1744637448
Reason: loop time, Value: 548.51, Counter: 32, Timestamp: 1744637448
----------------------------------------
Thread: nice_thread, Loop time exceeded: 603.83ms
Reason: consumer time, Value: 0.00, Counter: 49, Timestamp: 1744637448
Reason: transform time, Value: 0.00, Counter: 49, Timestamp: 1744637448
Reason: global search time, Value: 601.97, Counter: 49, Timestamp: 1744637449
Reason: process time, Value: 0.00, Counter: 49, Timestamp: 1744637449
Reason: loop time, Value: 603.83, Counter: 49, Timestamp: 1744637449
----------------------------------------
Thread: nice_thread, Loop time exceeded: 571.30ms
Reason: consumer time, Value: 0.00, Counter: 67, Timestamp: 1744637449
Reason: transform time, Value: 0.00, Counter: 67, Timestamp: 1744637449
Reason: global search time, Value: 569.72, Counter: 67, Timestamp: 1744637449
Reason: process time, Value: 0.00, Counter: 67, Timestamp: 1744637449
Reason: loop time, Value: 571.30, Counter: 67, Timestamp: 1744637449
----------------------------------------
Thread: nice_thread, Loop time exceeded: 605.11ms
Reason: consumer time, Value: 0.00, Counter: 85, Timestamp: 1744637449
Reason: transform time, Value: 0.00, Counter: 85, Timestamp: 1744637449
Reason: global search time, Value: 603.09, Counter: 85, Timestamp: 1744637450
Reason: process time, Value: 0.00, Counter: 85, Timestamp: 1744637450
Reason: loop time, Value: 605.11, Counter: 85, Timestamp: 1744637450
----------------------------------------
Thread: nice_thread, Loop time exceeded: 591.18ms
Reason: consumer time, Value: 0.00, Counter: 102, Timestamp: 1744637450
Reason: transform time, Value: 0.00, Counter: 102, Timestamp: 1744637450
Reason: global search time, Value: 588.84, Counter: 102, Timestamp: 1744637450
Reason: process time, Value: 0.00, Counter: 102, Timestamp: 1744637450
Reason: loop time, Value: 591.18, Counter: 102, Timestamp: 1744637450
----------------------------------------
Thread: nice_thread, Loop time exceeded: 545.88ms
Reason: consumer time, Value: 0.00, Counter: 119, Timestamp: 1744637450
Reason: transform time, Value: 0.00, Counter: 119, Timestamp: 1744637450
Reason: global search time, Value: 543.58, Counter: 119, Timestamp: 1744637451
Reason: process time, Value: 0.00, Counter: 119, Timestamp: 1744637451
Reason: loop time, Value: 545.88, Counter: 119, Timestamp: 1744637451
----------------------------------------
Thread: nice_thread, Loop time exceeded: 601.10ms
Reason: consumer time, Value: 0.00, Counter: 8, Timestamp: 1744637451
Reason: transform time, Value: 0.01, Counter: 8, Timestamp: 1744637451
Reason: global search time, Value: 594.93, Counter: 8, Timestamp: 1744637452
Reason: process time, Value: 0.00, Counter: 8, Timestamp: 1744637452
Reason: loop time, Value: 601.10, Counter: 8, Timestamp: 1744637452
----------------------------------------
Thread: nice_thread, Loop time exceeded: 567.68ms
Reason: consumer time, Value: 0.00, Counter: 26, Timestamp: 1744637452
Reason: transform time, Value: 0.00, Counter: 26, Timestamp: 1744637452
Reason: global search time, Value: 566.23, Counter: 26, Timestamp: 1744637452
Reason: process time, Value: 0.00, Counter: 26, Timestamp: 1744637452
Reason: loop time, Value: 567.68, Counter: 26, Timestamp: 1744637452
----------------------------------------
Thread: nice_thread, Loop time exceeded: 572.38ms
Reason: consumer time, Value: 0.00, Counter: 44, Timestamp: 1744637452
Reason: transform time, Value: 0.00, Counter: 44, Timestamp: 1744637452
Reason: global search time, Value: 570.37, Counter: 44, Timestamp: 1744637453
Reason: process time, Value: 0.00, Counter: 44, Timestamp: 1744637453
Reason: loop time, Value: 572.38, Counter: 44, Timestamp: 1744637453
----------------------------------------
Thread: nice_thread, Loop time exceeded: 570.02ms
Reason: consumer time, Value: 0.00, Counter: 60, Timestamp: 1744637453
Reason: transform time, Value: 0.00, Counter: 60, Timestamp: 1744637453
Reason: global search time, Value: 567.99, Counter: 60, Timestamp: 1744637453
Reason: process time, Value: 0.00, Counter: 60, Timestamp: 1744637453
Reason: loop time, Value: 570.02, Counter: 60, Timestamp: 1744637453
----------------------------------------
Thread: nice_thread, Loop time exceeded: 589.75ms
Reason: consumer time, Value: 0.00, Counter: 77, Timestamp: 1744637453
Reason: transform time, Value: 0.00, Counter: 77, Timestamp: 1744637453
Reason: global search time, Value: 588.19, Counter: 77, Timestamp: 1744637454
Reason: process time, Value: 0.00, Counter: 77, Timestamp: 1744637454
Reason: loop time, Value: 589.75, Counter: 77, Timestamp: 1744637454
----------------------------------------
Thread: nice_thread, Loop time exceeded: 579.06ms
Reason: consumer time, Value: 0.00, Counter: 94, Timestamp: 1744637454
Reason: transform time, Value: 0.00, Counter: 94, Timestamp: 1744637454
Reason: global search time, Value: 577.64, Counter: 94, Timestamp: 1744637454
Reason: process time, Value: 0.00, Counter: 94, Timestamp: 1744637454
Reason: loop time, Value: 579.06, Counter: 94, Timestamp: 1744637454
----------------------------------------
Thread: nice_thread, Loop time exceeded: 548.43ms
Reason: consumer time, Value: 0.00, Counter: 111, Timestamp: 1744637454
Reason: transform time, Value: 0.00, Counter: 111, Timestamp: 1744637454
Reason: global search time, Value: 546.76, Counter: 111, Timestamp: 1744637455
Reason: process time, Value: 0.00, Counter: 111, Timestamp: 1744637455
Reason: loop time, Value: 548.43, Counter: 111, Timestamp: 1744637455
----------------------------------------
Thread: nice_thread, Loop time exceeded: 601.14ms
Reason: consumer time, Value: 0.00, Counter: 1, Timestamp: 1744637455
Reason: transform time, Value: 0.00, Counter: 1, Timestamp: 1744637455
Reason: global search time, Value: 599.66, Counter: 1, Timestamp: 1744637456
Reason: process time, Value: 0.00, Counter: 1, Timestamp: 1744637456
Reason: loop time, Value: 601.14, Counter: 1, Timestamp: 1744637456
----------------------------------------
Thread: nice_thread, Loop time exceeded: 545.55ms
Reason: consumer time, Value: 0.00, Counter: 18, Timestamp: 1744637456
Reason: transform time, Value: 0.00, Counter: 18, Timestamp: 1744637456
Reason: global search time, Value: 543.73, Counter: 18, Timestamp: 1744637456
Reason: process time, Value: 0.00, Counter: 18, Timestamp: 1744637456
Reason: loop time, Value: 545.55, Counter: 18, Timestamp: 1744637456
----------------------------------------
Thread: nice_thread, Loop time exceeded: 596.29ms
Reason: consumer time, Value: 0.00, Counter: 36, Timestamp: 1744637456
Reason: transform time, Value: 0.00, Counter: 36, Timestamp: 1744637456
Reason: global search time, Value: 594.38, Counter: 36, Timestamp: 1744637457
Reason: process time, Value: 0.00, Counter: 36, Timestamp: 1744637457
Reason: loop time, Value: 596.29, Counter: 36, Timestamp: 1744637457
----------------------------------------
Thread: nice_thread, Loop time exceeded: 550.38ms
Reason: consumer time, Value: 0.00, Counter: 53, Timestamp: 1744637457
Reason: transform time, Value: 0.01, Counter: 53, Timestamp: 1744637457
Reason: global search time, Value: 545.30, Counter: 53, Timestamp: 1744637457
Reason: process time, Value: 0.00, Counter: 53, Timestamp: 1744637457
Reason: loop time, Value: 550.38, Counter: 53, Timestamp: 1744637457
----------------------------------------
Thread: nice_thread, Loop time exceeded: 635.24ms
Reason: consumer time, Value: 0.00, Counter: 71, Timestamp: 1744637457
Reason: transform time, Value: 0.00, Counter: 71, Timestamp: 1744637457
Reason: global search time, Value: 630.33, Counter: 71, Timestamp: 1744637458
Reason: process time, Value: 0.00, Counter: 71, Timestamp: 1744637458
Reason: loop time, Value: 635.24, Counter: 71, Timestamp: 1744637458
----------------------------------------
Thread: nice_thread, Loop time exceeded: 598.87ms
Reason: consumer time, Value: 0.00, Counter: 89, Timestamp: 1744637458
Reason: transform time, Value: 0.00, Counter: 89, Timestamp: 1744637458
Reason: global search time, Value: 596.90, Counter: 89, Timestamp: 1744637459
Reason: process time, Value: 0.00, Counter: 89, Timestamp: 1744637459
Reason: loop time, Value: 598.87, Counter: 89, Timestamp: 1744637459
----------------------------------------
Thread: nice_thread, Loop time exceeded: 542.09ms
Reason: consumer time, Value: 0.00, Counter: 107, Timestamp: 1744637459
Reason: transform time, Value: 0.00, Counter: 107, Timestamp: 1744637459
Reason: global search time, Value: 539.66, Counter: 107, Timestamp: 1744637459
Reason: process time, Value: 0.00, Counter: 107, Timestamp: 1744637459
Reason: loop time, Value: 542.09, Counter: 107, Timestamp: 1744637459
----------------------------------------
Thread: nice_thread, Loop time exceeded: 600.65ms
Reason: consumer time, Value: 0.00, Counter: 124, Timestamp: 1744637459
Reason: transform time, Value: 0.00, Counter: 124, Timestamp: 1744637459
Reason: global search time, Value: 598.57, Counter: 124, Timestamp: 1744637460
Reason: process time, Value: 0.00, Counter: 124, Timestamp: 1744637460
Reason: loop time, Value: 600.65, Counter: 124, Timestamp: 1744637460
----------------------------------------
Thread: nice_thread, Loop time exceeded: 542.05ms
Reason: consumer time, Value: 0.00, Counter: 14, Timestamp: 1744637460
Reason: transform time, Value: 0.00, Counter: 14, Timestamp: 1744637460
Reason: global search time, Value: 538.22, Counter: 14, Timestamp: 1744637460
Reason: process time, Value: 0.00, Counter: 14, Timestamp: 1744637460
Reason: loop time, Value: 542.05, Counter: 14, Timestamp: 1744637460
----------------------------------------
Thread: nice_thread, Loop time exceeded: 588.30ms
Reason: consumer time, Value: 0.00, Counter: 31, Timestamp: 1744637460
Reason: transform time, Value: 0.00, Counter: 31, Timestamp: 1744637460
Reason: global search time, Value: 586.58, Counter: 31, Timestamp: 1744637461
Reason: process time, Value: 0.00, Counter: 31, Timestamp: 1744637461
Reason: loop time, Value: 588.30, Counter: 31, Timestamp: 1744637461
----------------------------------------
Thread: nice_thread, Loop time exceeded: 550.54ms
Reason: consumer time, Value: 0.00, Counter: 48, Timestamp: 1744637461
Reason: transform time, Value: 0.00, Counter: 48, Timestamp: 1744637461
Reason: global search time, Value: 548.40, Counter: 48, Timestamp: 1744637461
Reason: process time, Value: 0.00, Counter: 48, Timestamp: 1744637461
Reason: loop time, Value: 550.54, Counter: 48, Timestamp: 1744637461
----------------------------------------
Thread: nice_thread, Loop time exceeded: 590.51ms
Reason: consumer time, Value: 0.00, Counter: 66, Timestamp: 1744637461
Reason: transform time, Value: 0.00, Counter: 66, Timestamp: 1744637461
Reason: global search time, Value: 588.96, Counter: 66, Timestamp: 1744637462
Reason: process time, Value: 0.00, Counter: 66, Timestamp: 1744637462
Reason: loop time, Value: 590.51, Counter: 66, Timestamp: 1744637462
----------------------------------------
Thread: nice_thread, Loop time exceeded: 628.00ms
Reason: consumer time, Value: 0.00, Counter: 83, Timestamp: 1744637462
Reason: transform time, Value: 0.00, Counter: 83, Timestamp: 1744637462
Reason: global search time, Value: 624.93, Counter: 83, Timestamp: 1744637463
Reason: process time, Value: 0.00, Counter: 83, Timestamp: 1744637463
Reason: loop time, Value: 628.00, Counter: 83, Timestamp: 1744637463
----------------------------------------
Thread: nice_thread, Loop time exceeded: 553.41ms
Reason: consumer time, Value: 0.00, Counter: 102, Timestamp: 1744637463
Reason: transform time, Value: 0.00, Counter: 102, Timestamp: 1744637463
Reason: global search time, Value: 551.76, Counter: 102, Timestamp: 1744637463
Reason: process time, Value: 0.00, Counter: 102, Timestamp: 1744637463
Reason: loop time, Value: 553.41, Counter: 102, Timestamp: 1744637463
----------------------------------------
Thread: nice_thread, Loop time exceeded: 591.37ms
Reason: consumer time, Value: 0.00, Counter: 119, Timestamp: 1744637463
Reason: transform time, Value: 0.00, Counter: 119, Timestamp: 1744637463
Reason: global search time, Value: 587.70, Counter: 119, Timestamp: 1744637464
Reason: process time, Value: 0.00, Counter: 119, Timestamp: 1744637464
Reason: loop time, Value: 591.37, Counter: 119, Timestamp: 1744637464
----------------------------------------
Thread: nice_thread, Loop time exceeded: 548.25ms
Reason: consumer time, Value: 0.00, Counter: 8, Timestamp: 1744637464
Reason: transform time, Value: 0.00, Counter: 8, Timestamp: 1744637464
Reason: global search time, Value: 546.41, Counter: 8, Timestamp: 1744637464
Reason: process time, Value: 0.00, Counter: 8, Timestamp: 1744637464
Reason: loop time, Value: 548.25, Counter: 8, Timestamp: 1744637464
----------------------------------------
Thread: nice_thread, Loop time exceeded: 604.55ms
Reason: consumer time, Value: 0.00, Counter: 26, Timestamp: 1744637464
Reason: transform time, Value: 0.00, Counter: 26, Timestamp: 1744637464
Reason: global search time, Value: 602.96, Counter: 26, Timestamp: 1744637465
Reason: process time, Value: 0.00, Counter: 26, Timestamp: 1744637465
Reason: loop time, Value: 604.55, Counter: 26, Timestamp: 1744637465
----------------------------------------
Thread: nice_thread, Loop time exceeded: 586.27ms
Reason: consumer time, Value: 0.00, Counter: 43, Timestamp: 1744637465
Reason: transform time, Value: 0.00, Counter: 43, Timestamp: 1744637465
Reason: global search time, Value: 583.98, Counter: 43, Timestamp: 1744637465
Reason: process time, Value: 0.00, Counter: 43, Timestamp: 1744637465
Reason: loop time, Value: 586.27, Counter: 43, Timestamp: 1744637465
----------------------------------------
Thread: nice_thread, Loop time exceeded: 549.31ms
Reason: consumer time, Value: 0.00, Counter: 60, Timestamp: 1744637465
Reason: transform time, Value: 0.00, Counter: 60, Timestamp: 1744637465
Reason: global search time, Value: 547.31, Counter: 60, Timestamp: 1744637466
Reason: process time, Value: 0.00, Counter: 60, Timestamp: 1744637466
Reason: loop time, Value: 549.31, Counter: 60, Timestamp: 1744637466
----------------------------------------
Thread: nice_thread, Loop time exceeded: 600.94ms
Reason: consumer time, Value: 0.00, Counter: 78, Timestamp: 1744637466
Reason: transform time, Value: 0.00, Counter: 78, Timestamp: 1744637466
Reason: global search time, Value: 597.22, Counter: 78, Timestamp: 1744637467
Reason: process time, Value: 0.00, Counter: 78, Timestamp: 1744637467
Reason: loop time, Value: 600.94, Counter: 78, Timestamp: 1744637467
----------------------------------------
Thread: nice_thread, Loop time exceeded: 560.61ms
Reason: consumer time, Value: 0.00, Counter: 95, Timestamp: 1744637467
Reason: transform time, Value: 0.00, Counter: 95, Timestamp: 1744637467
Reason: global search time, Value: 558.48, Counter: 95, Timestamp: 1744637467
Reason: process time, Value: 0.00, Counter: 95, Timestamp: 1744637467
Reason: loop time, Value: 560.61, Counter: 95, Timestamp: 1744637467
----------------------------------------
Thread: nice_thread, Loop time exceeded: 602.39ms
Reason: consumer time, Value: 0.00, Counter: 113, Timestamp: 1744637467
Reason: transform time, Value: 0.00, Counter: 113, Timestamp: 1744637467
Reason: global search time, Value: 600.36, Counter: 113, Timestamp: 1744637468
Reason: process time, Value: 0.00, Counter: 113, Timestamp: 1744637468
Reason: loop time, Value: 602.39, Counter: 113, Timestamp: 1744637468
----------------------------------------
Thread: nice_thread, Loop time exceeded: 539.59ms
Reason: consumer time, Value: 0.00, Counter: 3, Timestamp: 1744637468
Reason: transform time, Value: 0.01, Counter: 3, Timestamp: 1744637468
Reason: global search time, Value: 534.42, Counter: 3, Timestamp: 1744637468
Reason: process time, Value: 0.00, Counter: 3, Timestamp: 1744637468
Reason: loop time, Value: 539.59, Counter: 3, Timestamp: 1744637468
----------------------------------------
Thread: nice_thread, Loop time exceeded: 598.28ms
Reason: consumer time, Value: 0.00, Counter: 21, Timestamp: 1744637468
Reason: transform time, Value: 0.01, Counter: 21, Timestamp: 1744637468
Reason: global search time, Value: 591.90, Counter: 21, Timestamp: 1744637469
Reason: process time, Value: 0.00, Counter: 21, Timestamp: 1744637469
Reason: loop time, Value: 598.28, Counter: 21, Timestamp: 1744637469
----------------------------------------
Thread: nice_thread, Loop time exceeded: 603.69ms
Reason: consumer time, Value: 0.00, Counter: 38, Timestamp: 1744637469
Reason: transform time, Value: 0.00, Counter: 38, Timestamp: 1744637469
Reason: global search time, Value: 601.02, Counter: 38, Timestamp: 1744637470
Reason: process time, Value: 0.00, Counter: 38, Timestamp: 1744637470
Reason: loop time, Value: 603.69, Counter: 38, Timestamp: 1744637470
----------------------------------------
Thread: nice_thread, Loop time exceeded: 546.86ms
Reason: consumer time, Value: 0.00, Counter: 56, Timestamp: 1744637470
Reason: transform time, Value: 0.00, Counter: 56, Timestamp: 1744637470
Reason: global search time, Value: 544.74, Counter: 56, Timestamp: 1744637470
Reason: process time, Value: 0.00, Counter: 56, Timestamp: 1744637470
Reason: loop time, Value: 546.86, Counter: 56, Timestamp: 1744637470
----------------------------------------
Thread: nice_thread, Loop time exceeded: 598.18ms
Reason: consumer time, Value: 0.00, Counter: 73, Timestamp: 1744637470
Reason: transform time, Value: 0.00, Counter: 73, Timestamp: 1744637470
Reason: global search time, Value: 596.30, Counter: 73, Timestamp: 1744637471
Reason: process time, Value: 0.00, Counter: 73, Timestamp: 1744637471
Reason: loop time, Value: 598.18, Counter: 73, Timestamp: 1744637471
----------------------------------------
Thread: nice_thread, Loop time exceeded: 557.47ms
Reason: consumer time, Value: 0.00, Counter: 90, Timestamp: 1744637471
Reason: transform time, Value: 0.00, Counter: 90, Timestamp: 1744637471
Reason: global search time, Value: 555.05, Counter: 90, Timestamp: 1744637471
Reason: process time, Value: 0.00, Counter: 90, Timestamp: 1744637471
Reason: loop time, Value: 557.47, Counter: 90, Timestamp: 1744637471
----------------------------------------
Thread: nice_thread, Loop time exceeded: 607.39ms
Reason: consumer time, Value: 0.00, Counter: 108, Timestamp: 1744637471
Reason: transform time, Value: 0.00, Counter: 108, Timestamp: 1744637471
Reason: global search time, Value: 605.53, Counter: 108, Timestamp: 1744637472
Reason: process time, Value: 0.00, Counter: 108, Timestamp: 1744637472
Reason: loop time, Value: 607.39, Counter: 108, Timestamp: 1744637472
----------------------------------------
Thread: nice_thread, Loop time exceeded: 625.23ms
Reason: consumer time, Value: 0.00, Counter: 126, Timestamp: 1744637472
Reason: transform time, Value: 0.00, Counter: 126, Timestamp: 1744637472
Reason: global search time, Value: 623.74, Counter: 126, Timestamp: 1744637472
Reason: process time, Value: 0.00, Counter: 126, Timestamp: 1744637472
Reason: loop time, Value: 625.23, Counter: 126, Timestamp: 1744637472
----------------------------------------
Thread: nice_thread, Loop time exceeded: 538.98ms
Reason: consumer time, Value: 0.00, Counter: 16, Timestamp: 1744637472
Reason: transform time, Value: 0.00, Counter: 16, Timestamp: 1744637472
Reason: global search time, Value: 536.61, Counter: 16, Timestamp: 1744637473
Reason: process time, Value: 0.00, Counter: 16, Timestamp: 1744637473
Reason: loop time, Value: 538.98, Counter: 16, Timestamp: 1744637473
----------------------------------------
Thread: nice_thread, Loop time exceeded: 607.00ms
Reason: consumer time, Value: 0.00, Counter: 34, Timestamp: 1744637473
Reason: transform time, Value: 0.01, Counter: 34, Timestamp: 1744637473
Reason: global search time, Value: 599.38, Counter: 34, Timestamp: 1744637474
Reason: process time, Value: 0.00, Counter: 34, Timestamp: 1744637474
Reason: loop time, Value: 607.00, Counter: 34, Timestamp: 1744637474
----------------------------------------
Thread: nice_thread, Loop time exceeded: 542.62ms
Reason: consumer time, Value: 0.00, Counter: 51, Timestamp: 1744637474
Reason: transform time, Value: 0.00, Counter: 51, Timestamp: 1744637474
Reason: global search time, Value: 541.30, Counter: 51, Timestamp: 1744637474
Reason: process time, Value: 0.00, Counter: 51, Timestamp: 1744637474
Reason: loop time, Value: 542.62, Counter: 51, Timestamp: 1744637474
----------------------------------------
Thread: nice_thread, Loop time exceeded: 598.02ms
Reason: consumer time, Value: 0.00, Counter: 69, Timestamp: 1744637474
Reason: transform time, Value: 0.00, Counter: 69, Timestamp: 1744637474
Reason: global search time, Value: 596.25, Counter: 69, Timestamp: 1744637475
Reason: process time, Value: 0.00, Counter: 69, Timestamp: 1744637475
Reason: loop time, Value: 598.02, Counter: 69, Timestamp: 1744637475
----------------------------------------
Thread: nice_thread, Loop time exceeded: 558.69ms
Reason: consumer time, Value: 0.00, Counter: 86, Timestamp: 1744637475
Reason: transform time, Value: 0.00, Counter: 86, Timestamp: 1744637475
Reason: global search time, Value: 554.64, Counter: 86, Timestamp: 1744637475
Reason: process time, Value: 0.00, Counter: 86, Timestamp: 1744637475
Reason: loop time, Value: 558.69, Counter: 86, Timestamp: 1744637475
----------------------------------------
Thread: nice_thread, Loop time exceeded: 606.58ms
Reason: consumer time, Value: 0.00, Counter: 104, Timestamp: 1744637475
Reason: transform time, Value: 0.00, Counter: 104, Timestamp: 1744637475
Reason: global search time, Value: 604.56, Counter: 104, Timestamp: 1744637476
Reason: process time, Value: 0.00, Counter: 104, Timestamp: 1744637476
Reason: loop time, Value: 606.58, Counter: 104, Timestamp: 1744637476
----------------------------------------
Thread: nice_thread, Loop time exceeded: 606.41ms
Reason: consumer time, Value: 0.00, Counter: 121, Timestamp: 1744637476
Reason: transform time, Value: 0.01, Counter: 121, Timestamp: 1744637476
Reason: global search time, Value: 600.95, Counter: 121, Timestamp: 1744637477
Reason: process time, Value: 0.00, Counter: 121, Timestamp: 1744637477
Reason: loop time, Value: 606.41, Counter: 121, Timestamp: 1744637477
----------------------------------------
Thread: nice_thread, Loop time exceeded: 588.96ms
Reason: consumer time, Value: 0.00, Counter: 10, Timestamp: 1744637477
Reason: transform time, Value: 0.00, Counter: 10, Timestamp: 1744637477
Reason: global search time, Value: 586.87, Counter: 10, Timestamp: 1744637477
Reason: process time, Value: 0.00, Counter: 10, Timestamp: 1744637477
Reason: loop time, Value: 588.96, Counter: 10, Timestamp: 1744637477
----------------------------------------
Thread: nice_thread, Loop time exceeded: 593.89ms
Reason: consumer time, Value: 0.00, Counter: 29, Timestamp: 1744637477
Reason: transform time, Value: 0.00, Counter: 29, Timestamp: 1744637477
Reason: global search time, Value: 592.24, Counter: 29, Timestamp: 1744637478
Reason: process time, Value: 0.00, Counter: 29, Timestamp: 1744637478
Reason: loop time, Value: 593.89, Counter: 29, Timestamp: 1744637478
----------------------------------------
Thread: nice_thread, Loop time exceeded: 544.70ms
Reason: consumer time, Value: 0.00, Counter: 46, Timestamp: 1744637478
Reason: transform time, Value: 0.00, Counter: 46, Timestamp: 1744637478
Reason: global search time, Value: 542.54, Counter: 46, Timestamp: 1744637478
Reason: process time, Value: 0.00, Counter: 46, Timestamp: 1744637478
Reason: loop time, Value: 544.70, Counter: 46, Timestamp: 1744637478
----------------------------------------
Thread: nice_thread, Loop time exceeded: 605.23ms
Reason: consumer time, Value: 0.00, Counter: 64, Timestamp: 1744637478
Reason: transform time, Value: 0.00, Counter: 64, Timestamp: 1744637478
Reason: global search time, Value: 602.18, Counter: 64, Timestamp: 1744637479
Reason: process time, Value: 0.00, Counter: 64, Timestamp: 1744637479
Reason: loop time, Value: 605.23, Counter: 64, Timestamp: 1744637479
----------------------------------------
Thread: nice_thread, Loop time exceeded: 597.70ms
Reason: consumer time, Value: 0.00, Counter: 81, Timestamp: 1744637479
Reason: transform time, Value: 0.00, Counter: 81, Timestamp: 1744637479
Reason: global search time, Value: 594.15, Counter: 81, Timestamp: 1744637479
Reason: process time, Value: 0.00, Counter: 81, Timestamp: 1744637479
Reason: loop time, Value: 597.70, Counter: 81, Timestamp: 1744637479
----------------------------------------
Thread: nice_thread, Loop time exceeded: 557.62ms
Reason: consumer time, Value: 0.00, Counter: 99, Timestamp: 1744637479
Reason: transform time, Value: 0.01, Counter: 99, Timestamp: 1744637479
Reason: global search time, Value: 551.42, Counter: 99, Timestamp: 1744637480
Reason: process time, Value: 0.00, Counter: 99, Timestamp: 1744637480
Reason: loop time, Value: 557.62, Counter: 99, Timestamp: 1744637480
----------------------------------------
Thread: nice_thread, Loop time exceeded: 617.44ms
Reason: consumer time, Value: 0.00, Counter: 116, Timestamp: 1744637480
Reason: transform time, Value: 0.00, Counter: 116, Timestamp: 1744637480
Reason: global search time, Value: 615.31, Counter: 116, Timestamp: 1744637481
Reason: process time, Value: 0.00, Counter: 116, Timestamp: 1744637481
Reason: loop time, Value: 617.44, Counter: 116, Timestamp: 1744637481
----------------------------------------
Thread: nice_thread, Loop time exceeded: 544.43ms
Reason: consumer time, Value: 0.00, Counter: 6, Timestamp: 1744637481
Reason: transform time, Value: 0.00, Counter: 6, Timestamp: 1744637481
Reason: global search time, Value: 542.71, Counter: 6, Timestamp: 1744637481
Reason: process time, Value: 0.00, Counter: 6, Timestamp: 1744637481
Reason: loop time, Value: 544.43, Counter: 6, Timestamp: 1744637481
----------------------------------------
Thread: nice_thread, Loop time exceeded: 608.28ms
Reason: consumer time, Value: 0.00, Counter: 23, Timestamp: 1744637481
Reason: transform time, Value: 0.00, Counter: 23, Timestamp: 1744637481
Reason: global search time, Value: 606.15, Counter: 23, Timestamp: 1744637482
Reason: process time, Value: 0.00, Counter: 23, Timestamp: 1744637482
Reason: loop time, Value: 608.28, Counter: 23, Timestamp: 1744637482
----------------------------------------
Thread: nice_thread, Loop time exceeded: 565.19ms
Reason: consumer time, Value: 0.00, Counter: 41, Timestamp: 1744637482
Reason: transform time, Value: 0.00, Counter: 41, Timestamp: 1744637482
Reason: global search time, Value: 563.11, Counter: 41, Timestamp: 1744637482
Reason: process time, Value: 0.00, Counter: 41, Timestamp: 1744637482
Reason: loop time, Value: 565.19, Counter: 41, Timestamp: 1744637482
----------------------------------------
Thread: nice_thread, Loop time exceeded: 601.83ms
Reason: consumer time, Value: 0.00, Counter: 59, Timestamp: 1744637482
Reason: transform time, Value: 0.00, Counter: 59, Timestamp: 1744637482
Reason: global search time, Value: 599.85, Counter: 59, Timestamp: 1744637483
Reason: process time, Value: 0.00, Counter: 59, Timestamp: 1744637483
Reason: loop time, Value: 601.83, Counter: 59, Timestamp: 1744637483
----------------------------------------
Thread: nice_thread, Loop time exceeded: 590.51ms
Reason: consumer time, Value: 0.00, Counter: 76, Timestamp: 1744637483
Reason: transform time, Value: 0.00, Counter: 76, Timestamp: 1744637483
Reason: global search time, Value: 588.76, Counter: 76, Timestamp: 1744637484
Reason: process time, Value: 0.00, Counter: 76, Timestamp: 1744637484
Reason: loop time, Value: 590.51, Counter: 76, Timestamp: 1744637484
----------------------------------------
Thread: nice_thread, Loop time exceeded: 490.12ms
Reason: consumer time, Value: 0.00, Counter: 93, Timestamp: 1744637484
Reason: transform time, Value: 0.00, Counter: 93, Timestamp: 1744637484
Reason: global search time, Value: 487.98, Counter: 93, Timestamp: 1744637484
Reason: process time, Value: 0.00, Counter: 93, Timestamp: 1744637484
Reason: loop time, Value: 490.12, Counter: 93, Timestamp: 1744637484
----------------------------------------
Thread: nice_thread, Loop time exceeded: 403.85ms
Reason: consumer time, Value: 0.00, Counter: 109, Timestamp: 1744637484
Reason: transform time, Value: 0.00, Counter: 109, Timestamp: 1744637484
Reason: global search time, Value: 402.48, Counter: 109, Timestamp: 1744637484
Reason: process time, Value: 0.00, Counter: 109, Timestamp: 1744637484
Reason: loop time, Value: 403.85, Counter: 109, Timestamp: 1744637484
----------------------------------------
Thread: nice_thread, Loop time exceeded: 364.95ms
Reason: consumer time, Value: 0.00, Counter: 121, Timestamp: 1744637484
Reason: transform time, Value: 0.00, Counter: 121, Timestamp: 1744637484
Reason: global search time, Value: 363.79, Counter: 121, Timestamp: 1744637485
Reason: process time, Value: 0.00, Counter: 121, Timestamp: 1744637485
Reason: loop time, Value: 364.95, Counter: 121, Timestamp: 1744637485
----------------------------------------
