Core number: 2
Remap: 0.002 ms
Transform color: 3.306 ms
Core number: 2
Remap: 0.001 ms
Transform color: 1.273 ms
Core number: 2
Remap: 0.001 ms
Transform color: 1.2 ms
Core number: 2
Remap: 0 ms
Transform color: 1.04 ms
Core number: 2
Remap: 0.001 ms
Transform color: 1.116 ms
Core number: 2
Remap: 0 ms
Transform color: 5.082 ms
Core number: 2
Remap: 0 ms
Transform color: 1.322 ms
Core number: 2
Remap: 0 ms
Transform color: 2.261 ms
Core number: 2
Remap: 0 ms
Transform color: 1.147 ms
Core number: 2
Remap: 0 ms
Transform color: 1.875 ms
Core number: 2
Remap: 0.001 ms
Transform color: 1.178 ms
Core number: 2
Remap: 0.001 ms
Transform color: 1.617 ms
Core number: 2
Remap: 0.001 ms
Transform color: 1.539 ms
Core number: 2
Remap: 0.001 ms
Transform color: 5.151 ms
Core number: 2
Remap: 0.001 ms
Transform color: 1.74 ms
Core number: 2
Remap: 0.001 ms
Transform color: 4.322 ms
Core number: 2
Remap: 0 ms
Transform color: 1.722 ms
Core number: 2
Remap: 0.001 ms
Transform color: 1.793 ms
Core number: 2
Remap: 0.001 ms
Transform color: 1.869 ms
Core number: 2
Remap: 0 ms
Transform color: 4.125 ms
Core number: 2
Remap: 0 ms
Transform color: 1.593 ms
Core number: 2
Remap: 0 ms
Transform color: 2.06 ms
Core number: 2
Remap: 0.001 ms
Transform color: 2.276 ms
Core number: 2
Remap: 0 ms
Transform color: 7.467 ms
Core number: 2
Remap: 0.001 ms
Transform color: 2.401 ms
Core number: 2
Remap: 0.001 ms
Transform color: 1.793 ms
Core number: 2
Remap: 0 ms
Transform color: 5.515 ms
Core number: 2
Remap: 0 ms
Transform color: 1.697 ms
Core number: 2
Remap: 0.001 ms
Transform color: 1.367 ms
Core number: 2
Remap: 0.001 ms
Transform color: 1.895 ms
Core number: 2
Remap: 0.001 ms
Transform color: 1.412 ms
Core number: 2
Remap: 0.001 ms
Transform color: 1.377 ms
Core number: 2
Remap: 0 ms
Transform color: 1.436 ms
Core number: 2
Remap: 0.001 ms
Transform color: 4.327 ms
Core number: 2
Remap: 0 ms
Transform color: 1.385 ms
Core number: 2
Remap: 0 ms
Transform color: 2.624 ms
Core number: 2
Remap: 0.002 ms
Transform color: 1.642 ms
Core number: 2
Remap: 0.001 ms
Transform color: 4.155 ms
Core number: 2
Remap: 0.001 ms
Transform color: 11.069 ms
Core number: 2
Remap: 0.001 ms
Transform color: 4.367 ms
Core number: 2
Remap: 0.001 ms
Transform color: 5.116 ms
Core number: 2
Remap: 0.001 ms
Transform color: 1.814 ms
Core number: 2
Remap: 0.001 ms
Transform color: 1.893 ms
Core number: 2
Remap: 0 ms
Transform color: 1.424 ms
Core number: 2
Remap: 0.001 ms
Transform color: 5.296 ms
Core number: 2
Remap: 0.001 ms
Transform color: 2.584 ms
Core number: 2
Remap: 0 ms
Transform color: 4.163 ms
Core number: 2
Remap: 0.001 ms
Transform color: 4.866 ms
Core number: 2
Remap: 0.001 ms
Transform color: 4.574 ms
Core number: 2
Remap: 0.001 ms
Transform color: 1.985 ms
Core number: 2
Remap: 0.001 ms
Transform color: 2.056 ms
Core number: 2
Remap: 0.001 ms
Transform color: 1.64 ms
Core number: 2
Remap: 0 ms
Transform color: 1.481 ms
Core number: 2
Remap: 0 ms
Transform color: 1.416 ms
Core number: 2
Remap: 0 ms
Transform color: 2.102 ms
Core number: 2
Remap: 0 ms
Transform color: 2.052 ms
Core number: 2
Remap: 0.002 ms
Transform color: 6.372 ms
Core number: 2
Remap: 0.001 ms
Transform color: 1.529 ms
Core number: 2
Remap: 0 ms
Transform color: 4.948 ms
Core number: 2
Remap: 0.001 ms
Transform color: 1.832 ms
Core number: 2
Remap: 0 ms
Transform color: 4.428 ms
Core number: 2
Remap: 0.001 ms
Transform color: 1.321 ms
Core number: 2
Remap: 0 ms
Transform color: 2.7 ms
Core number: 2
Remap: 0.001 ms
Transform color: 2.229 ms
Core number: 2
Remap: 0.001 ms
Transform color: 1.987 ms
Core number: 2
Remap: 0.001 ms
Transform color: 4.793 ms
Core number: 2
Remap: 0.001 ms
Transform color: 3.675 ms
Core number: 2
Remap: 0 ms
Transform color: 6.83 ms
Core number: 2
Remap: 0.001 ms
Transform color: 13.282 ms
Core number: 2
Remap: 0.001 ms
Transform color: 2.543 ms
Core number: 2
Remap: 0.001 ms
Transform color: 6.207 ms
Core number: 2
Remap: 0.001 ms
Transform color: 1.97 ms
Core number: 2
Remap: 0.001 ms
Transform color: 1.809 ms
Core number: 2
Remap: 0 ms
Transform color: 1.589 ms
Core number: 2
Remap: 0 ms
Transform color: 1.415 ms
Core number: 2
Remap: 0.001 ms
Transform color: 1.975 ms
Core number: 2
Remap: 0.001 ms
Transform color: 4.46 ms
Core number: 2
Remap: 0.001 ms
Transform color: 1.978 ms
Core number: 2
Remap: 0 ms
Transform color: 6.363 ms
Core number: 2
Remap: 0 ms
Transform color: 1.486 ms
Core number: 2
Remap: 0.002 ms
Transform color: 1.657 ms
Core number: 2
Remap: 0.001 ms
Transform color: 1.857 ms
Core number: 2
Remap: 0 ms
Transform color: 4.392 ms
Core number: 2
Remap: 0.001 ms
Transform color: 1.969 ms
Core number: 2
Remap: 0 ms
Transform color: 4.321 ms
Core number: 2
Remap: 0 ms
Transform color: 4.927 ms
Core number: 2
Remap: 0.001 ms
Transform color: 6.111 ms
Core number: 2
Remap: 0 ms
Transform color: 1.751 ms
Core number: 2
Remap: 0 ms
Transform color: 1.936 ms
Core number: 2
Remap: 0 ms
Transform color: 1.269 ms
Core number: 2
Remap: 0.001 ms
Transform color: 6.344 ms
Core number: 2
Remap: 0 ms
Transform color: 2.397 ms
Core number: 2
Remap: 0 ms
Transform color: 1.488 ms
Core number: 2
Remap: 0.001 ms
Transform color: 2.302 ms
Core number: 2
Remap: 0 ms
Transform color: 1.94 ms
Core number: 2
Remap: 0.001 ms
Transform color: 2.114 ms
Core number: 2
Remap: 0.001 ms
Transform color: 1.571 ms
Core number: 2
Remap: 0.001 ms
Transform color: 2.198 ms
Core number: 2
Remap: 0 ms
Transform color: 1.808 ms
Core number: 2
Remap: 0.001 ms
Transform color: 5.741 ms
Core number: 2
Remap: 0 ms
Transform color: 1.279 ms
Core number: 2
Remap: 0 ms
Transform color: 1.527 ms
Core number: 2
Remap: 0 ms
Transform color: 2.299 ms
Core number: 2
Remap: 0.001 ms
Transform color: 1.506 ms
Core number: 2
Remap: 0 ms
Transform color: 4.959 ms
Core number: 2
Remap: 0.001 ms
Transform color: 1.779 ms
Core number: 2
Remap: 0.001 ms
Transform color: 1.836 ms
Core number: 2
Remap: 0.002 ms
Transform color: 2.537 ms
Core number: 2
Remap: 0.001 ms
Transform color: 4.976 ms
Core number: 2
Remap: 0.001 ms
Transform color: 1.833 ms
Core number: 2
Remap: 0.001 ms
Transform color: 2.637 ms
Core number: 2
Remap: 0 ms
Transform color: 2.016 ms
Core number: 2
Remap: 0 ms
Transform color: 1.914 ms
Core number: 2
Remap: 0 ms
Transform color: 1.866 ms
Core number: 2
Remap: 0 ms
Transform color: 1.132 ms
Core number: 2
---
Thread: nice_thread, Loop time exceeded: 563.70ms
Reason: consumer time, Value: 0.00, Counter: 11, Timestamp: 1744637430
Reason: transform time, Value: 0.00, Counter: 11, Timestamp: 1744637430
Reason: global search time, Value: 561.90, Counter: 11, Timestamp: 1744637431
Reason: process time, Value: 0.00, Counter: 11, Timestamp: 1744637431
Reason: loop time, Value: 563.70, Counter: 11, Timestamp: 1744637431
----------------------------------------
Thread: nice_thread, Loop time exceeded: 514.25ms
Reason: consumer time, Value: 0.00, Counter: 27, Timestamp: 1744637431
Reason: transform time, Value: 0.00, Counter: 27, Timestamp: 1744637431
Reason: global search time, Value: 509.87, Counter: 27, Timestamp: 1744637431
Reason: process time, Value: 0.00, Counter: 27, Timestamp: 1744637431
Reason: loop time, Value: 514.25, Counter: 27, Timestamp: 1744637431
----------------------------------------
Thread: nice_thread, Loop time exceeded: 561.67ms
Reason: consumer time, Value: 0.00, Counter: 44, Timestamp: 1744637431
Reason: transform time, Value: 0.00, Counter: 44, Timestamp: 1744637431
Reason: global search time, Value: 559.89, Counter: 44, Timestamp: 1744637432
Reason: process time, Value: 0.00, Counter: 44, Timestamp: 1744637432
Reason: loop time, Value: 561.67, Counter: 44, Timestamp: 1744637432
----------------------------------------
Thread: nice_thread, Loop time exceeded: 527.79ms
Reason: consumer time, Value: 0.00, Counter: 60, Timestamp: 1744637432
Reason: transform time, Value: 0.00, Counter: 60, Timestamp: 1744637432
Reason: global search time, Value: 525.93, Counter: 60, Timestamp: 1744637432
Reason: process time, Value: 0.00, Counter: 60, Timestamp: 1744637432
Reason: loop time, Value: 527.79, Counter: 60, Timestamp: 1744637432
----------------------------------------
Thread: nice_thread, Loop time exceeded: 581.93ms
Reason: consumer time, Value: 0.00, Counter: 77, Timestamp: 1744637432
Reason: transform time, Value: 0.00, Counter: 77, Timestamp: 1744637432
Reason: global search time, Value: 580.00, Counter: 77, Timestamp: 1744637433
Reason: process time, Value: 0.00, Counter: 77, Timestamp: 1744637433
Reason: loop time, Value: 581.93, Counter: 77, Timestamp: 1744637433
----------------------------------------
Thread: nice_thread, Loop time exceeded: 540.40ms
Reason: consumer time, Value: 0.00, Counter: 95, Timestamp: 1744637433
Reason: transform time, Value: 0.00, Counter: 95, Timestamp: 1744637433
Reason: global search time, Value: 536.23, Counter: 95, Timestamp: 1744637433
Reason: process time, Value: 0.00, Counter: 95, Timestamp: 1744637433
Reason: loop time, Value: 540.40, Counter: 95, Timestamp: 1744637433
----------------------------------------
Thread: nice_thread, Loop time exceeded: 586.18ms
Reason: consumer time, Value: 0.00, Counter: 112, Timestamp: 1744637433
Reason: transform time, Value: 0.00, Counter: 112, Timestamp: 1744637433
Reason: global search time, Value: 584.55, Counter: 112, Timestamp: 1744637434
Reason: process time, Value: 0.00, Counter: 112, Timestamp: 1744637434
Reason: loop time, Value: 586.18, Counter: 112, Timestamp: 1744637434
----------------------------------------
Thread: nice_thread, Loop time exceeded: 592.75ms
Reason: consumer time, Value: 0.00, Counter: 1, Timestamp: 1744637434
Reason: transform time, Value: 0.00, Counter: 1, Timestamp: 1744637434
Reason: global search time, Value: 590.64, Counter: 1, Timestamp: 1744637434
Reason: process time, Value: 0.00, Counter: 1, Timestamp: 1744637434
Reason: loop time, Value: 592.75, Counter: 1, Timestamp: 1744637434
----------------------------------------
Thread: nice_thread, Loop time exceeded: 540.37ms
Reason: consumer time, Value: 0.00, Counter: 19, Timestamp: 1744637434
Reason: transform time, Value: 0.00, Counter: 19, Timestamp: 1744637434
Reason: global search time, Value: 538.03, Counter: 19, Timestamp: 1744637435
Reason: process time, Value: 0.00, Counter: 19, Timestamp: 1744637435
Reason: loop time, Value: 540.37, Counter: 19, Timestamp: 1744637435
----------------------------------------
Thread: nice_thread, Loop time exceeded: 594.27ms
Reason: consumer time, Value: 0.00, Counter: 36, Timestamp: 1744637435
Reason: transform time, Value: 0.01, Counter: 36, Timestamp: 1744637435
Reason: global search time, Value: 586.77, Counter: 36, Timestamp: 1744637436
Reason: process time, Value: 0.00, Counter: 36, Timestamp: 1744637436
Reason: loop time, Value: 594.27, Counter: 36, Timestamp: 1744637436
----------------------------------------
Thread: nice_thread, Loop time exceeded: 530.47ms
Reason: consumer time, Value: 0.00, Counter: 54, Timestamp: 1744637436
Reason: transform time, Value: 0.00, Counter: 54, Timestamp: 1744637436
Reason: global search time, Value: 527.99, Counter: 54, Timestamp: 1744637436
Reason: process time, Value: 0.00, Counter: 54, Timestamp: 1744637436
Reason: loop time, Value: 530.47, Counter: 54, Timestamp: 1744637436
----------------------------------------
Thread: nice_thread, Loop time exceeded: 581.09ms
Reason: consumer time, Value: 0.00, Counter: 71, Timestamp: 1744637436
Reason: transform time, Value: 0.00, Counter: 71, Timestamp: 1744637436
Reason: global search time, Value: 579.26, Counter: 71, Timestamp: 1744637437
Reason: process time, Value: 0.00, Counter: 71, Timestamp: 1744637437
Reason: loop time, Value: 581.09, Counter: 71, Timestamp: 1744637437
----------------------------------------
Thread: nice_thread, Loop time exceeded: 526.82ms
Reason: consumer time, Value: 0.00, Counter: 88, Timestamp: 1744637437
Reason: transform time, Value: 0.01, Counter: 88, Timestamp: 1744637437
Reason: global search time, Value: 521.27, Counter: 88, Timestamp: 1744637437
Reason: process time, Value: 0.00, Counter: 88, Timestamp: 1744637437
Reason: loop time, Value: 526.82, Counter: 88, Timestamp: 1744637437
----------------------------------------
Thread: nice_thread, Loop time exceeded: 576.11ms
Reason: consumer time, Value: 0.00, Counter: 105, Timestamp: 1744637437
Reason: transform time, Value: 0.00, Counter: 105, Timestamp: 1744637437
Reason: global search time, Value: 574.38, Counter: 105, Timestamp: 1744637438
Reason: process time, Value: 0.00, Counter: 105, Timestamp: 1744637438
Reason: loop time, Value: 576.11, Counter: 105, Timestamp: 1744637438
----------------------------------------
Thread: nice_thread, Loop time exceeded: 527.23ms
Reason: consumer time, Value: 0.00, Counter: 122, Timestamp: 1744637438
Reason: transform time, Value: 0.00, Counter: 122, Timestamp: 1744637438
Reason: global search time, Value: 525.83, Counter: 122, Timestamp: 1744637438
Reason: process time, Value: 0.00, Counter: 122, Timestamp: 1744637438
Reason: loop time, Value: 527.23, Counter: 122, Timestamp: 1744637438
----------------------------------------
Thread: nice_thread, Loop time exceeded: 567.66ms
Reason: consumer time, Value: 0.00, Counter: 11, Timestamp: 1744637438
Reason: transform time, Value: 0.00, Counter: 11, Timestamp: 1744637438
Reason: global search time, Value: 565.73, Counter: 11, Timestamp: 1744637439
Reason: process time, Value: 0.00, Counter: 11, Timestamp: 1744637439
Reason: loop time, Value: 567.66, Counter: 11, Timestamp: 1744637439
----------------------------------------
Thread: nice_thread, Loop time exceeded: 557.80ms
Reason: consumer time, Value: 0.00, Counter: 28, Timestamp: 1744637439
Reason: transform time, Value: 0.00, Counter: 28, Timestamp: 1744637439
Reason: global search time, Value: 556.36, Counter: 28, Timestamp: 1744637439
Reason: process time, Value: 0.00, Counter: 28, Timestamp: 1744637439
Reason: loop time, Value: 557.80, Counter: 28, Timestamp: 1744637439
----------------------------------------
Thread: nice_thread, Loop time exceeded: 521.92ms
Reason: consumer time, Value: 0.00, Counter: 44, Timestamp: 1744637439
Reason: transform time, Value: 0.00, Counter: 44, Timestamp: 1744637439
Reason: global search time, Value: 520.50, Counter: 44, Timestamp: 1744637440
Reason: process time, Value: 0.00, Counter: 44, Timestamp: 1744637440
Reason: loop time, Value: 521.92, Counter: 44, Timestamp: 1744637440
----------------------------------------
Thread: nice_thread, Loop time exceeded: 583.38ms
Reason: consumer time, Value: 0.00, Counter: 61, Timestamp: 1744637440
Reason: transform time, Value: 0.00, Counter: 61, Timestamp: 1744637440
Reason: global search time, Value: 581.91, Counter: 61, Timestamp: 1744637441
Reason: process time, Value: 0.00, Counter: 61, Timestamp: 1744637441
Reason: loop time, Value: 583.38, Counter: 61, Timestamp: 1744637441
----------------------------------------
Thread: nice_thread, Loop time exceeded: 522.48ms
Reason: consumer time, Value: 0.00, Counter: 78, Timestamp: 1744637441
Reason: transform time, Value: 0.00, Counter: 78, Timestamp: 1744637441
Reason: global search time, Value: 518.11, Counter: 78, Timestamp: 1744637441
Reason: process time, Value: 0.00, Counter: 78, Timestamp: 1744637441
Reason: loop time, Value: 522.48, Counter: 78, Timestamp: 1744637441
----------------------------------------
Thread: nice_thread, Loop time exceeded: 577.45ms
Reason: consumer time, Value: 0.00, Counter: 96, Timestamp: 1744637441
Reason: transform time, Value: 0.00, Counter: 96, Timestamp: 1744637441
Reason: global search time, Value: 576.03, Counter: 96, Timestamp: 1744637442
Reason: process time, Value: 0.00, Counter: 96, Timestamp: 1744637442
Reason: loop time, Value: 577.45, Counter: 96, Timestamp: 1744637442
----------------------------------------
Thread: nice_thread, Loop time exceeded: 525.36ms
Reason: consumer time, Value: 0.00, Counter: 112, Timestamp: 1744637442
Reason: transform time, Value: 0.00, Counter: 112, Timestamp: 1744637442
Reason: global search time, Value: 522.70, Counter: 112, Timestamp: 1744637442
Reason: process time, Value: 0.00, Counter: 112, Timestamp: 1744637442
Reason: loop time, Value: 525.36, Counter: 112, Timestamp: 1744637442
----------------------------------------
Thread: nice_thread, Loop time exceeded: 562.77ms
Reason: consumer time, Value: 0.00, Counter: 1, Timestamp: 1744637442
Reason: transform time, Value: 0.00, Counter: 1, Timestamp: 1744637442
Reason: global search time, Value: 561.09, Counter: 1, Timestamp: 1744637443
Reason: process time, Value: 0.00, Counter: 1, Timestamp: 1744637443
Reason: loop time, Value: 562.77, Counter: 1, Timestamp: 1744637443
----------------------------------------
Thread: nice_thread, Loop time exceeded: 517.91ms
Reason: consumer time, Value: 0.00, Counter: 17, Timestamp: 1744637443
Reason: transform time, Value: 0.00, Counter: 17, Timestamp: 1744637443
Reason: global search time, Value: 513.72, Counter: 17, Timestamp: 1744637443
Reason: process time, Value: 0.00, Counter: 17, Timestamp: 1744637443
Reason: loop time, Value: 517.91, Counter: 17, Timestamp: 1744637443
----------------------------------------
Thread: nice_thread, Loop time exceeded: 564.06ms
Reason: consumer time, Value: 0.00, Counter: 34, Timestamp: 1744637443
Reason: transform time, Value: 0.01, Counter: 34, Timestamp: 1744637443
Reason: global search time, Value: 552.95, Counter: 34, Timestamp: 1744637444
Reason: process time, Value: 0.00, Counter: 34, Timestamp: 1744637444
Reason: loop time, Value: 564.06, Counter: 34, Timestamp: 1744637444
----------------------------------------
Thread: nice_thread, Loop time exceeded: 504.04ms
Reason: consumer time, Value: 0.00, Counter: 51, Timestamp: 1744637444
Reason: transform time, Value: 0.00, Counter: 51, Timestamp: 1744637444
Reason: global search time, Value: 499.63, Counter: 51, Timestamp: 1744637444
Reason: process time, Value: 0.00, Counter: 51, Timestamp: 1744637444
Reason: loop time, Value: 504.04, Counter: 51, Timestamp: 1744637444
----------------------------------------
Thread: nice_thread, Loop time exceeded: 549.72ms
Reason: consumer time, Value: 0.00, Counter: 67, Timestamp: 1744637444
Reason: transform time, Value: 0.01, Counter: 67, Timestamp: 1744637444
Reason: global search time, Value: 544.56, Counter: 67, Timestamp: 1744637445
Reason: process time, Value: 0.00, Counter: 67, Timestamp: 1744637445
Reason: loop time, Value: 549.72, Counter: 67, Timestamp: 1744637445
----------------------------------------
Thread: nice_thread, Loop time exceeded: 551.69ms
Reason: consumer time, Value: 0.00, Counter: 83, Timestamp: 1744637445
Reason: transform time, Value: 0.00, Counter: 83, Timestamp: 1744637445
Reason: global search time, Value: 549.83, Counter: 83, Timestamp: 1744637445
Reason: process time, Value: 0.00, Counter: 83, Timestamp: 1744637445
Reason: loop time, Value: 551.69, Counter: 83, Timestamp: 1744637445
----------------------------------------
Thread: nice_thread, Loop time exceeded: 499.66ms
Reason: consumer time, Value: 0.00, Counter: 99, Timestamp: 1744637445
Reason: transform time, Value: 0.00, Counter: 99, Timestamp: 1744637445
Reason: global search time, Value: 497.72, Counter: 99, Timestamp: 1744637446
Reason: process time, Value: 0.00, Counter: 99, Timestamp: 1744637446
Reason: loop time, Value: 499.66, Counter: 99, Timestamp: 1744637446
----------------------------------------
Thread: nice_thread, Loop time exceeded: 552.87ms
Reason: consumer time, Value: 0.00, Counter: 115, Timestamp: 1744637446
Reason: transform time, Value: 0.00, Counter: 115, Timestamp: 1744637446
Reason: global search time, Value: 551.41, Counter: 115, Timestamp: 1744637447
Reason: process time, Value: 0.00, Counter: 115, Timestamp: 1744637447
Reason: loop time, Value: 552.87, Counter: 115, Timestamp: 1744637447
----------------------------------------
Thread: nice_thread, Loop time exceeded: 509.08ms
Reason: consumer time, Value: 0.00, Counter: 3, Timestamp: 1744637447
Reason: transform time, Value: 0.01, Counter: 3, Timestamp: 1744637447
Reason: global search time, Value: 503.72, Counter: 3, Timestamp: 1744637447
Reason: process time, Value: 0.00, Counter: 3, Timestamp: 1744637447
Reason: loop time, Value: 509.08, Counter: 3, Timestamp: 1744637447
----------------------------------------
Thread: nice_thread, Loop time exceeded: 553.37ms
Reason: consumer time, Value: 0.00, Counter: 20, Timestamp: 1744637447
Reason: transform time, Value: 0.00, Counter: 20, Timestamp: 1744637447
Reason: global search time, Value: 550.73, Counter: 20, Timestamp: 1744637448
Reason: process time, Value: 0.00, Counter: 20, Timestamp: 1744637448
Reason: loop time, Value: 553.37, Counter: 20, Timestamp: 1744637448
----------------------------------------
Thread: nice_thread, Loop time exceeded: 509.10ms
Reason: consumer time, Value: 0.00, Counter: 35, Timestamp: 1744637448
Reason: transform time, Value: 0.00, Counter: 35, Timestamp: 1744637448
Reason: global search time, Value: 504.88, Counter: 35, Timestamp: 1744637448
Reason: process time, Value: 0.00, Counter: 35, Timestamp: 1744637448
Reason: loop time, Value: 509.10, Counter: 35, Timestamp: 1744637448
----------------------------------------
Thread: nice_thread, Loop time exceeded: 572.42ms
Reason: consumer time, Value: 0.00, Counter: 52, Timestamp: 1744637448
Reason: transform time, Value: 0.00, Counter: 52, Timestamp: 1744637448
Reason: global search time, Value: 567.49, Counter: 52, Timestamp: 1744637449
Reason: process time, Value: 0.00, Counter: 52, Timestamp: 1744637449
Reason: loop time, Value: 572.42, Counter: 52, Timestamp: 1744637449
----------------------------------------
Thread: nice_thread, Loop time exceeded: 506.84ms
Reason: consumer time, Value: 0.00, Counter: 68, Timestamp: 1744637449
Reason: transform time, Value: 0.00, Counter: 68, Timestamp: 1744637449
Reason: global search time, Value: 502.23, Counter: 68, Timestamp: 1744637449
Reason: process time, Value: 0.00, Counter: 68, Timestamp: 1744637449
Reason: loop time, Value: 506.84, Counter: 68, Timestamp: 1744637449
----------------------------------------
Thread: nice_thread, Loop time exceeded: 557.98ms
Reason: consumer time, Value: 0.00, Counter: 84, Timestamp: 1744637449
Reason: transform time, Value: 0.00, Counter: 84, Timestamp: 1744637449
Reason: global search time, Value: 555.95, Counter: 84, Timestamp: 1744637450
Reason: process time, Value: 0.00, Counter: 84, Timestamp: 1744637450
Reason: loop time, Value: 557.98, Counter: 84, Timestamp: 1744637450
----------------------------------------
Thread: nice_thread, Loop time exceeded: 503.94ms
Reason: consumer time, Value: 0.00, Counter: 100, Timestamp: 1744637450
Reason: transform time, Value: 0.00, Counter: 100, Timestamp: 1744637450
Reason: global search time, Value: 501.83, Counter: 100, Timestamp: 1744637450
Reason: process time, Value: 0.00, Counter: 100, Timestamp: 1744637450
Reason: loop time, Value: 503.94, Counter: 100, Timestamp: 1744637450
----------------------------------------
Thread: nice_thread, Loop time exceeded: 556.69ms
Reason: consumer time, Value: 0.00, Counter: 117, Timestamp: 1744637450
Reason: transform time, Value: 0.00, Counter: 117, Timestamp: 1744637450
Reason: global search time, Value: 554.99, Counter: 117, Timestamp: 1744637451
Reason: process time, Value: 0.00, Counter: 117, Timestamp: 1744637451
Reason: loop time, Value: 556.69, Counter: 117, Timestamp: 1744637451
----------------------------------------
Thread: nice_thread, Loop time exceeded: 501.94ms
Reason: consumer time, Value: 0.00, Counter: 4, Timestamp: 1744637451
Reason: transform time, Value: 0.00, Counter: 4, Timestamp: 1744637451
Reason: global search time, Value: 500.43, Counter: 4, Timestamp: 1744637451
Reason: process time, Value: 0.00, Counter: 4, Timestamp: 1744637451
Reason: loop time, Value: 501.94, Counter: 4, Timestamp: 1744637451
----------------------------------------
Thread: nice_thread, Loop time exceeded: 555.30ms
Reason: consumer time, Value: 0.00, Counter: 20, Timestamp: 1744637451
Reason: transform time, Value: 0.00, Counter: 20, Timestamp: 1744637451
Reason: global search time, Value: 553.85, Counter: 20, Timestamp: 1744637452
Reason: process time, Value: 0.00, Counter: 20, Timestamp: 1744637452
Reason: loop time, Value: 555.30, Counter: 20, Timestamp: 1744637452
----------------------------------------
Thread: nice_thread, Loop time exceeded: 503.47ms
Reason: consumer time, Value: 0.00, Counter: 36, Timestamp: 1744637452
Reason: transform time, Value: 0.00, Counter: 36, Timestamp: 1744637452
Reason: global search time, Value: 501.30, Counter: 36, Timestamp: 1744637452
Reason: process time, Value: 0.00, Counter: 36, Timestamp: 1744637452
Reason: loop time, Value: 503.47, Counter: 36, Timestamp: 1744637452
----------------------------------------
Thread: nice_thread, Loop time exceeded: 543.98ms
Reason: consumer time, Value: 0.00, Counter: 52, Timestamp: 1744637452
Reason: transform time, Value: 0.00, Counter: 52, Timestamp: 1744637452
Reason: global search time, Value: 541.84, Counter: 52, Timestamp: 1744637453
Reason: process time, Value: 0.00, Counter: 52, Timestamp: 1744637453
Reason: loop time, Value: 543.98, Counter: 52, Timestamp: 1744637453
----------------------------------------
Thread: nice_thread, Loop time exceeded: 552.90ms
Reason: consumer time, Value: 0.00, Counter: 67, Timestamp: 1744637453
Reason: transform time, Value: 0.01, Counter: 67, Timestamp: 1744637453
Reason: global search time, Value: 546.44, Counter: 67, Timestamp: 1744637453
Reason: process time, Value: 0.00, Counter: 67, Timestamp: 1744637453
Reason: loop time, Value: 552.90, Counter: 67, Timestamp: 1744637453
----------------------------------------
Thread: nice_thread, Loop time exceeded: 500.90ms
Reason: consumer time, Value: 0.00, Counter: 82, Timestamp: 1744637453
Reason: transform time, Value: 0.00, Counter: 82, Timestamp: 1744637453
Reason: global search time, Value: 499.32, Counter: 82, Timestamp: 1744637454
Reason: process time, Value: 0.00, Counter: 82, Timestamp: 1744637454
Reason: loop time, Value: 500.90, Counter: 82, Timestamp: 1744637454
----------------------------------------
Thread: nice_thread, Loop time exceeded: 552.50ms
Reason: consumer time, Value: 0.00, Counter: 98, Timestamp: 1744637454
Reason: transform time, Value: 0.00, Counter: 98, Timestamp: 1744637454
Reason: global search time, Value: 547.49, Counter: 98, Timestamp: 1744637454
Reason: process time, Value: 0.00, Counter: 98, Timestamp: 1744637454
Reason: loop time, Value: 552.50, Counter: 98, Timestamp: 1744637454
----------------------------------------
Thread: nice_thread, Loop time exceeded: 503.61ms
Reason: consumer time, Value: 0.00, Counter: 114, Timestamp: 1744637454
Reason: transform time, Value: 0.00, Counter: 114, Timestamp: 1744637454
Reason: global search time, Value: 501.72, Counter: 114, Timestamp: 1744637455
Reason: process time, Value: 0.00, Counter: 114, Timestamp: 1744637455
Reason: loop time, Value: 503.61, Counter: 114, Timestamp: 1744637455
----------------------------------------
Thread: nice_thread, Loop time exceeded: 560.76ms
Reason: consumer time, Value: 0.00, Counter: 2, Timestamp: 1744637455
Reason: transform time, Value: 0.00, Counter: 2, Timestamp: 1744637455
Reason: global search time, Value: 556.28, Counter: 2, Timestamp: 1744637456
Reason: process time, Value: 0.00, Counter: 2, Timestamp: 1744637456
Reason: loop time, Value: 560.76, Counter: 2, Timestamp: 1744637456
----------------------------------------
Thread: nice_thread, Loop time exceeded: 509.15ms
Reason: consumer time, Value: 0.00, Counter: 18, Timestamp: 1744637456
Reason: transform time, Value: 0.00, Counter: 18, Timestamp: 1744637456
Reason: global search time, Value: 507.78, Counter: 18, Timestamp: 1744637456
Reason: process time, Value: 0.00, Counter: 18, Timestamp: 1744637456
Reason: loop time, Value: 509.15, Counter: 18, Timestamp: 1744637456
----------------------------------------
Thread: nice_thread, Loop time exceeded: 558.53ms
Reason: consumer time, Value: 0.00, Counter: 35, Timestamp: 1744637456
Reason: transform time, Value: 0.00, Counter: 35, Timestamp: 1744637456
Reason: global search time, Value: 555.76, Counter: 35, Timestamp: 1744637457
Reason: process time, Value: 0.00, Counter: 35, Timestamp: 1744637457
Reason: loop time, Value: 558.53, Counter: 35, Timestamp: 1744637457
----------------------------------------
Thread: nice_thread, Loop time exceeded: 513.36ms
Reason: consumer time, Value: 0.00, Counter: 51, Timestamp: 1744637457
Reason: transform time, Value: 0.00, Counter: 51, Timestamp: 1744637457
Reason: global search time, Value: 511.06, Counter: 51, Timestamp: 1744637457
Reason: process time, Value: 0.00, Counter: 51, Timestamp: 1744637457
Reason: loop time, Value: 513.36, Counter: 51, Timestamp: 1744637457
----------------------------------------
Thread: nice_thread, Loop time exceeded: 553.13ms
Reason: consumer time, Value: 0.00, Counter: 67, Timestamp: 1744637457
Reason: transform time, Value: 0.00, Counter: 67, Timestamp: 1744637457
Reason: global search time, Value: 551.07, Counter: 67, Timestamp: 1744637458
Reason: process time, Value: 0.00, Counter: 67, Timestamp: 1744637458
Reason: loop time, Value: 553.13, Counter: 67, Timestamp: 1744637458
----------------------------------------
Thread: nice_thread, Loop time exceeded: 501.78ms
Reason: consumer time, Value: 0.00, Counter: 83, Timestamp: 1744637458
Reason: transform time, Value: 0.00, Counter: 83, Timestamp: 1744637458
Reason: global search time, Value: 496.93, Counter: 83, Timestamp: 1744637458
Reason: process time, Value: 0.00, Counter: 83, Timestamp: 1744637458
Reason: loop time, Value: 501.78, Counter: 83, Timestamp: 1744637458
----------------------------------------
Thread: nice_thread, Loop time exceeded: 554.75ms
Reason: consumer time, Value: 0.00, Counter: 99, Timestamp: 1744637458
Reason: transform time, Value: 0.00, Counter: 99, Timestamp: 1744637458
Reason: global search time, Value: 551.02, Counter: 99, Timestamp: 1744637459
Reason: process time, Value: 0.00, Counter: 99, Timestamp: 1744637459
Reason: loop time, Value: 554.75, Counter: 99, Timestamp: 1744637459
----------------------------------------
Thread: nice_thread, Loop time exceeded: 504.91ms
Reason: consumer time, Value: 0.00, Counter: 116, Timestamp: 1744637459
Reason: transform time, Value: 0.01, Counter: 116, Timestamp: 1744637459
Reason: global search time, Value: 498.00, Counter: 116, Timestamp: 1744637459
Reason: process time, Value: 0.00, Counter: 116, Timestamp: 1744637459
Reason: loop time, Value: 504.91, Counter: 116, Timestamp: 1744637459
----------------------------------------
Thread: nice_thread, Loop time exceeded: 565.32ms
Reason: consumer time, Value: 0.00, Counter: 4, Timestamp: 1744637459
Reason: transform time, Value: 0.01, Counter: 4, Timestamp: 1744637459
Reason: global search time, Value: 551.95, Counter: 4, Timestamp: 1744637460
Reason: process time, Value: 0.00, Counter: 4, Timestamp: 1744637460
Reason: loop time, Value: 565.32, Counter: 4, Timestamp: 1744637460
----------------------------------------
Thread: nice_thread, Loop time exceeded: 507.36ms
Reason: consumer time, Value: 0.00, Counter: 20, Timestamp: 1744637460
Reason: transform time, Value: 0.00, Counter: 20, Timestamp: 1744637460
Reason: global search time, Value: 504.76, Counter: 20, Timestamp: 1744637460
Reason: process time, Value: 0.00, Counter: 20, Timestamp: 1744637460
Reason: loop time, Value: 507.36, Counter: 20, Timestamp: 1744637460
----------------------------------------
Thread: nice_thread, Loop time exceeded: 563.78ms
Reason: consumer time, Value: 0.00, Counter: 36, Timestamp: 1744637460
Reason: transform time, Value: 0.01, Counter: 36, Timestamp: 1744637460
Reason: global search time, Value: 557.53, Counter: 36, Timestamp: 1744637461
Reason: process time, Value: 0.00, Counter: 36, Timestamp: 1744637461
Reason: loop time, Value: 563.78, Counter: 36, Timestamp: 1744637461
----------------------------------------
Thread: nice_thread, Loop time exceeded: 571.40ms
Reason: consumer time, Value: 0.00, Counter: 53, Timestamp: 1744637461
Reason: transform time, Value: 0.00, Counter: 53, Timestamp: 1744637461
Reason: global search time, Value: 569.36, Counter: 53, Timestamp: 1744637461
Reason: process time, Value: 0.00, Counter: 53, Timestamp: 1744637461
Reason: loop time, Value: 571.40, Counter: 53, Timestamp: 1744637461
----------------------------------------
Thread: nice_thread, Loop time exceeded: 531.10ms
Reason: consumer time, Value: 0.00, Counter: 69, Timestamp: 1744637461
Reason: transform time, Value: 0.00, Counter: 69, Timestamp: 1744637461
Reason: global search time, Value: 529.22, Counter: 69, Timestamp: 1744637462
Reason: process time, Value: 0.00, Counter: 69, Timestamp: 1744637462
Reason: loop time, Value: 531.10, Counter: 69, Timestamp: 1744637462
----------------------------------------
Thread: nice_thread, Loop time exceeded: 574.28ms
Reason: consumer time, Value: 0.00, Counter: 86, Timestamp: 1744637462
Reason: transform time, Value: 0.00, Counter: 86, Timestamp: 1744637462
Reason: global search time, Value: 572.63, Counter: 86, Timestamp: 1744637463
Reason: process time, Value: 0.00, Counter: 86, Timestamp: 1744637463
Reason: loop time, Value: 574.28, Counter: 86, Timestamp: 1744637463
----------------------------------------
Thread: nice_thread, Loop time exceeded: 522.68ms
Reason: consumer time, Value: 0.00, Counter: 103, Timestamp: 1744637463
Reason: transform time, Value: 0.00, Counter: 103, Timestamp: 1744637463
Reason: global search time, Value: 521.22, Counter: 103, Timestamp: 1744637463
Reason: process time, Value: 0.00, Counter: 103, Timestamp: 1744637463
Reason: loop time, Value: 522.68, Counter: 103, Timestamp: 1744637463
----------------------------------------
Thread: nice_thread, Loop time exceeded: 569.52ms
Reason: consumer time, Value: 0.00, Counter: 119, Timestamp: 1744637463
Reason: transform time, Value: 0.00, Counter: 119, Timestamp: 1744637463
Reason: global search time, Value: 567.50, Counter: 119, Timestamp: 1744637464
Reason: process time, Value: 0.00, Counter: 119, Timestamp: 1744637464
Reason: loop time, Value: 569.52, Counter: 119, Timestamp: 1744637464
----------------------------------------
Thread: nice_thread, Loop time exceeded: 516.87ms
Reason: consumer time, Value: 0.00, Counter: 8, Timestamp: 1744637464
Reason: transform time, Value: 0.00, Counter: 8, Timestamp: 1744637464
Reason: global search time, Value: 512.37, Counter: 8, Timestamp: 1744637464
Reason: process time, Value: 0.00, Counter: 8, Timestamp: 1744637464
Reason: loop time, Value: 516.87, Counter: 8, Timestamp: 1744637464
----------------------------------------
Thread: nice_thread, Loop time exceeded: 577.51ms
Reason: consumer time, Value: 0.00, Counter: 24, Timestamp: 1744637464
Reason: transform time, Value: 0.00, Counter: 24, Timestamp: 1744637464
Reason: global search time, Value: 575.46, Counter: 24, Timestamp: 1744637465
Reason: process time, Value: 0.00, Counter: 24, Timestamp: 1744637465
Reason: loop time, Value: 577.51, Counter: 24, Timestamp: 1744637465
----------------------------------------
Thread: nice_thread, Loop time exceeded: 524.86ms
Reason: consumer time, Value: 0.00, Counter: 41, Timestamp: 1744637465
Reason: transform time, Value: 0.01, Counter: 41, Timestamp: 1744637465
Reason: global search time, Value: 518.46, Counter: 41, Timestamp: 1744637465
Reason: process time, Value: 0.00, Counter: 41, Timestamp: 1744637465
Reason: loop time, Value: 524.86, Counter: 41, Timestamp: 1744637465
----------------------------------------
Thread: nice_thread, Loop time exceeded: 579.67ms
Reason: consumer time, Value: 0.00, Counter: 58, Timestamp: 1744637465
Reason: transform time, Value: 0.00, Counter: 58, Timestamp: 1744637465
Reason: global search time, Value: 578.15, Counter: 58, Timestamp: 1744637466
Reason: process time, Value: 0.00, Counter: 58, Timestamp: 1744637466
Reason: loop time, Value: 579.67, Counter: 58, Timestamp: 1744637466
----------------------------------------
Thread: nice_thread, Loop time exceeded: 574.45ms
Reason: consumer time, Value: 0.00, Counter: 75, Timestamp: 1744637466
Reason: transform time, Value: 0.00, Counter: 75, Timestamp: 1744637466
Reason: global search time, Value: 572.74, Counter: 75, Timestamp: 1744637466
Reason: process time, Value: 0.00, Counter: 75, Timestamp: 1744637466
Reason: loop time, Value: 574.45, Counter: 75, Timestamp: 1744637466
----------------------------------------
Thread: nice_thread, Loop time exceeded: 520.96ms
Reason: consumer time, Value: 0.00, Counter: 92, Timestamp: 1744637466
Reason: transform time, Value: 0.00, Counter: 92, Timestamp: 1744637466
Reason: global search time, Value: 519.06, Counter: 92, Timestamp: 1744637467
Reason: process time, Value: 0.00, Counter: 92, Timestamp: 1744637467
Reason: loop time, Value: 520.96, Counter: 92, Timestamp: 1744637467
----------------------------------------
Thread: nice_thread, Loop time exceeded: 573.59ms
Reason: consumer time, Value: 0.00, Counter: 108, Timestamp: 1744637467
Reason: transform time, Value: 0.00, Counter: 108, Timestamp: 1744637467
Reason: global search time, Value: 569.13, Counter: 108, Timestamp: 1744637468
Reason: process time, Value: 0.00, Counter: 108, Timestamp: 1744637468
Reason: loop time, Value: 573.59, Counter: 108, Timestamp: 1744637468
----------------------------------------
Thread: nice_thread, Loop time exceeded: 512.93ms
Reason: consumer time, Value: 0.00, Counter: 125, Timestamp: 1744637468
Reason: transform time, Value: 0.00, Counter: 125, Timestamp: 1744637468
Reason: global search time, Value: 510.91, Counter: 125, Timestamp: 1744637468
Reason: process time, Value: 0.00, Counter: 125, Timestamp: 1744637468
Reason: loop time, Value: 512.93, Counter: 125, Timestamp: 1744637468
----------------------------------------
Thread: nice_thread, Loop time exceeded: 573.50ms
Reason: consumer time, Value: 0.00, Counter: 14, Timestamp: 1744637468
Reason: transform time, Value: 0.00, Counter: 14, Timestamp: 1744637468
Reason: global search time, Value: 569.12, Counter: 14, Timestamp: 1744637469
Reason: process time, Value: 0.00, Counter: 14, Timestamp: 1744637469
Reason: loop time, Value: 573.50, Counter: 14, Timestamp: 1744637469
----------------------------------------
Thread: nice_thread, Loop time exceeded: 521.14ms
Reason: consumer time, Value: 0.00, Counter: 31, Timestamp: 1744637469
Reason: transform time, Value: 0.00, Counter: 31, Timestamp: 1744637469
Reason: global search time, Value: 516.17, Counter: 31, Timestamp: 1744637469
Reason: process time, Value: 0.00, Counter: 31, Timestamp: 1744637469
Reason: loop time, Value: 521.14, Counter: 31, Timestamp: 1744637469
----------------------------------------
Thread: nice_thread, Loop time exceeded: 589.31ms
Reason: consumer time, Value: 0.00, Counter: 48, Timestamp: 1744637469
Reason: transform time, Value: 0.01, Counter: 48, Timestamp: 1744637469
Reason: global search time, Value: 583.11, Counter: 48, Timestamp: 1744637470
Reason: process time, Value: 0.00, Counter: 48, Timestamp: 1744637470
Reason: loop time, Value: 589.31, Counter: 48, Timestamp: 1744637470
----------------------------------------
Thread: nice_thread, Loop time exceeded: 545.95ms
Reason: consumer time, Value: 0.00, Counter: 65, Timestamp: 1744637470
Reason: transform time, Value: 0.00, Counter: 65, Timestamp: 1744637470
Reason: global search time, Value: 544.14, Counter: 65, Timestamp: 1744637470
Reason: process time, Value: 0.00, Counter: 65, Timestamp: 1744637470
Reason: loop time, Value: 545.95, Counter: 65, Timestamp: 1744637470
----------------------------------------
Thread: nice_thread, Loop time exceeded: 610.07ms
Reason: consumer time, Value: 0.00, Counter: 82, Timestamp: 1744637470
Reason: transform time, Value: 0.00, Counter: 82, Timestamp: 1744637470
Reason: global search time, Value: 608.10, Counter: 82, Timestamp: 1744637471
Reason: process time, Value: 0.00, Counter: 82, Timestamp: 1744637471
Reason: loop time, Value: 610.07, Counter: 82, Timestamp: 1744637471
----------------------------------------
Thread: nice_thread, Loop time exceeded: 581.24ms
Reason: consumer time, Value: 0.00, Counter: 100, Timestamp: 1744637471
Reason: transform time, Value: 0.00, Counter: 100, Timestamp: 1744637471
Reason: global search time, Value: 579.94, Counter: 100, Timestamp: 1744637471
Reason: process time, Value: 0.00, Counter: 100, Timestamp: 1744637471
Reason: loop time, Value: 581.24, Counter: 100, Timestamp: 1744637471
----------------------------------------
Thread: nice_thread, Loop time exceeded: 526.98ms
Reason: consumer time, Value: 0.00, Counter: 117, Timestamp: 1744637471
Reason: transform time, Value: 0.01, Counter: 117, Timestamp: 1744637471
Reason: global search time, Value: 520.60, Counter: 117, Timestamp: 1744637472
Reason: process time, Value: 0.00, Counter: 117, Timestamp: 1744637472
Reason: loop time, Value: 526.98, Counter: 117, Timestamp: 1744637472
----------------------------------------
Thread: nice_thread, Loop time exceeded: 562.04ms
Reason: consumer time, Value: 0.00, Counter: 6, Timestamp: 1744637472
Reason: transform time, Value: 0.00, Counter: 6, Timestamp: 1744637472
Reason: global search time, Value: 559.60, Counter: 6, Timestamp: 1744637473
Reason: process time, Value: 0.00, Counter: 6, Timestamp: 1744637473
Reason: loop time, Value: 562.04, Counter: 6, Timestamp: 1744637473
----------------------------------------
Thread: nice_thread, Loop time exceeded: 511.49ms
Reason: consumer time, Value: 0.00, Counter: 22, Timestamp: 1744637473
Reason: transform time, Value: 0.00, Counter: 22, Timestamp: 1744637473
Reason: global search time, Value: 509.97, Counter: 22, Timestamp: 1744637473
Reason: process time, Value: 0.00, Counter: 22, Timestamp: 1744637473
Reason: loop time, Value: 511.49, Counter: 22, Timestamp: 1744637473
----------------------------------------
Thread: nice_thread, Loop time exceeded: 567.42ms
Reason: consumer time, Value: 0.00, Counter: 38, Timestamp: 1744637473
Reason: transform time, Value: 0.00, Counter: 38, Timestamp: 1744637473
Reason: global search time, Value: 565.05, Counter: 38, Timestamp: 1744637474
Reason: process time, Value: 0.00, Counter: 38, Timestamp: 1744637474
Reason: loop time, Value: 567.42, Counter: 38, Timestamp: 1744637474
----------------------------------------
Thread: nice_thread, Loop time exceeded: 516.24ms
Reason: consumer time, Value: 0.00, Counter: 55, Timestamp: 1744637474
Reason: transform time, Value: 0.00, Counter: 55, Timestamp: 1744637474
Reason: global search time, Value: 514.24, Counter: 55, Timestamp: 1744637474
Reason: process time, Value: 0.00, Counter: 55, Timestamp: 1744637474
Reason: loop time, Value: 516.24, Counter: 55, Timestamp: 1744637474
----------------------------------------
Thread: nice_thread, Loop time exceeded: 566.75ms
Reason: consumer time, Value: 0.00, Counter: 71, Timestamp: 1744637474
Reason: transform time, Value: 0.00, Counter: 71, Timestamp: 1744637474
Reason: global search time, Value: 564.58, Counter: 71, Timestamp: 1744637475
Reason: process time, Value: 0.00, Counter: 71, Timestamp: 1744637475
Reason: loop time, Value: 566.75, Counter: 71, Timestamp: 1744637475
----------------------------------------
Thread: nice_thread, Loop time exceeded: 515.95ms
Reason: consumer time, Value: 0.00, Counter: 88, Timestamp: 1744637475
Reason: transform time, Value: 0.00, Counter: 88, Timestamp: 1744637475
Reason: global search time, Value: 514.32, Counter: 88, Timestamp: 1744637475
Reason: process time, Value: 0.00, Counter: 88, Timestamp: 1744637475
Reason: loop time, Value: 515.95, Counter: 88, Timestamp: 1744637475
----------------------------------------
Thread: nice_thread, Loop time exceeded: 577.65ms
Reason: consumer time, Value: 0.00, Counter: 104, Timestamp: 1744637475
Reason: transform time, Value: 0.00, Counter: 104, Timestamp: 1744637475
Reason: global search time, Value: 575.38, Counter: 104, Timestamp: 1744637476
Reason: process time, Value: 0.00, Counter: 104, Timestamp: 1744637476
Reason: loop time, Value: 577.65, Counter: 104, Timestamp: 1744637476
----------------------------------------
Thread: nice_thread, Loop time exceeded: 511.85ms
Reason: consumer time, Value: 0.00, Counter: 120, Timestamp: 1744637476
Reason: transform time, Value: 0.00, Counter: 120, Timestamp: 1744637476
Reason: global search time, Value: 510.01, Counter: 120, Timestamp: 1744637476
Reason: process time, Value: 0.00, Counter: 120, Timestamp: 1744637476
Reason: loop time, Value: 511.85, Counter: 120, Timestamp: 1744637476
----------------------------------------
Thread: nice_thread, Loop time exceeded: 583.63ms
Reason: consumer time, Value: 0.00, Counter: 9, Timestamp: 1744637476
Reason: transform time, Value: 0.01, Counter: 9, Timestamp: 1744637476
Reason: global search time, Value: 577.83, Counter: 9, Timestamp: 1744637477
Reason: process time, Value: 0.00, Counter: 9, Timestamp: 1744637477
Reason: loop time, Value: 583.63, Counter: 9, Timestamp: 1744637477
----------------------------------------
Thread: nice_thread, Loop time exceeded: 568.12ms
Reason: consumer time, Value: 0.00, Counter: 25, Timestamp: 1744637477
Reason: transform time, Value: 0.00, Counter: 25, Timestamp: 1744637477
Reason: global search time, Value: 566.81, Counter: 25, Timestamp: 1744637477
Reason: process time, Value: 0.00, Counter: 25, Timestamp: 1744637477
Reason: loop time, Value: 568.12, Counter: 25, Timestamp: 1744637477
----------------------------------------
Thread: nice_thread, Loop time exceeded: 514.14ms
Reason: consumer time, Value: 0.00, Counter: 42, Timestamp: 1744637477
Reason: transform time, Value: 0.00, Counter: 42, Timestamp: 1744637477
Reason: global search time, Value: 512.57, Counter: 42, Timestamp: 1744637478
Reason: process time, Value: 0.00, Counter: 42, Timestamp: 1744637478
Reason: loop time, Value: 514.14, Counter: 42, Timestamp: 1744637478
----------------------------------------
Thread: nice_thread, Loop time exceeded: 568.00ms
Reason: consumer time, Value: 0.00, Counter: 58, Timestamp: 1744637478
Reason: transform time, Value: 0.00, Counter: 58, Timestamp: 1744637478
Reason: global search time, Value: 565.65, Counter: 58, Timestamp: 1744637479
Reason: process time, Value: 0.00, Counter: 58, Timestamp: 1744637479
Reason: loop time, Value: 568.00, Counter: 58, Timestamp: 1744637479
----------------------------------------
Thread: nice_thread, Loop time exceeded: 522.34ms
Reason: consumer time, Value: 0.00, Counter: 74, Timestamp: 1744637479
Reason: transform time, Value: 0.00, Counter: 74, Timestamp: 1744637479
Reason: global search time, Value: 520.80, Counter: 74, Timestamp: 1744637479
Reason: process time, Value: 0.00, Counter: 74, Timestamp: 1744637479
Reason: loop time, Value: 522.34, Counter: 74, Timestamp: 1744637479
----------------------------------------
Thread: nice_thread, Loop time exceeded: 570.51ms
Reason: consumer time, Value: 0.00, Counter: 91, Timestamp: 1744637479
Reason: transform time, Value: 0.01, Counter: 91, Timestamp: 1744637479
Reason: global search time, Value: 565.47, Counter: 91, Timestamp: 1744637480
Reason: process time, Value: 0.00, Counter: 91, Timestamp: 1744637480
Reason: loop time, Value: 570.51, Counter: 91, Timestamp: 1744637480
----------------------------------------
Thread: nice_thread, Loop time exceeded: 517.23ms
Reason: consumer time, Value: 0.00, Counter: 107, Timestamp: 1744637480
Reason: transform time, Value: 0.00, Counter: 107, Timestamp: 1744637480
Reason: global search time, Value: 515.40, Counter: 107, Timestamp: 1744637480
Reason: process time, Value: 0.00, Counter: 107, Timestamp: 1744637480
Reason: loop time, Value: 517.23, Counter: 107, Timestamp: 1744637480
----------------------------------------
Thread: nice_thread, Loop time exceeded: 589.55ms
Reason: consumer time, Value: 0.00, Counter: 124, Timestamp: 1744637480
Reason: transform time, Value: 0.00, Counter: 124, Timestamp: 1744637480
Reason: global search time, Value: 587.67, Counter: 124, Timestamp: 1744637481
Reason: process time, Value: 0.00, Counter: 124, Timestamp: 1744637481
Reason: loop time, Value: 589.55, Counter: 124, Timestamp: 1744637481
----------------------------------------
Thread: nice_thread, Loop time exceeded: 519.53ms
Reason: consumer time, Value: 0.00, Counter: 12, Timestamp: 1744637481
Reason: transform time, Value: 0.00, Counter: 12, Timestamp: 1744637481
Reason: global search time, Value: 516.91, Counter: 12, Timestamp: 1744637481
Reason: process time, Value: 0.00, Counter: 12, Timestamp: 1744637481
Reason: loop time, Value: 519.53, Counter: 12, Timestamp: 1744637481
----------------------------------------
Thread: nice_thread, Loop time exceeded: 567.34ms
Reason: consumer time, Value: 0.00, Counter: 29, Timestamp: 1744637481
Reason: transform time, Value: 0.00, Counter: 29, Timestamp: 1744637481
Reason: global search time, Value: 562.33, Counter: 29, Timestamp: 1744637482
Reason: process time, Value: 0.00, Counter: 29, Timestamp: 1744637482
Reason: loop time, Value: 567.34, Counter: 29, Timestamp: 1744637482
----------------------------------------
Thread: nice_thread, Loop time exceeded: 516.08ms
Reason: consumer time, Value: 0.00, Counter: 45, Timestamp: 1744637482
Reason: transform time, Value: 0.00, Counter: 45, Timestamp: 1744637482
Reason: global search time, Value: 514.20, Counter: 45, Timestamp: 1744637482
Reason: process time, Value: 0.00, Counter: 45, Timestamp: 1744637482
Reason: loop time, Value: 516.08, Counter: 45, Timestamp: 1744637482
----------------------------------------
Thread: nice_thread, Loop time exceeded: 575.91ms
Reason: consumer time, Value: 0.00, Counter: 62, Timestamp: 1744637482
Reason: transform time, Value: 0.00, Counter: 62, Timestamp: 1744637482
Reason: global search time, Value: 573.22, Counter: 62, Timestamp: 1744637483
Reason: process time, Value: 0.00, Counter: 62, Timestamp: 1744637483
Reason: loop time, Value: 575.91, Counter: 62, Timestamp: 1744637483
----------------------------------------
Thread: nice_thread, Loop time exceeded: 560.66ms
Reason: consumer time, Value: 0.00, Counter: 78, Timestamp: 1744637483
Reason: transform time, Value: 0.00, Counter: 78, Timestamp: 1744637483
Reason: global search time, Value: 558.61, Counter: 78, Timestamp: 1744637484
Reason: process time, Value: 0.00, Counter: 78, Timestamp: 1744637484
Reason: loop time, Value: 560.66, Counter: 78, Timestamp: 1744637484
----------------------------------------
Thread: nice_thread, Loop time exceeded: 504.75ms
Reason: consumer time, Value: 0.00, Counter: 95, Timestamp: 1744637484
Reason: transform time, Value: 0.00, Counter: 95, Timestamp: 1744637484
Reason: global search time, Value: 502.79, Counter: 95, Timestamp: 1744637484
Reason: process time, Value: 0.00, Counter: 95, Timestamp: 1744637484
Reason: loop time, Value: 504.75, Counter: 95, Timestamp: 1744637484
----------------------------------------
Thread: nice_thread, Loop time exceeded: 449.53ms
Reason: consumer time, Value: 0.00, Counter: 110, Timestamp: 1744637484
Reason: transform time, Value: 0.00, Counter: 110, Timestamp: 1744637484
Reason: global search time, Value: 447.63, Counter: 110, Timestamp: 1744637484
Reason: process time, Value: 0.00, Counter: 110, Timestamp: 1744637484
Reason: loop time, Value: 449.53, Counter: 110, Timestamp: 1744637484
----------------------------------------
Thread: nice_thread, Loop time exceeded: 333.52ms
Reason: consumer time, Value: 0.00, Counter: 124, Timestamp: 1744637484
Reason: transform time, Value: 0.00, Counter: 124, Timestamp: 1744637484
Reason: global search time, Value: 332.37, Counter: 124, Timestamp: 1744637485
Reason: process time, Value: 0.00, Counter: 124, Timestamp: 1744637485
Reason: loop time, Value: 333.52, Counter: 124, Timestamp: 1744637485
----------------------------------------
