Core number: 0
Remap: 0.003 ms
Transform color: 1.96 ms
Core number: 0
Remap: 0.001 ms
Transform color: 1.12 ms
Core number: 0
Remap: 0.001 ms
Transform color: 1.182 ms
Core number: 0
Remap: 0.001 ms
Transform color: 1.249 ms
Core number: 0
Remap: 0.001 ms
Transform color: 1.693 ms
Core number: 0
Remap: 0.001 ms
Transform color: 4.247 ms
Core number: 0
Remap: 0 ms
Transform color: 1.784 ms
Core number: 0
Remap: 0 ms
Transform color: 1.603 ms
Core number: 0
Remap: 0 ms
Transform color: 1.019 ms
Core number: 0
Remap: 0.001 ms
Transform color: 1.218 ms
Core number: 0
Remap: 0 ms
Transform color: 1.648 ms
Core number: 0
Remap: 0 ms
Transform color: 1.536 ms
Core number: 0
Remap: 0 ms
Transform color: 1.574 ms
Core number: 0
Remap: 0.001 ms
Transform color: 1.832 ms
Core number: 0
Remap: 0 ms
Transform color: 1.595 ms
Core number: 0
Remap: 0 ms
Transform color: 1.726 ms
Core number: 0
Remap: 0 ms
Transform color: 1.817 ms
Core number: 0
Remap: 0.001 ms
Transform color: 1.878 ms
Core number: 0
Remap: 0 ms
Transform color: 1.66 ms
Core number: 0
Remap: 0 ms
Transform color: 10.093 ms
Core number: 0
Remap: 0.001 ms
Transform color: 4.835 ms
Core number: 0
Remap: 0.001 ms
Transform color: 1.463 ms
Core number: 0
Remap: 0.001 ms
Transform color: 1.867 ms
Core number: 0
Remap: 0.001 ms
Transform color: 1.949 ms
Core number: 0
Remap: 0 ms
Transform color: 4.974 ms
Core number: 0
Remap: 0.001 ms
Transform color: 5.729 ms
Core number: 0
Remap: 0 ms
Transform color: 1.661 ms
Core number: 0
Remap: 0 ms
Transform color: 3.919 ms
Core number: 0
Remap: 0.001 ms
Transform color: 2.346 ms
Core number: 0
Remap: 0.001 ms
Transform color: 1.904 ms
Core number: 0
Remap: 0 ms
Transform color: 1.902 ms
Core number: 0
Remap: 0 ms
Transform color: 1.965 ms
Core number: 0
Remap: 0 ms
Transform color: 1.488 ms
Core number: 0
Remap: 0.001 ms
Transform color: 1.752 ms
Core number: 0
Remap: 0.001 ms
Transform color: 5.717 ms
Core number: 0
Remap: 0.001 ms
Transform color: 1.412 ms
Core number: 0
Remap: 0.001 ms
Transform color: 1.819 ms
Core number: 0
Remap: 0.001 ms
Transform color: 5.11 ms
Core number: 0
Remap: 0.001 ms
Transform color: 3.479 ms
Core number: 0
Remap: 0 ms
Transform color: 4.008 ms
Core number: 0
Remap: 0.001 ms
Transform color: 2.122 ms
Core number: 0
Remap: 0.001 ms
Transform color: 2.158 ms
Core number: 0
Remap: 0 ms
Transform color: 1.421 ms
Core number: 0
Remap: 0.001 ms
Transform color: 2.32 ms
Core number: 0
Remap: 0 ms
Transform color: 4.848 ms
Core number: 0
Remap: 0 ms
Transform color: 1.924 ms
Core number: 0
Remap: 0.001 ms
Transform color: 2.068 ms
Core number: 0
Remap: 0.001 ms
Transform color: 4.618 ms
Core number: 0
Remap: 0.001 ms
Transform color: 1.831 ms
Core number: 0
Remap: 0.001 ms
Transform color: 2.291 ms
Core number: 0
Remap: 0 ms
Transform color: 2.022 ms
Core number: 0
Remap: 0.001 ms
Transform color: 2.027 ms
Core number: 0
Remap: 0 ms
Transform color: 1.289 ms
Core number: 0
Remap: 0 ms
Transform color: 1.427 ms
Core number: 0
Remap: 0.001 ms
Transform color: 1.556 ms
Core number: 0
Remap: 0.001 ms
Transform color: 1.833 ms
Core number: 0
Remap: 0.001 ms
Transform color: 1.989 ms
Core number: 0
Remap: 0 ms
Transform color: 1.88 ms
Core number: 0
Remap: 0.001 ms
Transform color: 1.746 ms
Core number: 0
Remap: 0 ms
Transform color: 4.683 ms
Core number: 0
Remap: 0.001 ms
Transform color: 2.454 ms
Core number: 0
Remap: 0.001 ms
Transform color: 5.255 ms
Core number: 0
Remap: 0 ms
Transform color: 2.098 ms
Core number: 0
Remap: 0 ms
Transform color: 1.546 ms
Core number: 0
Remap: 0 ms
Transform color: 4.56 ms
Core number: 0
Remap: 0.001 ms
Transform color: 4.59 ms
Core number: 0
Remap: 0 ms
Transform color: 5.145 ms
Core number: 0
Remap: 0 ms
Transform color: 1.899 ms
Core number: 0
Remap: 0.001 ms
Transform color: 1.943 ms
Core number: 0
Remap: 0.001 ms
Transform color: 1.81 ms
Core number: 0
Remap: 0 ms
Transform color: 1.939 ms
Core number: 0
Remap: 0.001 ms
Transform color: 6.685 ms
Core number: 0
Remap: 0 ms
Transform color: 1.43 ms
Core number: 0
Remap: 0.001 ms
Transform color: 1.758 ms
Core number: 0
Remap: 0.001 ms
Transform color: 4.451 ms
Core number: 0
Remap: 0.001 ms
Transform color: 1.93 ms
Core number: 0
Remap: 0.001 ms
Transform color: 1.755 ms
Core number: 0
Remap: 0.001 ms
Transform color: 2.145 ms
Core number: 0
Remap: 0 ms
Transform color: 1.498 ms
Core number: 0
Remap: 0.001 ms
Transform color: 2.324 ms
Core number: 0
Remap: 0.001 ms
Transform color: 6.169 ms
Core number: 0
Remap: 0.001 ms
Transform color: 2.572 ms
Core number: 0
Remap: 0 ms
Transform color: 2.062 ms
Core number: 0
Remap: 0.002 ms
Transform color: 1.911 ms
Core number: 0
Remap: 0.001 ms
Transform color: 4.819 ms
Core number: 0
Remap: 0.001 ms
Transform color: 4.243 ms
Core number: 0
Remap: 0 ms
Transform color: 1.634 ms
Core number: 0
Remap: 0.001 ms
Transform color: 2.468 ms
Core number: 0
Remap: 0.001 ms
Transform color: 1.889 ms
Core number: 0
Remap: 0 ms
Transform color: 5.016 ms
Core number: 0
Remap: 0.001 ms
Transform color: 4.655 ms
Core number: 0
Remap: 0 ms
Transform color: 2.303 ms
Core number: 0
Remap: 0 ms
Transform color: 4.105 ms
Core number: 0
Remap: 0 ms
Transform color: 5.26 ms
Core number: 0
Remap: 0 ms
Transform color: 1.767 ms
Core number: 0
Remap: 0.001 ms
Transform color: 5.527 ms
Core number: 0
Remap: 0.001 ms
Transform color: 2.065 ms
Core number: 0
Remap: 0.001 ms
Transform color: 2.119 ms
Core number: 0
Remap: 0 ms
Transform color: 1.401 ms
Core number: 0
Remap: 0.001 ms
Transform color: 1.86 ms
Core number: 0
Remap: 0.001 ms
Transform color: 1.774 ms
Core number: 0
Remap: 0 ms
Transform color: 6.578 ms
Core number: 0
Remap: 0 ms
Transform color: 1.336 ms
Core number: 0
Remap: 0.001 ms
Transform color: 1.943 ms
Core number: 0
Remap: 0.001 ms
Transform color: 1.545 ms
Core number: 0
Remap: 0.001 ms
Transform color: 2.469 ms
Core number: 0
Remap: 0.001 ms
Transform color: 6.678 ms
Core number: 0
Remap: 0 ms
Transform color: 2.029 ms
Core number: 0
Remap: 0.001 ms
Transform color: 2.438 ms
Core number: 0
Remap: 0 ms
Transform color: 3.99 ms
Core number: 0
Remap: 0.001 ms
Transform color: 5.574 ms
Core number: 0
Remap: 0 ms
Transform color: 3.763 ms
Core number: 0
Remap: 0.001 ms
Transform color: 2.139 ms
Core number: 0
Remap: 0.001 ms
Transform color: 4.241 ms
Core number: 0
Remap: 0.001 ms
Transform color: 2.229 ms
Core number: 0
Remap: 0 ms
Transform color: 3.594 ms
Core number: 0
Remap: 0 ms
Transform color: 4.05 ms
Core number: 0
Remap: 0 ms
Transform color: 6.264 ms
Core number: 0
Remap: 0.001 ms
Transform color: 2.26 ms
Core number: 0
Remap: 0 ms
Transform color: 1.671 ms
Core number: 0
4637430
Reason: process time, Value: 0.00, Counter: 123, Timestamp: 1744637430
Reason: loop time, Value: 507.27, Counter: 123, Timestamp: 1744637430
----------------------------------------
Thread: nice_thread, Loop time exceeded: 470.85ms
Reason: consumer time, Value: 0.00, Counter: 9, Timestamp: 1744637430
Reason: transform time, Value: 0.00, Counter: 9, Timestamp: 1744637430
Reason: global search time, Value: 469.06, Counter: 9, Timestamp: 1744637430
Reason: process time, Value: 0.00, Counter: 9, Timestamp: 1744637430
Reason: loop time, Value: 470.85, Counter: 9, Timestamp: 1744637430
----------------------------------------
Thread: nice_thread, Loop time exceeded: 531.41ms
Reason: consumer time, Value: 0.00, Counter: 25, Timestamp: 1744637430
Reason: transform time, Value: 0.00, Counter: 25, Timestamp: 1744637430
Reason: global search time, Value: 529.55, Counter: 25, Timestamp: 1744637431
Reason: process time, Value: 0.00, Counter: 25, Timestamp: 1744637431
Reason: loop time, Value: 531.41, Counter: 25, Timestamp: 1744637431
----------------------------------------
Thread: nice_thread, Loop time exceeded: 517.16ms
Reason: consumer time, Value: 0.00, Counter: 41, Timestamp: 1744637431
Reason: transform time, Value: 0.00, Counter: 41, Timestamp: 1744637431
Reason: global search time, Value: 515.24, Counter: 41, Timestamp: 1744637431
Reason: process time, Value: 0.00, Counter: 41, Timestamp: 1744637431
Reason: loop time, Value: 517.16, Counter: 41, Timestamp: 1744637431
----------------------------------------
Thread: nice_thread, Loop time exceeded: 514.43ms
Reason: consumer time, Value: 0.00, Counter: 58, Timestamp: 1744637431
Reason: transform time, Value: 0.00, Counter: 58, Timestamp: 1744637431
Reason: global search time, Value: 512.72, Counter: 58, Timestamp: 1744637432
Reason: process time, Value: 0.00, Counter: 58, Timestamp: 1744637432
Reason: loop time, Value: 514.43, Counter: 58, Timestamp: 1744637432
----------------------------------------
Thread: nice_thread, Loop time exceeded: 489.50ms
Reason: consumer time, Value: 0.00, Counter: 73, Timestamp: 1744637432
Reason: transform time, Value: 0.01, Counter: 73, Timestamp: 1744637432
Reason: global search time, Value: 479.36, Counter: 73, Timestamp: 1744637432
Reason: process time, Value: 0.00, Counter: 73, Timestamp: 1744637432
Reason: loop time, Value: 489.50, Counter: 73, Timestamp: 1744637432
----------------------------------------
Thread: nice_thread, Loop time exceeded: 536.62ms
Reason: consumer time, Value: 0.00, Counter: 89, Timestamp: 1744637432
Reason: transform time, Value: 0.00, Counter: 89, Timestamp: 1744637432
Reason: global search time, Value: 531.74, Counter: 89, Timestamp: 1744637433
Reason: process time, Value: 0.00, Counter: 89, Timestamp: 1744637433
Reason: loop time, Value: 536.62, Counter: 89, Timestamp: 1744637433
----------------------------------------
Thread: nice_thread, Loop time exceeded: 483.67ms
Reason: consumer time, Value: 0.00, Counter: 105, Timestamp: 1744637433
Reason: transform time, Value: 0.00, Counter: 105, Timestamp: 1744637433
Reason: global search time, Value: 482.15, Counter: 105, Timestamp: 1744637433
Reason: process time, Value: 0.00, Counter: 105, Timestamp: 1744637433
Reason: loop time, Value: 483.67, Counter: 105, Timestamp: 1744637433
----------------------------------------
Thread: nice_thread, Loop time exceeded: 517.64ms
Reason: consumer time, Value: 0.00, Counter: 121, Timestamp: 1744637433
Reason: transform time, Value: 0.00, Counter: 121, Timestamp: 1744637433
Reason: global search time, Value: 515.72, Counter: 121, Timestamp: 1744637434
Reason: process time, Value: 0.00, Counter: 121, Timestamp: 1744637434
Reason: loop time, Value: 517.64, Counter: 121, Timestamp: 1744637434
----------------------------------------
Thread: nice_thread, Loop time exceeded: 477.55ms
Reason: consumer time, Value: 0.00, Counter: 8, Timestamp: 1744637434
Reason: transform time, Value: 0.00, Counter: 8, Timestamp: 1744637434
Reason: global search time, Value: 475.52, Counter: 8, Timestamp: 1744637434
Reason: process time, Value: 0.00, Counter: 8, Timestamp: 1744637434
Reason: loop time, Value: 477.55, Counter: 8, Timestamp: 1744637434
----------------------------------------
Thread: nice_thread, Loop time exceeded: 542.32ms
Reason: consumer time, Value: 0.00, Counter: 24, Timestamp: 1744637434
Reason: transform time, Value: 0.01, Counter: 24, Timestamp: 1744637434
Reason: global search time, Value: 537.28, Counter: 24, Timestamp: 1744637435
Reason: process time, Value: 0.00, Counter: 24, Timestamp: 1744637435
Reason: loop time, Value: 542.32, Counter: 24, Timestamp: 1744637435
----------------------------------------
Thread: nice_thread, Loop time exceeded: 555.51ms
Reason: consumer time, Value: 0.00, Counter: 40, Timestamp: 1744637435
Reason: transform time, Value: 0.01, Counter: 40, Timestamp: 1744637435
Reason: global search time, Value: 549.69, Counter: 40, Timestamp: 1744637435
Reason: process time, Value: 0.00, Counter: 40, Timestamp: 1744637435
Reason: loop time, Value: 555.51, Counter: 40, Timestamp: 1744637435
----------------------------------------
Thread: nice_thread, Loop time exceeded: 518.48ms
Reason: consumer time, Value: 0.00, Counter: 56, Timestamp: 1744637435
Reason: transform time, Value: 0.00, Counter: 56, Timestamp: 1744637435
Reason: global search time, Value: 516.79, Counter: 56, Timestamp: 1744637436
Reason: process time, Value: 0.00, Counter: 56, Timestamp: 1744637436
Reason: loop time, Value: 518.48, Counter: 56, Timestamp: 1744637436
----------------------------------------
Thread: nice_thread, Loop time exceeded: 534.45ms
Reason: consumer time, Value: 0.00, Counter: 73, Timestamp: 1744637436
Reason: transform time, Value: 0.00, Counter: 73, Timestamp: 1744637436
Reason: global search time, Value: 530.47, Counter: 73, Timestamp: 1744637436
Reason: process time, Value: 0.00, Counter: 73, Timestamp: 1744637436
Reason: loop time, Value: 534.45, Counter: 73, Timestamp: 1744637436
----------------------------------------
Thread: nice_thread, Loop time exceeded: 479.37ms
Reason: consumer time, Value: 0.00, Counter: 89, Timestamp: 1744637436
Reason: transform time, Value: 0.00, Counter: 89, Timestamp: 1744637436
Reason: global search time, Value: 476.96, Counter: 89, Timestamp: 1744637437
Reason: process time, Value: 0.00, Counter: 89, Timestamp: 1744637437
Reason: loop time, Value: 479.37, Counter: 89, Timestamp: 1744637437
----------------------------------------
Thread: nice_thread, Loop time exceeded: 525.00ms
Reason: consumer time, Value: 0.00, Counter: 105, Timestamp: 1744637437
Reason: transform time, Value: 0.00, Counter: 105, Timestamp: 1744637437
Reason: global search time, Value: 523.02, Counter: 105, Timestamp: 1744637438
Reason: process time, Value: 0.00, Counter: 105, Timestamp: 1744637438
Reason: loop time, Value: 525.00, Counter: 105, Timestamp: 1744637438
----------------------------------------
Thread: nice_thread, Loop time exceeded: 468.30ms
Reason: consumer time, Value: 0.00, Counter: 120, Timestamp: 1744637438
Reason: transform time, Value: 0.00, Counter: 120, Timestamp: 1744637438
Reason: global search time, Value: 466.33, Counter: 120, Timestamp: 1744637438
Reason: process time, Value: 0.00, Counter: 120, Timestamp: 1744637438
Reason: loop time, Value: 468.30, Counter: 120, Timestamp: 1744637438
----------------------------------------
Thread: nice_thread, Loop time exceeded: 513.61ms
Reason: consumer time, Value: 0.00, Counter: 8, Timestamp: 1744637438
Reason: transform time, Value: 0.00, Counter: 8, Timestamp: 1744637438
Reason: global search time, Value: 511.61, Counter: 8, Timestamp: 1744637438
Reason: process time, Value: 0.00, Counter: 8, Timestamp: 1744637438
Reason: loop time, Value: 513.61, Counter: 8, Timestamp: 1744637438
----------------------------------------
Thread: nice_thread, Loop time exceeded: 478.84ms
Reason: consumer time, Value: 0.00, Counter: 23, Timestamp: 1744637438
Reason: transform time, Value: 0.00, Counter: 23, Timestamp: 1744637438
Reason: global search time, Value: 477.30, Counter: 23, Timestamp: 1744637439
Reason: process time, Value: 0.00, Counter: 23, Timestamp: 1744637439
Reason: loop time, Value: 478.84, Counter: 23, Timestamp: 1744637439
----------------------------------------
Thread: nice_thread, Loop time exceeded: 529.54ms
Reason: consumer time, Value: 0.00, Counter: 38, Timestamp: 1744637439
Reason: transform time, Value: 0.00, Counter: 38, Timestamp: 1744637439
Reason: global search time, Value: 527.73, Counter: 38, Timestamp: 1744637439
Reason: process time, Value: 0.00, Counter: 38, Timestamp: 1744637439
Reason: loop time, Value: 529.54, Counter: 38, Timestamp: 1744637439
----------------------------------------
Thread: nice_thread, Loop time exceeded: 521.13ms
Reason: consumer time, Value: 0.00, Counter: 54, Timestamp: 1744637439
Reason: transform time, Value: 0.01, Counter: 54, Timestamp: 1744637439
Reason: global search time, Value: 515.36, Counter: 54, Timestamp: 1744637440
Reason: process time, Value: 0.00, Counter: 54, Timestamp: 1744637440
Reason: loop time, Value: 521.13, Counter: 54, Timestamp: 1744637440
----------------------------------------
Thread: nice_thread, Loop time exceeded: 535.20ms
Reason: consumer time, Value: 0.00, Counter: 71, Timestamp: 1744637440
Reason: transform time, Value: 0.00, Counter: 71, Timestamp: 1744637440
Reason: global search time, Value: 533.73, Counter: 71, Timestamp: 1744637441
Reason: process time, Value: 0.00, Counter: 71, Timestamp: 1744637441
Reason: loop time, Value: 535.20, Counter: 71, Timestamp: 1744637441
----------------------------------------
Thread: nice_thread, Loop time exceeded: 483.73ms
Reason: consumer time, Value: 0.00, Counter: 86, Timestamp: 1744637441
Reason: transform time, Value: 0.00, Counter: 86, Timestamp: 1744637441
Reason: global search time, Value: 481.84, Counter: 86, Timestamp: 1744637441
Reason: process time, Value: 0.00, Counter: 86, Timestamp: 1744637441
Reason: loop time, Value: 483.73, Counter: 86, Timestamp: 1744637441
----------------------------------------
Thread: nice_thread, Loop time exceeded: 548.23ms
Reason: consumer time, Value: 0.00, Counter: 102, Timestamp: 1744637441
Reason: transform time, Value: 0.01, Counter: 102, Timestamp: 1744637441
Reason: global search time, Value: 543.06, Counter: 102, Timestamp: 1744637442
Reason: process time, Value: 0.00, Counter: 102, Timestamp: 1744637442
Reason: loop time, Value: 548.23, Counter: 102, Timestamp: 1744637442
----------------------------------------
Thread: nice_thread, Loop time exceeded: 479.10ms
Reason: consumer time, Value: 0.00, Counter: 118, Timestamp: 1744637442
Reason: transform time, Value: 0.00, Counter: 118, Timestamp: 1744637442
Reason: global search time, Value: 475.57, Counter: 118, Timestamp: 1744637442
Reason: process time, Value: 0.00, Counter: 118, Timestamp: 1744637442
Reason: loop time, Value: 479.10, Counter: 118, Timestamp: 1744637442
----------------------------------------
Thread: nice_thread, Loop time exceeded: 534.00ms
Reason: consumer time, Value: 0.00, Counter: 6, Timestamp: 1744637442
Reason: transform time, Value: 0.00, Counter: 6, Timestamp: 1744637442
Reason: global search time, Value: 529.95, Counter: 6, Timestamp: 1744637443
Reason: process time, Value: 0.00, Counter: 6, Timestamp: 1744637443
Reason: loop time, Value: 534.00, Counter: 6, Timestamp: 1744637443
----------------------------------------
Thread: nice_thread, Loop time exceeded: 478.87ms
Reason: consumer time, Value: 0.00, Counter: 21, Timestamp: 1744637443
Reason: transform time, Value: 0.00, Counter: 21, Timestamp: 1744637443
Reason: global search time, Value: 476.70, Counter: 21, Timestamp: 1744637443
Reason: process time, Value: 0.00, Counter: 21, Timestamp: 1744637443
Reason: loop time, Value: 478.87, Counter: 21, Timestamp: 1744637443
----------------------------------------
Thread: nice_thread, Loop time exceeded: 531.68ms
Reason: consumer time, Value: 0.00, Counter: 37, Timestamp: 1744637443
Reason: transform time, Value: 0.00, Counter: 37, Timestamp: 1744637443
Reason: global search time, Value: 529.47, Counter: 37, Timestamp: 1744637444
Reason: process time, Value: 0.00, Counter: 37, Timestamp: 1744637444
Reason: loop time, Value: 531.68, Counter: 37, Timestamp: 1744637444
----------------------------------------
Thread: nice_thread, Loop time exceeded: 476.45ms
Reason: consumer time, Value: 0.00, Counter: 53, Timestamp: 1744637444
Reason: transform time, Value: 0.00, Counter: 53, Timestamp: 1744637444
Reason: global search time, Value: 475.00, Counter: 53, Timestamp: 1744637444
Reason: process time, Value: 0.00, Counter: 53, Timestamp: 1744637444
Reason: loop time, Value: 476.45, Counter: 53, Timestamp: 1744637444
----------------------------------------
Thread: nice_thread, Loop time exceeded: 541.49ms
Reason: consumer time, Value: 0.00, Counter: 69, Timestamp: 1744637444
Reason: transform time, Value: 0.00, Counter: 69, Timestamp: 1744637444
Reason: global search time, Value: 539.12, Counter: 69, Timestamp: 1744637445
Reason: process time, Value: 0.00, Counter: 69, Timestamp: 1744637445
Reason: loop time, Value: 541.49, Counter: 69, Timestamp: 1744637445
----------------------------------------
Thread: nice_thread, Loop time exceeded: 504.31ms
Reason: consumer time, Value: 0.00, Counter: 85, Timestamp: 1744637445
Reason: transform time, Value: 0.00, Counter: 85, Timestamp: 1744637445
Reason: global search time, Value: 499.40, Counter: 85, Timestamp: 1744637445
Reason: process time, Value: 0.00, Counter: 85, Timestamp: 1744637445
Reason: loop time, Value: 504.31, Counter: 85, Timestamp: 1744637445
----------------------------------------
Thread: nice_thread, Loop time exceeded: 532.09ms
Reason: consumer time, Value: 0.00, Counter: 101, Timestamp: 1744637445
Reason: transform time, Value: 0.00, Counter: 101, Timestamp: 1744637445
Reason: global search time, Value: 530.11, Counter: 101, Timestamp: 1744637446
Reason: process time, Value: 0.00, Counter: 101, Timestamp: 1744637446
Reason: loop time, Value: 532.09, Counter: 101, Timestamp: 1744637446
----------------------------------------
Thread: nice_thread, Loop time exceeded: 481.46ms
Reason: consumer time, Value: 0.00, Counter: 117, Timestamp: 1744637446
Reason: transform time, Value: 0.00, Counter: 117, Timestamp: 1744637446
Reason: global search time, Value: 479.36, Counter: 117, Timestamp: 1744637446
Reason: process time, Value: 0.00, Counter: 117, Timestamp: 1744637446
Reason: loop time, Value: 481.46, Counter: 117, Timestamp: 1744637446
----------------------------------------
Thread: nice_thread, Loop time exceeded: 525.17ms
Reason: consumer time, Value: 0.00, Counter: 5, Timestamp: 1744637446
Reason: transform time, Value: 0.00, Counter: 5, Timestamp: 1744637446
Reason: global search time, Value: 520.50, Counter: 5, Timestamp: 1744637447
Reason: process time, Value: 0.00, Counter: 5, Timestamp: 1744637447
Reason: loop time, Value: 525.17, Counter: 5, Timestamp: 1744637447
----------------------------------------
Thread: nice_thread, Loop time exceeded: 478.58ms
Reason: consumer time, Value: 0.00, Counter: 20, Timestamp: 1744637447
Reason: transform time, Value: 0.00, Counter: 20, Timestamp: 1744637447
Reason: global search time, Value: 476.71, Counter: 20, Timestamp: 1744637447
Reason: process time, Value: 0.00, Counter: 20, Timestamp: 1744637447
Reason: loop time, Value: 478.58, Counter: 20, Timestamp: 1744637447
----------------------------------------
Thread: nice_thread, Loop time exceeded: 527.96ms
Reason: consumer time, Value: 0.00, Counter: 36, Timestamp: 1744637447
Reason: transform time, Value: 0.00, Counter: 36, Timestamp: 1744637447
Reason: global search time, Value: 525.62, Counter: 36, Timestamp: 1744637448
Reason: process time, Value: 0.00, Counter: 36, Timestamp: 1744637448
Reason: loop time, Value: 527.96, Counter: 36, Timestamp: 1744637448
----------------------------------------
Thread: nice_thread, Loop time exceeded: 474.57ms
Reason: consumer time, Value: 0.00, Counter: 51, Timestamp: 1744637448
Reason: transform time, Value: 0.00, Counter: 51, Timestamp: 1744637448
Reason: global search time, Value: 472.48, Counter: 51, Timestamp: 1744637448
Reason: process time, Value: 0.00, Counter: 51, Timestamp: 1744637448
Reason: loop time, Value: 474.57, Counter: 51, Timestamp: 1744637448
----------------------------------------
Thread: nice_thread, Loop time exceeded: 537.09ms
Reason: consumer time, Value: 0.00, Counter: 67, Timestamp: 1744637448
Reason: transform time, Value: 0.00, Counter: 67, Timestamp: 1744637448
Reason: global search time, Value: 535.01, Counter: 67, Timestamp: 1744637449
Reason: process time, Value: 0.00, Counter: 67, Timestamp: 1744637449
Reason: loop time, Value: 537.09, Counter: 67, Timestamp: 1744637449
----------------------------------------
Thread: nice_thread, Loop time exceeded: 506.51ms
Reason: consumer time, Value: 0.00, Counter: 83, Timestamp: 1744637449
Reason: transform time, Value: 0.00, Counter: 83, Timestamp: 1744637449
Reason: global search time, Value: 505.19, Counter: 83, Timestamp: 1744637449
Reason: process time, Value: 0.00, Counter: 83, Timestamp: 1744637449
Reason: loop time, Value: 506.51, Counter: 83, Timestamp: 1744637449
----------------------------------------
Thread: nice_thread, Loop time exceeded: 542.90ms
Reason: consumer time, Value: 0.00, Counter: 99, Timestamp: 1744637449
Reason: transform time, Value: 0.00, Counter: 99, Timestamp: 1744637449
Reason: global search time, Value: 541.45, Counter: 99, Timestamp: 1744637450
Reason: process time, Value: 0.00, Counter: 99, Timestamp: 1744637450
Reason: loop time, Value: 542.90, Counter: 99, Timestamp: 1744637450
----------------------------------------
Thread: nice_thread, Loop time exceeded: 478.72ms
Reason: consumer time, Value: 0.00, Counter: 114, Timestamp: 1744637450
Reason: transform time, Value: 0.00, Counter: 114, Timestamp: 1744637450
Reason: global search time, Value: 477.14, Counter: 114, Timestamp: 1744637450
Reason: process time, Value: 0.00, Counter: 114, Timestamp: 1744637450
Reason: loop time, Value: 478.72, Counter: 114, Timestamp: 1744637450
----------------------------------------
Thread: nice_thread, Loop time exceeded: 519.11ms
Reason: consumer time, Value: 0.00, Counter: 2, Timestamp: 1744637450
Reason: transform time, Value: 0.00, Counter: 2, Timestamp: 1744637450
Reason: global search time, Value: 517.21, Counter: 2, Timestamp: 1744637451
Reason: process time, Value: 0.00, Counter: 2, Timestamp: 1744637451
Reason: loop time, Value: 519.11, Counter: 2, Timestamp: 1744637451
----------------------------------------
Thread: nice_thread, Loop time exceeded: 477.14ms
Reason: consumer time, Value: 0.00, Counter: 17, Timestamp: 1744637451
Reason: transform time, Value: 0.00, Counter: 17, Timestamp: 1744637451
Reason: global search time, Value: 475.07, Counter: 17, Timestamp: 1744637451
Reason: process time, Value: 0.00, Counter: 17, Timestamp: 1744637451
Reason: loop time, Value: 477.14, Counter: 17, Timestamp: 1744637451
----------------------------------------
Thread: nice_thread, Loop time exceeded: 528.87ms
Reason: consumer time, Value: 0.00, Counter: 32, Timestamp: 1744637451
Reason: transform time, Value: 0.00, Counter: 32, Timestamp: 1744637451
Reason: global search time, Value: 526.95, Counter: 32, Timestamp: 1744637452
Reason: process time, Value: 0.00, Counter: 32, Timestamp: 1744637452
Reason: loop time, Value: 528.87, Counter: 32, Timestamp: 1744637452
----------------------------------------
Thread: nice_thread, Loop time exceeded: 479.54ms
Reason: consumer time, Value: 0.00, Counter: 48, Timestamp: 1744637452
Reason: transform time, Value: 0.00, Counter: 48, Timestamp: 1744637452
Reason: global search time, Value: 477.75, Counter: 48, Timestamp: 1744637452
Reason: process time, Value: 0.00, Counter: 48, Timestamp: 1744637452
Reason: loop time, Value: 479.54, Counter: 48, Timestamp: 1744637452
----------------------------------------
Thread: nice_thread, Loop time exceeded: 532.01ms
Reason: consumer time, Value: 0.00, Counter: 63, Timestamp: 1744637452
Reason: transform time, Value: 0.00, Counter: 63, Timestamp: 1744637452
Reason: global search time, Value: 527.30, Counter: 63, Timestamp: 1744637453
Reason: process time, Value: 0.00, Counter: 63, Timestamp: 1744637453
Reason: loop time, Value: 532.01, Counter: 63, Timestamp: 1744637453
----------------------------------------
Thread: nice_thread, Loop time exceeded: 506.93ms
Reason: consumer time, Value: 0.00, Counter: 78, Timestamp: 1744637453
Reason: transform time, Value: 0.00, Counter: 78, Timestamp: 1744637453
Reason: global search time, Value: 504.41, Counter: 78, Timestamp: 1744637453
Reason: process time, Value: 0.00, Counter: 78, Timestamp: 1744637453
Reason: loop time, Value: 506.93, Counter: 78, Timestamp: 1744637453
----------------------------------------
Thread: nice_thread, Loop time exceeded: 534.76ms
Reason: consumer time, Value: 0.00, Counter: 94, Timestamp: 1744637453
Reason: transform time, Value: 0.01, Counter: 94, Timestamp: 1744637453
Reason: global search time, Value: 529.44, Counter: 94, Timestamp: 1744637454
Reason: process time, Value: 0.00, Counter: 94, Timestamp: 1744637454
Reason: loop time, Value: 534.76, Counter: 94, Timestamp: 1744637454
----------------------------------------
Thread: nice_thread, Loop time exceeded: 480.40ms
Reason: consumer time, Value: 0.00, Counter: 110, Timestamp: 1744637454
Reason: transform time, Value: 0.00, Counter: 110, Timestamp: 1744637454
Reason: global search time, Value: 478.25, Counter: 110, Timestamp: 1744637454
Reason: process time, Value: 0.00, Counter: 110, Timestamp: 1744637454
Reason: loop time, Value: 480.40, Counter: 110, Timestamp: 1744637454
----------------------------------------
Thread: nice_thread, Loop time exceeded: 542.60ms
Reason: consumer time, Value: 0.00, Counter: 126, Timestamp: 1744637454
Reason: transform time, Value: 0.00, Counter: 126, Timestamp: 1744637454
Reason: global search time, Value: 541.01, Counter: 126, Timestamp: 1744637455
Reason: process time, Value: 0.00, Counter: 126, Timestamp: 1744637455
Reason: loop time, Value: 542.60, Counter: 126, Timestamp: 1744637455
----------------------------------------
Thread: nice_thread, Loop time exceeded: 477.09ms
Reason: consumer time, Value: 0.00, Counter: 14, Timestamp: 1744637455
Reason: transform time, Value: 0.00, Counter: 14, Timestamp: 1744637455
Reason: global search time, Value: 472.48, Counter: 14, Timestamp: 1744637455
Reason: process time, Value: 0.00, Counter: 14, Timestamp: 1744637455
Reason: loop time, Value: 477.09, Counter: 14, Timestamp: 1744637455
----------------------------------------
Thread: nice_thread, Loop time exceeded: 528.10ms
Reason: consumer time, Value: 0.00, Counter: 30, Timestamp: 1744637455
Reason: transform time, Value: 0.00, Counter: 30, Timestamp: 1744637455
Reason: global search time, Value: 523.47, Counter: 30, Timestamp: 1744637456
Reason: process time, Value: 0.00, Counter: 30, Timestamp: 1744637456
Reason: loop time, Value: 528.10, Counter: 30, Timestamp: 1744637456
----------------------------------------
Thread: nice_thread, Loop time exceeded: 493.41ms
Reason: consumer time, Value: 0.00, Counter: 45, Timestamp: 1744637456
Reason: transform time, Value: 0.01, Counter: 45, Timestamp: 1744637456
Reason: global search time, Value: 488.21, Counter: 45, Timestamp: 1744637456
Reason: process time, Value: 0.00, Counter: 45, Timestamp: 1744637456
Reason: loop time, Value: 493.41, Counter: 45, Timestamp: 1744637456
----------------------------------------
Thread: nice_thread, Loop time exceeded: 534.92ms
Reason: consumer time, Value: 0.00, Counter: 61, Timestamp: 1744637456
Reason: transform time, Value: 0.00, Counter: 61, Timestamp: 1744637456
Reason: global search time, Value: 532.96, Counter: 61, Timestamp: 1744637457
Reason: process time, Value: 0.00, Counter: 61, Timestamp: 1744637457
Reason: loop time, Value: 534.92, Counter: 61, Timestamp: 1744637457
----------------------------------------
Thread: nice_thread, Loop time exceeded: 486.48ms
Reason: consumer time, Value: 0.00, Counter: 77, Timestamp: 1744637457
Reason: transform time, Value: 0.00, Counter: 77, Timestamp: 1744637457
Reason: global search time, Value: 484.46, Counter: 77, Timestamp: 1744637457
Reason: process time, Value: 0.00, Counter: 77, Timestamp: 1744637457
Reason: loop time, Value: 486.48, Counter: 77, Timestamp: 1744637457
----------------------------------------
Thread: nice_thread, Loop time exceeded: 580.37ms
Reason: consumer time, Value: 0.00, Counter: 93, Timestamp: 1744637457
Reason: transform time, Value: 0.00, Counter: 93, Timestamp: 1744637457
Reason: global search time, Value: 578.50, Counter: 93, Timestamp: 1744637458
Reason: process time, Value: 0.00, Counter: 93, Timestamp: 1744637458
Reason: loop time, Value: 580.37, Counter: 93, Timestamp: 1744637458
----------------------------------------
Thread: nice_thread, Loop time exceeded: 542.76ms
Reason: consumer time, Value: 0.00, Counter: 110, Timestamp: 1744637458
Reason: transform time, Value: 0.00, Counter: 110, Timestamp: 1744637458
Reason: global search time, Value: 540.76, Counter: 110, Timestamp: 1744637458
Reason: process time, Value: 0.00, Counter: 110, Timestamp: 1744637458
Reason: loop time, Value: 542.76, Counter: 110, Timestamp: 1744637458
----------------------------------------
Thread: nice_thread, Loop time exceeded: 495.38ms
Reason: consumer time, Value: 0.00, Counter: 126, Timestamp: 1744637458
Reason: transform time, Value: 0.01, Counter: 126, Timestamp: 1744637458
Reason: global search time, Value: 488.63, Counter: 126, Timestamp: 1744637459
Reason: process time, Value: 0.00, Counter: 126, Timestamp: 1744637459
Reason: loop time, Value: 495.38, Counter: 126, Timestamp: 1744637459
----------------------------------------
Thread: nice_thread, Loop time exceeded: 533.63ms
Reason: consumer time, Value: 0.00, Counter: 15, Timestamp: 1744637459
Reason: transform time, Value: 0.00, Counter: 15, Timestamp: 1744637459
Reason: global search time, Value: 532.17, Counter: 15, Timestamp: 1744637459
Reason: process time, Value: 0.00, Counter: 15, Timestamp: 1744637459
Reason: loop time, Value: 533.63, Counter: 15, Timestamp: 1744637459
----------------------------------------
Thread: nice_thread, Loop time exceeded: 471.03ms
Reason: consumer time, Value: 0.00, Counter: 31, Timestamp: 1744637459
Reason: transform time, Value: 0.00, Counter: 31, Timestamp: 1744637459
Reason: global search time, Value: 469.21, Counter: 31, Timestamp: 1744637460
Reason: process time, Value: 0.00, Counter: 31, Timestamp: 1744637460
Reason: loop time, Value: 471.03, Counter: 31, Timestamp: 1744637460
----------------------------------------
Thread: nice_thread, Loop time exceeded: 536.78ms
Reason: consumer time, Value: 0.00, Counter: 45, Timestamp: 1744637460
Reason: transform time, Value: 0.00, Counter: 45, Timestamp: 1744637460
Reason: global search time, Value: 532.26, Counter: 45, Timestamp: 1744637460
Reason: process time, Value: 0.00, Counter: 45, Timestamp: 1744637460
Reason: loop time, Value: 536.78, Counter: 45, Timestamp: 1744637460
----------------------------------------
Thread: nice_thread, Loop time exceeded: 480.82ms
Reason: consumer time, Value: 0.00, Counter: 61, Timestamp: 1744637460
Reason: transform time, Value: 0.00, Counter: 61, Timestamp: 1744637460
Reason: global search time, Value: 478.85, Counter: 61, Timestamp: 1744637461
Reason: process time, Value: 0.00, Counter: 61, Timestamp: 1744637461
Reason: loop time, Value: 480.82, Counter: 61, Timestamp: 1744637461
----------------------------------------
Thread: nice_thread, Loop time exceeded: 536.21ms
Reason: consumer time, Value: 0.00, Counter: 77, Timestamp: 1744637461
Reason: transform time, Value: 0.00, Counter: 77, Timestamp: 1744637461
Reason: global search time, Value: 534.38, Counter: 77, Timestamp: 1744637462
Reason: process time, Value: 0.00, Counter: 77, Timestamp: 1744637462
Reason: loop time, Value: 536.21, Counter: 77, Timestamp: 1744637462
----------------------------------------
Thread: nice_thread, Loop time exceeded: 485.50ms
Reason: consumer time, Value: 0.00, Counter: 93, Timestamp: 1744637462
Reason: transform time, Value: 0.00, Counter: 93, Timestamp: 1744637462
Reason: global search time, Value: 483.32, Counter: 93, Timestamp: 1744637462
Reason: process time, Value: 0.00, Counter: 93, Timestamp: 1744637462
Reason: loop time, Value: 485.50, Counter: 93, Timestamp: 1744637462
----------------------------------------
Thread: nice_thread, Loop time exceeded: 556.32ms
Reason: consumer time, Value: 0.00, Counter: 109, Timestamp: 1744637462
Reason: transform time, Value: 0.00, Counter: 109, Timestamp: 1744637462
Reason: global search time, Value: 554.79, Counter: 109, Timestamp: 1744637463
Reason: process time, Value: 0.00, Counter: 109, Timestamp: 1744637463
Reason: loop time, Value: 556.32, Counter: 109, Timestamp: 1744637463
----------------------------------------
Thread: nice_thread, Loop time exceeded: 495.19ms
Reason: consumer time, Value: 0.00, Counter: 125, Timestamp: 1744637463
Reason: transform time, Value: 0.00, Counter: 125, Timestamp: 1744637463
Reason: global search time, Value: 492.79, Counter: 125, Timestamp: 1744637463
Reason: process time, Value: 0.00, Counter: 125, Timestamp: 1744637463
Reason: loop time, Value: 495.19, Counter: 125, Timestamp: 1744637463
----------------------------------------
Thread: nice_thread, Loop time exceeded: 548.37ms
Reason: consumer time, Value: 0.00, Counter: 13, Timestamp: 1744637463
Reason: transform time, Value: 0.01, Counter: 13, Timestamp: 1744637463
Reason: global search time, Value: 542.14, Counter: 13, Timestamp: 1744637464
Reason: process time, Value: 0.00, Counter: 13, Timestamp: 1744637464
Reason: loop time, Value: 548.37, Counter: 13, Timestamp: 1744637464
----------------------------------------
Thread: nice_thread, Loop time exceeded: 493.26ms
Reason: consumer time, Value: 0.00, Counter: 29, Timestamp: 1744637464
Reason: transform time, Value: 0.00, Counter: 29, Timestamp: 1744637464
Reason: global search time, Value: 490.61, Counter: 29, Timestamp: 1744637464
Reason: process time, Value: 0.00, Counter: 29, Timestamp: 1744637464
Reason: loop time, Value: 493.26, Counter: 29, Timestamp: 1744637464
----------------------------------------
Thread: nice_thread, Loop time exceeded: 533.90ms
Reason: consumer time, Value: 0.00, Counter: 45, Timestamp: 1744637464
Reason: transform time, Value: 0.00, Counter: 45, Timestamp: 1744637464
Reason: global search time, Value: 531.79, Counter: 45, Timestamp: 1744637465
Reason: process time, Value: 0.00, Counter: 45, Timestamp: 1744637465
Reason: loop time, Value: 533.90, Counter: 45, Timestamp: 1744637465
----------------------------------------
Thread: nice_thread, Loop time exceeded: 477.77ms
Reason: consumer time, Value: 0.00, Counter: 61, Timestamp: 1744637465
Reason: transform time, Value: 0.00, Counter: 61, Timestamp: 1744637465
Reason: global search time, Value: 475.80, Counter: 61, Timestamp: 1744637465
Reason: process time, Value: 0.00, Counter: 61, Timestamp: 1744637465
Reason: loop time, Value: 477.77, Counter: 61, Timestamp: 1744637465
----------------------------------------
Thread: nice_thread, Loop time exceeded: 539.40ms
Reason: consumer time, Value: 0.00, Counter: 77, Timestamp: 1744637465
Reason: transform time, Value: 0.00, Counter: 77, Timestamp: 1744637465
Reason: global search time, Value: 534.51, Counter: 77, Timestamp: 1744637466
Reason: process time, Value: 0.00, Counter: 77, Timestamp: 1744637466
Reason: loop time, Value: 539.40, Counter: 77, Timestamp: 1744637466
----------------------------------------
Thread: nice_thread, Loop time exceeded: 486.18ms
Reason: consumer time, Value: 0.00, Counter: 92, Timestamp: 1744637466
Reason: transform time, Value: 0.00, Counter: 92, Timestamp: 1744637466
Reason: global search time, Value: 481.89, Counter: 92, Timestamp: 1744637466
Reason: process time, Value: 0.00, Counter: 92, Timestamp: 1744637466
Reason: loop time, Value: 486.18, Counter: 92, Timestamp: 1744637466
----------------------------------------
Thread: nice_thread, Loop time exceeded: 534.33ms
Reason: consumer time, Value: 0.00, Counter: 109, Timestamp: 1744637466
Reason: transform time, Value: 0.00, Counter: 109, Timestamp: 1744637466
Reason: global search time, Value: 532.65, Counter: 109, Timestamp: 1744637467
Reason: process time, Value: 0.00, Counter: 109, Timestamp: 1744637467
Reason: loop time, Value: 534.33, Counter: 109, Timestamp: 1744637467
----------------------------------------
Thread: nice_thread, Loop time exceeded: 504.95ms
Reason: consumer time, Value: 0.00, Counter: 124, Timestamp: 1744637467
Reason: transform time, Value: 0.00, Counter: 124, Timestamp: 1744637467
Reason: global search time, Value: 502.45, Counter: 124, Timestamp: 1744637467
Reason: process time, Value: 0.00, Counter: 124, Timestamp: 1744637467
Reason: loop time, Value: 504.95, Counter: 124, Timestamp: 1744637467
----------------------------------------
Thread: nice_thread, Loop time exceeded: 550.41ms
Reason: consumer time, Value: 0.00, Counter: 12, Timestamp: 1744637467
Reason: transform time, Value: 0.00, Counter: 12, Timestamp: 1744637467
Reason: global search time, Value: 548.48, Counter: 12, Timestamp: 1744637468
Reason: process time, Value: 0.00, Counter: 12, Timestamp: 1744637468
Reason: loop time, Value: 550.41, Counter: 12, Timestamp: 1744637468
----------------------------------------
Thread: nice_thread, Loop time exceeded: 485.49ms
Reason: consumer time, Value: 0.00, Counter: 29, Timestamp: 1744637468
Reason: transform time, Value: 0.01, Counter: 29, Timestamp: 1744637468
Reason: global search time, Value: 480.42, Counter: 29, Timestamp: 1744637468
Reason: process time, Value: 0.00, Counter: 29, Timestamp: 1744637468
Reason: loop time, Value: 485.49, Counter: 29, Timestamp: 1744637468
----------------------------------------
Thread: nice_thread, Loop time exceeded: 538.45ms
Reason: consumer time, Value: 0.00, Counter: 45, Timestamp: 1744637468
Reason: transform time, Value: 0.00, Counter: 45, Timestamp: 1744637468
Reason: global search time, Value: 533.76, Counter: 45, Timestamp: 1744637469
Reason: process time, Value: 0.00, Counter: 45, Timestamp: 1744637469
Reason: loop time, Value: 538.45, Counter: 45, Timestamp: 1744637469
----------------------------------------
Thread: nice_thread, Loop time exceeded: 481.28ms
Reason: consumer time, Value: 0.00, Counter: 61, Timestamp: 1744637469
Reason: transform time, Value: 0.00, Counter: 61, Timestamp: 1744637469
Reason: global search time, Value: 478.91, Counter: 61, Timestamp: 1744637469
Reason: process time, Value: 0.00, Counter: 61, Timestamp: 1744637469
Reason: loop time, Value: 481.28, Counter: 61, Timestamp: 1744637469
----------------------------------------
Thread: nice_thread, Loop time exceeded: 530.57ms
Reason: consumer time, Value: 0.00, Counter: 77, Timestamp: 1744637469
Reason: transform time, Value: 0.00, Counter: 77, Timestamp: 1744637469
Reason: global search time, Value: 526.44, Counter: 77, Timestamp: 1744637470
Reason: process time, Value: 0.00, Counter: 77, Timestamp: 1744637470
Reason: loop time, Value: 530.57, Counter: 77, Timestamp: 1744637470
----------------------------------------
Thread: nice_thread, Loop time exceeded: 494.53ms
Reason: consumer time, Value: 0.00, Counter: 92, Timestamp: 1744637470
Reason: transform time, Value: 0.01, Counter: 92, Timestamp: 1744637470
Reason: global search time, Value: 489.22, Counter: 92, Timestamp: 1744637470
Reason: process time, Value: 0.00, Counter: 92, Timestamp: 1744637470
Reason: loop time, Value: 494.53, Counter: 92, Timestamp: 1744637470
----------------------------------------
Thread: nice_thread, Loop time exceeded: 537.16ms
Reason: consumer time, Value: 0.00, Counter: 108, Timestamp: 1744637470
Reason: transform time, Value: 0.00, Counter: 108, Timestamp: 1744637470
Reason: global search time, Value: 535.34, Counter: 108, Timestamp: 1744637471
Reason: process time, Value: 0.00, Counter: 108, Timestamp: 1744637471
Reason: loop time, Value: 537.16, Counter: 108, Timestamp: 1744637471
----------------------------------------
Thread: nice_thread, Loop time exceeded: 493.58ms
Reason: consumer time, Value: 0.00, Counter: 123, Timestamp: 1744637471
Reason: transform time, Value: 0.01, Counter: 123, Timestamp: 1744637471
Reason: global search time, Value: 488.01, Counter: 123, Timestamp: 1744637471
Reason: process time, Value: 0.00, Counter: 123, Timestamp: 1744637471
Reason: loop time, Value: 493.58, Counter: 123, Timestamp: 1744637471
----------------------------------------
Thread: nice_thread, Loop time exceeded: 554.52ms
Reason: consumer time, Value: 0.00, Counter: 11, Timestamp: 1744637471
Reason: transform time, Value: 0.00, Counter: 11, Timestamp: 1744637471
Reason: global search time, Value: 552.39, Counter: 11, Timestamp: 1744637472
Reason: process time, Value: 0.00, Counter: 11, Timestamp: 1744637472
Reason: loop time, Value: 554.52, Counter: 11, Timestamp: 1744637472
----------------------------------------
Thread: nice_thread, Loop time exceeded: 523.07ms
Reason: consumer time, Value: 0.00, Counter: 27, Timestamp: 1744637472
Reason: transform time, Value: 0.00, Counter: 27, Timestamp: 1744637472
Reason: global search time, Value: 520.88, Counter: 27, Timestamp: 1744637472
Reason: process time, Value: 0.00, Counter: 27, Timestamp: 1744637472
Reason: loop time, Value: 523.07, Counter: 27, Timestamp: 1744637472
----------------------------------------
Thread: nice_thread, Loop time exceeded: 528.29ms
Reason: consumer time, Value: 0.00, Counter: 44, Timestamp: 1744637472
Reason: transform time, Value: 0.00, Counter: 44, Timestamp: 1744637472
Reason: global search time, Value: 526.85, Counter: 44, Timestamp: 1744637473
Reason: process time, Value: 0.00, Counter: 44, Timestamp: 1744637473
Reason: loop time, Value: 528.29, Counter: 44, Timestamp: 1744637473
----------------------------------------
Thread: nice_thread, Loop time exceeded: 552.39ms
Reason: consumer time, Value: 0.00, Counter: 59, Timestamp: 1744637473
Reason: transform time, Value: 0.00, Counter: 59, Timestamp: 1744637473
Reason: global search time, Value: 550.46, Counter: 59, Timestamp: 1744637473
Reason: process time, Value: 0.00, Counter: 59, Timestamp: 1744637473
Reason: loop time, Value: 552.39, Counter: 59, Timestamp: 1744637473
----------------------------------------
Thread: nice_thread, Loop time exceeded: 477.46ms
Reason: consumer time, Value: 0.00, Counter: 75, Timestamp: 1744637473
Reason: transform time, Value: 0.00, Counter: 75, Timestamp: 1744637473
Reason: global search time, Value: 475.63, Counter: 75, Timestamp: 1744637474
Reason: process time, Value: 0.00, Counter: 75, Timestamp: 1744637474
Reason: loop time, Value: 477.46, Counter: 75, Timestamp: 1744637474
----------------------------------------
Thread: nice_thread, Loop time exceeded: 531.64ms
Reason: consumer time, Value: 0.00, Counter: 90, Timestamp: 1744637474
Reason: transform time, Value: 0.01, Counter: 90, Timestamp: 1744637474
Reason: global search time, Value: 525.00, Counter: 90, Timestamp: 1744637474
Reason: process time, Value: 0.00, Counter: 90, Timestamp: 1744637474
Reason: loop time, Value: 531.64, Counter: 90, Timestamp: 1744637474
----------------------------------------
Thread: nice_thread, Loop time exceeded: 496.03ms
Reason: consumer time, Value: 0.00, Counter: 106, Timestamp: 1744637474
Reason: transform time, Value: 0.00, Counter: 106, Timestamp: 1744637474
Reason: global search time, Value: 494.63, Counter: 106, Timestamp: 1744637475
Reason: process time, Value: 0.00, Counter: 106, Timestamp: 1744637475
Reason: loop time, Value: 496.03, Counter: 106, Timestamp: 1744637475
----------------------------------------
Thread: nice_thread, Loop time exceeded: 556.12ms
Reason: consumer time, Value: 0.00, Counter: 121, Timestamp: 1744637475
Reason: transform time, Value: 0.00, Counter: 121, Timestamp: 1744637475
Reason: global search time, Value: 554.14, Counter: 121, Timestamp: 1744637476
Reason: process time, Value: 0.00, Counter: 121, Timestamp: 1744637476
Reason: loop time, Value: 556.12, Counter: 121, Timestamp: 1744637476
----------------------------------------
Thread: nice_thread, Loop time exceeded: 484.96ms
Reason: consumer time, Value: 0.00, Counter: 9, Timestamp: 1744637476
Reason: transform time, Value: 0.00, Counter: 9, Timestamp: 1744637476
Reason: global search time, Value: 483.38, Counter: 9, Timestamp: 1744637476
Reason: process time, Value: 0.00, Counter: 9, Timestamp: 1744637476
Reason: loop time, Value: 484.96, Counter: 9, Timestamp: 1744637476
----------------------------------------
Thread: nice_thread, Loop time exceeded: 547.19ms
Reason: consumer time, Value: 0.00, Counter: 24, Timestamp: 1744637476
Reason: transform time, Value: 0.00, Counter: 24, Timestamp: 1744637476
Reason: global search time, Value: 544.67, Counter: 24, Timestamp: 1744637477
Reason: process time, Value: 0.00, Counter: 24, Timestamp: 1744637477
Reason: loop time, Value: 547.19, Counter: 24, Timestamp: 1744637477
----------------------------------------
Thread: nice_thread, Loop time exceeded: 536.19ms
Reason: consumer time, Value: 0.00, Counter: 40, Timestamp: 1744637477
Reason: transform time, Value: 0.01, Counter: 40, Timestamp: 1744637477
Reason: global search time, Value: 529.46, Counter: 40, Timestamp: 1744637477
Reason: process time, Value: 0.00, Counter: 40, Timestamp: 1744637477
Reason: loop time, Value: 536.19, Counter: 40, Timestamp: 1744637477
----------------------------------------
Thread: nice_thread, Loop time exceeded: 545.88ms
Reason: consumer time, Value: 0.00, Counter: 57, Timestamp: 1744637477
Reason: transform time, Value: 0.00, Counter: 57, Timestamp: 1744637477
Reason: global search time, Value: 543.82, Counter: 57, Timestamp: 1744637478
Reason: process time, Value: 0.00, Counter: 57, Timestamp: 1744637478
Reason: loop time, Value: 545.88, Counter: 57, Timestamp: 1744637478
----------------------------------------
Thread: nice_thread, Loop time exceeded: 490.25ms
Reason: consumer time, Value: 0.00, Counter: 72, Timestamp: 1744637478
Reason: transform time, Value: 0.00, Counter: 72, Timestamp: 1744637478
Reason: global search time, Value: 487.75, Counter: 72, Timestamp: 1744637478
Reason: process time, Value: 0.00, Counter: 72, Timestamp: 1744637478
Reason: loop time, Value: 490.25, Counter: 72, Timestamp: 1744637478
----------------------------------------
Thread: nice_thread, Loop time exceeded: 546.71ms
Reason: consumer time, Value: 0.00, Counter: 88, Timestamp: 1744637478
Reason: transform time, Value: 0.00, Counter: 88, Timestamp: 1744637478
Reason: global search time, Value: 542.63, Counter: 88, Timestamp: 1744637479
Reason: process time, Value: 0.00, Counter: 88, Timestamp: 1744637479
Reason: loop time, Value: 546.71, Counter: 88, Timestamp: 1744637479
----------------------------------------
Thread: nice_thread, Loop time exceeded: 490.70ms
Reason: consumer time, Value: 0.00, Counter: 104, Timestamp: 1744637479
Reason: transform time, Value: 0.01, Counter: 104, Timestamp: 1744637479
Reason: global search time, Value: 485.05, Counter: 104, Timestamp: 1744637479
Reason: process time, Value: 0.00, Counter: 104, Timestamp: 1744637479
Reason: loop time, Value: 490.70, Counter: 104, Timestamp: 1744637479
----------------------------------------
Thread: nice_thread, Loop time exceeded: 536.82ms
Reason: consumer time, Value: 0.00, Counter: 120, Timestamp: 1744637479
Reason: transform time, Value: 0.00, Counter: 120, Timestamp: 1744637479
Reason: global search time, Value: 533.01, Counter: 120, Timestamp: 1744637480
Reason: process time, Value: 0.00, Counter: 120, Timestamp: 1744637480
Reason: loop time, Value: 536.82, Counter: 120, Timestamp: 1744637480
----------------------------------------
Thread: nice_thread, Loop time exceeded: 492.05ms
Reason: consumer time, Value: 0.00, Counter: 7, Timestamp: 1744637480
Reason: transform time, Value: 0.00, Counter: 7, Timestamp: 1744637480
Reason: global search time, Value: 489.87, Counter: 7, Timestamp: 1744637480
Reason: process time, Value: 0.00, Counter: 7, Timestamp: 1744637480
Reason: loop time, Value: 492.05, Counter: 7, Timestamp: 1744637480
----------------------------------------
Thread: nice_thread, Loop time exceeded: 563.72ms
Reason: consumer time, Value: 0.00, Counter: 23, Timestamp: 1744637480
Reason: transform time, Value: 0.00, Counter: 23, Timestamp: 1744637480
Reason: global search time, Value: 559.43, Counter: 23, Timestamp: 1744637481
Reason: process time, Value: 0.00, Counter: 23, Timestamp: 1744637481
Reason: loop time, Value: 563.72, Counter: 23, Timestamp: 1744637481
----------------------------------------
Thread: nice_thread, Loop time exceeded: 488.52ms
Reason: consumer time, Value: 0.00, Counter: 38, Timestamp: 1744637481
Reason: transform time, Value: 0.00, Counter: 38, Timestamp: 1744637481
Reason: global search time, Value: 486.23, Counter: 38, Timestamp: 1744637481
Reason: process time, Value: 0.00, Counter: 38, Timestamp: 1744637481
Reason: loop time, Value: 488.52, Counter: 38, Timestamp: 1744637481
----------------------------------------
Thread: nice_thread, Loop time exceeded: 554.98ms
Reason: consumer time, Value: 0.00, Counter: 54, Timestamp: 1744637481
Reason: transform time, Value: 0.00, Counter: 54, Timestamp: 1744637481
Reason: global search time, Value: 551.36, Counter: 54, Timestamp: 1744637482
Reason: process time, Value: 0.00, Counter: 54, Timestamp: 1744637482
Reason: loop time, Value: 554.98, Counter: 54, Timestamp: 1744637482
----------------------------------------
Thread: nice_thread, Loop time exceeded: 515.66ms
Reason: consumer time, Value: 0.00, Counter: 70, Timestamp: 1744637482
Reason: transform time, Value: 0.00, Counter: 70, Timestamp: 1744637482
Reason: global search time, Value: 511.55, Counter: 70, Timestamp: 1744637482
Reason: process time, Value: 0.00, Counter: 70, Timestamp: 1744637482
Reason: loop time, Value: 515.66, Counter: 70, Timestamp: 1744637482
----------------------------------------
Thread: nice_thread, Loop time exceeded: 553.59ms
Reason: consumer time, Value: 0.00, Counter: 86, Timestamp: 1744637482
Reason: transform time, Value: 0.01, Counter: 86, Timestamp: 1744637482
Reason: global search time, Value: 547.23, Counter: 86, Timestamp: 1744637483
Reason: process time, Value: 0.00, Counter: 86, Timestamp: 1744637483
Reason: loop time, Value: 553.59, Counter: 86, Timestamp: 1744637483
----------------------------------------
Thread: nice_thread, Loop time exceeded: 492.73ms
Reason: consumer time, Value: 0.00, Counter: 102, Timestamp: 1744637483
Reason: transform time, Value: 0.00, Counter: 102, Timestamp: 1744637483
Reason: global search time, Value: 490.44, Counter: 102, Timestamp: 1744637483
Reason: process time, Value: 0.00, Counter: 102, Timestamp: 1744637483
Reason: loop time, Value: 492.73, Counter: 102, Timestamp: 1744637483
----------------------------------------
Thread: nice_thread, Loop time exceeded: 549.79ms
Reason: consumer time, Value: 0.00, Counter: 118, Timestamp: 1744637483
Reason: transform time, Value: 0.00, Counter: 118, Timestamp: 1744637483
Reason: global search time, Value: 548.08, Counter: 118, Timestamp: 1744637484
Reason: process time, Value: 0.00, Counter: 118, Timestamp: 1744637484
Reason: loop time, Value: 549.79, Counter: 118, Timestamp: 1744637484
----------------------------------------
