Core number: 0
Remap: 0.003 ms
Transform color: 7.354 ms
Core number: 0
Remap: 0 ms
Transform color: 3.524 ms
Core number: 0
Remap: 0.001 ms
Transform color: 1.962 ms
Core number: 0
Remap: 0 ms
Transform color: 1.646 ms
Core number: 0
Remap: 0.001 ms
Transform color: 2.131 ms
Core number: 0
Remap: 0.001 ms
Transform color: 2.136 ms
Core number: 0
Remap: 0.001 ms
Transform color: 1.707 ms
Core number: 0
Remap: 0.001 ms
Transform color: 128.12 ms
Core number: 0
Remap: 0.002 ms
Transform color: 1.867 ms
Core number: 0
Remap: 0 ms
Transform color: 1.879 ms
Core number: 0
Remap: 0.001 ms
Transform color: 2.003 ms
Core number: 0
Remap: 0.001 ms
Transform color: 2.28 ms
Core number: 0
Remap: 0.001 ms
Transform color: 2.084 ms
Core number: 0
Remap: 0.001 ms
Transform color: 2.269 ms
Core number: 0
Remap: 0 ms
Transform color: 2.307 ms
Core number: 0
Remap: 0 ms
Transform color: 2.2 ms
Core number: 0
Remap: 0.001 ms
Transform color: 1.926 ms
Core number: 0
Remap: 0 ms
Transform color: 8.048 ms
Core number: 0
Remap: 0.001 ms
Transform color: 1.9 ms
Core number: 0
Remap: 0.001 ms
Transform color: 2.294 ms
Core number: 0
Remap: 0.001 ms
Transform color: 1.909 ms
Core number: 0
Remap: 0.001 ms
Transform color: 4.408 ms
Core number: 0
Remap: 0 ms
Transform color: 1.952 ms
Core number: 0
Remap: 0 ms
Transform color: 2.217 ms
Core number: 0
Remap: 0.001 ms
Transform color: 2.064 ms
Core number: 0
Remap: 0.001 ms
Transform color: 1.715 ms
Core number: 0
Remap: 0 ms
Transform color: 1.644 ms
Core number: 0
Remap: 0.001 ms
Transform color: 1.364 ms
Core number: 0
Remap: 0 ms
Transform color: 2.075 ms
Core number: 0
Remap: 0.001 ms
Transform color: 1.817 ms
Core number: 0
Remap: 0.001 ms
Transform color: 7.009 ms
Core number: 0
Remap: 0.001 ms
Transform color: 2.439 ms
Core number: 0
Remap: 0.001 ms
Transform color: 1.792 ms
Core number: 0
Remap: 0 ms
Transform color: 6.505 ms
Core number: 0
Remap: 0.001 ms
Transform color: 3.707 ms
Core number: 0
Remap: 0.001 ms
Transform color: 1.878 ms
Core number: 0
Remap: 0.001 ms
Transform color: 4.202 ms
Core number: 0
Remap: 0.001 ms
Transform color: 5.678 ms
Core number: 0
Remap: 0.001 ms
Transform color: 1.841 ms
Core number: 0
Remap: 0.001 ms
Transform color: 2.306 ms
Core number: 0
Remap: 0.001 ms
Transform color: 7.267 ms
Core number: 0
Remap: 0.001 ms
Transform color: 3.957 ms
Core number: 0
Remap: 0 ms
Transform color: 4.68 ms
Core number: 0
Remap: 0.001 ms
Transform color: 7.305 ms
Core number: 0
Remap: 0.001 ms
Transform color: 2.393 ms
Core number: 0
Remap: 0 ms
Transform color: 1.69 ms
Core number: 0
Remap: 0.001 ms
Transform color: 2.371 ms
Core number: 0
Remap: 0.001 ms
Transform color: 1.38 ms
Core number: 0
Remap: 0.001 ms
Transform color: 2.363 ms
Core number: 0
Remap: 0 ms
Transform color: 5.932 ms
Core number: 0
Remap: 0.001 ms
Transform color: 2.018 ms
Core number: 0
Remap: 0.001 ms
Transform color: 6.581 ms
Core number: 0
Remap: 0 ms
Transform color: 3.729 ms
Core number: 0
Remap: 0 ms
Transform color: 2.214 ms
Core number: 0
Remap: 0.002 ms
Transform color: 2.342 ms
Core number: 0
Remap: 0.001 ms
Transform color: 4.566 ms
Core number: 0
Remap: 0.001 ms
Transform color: 5.187 ms
Core number: 0
Remap: 0 ms
Transform color: 1.937 ms
Core number: 0
Remap: 0 ms
Transform color: 1.907 ms
Core number: 0
Remap: 0.001 ms
Transform color: 1.852 ms
Core number: 0
Remap: 0.001 ms
Transform color: 7.557 ms
Core number: 0
Remap: 0.001 ms
Transform color: 2.844 ms
Core number: 0
Remap: 0.001 ms
Transform color: 1.922 ms
Core number: 0
Remap: 0.001 ms
Transform color: 2.035 ms
Core number: 0
Remap: 0.001 ms
Transform color: 1.905 ms
Core number: 0
Remap: 0 ms
Transform color: 6.076 ms
Core number: 0
Remap: 0.001 ms
Transform color: 1.734 ms
Core number: 0
Remap: 0.001 ms
Transform color: 1.834 ms
Core number: 0
Remap: 0 ms
Transform color: 7.106 ms
Core number: 0
Remap: 0 ms
Transform color: 1.941 ms
Core number: 0
Remap: 0 ms
Transform color: 5.937 ms
Core number: 0
Remap: 0 ms
Transform color: 1.684 ms
Core number: 0
Remap: 0.001 ms
Transform color: 1.727 ms
Core number: 0
Remap: 0.001 ms
Transform color: 5.377 ms
Core number: 0
Remap: 0.001 ms
Transform color: 5.299 ms
Core number: 0
Remap: 0.001 ms
Transform color: 1.486 ms
Core number: 0
Remap: 0.001 ms
Transform color: 2.442 ms
Core number: 0
Remap: 0.001 ms
Transform color: 1.655 ms
Core number: 0
Remap: 0.001 ms
Transform color: 2.04 ms
Core number: 0
Remap: 0 ms
Transform color: 4.111 ms
Core number: 0
ason: loop time, Value: 656.33, Counter: 125, Timestamp: 1745499696
----------------------------------------
Thread: nice_thread, Loop time exceeded: 725.79 ms
Reason: consumer time, Value: 0.00, Counter: 18, Timestamp: 1745499696
Reason: transform time, Value: 0.00, Counter: 18, Timestamp: 1745499696
Reason: global search time, Value: 723.70, Counter: 18, Timestamp: 1745499697
Reason: process time, Value: 0.00, Counter: 18, Timestamp: 1745499697
Reason: loop time, Value: 725.79, Counter: 18, Timestamp: 1745499697
----------------------------------------
Thread: nice_thread, Loop time exceeded: 723.69 ms
Reason: consumer time, Value: 0.00, Counter: 41, Timestamp: 1745499697
Reason: transform time, Value: 0.00, Counter: 41, Timestamp: 1745499697
Reason: global search time, Value: 721.33, Counter: 41, Timestamp: 1745499697
Reason: process time, Value: 0.00, Counter: 41, Timestamp: 1745499697
Reason: loop time, Value: 723.69, Counter: 41, Timestamp: 1745499697
----------------------------------------
Thread: nice_thread, Loop time exceeded: 700.42 ms
Reason: consumer time, Value: 0.00, Counter: 63, Timestamp: 1745499697
Reason: transform time, Value: 0.00, Counter: 63, Timestamp: 1745499697
Reason: global search time, Value: 698.25, Counter: 63, Timestamp: 1745499698
Reason: process time, Value: 0.00, Counter: 63, Timestamp: 1745499698
Reason: loop time, Value: 700.42, Counter: 63, Timestamp: 1745499698
----------------------------------------
Thread: nice_thread, Loop time exceeded: 731.45 ms
Reason: consumer time, Value: 0.00, Counter: 85, Timestamp: 1745499698
Reason: transform time, Value: 0.00, Counter: 85, Timestamp: 1745499698
Reason: global search time, Value: 729.10, Counter: 85, Timestamp: 1745499699
Reason: process time, Value: 0.00, Counter: 85, Timestamp: 1745499699
Reason: loop time, Value: 731.45, Counter: 85, Timestamp: 1745499699
----------------------------------------
Thread: nice_thread, Loop time exceeded: 721.68 ms
Reason: consumer time, Value: 0.00, Counter: 108, Timestamp: 1745499699
Reason: transform time, Value: 0.00, Counter: 108, Timestamp: 1745499699
Reason: global search time, Value: 719.31, Counter: 108, Timestamp: 1745499700
Reason: process time, Value: 0.00, Counter: 108, Timestamp: 1745499700
Reason: loop time, Value: 721.68, Counter: 108, Timestamp: 1745499700
----------------------------------------
Thread: nice_thread, Loop time exceeded: 744.68 ms
Reason: consumer time, Value: 0.00, Counter: 2, Timestamp: 1745499700
Reason: transform time, Value: 0.00, Counter: 2, Timestamp: 1745499700
Reason: global search time, Value: 742.42, Counter: 2, Timestamp: 1745499700
Reason: process time, Value: 0.00, Counter: 2, Timestamp: 1745499700
Reason: loop time, Value: 744.68, Counter: 2, Timestamp: 1745499700
----------------------------------------
Thread: nice_thread, Loop time exceeded: 705.85 ms
Reason: consumer time, Value: 0.00, Counter: 25, Timestamp: 1745499700
Reason: transform time, Value: 0.00, Counter: 25, Timestamp: 1745499700
Reason: global search time, Value: 703.85, Counter: 25, Timestamp: 1745499701
Reason: process time, Value: 0.00, Counter: 25, Timestamp: 1745499701
Reason: loop time, Value: 705.85, Counter: 25, Timestamp: 1745499701
----------------------------------------
Thread: nice_thread, Loop time exceeded: 729.89 ms
Reason: consumer time, Value: 0.00, Counter: 49, Timestamp: 1745499701
Reason: transform time, Value: 0.01, Counter: 49, Timestamp: 1745499701
Reason: global search time, Value: 721.78, Counter: 49, Timestamp: 1745499702
Reason: process time, Value: 0.00, Counter: 49, Timestamp: 1745499702
Reason: loop time, Value: 729.89, Counter: 49, Timestamp: 1745499702
----------------------------------------
Thread: nice_thread, Loop time exceeded: 740.82 ms
Reason: consumer time, Value: 0.00, Counter: 72, Timestamp: 1745499702
Reason: transform time, Value: 0.00, Counter: 72, Timestamp: 1745499702
Reason: global search time, Value: 738.83, Counter: 72, Timestamp: 1745499702
Reason: process time, Value: 0.00, Counter: 72, Timestamp: 1745499702
Reason: loop time, Value: 740.82, Counter: 72, Timestamp: 1745499702
----------------------------------------
Thread: nice_thread, Loop time exceeded: 737.64 ms
Reason: consumer time, Value: 0.00, Counter: 95, Timestamp: 1745499702
Reason: transform time, Value: 0.00, Counter: 95, Timestamp: 1745499702
Reason: global search time, Value: 735.28, Counter: 95, Timestamp: 1745499703
Reason: process time, Value: 0.00, Counter: 95, Timestamp: 1745499703
Reason: loop time, Value: 737.64, Counter: 95, Timestamp: 1745499703
----------------------------------------
Thread: nice_thread, Loop time exceeded: 698.00 ms
Reason: consumer time, Value: 0.00, Counter: 118, Timestamp: 1745499703
Reason: transform time, Value: 0.00, Counter: 118, Timestamp: 1745499703
Reason: global search time, Value: 696.03, Counter: 118, Timestamp: 1745499704
Reason: process time, Value: 0.00, Counter: 118, Timestamp: 1745499704
Reason: loop time, Value: 698.00, Counter: 118, Timestamp: 1745499704
----------------------------------------
Thread: nice_thread, Loop time exceeded: 778.72 ms
Reason: consumer time, Value: 0.00, Counter: 14, Timestamp: 1745499704
Reason: transform time, Value: 0.00, Counter: 14, Timestamp: 1745499704
Reason: global search time, Value: 774.25, Counter: 14, Timestamp: 1745499705
Reason: process time, Value: 0.00, Counter: 14, Timestamp: 1745499705
Reason: loop time, Value: 778.72, Counter: 14, Timestamp: 1745499705
----------------------------------------
Thread: nice_thread, Loop time exceeded: 770.57 ms
Reason: consumer time, Value: 0.00, Counter: 38, Timestamp: 1745499705
Reason: transform time, Value: 0.00, Counter: 38, Timestamp: 1745499705
Reason: global search time, Value: 768.54, Counter: 38, Timestamp: 1745499705
Reason: process time, Value: 0.00, Counter: 38, Timestamp: 1745499705
Reason: loop time, Value: 770.57, Counter: 38, Timestamp: 1745499705
----------------------------------------
Thread: nice_thread, Loop time exceeded: 735.86 ms
Reason: consumer time, Value: 0.00, Counter: 62, Timestamp: 1745499705
Reason: transform time, Value: 0.00, Counter: 62, Timestamp: 1745499705
Reason: global search time, Value: 733.55, Counter: 62, Timestamp: 1745499706
Reason: process time, Value: 0.00, Counter: 62, Timestamp: 1745499706
Reason: loop time, Value: 735.86, Counter: 62, Timestamp: 1745499706
----------------------------------------
Thread: nice_thread, Loop time exceeded: 692.61 ms
Reason: consumer time, Value: 0.00, Counter: 85, Timestamp: 1745499706
Reason: transform time, Value: 0.00, Counter: 85, Timestamp: 1745499706
Reason: global search time, Value: 690.49, Counter: 85, Timestamp: 1745499707
Reason: process time, Value: 0.00, Counter: 85, Timestamp: 1745499707
Reason: loop time, Value: 692.61, Counter: 85, Timestamp: 1745499707
----------------------------------------
Thread: nice_thread, Loop time exceeded: 741.07 ms
Reason: consumer time, Value: 0.00, Counter: 108, Timestamp: 1745499707
Reason: transform time, Value: 0.00, Counter: 108, Timestamp: 1745499707
Reason: global search time, Value: 739.29, Counter: 108, Timestamp: 1745499708
Reason: process time, Value: 0.00, Counter: 108, Timestamp: 1745499708
Reason: loop time, Value: 741.07, Counter: 108, Timestamp: 1745499708
----------------------------------------
Thread: nice_thread, Loop time exceeded: 729.16 ms
Reason: consumer time, Value: 0.00, Counter: 3, Timestamp: 1745499708
Reason: transform time, Value: 0.00, Counter: 3, Timestamp: 1745499708
Reason: global search time, Value: 727.47, Counter: 3, Timestamp: 1745499708
Reason: process time, Value: 0.00, Counter: 3, Timestamp: 1745499708
Reason: loop time, Value: 729.16, Counter: 3, Timestamp: 1745499708
----------------------------------------
Thread: nice_thread, Loop time exceeded: 688.48 ms
Reason: consumer time, Value: 0.00, Counter: 25, Timestamp: 1745499708
Reason: transform time, Value: 0.00, Counter: 25, Timestamp: 1745499708
Reason: global search time, Value: 687.07, Counter: 25, Timestamp: 1745499709
Reason: process time, Value: 0.00, Counter: 25, Timestamp: 1745499709
Reason: loop time, Value: 688.48, Counter: 25, Timestamp: 1745499709
----------------------------------------
Thread: nice_thread, Loop time exceeded: 743.74 ms
Reason: consumer time, Value: 0.00, Counter: 48, Timestamp: 1745499709
Reason: transform time, Value: 0.00, Counter: 48, Timestamp: 1745499709
Reason: global search time, Value: 741.60, Counter: 48, Timestamp: 1745499710
Reason: process time, Value: 0.00, Counter: 48, Timestamp: 1745499710
Reason: loop time, Value: 743.74, Counter: 48, Timestamp: 1745499710
----------------------------------------
Thread: nice_thread, Loop time exceeded: 726.64 ms
Reason: consumer time, Value: 0.00, Counter: 71, Timestamp: 1745499710
Reason: transform time, Value: 0.00, Counter: 71, Timestamp: 1745499710
Reason: global search time, Value: 724.74, Counter: 71, Timestamp: 1745499710
Reason: process time, Value: 0.00, Counter: 71, Timestamp: 1745499710
Reason: loop time, Value: 726.64, Counter: 71, Timestamp: 1745499710
----------------------------------------
Thread: nice_thread, Loop time exceeded: 746.55 ms
Reason: consumer time, Value: 0.00, Counter: 93, Timestamp: 1745499710
Reason: transform time, Value: 0.01, Counter: 93, Timestamp: 1745499711
Reason: global search time, Value: 739.43, Counter: 93, Timestamp: 1745499711
Reason: process time, Value: 0.00, Counter: 93, Timestamp: 1745499711
Reason: loop time, Value: 746.55, Counter: 93, Timestamp: 1745499711
----------------------------------------
Thread: nice_thread, Loop time exceeded: 686.90 ms
Reason: consumer time, Value: 0.00, Counter: 116, Timestamp: 1745499711
Reason: transform time, Value: 0.00, Counter: 116, Timestamp: 1745499711
Reason: global search time, Value: 684.41, Counter: 116, Timestamp: 1745499712
Reason: process time, Value: 0.00, Counter: 116, Timestamp: 1745499712
Reason: loop time, Value: 686.90, Counter: 116, Timestamp: 1745499712
----------------------------------------
Thread: nice_thread, Loop time exceeded: 747.32 ms
Reason: consumer time, Value: 0.00, Counter: 11, Timestamp: 1745499712
Reason: transform time, Value: 0.00, Counter: 11, Timestamp: 1745499712
Reason: global search time, Value: 745.47, Counter: 11, Timestamp: 1745499713
Reason: process time, Value: 0.00, Counter: 11, Timestamp: 1745499713
Reason: loop time, Value: 747.32, Counter: 11, Timestamp: 1745499713
----------------------------------------
Thread: nice_thread, Loop time exceeded: 728.29 ms
Reason: consumer time, Value: 0.00, Counter: 34, Timestamp: 1745499713
Reason: transform time, Value: 0.01, Counter: 34, Timestamp: 1745499713
Reason: global search time, Value: 721.74, Counter: 34, Timestamp: 1745499713
Reason: process time, Value: 0.00, Counter: 34, Timestamp: 1745499713
Reason: loop time, Value: 728.29, Counter: 34, Timestamp: 1745499713
----------------------------------------
Thread: nice_thread, Loop time exceeded: 684.01 ms
Reason: consumer time, Value: 0.00, Counter: 57, Timestamp: 1745499713
Reason: transform time, Value: 0.00, Counter: 57, Timestamp: 1745499713
Reason: global search time, Value: 680.25, Counter: 57, Timestamp: 1745499714
Reason: process time, Value: 0.00, Counter: 57, Timestamp: 1745499714
Reason: loop time, Value: 684.01, Counter: 57, Timestamp: 1745499714
----------------------------------------
Thread: nice_thread, Loop time exceeded: 715.44 ms
Reason: consumer time, Value: 0.00, Counter: 80, Timestamp: 1745499714
Reason: transform time, Value: 0.00, Counter: 80, Timestamp: 1745499714
Reason: global search time, Value: 713.50, Counter: 80, Timestamp: 1745499715
Reason: process time, Value: 0.00, Counter: 80, Timestamp: 1745499715
Reason: loop time, Value: 715.44, Counter: 80, Timestamp: 1745499715
----------------------------------------
Thread: nice_thread, Loop time exceeded: 750.94 ms
Reason: consumer time, Value: 0.00, Counter: 102, Timestamp: 1745499715
Reason: transform time, Value: 0.00, Counter: 102, Timestamp: 1745499715
Reason: global search time, Value: 746.67, Counter: 102, Timestamp: 1745499716
Reason: process time, Value: 0.00, Counter: 102, Timestamp: 1745499716
Reason: loop time, Value: 750.94, Counter: 102, Timestamp: 1745499716
----------------------------------------
Thread: nice_thread, Loop time exceeded: 739.50 ms
Reason: consumer time, Value: 0.00, Counter: 125, Timestamp: 1745499716
Reason: transform time, Value: 0.01, Counter: 125, Timestamp: 1745499716
Reason: global search time, Value: 733.73, Counter: 125, Timestamp: 1745499716
Reason: process time, Value: 0.00, Counter: 125, Timestamp: 1745499716
Reason: loop time, Value: 739.50, Counter: 125, Timestamp: 1745499716
----------------------------------------
Thread: nice_thread, Loop time exceeded: 674.99 ms
Reason: consumer time, Value: 0.00, Counter: 20, Timestamp: 1745499716
Reason: transform time, Value: 0.00, Counter: 20, Timestamp: 1745499716
Reason: global search time, Value: 673.09, Counter: 20, Timestamp: 1745499717
Reason: process time, Value: 0.00, Counter: 20, Timestamp: 1745499717
Reason: loop time, Value: 674.99, Counter: 20, Timestamp: 1745499717
----------------------------------------
Thread: nice_thread, Loop time exceeded: 744.57 ms
Reason: consumer time, Value: 0.00, Counter: 42, Timestamp: 1745499717
Reason: transform time, Value: 0.00, Counter: 42, Timestamp: 1745499717
Reason: global search time, Value: 742.20, Counter: 42, Timestamp: 1745499718
Reason: process time, Value: 0.00, Counter: 42, Timestamp: 1745499718
Reason: loop time, Value: 744.57, Counter: 42, Timestamp: 1745499718
----------------------------------------
Thread: nice_thread, Loop time exceeded: 735.61 ms
Reason: consumer time, Value: 0.00, Counter: 65, Timestamp: 1745499718
Reason: transform time, Value: 0.01, Counter: 65, Timestamp: 1745499718
Reason: global search time, Value: 728.28, Counter: 65, Timestamp: 1745499718
Reason: process time, Value: 0.00, Counter: 65, Timestamp: 1745499718
Reason: loop time, Value: 735.61, Counter: 65, Timestamp: 1745499718
----------------------------------------
Thread: nice_thread, Loop time exceeded: 761.70 ms
Reason: consumer time, Value: 0.00, Counter: 87, Timestamp: 1745499718
Reason: transform time, Value: 0.00, Counter: 87, Timestamp: 1745499718
Reason: global search time, Value: 757.68, Counter: 87, Timestamp: 1745499719
Reason: process time, Value: 0.00, Counter: 87, Timestamp: 1745499719
Reason: loop time, Value: 761.70, Counter: 87, Timestamp: 1745499719
----------------------------------------
Thread: nice_thread, Loop time exceeded: 699.00 ms
Reason: consumer time, Value: 0.00, Counter: 111, Timestamp: 1745499719
Reason: transform time, Value: 0.00, Counter: 111, Timestamp: 1745499719
Reason: global search time, Value: 694.28, Counter: 111, Timestamp: 1745499720
Reason: process time, Value: 0.00, Counter: 111, Timestamp: 1745499720
Reason: loop time, Value: 699.00, Counter: 111, Timestamp: 1745499720
----------------------------------------
Thread: nice_thread, Loop time exceeded: 745.68 ms
Reason: consumer time, Value: 0.00, Counter: 6, Timestamp: 1745499720
Reason: transform time, Value: 0.01, Counter: 6, Timestamp: 1745499720
Reason: global search time, Value: 738.30, Counter: 6, Timestamp: 1745499721
Reason: process time, Value: 0.00, Counter: 6, Timestamp: 1745499721
Reason: loop time, Value: 745.68, Counter: 6, Timestamp: 1745499721
----------------------------------------
Thread: nice_thread, Loop time exceeded: 741.40 ms
Reason: consumer time, Value: 0.00, Counter: 29, Timestamp: 1745499721
Reason: transform time, Value: 0.00, Counter: 29, Timestamp: 1745499721
Reason: global search time, Value: 738.94, Counter: 29, Timestamp: 1745499721
Reason: process time, Value: 0.00, Counter: 29, Timestamp: 1745499721
Reason: loop time, Value: 741.40, Counter: 29, Timestamp: 1745499721
----------------------------------------
Thread: nice_thread, Loop time exceeded: 696.62 ms
Reason: consumer time, Value: 0.00, Counter: 51, Timestamp: 1745499721
Reason: transform time, Value: 0.00, Counter: 51, Timestamp: 1745499721
Reason: global search time, Value: 694.89, Counter: 51, Timestamp: 1745499722
Reason: process time, Value: 0.00, Counter: 51, Timestamp: 1745499722
Reason: loop time, Value: 696.62, Counter: 51, Timestamp: 1745499722
----------------------------------------
Thread: nice_thread, Loop time exceeded: 743.06 ms
Reason: consumer time, Value: 0.00, Counter: 73, Timestamp: 1745499722
Reason: transform time, Value: 0.00, Counter: 73, Timestamp: 1745499722
Reason: global search time, Value: 740.62, Counter: 73, Timestamp: 1745499723
Reason: process time, Value: 0.00, Counter: 73, Timestamp: 1745499723
Reason: loop time, Value: 743.06, Counter: 73, Timestamp: 1745499723
----------------------------------------
Thread: nice_thread, Loop time exceeded: 742.10 ms
Reason: consumer time, Value: 0.00, Counter: 97, Timestamp: 1745499723
Reason: transform time, Value: 0.00, Counter: 97, Timestamp: 1745499723
Reason: global search time, Value: 740.68, Counter: 97, Timestamp: 1745499724
Reason: process time, Value: 0.00, Counter: 97, Timestamp: 1745499724
Reason: loop time, Value: 742.10, Counter: 97, Timestamp: 1745499724
----------------------------------------
Thread: nice_thread, Loop time exceeded: 704.10 ms
Reason: consumer time, Value: 0.00, Counter: 120, Timestamp: 1745499724
Reason: transform time, Value: 0.00, Counter: 120, Timestamp: 1745499724
Reason: global search time, Value: 701.68, Counter: 120, Timestamp: 1745499724
Reason: process time, Value: 0.00, Counter: 120, Timestamp: 1745499724
Reason: loop time, Value: 704.10, Counter: 120, Timestamp: 1745499724
----------------------------------------
Thread: nice_thread, Loop time exceeded: 669.00 ms
Reason: consumer time, Value: 0.00, Counter: 14, Timestamp: 1745499724
Reason: transform time, Value: 0.01, Counter: 14, Timestamp: 1745499724
Reason: global search time, Value: 662.97, Counter: 14, Timestamp: 1745499725
Reason: process time, Value: 0.00, Counter: 14, Timestamp: 1745499725
Reason: loop time, Value: 669.00, Counter: 14, Timestamp: 1745499725
----------------------------------------
Thread: nice_thread, Loop time exceeded: 733.17 ms
Reason: consumer time, Value: 0.00, Counter: 36, Timestamp: 1745499725
Reason: transform time, Value: 0.00, Counter: 36, Timestamp: 1745499725
Reason: global search time, Value: 731.06, Counter: 36, Timestamp: 1745499726
Reason: process time, Value: 0.00, Counter: 36, Timestamp: 1745499726
Reason: loop time, Value: 733.17, Counter: 36, Timestamp: 1745499726
----------------------------------------
Thread: nice_thread, Loop time exceeded: 753.05 ms
Reason: consumer time, Value: 0.00, Counter: 59, Timestamp: 1745499726
Reason: transform time, Value: 0.01, Counter: 59, Timestamp: 1745499726
Reason: global search time, Value: 746.38, Counter: 59, Timestamp: 1745499726
Reason: process time, Value: 0.00, Counter: 59, Timestamp: 1745499726
Reason: loop time, Value: 753.05, Counter: 59, Timestamp: 1745499726
----------------------------------------
Thread: nice_thread, Loop time exceeded: 746.99 ms
Reason: consumer time, Value: 0.00, Counter: 82, Timestamp: 1745499726
Reason: transform time, Value: 0.00, Counter: 82, Timestamp: 1745499726
Reason: global search time, Value: 743.20, Counter: 82, Timestamp: 1745499727
Reason: process time, Value: 0.00, Counter: 82, Timestamp: 1745499727
Reason: loop time, Value: 746.99, Counter: 82, Timestamp: 1745499727
----------------------------------------
Thread: nice_thread, Loop time exceeded: 708.79 ms
Reason: consumer time, Value: 0.00, Counter: 105, Timestamp: 1745499727
Reason: transform time, Value: 0.00, Counter: 105, Timestamp: 1745499727
Reason: global search time, Value: 706.51, Counter: 105, Timestamp: 1745499728
Reason: process time, Value: 0.00, Counter: 105, Timestamp: 1745499728
Reason: loop time, Value: 708.79, Counter: 105, Timestamp: 1745499728
----------------------------------------
Thread: nice_thread, Loop time exceeded: 994.32 ms
Reason: consumer time, Value: 0.00, Counter: 1, Timestamp: 1745499728
Reason: transform time, Value: 0.00, Counter: 1, Timestamp: 1745499728
Reason: global search time, Value: 991.91, Counter: 1, Timestamp: 1745499729
Reason: process time, Value: 0.00, Counter: 1, Timestamp: 1745499729
Reason: loop time, Value: 994.32, Counter: 1, Timestamp: 1745499729
----------------------------------------
Thread: nice_thread, Loop time exceeded: 798.03 ms
Reason: consumer time, Value: 0.00, Counter: 25, Timestamp: 1745499729
Reason: transform time, Value: 0.00, Counter: 25, Timestamp: 1745499729
Reason: global search time, Value: 793.42, Counter: 25, Timestamp: 1745499730
Reason: process time, Value: 0.00, Counter: 25, Timestamp: 1745499730
Reason: loop time, Value: 798.03, Counter: 25, Timestamp: 1745499730
----------------------------------------
Thread: nice_thread, Loop time exceeded: 809.08 ms
Reason: consumer time, Value: 0.00, Counter: 50, Timestamp: 1745499730
Reason: transform time, Value: 0.01, Counter: 50, Timestamp: 1745499730
Reason: global search time, Value: 803.83, Counter: 50, Timestamp: 1745499730
Reason: process time, Value: 0.00, Counter: 50, Timestamp: 1745499730
Reason: loop time, Value: 809.08, Counter: 50, Timestamp: 1745499730
----------------------------------------
Thread: nice_thread, Loop time exceeded: 803.84 ms
Reason: consumer time, Value: 0.00, Counter: 76, Timestamp: 1745499730
Reason: transform time, Value: 0.00, Counter: 76, Timestamp: 1745499730
Reason: global search time, Value: 801.85, Counter: 76, Timestamp: 1745499731
Reason: process time, Value: 0.00, Counter: 76, Timestamp: 1745499731
Reason: loop time, Value: 803.84, Counter: 76, Timestamp: 1745499731
----------------------------------------
Thread: nice_thread, Loop time exceeded: 737.90 ms
Reason: consumer time, Value: 0.00, Counter: 102, Timestamp: 1745499731
Reason: transform time, Value: 0.00, Counter: 102, Timestamp: 1745499731
Reason: global search time, Value: 735.94, Counter: 102, Timestamp: 1745499732
Reason: process time, Value: 0.00, Counter: 102, Timestamp: 1745499732
Reason: loop time, Value: 737.90, Counter: 102, Timestamp: 1745499732
----------------------------------------
Thread: nice_thread, Loop time exceeded: 782.20 ms
Reason: consumer time, Value: 0.00, Counter: 127, Timestamp: 1745499732
Reason: transform time, Value: 0.00, Counter: 127, Timestamp: 1745499732
Reason: global search time, Value: 780.31, Counter: 127, Timestamp: 1745499733
Reason: process time, Value: 0.00, Counter: 127, Timestamp: 1745499733
Reason: loop time, Value: 782.20, Counter: 127, Timestamp: 1745499733
----------------------------------------
Thread: nice_thread, Loop time exceeded: 787.88 ms
Reason: consumer time, Value: 0.00, Counter: 24, Timestamp: 1745499733
Reason: transform time, Value: 0.01, Counter: 24, Timestamp: 1745499733
Reason: global search time, Value: 780.27, Counter: 24, Timestamp: 1745499734
Reason: process time, Value: 0.00, Counter: 24, Timestamp: 1745499734
Reason: loop time, Value: 787.88, Counter: 24, Timestamp: 1745499734
----------------------------------------
Thread: nice_thread, Loop time exceeded: 787.80 ms
Reason: consumer time, Value: 0.00, Counter: 49, Timestamp: 1745499734
Reason: transform time, Value: 0.00, Counter: 49, Timestamp: 1745499734
Reason: global search time, Value: 784.89, Counter: 49, Timestamp: 1745499734
Reason: process time, Value: 0.00, Counter: 49, Timestamp: 1745499734
Reason: loop time, Value: 787.80, Counter: 49, Timestamp: 1745499734
----------------------------------------
Thread: nice_thread, Loop time exceeded: 781.11 ms
Reason: consumer time, Value: 0.00, Counter: 75, Timestamp: 1745499734
Reason: transform time, Value: 0.00, Counter: 75, Timestamp: 1745499734
Reason: global search time, Value: 779.14, Counter: 75, Timestamp: 1745499735
Reason: process time, Value: 0.00, Counter: 75, Timestamp: 1745499735
Reason: loop time, Value: 781.11, Counter: 75, Timestamp: 1745499735
----------------------------------------
Thread: nice_thread, Loop time exceeded: 727.95 ms
Reason: consumer time, Value: 0.00, Counter: 100, Timestamp: 1745499735
Reason: transform time, Value: 0.00, Counter: 100, Timestamp: 1745499735
Reason: global search time, Value: 725.85, Counter: 100, Timestamp: 1745499736
Reason: process time, Value: 0.00, Counter: 100, Timestamp: 1745499736
Reason: loop time, Value: 727.95, Counter: 100, Timestamp: 1745499736
----------------------------------------
Thread: nice_thread, Loop time exceeded: 778.54 ms
Reason: consumer time, Value: 0.00, Counter: 124, Timestamp: 1745499736
Reason: transform time, Value: 0.00, Counter: 124, Timestamp: 1745499736
Reason: global search time, Value: 776.59, Counter: 124, Timestamp: 1745499737
Reason: process time, Value: 0.00, Counter: 124, Timestamp: 1745499737
Reason: loop time, Value: 778.54, Counter: 124, Timestamp: 1745499737
----------------------------------------
Thread: nice_thread, Loop time exceeded: 779.37 ms
Reason: consumer time, Value: 0.00, Counter: 21, Timestamp: 1745499737
Reason: transform time, Value: 0.01, Counter: 21, Timestamp: 1745499737
Reason: global search time, Value: 773.23, Counter: 21, Timestamp: 1745499737
Reason: process time, Value: 0.00, Counter: 21, Timestamp: 1745499737
Reason: loop time, Value: 779.37, Counter: 21, Timestamp: 1745499737
----------------------------------------
Thread: nice_thread, Loop time exceeded: 779.49 ms
Reason: consumer time, Value: 0.00, Counter: 46, Timestamp: 1745499737
Reason: transform time, Value: 0.00, Counter: 46, Timestamp: 1745499737
Reason: global search time, Value: 777.72, Counter: 46, Timestamp: 1745499738
Reason: process time, Value: 0.00, Counter: 46, Timestamp: 1745499738
Reason: loop time, Value: 779.49, Counter: 46, Timestamp: 1745499738
----------------------------------------
Thread: nice_thread, Loop time exceeded: 752.21 ms
Reason: consumer time, Value: 0.00, Counter: 70, Timestamp: 1745499738
Reason: transform time, Value: 0.00, Counter: 70, Timestamp: 1745499738
Reason: global search time, Value: 750.33, Counter: 70, Timestamp: 1745499739
Reason: process time, Value: 0.00, Counter: 70, Timestamp: 1745499739
Reason: loop time, Value: 752.21, Counter: 70, Timestamp: 1745499739
----------------------------------------
Thread: nice_thread, Loop time exceeded: 812.01 ms
Reason: consumer time, Value: 0.00, Counter: 96, Timestamp: 1745499739
Reason: transform time, Value: 0.01, Counter: 96, Timestamp: 1745499739
Reason: global search time, Value: 804.83, Counter: 96, Timestamp: 1745499740
Reason: process time, Value: 0.00, Counter: 96, Timestamp: 1745499740
Reason: loop time, Value: 812.01, Counter: 96, Timestamp: 1745499740
----------------------------------------
Thread: nice_thread, Loop time exceeded: 794.22 ms
Reason: consumer time, Value: 0.00, Counter: 121, Timestamp: 1745499740
Reason: transform time, Value: 0.00, Counter: 121, Timestamp: 1745499740
Reason: global search time, Value: 792.23, Counter: 121, Timestamp: 1745499741
Reason: process time, Value: 0.00, Counter: 121, Timestamp: 1745499741
Reason: loop time, Value: 794.22, Counter: 121, Timestamp: 1745499741
----------------------------------------
Thread: nice_thread, Loop time exceeded: 812.90 ms
Reason: consumer time, Value: 0.00, Counter: 19, Timestamp: 1745499741
Reason: transform time, Value: 0.01, Counter: 19, Timestamp: 1745499741
Reason: global search time, Value: 806.92, Counter: 19, Timestamp: 1745499741
Reason: process time, Value: 0.00, Counter: 19, Timestamp: 1745499741
Reason: loop time, Value: 812.90, Counter: 19, Timestamp: 1745499741
----------------------------------------
Thread: nice_thread, Loop time exceeded: 798.34 ms
Reason: consumer time, Value: 0.00, Counter: 45, Timestamp: 1745499741
Reason: transform time, Value: 0.00, Counter: 45, Timestamp: 1745499741
Reason: global search time, Value: 796.61, Counter: 45, Timestamp: 1745499742
Reason: process time, Value: 0.00, Counter: 45, Timestamp: 1745499742
Reason: loop time, Value: 798.34, Counter: 45, Timestamp: 1745499742
----------------------------------------
Thread: nice_thread, Loop time exceeded: 734.46 ms
Reason: consumer time, Value: 0.00, Counter: 69, Timestamp: 1745499742
Reason: transform time, Value: 0.00, Counter: 69, Timestamp: 1745499742
Reason: global search time, Value: 732.69, Counter: 69, Timestamp: 1745499743
Reason: process time, Value: 0.00, Counter: 69, Timestamp: 1745499743
Reason: loop time, Value: 734.46, Counter: 69, Timestamp: 1745499743
----------------------------------------
Thread: nice_thread, Loop time exceeded: 813.42 ms
Reason: consumer time, Value: 0.00, Counter: 94, Timestamp: 1745499743
Reason: transform time, Value: 0.01, Counter: 94, Timestamp: 1745499743
Reason: global search time, Value: 807.97, Counter: 94, Timestamp: 1745499744
Reason: process time, Value: 0.00, Counter: 94, Timestamp: 1745499744
Reason: loop time, Value: 813.42, Counter: 94, Timestamp: 1745499744
----------------------------------------
Thread: nice_thread, Loop time exceeded: 839.32 ms
Reason: consumer time, Value: 0.00, Counter: 120, Timestamp: 1745499744
Reason: transform time, Value: 0.01, Counter: 120, Timestamp: 1745499744
Reason: global search time, Value: 833.93, Counter: 120, Timestamp: 1745499745
Reason: process time, Value: 0.00, Counter: 120, Timestamp: 1745499745
Reason: loop time, Value: 839.32, Counter: 120, Timestamp: 1745499745
----------------------------------------
Thread: nice_thread, Loop time exceeded: 781.40 ms
Reason: consumer time, Value: 0.00, Counter: 18, Timestamp: 1745499745
Reason: transform time, Value: 0.00, Counter: 18, Timestamp: 1745499745
Reason: global search time, Value: 779.88, Counter: 18, Timestamp: 1745499745
Reason: process time, Value: 0.00, Counter: 18, Timestamp: 1745499745
Reason: loop time, Value: 781.40, Counter: 18, Timestamp: 1745499745
----------------------------------------
Thread: nice_thread, Loop time exceeded: 788.66 ms
Reason: consumer time, Value: 0.00, Counter: 42, Timestamp: 1745499745
Reason: transform time, Value: 0.00, Counter: 42, Timestamp: 1745499745
Reason: global search time, Value: 786.17, Counter: 42, Timestamp: 1745499746
Reason: process time, Value: 0.00, Counter: 42, Timestamp: 1745499746
Reason: loop time, Value: 788.66, Counter: 42, Timestamp: 1745499746
----------------------------------------
Thread: nice_thread, Loop time exceeded: 738.47 ms
Reason: consumer time, Value: 0.00, Counter: 66, Timestamp: 1745499746
Reason: transform time, Value: 0.00, Counter: 66, Timestamp: 1745499746
Reason: global search time, Value: 736.77, Counter: 66, Timestamp: 1745499747
Reason: process time, Value: 0.00, Counter: 66, Timestamp: 1745499747
Reason: loop time, Value: 738.47, Counter: 66, Timestamp: 1745499747
----------------------------------------
Thread: nice_thread, Loop time exceeded: 790.67 ms
Reason: consumer time, Value: 0.00, Counter: 90, Timestamp: 1745499747
Reason: transform time, Value: 0.00, Counter: 90, Timestamp: 1745499747
Reason: global search time, Value: 788.57, Counter: 90, Timestamp: 1745499748
Reason: process time, Value: 0.00, Counter: 90, Timestamp: 1745499748
Reason: loop time, Value: 790.67, Counter: 90, Timestamp: 1745499748
----------------------------------------
Thread: nice_thread, Loop time exceeded: 752.56 ms
Reason: consumer time, Value: 0.00, Counter: 115, Timestamp: 1745499748
Reason: transform time, Value: 0.00, Counter: 115, Timestamp: 1745499748
Reason: global search time, Value: 748.41, Counter: 115, Timestamp: 1745499748
Reason: process time, Value: 0.00, Counter: 115, Timestamp: 1745499748
Reason: loop time, Value: 752.56, Counter: 115, Timestamp: 1745499748
----------------------------------------
