Core number: 3
Remap: 0.004 ms
Transform color: 8.552 ms
Core number: 3
Remap: 0 ms
Transform color: 2.041 ms
Core number: 3
Remap: 0.001 ms
Transform color: 4.679 ms
Core number: 3
Remap: 0.001 ms
Transform color: 7.388 ms
Core number: 3
Remap: 0 ms
Transform color: 1.476 ms
Core number: 3
Remap: 0.001 ms
Transform color: 3.895 ms
Core number: 3
Remap: 0.001 ms
Transform color: 2.166 ms
Core number: 3
Remap: 0.001 ms
Transform color: 1.948 ms
Core number: 3
Remap: 0 ms
Transform color: 2.131 ms
Core number: 3
Remap: 0.001 ms
Transform color: 2.592 ms
Core number: 3
Remap: 0.001 ms
Transform color: 2.063 ms
Core number: 3
Remap: 0 ms
Transform color: 6.436 ms
Core number: 3
Remap: 0 ms
Transform color: 4.542 ms
Core number: 3
Remap: 0.001 ms
Transform color: 2.268 ms
Core number: 3
Remap: 0 ms
Transform color: 3.255 ms
Core number: 3
Remap: 0.001 ms
Transform color: 4.852 ms
Core number: 3
Remap: 0.001 ms
Transform color: 1.936 ms
Core number: 3
Remap: 0 ms
Transform color: 1.397 ms
Core number: 3
Remap: 0.001 ms
Transform color: 2.737 ms
Core number: 3
Remap: 0 ms
Transform color: 2.188 ms
Core number: 3
Remap: 0.001 ms
Transform color: 2.087 ms
Core number: 3
Remap: 0.001 ms
Transform color: 3.392 ms
Core number: 3
Remap: 0.001 ms
Transform color: 1.794 ms
Core number: 3
Remap: 0 ms
Transform color: 1.776 ms
Core number: 3
Remap: 0.001 ms
Transform color: 1.744 ms
Core number: 3
Remap: 0.001 ms
Transform color: 3.116 ms
Core number: 3
Remap: 0.001 ms
Transform color: 11.95 ms
Core number: 3
Remap: 0.001 ms
Transform color: 4.928 ms
Core number: 3
Remap: 0.001 ms
Transform color: 2.339 ms
Core number: 3
Remap: 0.001 ms
Transform color: 4.79 ms
Core number: 3
Remap: 0.001 ms
Transform color: 2.364 ms
Core number: 3
Remap: 0.001 ms
Transform color: 2.84 ms
Core number: 3
Remap: 0 ms
Transform color: 5.261 ms
Core number: 3
Remap: 0.001 ms
Transform color: 9.039 ms
Core number: 3
Remap: 0.001 ms
Transform color: 2.276 ms
Core number: 3
Remap: 0.001 ms
Transform color: 2.317 ms
Core number: 3
Remap: 0.001 ms
Transform color: 5.856 ms
Core number: 3
Remap: 0.002 ms
Transform color: 5.601 ms
Core number: 3
Remap: 0 ms
Transform color: 2.076 ms
Core number: 3
Remap: 0 ms
Transform color: 1.489 ms
Core number: 3
Remap: 0.001 ms
Transform color: 5.899 ms
Core number: 3
Remap: 0.001 ms
Transform color: 4.821 ms
Core number: 3
Remap: 0.001 ms
Transform color: 5.189 ms
Core number: 3
Remap: 0.001 ms
Transform color: 2.711 ms
Core number: 3
Remap: 0.001 ms
Transform color: 2.335 ms
Core number: 3
Remap: 0.001 ms
Transform color: 1.342 ms
Core number: 3
Remap: 0.001 ms
Transform color: 1.795 ms
Core number: 3
Remap: 0.001 ms
Transform color: 1.65 ms
Core number: 3
Remap: 0.001 ms
Transform color: 2.088 ms
Core number: 3
Remap: 0.001 ms
Transform color: 2.26 ms
Core number: 3
Remap: 0.002 ms
Transform color: 4.478 ms
Core number: 3
Remap: 0.001 ms
Transform color: 4.425 ms
Core number: 3
Remap: 0.001 ms
Transform color: 1.588 ms
Core number: 3
Remap: 0.001 ms
Transform color: 2.001 ms
Core number: 3
Remap: 0.001 ms
Transform color: 1.361 ms
Core number: 3
Remap: 0.001 ms
Transform color: 2.312 ms
Core number: 3
Remap: 0 ms
Transform color: 2.28 ms
Core number: 3
Remap: 0.001 ms
Transform color: 1.963 ms
Core number: 3
Remap: 0.001 ms
Transform color: 2.273 ms
Core number: 3
Remap: 0.001 ms
Transform color: 2.758 ms
Core number: 3
Remap: 0.001 ms
Transform color: 2.834 ms
Core number: 3
Remap: 0.001 ms
Transform color: 2.189 ms
Core number: 3
Remap: 0 ms
Transform color: 1.76 ms
Core number: 3
Remap: 0.001 ms
Transform color: 2.059 ms
Core number: 3
Remap: 0.001 ms
Transform color: 1.92 ms
Core number: 3
Remap: 0.001 ms
Transform color: 3.85 ms
Core number: 3
Remap: 0.001 ms
Transform color: 5.442 ms
Core number: 3
Remap: 0 ms
Transform color: 5.072 ms
Core number: 3
Remap: 0.001 ms
Transform color: 5.182 ms
Core number: 3
Remap: 0.001 ms
Transform color: 1.894 ms
Core number: 3
Remap: 0 ms
Transform color: 4.226 ms
Core number: 3
Remap: 0 ms
Transform color: 1.73 ms
Core number: 3
Remap: 0 ms
Transform color: 1.718 ms
Core number: 3
Remap: 0 ms
Transform color: 1.379 ms
Core number: 3
Remap: 0 ms
Transform color: 3.136 ms
Core number: 3
Remap: 0.001 ms
Transform color: 3.174 ms
Core number: 3
sform time, Value: 0.00, Counter: 5, Timestamp: 1745499696
Reason: global search time, Value: 838.78, Counter: 5, Timestamp: 1745499697
Reason: process time, Value: 0.00, Counter: 5, Timestamp: 1745499697
Reason: loop time, Value: 841.43, Counter: 5, Timestamp: 1745499697
----------------------------------------
Thread: nice_thread, Loop time exceeded: 837.38 ms
Reason: consumer time, Value: 0.00, Counter: 30, Timestamp: 1745499697
Reason: transform time, Value: 0.00, Counter: 30, Timestamp: 1745499697
Reason: global search time, Value: 835.26, Counter: 30, Timestamp: 1745499698
Reason: process time, Value: 0.00, Counter: 30, Timestamp: 1745499698
Reason: loop time, Value: 837.38, Counter: 30, Timestamp: 1745499698
----------------------------------------
Thread: nice_thread, Loop time exceeded: 845.82 ms
Reason: consumer time, Value: 0.00, Counter: 54, Timestamp: 1745499698
Reason: transform time, Value: 0.01, Counter: 54, Timestamp: 1745499698
Reason: global search time, Value: 839.32, Counter: 54, Timestamp: 1745499698
Reason: process time, Value: 0.00, Counter: 54, Timestamp: 1745499698
Reason: loop time, Value: 845.82, Counter: 54, Timestamp: 1745499698
----------------------------------------
Thread: nice_thread, Loop time exceeded: 840.72 ms
Reason: consumer time, Value: 0.00, Counter: 78, Timestamp: 1745499698
Reason: transform time, Value: 0.00, Counter: 78, Timestamp: 1745499698
Reason: global search time, Value: 836.10, Counter: 78, Timestamp: 1745499699
Reason: process time, Value: 0.00, Counter: 78, Timestamp: 1745499699
Reason: loop time, Value: 840.72, Counter: 78, Timestamp: 1745499699
----------------------------------------
Thread: nice_thread, Loop time exceeded: 773.26 ms
Reason: consumer time, Value: 0.00, Counter: 104, Timestamp: 1745499699
Reason: transform time, Value: 0.00, Counter: 104, Timestamp: 1745499699
Reason: global search time, Value: 770.93, Counter: 104, Timestamp: 1745499700
Reason: process time, Value: 0.00, Counter: 104, Timestamp: 1745499700
Reason: loop time, Value: 773.26, Counter: 104, Timestamp: 1745499700
----------------------------------------
Thread: nice_thread, Loop time exceeded: 876.87 ms
Reason: consumer time, Value: 0.00, Counter: 0, Timestamp: 1745499700
Reason: transform time, Value: 0.00, Counter: 0, Timestamp: 1745499700
Reason: global search time, Value: 873.54, Counter: 0, Timestamp: 1745499701
Reason: process time, Value: 0.00, Counter: 0, Timestamp: 1745499701
Reason: loop time, Value: 876.87, Counter: 0, Timestamp: 1745499701
----------------------------------------
Thread: nice_thread, Loop time exceeded: 850.55 ms
Reason: consumer time, Value: 0.00, Counter: 26, Timestamp: 1745499701
Reason: transform time, Value: 0.00, Counter: 26, Timestamp: 1745499701
Reason: global search time, Value: 845.62, Counter: 26, Timestamp: 1745499702
Reason: process time, Value: 0.00, Counter: 26, Timestamp: 1745499702
Reason: loop time, Value: 850.55, Counter: 26, Timestamp: 1745499702
----------------------------------------
Thread: nice_thread, Loop time exceeded: 837.60 ms
Reason: consumer time, Value: 0.00, Counter: 52, Timestamp: 1745499702
Reason: transform time, Value: 0.00, Counter: 52, Timestamp: 1745499702
Reason: global search time, Value: 835.61, Counter: 52, Timestamp: 1745499703
Reason: process time, Value: 0.00, Counter: 52, Timestamp: 1745499703
Reason: loop time, Value: 837.60, Counter: 52, Timestamp: 1745499703
----------------------------------------
Thread: nice_thread, Loop time exceeded: 838.32 ms
Reason: consumer time, Value: 0.00, Counter: 77, Timestamp: 1745499703
Reason: transform time, Value: 0.00, Counter: 77, Timestamp: 1745499703
Reason: global search time, Value: 836.89, Counter: 77, Timestamp: 1745499703
Reason: process time, Value: 0.00, Counter: 77, Timestamp: 1745499703
Reason: loop time, Value: 838.32, Counter: 77, Timestamp: 1745499703
----------------------------------------
Thread: nice_thread, Loop time exceeded: 813.37 ms
Reason: consumer time, Value: 0.00, Counter: 103, Timestamp: 1745499703
Reason: transform time, Value: 0.00, Counter: 103, Timestamp: 1745499703
Reason: global search time, Value: 810.58, Counter: 103, Timestamp: 1745499704
Reason: process time, Value: 0.00, Counter: 103, Timestamp: 1745499704
Reason: loop time, Value: 813.37, Counter: 103, Timestamp: 1745499704
----------------------------------------
Thread: nice_thread, Loop time exceeded: 769.73 ms
Reason: consumer time, Value: 0.00, Counter: 0, Timestamp: 1745499704
Reason: transform time, Value: 0.00, Counter: 0, Timestamp: 1745499704
Reason: global search time, Value: 767.48, Counter: 0, Timestamp: 1745499705
Reason: process time, Value: 0.00, Counter: 0, Timestamp: 1745499705
Reason: loop time, Value: 769.73, Counter: 0, Timestamp: 1745499705
----------------------------------------
Thread: nice_thread, Loop time exceeded: 819.23 ms
Reason: consumer time, Value: 0.00, Counter: 24, Timestamp: 1745499705
Reason: transform time, Value: 0.00, Counter: 24, Timestamp: 1745499705
Reason: global search time, Value: 817.08, Counter: 24, Timestamp: 1745499706
Reason: process time, Value: 0.00, Counter: 24, Timestamp: 1745499706
Reason: loop time, Value: 819.23, Counter: 24, Timestamp: 1745499706
----------------------------------------
Thread: nice_thread, Loop time exceeded: 840.56 ms
Reason: consumer time, Value: 0.00, Counter: 49, Timestamp: 1745499706
Reason: transform time, Value: 0.00, Counter: 49, Timestamp: 1745499706
Reason: global search time, Value: 837.14, Counter: 49, Timestamp: 1745499707
Reason: process time, Value: 0.00, Counter: 49, Timestamp: 1745499707
Reason: loop time, Value: 840.56, Counter: 49, Timestamp: 1745499707
----------------------------------------
Thread: nice_thread, Loop time exceeded: 835.55 ms
Reason: consumer time, Value: 0.00, Counter: 74, Timestamp: 1745499707
Reason: transform time, Value: 0.00, Counter: 74, Timestamp: 1745499707
Reason: global search time, Value: 833.72, Counter: 74, Timestamp: 1745499707
Reason: process time, Value: 0.00, Counter: 74, Timestamp: 1745499707
Reason: loop time, Value: 835.55, Counter: 74, Timestamp: 1745499707
----------------------------------------
Thread: nice_thread, Loop time exceeded: 816.52 ms
Reason: consumer time, Value: 0.00, Counter: 99, Timestamp: 1745499707
Reason: transform time, Value: 0.00, Counter: 99, Timestamp: 1745499707
Reason: global search time, Value: 814.69, Counter: 99, Timestamp: 1745499708
Reason: process time, Value: 0.00, Counter: 99, Timestamp: 1745499708
Reason: loop time, Value: 816.52, Counter: 99, Timestamp: 1745499708
----------------------------------------
Thread: nice_thread, Loop time exceeded: 785.02 ms
Reason: consumer time, Value: 0.00, Counter: 124, Timestamp: 1745499708
Reason: transform time, Value: 0.00, Counter: 124, Timestamp: 1745499708
Reason: global search time, Value: 783.23, Counter: 124, Timestamp: 1745499709
Reason: process time, Value: 0.00, Counter: 124, Timestamp: 1745499709
Reason: loop time, Value: 785.02, Counter: 124, Timestamp: 1745499709
----------------------------------------
Thread: nice_thread, Loop time exceeded: 833.46 ms
Reason: consumer time, Value: 0.00, Counter: 21, Timestamp: 1745499709
Reason: transform time, Value: 0.00, Counter: 21, Timestamp: 1745499709
Reason: global search time, Value: 830.31, Counter: 21, Timestamp: 1745499710
Reason: process time, Value: 0.00, Counter: 21, Timestamp: 1745499710
Reason: loop time, Value: 833.46, Counter: 21, Timestamp: 1745499710
----------------------------------------
Thread: nice_thread, Loop time exceeded: 830.97 ms
Reason: consumer time, Value: 0.00, Counter: 45, Timestamp: 1745499710
Reason: transform time, Value: 0.01, Counter: 45, Timestamp: 1745499710
Reason: global search time, Value: 818.96, Counter: 45, Timestamp: 1745499711
Reason: process time, Value: 0.00, Counter: 45, Timestamp: 1745499711
Reason: loop time, Value: 830.97, Counter: 45, Timestamp: 1745499711
----------------------------------------
Thread: nice_thread, Loop time exceeded: 848.58 ms
Reason: consumer time, Value: 0.00, Counter: 70, Timestamp: 1745499711
Reason: transform time, Value: 0.00, Counter: 70, Timestamp: 1745499711
Reason: global search time, Value: 843.58, Counter: 70, Timestamp: 1745499712
Reason: process time, Value: 0.00, Counter: 70, Timestamp: 1745499712
Reason: loop time, Value: 848.58, Counter: 70, Timestamp: 1745499712
----------------------------------------
Thread: nice_thread, Loop time exceeded: 856.38 ms
Reason: consumer time, Value: 0.00, Counter: 94, Timestamp: 1745499712
Reason: transform time, Value: 0.00, Counter: 94, Timestamp: 1745499712
Reason: global search time, Value: 853.97, Counter: 94, Timestamp: 1745499712
Reason: process time, Value: 0.00, Counter: 94, Timestamp: 1745499712
Reason: loop time, Value: 856.38, Counter: 94, Timestamp: 1745499712
----------------------------------------
Thread: nice_thread, Loop time exceeded: 824.89 ms
Reason: consumer time, Value: 0.00, Counter: 120, Timestamp: 1745499712
Reason: transform time, Value: 0.00, Counter: 120, Timestamp: 1745499712
Reason: global search time, Value: 820.05, Counter: 120, Timestamp: 1745499713
Reason: process time, Value: 0.00, Counter: 120, Timestamp: 1745499713
Reason: loop time, Value: 824.89, Counter: 120, Timestamp: 1745499713
----------------------------------------
Thread: nice_thread, Loop time exceeded: 766.81 ms
Reason: consumer time, Value: 0.00, Counter: 17, Timestamp: 1745499713
Reason: transform time, Value: 0.00, Counter: 17, Timestamp: 1745499713
Reason: global search time, Value: 764.40, Counter: 17, Timestamp: 1745499714
Reason: process time, Value: 0.00, Counter: 17, Timestamp: 1745499714
Reason: loop time, Value: 766.81, Counter: 17, Timestamp: 1745499714
----------------------------------------
Thread: nice_thread, Loop time exceeded: 829.67 ms
Reason: consumer time, Value: 0.00, Counter: 42, Timestamp: 1745499714
Reason: transform time, Value: 0.00, Counter: 42, Timestamp: 1745499714
Reason: global search time, Value: 826.78, Counter: 42, Timestamp: 1745499715
Reason: process time, Value: 0.00, Counter: 42, Timestamp: 1745499715
Reason: loop time, Value: 829.67, Counter: 42, Timestamp: 1745499715
----------------------------------------
Thread: nice_thread, Loop time exceeded: 804.51 ms
Reason: consumer time, Value: 0.00, Counter: 66, Timestamp: 1745499715
Reason: transform time, Value: 0.01, Counter: 66, Timestamp: 1745499715
Reason: global search time, Value: 799.19, Counter: 66, Timestamp: 1745499716
Reason: process time, Value: 0.00, Counter: 66, Timestamp: 1745499716
Reason: loop time, Value: 804.51, Counter: 66, Timestamp: 1745499716
----------------------------------------
Thread: nice_thread, Loop time exceeded: 876.13 ms
Reason: consumer time, Value: 0.00, Counter: 90, Timestamp: 1745499716
Reason: transform time, Value: 0.01, Counter: 90, Timestamp: 1745499716
Reason: global search time, Value: 867.01, Counter: 90, Timestamp: 1745499717
Reason: process time, Value: 0.00, Counter: 90, Timestamp: 1745499717
Reason: loop time, Value: 876.13, Counter: 90, Timestamp: 1745499717
----------------------------------------
Thread: nice_thread, Loop time exceeded: 830.25 ms
Reason: consumer time, Value: 0.00, Counter: 116, Timestamp: 1745499717
Reason: transform time, Value: 0.00, Counter: 116, Timestamp: 1745499717
Reason: global search time, Value: 827.90, Counter: 116, Timestamp: 1745499717
Reason: process time, Value: 0.00, Counter: 116, Timestamp: 1745499717
Reason: loop time, Value: 830.25, Counter: 116, Timestamp: 1745499717
----------------------------------------
Thread: nice_thread, Loop time exceeded: 832.42 ms
Reason: consumer time, Value: 0.00, Counter: 12, Timestamp: 1745499717
Reason: transform time, Value: 0.00, Counter: 12, Timestamp: 1745499717
Reason: global search time, Value: 830.05, Counter: 12, Timestamp: 1745499718
Reason: process time, Value: 0.00, Counter: 12, Timestamp: 1745499718
Reason: loop time, Value: 832.42, Counter: 12, Timestamp: 1745499718
----------------------------------------
Thread: nice_thread, Loop time exceeded: 791.75 ms
Reason: consumer time, Value: 0.00, Counter: 38, Timestamp: 1745499718
Reason: transform time, Value: 0.01, Counter: 38, Timestamp: 1745499718
Reason: global search time, Value: 785.81, Counter: 38, Timestamp: 1745499719
Reason: process time, Value: 0.00, Counter: 38, Timestamp: 1745499719
Reason: loop time, Value: 791.75, Counter: 38, Timestamp: 1745499719
----------------------------------------
Thread: nice_thread, Loop time exceeded: 830.94 ms
Reason: consumer time, Value: 0.00, Counter: 63, Timestamp: 1745499719
Reason: transform time, Value: 0.01, Counter: 63, Timestamp: 1745499719
Reason: global search time, Value: 825.25, Counter: 63, Timestamp: 1745499720
Reason: process time, Value: 0.00, Counter: 63, Timestamp: 1745499720
Reason: loop time, Value: 830.94, Counter: 63, Timestamp: 1745499720
----------------------------------------
Thread: nice_thread, Loop time exceeded: 840.75 ms
Reason: consumer time, Value: 0.00, Counter: 87, Timestamp: 1745499720
Reason: transform time, Value: 0.00, Counter: 87, Timestamp: 1745499720
Reason: global search time, Value: 838.62, Counter: 87, Timestamp: 1745499721
Reason: process time, Value: 0.00, Counter: 87, Timestamp: 1745499721
Reason: loop time, Value: 840.75, Counter: 87, Timestamp: 1745499721
----------------------------------------
Thread: nice_thread, Loop time exceeded: 858.32 ms
Reason: consumer time, Value: 0.00, Counter: 112, Timestamp: 1745499721
Reason: transform time, Value: 0.00, Counter: 112, Timestamp: 1745499721
Reason: global search time, Value: 856.78, Counter: 112, Timestamp: 1745499722
Reason: process time, Value: 0.00, Counter: 112, Timestamp: 1745499722
Reason: loop time, Value: 858.32, Counter: 112, Timestamp: 1745499722
----------------------------------------
Thread: nice_thread, Loop time exceeded: 840.48 ms
Reason: consumer time, Value: 0.00, Counter: 9, Timestamp: 1745499722
Reason: transform time, Value: 0.01, Counter: 9, Timestamp: 1745499722
Reason: global search time, Value: 834.52, Counter: 9, Timestamp: 1745499722
Reason: process time, Value: 0.00, Counter: 9, Timestamp: 1745499722
Reason: loop time, Value: 840.48, Counter: 9, Timestamp: 1745499722
----------------------------------------
Thread: nice_thread, Loop time exceeded: 827.37 ms
Reason: consumer time, Value: 0.00, Counter: 35, Timestamp: 1745499722
Reason: transform time, Value: 0.00, Counter: 35, Timestamp: 1745499722
Reason: global search time, Value: 822.50, Counter: 35, Timestamp: 1745499723
Reason: process time, Value: 0.00, Counter: 35, Timestamp: 1745499723
Reason: loop time, Value: 827.37, Counter: 35, Timestamp: 1745499723
----------------------------------------
Thread: nice_thread, Loop time exceeded: 792.46 ms
Reason: consumer time, Value: 0.00, Counter: 60, Timestamp: 1745499723
Reason: transform time, Value: 0.01, Counter: 60, Timestamp: 1745499723
Reason: global search time, Value: 787.21, Counter: 60, Timestamp: 1745499724
Reason: process time, Value: 0.00, Counter: 60, Timestamp: 1745499724
Reason: loop time, Value: 792.46, Counter: 60, Timestamp: 1745499724
----------------------------------------
Thread: nice_thread, Loop time exceeded: 817.52 ms
Reason: consumer time, Value: 0.00, Counter: 86, Timestamp: 1745499724
Reason: transform time, Value: 0.00, Counter: 86, Timestamp: 1745499724
Reason: global search time, Value: 814.77, Counter: 86, Timestamp: 1745499725
Reason: process time, Value: 0.00, Counter: 86, Timestamp: 1745499725
Reason: loop time, Value: 817.52, Counter: 86, Timestamp: 1745499725
----------------------------------------
Thread: nice_thread, Loop time exceeded: 822.60 ms
Reason: consumer time, Value: 0.00, Counter: 110, Timestamp: 1745499725
Reason: transform time, Value: 0.00, Counter: 110, Timestamp: 1745499725
Reason: global search time, Value: 820.22, Counter: 110, Timestamp: 1745499726
Reason: process time, Value: 0.00, Counter: 110, Timestamp: 1745499726
Reason: loop time, Value: 822.60, Counter: 110, Timestamp: 1745499726
----------------------------------------
Thread: nice_thread, Loop time exceeded: 830.86 ms
Reason: consumer time, Value: 0.00, Counter: 7, Timestamp: 1745499726
Reason: transform time, Value: 0.00, Counter: 7, Timestamp: 1745499726
Reason: global search time, Value: 829.48, Counter: 7, Timestamp: 1745499726
Reason: process time, Value: 0.00, Counter: 7, Timestamp: 1745499726
Reason: loop time, Value: 830.86, Counter: 7, Timestamp: 1745499726
----------------------------------------
Thread: nice_thread, Loop time exceeded: 824.16 ms
Reason: consumer time, Value: 0.00, Counter: 31, Timestamp: 1745499726
Reason: transform time, Value: 0.00, Counter: 31, Timestamp: 1745499726
Reason: global search time, Value: 822.32, Counter: 31, Timestamp: 1745499727
Reason: process time, Value: 0.00, Counter: 31, Timestamp: 1745499727
Reason: loop time, Value: 824.16, Counter: 31, Timestamp: 1745499727
----------------------------------------
Thread: nice_thread, Loop time exceeded: 827.79 ms
Reason: consumer time, Value: 0.00, Counter: 56, Timestamp: 1745499727
Reason: transform time, Value: 0.00, Counter: 56, Timestamp: 1745499727
Reason: global search time, Value: 826.09, Counter: 56, Timestamp: 1745499728
Reason: process time, Value: 0.00, Counter: 56, Timestamp: 1745499728
Reason: loop time, Value: 827.79, Counter: 56, Timestamp: 1745499728
----------------------------------------
Thread: nice_thread, Loop time exceeded: 1128.00 ms
Reason: consumer time, Value: 0.00, Counter: 81, Timestamp: 1745499728
Reason: transform time, Value: 0.00, Counter: 81, Timestamp: 1745499728
Reason: global search time, Value: 1125.84, Counter: 81, Timestamp: 1745499729
Reason: process time, Value: 0.00, Counter: 81, Timestamp: 1745499729
Reason: loop time, Value: 1128.00, Counter: 81, Timestamp: 1745499729
----------------------------------------
Thread: nice_thread, Loop time exceeded: 843.84 ms
Reason: consumer time, Value: 0.00, Counter: 106, Timestamp: 1745499729
Reason: transform time, Value: 0.00, Counter: 106, Timestamp: 1745499729
Reason: global search time, Value: 841.51, Counter: 106, Timestamp: 1745499730
Reason: process time, Value: 0.00, Counter: 106, Timestamp: 1745499730
Reason: loop time, Value: 843.84, Counter: 106, Timestamp: 1745499730
----------------------------------------
Thread: nice_thread, Loop time exceeded: 868.52 ms
Reason: consumer time, Value: 0.00, Counter: 5, Timestamp: 1745499730
Reason: transform time, Value: 0.00, Counter: 5, Timestamp: 1745499730
Reason: global search time, Value: 864.00, Counter: 5, Timestamp: 1745499731
Reason: process time, Value: 0.00, Counter: 5, Timestamp: 1745499731
Reason: loop time, Value: 868.52, Counter: 5, Timestamp: 1745499731
----------------------------------------
Thread: nice_thread, Loop time exceeded: 909.76 ms
Reason: consumer time, Value: 0.00, Counter: 32, Timestamp: 1745499731
Reason: transform time, Value: 0.00, Counter: 32, Timestamp: 1745499731
Reason: global search time, Value: 905.27, Counter: 32, Timestamp: 1745499732
Reason: process time, Value: 0.00, Counter: 32, Timestamp: 1745499732
Reason: loop time, Value: 909.76, Counter: 32, Timestamp: 1745499732
----------------------------------------
Thread: nice_thread, Loop time exceeded: 879.49 ms
Reason: consumer time, Value: 0.00, Counter: 60, Timestamp: 1745499732
Reason: transform time, Value: 0.00, Counter: 60, Timestamp: 1745499732
Reason: global search time, Value: 877.87, Counter: 60, Timestamp: 1745499733
Reason: process time, Value: 0.00, Counter: 60, Timestamp: 1745499733
Reason: loop time, Value: 879.49, Counter: 60, Timestamp: 1745499733
----------------------------------------
Thread: nice_thread, Loop time exceeded: 857.97 ms
Reason: consumer time, Value: 0.00, Counter: 87, Timestamp: 1745499733
Reason: transform time, Value: 0.00, Counter: 87, Timestamp: 1745499733
Reason: global search time, Value: 855.91, Counter: 87, Timestamp: 1745499734
Reason: process time, Value: 0.00, Counter: 87, Timestamp: 1745499734
Reason: loop time, Value: 857.97, Counter: 87, Timestamp: 1745499734
----------------------------------------
Thread: nice_thread, Loop time exceeded: 887.64 ms
Reason: consumer time, Value: 0.00, Counter: 114, Timestamp: 1745499734
Reason: transform time, Value: 0.00, Counter: 114, Timestamp: 1745499734
Reason: global search time, Value: 886.24, Counter: 114, Timestamp: 1745499734
Reason: process time, Value: 0.00, Counter: 114, Timestamp: 1745499734
Reason: loop time, Value: 887.64, Counter: 114, Timestamp: 1745499734
----------------------------------------
Thread: nice_thread, Loop time exceeded: 862.23 ms
Reason: consumer time, Value: 0.00, Counter: 13, Timestamp: 1745499734
Reason: transform time, Value: 0.00, Counter: 13, Timestamp: 1745499734
Reason: global search time, Value: 859.86, Counter: 13, Timestamp: 1745499735
Reason: process time, Value: 0.00, Counter: 13, Timestamp: 1745499735
Reason: loop time, Value: 862.23, Counter: 13, Timestamp: 1745499735
----------------------------------------
Thread: nice_thread, Loop time exceeded: 880.32 ms
Reason: consumer time, Value: 0.00, Counter: 39, Timestamp: 1745499735
Reason: transform time, Value: 0.00, Counter: 39, Timestamp: 1745499735
Reason: global search time, Value: 877.99, Counter: 39, Timestamp: 1745499736
Reason: process time, Value: 0.00, Counter: 39, Timestamp: 1745499736
Reason: loop time, Value: 880.32, Counter: 39, Timestamp: 1745499736
----------------------------------------
Thread: nice_thread, Loop time exceeded: 828.68 ms
Reason: consumer time, Value: 0.00, Counter: 67, Timestamp: 1745499736
Reason: transform time, Value: 0.00, Counter: 67, Timestamp: 1745499736
Reason: global search time, Value: 826.67, Counter: 67, Timestamp: 1745499737
Reason: process time, Value: 0.00, Counter: 67, Timestamp: 1745499737
Reason: loop time, Value: 828.68, Counter: 67, Timestamp: 1745499737
----------------------------------------
Thread: nice_thread, Loop time exceeded: 876.30 ms
Reason: consumer time, Value: 0.00, Counter: 93, Timestamp: 1745499737
Reason: transform time, Value: 0.00, Counter: 93, Timestamp: 1745499737
Reason: global search time, Value: 873.96, Counter: 93, Timestamp: 1745499738
Reason: process time, Value: 0.00, Counter: 93, Timestamp: 1745499738
Reason: loop time, Value: 876.30, Counter: 93, Timestamp: 1745499738
----------------------------------------
Thread: nice_thread, Loop time exceeded: 861.84 ms
Reason: consumer time, Value: 0.00, Counter: 120, Timestamp: 1745499738
Reason: transform time, Value: 0.00, Counter: 120, Timestamp: 1745499738
Reason: global search time, Value: 859.03, Counter: 120, Timestamp: 1745499739
Reason: process time, Value: 0.00, Counter: 120, Timestamp: 1745499739
Reason: loop time, Value: 861.84, Counter: 120, Timestamp: 1745499739
----------------------------------------
Thread: nice_thread, Loop time exceeded: 882.12 ms
Reason: consumer time, Value: 0.00, Counter: 16, Timestamp: 1745499739
Reason: transform time, Value: 0.00, Counter: 16, Timestamp: 1745499739
Reason: global search time, Value: 879.23, Counter: 16, Timestamp: 1745499740
Reason: process time, Value: 0.00, Counter: 16, Timestamp: 1745499740
Reason: loop time, Value: 882.12, Counter: 16, Timestamp: 1745499740
----------------------------------------
Thread: nice_thread, Loop time exceeded: 870.67 ms
Reason: consumer time, Value: 0.00, Counter: 43, Timestamp: 1745499740
Reason: transform time, Value: 0.00, Counter: 43, Timestamp: 1745499740
Reason: global search time, Value: 868.40, Counter: 43, Timestamp: 1745499741
Reason: process time, Value: 0.00, Counter: 43, Timestamp: 1745499741
Reason: loop time, Value: 870.67, Counter: 43, Timestamp: 1745499741
----------------------------------------
Thread: nice_thread, Loop time exceeded: 869.57 ms
Reason: consumer time, Value: 0.00, Counter: 70, Timestamp: 1745499741
Reason: transform time, Value: 0.00, Counter: 70, Timestamp: 1745499741
Reason: global search time, Value: 867.77, Counter: 70, Timestamp: 1745499741
Reason: process time, Value: 0.00, Counter: 70, Timestamp: 1745499741
Reason: loop time, Value: 869.57, Counter: 70, Timestamp: 1745499741
----------------------------------------
Thread: nice_thread, Loop time exceeded: 893.80 ms
Reason: consumer time, Value: 0.00, Counter: 96, Timestamp: 1745499741
Reason: transform time, Value: 0.00, Counter: 96, Timestamp: 1745499741
Reason: global search time, Value: 891.69, Counter: 96, Timestamp: 1745499742
Reason: process time, Value: 0.00, Counter: 96, Timestamp: 1745499742
Reason: loop time, Value: 893.80, Counter: 96, Timestamp: 1745499742
----------------------------------------
Thread: nice_thread, Loop time exceeded: 787.95 ms
Reason: consumer time, Value: 0.00, Counter: 124, Timestamp: 1745499742
Reason: transform time, Value: 0.00, Counter: 124, Timestamp: 1745499742
Reason: global search time, Value: 785.99, Counter: 124, Timestamp: 1745499743
Reason: process time, Value: 0.00, Counter: 124, Timestamp: 1745499743
Reason: loop time, Value: 787.95, Counter: 124, Timestamp: 1745499743
----------------------------------------
Thread: nice_thread, Loop time exceeded: 858.22 ms
Reason: consumer time, Value: 0.00, Counter: 21, Timestamp: 1745499743
Reason: transform time, Value: 0.00, Counter: 21, Timestamp: 1745499743
Reason: global search time, Value: 854.29, Counter: 21, Timestamp: 1745499744
Reason: process time, Value: 0.00, Counter: 21, Timestamp: 1745499744
Reason: loop time, Value: 858.22, Counter: 21, Timestamp: 1745499744
----------------------------------------
Thread: nice_thread, Loop time exceeded: 880.36 ms
Reason: consumer time, Value: 0.00, Counter: 46, Timestamp: 1745499744
Reason: transform time, Value: 0.01, Counter: 46, Timestamp: 1745499744
Reason: global search time, Value: 874.87, Counter: 46, Timestamp: 1745499745
Reason: process time, Value: 0.00, Counter: 46, Timestamp: 1745499745
Reason: loop time, Value: 880.36, Counter: 46, Timestamp: 1745499745
----------------------------------------
Thread: nice_thread, Loop time exceeded: 898.05 ms
Reason: consumer time, Value: 0.00, Counter: 72, Timestamp: 1745499745
Reason: transform time, Value: 0.01, Counter: 72, Timestamp: 1745499745
Reason: global search time, Value: 892.90, Counter: 72, Timestamp: 1745499746
Reason: process time, Value: 0.00, Counter: 72, Timestamp: 1745499746
Reason: loop time, Value: 898.05, Counter: 72, Timestamp: 1745499746
----------------------------------------
Thread: nice_thread, Loop time exceeded: 883.97 ms
Reason: consumer time, Value: 0.00, Counter: 99, Timestamp: 1745499746
Reason: transform time, Value: 0.01, Counter: 99, Timestamp: 1745499746
Reason: global search time, Value: 878.72, Counter: 99, Timestamp: 1745499747
Reason: process time, Value: 0.00, Counter: 99, Timestamp: 1745499747
Reason: loop time, Value: 883.97, Counter: 99, Timestamp: 1745499747
----------------------------------------
Thread: nice_thread, Loop time exceeded: 867.25 ms
Reason: consumer time, Value: 0.00, Counter: 126, Timestamp: 1745499747
Reason: transform time, Value: 0.00, Counter: 126, Timestamp: 1745499747
Reason: global search time, Value: 865.29, Counter: 126, Timestamp: 1745499747
Reason: process time, Value: 0.00, Counter: 126, Timestamp: 1745499747
Reason: loop time, Value: 867.25, Counter: 126, Timestamp: 1745499747
----------------------------------------
Thread: nice_thread, Loop time exceeded: 865.65 ms
Reason: consumer time, Value: 0.00, Counter: 23, Timestamp: 1745499747
Reason: transform time, Value: 0.00, Counter: 23, Timestamp: 1745499747
Reason: global search time, Value: 861.39, Counter: 23, Timestamp: 1745499748
Reason: process time, Value: 0.00, Counter: 23, Timestamp: 1745499748
Reason: loop time, Value: 865.65, Counter: 23, Timestamp: 1745499748
----------------------------------------
Thread: nice_thread, Loop time exceeded: 513.67 ms
Reason: consumer time, Value: 0.00, Counter: 49, Timestamp: 1745499748
Reason: transform time, Value: 0.00, Counter: 49, Timestamp: 1745499748
Reason: global search time, Value: 511.91, Counter: 49, Timestamp: 1745499749
Reason: process time, Value: 0.00, Counter: 49, Timestamp: 1745499749
Reason: loop time, Value: 513.67, Counter: 49, Timestamp: 1745499749
----------------------------------------
Thread: nice_thread, Loop time exceeded: 630.16 ms
Reason: consumer time, Value: 0.00, Counter: 67, Timestamp: 1745499749
Reason: transform time, Value: 0.00, Counter: 67, Timestamp: 1745499749
Reason: global search time, Value: 628.41, Counter: 67, Timestamp: 1745499749
Reason: process time, Value: 0.00, Counter: 67, Timestamp: 1745499749
Reason: loop time, Value: 630.16, Counter: 67, Timestamp: 1745499749
----------------------------------------
Thread: nice_thread, Loop time exceeded: 525.34 ms
Reason: consumer time, Value: 0.00, Counter: 87, Timestamp: 1745499749
Reason: transform time, Value: 0.00, Counter: 87, Timestamp: 1745499749
Reason: global search time, Value: 523.93, Counter: 87, Timestamp: 1745499750
Reason: process time, Value: 0.00, Counter: 87, Timestamp: 1745499750
Reason: loop time, Value: 525.34, Counter: 87, Timestamp: 1745499750
----------------------------------------
Thread: nice_thread, Loop time exceeded: 688.85 ms
Reason: consumer time, Value: 0.00, Counter: 106, Timestamp: 1745499750
Reason: transform time, Value: 0.00, Counter: 106, Timestamp: 1745499750
Reason: global search time, Value: 685.68, Counter: 106, Timestamp: 1745499751
Reason: process time, Value: 0.00, Counter: 106, Timestamp: 1745499751
Reason: loop time, Value: 688.85, Counter: 106, Timestamp: 1745499751
----------------------------------------
Thread: nice_thread, Loop time exceeded: 644.05 ms
Reason: consumer time, Value: 0.00, Counter: 1, Timestamp: 1745499751
Reason: transform time, Value: 0.00, Counter: 1, Timestamp: 1745499751
Reason: global search time, Value: 640.84, Counter: 1, Timestamp: 1745499751
Reason: process time, Value: 0.00, Counter: 1, Timestamp: 1745499751
Reason: loop time, Value: 644.05, Counter: 1, Timestamp: 1745499751
----------------------------------------
