Core number: 2
Remap: 0.004 ms
Transform color: 10.311 ms
Core number: 2
Remap: 0 ms
Transform color: 3.543 ms
Core number: 2
Remap: 0.001 ms
Transform color: 2.205 ms
Core number: 2
Remap: 0.001 ms
Transform color: 2.02 ms
Core number: 2
Remap: 0 ms
Transform color: 4.326 ms
Core number: 2
Remap: 0 ms
Transform color: 1.698 ms
Core number: 2
Remap: 0.001 ms
Transform color: 1.925 ms
Core number: 2
Remap: 0.001 ms
Transform color: 1.91 ms
Core number: 2
Remap: 0.001 ms
Transform color: 2.024 ms
Core number: 2
Remap: 0.001 ms
Transform color: 4.217 ms
Core number: 2
Remap: 0.001 ms
Transform color: 1.95 ms
Core number: 2
Remap: 0.001 ms
Transform color: 5.937 ms
Core number: 2
Remap: 0.001 ms
Transform color: 2.323 ms
Core number: 2
Remap: 0.001 ms
Transform color: 4.106 ms
Core number: 2
Remap: 0.001 ms
Transform color: 2.722 ms
Core number: 2
Remap: 0.001 ms
Transform color: 1.719 ms
Core number: 2
Remap: 0.001 ms
Transform color: 1.522 ms
Core number: 2
Remap: 0 ms
Transform color: 1.777 ms
Core number: 2
Remap: 0.001 ms
Transform color: 1.84 ms
Core number: 2
Remap: 0.001 ms
Transform color: 2.289 ms
Core number: 2
Remap: 0.001 ms
Transform color: 1.941 ms
Core number: 2
Remap: 0.001 ms
Transform color: 1.513 ms
Core number: 2
Remap: 0 ms
Transform color: 1.969 ms
Core number: 2
Remap: 0 ms
Transform color: 2.404 ms
Core number: 2
Remap: 0.001 ms
Transform color: 2.122 ms
Core number: 2
Remap: 0.001 ms
Transform color: 1.643 ms
Core number: 2
Remap: 0.001 ms
Transform color: 1.723 ms
Core number: 2
Remap: 0.001 ms
Transform color: 2.077 ms
Core number: 2
Remap: 0.001 ms
Transform color: 1.887 ms
Core number: 2
Remap: 0.001 ms
Transform color: 2.509 ms
Core number: 2
Remap: 0.001 ms
Transform color: 2.014 ms
Core number: 2
Remap: 0 ms
Transform color: 1.981 ms
Core number: 2
Remap: 0 ms
Transform color: 1.568 ms
Core number: 2
Remap: 0.001 ms
Transform color: 1.996 ms
Core number: 2
Remap: 0.001 ms
Transform color: 2.071 ms
Core number: 2
Remap: 0.001 ms
Transform color: 2.005 ms
Core number: 2
Remap: 0.001 ms
Transform color: 5.889 ms
Core number: 2
Remap: 0.001 ms
Transform color: 4.903 ms
Core number: 2
Remap: 0 ms
Transform color: 9.084 ms
Core number: 2
Remap: 0.001 ms
Transform color: 1.712 ms
Core number: 2
Remap: 0.001 ms
Transform color: 1.991 ms
Core number: 2
Remap: 0 ms
Transform color: 5.074 ms
Core number: 2
Remap: 0.001 ms
Transform color: 4.221 ms
Core number: 2
Remap: 0.001 ms
Transform color: 1.435 ms
Core number: 2
Remap: 0.001 ms
Transform color: 1.857 ms
Core number: 2
Remap: 0.001 ms
Transform color: 2.388 ms
Core number: 2
Remap: 0.001 ms
Transform color: 2.15 ms
Core number: 2
Remap: 0.001 ms
Transform color: 1.731 ms
Core number: 2
Remap: 0 ms
Transform color: 2.456 ms
Core number: 2
Remap: 0 ms
Transform color: 1.637 ms
Core number: 2
Remap: 0.001 ms
Transform color: 2.209 ms
Core number: 2
Remap: 0.001 ms
Transform color: 2.992 ms
Core number: 2
Remap: 0 ms
Transform color: 1.424 ms
Core number: 2
Remap: 0 ms
Transform color: 1.996 ms
Core number: 2
Remap: 0.002 ms
Transform color: 1.884 ms
Core number: 2
Remap: 0.001 ms
Transform color: 5.4 ms
Core number: 2
Remap: 0.001 ms
Transform color: 2.11 ms
Core number: 2
Remap: 0.001 ms
Transform color: 2.434 ms
Core number: 2
Remap: 0.001 ms
Transform color: 2.144 ms
Core number: 2
Remap: 0.001 ms
Transform color: 4.634 ms
Core number: 2
Remap: 0.001 ms
Transform color: 2.043 ms
Core number: 2
Remap: 0 ms
Transform color: 1.867 ms
Core number: 2
Remap: 0.001 ms
Transform color: 1.996 ms
Core number: 2
Remap: 0.001 ms
Transform color: 1.766 ms
Core number: 2
Remap: 0.001 ms
Transform color: 1.736 ms
Core number: 2
Remap: 0.001 ms
Transform color: 1.641 ms
Core number: 2
Remap: 0 ms
Transform color: 2.148 ms
Core number: 2
Remap: 0.001 ms
Transform color: 1.732 ms
Core number: 2
Remap: 0.001 ms
Transform color: 1.882 ms
Core number: 2
Remap: 0.001 ms
Transform color: 2.359 ms
Core number: 2
Remap: 0.001 ms
Transform color: 2.027 ms
Core number: 2
Remap: 0 ms
Transform color: 1.439 ms
Core number: 2
Remap: 0.001 ms
Transform color: 4.809 ms
Core number: 2
Remap: 0.001 ms
Transform color: 1.945 ms
Core number: 2
Remap: 0.001 ms
Transform color: 2.03 ms
Core number: 2
Remap: 0.001 ms
Transform color: 4.576 ms
Core number: 2
Remap: 0 ms
Transform color: 7.738 ms
Core number: 2
Remap: 0 ms
Transform color: 2.205 ms
Core number: 2
Remap: 0 ms
Transform color: 5.256 ms
Core number: 2
Remap: 0.001 ms
Transform color: 4.838 ms
Core number: 2
Remap: 0.002 ms
Transform color: 2.333 ms
Core number: 2
Remap: 0.001 ms
Transform color: 6.259 ms
Core number: 2
, Loop time exceeded: 719.42 ms
Reason: consumer time, Value: 0.00, Counter: 12, Timestamp: 1745499696
Reason: transform time, Value: 0.00, Counter: 12, Timestamp: 1745499696
Reason: global search time, Value: 717.40, Counter: 12, Timestamp: 1745499696
Reason: process time, Value: 0.00, Counter: 12, Timestamp: 1745499696
Reason: loop time, Value: 719.42, Counter: 12, Timestamp: 1745499696
----------------------------------------
Thread: nice_thread, Loop time exceeded: 710.86 ms
Reason: consumer time, Value: 0.00, Counter: 34, Timestamp: 1745499696
Reason: transform time, Value: 0.01, Counter: 34, Timestamp: 1745499696
Reason: global search time, Value: 704.83, Counter: 34, Timestamp: 1745499697
Reason: process time, Value: 0.00, Counter: 34, Timestamp: 1745499697
Reason: loop time, Value: 710.86, Counter: 34, Timestamp: 1745499697
----------------------------------------
Thread: nice_thread, Loop time exceeded: 661.99 ms
Reason: consumer time, Value: 0.00, Counter: 57, Timestamp: 1745499697
Reason: transform time, Value: 0.00, Counter: 57, Timestamp: 1745499697
Reason: global search time, Value: 659.58, Counter: 57, Timestamp: 1745499698
Reason: process time, Value: 0.00, Counter: 57, Timestamp: 1745499698
Reason: loop time, Value: 661.99, Counter: 57, Timestamp: 1745499698
----------------------------------------
Thread: nice_thread, Loop time exceeded: 713.23 ms
Reason: consumer time, Value: 0.00, Counter: 79, Timestamp: 1745499698
Reason: transform time, Value: 0.00, Counter: 79, Timestamp: 1745499698
Reason: global search time, Value: 709.08, Counter: 79, Timestamp: 1745499699
Reason: process time, Value: 0.00, Counter: 79, Timestamp: 1745499699
Reason: loop time, Value: 713.23, Counter: 79, Timestamp: 1745499699
----------------------------------------
Thread: nice_thread, Loop time exceeded: 731.41 ms
Reason: consumer time, Value: 0.00, Counter: 101, Timestamp: 1745499699
Reason: transform time, Value: 0.00, Counter: 101, Timestamp: 1745499699
Reason: global search time, Value: 728.65, Counter: 101, Timestamp: 1745499699
Reason: process time, Value: 0.00, Counter: 101, Timestamp: 1745499699
Reason: loop time, Value: 731.41, Counter: 101, Timestamp: 1745499699
----------------------------------------
Thread: nice_thread, Loop time exceeded: 690.31 ms
Reason: consumer time, Value: 0.00, Counter: 124, Timestamp: 1745499699
Reason: transform time, Value: 0.00, Counter: 124, Timestamp: 1745499699
Reason: global search time, Value: 688.56, Counter: 124, Timestamp: 1745499700
Reason: process time, Value: 0.00, Counter: 124, Timestamp: 1745499700
Reason: loop time, Value: 690.31, Counter: 124, Timestamp: 1745499700
----------------------------------------
Thread: nice_thread, Loop time exceeded: 765.60 ms
Reason: consumer time, Value: 0.00, Counter: 19, Timestamp: 1745499700
Reason: transform time, Value: 0.00, Counter: 19, Timestamp: 1745499700
Reason: global search time, Value: 764.04, Counter: 19, Timestamp: 1745499701
Reason: process time, Value: 0.00, Counter: 19, Timestamp: 1745499701
Reason: loop time, Value: 765.60, Counter: 19, Timestamp: 1745499701
----------------------------------------
Thread: nice_thread, Loop time exceeded: 726.85 ms
Reason: consumer time, Value: 0.00, Counter: 42, Timestamp: 1745499701
Reason: transform time, Value: 0.00, Counter: 42, Timestamp: 1745499701
Reason: global search time, Value: 725.02, Counter: 42, Timestamp: 1745499701
Reason: process time, Value: 0.00, Counter: 42, Timestamp: 1745499701
Reason: loop time, Value: 726.85, Counter: 42, Timestamp: 1745499701
----------------------------------------
Thread: nice_thread, Loop time exceeded: 721.35 ms
Reason: consumer time, Value: 0.00, Counter: 65, Timestamp: 1745499701
Reason: transform time, Value: 0.00, Counter: 65, Timestamp: 1745499701
Reason: global search time, Value: 719.47, Counter: 65, Timestamp: 1745499702
Reason: process time, Value: 0.00, Counter: 65, Timestamp: 1745499702
Reason: loop time, Value: 721.35, Counter: 65, Timestamp: 1745499702
----------------------------------------
Thread: nice_thread, Loop time exceeded: 664.29 ms
Reason: consumer time, Value: 0.00, Counter: 88, Timestamp: 1745499702
Reason: transform time, Value: 0.00, Counter: 88, Timestamp: 1745499702
Reason: global search time, Value: 661.93, Counter: 88, Timestamp: 1745499703
Reason: process time, Value: 0.00, Counter: 88, Timestamp: 1745499703
Reason: loop time, Value: 664.29, Counter: 88, Timestamp: 1745499703
----------------------------------------
Thread: nice_thread, Loop time exceeded: 724.97 ms
Reason: consumer time, Value: 0.00, Counter: 110, Timestamp: 1745499703
Reason: transform time, Value: 0.00, Counter: 110, Timestamp: 1745499703
Reason: global search time, Value: 723.00, Counter: 110, Timestamp: 1745499704
Reason: process time, Value: 0.00, Counter: 110, Timestamp: 1745499704
Reason: loop time, Value: 724.97, Counter: 110, Timestamp: 1745499704
----------------------------------------
Thread: nice_thread, Loop time exceeded: 730.68 ms
Reason: consumer time, Value: 0.00, Counter: 5, Timestamp: 1745499704
Reason: transform time, Value: 0.00, Counter: 5, Timestamp: 1745499704
Reason: global search time, Value: 729.14, Counter: 5, Timestamp: 1745499704
Reason: process time, Value: 0.00, Counter: 5, Timestamp: 1745499704
Reason: loop time, Value: 730.68, Counter: 5, Timestamp: 1745499704
----------------------------------------
Thread: nice_thread, Loop time exceeded: 665.39 ms
Reason: consumer time, Value: 0.00, Counter: 28, Timestamp: 1745499704
Reason: transform time, Value: 0.00, Counter: 28, Timestamp: 1745499704
Reason: global search time, Value: 663.39, Counter: 28, Timestamp: 1745499705
Reason: process time, Value: 0.00, Counter: 28, Timestamp: 1745499705
Reason: loop time, Value: 665.39, Counter: 28, Timestamp: 1745499705
----------------------------------------
Thread: nice_thread, Loop time exceeded: 727.09 ms
Reason: consumer time, Value: 0.00, Counter: 50, Timestamp: 1745499705
Reason: transform time, Value: 0.00, Counter: 50, Timestamp: 1745499705
Reason: global search time, Value: 724.63, Counter: 50, Timestamp: 1745499706
Reason: process time, Value: 0.00, Counter: 50, Timestamp: 1745499706
Reason: loop time, Value: 727.09, Counter: 50, Timestamp: 1745499706
----------------------------------------
Thread: nice_thread, Loop time exceeded: 723.18 ms
Reason: consumer time, Value: 0.00, Counter: 73, Timestamp: 1745499706
Reason: transform time, Value: 0.00, Counter: 73, Timestamp: 1745499706
Reason: global search time, Value: 721.00, Counter: 73, Timestamp: 1745499706
Reason: process time, Value: 0.00, Counter: 73, Timestamp: 1745499706
Reason: loop time, Value: 723.18, Counter: 73, Timestamp: 1745499706
----------------------------------------
Thread: nice_thread, Loop time exceeded: 727.51 ms
Reason: consumer time, Value: 0.00, Counter: 95, Timestamp: 1745499706
Reason: transform time, Value: 0.00, Counter: 95, Timestamp: 1745499706
Reason: global search time, Value: 725.81, Counter: 95, Timestamp: 1745499707
Reason: process time, Value: 0.00, Counter: 95, Timestamp: 1745499707
Reason: loop time, Value: 727.51, Counter: 95, Timestamp: 1745499707
----------------------------------------
Thread: nice_thread, Loop time exceeded: 651.30 ms
Reason: consumer time, Value: 0.00, Counter: 118, Timestamp: 1745499707
Reason: transform time, Value: 0.00, Counter: 118, Timestamp: 1745499707
Reason: global search time, Value: 649.53, Counter: 118, Timestamp: 1745499708
Reason: process time, Value: 0.00, Counter: 118, Timestamp: 1745499708
Reason: loop time, Value: 651.30, Counter: 118, Timestamp: 1745499708
----------------------------------------
Thread: nice_thread, Loop time exceeded: 708.86 ms
Reason: consumer time, Value: 0.00, Counter: 12, Timestamp: 1745499708
Reason: transform time, Value: 0.00, Counter: 12, Timestamp: 1745499708
Reason: global search time, Value: 706.74, Counter: 12, Timestamp: 1745499709
Reason: process time, Value: 0.00, Counter: 12, Timestamp: 1745499709
Reason: loop time, Value: 708.86, Counter: 12, Timestamp: 1745499709
----------------------------------------
Thread: nice_thread, Loop time exceeded: 730.50 ms
Reason: consumer time, Value: 0.00, Counter: 34, Timestamp: 1745499709
Reason: transform time, Value: 0.00, Counter: 34, Timestamp: 1745499709
Reason: global search time, Value: 728.57, Counter: 34, Timestamp: 1745499709
Reason: process time, Value: 0.00, Counter: 34, Timestamp: 1745499709
Reason: loop time, Value: 730.50, Counter: 34, Timestamp: 1745499709
----------------------------------------
Thread: nice_thread, Loop time exceeded: 686.89 ms
Reason: consumer time, Value: 0.00, Counter: 57, Timestamp: 1745499709
Reason: transform time, Value: 0.00, Counter: 57, Timestamp: 1745499709
Reason: global search time, Value: 684.34, Counter: 57, Timestamp: 1745499710
Reason: process time, Value: 0.00, Counter: 57, Timestamp: 1745499710
Reason: loop time, Value: 686.89, Counter: 57, Timestamp: 1745499710
----------------------------------------
Thread: nice_thread, Loop time exceeded: 732.51 ms
Reason: consumer time, Value: 0.00, Counter: 80, Timestamp: 1745499710
Reason: transform time, Value: 0.00, Counter: 80, Timestamp: 1745499710
Reason: global search time, Value: 730.43, Counter: 80, Timestamp: 1745499711
Reason: process time, Value: 0.00, Counter: 80, Timestamp: 1745499711
Reason: loop time, Value: 732.51, Counter: 80, Timestamp: 1745499711
----------------------------------------
Thread: nice_thread, Loop time exceeded: 726.56 ms
Reason: consumer time, Value: 0.00, Counter: 103, Timestamp: 1745499711
Reason: transform time, Value: 0.00, Counter: 103, Timestamp: 1745499711
Reason: global search time, Value: 724.54, Counter: 103, Timestamp: 1745499711
Reason: process time, Value: 0.00, Counter: 103, Timestamp: 1745499711
Reason: loop time, Value: 726.56, Counter: 103, Timestamp: 1745499711
----------------------------------------
Thread: nice_thread, Loop time exceeded: 678.75 ms
Reason: consumer time, Value: 0.00, Counter: 125, Timestamp: 1745499711
Reason: transform time, Value: 0.00, Counter: 125, Timestamp: 1745499711
Reason: global search time, Value: 677.14, Counter: 125, Timestamp: 1745499712
Reason: process time, Value: 0.00, Counter: 125, Timestamp: 1745499712
Reason: loop time, Value: 678.75, Counter: 125, Timestamp: 1745499712
----------------------------------------
Thread: nice_thread, Loop time exceeded: 720.51 ms
Reason: consumer time, Value: 0.00, Counter: 20, Timestamp: 1745499712
Reason: transform time, Value: 0.00, Counter: 20, Timestamp: 1745499712
Reason: global search time, Value: 718.46, Counter: 20, Timestamp: 1745499713
Reason: process time, Value: 0.00, Counter: 20, Timestamp: 1745499713
Reason: loop time, Value: 720.51, Counter: 20, Timestamp: 1745499713
----------------------------------------
Thread: nice_thread, Loop time exceeded: 712.27 ms
Reason: consumer time, Value: 0.00, Counter: 43, Timestamp: 1745499713
Reason: transform time, Value: 0.00, Counter: 43, Timestamp: 1745499713
Reason: global search time, Value: 710.16, Counter: 43, Timestamp: 1745499714
Reason: process time, Value: 0.00, Counter: 43, Timestamp: 1745499714
Reason: loop time, Value: 712.27, Counter: 43, Timestamp: 1745499714
----------------------------------------
Thread: nice_thread, Loop time exceeded: 719.40 ms
Reason: consumer time, Value: 0.00, Counter: 65, Timestamp: 1745499714
Reason: transform time, Value: 0.00, Counter: 65, Timestamp: 1745499714
Reason: global search time, Value: 717.33, Counter: 65, Timestamp: 1745499714
Reason: process time, Value: 0.00, Counter: 65, Timestamp: 1745499714
Reason: loop time, Value: 719.40, Counter: 65, Timestamp: 1745499714
----------------------------------------
Thread: nice_thread, Loop time exceeded: 672.73 ms
Reason: consumer time, Value: 0.00, Counter: 87, Timestamp: 1745499714
Reason: transform time, Value: 0.01, Counter: 87, Timestamp: 1745499714
Reason: global search time, Value: 666.75, Counter: 87, Timestamp: 1745499715
Reason: process time, Value: 0.00, Counter: 87, Timestamp: 1745499715
Reason: loop time, Value: 672.73, Counter: 87, Timestamp: 1745499715
----------------------------------------
Thread: nice_thread, Loop time exceeded: 731.93 ms
Reason: consumer time, Value: 0.00, Counter: 110, Timestamp: 1745499715
Reason: transform time, Value: 0.00, Counter: 110, Timestamp: 1745499715
Reason: global search time, Value: 726.98, Counter: 110, Timestamp: 1745499716
Reason: process time, Value: 0.00, Counter: 110, Timestamp: 1745499716
Reason: loop time, Value: 731.93, Counter: 110, Timestamp: 1745499716
----------------------------------------
Thread: nice_thread, Loop time exceeded: 757.21 ms
Reason: consumer time, Value: 0.00, Counter: 4, Timestamp: 1745499716
Reason: transform time, Value: 0.01, Counter: 4, Timestamp: 1745499716
Reason: global search time, Value: 748.07, Counter: 4, Timestamp: 1745499716
Reason: process time, Value: 0.00, Counter: 4, Timestamp: 1745499716
Reason: loop time, Value: 757.21, Counter: 4, Timestamp: 1745499716
----------------------------------------
Thread: nice_thread, Loop time exceeded: 664.01 ms
Reason: consumer time, Value: 0.00, Counter: 29, Timestamp: 1745499716
Reason: transform time, Value: 0.00, Counter: 29, Timestamp: 1745499716
Reason: global search time, Value: 662.25, Counter: 29, Timestamp: 1745499717
Reason: process time, Value: 0.00, Counter: 29, Timestamp: 1745499717
Reason: loop time, Value: 664.01, Counter: 29, Timestamp: 1745499717
----------------------------------------
Thread: nice_thread, Loop time exceeded: 706.16 ms
Reason: consumer time, Value: 0.00, Counter: 50, Timestamp: 1745499717
Reason: transform time, Value: 0.00, Counter: 50, Timestamp: 1745499717
Reason: global search time, Value: 704.12, Counter: 50, Timestamp: 1745499718
Reason: process time, Value: 0.00, Counter: 50, Timestamp: 1745499718
Reason: loop time, Value: 706.16, Counter: 50, Timestamp: 1745499718
----------------------------------------
Thread: nice_thread, Loop time exceeded: 707.49 ms
Reason: consumer time, Value: 0.00, Counter: 72, Timestamp: 1745499718
Reason: transform time, Value: 0.01, Counter: 72, Timestamp: 1745499718
Reason: global search time, Value: 702.36, Counter: 72, Timestamp: 1745499718
Reason: process time, Value: 0.00, Counter: 72, Timestamp: 1745499718
Reason: loop time, Value: 707.49, Counter: 72, Timestamp: 1745499718
----------------------------------------
Thread: nice_thread, Loop time exceeded: 722.10 ms
Reason: consumer time, Value: 0.00, Counter: 94, Timestamp: 1745499718
Reason: transform time, Value: 0.00, Counter: 94, Timestamp: 1745499718
Reason: global search time, Value: 717.84, Counter: 94, Timestamp: 1745499719
Reason: process time, Value: 0.00, Counter: 94, Timestamp: 1745499719
Reason: loop time, Value: 722.10, Counter: 94, Timestamp: 1745499719
----------------------------------------
Thread: nice_thread, Loop time exceeded: 678.39 ms
Reason: consumer time, Value: 0.00, Counter: 117, Timestamp: 1745499719
Reason: transform time, Value: 0.00, Counter: 117, Timestamp: 1745499719
Reason: global search time, Value: 676.92, Counter: 117, Timestamp: 1745499720
Reason: process time, Value: 0.00, Counter: 117, Timestamp: 1745499720
Reason: loop time, Value: 678.39, Counter: 117, Timestamp: 1745499720
----------------------------------------
Thread: nice_thread, Loop time exceeded: 740.51 ms
Reason: consumer time, Value: 0.00, Counter: 11, Timestamp: 1745499720
Reason: transform time, Value: 0.00, Counter: 11, Timestamp: 1745499720
Reason: global search time, Value: 738.60, Counter: 11, Timestamp: 1745499721
Reason: process time, Value: 0.00, Counter: 11, Timestamp: 1745499721
Reason: loop time, Value: 740.51, Counter: 11, Timestamp: 1745499721
----------------------------------------
Thread: nice_thread, Loop time exceeded: 745.51 ms
Reason: consumer time, Value: 0.00, Counter: 34, Timestamp: 1745499721
Reason: transform time, Value: 0.00, Counter: 34, Timestamp: 1745499721
Reason: global search time, Value: 743.04, Counter: 34, Timestamp: 1745499721
Reason: process time, Value: 0.00, Counter: 34, Timestamp: 1745499721
Reason: loop time, Value: 745.51, Counter: 34, Timestamp: 1745499721
----------------------------------------
Thread: nice_thread, Loop time exceeded: 668.90 ms
Reason: consumer time, Value: 0.00, Counter: 57, Timestamp: 1745499721
Reason: transform time, Value: 0.00, Counter: 57, Timestamp: 1745499721
Reason: global search time, Value: 666.68, Counter: 57, Timestamp: 1745499722
Reason: process time, Value: 0.00, Counter: 57, Timestamp: 1745499722
Reason: loop time, Value: 668.90, Counter: 57, Timestamp: 1745499722
----------------------------------------
Thread: nice_thread, Loop time exceeded: 717.60 ms
Reason: consumer time, Value: 0.00, Counter: 79, Timestamp: 1745499722
Reason: transform time, Value: 0.00, Counter: 79, Timestamp: 1745499722
Reason: global search time, Value: 715.83, Counter: 79, Timestamp: 1745499723
Reason: process time, Value: 0.00, Counter: 79, Timestamp: 1745499723
Reason: loop time, Value: 717.60, Counter: 79, Timestamp: 1745499723
----------------------------------------
Thread: nice_thread, Loop time exceeded: 706.52 ms
Reason: consumer time, Value: 0.00, Counter: 101, Timestamp: 1745499723
Reason: transform time, Value: 0.00, Counter: 101, Timestamp: 1745499723
Reason: global search time, Value: 704.01, Counter: 101, Timestamp: 1745499723
Reason: process time, Value: 0.00, Counter: 101, Timestamp: 1745499723
Reason: loop time, Value: 706.52, Counter: 101, Timestamp: 1745499723
----------------------------------------
Thread: nice_thread, Loop time exceeded: 716.82 ms
Reason: consumer time, Value: 0.00, Counter: 124, Timestamp: 1745499723
Reason: transform time, Value: 0.00, Counter: 124, Timestamp: 1745499723
Reason: global search time, Value: 715.14, Counter: 124, Timestamp: 1745499724
Reason: process time, Value: 0.00, Counter: 124, Timestamp: 1745499724
Reason: loop time, Value: 716.82, Counter: 124, Timestamp: 1745499724
----------------------------------------
Thread: nice_thread, Loop time exceeded: 665.34 ms
Reason: consumer time, Value: 0.00, Counter: 18, Timestamp: 1745499724
Reason: transform time, Value: 0.00, Counter: 18, Timestamp: 1745499724
Reason: global search time, Value: 663.05, Counter: 18, Timestamp: 1745499725
Reason: process time, Value: 0.00, Counter: 18, Timestamp: 1745499725
Reason: loop time, Value: 665.34, Counter: 18, Timestamp: 1745499725
----------------------------------------
Thread: nice_thread, Loop time exceeded: 722.31 ms
Reason: consumer time, Value: 0.00, Counter: 41, Timestamp: 1745499725
Reason: transform time, Value: 0.00, Counter: 41, Timestamp: 1745499725
Reason: global search time, Value: 719.24, Counter: 41, Timestamp: 1745499726
Reason: process time, Value: 0.00, Counter: 41, Timestamp: 1745499726
Reason: loop time, Value: 722.31, Counter: 41, Timestamp: 1745499726
----------------------------------------
Thread: nice_thread, Loop time exceeded: 712.71 ms
Reason: consumer time, Value: 0.00, Counter: 64, Timestamp: 1745499726
Reason: transform time, Value: 0.00, Counter: 64, Timestamp: 1745499726
Reason: global search time, Value: 711.25, Counter: 64, Timestamp: 1745499726
Reason: process time, Value: 0.00, Counter: 64, Timestamp: 1745499726
Reason: loop time, Value: 712.71, Counter: 64, Timestamp: 1745499726
----------------------------------------
Thread: nice_thread, Loop time exceeded: 672.84 ms
Reason: consumer time, Value: 0.00, Counter: 86, Timestamp: 1745499726
Reason: transform time, Value: 0.00, Counter: 86, Timestamp: 1745499726
Reason: global search time, Value: 670.80, Counter: 86, Timestamp: 1745499727
Reason: process time, Value: 0.00, Counter: 86, Timestamp: 1745499727
Reason: loop time, Value: 672.84, Counter: 86, Timestamp: 1745499727
----------------------------------------
Thread: nice_thread, Loop time exceeded: 703.55 ms
Reason: consumer time, Value: 0.00, Counter: 109, Timestamp: 1745499727
Reason: transform time, Value: 0.00, Counter: 109, Timestamp: 1745499727
Reason: global search time, Value: 701.60, Counter: 109, Timestamp: 1745499728
Reason: process time, Value: 0.00, Counter: 109, Timestamp: 1745499728
Reason: loop time, Value: 703.55, Counter: 109, Timestamp: 1745499728
----------------------------------------
Thread: nice_thread, Loop time exceeded: 776.22 ms
Reason: consumer time, Value: 0.00, Counter: 3, Timestamp: 1745499728
Reason: transform time, Value: 0.01, Counter: 3, Timestamp: 1745499728
Reason: global search time, Value: 770.75, Counter: 3, Timestamp: 1745499728
Reason: process time, Value: 0.00, Counter: 3, Timestamp: 1745499728
Reason: loop time, Value: 776.22, Counter: 3, Timestamp: 1745499728
----------------------------------------
Thread: nice_thread, Loop time exceeded: 979.93 ms
Reason: consumer time, Value: 0.00, Counter: 27, Timestamp: 1745499728
Reason: transform time, Value: 0.00, Counter: 27, Timestamp: 1745499728
Reason: global search time, Value: 977.77, Counter: 27, Timestamp: 1745499729
Reason: process time, Value: 0.00, Counter: 27, Timestamp: 1745499729
Reason: loop time, Value: 979.93, Counter: 27, Timestamp: 1745499729
----------------------------------------
Thread: nice_thread, Loop time exceeded: 786.95 ms
Reason: consumer time, Value: 0.00, Counter: 51, Timestamp: 1745499729
Reason: transform time, Value: 0.00, Counter: 51, Timestamp: 1745499729
Reason: global search time, Value: 784.42, Counter: 51, Timestamp: 1745499730
Reason: process time, Value: 0.00, Counter: 51, Timestamp: 1745499730
Reason: loop time, Value: 786.95, Counter: 51, Timestamp: 1745499730
----------------------------------------
Thread: nice_thread, Loop time exceeded: 718.38 ms
Reason: consumer time, Value: 0.00, Counter: 76, Timestamp: 1745499730
Reason: transform time, Value: 0.00, Counter: 76, Timestamp: 1745499730
Reason: global search time, Value: 716.19, Counter: 76, Timestamp: 1745499731
Reason: process time, Value: 0.00, Counter: 76, Timestamp: 1745499731
Reason: loop time, Value: 718.38, Counter: 76, Timestamp: 1745499731
----------------------------------------
Thread: nice_thread, Loop time exceeded: 794.87 ms
Reason: consumer time, Value: 0.00, Counter: 101, Timestamp: 1745499731
Reason: transform time, Value: 0.00, Counter: 101, Timestamp: 1745499731
Reason: global search time, Value: 790.18, Counter: 101, Timestamp: 1745499732
Reason: process time, Value: 0.00, Counter: 101, Timestamp: 1745499732
Reason: loop time, Value: 794.87, Counter: 101, Timestamp: 1745499732
----------------------------------------
Thread: nice_thread, Loop time exceeded: 761.17 ms
Reason: consumer time, Value: 0.00, Counter: 126, Timestamp: 1745499732
Reason: transform time, Value: 0.00, Counter: 126, Timestamp: 1745499732
Reason: global search time, Value: 759.09, Counter: 126, Timestamp: 1745499732
Reason: process time, Value: 0.00, Counter: 126, Timestamp: 1745499732
Reason: loop time, Value: 761.17, Counter: 126, Timestamp: 1745499732
----------------------------------------
Thread: nice_thread, Loop time exceeded: 757.69 ms
Reason: consumer time, Value: 0.00, Counter: 23, Timestamp: 1745499732
Reason: transform time, Value: 0.00, Counter: 23, Timestamp: 1745499732
Reason: global search time, Value: 755.78, Counter: 23, Timestamp: 1745499733
Reason: process time, Value: 0.00, Counter: 23, Timestamp: 1745499733
Reason: loop time, Value: 757.69, Counter: 23, Timestamp: 1745499733
----------------------------------------
Thread: nice_thread, Loop time exceeded: 697.29 ms
Reason: consumer time, Value: 0.00, Counter: 47, Timestamp: 1745499733
Reason: transform time, Value: 0.00, Counter: 47, Timestamp: 1745499733
Reason: global search time, Value: 695.22, Counter: 47, Timestamp: 1745499734
Reason: process time, Value: 0.00, Counter: 47, Timestamp: 1745499734
Reason: loop time, Value: 697.29, Counter: 47, Timestamp: 1745499734
----------------------------------------
Thread: nice_thread, Loop time exceeded: 755.03 ms
Reason: consumer time, Value: 0.00, Counter: 71, Timestamp: 1745499734
Reason: transform time, Value: 0.00, Counter: 71, Timestamp: 1745499734
Reason: global search time, Value: 753.20, Counter: 71, Timestamp: 1745499735
Reason: process time, Value: 0.00, Counter: 71, Timestamp: 1745499735
Reason: loop time, Value: 755.03, Counter: 71, Timestamp: 1745499735
----------------------------------------
Thread: nice_thread, Loop time exceeded: 751.39 ms
Reason: consumer time, Value: 0.00, Counter: 95, Timestamp: 1745499735
Reason: transform time, Value: 0.00, Counter: 95, Timestamp: 1745499735
Reason: global search time, Value: 749.61, Counter: 95, Timestamp: 1745499735
Reason: process time, Value: 0.00, Counter: 95, Timestamp: 1745499735
Reason: loop time, Value: 751.39, Counter: 95, Timestamp: 1745499735
----------------------------------------
Thread: nice_thread, Loop time exceeded: 761.36 ms
Reason: consumer time, Value: 0.00, Counter: 119, Timestamp: 1745499735
Reason: transform time, Value: 0.00, Counter: 119, Timestamp: 1745499735
Reason: global search time, Value: 759.67, Counter: 119, Timestamp: 1745499736
Reason: process time, Value: 0.00, Counter: 119, Timestamp: 1745499736
Reason: loop time, Value: 761.36, Counter: 119, Timestamp: 1745499736
----------------------------------------
Thread: nice_thread, Loop time exceeded: 723.54 ms
Reason: consumer time, Value: 0.00, Counter: 15, Timestamp: 1745499736
Reason: transform time, Value: 0.00, Counter: 15, Timestamp: 1745499736
Reason: global search time, Value: 721.34, Counter: 15, Timestamp: 1745499737
Reason: process time, Value: 0.00, Counter: 15, Timestamp: 1745499737
Reason: loop time, Value: 723.54, Counter: 15, Timestamp: 1745499737
----------------------------------------
Thread: nice_thread, Loop time exceeded: 747.66 ms
Reason: consumer time, Value: 0.00, Counter: 40, Timestamp: 1745499737
Reason: transform time, Value: 0.00, Counter: 40, Timestamp: 1745499737
Reason: global search time, Value: 745.89, Counter: 40, Timestamp: 1745499738
Reason: process time, Value: 0.00, Counter: 40, Timestamp: 1745499738
Reason: loop time, Value: 747.66, Counter: 40, Timestamp: 1745499738
----------------------------------------
Thread: nice_thread, Loop time exceeded: 727.62 ms
Reason: consumer time, Value: 0.00, Counter: 63, Timestamp: 1745499738
Reason: transform time, Value: 0.00, Counter: 63, Timestamp: 1745499738
Reason: global search time, Value: 725.68, Counter: 63, Timestamp: 1745499738
Reason: process time, Value: 0.00, Counter: 63, Timestamp: 1745499738
Reason: loop time, Value: 727.62, Counter: 63, Timestamp: 1745499738
----------------------------------------
Thread: nice_thread, Loop time exceeded: 695.97 ms
Reason: consumer time, Value: 0.00, Counter: 86, Timestamp: 1745499738
Reason: transform time, Value: 0.00, Counter: 86, Timestamp: 1745499738
Reason: global search time, Value: 693.56, Counter: 86, Timestamp: 1745499739
Reason: process time, Value: 0.00, Counter: 86, Timestamp: 1745499739
Reason: loop time, Value: 695.97, Counter: 86, Timestamp: 1745499739
----------------------------------------
Thread: nice_thread, Loop time exceeded: 746.67 ms
Reason: consumer time, Value: 0.00, Counter: 110, Timestamp: 1745499739
Reason: transform time, Value: 0.00, Counter: 110, Timestamp: 1745499739
Reason: global search time, Value: 744.59, Counter: 110, Timestamp: 1745499740
Reason: process time, Value: 0.00, Counter: 110, Timestamp: 1745499740
Reason: loop time, Value: 746.67, Counter: 110, Timestamp: 1745499740
----------------------------------------
Thread: nice_thread, Loop time exceeded: 756.42 ms
Reason: consumer time, Value: 0.00, Counter: 5, Timestamp: 1745499740
Reason: transform time, Value: 0.00, Counter: 5, Timestamp: 1745499740
Reason: global search time, Value: 754.92, Counter: 5, Timestamp: 1745499741
Reason: process time, Value: 0.00, Counter: 5, Timestamp: 1745499741
Reason: loop time, Value: 756.42, Counter: 5, Timestamp: 1745499741
----------------------------------------
Thread: nice_thread, Loop time exceeded: 782.80 ms
Reason: consumer time, Value: 0.00, Counter: 29, Timestamp: 1745499741
Reason: transform time, Value: 0.00, Counter: 29, Timestamp: 1745499741
Reason: global search time, Value: 777.95, Counter: 29, Timestamp: 1745499741
Reason: process time, Value: 0.00, Counter: 29, Timestamp: 1745499741
Reason: loop time, Value: 782.80, Counter: 29, Timestamp: 1745499741
----------------------------------------
Thread: nice_thread, Loop time exceeded: 782.44 ms
Reason: consumer time, Value: 0.00, Counter: 54, Timestamp: 1745499741
Reason: transform time, Value: 0.00, Counter: 54, Timestamp: 1745499741
Reason: global search time, Value: 780.45, Counter: 54, Timestamp: 1745499742
Reason: process time, Value: 0.00, Counter: 54, Timestamp: 1745499742
Reason: loop time, Value: 782.44, Counter: 54, Timestamp: 1745499742
----------------------------------------
Thread: nice_thread, Loop time exceeded: 703.08 ms
Reason: consumer time, Value: 0.00, Counter: 79, Timestamp: 1745499742
Reason: transform time, Value: 0.00, Counter: 79, Timestamp: 1745499742
Reason: global search time, Value: 701.01, Counter: 79, Timestamp: 1745499743
Reason: process time, Value: 0.00, Counter: 79, Timestamp: 1745499743
Reason: loop time, Value: 703.08, Counter: 79, Timestamp: 1745499743
----------------------------------------
Thread: nice_thread, Loop time exceeded: 782.14 ms
Reason: consumer time, Value: 0.00, Counter: 102, Timestamp: 1745499743
Reason: transform time, Value: 0.00, Counter: 102, Timestamp: 1745499743
Reason: global search time, Value: 777.51, Counter: 102, Timestamp: 1745499744
Reason: process time, Value: 0.00, Counter: 102, Timestamp: 1745499744
Reason: loop time, Value: 782.14, Counter: 102, Timestamp: 1745499744
----------------------------------------
Thread: nice_thread, Loop time exceeded: 782.14 ms
Reason: consumer time, Value: 0.00, Counter: 127, Timestamp: 1745499744
Reason: transform time, Value: 0.01, Counter: 127, Timestamp: 1745499744
Reason: global search time, Value: 774.35, Counter: 127, Timestamp: 1745499744
Reason: process time, Value: 0.00, Counter: 127, Timestamp: 1745499744
Reason: loop time, Value: 782.14, Counter: 127, Timestamp: 1745499744
----------------------------------------
Thread: nice_thread, Loop time exceeded: 772.56 ms
Reason: consumer time, Value: 0.00, Counter: 23, Timestamp: 1745499744
Reason: transform time, Value: 0.00, Counter: 23, Timestamp: 1745499744
Reason: global search time, Value: 770.30, Counter: 23, Timestamp: 1745499745
Reason: process time, Value: 0.00, Counter: 23, Timestamp: 1745499745
Reason: loop time, Value: 772.56, Counter: 23, Timestamp: 1745499745
----------------------------------------
Thread: nice_thread, Loop time exceeded: 715.47 ms
Reason: consumer time, Value: 0.00, Counter: 47, Timestamp: 1745499745
Reason: transform time, Value: 0.01, Counter: 47, Timestamp: 1745499745
Reason: global search time, Value: 710.17, Counter: 47, Timestamp: 1745499746
Reason: process time, Value: 0.00, Counter: 47, Timestamp: 1745499746
Reason: loop time, Value: 715.47, Counter: 47, Timestamp: 1745499746
----------------------------------------
Thread: nice_thread, Loop time exceeded: 795.25 ms
Reason: consumer time, Value: 0.00, Counter: 70, Timestamp: 1745499746
Reason: transform time, Value: 0.00, Counter: 70, Timestamp: 1745499746
Reason: global search time, Value: 790.35, Counter: 70, Timestamp: 1745499747
Reason: process time, Value: 0.00, Counter: 70, Timestamp: 1745499747
Reason: loop time, Value: 795.25, Counter: 70, Timestamp: 1745499747
----------------------------------------
Thread: nice_thread, Loop time exceeded: 767.69 ms
Reason: consumer time, Value: 0.00, Counter: 95, Timestamp: 1745499747
Reason: transform time, Value: 0.00, Counter: 95, Timestamp: 1745499747
Reason: global search time, Value: 765.31, Counter: 95, Timestamp: 1745499747
Reason: process time, Value: 0.00, Counter: 95, Timestamp: 1745499747
Reason: loop time, Value: 767.69, Counter: 95, Timestamp: 1745499747
----------------------------------------
Thread: nice_thread, Loop time exceeded: 786.87 ms
Reason: consumer time, Value: 0.00, Counter: 119, Timestamp: 1745499747
Reason: transform time, Value: 0.01, Counter: 119, Timestamp: 1745499747
Reason: global search time, Value: 780.55, Counter: 119, Timestamp: 1745499748
Reason: process time, Value: 0.00, Counter: 119, Timestamp: 1745499748
Reason: loop time, Value: 786.87, Counter: 119, Timestamp: 1745499748
----------------------------------------
