Core number: 1
Remap: 0.003 ms
Transform color: 8.288 ms
Core number: 1
Remap: 0 ms
Transform color: 2.115 ms
Core number: 1
Remap: 0.001 ms
Transform color: 5.218 ms
Core number: 1
Remap: 0.001 ms
Transform color: 4.175 ms
Core number: 1
Remap: 0 ms
Transform color: 1.584 ms
Core number: 1
Remap: 0.001 ms
Transform color: 1.639 ms
Core number: 1
Remap: 0.001 ms
Transform color: 3.374 ms
Core number: 1
Remap: 0 ms
Transform color: 3.968 ms
Core number: 1
Remap: 0 ms
Transform color: 1.63 ms
Core number: 1
Remap: 0.001 ms
Transform color: 2.093 ms
Core number: 1
Remap: 0 ms
Transform color: 1.906 ms
Core number: 1
Remap: 0.001 ms
Transform color: 2.258 ms
Core number: 1
Remap: 0.001 ms
Transform color: 1.756 ms
Core number: 1
Remap: 0.001 ms
Transform color: 2.045 ms
Core number: 1
Remap: 0.001 ms
Transform color: 2.062 ms
Core number: 1
Remap: 0 ms
Transform color: 2.56 ms
Core number: 1
Remap: 0 ms
Transform color: 3.626 ms
Core number: 1
Remap: 0.001 ms
Transform color: 1.872 ms
Core number: 1
Remap: 0 ms
Transform color: 1.576 ms
Core number: 1
Remap: 0.001 ms
Transform color: 2.465 ms
Core number: 1
Remap: 0.001 ms
Transform color: 1.644 ms
Core number: 1
Remap: 0.001 ms
Transform color: 3.431 ms
Core number: 1
Remap: 0.001 ms
Transform color: 2.25 ms
Core number: 1
Remap: 0.001 ms
Transform color: 1.947 ms
Core number: 1
Remap: 0.001 ms
Transform color: 1.881 ms
Core number: 1
Remap: 0.001 ms
Transform color: 2.569 ms
Core number: 1
Remap: 0.002 ms
Transform color: 2.384 ms
Core number: 1
Remap: 0 ms
Transform color: 1.995 ms
Core number: 1
Remap: 0.001 ms
Transform color: 3.616 ms
Core number: 1
Remap: 0.001 ms
Transform color: 2.692 ms
Core number: 1
Remap: 0 ms
Transform color: 5.889 ms
Core number: 1
Remap: 0.001 ms
Transform color: 2.39 ms
Core number: 1
Remap: 0.001 ms
Transform color: 1.678 ms
Core number: 1
Remap: 0.001 ms
Transform color: 2.528 ms
Core number: 1
Remap: 0 ms
Transform color: 6.22 ms
Core number: 1
Remap: 0 ms
Transform color: 1.907 ms
Core number: 1
Remap: 0.001 ms
Transform color: 2.139 ms
Core number: 1
Remap: 0.002 ms
Transform color: 2.047 ms
Core number: 1
Remap: 0 ms
Transform color: 2.177 ms
Core number: 1
Remap: 0.001 ms
Transform color: 3.867 ms
Core number: 1
Remap: 0.001 ms
Transform color: 2.312 ms
Core number: 1
Remap: 0.001 ms
Transform color: 5.831 ms
Core number: 1
Remap: 0.001 ms
Transform color: 2.887 ms
Core number: 1
Remap: 0.001 ms
Transform color: 2.261 ms
Core number: 1
Remap: 0.001 ms
Transform color: 1.927 ms
Core number: 1
Remap: 0.001 ms
Transform color: 5.357 ms
Core number: 1
Remap: 0.001 ms
Transform color: 1.646 ms
Core number: 1
Remap: 0.001 ms
Transform color: 1.982 ms
Core number: 1
Remap: 0.001 ms
Transform color: 2.14 ms
Core number: 1
Remap: 0.001 ms
Transform color: 5.463 ms
Core number: 1
Remap: 0.001 ms
Transform color: 2.034 ms
Core number: 1
Remap: 0.001 ms
Transform color: 4.421 ms
Core number: 1
Remap: 0.001 ms
Transform color: 5.911 ms
Core number: 1
Remap: 0.001 ms
Transform color: 2.07 ms
Core number: 1
Remap: 0 ms
Transform color: 4.1 ms
Core number: 1
Remap: 0.001 ms
Transform color: 5.095 ms
Core number: 1
Remap: 0 ms
Transform color: 1.88 ms
Core number: 1
Remap: 0.001 ms
Transform color: 2.642 ms
Core number: 1
Remap: 0 ms
Transform color: 2.079 ms
Core number: 1
Remap: 0.001 ms
Transform color: 1.775 ms
Core number: 1
Remap: 0.001 ms
Transform color: 1.882 ms
Core number: 1
Remap: 0.001 ms
Transform color: 1.924 ms
Core number: 1
Remap: 0.001 ms
Transform color: 10.392 ms
Core number: 1
Remap: 0.001 ms
Transform color: 2.09 ms
Core number: 1
Remap: 0 ms
Transform color: 2.143 ms
Core number: 1
Remap: 0.001 ms
Transform color: 1.661 ms
Core number: 1
Remap: 0.001 ms
Transform color: 3.941 ms
Core number: 1
Remap: 0.001 ms
Transform color: 4.874 ms
Core number: 1
Remap: 0.001 ms
Transform color: 4.157 ms
Core number: 1
Remap: 0.001 ms
Transform color: 1.733 ms
Core number: 1
Remap: 0.001 ms
Transform color: 4.498 ms
Core number: 1
Remap: 0.001 ms
Transform color: 5.439 ms
Core number: 1
Remap: 0.001 ms
Transform color: 2.639 ms
Core number: 1
Remap: 0 ms
Transform color: 2.729 ms
Core number: 1
Remap: 0.001 ms
Transform color: 1.666 ms
Core number: 1
Remap: 0.001 ms
Transform color: 1.908 ms
Core number: 1
Remap: 0 ms
Transform color: 3.583 ms
Core number: 1
Remap: 0.001 ms
Transform color: 1.565 ms
Core number: 1
Remap: 0.001 ms
Transform color: 1.395 ms
Core number: 1
 Counter: 126, Timestamp: 1745499696
Reason: loop time, Value: 777.62, Counter: 126, Timestamp: 1745499696
----------------------------------------
Thread: nice_thread, Loop time exceeded: 719.21 ms
Reason: consumer time, Value: 0.00, Counter: 21, Timestamp: 1745499696
Reason: transform time, Value: 0.00, Counter: 21, Timestamp: 1745499696
Reason: global search time, Value: 717.26, Counter: 21, Timestamp: 1745499697
Reason: process time, Value: 0.00, Counter: 21, Timestamp: 1745499697
Reason: loop time, Value: 719.21, Counter: 21, Timestamp: 1745499697
----------------------------------------
Thread: nice_thread, Loop time exceeded: 794.60 ms
Reason: consumer time, Value: 0.00, Counter: 45, Timestamp: 1745499697
Reason: transform time, Value: 0.00, Counter: 45, Timestamp: 1745499697
Reason: global search time, Value: 792.28, Counter: 45, Timestamp: 1745499698
Reason: process time, Value: 0.00, Counter: 45, Timestamp: 1745499698
Reason: loop time, Value: 794.60, Counter: 45, Timestamp: 1745499698
----------------------------------------
Thread: nice_thread, Loop time exceeded: 770.99 ms
Reason: consumer time, Value: 0.00, Counter: 69, Timestamp: 1745499698
Reason: transform time, Value: 0.00, Counter: 69, Timestamp: 1745499698
Reason: global search time, Value: 769.18, Counter: 69, Timestamp: 1745499699
Reason: process time, Value: 0.00, Counter: 69, Timestamp: 1745499699
Reason: loop time, Value: 770.99, Counter: 69, Timestamp: 1745499699
----------------------------------------
Thread: nice_thread, Loop time exceeded: 777.18 ms
Reason: consumer time, Value: 0.00, Counter: 92, Timestamp: 1745499699
Reason: transform time, Value: 0.00, Counter: 92, Timestamp: 1745499699
Reason: global search time, Value: 775.07, Counter: 92, Timestamp: 1745499699
Reason: process time, Value: 0.00, Counter: 92, Timestamp: 1745499699
Reason: loop time, Value: 777.18, Counter: 92, Timestamp: 1745499699
----------------------------------------
Thread: nice_thread, Loop time exceeded: 713.13 ms
Reason: consumer time, Value: 0.00, Counter: 116, Timestamp: 1745499699
Reason: transform time, Value: 0.00, Counter: 116, Timestamp: 1745499699
Reason: global search time, Value: 711.00, Counter: 116, Timestamp: 1745499700
Reason: process time, Value: 0.00, Counter: 116, Timestamp: 1745499700
Reason: loop time, Value: 713.13, Counter: 116, Timestamp: 1745499700
----------------------------------------
Thread: nice_thread, Loop time exceeded: 766.26 ms
Reason: consumer time, Value: 0.00, Counter: 11, Timestamp: 1745499700
Reason: transform time, Value: 0.00, Counter: 11, Timestamp: 1745499700
Reason: global search time, Value: 763.66, Counter: 11, Timestamp: 1745499701
Reason: process time, Value: 0.00, Counter: 11, Timestamp: 1745499701
Reason: loop time, Value: 766.26, Counter: 11, Timestamp: 1745499701
----------------------------------------
Thread: nice_thread, Loop time exceeded: 767.09 ms
Reason: consumer time, Value: 0.00, Counter: 34, Timestamp: 1745499701
Reason: transform time, Value: 0.00, Counter: 34, Timestamp: 1745499701
Reason: global search time, Value: 763.40, Counter: 34, Timestamp: 1745499702
Reason: process time, Value: 0.00, Counter: 34, Timestamp: 1745499702
Reason: loop time, Value: 767.09, Counter: 34, Timestamp: 1745499702
----------------------------------------
Thread: nice_thread, Loop time exceeded: 771.51 ms
Reason: consumer time, Value: 0.00, Counter: 57, Timestamp: 1745499702
Reason: transform time, Value: 0.00, Counter: 57, Timestamp: 1745499702
Reason: global search time, Value: 769.59, Counter: 57, Timestamp: 1745499702
Reason: process time, Value: 0.00, Counter: 57, Timestamp: 1745499702
Reason: loop time, Value: 771.51, Counter: 57, Timestamp: 1745499702
----------------------------------------
Thread: nice_thread, Loop time exceeded: 725.24 ms
Reason: consumer time, Value: 0.00, Counter: 81, Timestamp: 1745499702
Reason: transform time, Value: 0.00, Counter: 81, Timestamp: 1745499702
Reason: global search time, Value: 723.63, Counter: 81, Timestamp: 1745499703
Reason: process time, Value: 0.00, Counter: 81, Timestamp: 1745499703
Reason: loop time, Value: 725.24, Counter: 81, Timestamp: 1745499703
----------------------------------------
Thread: nice_thread, Loop time exceeded: 784.31 ms
Reason: consumer time, Value: 0.00, Counter: 104, Timestamp: 1745499703
Reason: transform time, Value: 0.00, Counter: 104, Timestamp: 1745499703
Reason: global search time, Value: 781.78, Counter: 104, Timestamp: 1745499704
Reason: process time, Value: 0.00, Counter: 104, Timestamp: 1745499704
Reason: loop time, Value: 784.31, Counter: 104, Timestamp: 1745499704
----------------------------------------
Thread: nice_thread, Loop time exceeded: 801.68 ms
Reason: consumer time, Value: 0.00, Counter: 0, Timestamp: 1745499704
Reason: transform time, Value: 0.00, Counter: 0, Timestamp: 1745499704
Reason: global search time, Value: 799.99, Counter: 0, Timestamp: 1745499705
Reason: process time, Value: 0.00, Counter: 0, Timestamp: 1745499705
Reason: loop time, Value: 801.68, Counter: 0, Timestamp: 1745499705
----------------------------------------
Thread: nice_thread, Loop time exceeded: 800.74 ms
Reason: consumer time, Value: 0.00, Counter: 24, Timestamp: 1745499705
Reason: transform time, Value: 0.00, Counter: 24, Timestamp: 1745499705
Reason: global search time, Value: 797.25, Counter: 24, Timestamp: 1745499705
Reason: process time, Value: 0.00, Counter: 24, Timestamp: 1745499705
Reason: loop time, Value: 800.74, Counter: 24, Timestamp: 1745499705
----------------------------------------
Thread: nice_thread, Loop time exceeded: 781.41 ms
Reason: consumer time, Value: 0.00, Counter: 49, Timestamp: 1745499705
Reason: transform time, Value: 0.00, Counter: 49, Timestamp: 1745499705
Reason: global search time, Value: 779.10, Counter: 49, Timestamp: 1745499706
Reason: process time, Value: 0.00, Counter: 49, Timestamp: 1745499706
Reason: loop time, Value: 781.41, Counter: 49, Timestamp: 1745499706
----------------------------------------
Thread: nice_thread, Loop time exceeded: 713.52 ms
Reason: consumer time, Value: 0.00, Counter: 74, Timestamp: 1745499706
Reason: transform time, Value: 0.00, Counter: 74, Timestamp: 1745499706
Reason: global search time, Value: 711.51, Counter: 74, Timestamp: 1745499707
Reason: process time, Value: 0.00, Counter: 74, Timestamp: 1745499707
Reason: loop time, Value: 713.52, Counter: 74, Timestamp: 1745499707
----------------------------------------
Thread: nice_thread, Loop time exceeded: 766.73 ms
Reason: consumer time, Value: 0.00, Counter: 97, Timestamp: 1745499707
Reason: transform time, Value: 0.00, Counter: 97, Timestamp: 1745499707
Reason: global search time, Value: 764.78, Counter: 97, Timestamp: 1745499708
Reason: process time, Value: 0.00, Counter: 97, Timestamp: 1745499708
Reason: loop time, Value: 766.73, Counter: 97, Timestamp: 1745499708
----------------------------------------
Thread: nice_thread, Loop time exceeded: 773.17 ms
Reason: consumer time, Value: 0.00, Counter: 120, Timestamp: 1745499708
Reason: transform time, Value: 0.00, Counter: 120, Timestamp: 1745499708
Reason: global search time, Value: 770.53, Counter: 120, Timestamp: 1745499709
Reason: process time, Value: 0.00, Counter: 120, Timestamp: 1745499709
Reason: loop time, Value: 773.17, Counter: 120, Timestamp: 1745499709
----------------------------------------
Thread: nice_thread, Loop time exceeded: 784.58 ms
Reason: consumer time, Value: 0.00, Counter: 16, Timestamp: 1745499709
Reason: transform time, Value: 0.00, Counter: 16, Timestamp: 1745499709
Reason: global search time, Value: 782.15, Counter: 16, Timestamp: 1745499709
Reason: process time, Value: 0.00, Counter: 16, Timestamp: 1745499709
Reason: loop time, Value: 784.58, Counter: 16, Timestamp: 1745499709
----------------------------------------
Thread: nice_thread, Loop time exceeded: 718.25 ms
Reason: consumer time, Value: 0.00, Counter: 39, Timestamp: 1745499709
Reason: transform time, Value: 0.00, Counter: 39, Timestamp: 1745499709
Reason: global search time, Value: 716.19, Counter: 39, Timestamp: 1745499710
Reason: process time, Value: 0.00, Counter: 39, Timestamp: 1745499710
Reason: loop time, Value: 718.25, Counter: 39, Timestamp: 1745499710
----------------------------------------
Thread: nice_thread, Loop time exceeded: 785.83 ms
Reason: consumer time, Value: 0.00, Counter: 63, Timestamp: 1745499710
Reason: transform time, Value: 0.00, Counter: 63, Timestamp: 1745499710
Reason: global search time, Value: 782.14, Counter: 63, Timestamp: 1745499711
Reason: process time, Value: 0.00, Counter: 63, Timestamp: 1745499711
Reason: loop time, Value: 785.83, Counter: 63, Timestamp: 1745499711
----------------------------------------
Thread: nice_thread, Loop time exceeded: 767.25 ms
Reason: consumer time, Value: 0.00, Counter: 87, Timestamp: 1745499711
Reason: transform time, Value: 0.00, Counter: 87, Timestamp: 1745499711
Reason: global search time, Value: 764.51, Counter: 87, Timestamp: 1745499712
Reason: process time, Value: 0.00, Counter: 87, Timestamp: 1745499712
Reason: loop time, Value: 767.25, Counter: 87, Timestamp: 1745499712
----------------------------------------
Thread: nice_thread, Loop time exceeded: 778.62 ms
Reason: consumer time, Value: 0.00, Counter: 110, Timestamp: 1745499712
Reason: transform time, Value: 0.01, Counter: 110, Timestamp: 1745499712
Reason: global search time, Value: 772.69, Counter: 110, Timestamp: 1745499712
Reason: process time, Value: 0.00, Counter: 110, Timestamp: 1745499712
Reason: loop time, Value: 778.62, Counter: 110, Timestamp: 1745499712
----------------------------------------
Thread: nice_thread, Loop time exceeded: 719.96 ms
Reason: consumer time, Value: 0.00, Counter: 6, Timestamp: 1745499712
Reason: transform time, Value: 0.00, Counter: 6, Timestamp: 1745499712
Reason: global search time, Value: 717.52, Counter: 6, Timestamp: 1745499713
Reason: process time, Value: 0.00, Counter: 6, Timestamp: 1745499713
Reason: loop time, Value: 719.96, Counter: 6, Timestamp: 1745499713
----------------------------------------
Thread: nice_thread, Loop time exceeded: 761.27 ms
Reason: consumer time, Value: 0.00, Counter: 29, Timestamp: 1745499713
Reason: transform time, Value: 0.00, Counter: 29, Timestamp: 1745499713
Reason: global search time, Value: 759.53, Counter: 29, Timestamp: 1745499714
Reason: process time, Value: 0.00, Counter: 29, Timestamp: 1745499714
Reason: loop time, Value: 761.27, Counter: 29, Timestamp: 1745499714
----------------------------------------
Thread: nice_thread, Loop time exceeded: 769.53 ms
Reason: consumer time, Value: 0.00, Counter: 52, Timestamp: 1745499714
Reason: transform time, Value: 0.00, Counter: 52, Timestamp: 1745499714
Reason: global search time, Value: 766.91, Counter: 52, Timestamp: 1745499715
Reason: process time, Value: 0.00, Counter: 52, Timestamp: 1745499715
Reason: loop time, Value: 769.53, Counter: 52, Timestamp: 1745499715
----------------------------------------
Thread: nice_thread, Loop time exceeded: 784.87 ms
Reason: consumer time, Value: 0.00, Counter: 76, Timestamp: 1745499715
Reason: transform time, Value: 0.01, Counter: 76, Timestamp: 1745499715
Reason: global search time, Value: 778.55, Counter: 76, Timestamp: 1745499715
Reason: process time, Value: 0.00, Counter: 76, Timestamp: 1745499715
Reason: loop time, Value: 784.87, Counter: 76, Timestamp: 1745499715
----------------------------------------
Thread: nice_thread, Loop time exceeded: 777.66 ms
Reason: consumer time, Value: 0.00, Counter: 100, Timestamp: 1745499715
Reason: transform time, Value: 0.00, Counter: 100, Timestamp: 1745499715
Reason: global search time, Value: 775.72, Counter: 100, Timestamp: 1745499716
Reason: process time, Value: 0.00, Counter: 100, Timestamp: 1745499716
Reason: loop time, Value: 777.66, Counter: 100, Timestamp: 1745499716
----------------------------------------
Thread: nice_thread, Loop time exceeded: 737.14 ms
Reason: consumer time, Value: 0.00, Counter: 124, Timestamp: 1745499716
Reason: transform time, Value: 0.00, Counter: 124, Timestamp: 1745499716
Reason: global search time, Value: 734.94, Counter: 124, Timestamp: 1745499717
Reason: process time, Value: 0.00, Counter: 124, Timestamp: 1745499717
Reason: loop time, Value: 737.14, Counter: 124, Timestamp: 1745499717
----------------------------------------
Thread: nice_thread, Loop time exceeded: 774.10 ms
Reason: consumer time, Value: 0.00, Counter: 20, Timestamp: 1745499717
Reason: transform time, Value: 0.00, Counter: 20, Timestamp: 1745499717
Reason: global search time, Value: 771.98, Counter: 20, Timestamp: 1745499718
Reason: process time, Value: 0.00, Counter: 20, Timestamp: 1745499718
Reason: loop time, Value: 774.10, Counter: 20, Timestamp: 1745499718
----------------------------------------
Thread: nice_thread, Loop time exceeded: 779.67 ms
Reason: consumer time, Value: 0.00, Counter: 43, Timestamp: 1745499718
Reason: transform time, Value: 0.00, Counter: 43, Timestamp: 1745499718
Reason: global search time, Value: 777.42, Counter: 43, Timestamp: 1745499718
Reason: process time, Value: 0.00, Counter: 43, Timestamp: 1745499718
Reason: loop time, Value: 779.67, Counter: 43, Timestamp: 1745499718
----------------------------------------
Thread: nice_thread, Loop time exceeded: 799.17 ms
Reason: consumer time, Value: 0.00, Counter: 67, Timestamp: 1745499718
Reason: transform time, Value: 0.00, Counter: 67, Timestamp: 1745499718
Reason: global search time, Value: 795.26, Counter: 67, Timestamp: 1745499719
Reason: process time, Value: 0.00, Counter: 67, Timestamp: 1745499719
Reason: loop time, Value: 799.17, Counter: 67, Timestamp: 1745499719
----------------------------------------
Thread: nice_thread, Loop time exceeded: 728.80 ms
Reason: consumer time, Value: 0.00, Counter: 91, Timestamp: 1745499719
Reason: transform time, Value: 0.00, Counter: 91, Timestamp: 1745499719
Reason: global search time, Value: 726.43, Counter: 91, Timestamp: 1745499720
Reason: process time, Value: 0.00, Counter: 91, Timestamp: 1745499720
Reason: loop time, Value: 728.80, Counter: 91, Timestamp: 1745499720
----------------------------------------
Thread: nice_thread, Loop time exceeded: 770.19 ms
Reason: consumer time, Value: 0.00, Counter: 115, Timestamp: 1745499720
Reason: transform time, Value: 0.01, Counter: 115, Timestamp: 1745499720
Reason: global search time, Value: 764.26, Counter: 115, Timestamp: 1745499721
Reason: process time, Value: 0.00, Counter: 115, Timestamp: 1745499721
Reason: loop time, Value: 770.19, Counter: 115, Timestamp: 1745499721
----------------------------------------
Thread: nice_thread, Loop time exceeded: 772.98 ms
Reason: consumer time, Value: 0.00, Counter: 10, Timestamp: 1745499721
Reason: transform time, Value: 0.00, Counter: 10, Timestamp: 1745499721
Reason: global search time, Value: 770.04, Counter: 10, Timestamp: 1745499722
Reason: process time, Value: 0.00, Counter: 10, Timestamp: 1745499722
Reason: loop time, Value: 772.98, Counter: 10, Timestamp: 1745499722
----------------------------------------
Thread: nice_thread, Loop time exceeded: 792.64 ms
Reason: consumer time, Value: 0.00, Counter: 33, Timestamp: 1745499722
Reason: transform time, Value: 0.00, Counter: 33, Timestamp: 1745499722
Reason: global search time, Value: 790.34, Counter: 33, Timestamp: 1745499722
Reason: process time, Value: 0.00, Counter: 33, Timestamp: 1745499722
Reason: loop time, Value: 792.64, Counter: 33, Timestamp: 1745499722
----------------------------------------
Thread: nice_thread, Loop time exceeded: 740.97 ms
Reason: consumer time, Value: 0.00, Counter: 57, Timestamp: 1745499722
Reason: transform time, Value: 0.00, Counter: 57, Timestamp: 1745499722
Reason: global search time, Value: 739.00, Counter: 57, Timestamp: 1745499723
Reason: process time, Value: 0.00, Counter: 57, Timestamp: 1745499723
Reason: loop time, Value: 740.97, Counter: 57, Timestamp: 1745499723
----------------------------------------
Thread: nice_thread, Loop time exceeded: 760.06 ms
Reason: consumer time, Value: 0.00, Counter: 81, Timestamp: 1745499723
Reason: transform time, Value: 0.01, Counter: 81, Timestamp: 1745499723
Reason: global search time, Value: 754.64, Counter: 81, Timestamp: 1745499724
Reason: process time, Value: 0.00, Counter: 81, Timestamp: 1745499724
Reason: loop time, Value: 760.06, Counter: 81, Timestamp: 1745499724
----------------------------------------
Thread: nice_thread, Loop time exceeded: 779.44 ms
Reason: consumer time, Value: 0.00, Counter: 104, Timestamp: 1745499724
Reason: transform time, Value: 0.00, Counter: 104, Timestamp: 1745499724
Reason: global search time, Value: 777.76, Counter: 104, Timestamp: 1745499725
Reason: process time, Value: 0.00, Counter: 104, Timestamp: 1745499725
Reason: loop time, Value: 779.44, Counter: 104, Timestamp: 1745499725
----------------------------------------
Thread: nice_thread, Loop time exceeded: 775.83 ms
Reason: consumer time, Value: 0.00, Counter: 0, Timestamp: 1745499725
Reason: transform time, Value: 0.00, Counter: 0, Timestamp: 1745499725
Reason: global search time, Value: 773.80, Counter: 0, Timestamp: 1745499725
Reason: process time, Value: 0.00, Counter: 0, Timestamp: 1745499725
Reason: loop time, Value: 775.83, Counter: 0, Timestamp: 1745499725
----------------------------------------
Thread: nice_thread, Loop time exceeded: 723.37 ms
Reason: consumer time, Value: 0.00, Counter: 24, Timestamp: 1745499725
Reason: transform time, Value: 0.00, Counter: 24, Timestamp: 1745499725
Reason: global search time, Value: 721.18, Counter: 24, Timestamp: 1745499726
Reason: process time, Value: 0.00, Counter: 24, Timestamp: 1745499726
Reason: loop time, Value: 723.37, Counter: 24, Timestamp: 1745499726
----------------------------------------
Thread: nice_thread, Loop time exceeded: 773.90 ms
Reason: consumer time, Value: 0.00, Counter: 48, Timestamp: 1745499726
Reason: transform time, Value: 0.01, Counter: 48, Timestamp: 1745499726
Reason: global search time, Value: 768.38, Counter: 48, Timestamp: 1745499727
Reason: process time, Value: 0.00, Counter: 48, Timestamp: 1745499727
Reason: loop time, Value: 773.90, Counter: 48, Timestamp: 1745499727
----------------------------------------
Thread: nice_thread, Loop time exceeded: 762.83 ms
Reason: consumer time, Value: 0.00, Counter: 72, Timestamp: 1745499727
Reason: transform time, Value: 0.00, Counter: 72, Timestamp: 1745499727
Reason: global search time, Value: 760.73, Counter: 72, Timestamp: 1745499728
Reason: process time, Value: 0.00, Counter: 72, Timestamp: 1745499728
Reason: loop time, Value: 762.83, Counter: 72, Timestamp: 1745499728
----------------------------------------
Thread: nice_thread, Loop time exceeded: 843.73 ms
Reason: consumer time, Value: 0.00, Counter: 95, Timestamp: 1745499728
Reason: transform time, Value: 0.00, Counter: 95, Timestamp: 1745499728
Reason: global search time, Value: 839.25, Counter: 95, Timestamp: 1745499728
Reason: process time, Value: 0.00, Counter: 95, Timestamp: 1745499728
Reason: loop time, Value: 843.73, Counter: 95, Timestamp: 1745499728
----------------------------------------
Thread: nice_thread, Loop time exceeded: 1033.89 ms
Reason: consumer time, Value: 0.00, Counter: 121, Timestamp: 1745499728
Reason: transform time, Value: 0.01, Counter: 121, Timestamp: 1745499728
Reason: global search time, Value: 1027.92, Counter: 121, Timestamp: 1745499730
Reason: process time, Value: 0.00, Counter: 121, Timestamp: 1745499730
Reason: loop time, Value: 1033.89, Counter: 121, Timestamp: 1745499730
----------------------------------------
Thread: nice_thread, Loop time exceeded: 802.12 ms
Reason: consumer time, Value: 0.00, Counter: 19, Timestamp: 1745499730
Reason: transform time, Value: 0.00, Counter: 19, Timestamp: 1745499730
Reason: global search time, Value: 799.99, Counter: 19, Timestamp: 1745499730
Reason: process time, Value: 0.00, Counter: 19, Timestamp: 1745499730
Reason: loop time, Value: 802.12, Counter: 19, Timestamp: 1745499730
----------------------------------------
Thread: nice_thread, Loop time exceeded: 762.36 ms
Reason: consumer time, Value: 0.00, Counter: 43, Timestamp: 1745499730
Reason: transform time, Value: 0.00, Counter: 43, Timestamp: 1745499730
Reason: global search time, Value: 758.19, Counter: 43, Timestamp: 1745499731
Reason: process time, Value: 0.00, Counter: 43, Timestamp: 1745499731
Reason: loop time, Value: 762.36, Counter: 43, Timestamp: 1745499731
----------------------------------------
Thread: nice_thread, Loop time exceeded: 804.86 ms
Reason: consumer time, Value: 0.00, Counter: 68, Timestamp: 1745499731
Reason: transform time, Value: 0.01, Counter: 68, Timestamp: 1745499731
Reason: global search time, Value: 799.70, Counter: 68, Timestamp: 1745499732
Reason: process time, Value: 0.00, Counter: 68, Timestamp: 1745499732
Reason: loop time, Value: 804.86, Counter: 68, Timestamp: 1745499732
----------------------------------------
Thread: nice_thread, Loop time exceeded: 791.40 ms
Reason: consumer time, Value: 0.00, Counter: 93, Timestamp: 1745499732
Reason: transform time, Value: 0.00, Counter: 93, Timestamp: 1745499732
Reason: global search time, Value: 789.47, Counter: 93, Timestamp: 1745499733
Reason: process time, Value: 0.00, Counter: 93, Timestamp: 1745499733
Reason: loop time, Value: 791.40, Counter: 93, Timestamp: 1745499733
----------------------------------------
Thread: nice_thread, Loop time exceeded: 800.72 ms
Reason: consumer time, Value: 0.00, Counter: 117, Timestamp: 1745499733
Reason: transform time, Value: 0.00, Counter: 117, Timestamp: 1745499733
Reason: global search time, Value: 798.03, Counter: 117, Timestamp: 1745499733
Reason: process time, Value: 0.00, Counter: 117, Timestamp: 1745499733
Reason: loop time, Value: 800.72, Counter: 117, Timestamp: 1745499733
----------------------------------------
Thread: nice_thread, Loop time exceeded: 781.59 ms
Reason: consumer time, Value: 0.00, Counter: 14, Timestamp: 1745499733
Reason: transform time, Value: 0.00, Counter: 14, Timestamp: 1745499733
Reason: global search time, Value: 779.45, Counter: 14, Timestamp: 1745499734
Reason: process time, Value: 0.00, Counter: 14, Timestamp: 1745499734
Reason: loop time, Value: 781.59, Counter: 14, Timestamp: 1745499734
----------------------------------------
Thread: nice_thread, Loop time exceeded: 734.93 ms
Reason: consumer time, Value: 0.00, Counter: 38, Timestamp: 1745499734
Reason: transform time, Value: 0.00, Counter: 38, Timestamp: 1745499734
Reason: global search time, Value: 733.09, Counter: 38, Timestamp: 1745499735
Reason: process time, Value: 0.00, Counter: 38, Timestamp: 1745499735
Reason: loop time, Value: 734.93, Counter: 38, Timestamp: 1745499735
----------------------------------------
Thread: nice_thread, Loop time exceeded: 783.04 ms
Reason: consumer time, Value: 0.00, Counter: 62, Timestamp: 1745499735
Reason: transform time, Value: 0.00, Counter: 62, Timestamp: 1745499735
Reason: global search time, Value: 781.10, Counter: 62, Timestamp: 1745499736
Reason: process time, Value: 0.00, Counter: 62, Timestamp: 1745499736
Reason: loop time, Value: 783.04, Counter: 62, Timestamp: 1745499736
----------------------------------------
Thread: nice_thread, Loop time exceeded: 801.69 ms
Reason: consumer time, Value: 0.00, Counter: 87, Timestamp: 1745499736
Reason: transform time, Value: 0.00, Counter: 87, Timestamp: 1745499736
Reason: global search time, Value: 799.72, Counter: 87, Timestamp: 1745499737
Reason: process time, Value: 0.00, Counter: 87, Timestamp: 1745499737
Reason: loop time, Value: 801.69, Counter: 87, Timestamp: 1745499737
----------------------------------------
Thread: nice_thread, Loop time exceeded: 816.34 ms
Reason: consumer time, Value: 0.00, Counter: 111, Timestamp: 1745499737
Reason: transform time, Value: 0.01, Counter: 111, Timestamp: 1745499737
Reason: global search time, Value: 805.87, Counter: 111, Timestamp: 1745499737
Reason: process time, Value: 0.00, Counter: 111, Timestamp: 1745499737
Reason: loop time, Value: 816.34, Counter: 111, Timestamp: 1745499737
----------------------------------------
Thread: nice_thread, Loop time exceeded: 815.97 ms
Reason: consumer time, Value: 0.00, Counter: 8, Timestamp: 1745499737
Reason: transform time, Value: 0.00, Counter: 8, Timestamp: 1745499737
Reason: global search time, Value: 813.82, Counter: 8, Timestamp: 1745499738
Reason: process time, Value: 0.00, Counter: 8, Timestamp: 1745499738
Reason: loop time, Value: 815.97, Counter: 8, Timestamp: 1745499738
----------------------------------------
Thread: nice_thread, Loop time exceeded: 778.53 ms
Reason: consumer time, Value: 0.00, Counter: 33, Timestamp: 1745499738
Reason: transform time, Value: 0.00, Counter: 33, Timestamp: 1745499738
Reason: global search time, Value: 776.35, Counter: 33, Timestamp: 1745499739
Reason: process time, Value: 0.00, Counter: 33, Timestamp: 1745499739
Reason: loop time, Value: 778.53, Counter: 33, Timestamp: 1745499739
----------------------------------------
Thread: nice_thread, Loop time exceeded: 842.48 ms
Reason: consumer time, Value: 0.00, Counter: 60, Timestamp: 1745499739
Reason: transform time, Value: 0.00, Counter: 60, Timestamp: 1745499739
Reason: global search time, Value: 840.78, Counter: 60, Timestamp: 1745499740
Reason: process time, Value: 0.00, Counter: 60, Timestamp: 1745499740
Reason: loop time, Value: 842.48, Counter: 60, Timestamp: 1745499740
----------------------------------------
Thread: nice_thread, Loop time exceeded: 810.85 ms
Reason: consumer time, Value: 0.00, Counter: 86, Timestamp: 1745499740
Reason: transform time, Value: 0.00, Counter: 86, Timestamp: 1745499740
Reason: global search time, Value: 806.87, Counter: 86, Timestamp: 1745499741
Reason: process time, Value: 0.00, Counter: 86, Timestamp: 1745499741
Reason: loop time, Value: 810.85, Counter: 86, Timestamp: 1745499741
----------------------------------------
Thread: nice_thread, Loop time exceeded: 826.24 ms
Reason: consumer time, Value: 0.00, Counter: 111, Timestamp: 1745499741
Reason: transform time, Value: 0.00, Counter: 111, Timestamp: 1745499741
Reason: global search time, Value: 821.30, Counter: 111, Timestamp: 1745499741
Reason: process time, Value: 0.00, Counter: 111, Timestamp: 1745499741
Reason: loop time, Value: 826.24, Counter: 111, Timestamp: 1745499741
----------------------------------------
Thread: nice_thread, Loop time exceeded: 814.26 ms
Reason: consumer time, Value: 0.00, Counter: 9, Timestamp: 1745499741
Reason: transform time, Value: 0.00, Counter: 9, Timestamp: 1745499741
Reason: global search time, Value: 810.07, Counter: 9, Timestamp: 1745499742
Reason: process time, Value: 0.00, Counter: 9, Timestamp: 1745499742
Reason: loop time, Value: 814.26, Counter: 9, Timestamp: 1745499742
----------------------------------------
Thread: nice_thread, Loop time exceeded: 775.35 ms
Reason: consumer time, Value: 0.00, Counter: 33, Timestamp: 1745499742
Reason: transform time, Value: 0.00, Counter: 33, Timestamp: 1745499742
Reason: global search time, Value: 773.58, Counter: 33, Timestamp: 1745499743
Reason: process time, Value: 0.00, Counter: 33, Timestamp: 1745499743
Reason: loop time, Value: 775.35, Counter: 33, Timestamp: 1745499743
----------------------------------------
Thread: nice_thread, Loop time exceeded: 805.59 ms
Reason: consumer time, Value: 0.00, Counter: 59, Timestamp: 1745499743
Reason: transform time, Value: 0.00, Counter: 59, Timestamp: 1745499743
Reason: global search time, Value: 801.02, Counter: 59, Timestamp: 1745499744
Reason: process time, Value: 0.00, Counter: 59, Timestamp: 1745499744
Reason: loop time, Value: 805.59, Counter: 59, Timestamp: 1745499744
----------------------------------------
Thread: nice_thread, Loop time exceeded: 801.73 ms
Reason: consumer time, Value: 0.00, Counter: 83, Timestamp: 1745499744
Reason: transform time, Value: 0.01, Counter: 83, Timestamp: 1745499744
Reason: global search time, Value: 796.21, Counter: 83, Timestamp: 1745499745
Reason: process time, Value: 0.00, Counter: 83, Timestamp: 1745499745
Reason: loop time, Value: 801.73, Counter: 83, Timestamp: 1745499745
----------------------------------------
Thread: nice_thread, Loop time exceeded: 825.71 ms
Reason: consumer time, Value: 0.00, Counter: 108, Timestamp: 1745499745
Reason: transform time, Value: 0.00, Counter: 108, Timestamp: 1745499745
Reason: global search time, Value: 823.01, Counter: 108, Timestamp: 1745499745
Reason: process time, Value: 0.00, Counter: 108, Timestamp: 1745499745
Reason: loop time, Value: 825.71, Counter: 108, Timestamp: 1745499745
----------------------------------------
Thread: nice_thread, Loop time exceeded: 807.78 ms
Reason: consumer time, Value: 0.00, Counter: 4, Timestamp: 1745499745
Reason: transform time, Value: 0.00, Counter: 4, Timestamp: 1745499745
Reason: global search time, Value: 804.99, Counter: 4, Timestamp: 1745499746
Reason: process time, Value: 0.00, Counter: 4, Timestamp: 1745499746
Reason: loop time, Value: 807.78, Counter: 4, Timestamp: 1745499746
----------------------------------------
Thread: nice_thread, Loop time exceeded: 775.00 ms
Reason: consumer time, Value: 0.00, Counter: 29, Timestamp: 1745499746
Reason: transform time, Value: 0.00, Counter: 29, Timestamp: 1745499746
Reason: global search time, Value: 773.28, Counter: 29, Timestamp: 1745499747
Reason: process time, Value: 0.00, Counter: 29, Timestamp: 1745499747
Reason: loop time, Value: 775.00, Counter: 29, Timestamp: 1745499747
----------------------------------------
Thread: nice_thread, Loop time exceeded: 807.74 ms
Reason: consumer time, Value: 0.00, Counter: 54, Timestamp: 1745499747
Reason: transform time, Value: 0.00, Counter: 54, Timestamp: 1745499747
Reason: global search time, Value: 805.78, Counter: 54, Timestamp: 1745499748
Reason: process time, Value: 0.00, Counter: 54, Timestamp: 1745499748
Reason: loop time, Value: 807.74, Counter: 54, Timestamp: 1745499748
----------------------------------------
Thread: nice_thread, Loop time exceeded: 709.36 ms
Reason: consumer time, Value: 0.00, Counter: 78, Timestamp: 1745499748
Reason: transform time, Value: 0.00, Counter: 78, Timestamp: 1745499748
Reason: global search time, Value: 705.74, Counter: 78, Timestamp: 1745499749
Reason: process time, Value: 0.00, Counter: 78, Timestamp: 1745499749
Reason: loop time, Value: 709.36, Counter: 78, Timestamp: 1745499749
----------------------------------------
Thread: nice_thread, Loop time exceeded: 570.81 ms
Reason: consumer time, Value: 0.00, Counter: 101, Timestamp: 1745499749
Reason: transform time, Value: 0.00, Counter: 101, Timestamp: 1745499749
Reason: global search time, Value: 569.21, Counter: 101, Timestamp: 1745499749
Reason: process time, Value: 0.00, Counter: 101, Timestamp: 1745499749
Reason: loop time, Value: 570.81, Counter: 101, Timestamp: 1745499749
----------------------------------------
Thread: nice_thread, Loop time exceeded: 471.03 ms
Reason: consumer time, Value: 0.00, Counter: 120, Timestamp: 1745499749
Reason: transform time, Value: 0.00, Counter: 120, Timestamp: 1745499749
Reason: global search time, Value: 469.60, Counter: 120, Timestamp: 1745499750
Reason: process time, Value: 0.00, Counter: 120, Timestamp: 1745499750
Reason: loop time, Value: 471.03, Counter: 120, Timestamp: 1745499750
----------------------------------------
