Core number: 4
Execution time for the consumer: 0.00 ms
Transform color: 62028 us
CAM#3 PART SEARCH time: 0.00 ms
Process time: 0.00 ms
Loop: count=0, trial=1, Duration=91958 us
Core number: 4
Execution time for the consumer: 10.02 ms
Transform color: 57250 us
CAM#3 PART SEARCH time: 0.00 ms
Process time: 0.00 ms
Loop: count=1, trial=1, Duration=80475 us
Core number: 4
Execution time for the consumer: 55.38 ms
Transform color: 4348 us
CAM#3 PART SEARCH time: 0.00 ms
Process time: 0.00 ms
Loop: count=2, trial=1, Duration=83555 us
Core number: 4
Execution time for the consumer: 20.26 ms
Transform color: 1672 us
CAM#3 PART SEARCH time: 0.00 ms
Process time: 0.00 ms
Loop: count=3, trial=1, Duration=56745 us
Core number: 4
Execution time for the consumer: 265.13 ms
Transform color: 2801 us
CAM#3 PART SEARCH time: 0.00 ms
Process time: 0.00 ms
Loop: count=4, trial=1, Duration=337845 us
Core number: 4
Execution time for the consumer: 180.10 ms
Transform color: 4783 us
CAM#3 PART SEARCH time: 0.00 ms
Process time: 0.00 ms
Loop: count=5, trial=1, Duration=272149 us
Core number: 4
Execution time for the consumer: 0.00 ms
Transform color: 3257 us
CAM#3 PART SEARCH time: 0.00 ms
Process time: 0.00 ms
Loop: count=6, trial=1, Duration=5021 us
Core number: 4
Execution time for the consumer: 30.03 ms
Transform color: 4216 us
CAM#3 PART SEARCH time: 0.00 ms
Process time: 0.00 ms
Loop: count=7, trial=1, Duration=68229 us
Core number: 4
Execution time for the consumer: 5.01 ms
Transform color: 5954 us
CAM#3 PART SEARCH time: 0.00 ms
Process time: 0.00 ms
Loop: count=8, trial=1, Duration=13157 us
Core number: 4
Execution time for the consumer: 35.05 ms
Transform color: 5846 us
CAM#3 PART SEARCH time: 0.00 ms
Process time: 0.00 ms
Loop: count=9, trial=1, Duration=43380 us
Core number: 4
Execution time for the consumer: 30.03 ms
Transform color: 1838 us
CAM#3 PART SEARCH time: 0.00 ms
Process time: 0.00 ms
Loop: count=10, trial=1, Duration=34183 us
Core number: 4
Execution time for the consumer: 105.09 ms
Transform color: 2095 us
CAM#3 PART SEARCH time: 0.00 ms
Process time: 0.00 ms
Loop: count=11, trial=1, Duration=110372 us
Core number: 4
Execution time for the consumer: 190.11 ms
Transform color: 4550 us
CAM#3 PART SEARCH time: 0.00 ms
Process time: 0.00 ms
Loop: count=12, trial=1, Duration=197480 us
Core number: 4
Execution time for the consumer: 55.06 ms
Transform color: 4418 us
CAM#3 PART SEARCH time: 0.00 ms
Process time: 0.00 ms
Loop: count=13, trial=1, Duration=61280 us
Core number: 4
Execution time for the consumer: 45.05 ms
Transform color: 152268 us
CAM#3 PART SEARCH time: 0.00 ms
Process time: 0.00 ms
Loop: count=14, trial=1, Duration=199618 us
Core number: 4
Execution time for the consumer: 0.00 ms
Transform color: 1597 us
CAM#3 PART SEARCH time: 0.00 ms
Process time: 0.00 ms
CAM#3 Using GLOBAL SEARCH ##############################################
CAM#3 GLOBAL SEARCH time: 0.00 ms
Loop: count=15, trial=1, Duration=3805 us
Core number: 4
Execution time for the consumer: 55.05 ms
Transform color: 3991 us
CAM#3 PART SEARCH time: 0.00 ms
Process time: 0.00 ms
Loop: count=16, trial=1, Duration=61156 us
Core number: 4
Execution time for the consumer: 165.12 ms
Transform color: 2179 us
CAM#3 PART SEARCH time: 0.00 ms
Process time: 0.00 ms
Loop: count=17, trial=1, Duration=170293 us
Core number: 4
Execution time for the consumer: 40.09 ms
Transform color: 3702 us
CAM#3 PART SEARCH time: 0.00 ms
Process time: 0.00 ms
Loop: count=18, trial=1, Duration=45431 us
Core number: 4
Execution time for the consumer: 80.04 ms
Transform color: 3278 us
CAM#3 PART SEARCH time: 0.00 ms
Process time: 0.00 ms
Loop: count=19, trial=1, Duration=86228 us
Core number: 4
Execution time for the consumer: 35.05 ms
Transform color: 6112 us
CAM#3 PART SEARCH time: 0.01 ms
Process time: 0.00 ms
Loop: count=20, trial=1, Duration=43216 us
Core number: 4
Execution time for the consumer: 35.05 ms
Transform color: 5486 us
CAM#3 PART SEARCH time: 0.00 ms
Process time: 0.00 ms
Loop: count=21, trial=1, Duration=42523 us
Core number: 4
Execution time for the consumer: 35.05 ms
Transform color: 5451 us
CAM#3 PART SEARCH time: 0.00 ms
Process time: 0.00 ms
Loop: count=22, trial=1, Duration=44106 us
Core number: 4
Execution time for the consumer: 35.05 ms
Transform color: 5361 us
CAM#3 PART SEARCH time: 0.00 ms
Process time: 0.00 ms
Loop: count=23, trial=1, Duration=43418 us
Core number: 4
Execution time for the consumer: 40.05 ms
Transform color: 5361 us
CAM#3 PART SEARCH time: 0.00 ms
Process time: 0.00 ms
Loop: count=24, trial=1, Duration=48919 us
Core number: 4
Execution time for the consumer: 55.05 ms
Transform color: 6948 us
CAM#3 PART SEARCH time: 0.00 ms
Process time: 0.00 ms
Loop: count=25, trial=1, Duration=66119 us
Core number: 4
Execution time for the consumer: 130.09 ms
Transform color: 1328 us
CAM#3 PART SEARCH time: 0.00 ms
Process time: 0.00 ms
Loop: count=26, trial=1, Duration=133688 us
Core number: 4
Execution time for the consumer: 35.07 ms
Transform color: 2079 us
CAM#3 PART SEARCH time: 0.00 ms
Process time: 0.00 ms
Loop: count=27, trial=1, Duration=39591 us
Core number: 4
Execution time for the consumer: 35.05 ms
Transform color: 2188 us
CAM#3 PART SEARCH time: 0.00 ms
Process time: 0.00 ms
Loop: count=28, trial=1, Duration=39706 us
Core number: 4
Execution time for the consumer: 35.06 ms
Transform color: 2589 us
CAM#3 PART SEARCH time: 0.01 ms
Process time: 0.00 ms
Loop: count=29, trial=1, Duration=40507 us
Core number: 4
Execution time for the consumer: 35.04 ms
Transform color: 4239 us
CAM#3 PART SEARCH time: 0.00 ms
Process time: 0.00 ms
Loop: count=30, trial=1, Duration=42742 us
Core number: 4
Execution time for the consumer: 30.03 ms
Transform color: 3199 us
CAM#3 PART SEARCH time: 0.00 ms
Process time: 0.00 ms
CAM#3 Using GLOBAL SEARCH ##############################################
CAM#3 GLOBAL SEARCH time: 0.00 ms
Loop: count=31, trial=1, Duration=35279 us
Core number: 4
Execution time for the consumer: 35.04 ms
Transform color: 3106 us
CAM#3 PART SEARCH time: 0.00 ms
Process time: 0.00 ms
Loop: count=32, trial=1, Duration=39801 us
Core number: 4
Execution time for the consumer: 35.05 ms
Transform color: 3390 us
CAM#3 PART SEARCH time: 0.00 ms
Process time: 0.00 ms
Loop: count=33, trial=1, Duration=40172 us
Core number: 4
Execution time for the consumer: 35.03 ms
Transform color: 3338 us
CAM#3 PART SEARCH time: 0.00 ms
Process time: 0.00 ms
Loop: count=34, trial=1, Duration=40069 us
Core number: 4
Execution time for the consumer: 135.09 ms
Transform color: 2836 us
CAM#3 PART SEARCH time: 0.00 ms
Process time: 0.00 ms
Loop: count=35, trial=1, Duration=140408 us
Core number: 4
Execution time for the consumer: 85.06 ms
Transform color: 4948 us
CAM#3 PART SEARCH time: 0.00 ms
Process time: 0.00 ms
Loop: count=36, trial=1, Duration=92950 us
Core number: 4
Execution time for the consumer: 35.04 ms
Transform color: 7050 us
CAM#3 PART SEARCH time: 0.00 ms
Process time: 0.00 ms
Loop: count=37, trial=1, Duration=45752 us
Core number: 4
Execution time for the consumer: 35.05 ms
Transform color: 4851 us
CAM#3 PART SEARCH time: 0.00 ms
Process time: 0.00 ms
Loop: count=38, trial=1, Duration=43591 us
Core number: 4
Execution time for the consumer: 35.04 ms
Transform color: 5869 us
CAM#3 PART SEARCH time: 0.00 ms
Process time: 0.00 ms
Loop: count=39, trial=1, Duration=44285 us
Core number: 4
Execution time for the consumer: 30.02 ms
Transform color: 6113 us
CAM#3 PART SEARCH time: 0.00 ms
Process time: 0.00 ms
Loop: count=40, trial=1, Duration=39746 us
Core number: 4
Execution time for the consumer: 30.03 ms
Transform color: 2032 us
CAM#3 PART SEARCH time: 0.00 ms
Process time: 0.00 ms
Loop: count=41, trial=1, Duration=34464 us
Core number: 4
Execution time for the consumer: 40.05 ms
Transform color: 1975 us
CAM#3 PART SEARCH time: 0.00 ms
Process time: 0.00 ms
Loop: count=42, trial=1, Duration=44088 us
Core number: 4
Execution time for the consumer: 35.05 ms
Transform color: 1764 us
CAM#3 PART SEARCH time: 0.00 ms
Process time: 0.00 ms
Loop: count=43, trial=1, Duration=39170 us
Core number: 4
Execution time for the consumer: 40.07 ms
Transform color: 1895 us
CAM#3 PART SEARCH time: 0.00 ms
Process time: 0.00 ms
Loop: count=44, trial=1, Duration=43773 us
Core number: 4
Execution time for the consumer: 35.05 ms
Transform color: 1877 us
CAM#3 PART SEARCH time: 0.00 ms
Process time: 0.00 ms
Loop: count=45, trial=1, Duration=39272 us
Core number: 4
Execution time for the consumer: 30.05 ms
Transform color: 2296 us
CAM#3 PART SEARCH time: 0.00 ms
Process time: 0.00 ms
Loop: count=46, trial=1, Duration=35040 us
Core number: 4
Execution time for the consumer: 35.05 ms
Transform color: 1978 us
CAM#3 PART SEARCH time: 0.00 ms
Process time: 0.00 ms
CAM#3 Using GLOBAL SEARCH ##############################################
CAM#3 GLOBAL SEARCH time: 0.00 ms
Loop: count=47, trial=1, Duration=39468 us
Core number: 4
Execution time for the consumer: 55.08 ms
Transform color: 4590 us
CAM#3 PART SEARCH time: 0.00 ms
Process time: 0.00 ms
Loop: count=48, trial=1, Duration=61418 us
Core number: 4
Execution time for the consumer: 35.06 ms
Transform color: 4151 us
CAM#3 PART SEARCH time: 0.00 ms
Process time: 0.00 ms
Loop: count=49, trial=1, Duration=41209 us
Core number: 4
Execution time for the consumer: 35.05 ms
Transform color: 4288 us
CAM#3 PART SEARCH time: 0.00 ms
Process time: 0.00 ms
Loop: count=50, trial=1, Duration=41473 us
Core number: 4
Execution time for the consumer: 65.07 ms
Transform color: 7181 us
CAM#3 PART SEARCH time: 0.00 ms
Process time: 0.00 ms
Loop: count=51, trial=1, Duration=75422 us
Core number: 4
Execution time for the consumer: 35.05 ms
Transform color: 4494 us
CAM#3 PART SEARCH time: 0.00 ms
Process time: 0.00 ms
Loop: count=52, trial=1, Duration=41931 us
Core number: 4
Execution time for the consumer: 35.05 ms
Transform color: 7916 us
CAM#3 PART SEARCH time: 0.00 ms
Process time: 0.00 ms
Loop: count=53, trial=1, Duration=47517 us
Core number: 4
Execution time for the consumer: 30.04 ms
Transform color: 6434 us
CAM#3 PART SEARCH time: 0.00 ms
Process time: 0.00 ms
Loop: count=54, trial=1, Duration=38706 us
Core number: 4
Execution time for the consumer: 35.04 ms
Transform color: 5513 us
CAM#3 PART SEARCH time: 0.00 ms
Process time: 0.00 ms
Loop: count=55, trial=1, Duration=43285 us
Core number: 4
Execution time for the consumer: 30.03 ms
Transform color: 1800 us
CAM#3 PART SEARCH time: 0.00 ms
Process time: 0.00 ms
Loop: count=56, trial=1, Duration=34235 us
Core number: 4
Execution time for the consumer: 40.06 ms
Transform color: 6164 us
CAM#3 PART SEARCH time: 0.00 ms
Process time: 0.00 ms
Loop: count=57, trial=1, Duration=48355 us
Core number: 4
Execution time for the consumer: 30.05 ms
Transform color: 1883 us
CAM#3 PART SEARCH time: 0.00 ms
Process time: 0.00 ms
Loop: count=58, trial=1, Duration=33652 us
Core number: 4
Execution time for the consumer: 95.08 ms
Transform color: 1798 us
CAM#3 PART SEARCH time: 0.00 ms
Process time: 0.00 ms
Loop: count=59, trial=1, Duration=99307 us
Core number: 4
Execution time for the consumer: 35.04 ms
Transform color: 1955 us
CAM#3 PART SEARCH time: 0.00 ms
Process time: 0.00 ms
Loop: count=60, trial=1, Duration=39047 us
Core number: 4
Execution time for the consumer: 40.07 ms
Transform color: 2059 us
CAM#3 PART SEARCH time: 0.00 ms
Process time: 0.00 ms
Loop: count=61, trial=1, Duration=44736 us
Core number: 4
Execution time for the consumer: 35.04 ms
Transform color: 1953 us
CAM#3 PART SEARCH time: 0.00 ms
Process time: 0.00 ms
Loop: count=62, trial=1, Duration=39316 us
Core number: 4
Execution time for the consumer: 35.04 ms
Transform color: 1868 us
CAM#3 PART SEARCH time: 0.00 ms
Process time: 0.00 ms
CAM#3 Using GLOBAL SEARCH ##############################################
CAM#3 GLOBAL SEARCH time: 0.00 ms
Loop: count=63, trial=1, Duration=39008 us
Core number: 4
Execution time for the consumer: 35.05 ms
Transform color: 2287 us
CAM#3 PART SEARCH time: 0.00 ms
Process time: 0.00 ms
Loop: count=64, trial=1, Duration=40187 us
Core number: 4
Execution time for the consumer: 35.05 ms
Transform color: 2303 us
CAM#3 PART SEARCH time: 0.00 ms
Process time: 0.00 ms
Loop: count=65, trial=1, Duration=39950 us
Core number: 4
Execution time for the consumer: 85.07 ms
Transform color: 2356 us
CAM#3 PART SEARCH time: 0.00 ms
Process time: 0.00 ms
Loop: count=66, trial=1, Duration=89590 us
Core number: 4
Execution time for the consumer: 40.05 ms
Transform color: 5411 us
CAM#3 PART SEARCH time: 0.00 ms
Process time: 0.00 ms
Loop: count=67, trial=1, Duration=48915 us
Core number: 4
Execution time for the consumer: 55.07 ms
Transform color: 3700 us
CAM#3 PART SEARCH time: 0.00 ms
Process time: 0.00 ms
Loop: count=68, trial=1, Duration=60942 us
Core number: 4
Execution time for the consumer: 85.07 ms
Transform color: 6044 us
CAM#3 PART SEARCH time: 0.00 ms
Process time: 0.00 ms
Loop: count=69, trial=1, Duration=94931 us
Core number: 4
Execution time for the consumer: 35.04 ms
Transform color: 1596 us
CAM#3 PART SEARCH time: 0.00 ms
Process time: 0.00 ms
Loop: count=70, trial=1, Duration=38340 us
Core number: 4
Execution time for the consumer: 35.05 ms
Transform color: 1822 us
CAM#3 PART SEARCH time: 0.00 ms
Process time: 0.00 ms
Loop: count=71, trial=1, Duration=38730 us
Core number: 4
Execution time for the consumer: 40.07 ms
Transform color: 4228 us
CAM#3 PART SEARCH time: 0.00 ms
Process time: 0.00 ms
Loop: count=72, trial=1, Duration=47262 us
Core number: 4
Execution time for the consumer: 35.05 ms
Transform color: 7302 us
CAM#3 PART SEARCH time: 0.00 ms
Process time: 0.00 ms
Loop: count=73, trial=1, Duration=46682 us
Core number: 4
Execution time for the consumer: 30.05 ms
Transform color: 6123 us
CAM#3 PART SEARCH time: 0.00 ms
Process time: 0.00 ms
Loop: count=74, trial=1, Duration=38256 us
Core number: 4
Execution time for the consumer: 30.03 ms
Transform color: 1818 us
CAM#3 PART SEARCH time: 0.00 ms
Process time: 0.00 ms
Loop: count=75, trial=1, Duration=33522 us
Core number: 4
Execution time for the consumer: 45.09 ms
Transform color: 5755 us
CAM#3 PART SEARCH time: 0.00 ms
Process time: 0.00 ms
Loop: count=76, trial=1, Duration=52966 us
Core number: 4
Execution time for the consumer: 30.07 ms
Transform color: 2494 us
CAM#3 PART SEARCH time: 0.00 ms
Process time: 0.00 ms
Loop: count=77, trial=1, Duration=35356 us
Core number: 4
Execution time for the consumer: 50.06 ms
Transform color: 1716 us
CAM#3 PART SEARCH time: 0.00 ms
Process time: 0.00 ms
Loop: count=78, trial=1, Duration=53615 us
Core number: 4
Execution time for the consumer: 70.05 ms
Transform color: 4536 us
CAM#3 PART SEARCH time: 0.00 ms
Process time: 0.00 ms
CAM#3 Using GLOBAL SEARCH ##############################################
CAM#3 GLOBAL SEARCH time: 0.00 ms
Loop: count=79, trial=1, Duration=76602 us
Core number: 4
Execution time for the consumer: 40.08 ms
Transform color: 4907 us
CAM#3 PART SEARCH time: 0.00 ms
Process time: 0.00 ms
Loop: count=80, trial=1, Duration=47309 us
Core number: 4
Execution time for the consumer: 30.06 ms
Transform color: 5181 us
CAM#3 PART SEARCH time: 0.00 ms
Process time: 0.00 ms
Loop: count=81, trial=1, Duration=38536 us
Core number: 4
Execution time for the consumer: 30.02 ms
Transform color: 1923 us
CAM#3 PART SEARCH time: 0.00 ms
Process time: 0.00 ms
Loop: count=82, trial=1, Duration=34059 us
Core number: 4
Execution time for the consumer: 40.04 ms
Transform color: 81320 us
CAM#3 PART SEARCH time: 0.00 ms
Process time: 0.00 ms
Loop: count=83, trial=1, Duration=123916 us
Core number: 4
Execution time for the consumer: 0.00 ms
Transform color: 1972 us
CAM#3 PART SEARCH time: 0.00 ms
Process time: 0.00 ms
Loop: count=84, trial=1, Duration=8426 us
Core number: 4
Execution time for the consumer: 30.05 ms
Transform color: 1813 us
CAM#3 PART SEARCH time: 0.00 ms
Process time: 0.00 ms
Loop: count=85, trial=1, Duration=34194 us
Core number: 4
Execution time for the consumer: 35.08 ms
Transform color: 2274 us
CAM#3 PART SEARCH time: 0.00 ms
Process time: 0.00 ms
Loop: count=86, trial=1, Duration=39674 us
Core number: 4
Execution time for the consumer: 35.07 ms
Transform color: 2383 us
CAM#3 PART SEARCH time: 0.00 ms
Process time: 0.00 ms
Loop: count=87, trial=1, Duration=39755 us
Core number: 4
Execution time for the consumer: 35.06 ms
Transform color: 2327 us
CAM#3 PART SEARCH time: 0.00 ms
Process time: 0.00 ms
Loop: count=88, trial=1, Duration=40066 us
Core number: 4
Execution time for the consumer: 90.07 ms
Transform color: 6186 us
CAM#3 PART SEARCH time: 0.00 ms
Process time: 0.00 ms
Loop: count=89, trial=1, Duration=101128 us
Core number: 4
Execution time for the consumer: 30.06 ms
Transform color: 5449 us
CAM#3 PART SEARCH time: 0.00 ms
Process time: 0.00 ms
Loop: count=90, trial=1, Duration=37429 us
Core number: 4
Execution time for the consumer: 30.05 ms
Transform color: 1728 us
CAM#3 PART SEARCH time: 0.00 ms
Process time: 0.00 ms
Loop: count=91, trial=1, Duration=34291 us
Core number: 4
Execution time for the consumer: 35.05 ms
Transform color: 2003 us
CAM#3 PART SEARCH time: 0.00 ms
Process time: 0.00 ms
Loop: count=92, trial=1, Duration=39345 us
Core number: 4
Execution time for the consumer: 40.06 ms
Transform color: 2098 us
CAM#3 PART SEARCH time: 0.00 ms
Process time: 0.00 ms
Loop: count=93, trial=1, Duration=44222 us
Core number: 4
Execution time for the consumer: 35.04 ms
Transform color: 2057 us
CAM#3 PART SEARCH time: 0.00 ms
Process time: 0.00 ms
Loop: count=94, trial=1, Duration=38892 us
Core number: 4
Execution time for the consumer: 40.07 ms
Transform color: 3487 us
CAM#3 PART SEARCH time: 0.00 ms
Process time: 0.00 ms
CAM#3 Using GLOBAL SEARCH ##############################################
CAM#3 GLOBAL SEARCH time: 0.00 ms
Loop: count=95, trial=1, Duration=45342 us
Core number: 4
Execution time for the consumer: 35.06 ms
Transform color: 3451 us
CAM#3 PART SEARCH time: 0.00 ms
Process time: 0.00 ms
Loop: count=96, trial=1, Duration=40283 us
Core number: 4
Execution time for the consumer: 35.07 ms
Transform color: 3617 us
CAM#3 PART SEARCH time: 0.00 ms
Process time: 0.00 ms
Loop: count=97, trial=1, Duration=41791 us
Core number: 4
Execution time for the consumer: 35.04 ms
Transform color: 1821 us
CAM#3 PART SEARCH time: 0.00 ms
Process time: 0.00 ms
Loop: count=98, trial=1, Duration=39206 us
Core number: 4
Execution time for the consumer: 35.06 ms
Transform color: 1789 us
CAM#3 PART SEARCH time: 0.00 ms
Process time: 0.00 ms
Loop: count=99, trial=1, Duration=38733 us
Core number: 4
Execution time for the consumer: 35.06 ms
Transform color: 1953 us
CAM#3 PART SEARCH time: 0.00 ms
Process time: 0.00 ms
Loop: count=100, trial=1, Duration=39422 us
Core number: 4
Execution time for the consumer: 35.06 ms
Transform color: 2023 us
CAM#3 PART SEARCH time: 0.00 ms
Process time: 0.00 ms
Loop: count=101, trial=1, Duration=39338 us
Core number: 4
Execution time for the consumer: 35.08 ms
Transform color: 2300 us
CAM#3 PART SEARCH time: 0.00 ms
Process time: 0.00 ms
Loop: count=102, trial=1, Duration=201802 us
Core number: 4
Execution time for the consumer: 0.00 ms
Transform color: 6823 us
CAM#3 PART SEARCH time: 0.00 ms
Process time: 0.00 ms
Loop: count=103, trial=1, Duration=10450 us
Core number: 4
Execution time for the consumer: 20.03 ms
Transform color: 1852 us
CAM#3 PART SEARCH time: 0.00 ms
Process time: 0.00 ms
Loop: count=104, trial=1, Duration=23840 us
Core number: 4
Execution time for the consumer: 35.06 ms
Transform color: 2105 us
CAM#3 PART SEARCH time: 0.00 ms
Process time: 0.00 ms
Loop: count=105, trial=1, Duration=38837 us
Core number: 4
Execution time for the consumer: 35.04 ms
Transform color: 1744 us
CAM#3 PART SEARCH time: 0.00 ms
Process time: 0.00 ms
Loop: count=106, trial=1, Duration=38441 us
Core number: 4
Execution time for the consumer: 35.05 ms
Transform color: 4972 us
CAM#3 PART SEARCH time: 0.00 ms
Process time: 0.00 ms
Loop: count=107, trial=1, Duration=42093 us
Core number: 4
Execution time for the consumer: 35.04 ms
Transform color: 4453 us
CAM#3 PART SEARCH time: 0.00 ms
Process time: 0.00 ms
Loop: count=108, trial=1, Duration=41190 us
Core number: 4
Execution time for the consumer: 40.07 ms
Transform color: 3058 us
CAM#3 PART SEARCH time: 0.00 ms
Process time: 0.00 ms
Loop: count=109, trial=1, Duration=44815 us
Core number: 4
Execution time for the consumer: 35.04 ms
Transform color: 1576 us
CAM#3 PART SEARCH time: 0.00 ms
Process time: 0.00 ms
Loop: count=110, trial=1, Duration=38392 us
Core number: 4
Execution time for the consumer: 35.06 ms
Transform color: 2248 us
CAM#3 PART SEARCH time: 0.00 ms
Process time: 0.00 ms
CAM#3 Using GLOBAL SEARCH ##############################################
CAM#3 GLOBAL SEARCH time: 0.00 ms
Loop: count=111, trial=1, Duration=38943 us
Core number: 4
Execution time for the consumer: 85.05 ms
Transform color: 1501 us
CAM#3 PART SEARCH time: 0.00 ms
Process time: 0.00 ms
Loop: count=112, trial=1, Duration=88488 us
Core number: 4
Execution time for the consumer: 40.06 ms
Transform color: 2114 us
CAM#3 PART SEARCH time: 0.00 ms
Process time: 0.00 ms
Loop: count=113, trial=1, Duration=45425 us
Core number: 4
Execution time for the consumer: 35.07 ms
Transform color: 4656 us
CAM#3 PART SEARCH time: 0.00 ms
Process time: 0.00 ms
Loop: count=114, trial=1, Duration=41751 us
Core number: 4
Execution time for the consumer: 35.05 ms
Transform color: 2615 us
CAM#3 PART SEARCH time: 0.00 ms
Process time: 0.00 ms
Loop: count=115, trial=1, Duration=39504 us
Core number: 4
Execution time for the consumer: 40.06 ms
Transform color: 5006 us
CAM#3 PART SEARCH time: 0.00 ms
Process time: 0.00 ms
Loop: count=116, trial=1, Duration=52218 us
Core number: 4
Execution time for the consumer: 25.03 ms
Transform color: 4457 us
CAM#3 PART SEARCH time: 0.00 ms
Process time: 0.00 ms
Loop: count=117, trial=1, Duration=31195 us
Core number: 4
Execution time for the consumer: 35.05 ms
Transform color: 1889 us
CAM#3 PART SEARCH time: 0.00 ms
Process time: 0.00 ms
Loop: count=118, trial=1, Duration=39172 us
Core number: 4
Execution time for the consumer: 35.05 ms
Transform color: 5294 us
CAM#3 PART SEARCH time: 0.00 ms
Process time: 0.00 ms
Loop: count=119, trial=1, Duration=42207 us
Core number: 4
Execution time for the consumer: 35.05 ms
Transform color: 4137 us
CAM#3 PART SEARCH time: 0.00 ms
Process time: 0.00 ms
Frequency 3: -2147483648Hz
Loop: count=120, trial=1, Duration=41000 us
Core number: 4
Execution time for the consumer: 25.05 ms
Transform color: 1990 us
CAM#3 PART SEARCH time: 0.00 ms
Process time: 0.00 ms
Loop: count=121, trial=1, Duration=29245 us
Core number: 4
Execution time for the consumer: 25.05 ms
Transform color: 2115 us
CAM#3 PART SEARCH time: 0.01 ms
Process time: 0.00 ms
Loop: count=122, trial=1, Duration=29689 us
Core number: 4
Execution time for the consumer: 25.05 ms
Transform color: 2047 us
CAM#3 PART SEARCH time: 0.00 ms
Process time: 0.00 ms
Loop: count=123, trial=1, Duration=29328 us
Core number: 4
Execution time for the consumer: 25.05 ms
Transform color: 1671 us
CAM#3 PART SEARCH time: 0.00 ms
Process time: 0.00 ms
Loop: count=124, trial=1, Duration=28794 us
Core number: 4
Execution time for the consumer: 25.05 ms
Transform color: 1890 us
CAM#3 PART SEARCH time: 0.00 ms
Process time: 0.00 ms
Loop: count=125, trial=1, Duration=29445 us
Core number: 4
Execution time for the consumer: 25.05 ms
Transform color: 2318 us
CAM#3 PART SEARCH time: 0.00 ms
Process time: 0.00 ms
Loop: count=126, trial=1, Duration=29312 us
Core number: 4
Execution time for the consumer: 25.05 ms
Transform color: 1683 us
CAM#3 PART SEARCH time: 0.00 ms
Process time: 0.00 ms
CAM#3 Using GLOBAL SEARCH ##############################################
CAM#3 GLOBAL SEARCH time: 0.00 ms
Loop: count=127, trial=1, Duration=28437 us
Core number: 4
Execution time for the consumer: 25.09 ms
Transform color: 2001 us
CAM#3 PART SEARCH time: 0.00 ms
Process time: 0.00 ms
Loop: count=128, trial=1, Duration=28933 us
Core number: 4
Execution time for the consumer: 25.05 ms
Transform color: 1618 us
CAM#3 PART SEARCH time: 0.00 ms
Process time: 0.00 ms
Loop: count=129, trial=1, Duration=28166 us
Core number: 4
Execution time for the consumer: 30.05 ms
Transform color: 2034 us
CAM#3 PART SEARCH time: 0.00 ms
Process time: 0.00 ms
Loop: count=130, trial=1, Duration=33965 us
Core number: 4
Execution time for the consumer: 25.06 ms
Transform color: 1615 us
CAM#3 PART SEARCH time: 0.00 ms
Process time: 0.00 ms
Loop: count=131, trial=1, Duration=28416 us
Core number: 4
Execution time for the consumer: 30.04 ms
Transform color: 3779 us
CAM#3 PART SEARCH time: 0.00 ms
Process time: 0.00 ms
Loop: count=132, trial=1, Duration=35638 us
Core number: 4
Execution time for the consumer: 25.04 ms
Transform color: 1835 us
CAM#3 PART SEARCH time: 0.00 ms
Process time: 0.00 ms
Loop: count=133, trial=1, Duration=28845 us
Core number: 4
Execution time for the consumer: 25.05 ms
Transform color: 1837 us
CAM#3 PART SEARCH time: 0.00 ms
Process time: 0.00 ms
Loop: count=134, trial=1, Duration=28652 us
Core number: 4
Execution time for the consumer: 25.04 ms
Transform color: 1999 us
CAM#3 PART SEARCH time: 0.00 ms
Process time: 0.00 ms
Loop: count=135, trial=1, Duration=28859 us
Core number: 4
Execution time for the consumer: 30.07 ms
Transform color: 2078 us
CAM#3 PART SEARCH time: 0.00 ms
Process time: 0.00 ms
Loop: count=136, trial=1, Duration=34564 us
Core number: 4
Execution time for the consumer: 25.07 ms
Transform color: 2004 us
CAM#3 PART SEARCH time: 0.00 ms
Process time: 0.00 ms
Loop: count=137, trial=1, Duration=28868 us
Core number: 4
Execution time for the consumer: 30.06 ms
Transform color: 1669 us
CAM#3 PART SEARCH time: 0.00 ms
Process time: 0.00 ms
Loop: count=138, trial=1, Duration=42872 us
Core number: 4
Execution time for the consumer: 15.02 ms
Transform color: 2047 us
CAM#3 PART SEARCH time: 0.00 ms
Process time: 0.00 ms
Loop: count=139, trial=1, Duration=18938 us
Core number: 4
Execution time for the consumer: 30.05 ms
Transform color: 2079 us
CAM#3 PART SEARCH time: 0.00 ms
Process time: 0.00 ms
Loop: count=140, trial=1, Duration=34034 us
Core number: 4
Execution time for the consumer: 80.06 ms
Transform color: 1854 us
CAM#3 PART SEARCH time: 0.00 ms
Process time: 0.00 ms
Loop: count=141, trial=1, Duration=83640 us
Core number: 4
Execution time for the consumer: 25.06 ms
Transform color: 1911 us
CAM#3 PART SEARCH time: 0.00 ms
Process time: 0.00 ms
Loop: count=142, trial=1, Duration=28801 us
Core number: 4
Execution time for the consumer: 25.05 ms
Transform color: 2104 us
CAM#3 PART SEARCH time: 0.00 ms
Process time: 0.00 ms
CAM#3 Using GLOBAL SEARCH ##############################################
CAM#3 GLOBAL SEARCH time: 0.00 ms
Loop: count=143, trial=1, Duration=29036 us
Core number: 4
Execution time for the consumer: 25.06 ms
Transform color: 1901 us
CAM#3 PART SEARCH time: 0.00 ms
Process time: 0.00 ms
Loop: count=144, trial=1, Duration=28799 us
Core number: 4
Execution time for the consumer: 30.06 ms
Transform color: 1928 us
CAM#3 PART SEARCH time: 0.00 ms
Process time: 0.00 ms
Loop: count=145, trial=1, Duration=33924 us
Core number: 4
Execution time for the consumer: 25.06 ms
Transform color: 1900 us
CAM#3 PART SEARCH time: 0.00 ms
Process time: 0.00 ms
Loop: count=146, trial=1, Duration=28834 us
Core number: 4
Execution time for the consumer: 30.06 ms
Transform color: 1952 us
CAM#3 PART SEARCH time: 0.00 ms
Process time: 0.00 ms
Loop: count=147, trial=1, Duration=33904 us
Core number: 4
Execution time for the consumer: 25.05 ms
Transform color: 2007 us
CAM#3 PART SEARCH time: 0.00 ms
Process time: 0.00 ms
Loop: count=148, trial=1, Duration=28872 us
Core number: 4
Execution time for the consumer: 25.05 ms
Transform color: 1889 us
CAM#3 PART SEARCH time: 0.00 ms
Process time: 0.00 ms
Loop: count=149, trial=1, Duration=57571 us
Core number: 4
Execution time for the consumer: 0.00 ms
Transform color: 2765 us
CAM#3 PART SEARCH time: 0.00 ms
Process time: 0.00 ms
Loop: count=150, trial=1, Duration=4820 us
Core number: 4
Execution time for the consumer: 25.06 ms
Transform color: 1999 us
CAM#3 PART SEARCH time: 0.00 ms
Process time: 0.00 ms
Loop: count=151, trial=1, Duration=29114 us
Core number: 4
Execution time for the consumer: 25.07 ms
Transform color: 1876 us
CAM#3 PART SEARCH time: 0.00 ms
Process time: 0.00 ms
Loop: count=152, trial=1, Duration=33986 us
Core number: 4
Execution time for the consumer: 20.05 ms
Transform color: 1654 us
CAM#3 PART SEARCH time: 0.00 ms
Process time: 0.00 ms
Loop: count=153, trial=1, Duration=24279 us
Core number: 4
Execution time for the consumer: 25.04 ms
Transform color: 1827 us
CAM#3 PART SEARCH time: 0.00 ms
Process time: 0.00 ms
Loop: count=154, trial=1, Duration=51068 us
Core number: 4
Execution time for the consumer: 5.01 ms
Transform color: 1896 us
CAM#3 PART SEARCH time: 0.00 ms
Process time: 0.00 ms
Loop: count=155, trial=1, Duration=8885 us
Core number: 4
Execution time for the consumer: 25.04 ms
Transform color: 1388 us
CAM#3 PART SEARCH time: 0.00 ms
Process time: 0.00 ms
Loop: count=156, trial=1, Duration=28080 us
Core number: 4
Execution time for the consumer: 30.09 ms
Transform color: 2431 us
CAM#3 PART SEARCH time: 0.00 ms
Process time: 0.00 ms
Loop: count=157, trial=1, Duration=34727 us
Core number: 4
Execution time for the consumer: 25.05 ms
Transform color: 1543 us
CAM#3 PART SEARCH time: 0.00 ms
Process time: 0.00 ms
Loop: count=158, trial=1, Duration=29032 us
Core number: 4
Execution time for the consumer: 30.06 ms
Transform color: 5326 us
CAM#3 PART SEARCH time: 0.00 ms
Process time: 0.00 ms
CAM#3 Using GLOBAL SEARCH ##############################################
CAM#3 GLOBAL SEARCH time: 0.00 ms
Loop: count=159, trial=1, Duration=37410 us
Core number: 4
Execution time for the consumer: 20.05 ms
Transform color: 1610 us
CAM#3 PART SEARCH time: 0.00 ms
Process time: 0.00 ms
Loop: count=160, trial=1, Duration=23403 us
Core number: 4
Execution time for the consumer: 30.05 ms
Transform color: 5077 us
CAM#3 PART SEARCH time: 0.00 ms
Process time: 0.00 ms
Loop: count=161, trial=1, Duration=37438 us
Core number: 4
Execution time for the consumer: 20.04 ms
Transform color: 1513 us
CAM#3 PART SEARCH time: 0.00 ms
Process time: 0.00 ms
Loop: count=162, trial=1, Duration=23120 us
Core number: 4
Execution time for the consumer: 30.06 ms
Transform color: 3694 us
CAM#3 PART SEARCH time: 0.00 ms
Process time: 0.00 ms
Loop: count=163, trial=1, Duration=35597 us
Core number: 4
Execution time for the consumer: 25.06 ms
Transform color: 1725 us
CAM#3 PART SEARCH time: 0.00 ms
Process time: 0.00 ms
Loop: count=164, trial=1, Duration=28375 us
Core number: 4
Execution time for the consumer: 25.05 ms
Transform color: 1486 us
CAM#3 PART SEARCH time: 0.00 ms
Process time: 0.00 ms
Loop: count=165, trial=1, Duration=49579 us
Core number: 4
Execution time for the consumer: 10.03 ms
Transform color: 4784 us
CAM#3 PART SEARCH time: 0.00 ms
Process time: 0.00 ms
Loop: count=166, trial=1, Duration=16976 us
Core number: 4
Execution time for the consumer: 20.03 ms
Transform color: 1422 us
CAM#3 PART SEARCH time: 0.00 ms
Process time: 0.00 ms
Loop: count=167, trial=1, Duration=23005 us
Core number: 4
Execution time for the consumer: 30.08 ms
Transform color: 1633 us
CAM#3 PART SEARCH time: 0.00 ms
Process time: 0.00 ms
Loop: count=168, trial=1, Duration=33636 us
Core number: 4
Execution time for the consumer: 25.07 ms
Transform color: 1742 us
CAM#3 PART SEARCH time: 0.00 ms
Process time: 0.00 ms
Loop: count=169, trial=1, Duration=28453 us
Core number: 4
Execution time for the consumer: 25.05 ms
Transform color: 1845 us
CAM#3 PART SEARCH time: 0.00 ms
Process time: 0.00 ms
Loop: count=170, trial=1, Duration=29130 us
Core number: 4
Execution time for the consumer: 25.03 ms
Transform color: 1714 us
CAM#3 PART SEARCH time: 0.00 ms
Process time: 0.00 ms
