TIME: 2025-04-14 15:30:20
VERSION: VT25.53
COMMENT: old core values
PRINT_DEBUG_MSG: 0
FAST_SEARCH_ACC_TEST: 0
TIME_PROFILING: 0
USE_MEMORY_SHARING: 0
USE_EWMA: 1
BINDING_CPU_CORES: 1
PRODUCE_FRAME_MODE: 1
DEFAULT_TAG_FAMILY: tag36h11
DEFAULT_IP: 127.0.0.1
DEFAULT_PORT: 2121
MAX_TAG_ID: 10
FORCE_GLOBAL_SEARCH_LOOP_NUM: 10
ROOM_WIDTH_METER: 5.035
DEFAULT_VELOCITY_MAX: 0.3
DEFAULT_ACCELERATION_MAX: 8
DEFAULT_LIMIT_MAX: 17000
FPS: 60
BUFFER_SIZE: 128
GLOBAL_SEARCH_MIN: 16
ENABLE_FAST_LOGS: 1
ENABLE_NICE_LOGS: 0
ENABLE_PRODUCER_LOGS: 1
LIVE_FEED: 0
RECORDING_FOLDER: recordings_original
1000000 timer print penalty: 1320.99 ms
1 timer print penalty: 1320.99 ns
1000000 timer start penalty: 23.367 ms
1 timer start penalty: 23.3693 ns
1000000 timer total ns penalty: 58.67 ms
1 timer total ns penalty: 58.6719 ns
1000000 timer total ms penalty: 74.556 ms
1 timer total ms penalty: 74.5581 ns
