Core number: 4
Execution time for the consumer: 15.05 ms
Remap: 0.00 ms
Transform color: 2.32 ms
CAM#3: PART SEARCH: search_time:0.00 ms
Process time: 0.00 ms
Loop: count: 0: trial=1, Duration=23448 us
Core number: 4
Execution time for the consumer: 125.11 ms
Remap: 0.00 ms
Transform color: 7.90 ms
CAM#3: PART SEARCH: search_time:0.00 ms
Process time: 0.00 ms
Loop: count: 1: trial=1, Duration=143873 us
Core number: 4
Execution time for the consumer: 60.04 ms
Remap: 0.00 ms
Transform color: 1.59 ms
CAM#3: PART SEARCH: search_time:0.00 ms
Process time: 0.00 ms
Loop: count: 2: trial=1, Duration=79472 us
Core number: 4
Execution time for the consumer: 285.19 ms
Remap: 0.00 ms
Transform color: 4.21 ms
CAM#3: PART SEARCH: search_time:0.00 ms
Process time: 0.00 ms
Loop: count: 3: trial=1, Duration=300678 us
Core number: 4
Execution time for the consumer: 183.23 ms
Remap: 0.00 ms
Transform color: 4.25 ms
CAM#3: PART SEARCH: search_time:0.00 ms
Process time: 0.00 ms
Loop: count: 4: trial=1, Duration=219990 us
Core number: 4
Execution time for the consumer: 5.02 ms
Remap: 0.00 ms
Transform color: 3.18 ms
CAM#3: PART SEARCH: search_time:0.00 ms
Process time: 0.00 ms
Loop: count: 5: trial=1, Duration=202801 us
Core number: 4
Execution time for the consumer: 0.00 ms
Remap: 0.00 ms
Transform color: 5.29 ms
CAM#3: PART SEARCH: search_time:0.00 ms
Process time: 0.00 ms
Loop: count: 6: trial=1, Duration=7510 us
Core number: 4
Execution time for the consumer: 5.01 ms
Remap: 0.00 ms
Transform color: 1.80 ms
CAM#3: PART SEARCH: search_time:0.00 ms
Process time: 0.00 ms
Loop: count: 7: trial=1, Duration=8691 us
Core number: 4
Execution time for the consumer: 110.08 ms
Remap: 0.00 ms
Transform color: 2.14 ms
CAM#3: PART SEARCH: search_time:0.00 ms
Process time: 0.00 ms
Loop: count: 8: trial=1, Duration=114667 us
Core number: 4
Execution time for the consumer: 165.09 ms
Remap: 0.00 ms
Transform color: 3.82 ms
CAM#3: PART SEARCH: search_time:0.00 ms
Process time: 0.00 ms
Loop: count: 9: trial=1, Duration=172043 us
Core number: 4
Execution time for the consumer: 35.15 ms
Remap: 0.00 ms
Transform color: 4.43 ms
CAM#3: PART SEARCH: search_time:0.00 ms
Process time: 0.00 ms
Loop: count: 10: trial=1, Duration=41812 us
Core number: 4
Execution time for the consumer: 35.07 ms
Remap: 0.00 ms
Transform color: 2.86 ms
CAM#3: PART SEARCH: search_time:0.00 ms
Process time: 0.00 ms
Loop: count: 11: trial=1, Duration=39681 us
Core number: 4
Execution time for the consumer: 35.06 ms
Remap: 0.00 ms
Transform color: 1.39 ms
CAM#3: PART SEARCH: search_time:0.00 ms
Process time: 0.00 ms
Loop: count: 12: trial=1, Duration=38002 us
Core number: 4
Execution time for the consumer: 40.06 ms
Remap: 0.00 ms
Transform color: 4.22 ms
CAM#3: PART SEARCH: search_time:0.00 ms
Process time: 0.00 ms
Loop: count: 13: trial=1, Duration=46268 us
Core number: 4
Execution time for the consumer: 35.06 ms
Remap: 0.00 ms
Transform color: 4.81 ms
CAM#3: PART SEARCH: search_time:0.00 ms
Process time: 0.00 ms
Loop: count: 14: trial=1, Duration=42360 us
Core number: 4
Execution time for the consumer: 35.05 ms
Remap: 0.00 ms
Transform color: 2.21 ms
CAM#3: PART SEARCH: search_time:0.00 ms
Process time: 0.00 ms
CAM#3: Using GLobal SEARCH ##############################################
CAM#3: GLOBAL SEARCH: search_time:0.00 ms
Loop: count: 15: trial=1, Duration=38935 us