Core number: 6
Execution time for the consumer: 0.00 ms
Remap: 0.00 ms
Transform color: 9.31 ms
CAM#1 PART SEARCH time: 0.00 ms
Process time: 0.00 ms
Loop: count=0, trial=1, Duration=127170.97 us
Core number: 6
Execution time for the consumer: 10.02 ms
Remap: 0.00 ms
Transform color: 3.31 ms
CAM#1 PART SEARCH time: 0.00 ms
Process time: 0.00 ms
Loop: count=1, trial=1, Duration=85705.92 us
Core number: 6
Execution time for the consumer: 0.00 ms
Remap: 0.00 ms
Transform color: 3.43 ms
CAM#1 PART SEARCH time: 0.00 ms
Process time: 0.00 ms
Loop: count=2, trial=1, Duration=59609.33 us
Core number: 6
Execution time for the consumer: 0.01 ms
Remap: 0.00 ms
Transform color: 4.88 ms
CAM#1 PART SEARCH time: 0.00 ms
Process time: 0.00 ms
Loop: count=3, trial=1, Duration=48938.01 us
Core number: 6
Execution time for the consumer: 232.82 ms
Remap: 0.00 ms
Transform color: 5.39 ms
CAM#1 PART SEARCH time: 0.00 ms
Process time: 0.00 ms
Loop: count=4, trial=1, Duration=395489.14 us
Core number: 6
Execution time for the consumer: 20.03 ms
Remap: 0.00 ms
Transform color: 1.73 ms
CAM#1 PART SEARCH time: 0.00 ms
Process time: 0.00 ms
Loop: count=5, trial=1, Duration=35222.54 us
Core number: 6
Execution time for the consumer: 40.68 ms
Remap: 0.00 ms
Transform color: 1.72 ms
CAM#1 PART SEARCH time: 0.00 ms
Process time: 0.00 ms
Loop: count=6, trial=1, Duration=106127.05 us
Core number: 6
Execution time for the consumer: 0.00 ms
Remap: 0.00 ms
Transform color: 6.07 ms
CAM#1 PART SEARCH time: 0.00 ms
Process time: 0.00 ms
Loop: count=7, trial=1, Duration=8025.22 us
Core number: 6
Execution time for the consumer: 10.13 ms
Remap: 0.00 ms
Transform color: 4.30 ms
CAM#1 PART SEARCH time: 0.00 ms
Process time: 0.00 ms
Loop: count=8, trial=1, Duration=17424.96 us
Core number: 6
Execution time for the consumer: 35.64 ms
Remap: 0.00 ms
Transform color: 5.63 ms
CAM#1 PART SEARCH time: 0.00 ms
Process time: 0.00 ms
Loop: count=9, trial=1, Duration=43163.19 us
Core number: 6
Execution time for the consumer: 35.23 ms
Remap: 0.00 ms
Transform color: 5.11 ms
CAM#1 PART SEARCH time: 0.00 ms
Process time: 0.00 ms
Loop: count=10, trial=1, Duration=151751.37 us
Core number: 6
Execution time for the consumer: 30.14 ms
Remap: 0.00 ms
Transform color: 5.68 ms
CAM#1 PART SEARCH time: 0.00 ms
Process time: 0.00 ms
Loop: count=11, trial=1, Duration=37806.76 us
Core number: 6
Execution time for the consumer: 167.50 ms
Remap: 0.00 ms
Transform color: 1.83 ms
CAM#1 PART SEARCH time: 0.00 ms
Process time: 0.00 ms
Loop: count=12, trial=1, Duration=171040.95 us
Core number: 6
Execution time for the consumer: 35.05 ms
Remap: 0.00 ms
Transform color: 3.73 ms
CAM#1 PART SEARCH time: 0.00 ms
Process time: 0.00 ms
Loop: count=13, trial=1, Duration=41360.56 us
Core number: 6
Execution time for the consumer: 35.63 ms
Remap: 0.00 ms
Transform color: 1.63 ms
CAM#1 PART SEARCH time: 0.00 ms
Process time: 0.00 ms
Loop: count=14, trial=1, Duration=38898.18 us
Core number: 6
Execution time for the consumer: 40.05 ms
Remap: 0.00 ms
Transform color: 6.21 ms
CAM#1 PART SEARCH time: 0.00 ms
Process time: 0.00 ms
CAM#1 Using GLOBAL SEARCH ##############################################
CAM#1 GLOBAL SEARCH time: 0.00 ms
Loop: count=15, trial=1, Duration=48836.25 us
Core number: 6
Execution time for the consumer: 35.05 ms
Remap: 0.00 ms
Transform color: 5.53 ms
CAM#1 PART SEARCH time: 0.00 ms
Process time: 0.00 ms
Loop: count=16, trial=1, Duration=43363.49 us
Core number: 6
Execution time for the consumer: 35.05 ms
Remap: 0.00 ms
Transform color: 5.64 ms
CAM#1 PART SEARCH time: 0.00 ms
Process time: 0.00 ms
Loop: count=17, trial=1, Duration=42440.88 us
Core number: 6
Execution time for the consumer: 130.10 ms
Remap: 0.00 ms
Transform color: 6.02 ms
CAM#1 PART SEARCH time: 0.00 ms
Process time: 0.00 ms
Loop: count=18, trial=1, Duration=138363.55 us
Core number: 6
Execution time for the consumer: 177.92 ms
Remap: 0.00 ms
Transform color: 1.60 ms
CAM#1 PART SEARCH time: 0.00 ms
Process time: 0.00 ms
Loop: count=19, trial=1, Duration=182170.58 us
Core number: 6
Execution time for the consumer: 40.05 ms
Remap: 0.00 ms
Transform color: 2.17 ms
CAM#1 PART SEARCH time: 0.00 ms
Process time: 0.00 ms
Loop: count=20, trial=1, Duration=51688.61 us
Core number: 6
Execution time for the consumer: 25.03 ms
Remap: 0.00 ms
Transform color: 1.98 ms
CAM#1 PART SEARCH time: 0.00 ms
Process time: 0.00 ms
Loop: count=21, trial=1, Duration=29554.21 us
Core number: 6
Execution time for the consumer: 40.72 ms
Remap: 0.00 ms
Transform color: 2.16 ms
CAM#1 PART SEARCH time: 0.00 ms
Process time: 0.00 ms
Loop: count=22, trial=1, Duration=44817.93 us
Core number: 6
Execution time for the consumer: 35.74 ms
Remap: 0.00 ms
Transform color: 2.62 ms
CAM#1 PART SEARCH time: 0.00 ms
Process time: 0.00 ms
Loop: count=23, trial=1, Duration=41235.03 us
Core number: 6
Execution time for the consumer: 40.65 ms
Remap: 0.00 ms
Transform color: 2.28 ms
CAM#1 PART SEARCH time: 0.00 ms
Process time: 0.00 ms
Loop: count=24, trial=1, Duration=44741.97 us
Core number: 6
Execution time for the consumer: 35.03 ms
Remap: 0.00 ms
Transform color: 1.64 ms
CAM#1 PART SEARCH time: 0.00 ms
Process time: 0.00 ms
Loop: count=25, trial=1, Duration=47422.19 us
Core number: 6
Execution time for the consumer: 91.72 ms
Remap: 0.00 ms
Transform color: 2.30 ms
CAM#1 PART SEARCH time: 0.00 ms
Process time: 0.00 ms
Loop: count=26, trial=1, Duration=96932.94 us
Core number: 6
Execution time for the consumer: 180.11 ms
Remap: 0.00 ms
Transform color: 5.13 ms
CAM#1 PART SEARCH time: 0.00 ms
Process time: 0.00 ms
Loop: count=27, trial=1, Duration=191149.73 us
Core number: 6
Execution time for the consumer: 30.05 ms
Remap: 0.00 ms
Transform color: 3.90 ms
CAM#1 PART SEARCH time: 0.00 ms
Process time: 0.00 ms
Loop: count=28, trial=1, Duration=37306.88 us
Core number: 6
Execution time for the consumer: 35.04 ms
Remap: 0.00 ms
Transform color: 1.29 ms
CAM#1 PART SEARCH time: 0.00 ms
Process time: 0.00 ms
Loop: count=29, trial=1, Duration=59338.42 us
Core number: 6
Execution time for the consumer: 15.23 ms
Remap: 0.00 ms
Transform color: 1.77 ms
CAM#1 PART SEARCH time: 0.00 ms
Process time: 0.00 ms
Loop: count=30, trial=1, Duration=18718.85 us
Core number: 6
Execution time for the consumer: 40.55 ms
Remap: 0.00 ms
Transform color: 5.87 ms
CAM#1 PART SEARCH time: 0.00 ms
Process time: 0.00 ms
CAM#1 Using GLOBAL SEARCH ##############################################
CAM#1 GLOBAL SEARCH time: 0.00 ms
Loop: count=31, trial=1, Duration=48265.45 us
Core number: 6
Execution time for the consumer: 35.04 ms
Remap: 0.00 ms
Transform color: 2.95 ms
CAM#1 PART SEARCH time: 0.00 ms
Process time: 0.00 ms
Loop: count=32, trial=1, Duration=39603.79 us
Core number: 6
Execution time for the consumer: 40.04 ms
Remap: 0.00 ms
Transform color: 3.47 ms
CAM#1 PART SEARCH time: 0.00 ms
Process time: 0.00 ms
Loop: count=33, trial=1, Duration=46309.39 us
Core number: 6
Execution time for the consumer: 30.03 ms
Remap: 0.00 ms
Transform color: 2.97 ms
CAM#1 PART SEARCH time: 0.00 ms
Process time: 0.00 ms
Loop: count=34, trial=1, Duration=34617.27 us
Core number: 6
Execution time for the consumer: 40.05 ms
Remap: 0.00 ms
Transform color: 3.77 ms
CAM#1 PART SEARCH time: 0.00 ms
Process time: 0.00 ms
Loop: count=35, trial=1, Duration=46406.57 us
Core number: 6
Execution time for the consumer: 86.59 ms
Remap: 0.00 ms
Transform color: 2.33 ms
CAM#1 PART SEARCH time: 0.00 ms
Process time: 0.00 ms
Loop: count=36, trial=1, Duration=91316.42 us
Core number: 6
Execution time for the consumer: 157.37 ms
Remap: 0.00 ms
Transform color: 4.52 ms
CAM#1 PART SEARCH time: 0.00 ms
Process time: 0.00 ms
Loop: count=37, trial=1, Duration=165262.85 us
Core number: 6
Execution time for the consumer: 35.05 ms
Remap: 0.00 ms
Transform color: 4.70 ms
CAM#1 PART SEARCH time: 0.00 ms
Process time: 0.00 ms
Loop: count=38, trial=1, Duration=42067.73 us
Core number: 6
Execution time for the consumer: 35.70 ms
Remap: 0.00 ms
Transform color: 5.08 ms
CAM#1 PART SEARCH time: 0.00 ms
Process time: 0.00 ms
Loop: count=39, trial=1, Duration=42662.10 us
Core number: 6
Execution time for the consumer: 35.53 ms
Remap: 0.00 ms
Transform color: 3.94 ms
CAM#1 PART SEARCH time: 0.00 ms
Process time: 0.00 ms
Loop: count=40, trial=1, Duration=41395.59 us
Core number: 6
Execution time for the consumer: 40.50 ms
Remap: 0.00 ms
Transform color: 2.12 ms
CAM#1 PART SEARCH time: 0.00 ms
Process time: 0.00 ms
Loop: count=41, trial=1, Duration=45626.85 us
Core number: 6
Execution time for the consumer: 35.49 ms
Remap: 0.00 ms
Transform color: 5.77 ms
CAM#1 PART SEARCH time: 0.00 ms
Process time: 0.00 ms
Loop: count=42, trial=1, Duration=43375.59 us
Core number: 6
Execution time for the consumer: 35.04 ms
Remap: 0.00 ms
Transform color: 4.81 ms
CAM#1 PART SEARCH time: 0.00 ms
Process time: 0.00 ms
Loop: count=43, trial=1, Duration=41629.06 us
Core number: 6
Execution time for the consumer: 35.45 ms
Remap: 0.00 ms
Transform color: 1.81 ms
CAM#1 PART SEARCH time: 0.00 ms
Process time: 0.00 ms
Loop: count=44, trial=1, Duration=39024.36 us
Core number: 6
Execution time for the consumer: 40.05 ms
Remap: 0.00 ms
Transform color: 3.69 ms
CAM#1 PART SEARCH time: 0.00 ms
Process time: 0.00 ms
Loop: count=45, trial=1, Duration=45494.37 us
Core number: 6
Execution time for the consumer: 101.42 ms
Remap: 0.00 ms
Transform color: 1.55 ms
CAM#1 PART SEARCH time: 0.00 ms
Process time: 0.00 ms
Loop: count=46, trial=1, Duration=105028.47 us
Core number: 6
Execution time for the consumer: 127.25 ms
Remap: 0.00 ms
Transform color: 2.16 ms
CAM#1 PART SEARCH time: 0.00 ms
Process time: 0.00 ms
CAM#1 Using GLOBAL SEARCH ##############################################
CAM#1 GLOBAL SEARCH time: 0.00 ms
Loop: count=47, trial=1, Duration=131634.82 us
Core number: 6
Execution time for the consumer: 40.04 ms
Remap: 0.00 ms
Transform color: 109.61 ms
CAM#1 PART SEARCH time: 0.00 ms
Process time: 0.00 ms
Loop: count=48, trial=1, Duration=151893.38 us
Core number: 6
Execution time for the consumer: 0.00 ms
Remap: 0.00 ms
Transform color: 2.22 ms
CAM#1 PART SEARCH time: 0.00 ms
Process time: 0.00 ms
Loop: count=49, trial=1, Duration=3979.62 us
Core number: 6
Execution time for the consumer: 10.23 ms
Remap: 0.00 ms
Transform color: 1.98 ms
CAM#1 PART SEARCH time: 0.00 ms
Process time: 0.00 ms
Loop: count=50, trial=1, Duration=52983.15 us
Core number: 6
Execution time for the consumer: 0.00 ms
Remap: 0.00 ms
Transform color: 3.11 ms
CAM#1 PART SEARCH time: 0.00 ms
Process time: 0.00 ms
ialize time, Value: 149.70, Counter: 49, Timestamp: 1744368149
Reason: part search time, Value: 0.00, Counter: 49, Timestamp: 1744368149
Reason: process time, Value: 0.00, Counter: 49, Timestamp: 1744368149
Reason: loop time, Value: 151.89, Counter: 49, Timestamp: 1744368149
----------------------------------------
