Core number: 5
Execution time for the consumer: 136.32 ms
Remap: 0.00 ms
Transform color: 84.57 ms
CAM#2 PART SEARCH time: 0.00 ms
Process time: 0.00 ms
Loop: count=0, trial=1, Duration=291195.69 us
Core number: 5
Execution time for the consumer: 5.02 ms
Remap: 0.00 ms
Transform color: 2.27 ms
CAM#2 PART SEARCH time: 0.00 ms
Process time: 0.00 ms
Loop: count=1, trial=1, Duration=136086.56 us
Core number: 5
Execution time for the consumer: 0.00 ms
Remap: 0.00 ms
Transform color: 1.10 ms
CAM#2 PART SEARCH time: 0.00 ms
Process time: 0.00 ms
Loop: count=2, trial=1, Duration=31356.38 us
Core number: 5
Execution time for the consumer: 190.18 ms
Remap: 0.00 ms
Transform color: 5.20 ms
CAM#2 PART SEARCH time: 0.00 ms
Process time: 0.00 ms
Loop: count=3, trial=1, Duration=482294.55 us
Core number: 5
Execution time for the consumer: 0.00 ms
Remap: 0.00 ms
Transform color: 1.66 ms
CAM#2 PART SEARCH time: 0.00 ms
Process time: 0.00 ms
Loop: count=4, trial=1, Duration=10700.98 us
Core number: 5
Execution time for the consumer: 25.05 ms
Remap: 0.00 ms
Transform color: 1.60 ms
CAM#2 PART SEARCH time: 0.00 ms
Process time: 0.00 ms
Loop: count=5, trial=1, Duration=28186.62 us
Core number: 5
Execution time for the consumer: 40.06 ms
Remap: 0.00 ms
Transform color: 1.87 ms
CAM#2 PART SEARCH time: 0.00 ms
Process time: 0.00 ms
Loop: count=6, trial=1, Duration=43519.54 us
Core number: 5
Execution time for the consumer: 40.08 ms
Remap: 0.00 ms
Transform color: 1.74 ms
CAM#2 PART SEARCH time: 0.00 ms
Process time: 0.00 ms
Loop: count=7, trial=1, Duration=132980.47 us
Core number: 5
Execution time for the consumer: 35.03 ms
Remap: 0.00 ms
Transform color: 5.25 ms
CAM#2 PART SEARCH time: 0.00 ms
Process time: 0.00 ms
Loop: count=8, trial=1, Duration=42263.64 us
Core number: 5
Execution time for the consumer: 175.16 ms
Remap: 0.00 ms
Transform color: 1.63 ms
CAM#2 PART SEARCH time: 0.00 ms
Process time: 0.00 ms
Loop: count=9, trial=1, Duration=179331.10 us
Core number: 5
Execution time for the consumer: 35.41 ms
Remap: 0.00 ms
Transform color: 1.78 ms
CAM#2 PART SEARCH time: 0.00 ms
Process time: 0.00 ms
Loop: count=10, trial=1, Duration=39752.57 us
Core number: 5
Execution time for the consumer: 35.05 ms
Remap: 0.00 ms
Transform color: 1.68 ms
CAM#2 PART SEARCH time: 0.00 ms
Process time: 0.00 ms
Loop: count=11, trial=1, Duration=38915.09 us
Core number: 5
Execution time for the consumer: 35.72 ms
Remap: 0.00 ms
Transform color: 1.63 ms
CAM#2 PART SEARCH time: 0.00 ms
Process time: 0.00 ms
Loop: count=12, trial=1, Duration=39561.19 us
Core number: 5
Execution time for the consumer: 40.54 ms
Remap: 0.00 ms
Transform color: 2.25 ms
CAM#2 PART SEARCH time: 0.00 ms
Process time: 0.00 ms
Loop: count=13, trial=1, Duration=44804.57 us
Core number: 5
Execution time for the consumer: 40.57 ms
Remap: 0.00 ms
Transform color: 2.04 ms
CAM#2 PART SEARCH time: 0.00 ms
Process time: 0.00 ms
Loop: count=14, trial=1, Duration=45000.06 us
Core number: 5
Execution time for the consumer: 50.70 ms
Remap: 0.00 ms
Transform color: 1.37 ms
CAM#2 PART SEARCH time: 0.00 ms
Process time: 0.00 ms
CAM#2 Using GLOBAL SEARCH ##############################################
CAM#2 GLOBAL SEARCH time: 0.00 ms
Loop: count=15, trial=1, Duration=73054.74 us
Core number: 5
Execution time for the consumer: 76.20 ms
Remap: 0.00 ms
Transform color: 1.97 ms
CAM#2 PART SEARCH time: 0.00 ms
Process time: 0.00 ms
Loop: count=16, trial=1, Duration=80432.78 us
Core number: 5
Execution time for the consumer: 180.17 ms
Remap: 0.00 ms
Transform color: 1.50 ms
CAM#2 PART SEARCH time: 0.00 ms
Process time: 0.00 ms
Loop: count=17, trial=1, Duration=183649.13 us
Core number: 5
Execution time for the consumer: 40.37 ms
Remap: 0.00 ms
Transform color: 5.34 ms
CAM#2 PART SEARCH time: 0.00 ms
Process time: 0.00 ms
Loop: count=18, trial=1, Duration=47759.69 us
Core number: 5
Execution time for the consumer: 30.47 ms
Remap: 0.00 ms
Transform color: 1.47 ms
CAM#2 PART SEARCH time: 0.00 ms
Process time: 0.00 ms
Loop: count=19, trial=1, Duration=33442.07 us
Core number: 5
Execution time for the consumer: 35.06 ms
Remap: 0.00 ms
Transform color: 3.61 ms
CAM#2 PART SEARCH time: 0.00 ms
Process time: 0.00 ms
Loop: count=20, trial=1, Duration=40451.71 us
Core number: 5
Execution time for the consumer: 40.07 ms
Remap: 0.00 ms
Transform color: 1.96 ms
CAM#2 PART SEARCH time: 0.00 ms
Process time: 0.00 ms
Loop: count=21, trial=1, Duration=43591.31 us
Core number: 5
Execution time for the consumer: 40.08 ms
Remap: 0.00 ms
Transform color: 1.71 ms
CAM#2 PART SEARCH time: 0.00 ms
Process time: 0.00 ms
Loop: count=22, trial=1, Duration=43410.08 us
Core number: 5
Execution time for the consumer: 35.57 ms
Remap: 0.00 ms
Transform color: 4.29 ms
CAM#2 PART SEARCH time: 0.00 ms
Process time: 0.00 ms
Loop: count=23, trial=1, Duration=41523.04 us
Core number: 5
Execution time for the consumer: 95.11 ms
Remap: 0.00 ms
Transform color: 6.79 ms
CAM#2 PART SEARCH time: 0.00 ms
Process time: 0.00 ms
Loop: count=24, trial=1, Duration=105584.29 us
Core number: 5
Execution time for the consumer: 173.13 ms
Remap: 0.00 ms
Transform color: 3.92 ms
CAM#2 PART SEARCH time: 0.00 ms
Process time: 0.00 ms
Loop: count=25, trial=1, Duration=179823.24 us
Core number: 5
Execution time for the consumer: 35.30 ms
Remap: 0.00 ms
Transform color: 4.65 ms
CAM#2 PART SEARCH time: 0.00 ms
Process time: 0.00 ms
Loop: count=26, trial=1, Duration=43634.48 us
Core number: 5
Execution time for the consumer: 35.53 ms
Remap: 0.00 ms
Transform color: 1.41 ms
CAM#2 PART SEARCH time: 0.00 ms
Process time: 0.00 ms
Loop: count=27, trial=1, Duration=55604.39 us
Core number: 5
Execution time for the consumer: 20.03 ms
Remap: 0.00 ms
Transform color: 3.12 ms
CAM#2 PART SEARCH time: 0.00 ms
Process time: 0.00 ms
Loop: count=28, trial=1, Duration=24720.68 us
Core number: 5
Execution time for the consumer: 35.07 ms
Remap: 0.00 ms
Transform color: 4.87 ms
CAM#2 PART SEARCH time: 0.00 ms
Process time: 0.00 ms
Loop: count=29, trial=1, Duration=42290.01 us
Core number: 5
Execution time for the consumer: 40.07 ms
Remap: 0.00 ms
Transform color: 3.44 ms
CAM#2 PART SEARCH time: 0.00 ms
Process time: 0.00 ms
Loop: count=30, trial=1, Duration=45185.86 us
Core number: 5
Execution time for the consumer: 35.08 ms
Remap: 0.00 ms
Transform color: 3.93 ms
CAM#2 PART SEARCH time: 0.00 ms
Process time: 0.00 ms
CAM#2 Using GLOBAL SEARCH ##############################################
CAM#2 GLOBAL SEARCH time: 0.00 ms
Loop: count=31, trial=1, Duration=40960.64 us
Core number: 5
Execution time for the consumer: 35.08 ms
Remap: 0.00 ms
Transform color: 3.63 ms
CAM#2 PART SEARCH time: 0.00 ms
Process time: 0.00 ms
Loop: count=32, trial=1, Duration=40484.01 us
Core number: 5
Execution time for the consumer: 35.08 ms
Remap: 0.00 ms
Transform color: 4.34 ms
CAM#2 PART SEARCH time: 0.00 ms
Process time: 0.00 ms
Loop: count=33, trial=1, Duration=44363.50 us
Core number: 5
Execution time for the consumer: 81.42 ms
Remap: 0.00 ms
Transform color: 5.25 ms
CAM#2 PART SEARCH time: 0.00 ms
Process time: 0.00 ms
Loop: count=34, trial=1, Duration=89642.60 us
Core number: 5
Execution time for the consumer: 155.14 ms
Remap: 0.00 ms
Transform color: 2.46 ms
CAM#2 PART SEARCH time: 0.00 ms
Process time: 0.00 ms
Loop: count=35, trial=1, Duration=159555.23 us
Core number: 5
Execution time for the consumer: 40.71 ms
Remap: 0.00 ms
Transform color: 2.09 ms
CAM#2 PART SEARCH time: 0.00 ms
Process time: 0.00 ms
Loop: count=36, trial=1, Duration=45498.88 us
Core number: 5
Execution time for the consumer: 35.06 ms
Remap: 0.00 ms
Transform color: 2.83 ms
CAM#2 PART SEARCH time: 0.00 ms
Process time: 0.00 ms
Loop: count=37, trial=1, Duration=39933.52 us
Core number: 5
Execution time for the consumer: 40.06 ms
Remap: 0.00 ms
Transform color: 3.83 ms
CAM#2 PART SEARCH time: 0.00 ms
Process time: 0.00 ms
Loop: count=38, trial=1, Duration=46316.20 us
Core number: 5
Execution time for the consumer: 35.05 ms
Remap: 0.00 ms
Transform color: 2.01 ms
CAM#2 PART SEARCH time: 0.00 ms
Process time: 0.00 ms
Loop: count=39, trial=1, Duration=38850.27 us
Core number: 5
Execution time for the consumer: 40.05 ms
Remap: 0.00 ms
Transform color: 2.37 ms
CAM#2 PART SEARCH time: 0.00 ms
Process time: 0.00 ms
Loop: count=40, trial=1, Duration=44910.81 us
Core number: 5
Execution time for the consumer: 40.67 ms
Remap: 0.00 ms
Transform color: 2.03 ms
CAM#2 PART SEARCH time: 0.00 ms
Process time: 0.00 ms
Loop: count=41, trial=1, Duration=44482.52 us
Core number: 5
Execution time for the consumer: 40.13 ms
Remap: 0.00 ms
Transform color: 2.10 ms
CAM#2 PART SEARCH time: 0.00 ms
Process time: 0.00 ms
Loop: count=42, trial=1, Duration=45238.19 us
Core number: 5
Execution time for the consumer: 40.21 ms
Remap: 0.00 ms
Transform color: 1.70 ms
CAM#2 PART SEARCH time: 0.00 ms
Process time: 0.00 ms
Loop: count=43, trial=1, Duration=44139.99 us
Core number: 5
Execution time for the consumer: 100.19 ms
Remap: 0.00 ms
Transform color: 1.77 ms
CAM#2 PART SEARCH time: 0.00 ms
Process time: 0.00 ms
Loop: count=44, trial=1, Duration=103634.17 us
Core number: 5
Execution time for the consumer: 125.12 ms
Remap: 0.00 ms
Transform color: 4.72 ms
CAM#2 PART SEARCH time: 0.00 ms
Process time: 0.00 ms
Loop: count=45, trial=1, Duration=132149.15 us
Core number: 5
Execution time for the consumer: 35.22 ms
Remap: 0.00 ms
Transform color: 1.57 ms
CAM#2 PART SEARCH time: 0.00 ms
Process time: 0.00 ms
Loop: count=46, trial=1, Duration=43303.97 us
Core number: 5
Execution time for the consumer: 35.04 ms
Remap: 0.00 ms
Transform color: 4.10 ms
CAM#2 PART SEARCH time: 0.00 ms
Process time: 0.00 ms
CAM#2 Using GLOBAL SEARCH ##############################################
CAM#2 GLOBAL SEARCH time: 0.00 ms
Loop: count=47, trial=1, Duration=59500.14 us
Core number: 5
Execution time for the consumer: 20.03 ms
Remap: 0.00 ms
Transform color: 3.08 ms
CAM#2 PART SEARCH time: 0.00 ms
Process time: 0.00 ms
Loop: count=48, trial=1, Duration=24743.87 us
Core number: 5
Execution time for the consumer: 40.05 ms
Remap: 0.00 ms
Transform color: 2.09 ms
CAM#2 PART SEARCH time: 0.00 ms
Process time: 0.00 ms
