TIME: 2025-04-11 12:33:15
VERSION: VT25.33
COMMENT: More timer testing
PRINT_DEBUG_MSG: 1
FAST_SEARCH_ACC_TEST: 0
TIME_PROFILING: 0
USE_MEMORY_SHARING: 0
USE_EWMA: 1
BINDING_CPU_CORES: 1
PRODUCE_FRAME_MODE: 1
DEFAULT_TAG_FAMILY: tag36h11
DEFAULT_IP: 127.0.0.1
DEFAULT_PORT: 2121
MAX_TAG_ID: 10
FORCE_GLOBAL_SEARCH_LOOP_NUM: 10
ROOM_WIDTH_METER: 5.035
DEFAULT_VELOCITY_MAX: 0.3
DEFAULT_ACCELERATION_MAX: 8
DEFAULT_LIMIT_MAX: 17000
FPS: 60
BUFFER_SIZE: 128
GLOBAL_SEARCH_MIN: 16
ENABLE_LOGS: 1
LIVE_FEED: 0
RECORDING_FOLDER: recordings0.5
1000000 timer print penalty: 1226.25 ms
1 timer print penalty: 1226.25 ns
1000000 timer start penalty: 15.043 ms
1 timer start penalty: 15.0455 ns
1000000 timer total ns penalty: 30.873 ms
1 timer total ns penalty: 30.8754 ns
1000000 timer total ms penalty: 30.875 ms
1 timer total ms penalty: 30.8773 ns
